NAUTILUS=>2021-05-23 14:36:36.418118: Starting workload
NAUTILUS=>2021-05-23 14:36:36.418118: RANDOM_SEED: 2020
NAUTILUS=>2021-05-23 14:36:36.418118: VERY_LARGE_VALUE: 1000000000000000.0
NAUTILUS=>2021-05-23 14:36:36.418118: NO_MAT_OPT: False
NAUTILUS=>2021-05-23 14:36:36.418118: MODE: ftr3-3
NAUTILUS=>2021-05-23 14:36:36.418118: STORAGE_PATH: ./storage
NAUTILUS=>2021-05-23 14:36:36.418118: NO_FUSE_OPT: False
NAUTILUS=>2021-05-23 14:36:36.418118: NUM_EPOCHS: 5
NAUTILUS=>2021-05-23 14:36:36.418118: MAX_NUM_RECORDS: 5000
NAUTILUS=>2021-05-23 14:36:36.418118: ACTIVE_LEARNING_BATCH_SIZE: 500
NAUTILUS=>2021-05-23 14:36:36.418118: VALID_FRACTION: 0.2
NAUTILUS=>2021-05-23 14:36:36.418118: SAMPLING_STRATERGY: uncertainty
NAUTILUS=>2021-05-23 14:36:36.418118: NO_PRETRAINING: False
NAUTILUS=>2021-05-23 14:36:36.418118: STORAGE_BUDGET: 25
NAUTILUS=>2021-05-23 14:36:36.418118: MEMORY_BUDGET: 10
NAUTILUS=>2021-05-23 14:36:36.418118: WORKSPACE_MEMORY: 1
NAUTILUS=>2021-05-23 14:36:36.418118: COMPUTE_THROUGHPUT: 6
NAUTILUS=>2021-05-23 14:36:36.418118: DISK_THROUGHPUT: 500
NAUTILUS=>2021-05-23 14:36:36.418118: SHUFFLE_BUFFER_SIZE: 10000
NAUTILUS=>2021-05-23 14:36:36.418167: Starting system initialization
NAUTILUS=>2021-05-23 14:36:37.089241: Starting model profiling
NAUTILUS=>2021-05-23 14:37:07.087562: Completed model profiling. Elapsed time: 0:00:29.998319
NAUTILUS=>2021-05-23 14:37:07.087562: Model parameters
NAUTILUS=>2021-05-23 14:37:07.087629: Generating optimized model selection plan
NAUTILUS=>2021-05-23 14:37:07.139054: Materialized layers candidates: tf_op_layer_strided_slice,tf_op_layer_Cast,tf_op_layer_Sub,tf_op_layer_Mul,layer_9
NAUTILUS=>2021-05-23 14:37:07.180694: Used materialized layers: layer_9
NAUTILUS=>2021-05-23 14:37:07.180694: Model training plan: {"2_0_1": {"models": ["2", "0", "1"], "output_layers": ["2/classifier", "0/classifier", "1/classifier"], "flops_consumption": 809147946775000.0, "compute_flops": 696501462400000.0, "load_flops": 112646484375000.0, "memory_consumption": 2.7246057763695717, "used_materialized_layers": ["layer_9"], "batch_size": 16, "num_epochs": [5, 5, 5], "flops_reduction": 252692865175000.0, "merged_models": ["2", "0_1"]}}
NAUTILUS=>2021-05-23 14:37:07.180799: Completed generating optimized model selection plan. Elapsed time: 0:00:00.093169
NAUTILUS=>2021-05-23 14:37:07.180806: Generating fused models
NAUTILUS=>2021-05-23 14:37:17.817435: Completed generating fused models. Elapsed time: 0:00:10.636629
NAUTILUS=>2021-05-23 14:37:17.817435: Current Practice FLOPs: 447414119040.0
NAUTILUS=>2021-05-23 14:37:17.817435: Optimal FLOPs: 111291016320.0
NAUTILUS=>2021-05-23 14:37:17.817435: Theoretical Speedup: 4.020217748335861
NAUTILUS=>2021-05-23 14:37:17.877244: Completed system initialization. Elapsed time: 0:00:41.459077
NAUTILUS=>2021-05-23 14:37:17.877269: ========> Active learning cycle: 1
NAUTILUS=>2021-05-23 14:37:17.877273: Starting data loading
NAUTILUS=>2021-05-23 14:37:33.510341: Completed data loading. Elapsed time: 0:00:15.633068
NAUTILUS=>2021-05-23 14:37:33.510367: Starting model selection
NAUTILUS=>2021-05-23 14:37:33.510387: Materializing training data
NAUTILUS=>2021-05-23 14:37:33.836527: Completed materializing training data. Elapsed time: 0:00:00.326140
NAUTILUS=>2021-05-23 14:37:33.836543: Generating intermediate features
NAUTILUS=>2021-05-23 14:37:44.836434: Completed generating intermediate features. Elapsed time: 0:00:10.999891
NAUTILUS=>2021-05-23 14:37:44.836453: Starting model training
NAUTILUS=>2021-05-23 14:38:10.124568: Completed model training. Elapsed time: 0:00:25.288115
NAUTILUS=>2021-05-23 14:38:10.124568: Cycle: 1, Model: 2, loss: [1.10059654712677, 0.4744577705860138, 0.3396696448326111, 0.2579960823059082, 0.2015160620212555]
NAUTILUS=>2021-05-23 14:38:10.124568: Cycle: 1, Model: 2, accuracy: [0.6883387565612793, 0.8442584276199341, 0.8858430981636047, 0.9036238193511963, 0.9335419535636902]
NAUTILUS=>2021-05-23 14:38:10.124568: Cycle: 1, Model: 2, val_loss: [0.6876410841941833, 0.472998708486557, 0.41176077723503113, 0.39722809195518494, 0.3804224133491516]
NAUTILUS=>2021-05-23 14:38:10.124568: Cycle: 1, Model: 2, val_accuracy: [0.7769367694854736, 0.828457236289978, 0.848990797996521, 0.8405357599258423, 0.8534486889839172]
NAUTILUS=>2021-05-23 14:38:10.124568: Cycle: 1, Model: 0, loss: [0.828880786895752, 0.2970869541168213, 0.19052249193191528, 0.12513619661331177, 0.08048418164253235]
NAUTILUS=>2021-05-23 14:38:10.124568: Cycle: 1, Model: 0, accuracy: [0.7468414902687073, 0.8900124430656433, 0.9346765279769897, 0.9563759565353394, 0.9700300097465515]
NAUTILUS=>2021-05-23 14:38:10.124568: Cycle: 1, Model: 0, val_loss: [0.4639214277267456, 0.41468513011932373, 0.3532772362232208, 0.39335745573043823, 0.37415382266044617]
NAUTILUS=>2021-05-23 14:38:10.124568: Cycle: 1, Model: 0, val_accuracy: [0.8359349966049194, 0.8561877608299255, 0.8714163899421692, 0.8704221248626709, 0.8852939605712891]
NAUTILUS=>2021-05-23 14:38:10.124568: Cycle: 1, Model: 1, loss: [1.004594087600708, 0.4065803289413452, 0.28088250756263733, 0.1944686770439148, 0.1432686597108841]
NAUTILUS=>2021-05-23 14:38:10.124568: Cycle: 1, Model: 1, accuracy: [0.7063083052635193, 0.8641493320465088, 0.9058865904808044, 0.9262921214103699, 0.9485536217689514]
NAUTILUS=>2021-05-23 14:38:10.124568: Cycle: 1, Model: 1, val_loss: [0.5762648582458496, 0.4119472801685333, 0.3756779432296753, 0.36078959703445435, 0.3656114339828491]
NAUTILUS=>2021-05-23 14:38:10.124568: Cycle: 1, Model: 1, val_accuracy: [0.8098840117454529, 0.8507524728775024, 0.8563680052757263, 0.869193971157074, 0.8720411062240601]
NAUTILUS=>2021-05-23 14:38:10.124647: Starting to generating the best model
NAUTILUS=>2021-05-23 14:38:16.269118: Completed generating the best model. Elapsed time: 0:00:06.144471
NAUTILUS=>2021-05-23 14:38:16.269118: Cycle: 1, Best Model: 0
NAUTILUS=>2021-05-23 14:38:16.269118: Cycle: 1, Best model loss: [0.828880786895752, 0.2970869541168213, 0.19052249193191528, 0.12513619661331177, 0.08048418164253235]
NAUTILUS=>2021-05-23 14:38:16.269118: Cycle: 1, Best model accuracy: [0.7468414902687073, 0.8900124430656433, 0.9346765279769897, 0.9563759565353394, 0.9700300097465515]
NAUTILUS=>2021-05-23 14:38:16.269118: Cycle: 1, Best model val_loss: [0.4639214277267456, 0.41468513011932373, 0.3532772362232208, 0.39335745573043823, 0.37415382266044617]
NAUTILUS=>2021-05-23 14:38:16.269118: Cycle: 1, Best model val_accuracy: [0.8359349966049194, 0.8561877608299255, 0.8714163899421692, 0.8704221248626709, 0.8852939605712891]
NAUTILUS=>2021-05-23 14:38:16.568276: Completed active learning cycle. Elapsed time: 0:00:43.057909
NAUTILUS=>2021-05-23 14:38:16.568294: ========> Active learning cycle: 2
NAUTILUS=>2021-05-23 14:38:16.568298: Starting data loading
NAUTILUS=>2021-05-23 14:39:05.699742: Completed data loading. Elapsed time: 0:00:49.131444
NAUTILUS=>2021-05-23 14:39:05.699759: Starting model selection
NAUTILUS=>2021-05-23 14:39:05.699775: Materializing training data
NAUTILUS=>2021-05-23 14:39:05.928279: Completed materializing training data. Elapsed time: 0:00:00.228504
NAUTILUS=>2021-05-23 14:39:05.928289: Generating intermediate features
NAUTILUS=>2021-05-23 14:39:14.547799: Completed generating intermediate features. Elapsed time: 0:00:08.619510
NAUTILUS=>2021-05-23 14:39:14.547818: Starting model training
NAUTILUS=>2021-05-23 14:39:52.986932: Completed model training. Elapsed time: 0:00:38.439114
NAUTILUS=>2021-05-23 14:39:52.986932: Cycle: 2, Model: 2, loss: [1.1710573434829712, 0.5940358638763428, 0.4166698455810547, 0.326930969953537, 0.24684353172779083]
NAUTILUS=>2021-05-23 14:39:52.986932: Cycle: 2, Model: 2, accuracy: [0.5746650695800781, 0.7590763568878174, 0.8437793850898743, 0.8772196769714355, 0.906093418598175]
NAUTILUS=>2021-05-23 14:39:52.986932: Cycle: 2, Model: 2, val_loss: [0.5098971128463745, 0.3841044306755066, 0.3192782700061798, 0.3005669116973877, 0.2799473702907562]
NAUTILUS=>2021-05-23 14:39:52.986932: Cycle: 2, Model: 2, val_accuracy: [0.8162043690681458, 0.8690874576568604, 0.8832870721817017, 0.9080027937889099, 0.9080075621604919]
NAUTILUS=>2021-05-23 14:39:52.986932: Cycle: 2, Model: 0, loss: [0.9820089936256409, 0.42822322249412537, 0.274488627910614, 0.19114267826080322, 0.12522202730178833]
NAUTILUS=>2021-05-23 14:39:52.986932: Cycle: 2, Model: 0, accuracy: [0.6411345601081848, 0.8296785950660706, 0.8881787657737732, 0.9303540587425232, 0.9543465375900269]
NAUTILUS=>2021-05-23 14:39:52.986932: Cycle: 2, Model: 0, val_loss: [0.3782179355621338, 0.34705260396003723, 0.2961651086807251, 0.28355541825294495, 0.305136114358902]
NAUTILUS=>2021-05-23 14:39:52.986932: Cycle: 2, Model: 0, val_accuracy: [0.8639460802078247, 0.8841715455055237, 0.9048786163330078, 0.9142364263534546, 0.9139883518218994]
NAUTILUS=>2021-05-23 14:39:52.986932: Cycle: 2, Model: 1, loss: [1.031630516052246, 0.49598363041877747, 0.33836865425109863, 0.2519090175628662, 0.17347869277000427]
NAUTILUS=>2021-05-23 14:39:52.986932: Cycle: 2, Model: 1, accuracy: [0.6214208006858826, 0.8046935200691223, 0.8720493316650391, 0.9077181816101074, 0.9331250190734863]
NAUTILUS=>2021-05-23 14:39:52.986932: Cycle: 2, Model: 1, val_loss: [0.4488493800163269, 0.3552568852901459, 0.2943028211593628, 0.2883754372596741, 0.27607962489128113]
NAUTILUS=>2021-05-23 14:39:52.986932: Cycle: 2, Model: 1, val_accuracy: [0.8425663709640503, 0.8833434581756592, 0.8984968066215515, 0.9134674668312073, 0.9148668646812439]
NAUTILUS=>2021-05-23 14:39:52.987010: Starting to generating the best model
NAUTILUS=>2021-05-23 14:39:59.120466: Completed generating the best model. Elapsed time: 0:00:06.133456
NAUTILUS=>2021-05-23 14:39:59.120466: Cycle: 2, Best Model: 1
NAUTILUS=>2021-05-23 14:39:59.120466: Cycle: 2, Best model loss: [1.031630516052246, 0.49598363041877747, 0.33836865425109863, 0.2519090175628662, 0.17347869277000427]
NAUTILUS=>2021-05-23 14:39:59.120466: Cycle: 2, Best model accuracy: [0.6214208006858826, 0.8046935200691223, 0.8720493316650391, 0.9077181816101074, 0.9331250190734863]
NAUTILUS=>2021-05-23 14:39:59.120466: Cycle: 2, Best model val_loss: [0.4488493800163269, 0.3552568852901459, 0.2943028211593628, 0.2883754372596741, 0.27607962489128113]
NAUTILUS=>2021-05-23 14:39:59.120466: Cycle: 2, Best model val_accuracy: [0.8425663709640503, 0.8833434581756592, 0.8984968066215515, 0.9134674668312073, 0.9148668646812439]
NAUTILUS=>2021-05-23 14:39:59.419581: Completed active learning cycle. Elapsed time: 0:00:53.719822
NAUTILUS=>2021-05-23 14:39:59.419598: ========> Active learning cycle: 3
NAUTILUS=>2021-05-23 14:39:59.419602: Starting data loading
NAUTILUS=>2021-05-23 14:40:39.066441: Completed data loading. Elapsed time: 0:00:39.646839
NAUTILUS=>2021-05-23 14:40:39.066458: Starting model selection
NAUTILUS=>2021-05-23 14:40:39.066474: Materializing training data
NAUTILUS=>2021-05-23 14:40:39.302771: Completed materializing training data. Elapsed time: 0:00:00.236297
NAUTILUS=>2021-05-23 14:40:39.302785: Generating intermediate features
NAUTILUS=>2021-05-23 14:40:47.914371: Completed generating intermediate features. Elapsed time: 0:00:08.611586
NAUTILUS=>2021-05-23 14:40:47.914390: Starting model training
NAUTILUS=>2021-05-23 14:41:39.386513: Completed model training. Elapsed time: 0:00:51.472123
NAUTILUS=>2021-05-23 14:41:39.386513: Cycle: 3, Model: 2, loss: [1.173411250114441, 0.6405544877052307, 0.4942150413990021, 0.40278422832489014, 0.3289356827735901]
NAUTILUS=>2021-05-23 14:41:39.386513: Cycle: 3, Model: 2, accuracy: [0.580635666847229, 0.7494320273399353, 0.8104904890060425, 0.8541501760482788, 0.8839531540870667]
NAUTILUS=>2021-05-23 14:41:39.386513: Cycle: 3, Model: 2, val_loss: [0.47131678462028503, 0.35854095220565796, 0.3004438579082489, 0.27271783351898193, 0.26489606499671936]
NAUTILUS=>2021-05-23 14:41:39.386513: Cycle: 3, Model: 2, val_accuracy: [0.8249059915542603, 0.8742010593414307, 0.8958098292350769, 0.9077868461608887, 0.9134292602539062]
NAUTILUS=>2021-05-23 14:41:39.386513: Cycle: 3, Model: 0, loss: [1.0503240823745728, 0.5038192272186279, 0.34329548478126526, 0.27409422397613525, 0.18432031571865082]
NAUTILUS=>2021-05-23 14:41:39.386513: Cycle: 3, Model: 0, accuracy: [0.6394216418266296, 0.8110025525093079, 0.8757426142692566, 0.9025945067405701, 0.9401528835296631]
NAUTILUS=>2021-05-23 14:41:39.386513: Cycle: 3, Model: 0, val_loss: [0.36566832661628723, 0.2560340464115143, 0.27582308650016785, 0.31012752652168274, 0.2955993413925171]
NAUTILUS=>2021-05-23 14:41:39.386513: Cycle: 3, Model: 0, val_accuracy: [0.8686020970344543, 0.9100136160850525, 0.9169734716415405, 0.9171760082244873, 0.9122934937477112]
NAUTILUS=>2021-05-23 14:41:39.386513: Cycle: 3, Model: 1, loss: [1.0786219835281372, 0.5533127784729004, 0.4114153981208801, 0.3229483664035797, 0.24406537413597107]
NAUTILUS=>2021-05-23 14:41:39.386513: Cycle: 3, Model: 1, accuracy: [0.6122634410858154, 0.7813418507575989, 0.846768319606781, 0.8865628838539124, 0.9208267331123352]
NAUTILUS=>2021-05-23 14:41:39.386513: Cycle: 3, Model: 1, val_loss: [0.38938483595848083, 0.3041932284832001, 0.2628311812877655, 0.2745210826396942, 0.25541332364082336]
NAUTILUS=>2021-05-23 14:41:39.386513: Cycle: 3, Model: 1, val_accuracy: [0.8718843460083008, 0.8965688347816467, 0.9098889231681824, 0.9124472141265869, 0.9129377007484436]
NAUTILUS=>2021-05-23 14:41:39.386591: Starting to generating the best model
NAUTILUS=>2021-05-23 14:41:45.488915: Completed generating the best model. Elapsed time: 0:00:06.102324
NAUTILUS=>2021-05-23 14:41:45.488915: Cycle: 3, Best Model: 2
NAUTILUS=>2021-05-23 14:41:45.488915: Cycle: 3, Best model loss: [1.173411250114441, 0.6405544877052307, 0.4942150413990021, 0.40278422832489014, 0.3289356827735901]
NAUTILUS=>2021-05-23 14:41:45.488915: Cycle: 3, Best model accuracy: [0.580635666847229, 0.7494320273399353, 0.8104904890060425, 0.8541501760482788, 0.8839531540870667]
NAUTILUS=>2021-05-23 14:41:45.488915: Cycle: 3, Best model val_loss: [0.47131678462028503, 0.35854095220565796, 0.3004438579082489, 0.27271783351898193, 0.26489606499671936]
NAUTILUS=>2021-05-23 14:41:45.488915: Cycle: 3, Best model val_accuracy: [0.8249059915542603, 0.8742010593414307, 0.8958098292350769, 0.9077868461608887, 0.9134292602539062]
NAUTILUS=>2021-05-23 14:41:45.790410: Completed active learning cycle. Elapsed time: 0:01:06.723952
NAUTILUS=>2021-05-23 14:41:45.790428: ========> Active learning cycle: 4
NAUTILUS=>2021-05-23 14:41:45.790431: Starting data loading
NAUTILUS=>2021-05-23 14:42:30.930505: Completed data loading. Elapsed time: 0:00:45.140074
NAUTILUS=>2021-05-23 14:42:30.930522: Starting model selection
NAUTILUS=>2021-05-23 14:42:30.930538: Materializing training data
NAUTILUS=>2021-05-23 14:42:31.160065: Completed materializing training data. Elapsed time: 0:00:00.229527
NAUTILUS=>2021-05-23 14:42:31.160076: Generating intermediate features
NAUTILUS=>2021-05-23 14:42:39.792697: Completed generating intermediate features. Elapsed time: 0:00:08.632621
NAUTILUS=>2021-05-23 14:42:39.792716: Starting model training
NAUTILUS=>2021-05-23 14:43:44.036330: Completed model training. Elapsed time: 0:01:04.243614
NAUTILUS=>2021-05-23 14:43:44.036330: Cycle: 4, Model: 2, loss: [1.088930368423462, 0.6305785179138184, 0.495967835187912, 0.4107176959514618, 0.34650394320487976]
NAUTILUS=>2021-05-23 14:43:44.036330: Cycle: 4, Model: 2, accuracy: [0.6281378269195557, 0.7715151309967041, 0.8276664614677429, 0.8608231544494629, 0.8871836066246033]
NAUTILUS=>2021-05-23 14:43:44.036330: Cycle: 4, Model: 2, val_loss: [0.4040851593017578, 0.29758158326148987, 0.2775493860244751, 0.24165937304496765, 0.24623627960681915]
NAUTILUS=>2021-05-23 14:43:44.036330: Cycle: 4, Model: 2, val_accuracy: [0.8620694875717163, 0.8995107412338257, 0.9048641324043274, 0.917738676071167, 0.9149627685546875]
NAUTILUS=>2021-05-23 14:43:44.036330: Cycle: 4, Model: 0, loss: [1.0007450580596924, 0.5386736392974854, 0.38935211300849915, 0.28623175621032715, 0.19687123596668243]
NAUTILUS=>2021-05-23 14:43:44.036330: Cycle: 4, Model: 0, accuracy: [0.6615559458732605, 0.813633143901825, 0.8663817048072815, 0.9032334089279175, 0.9374695420265198]
NAUTILUS=>2021-05-23 14:43:44.036330: Cycle: 4, Model: 0, val_loss: [0.35358813405036926, 0.2887240946292877, 0.26977843046188354, 0.24321216344833374, 0.2455395758152008]
NAUTILUS=>2021-05-23 14:43:44.036330: Cycle: 4, Model: 0, val_accuracy: [0.8783340454101562, 0.8984920382499695, 0.906108021736145, 0.9223610758781433, 0.9265408515930176]
NAUTILUS=>2021-05-23 14:43:44.036330: Cycle: 4, Model: 1, loss: [1.0142467021942139, 0.5698196291923523, 0.43418461084365845, 0.3525908291339874, 0.2743302285671234]
NAUTILUS=>2021-05-23 14:43:44.036330: Cycle: 4, Model: 1, accuracy: [0.6520774960517883, 0.7998597025871277, 0.8527160882949829, 0.8819565773010254, 0.9148235321044922]
NAUTILUS=>2021-05-23 14:43:44.036330: Cycle: 4, Model: 1, val_loss: [0.357993483543396, 0.2813897430896759, 0.24565917253494263, 0.23920086026191711, 0.23523733019828796]
NAUTILUS=>2021-05-23 14:43:44.036330: Cycle: 4, Model: 1, val_accuracy: [0.883351743221283, 0.8983660340309143, 0.9147924184799194, 0.9203234314918518, 0.9223295450210571]
NAUTILUS=>2021-05-23 14:43:44.036408: Starting to generating the best model
NAUTILUS=>2021-05-23 14:43:50.140221: Completed generating the best model. Elapsed time: 0:00:06.103813
NAUTILUS=>2021-05-23 14:43:50.140221: Cycle: 4, Best Model: 0
NAUTILUS=>2021-05-23 14:43:50.140221: Cycle: 4, Best model loss: [1.0007450580596924, 0.5386736392974854, 0.38935211300849915, 0.28623175621032715, 0.19687123596668243]
NAUTILUS=>2021-05-23 14:43:50.140221: Cycle: 4, Best model accuracy: [0.6615559458732605, 0.813633143901825, 0.8663817048072815, 0.9032334089279175, 0.9374695420265198]
NAUTILUS=>2021-05-23 14:43:50.140221: Cycle: 4, Best model val_loss: [0.35358813405036926, 0.2887240946292877, 0.26977843046188354, 0.24321216344833374, 0.2455395758152008]
NAUTILUS=>2021-05-23 14:43:50.140221: Cycle: 4, Best model val_accuracy: [0.8783340454101562, 0.8984920382499695, 0.906108021736145, 0.9223610758781433, 0.9265408515930176]
NAUTILUS=>2021-05-23 14:43:50.445901: Completed active learning cycle. Elapsed time: 0:01:19.515379
NAUTILUS=>2021-05-23 14:43:50.445917: ========> Active learning cycle: 5
NAUTILUS=>2021-05-23 14:43:50.445921: Starting data loading
NAUTILUS=>2021-05-23 14:44:26.629819: Completed data loading. Elapsed time: 0:00:36.183898
NAUTILUS=>2021-05-23 14:44:26.629836: Starting model selection
NAUTILUS=>2021-05-23 14:44:26.629852: Materializing training data
NAUTILUS=>2021-05-23 14:44:26.858468: Completed materializing training data. Elapsed time: 0:00:00.228616
NAUTILUS=>2021-05-23 14:44:26.858479: Generating intermediate features
NAUTILUS=>2021-05-23 14:44:35.459230: Completed generating intermediate features. Elapsed time: 0:00:08.600751
NAUTILUS=>2021-05-23 14:44:35.459250: Starting model training
NAUTILUS=>2021-05-23 14:45:53.409393: Completed model training. Elapsed time: 0:01:17.950143
NAUTILUS=>2021-05-23 14:45:53.409393: Cycle: 5, Model: 2, loss: [0.9871426224708557, 0.5766896605491638, 0.45632660388946533, 0.37810710072517395, 0.3249005079269409]
NAUTILUS=>2021-05-23 14:45:53.409393: Cycle: 5, Model: 2, accuracy: [0.6508467197418213, 0.7911696434020996, 0.8388306498527527, 0.8714576959609985, 0.893989622592926]
NAUTILUS=>2021-05-23 14:45:53.409393: Cycle: 5, Model: 2, val_loss: [0.36145880818367004, 0.28238633275032043, 0.248015895485878, 0.22655875980854034, 0.21870160102844238]
NAUTILUS=>2021-05-23 14:45:53.409393: Cycle: 5, Model: 2, val_accuracy: [0.8718570470809937, 0.9073320031166077, 0.9183659553527832, 0.9207580089569092, 0.9231885671615601]
NAUTILUS=>2021-05-23 14:45:53.409393: Cycle: 5, Model: 0, loss: [0.8848878145217896, 0.48879092931747437, 0.36277180910110474, 0.2721859812736511, 0.2061728686094284]
NAUTILUS=>2021-05-23 14:45:53.409393: Cycle: 5, Model: 0, accuracy: [0.697338879108429, 0.8288840651512146, 0.8729316592216492, 0.9055098295211792, 0.9343339800834656]
NAUTILUS=>2021-05-23 14:45:53.409393: Cycle: 5, Model: 0, val_loss: [0.31290188431739807, 0.25376373529434204, 0.23948748409748077, 0.22341026365756989, 0.2342166155576706]
NAUTILUS=>2021-05-23 14:45:53.409393: Cycle: 5, Model: 0, val_accuracy: [0.8828927874565125, 0.9140087366104126, 0.920835554599762, 0.9284613132476807, 0.9284204244613647]
NAUTILUS=>2021-05-23 14:45:53.409393: Cycle: 5, Model: 1, loss: [0.931462824344635, 0.5267236828804016, 0.405816912651062, 0.32352131605148315, 0.26926353573799133]
NAUTILUS=>2021-05-23 14:45:53.409393: Cycle: 5, Model: 1, accuracy: [0.6760247945785522, 0.812559962272644, 0.8585521578788757, 0.890867292881012, 0.913202166557312]
NAUTILUS=>2021-05-23 14:45:53.409393: Cycle: 5, Model: 1, val_loss: [0.3221791386604309, 0.256032258272171, 0.23639312386512756, 0.21526899933815002, 0.21449017524719238]
NAUTILUS=>2021-05-23 14:45:53.409393: Cycle: 5, Model: 1, val_accuracy: [0.8834271430969238, 0.9131736159324646, 0.9191558361053467, 0.9234687685966492, 0.927733838558197]
NAUTILUS=>2021-05-23 14:45:53.409480: Starting to generating the best model
NAUTILUS=>2021-05-23 14:45:59.516900: Completed generating the best model. Elapsed time: 0:00:06.107420
NAUTILUS=>2021-05-23 14:45:59.516900: Cycle: 5, Best Model: 0
NAUTILUS=>2021-05-23 14:45:59.516900: Cycle: 5, Best model loss: [0.8848878145217896, 0.48879092931747437, 0.36277180910110474, 0.2721859812736511, 0.2061728686094284]
NAUTILUS=>2021-05-23 14:45:59.516900: Cycle: 5, Best model accuracy: [0.697338879108429, 0.8288840651512146, 0.8729316592216492, 0.9055098295211792, 0.9343339800834656]
NAUTILUS=>2021-05-23 14:45:59.516900: Cycle: 5, Best model val_loss: [0.31290188431739807, 0.25376373529434204, 0.23948748409748077, 0.22341026365756989, 0.2342166155576706]
NAUTILUS=>2021-05-23 14:45:59.516900: Cycle: 5, Best model val_accuracy: [0.8828927874565125, 0.9140087366104126, 0.920835554599762, 0.9284613132476807, 0.9284204244613647]
NAUTILUS=>2021-05-23 14:45:59.814550: Completed active learning cycle. Elapsed time: 0:01:33.184714
NAUTILUS=>2021-05-23 14:45:59.814568: ========> Active learning cycle: 6
NAUTILUS=>2021-05-23 14:45:59.814571: Starting data loading
NAUTILUS=>2021-05-23 14:46:40.650513: Completed data loading. Elapsed time: 0:00:40.835942
NAUTILUS=>2021-05-23 14:46:40.650529: Starting model selection
NAUTILUS=>2021-05-23 14:46:40.650544: Materializing training data
NAUTILUS=>2021-05-23 14:46:40.879201: Completed materializing training data. Elapsed time: 0:00:00.228657
NAUTILUS=>2021-05-23 14:46:40.879213: Generating intermediate features
NAUTILUS=>2021-05-23 14:46:49.457867: Completed generating intermediate features. Elapsed time: 0:00:08.578654
NAUTILUS=>2021-05-23 14:46:49.457887: Starting model training
NAUTILUS=>2021-05-23 14:48:19.981311: Completed model training. Elapsed time: 0:01:30.523424
NAUTILUS=>2021-05-23 14:48:19.981311: Cycle: 6, Model: 2, loss: [0.9080008864402771, 0.5181938409805298, 0.416238009929657, 0.3497507870197296, 0.29401424527168274]
NAUTILUS=>2021-05-23 14:48:19.981311: Cycle: 6, Model: 2, accuracy: [0.68609219789505, 0.812924325466156, 0.8533921241760254, 0.8781057596206665, 0.9023430347442627]
NAUTILUS=>2021-05-23 14:48:19.981311: Cycle: 6, Model: 2, val_loss: [0.3255128860473633, 0.24867965281009674, 0.2447500079870224, 0.21283544600009918, 0.2095867544412613]
NAUTILUS=>2021-05-23 14:48:19.981311: Cycle: 6, Model: 2, val_accuracy: [0.8861247897148132, 0.9106525778770447, 0.9180237054824829, 0.9212964773178101, 0.9266910552978516]
NAUTILUS=>2021-05-23 14:48:19.981311: Cycle: 6, Model: 0, loss: [0.7799059748649597, 0.4475197494029999, 0.3352033495903015, 0.2527945339679718, 0.17626158893108368]
NAUTILUS=>2021-05-23 14:48:19.981311: Cycle: 6, Model: 0, accuracy: [0.732487142086029, 0.8406215310096741, 0.8847308158874512, 0.9127742648124695, 0.9426755905151367]
NAUTILUS=>2021-05-23 14:48:19.981311: Cycle: 6, Model: 0, val_loss: [0.2617006003856659, 0.2251167595386505, 0.22748515009880066, 0.21376164257526398, 0.20616896450519562]
NAUTILUS=>2021-05-23 14:48:19.981311: Cycle: 6, Model: 0, val_accuracy: [0.9085649847984314, 0.9225978851318359, 0.9225368499755859, 0.9260216355323792, 0.9396024346351624]
NAUTILUS=>2021-05-23 14:48:19.981311: Cycle: 6, Model: 1, loss: [0.8577334880828857, 0.4769701659679413, 0.36819326877593994, 0.29865533113479614, 0.2383086383342743]
NAUTILUS=>2021-05-23 14:48:19.981311: Cycle: 6, Model: 1, accuracy: [0.7027397155761719, 0.8298553824424744, 0.8731132745742798, 0.8976854681968689, 0.9217761158943176]
NAUTILUS=>2021-05-23 14:48:19.981311: Cycle: 6, Model: 1, val_loss: [0.2994542121887207, 0.23533648252487183, 0.23076215386390686, 0.2149992436170578, 0.19967922568321228]
NAUTILUS=>2021-05-23 14:48:19.981311: Cycle: 6, Model: 1, val_accuracy: [0.8887873291969299, 0.9165675044059753, 0.9221133589744568, 0.9264320135116577, 0.932578444480896]
NAUTILUS=>2021-05-23 14:48:19.981391: Starting to generating the best model
NAUTILUS=>2021-05-23 14:48:26.096600: Completed generating the best model. Elapsed time: 0:00:06.115209
NAUTILUS=>2021-05-23 14:48:26.096600: Cycle: 6, Best Model: 0
NAUTILUS=>2021-05-23 14:48:26.096600: Cycle: 6, Best model loss: [0.7799059748649597, 0.4475197494029999, 0.3352033495903015, 0.2527945339679718, 0.17626158893108368]
NAUTILUS=>2021-05-23 14:48:26.096600: Cycle: 6, Best model accuracy: [0.732487142086029, 0.8406215310096741, 0.8847308158874512, 0.9127742648124695, 0.9426755905151367]
NAUTILUS=>2021-05-23 14:48:26.096600: Cycle: 6, Best model val_loss: [0.2617006003856659, 0.2251167595386505, 0.22748515009880066, 0.21376164257526398, 0.20616896450519562]
NAUTILUS=>2021-05-23 14:48:26.096600: Cycle: 6, Best model val_accuracy: [0.9085649847984314, 0.9225978851318359, 0.9225368499755859, 0.9260216355323792, 0.9396024346351624]
NAUTILUS=>2021-05-23 14:48:26.395678: Completed active learning cycle. Elapsed time: 0:01:45.745149
NAUTILUS=>2021-05-23 14:48:26.395695: ========> Active learning cycle: 7
NAUTILUS=>2021-05-23 14:48:26.395699: Starting data loading
NAUTILUS=>2021-05-23 14:48:59.123343: Completed data loading. Elapsed time: 0:00:32.727644
NAUTILUS=>2021-05-23 14:48:59.123359: Starting model selection
NAUTILUS=>2021-05-23 14:48:59.123375: Materializing training data
NAUTILUS=>2021-05-23 14:48:59.352790: Completed materializing training data. Elapsed time: 0:00:00.229415
NAUTILUS=>2021-05-23 14:48:59.352802: Generating intermediate features
NAUTILUS=>2021-05-23 14:49:07.936198: Completed generating intermediate features. Elapsed time: 0:00:08.583396
NAUTILUS=>2021-05-23 14:49:07.936217: Starting model training
NAUTILUS=>2021-05-23 14:50:51.727745: Completed model training. Elapsed time: 0:01:43.791528
NAUTILUS=>2021-05-23 14:50:51.727745: Cycle: 7, Model: 2, loss: [0.8064925074577332, 0.46961572766304016, 0.3784085214138031, 0.31999391317367554, 0.2689339220523834]
NAUTILUS=>2021-05-23 14:50:51.727745: Cycle: 7, Model: 2, accuracy: [0.7110469937324524, 0.825434684753418, 0.8634249567985535, 0.8862703442573547, 0.9094283580780029]
NAUTILUS=>2021-05-23 14:50:51.727745: Cycle: 7, Model: 2, val_loss: [0.2872576117515564, 0.25581058859825134, 0.21671973168849945, 0.19970205426216125, 0.19689825177192688]
NAUTILUS=>2021-05-23 14:50:51.727745: Cycle: 7, Model: 2, val_accuracy: [0.8976507782936096, 0.9059022665023804, 0.9251323342323303, 0.9306334853172302, 0.9324584007263184]
NAUTILUS=>2021-05-23 14:50:51.727745: Cycle: 7, Model: 0, loss: [0.7210490107536316, 0.4092576503753662, 0.30445167422294617, 0.2211378663778305, 0.15454116463661194]
NAUTILUS=>2021-05-23 14:50:51.727745: Cycle: 7, Model: 0, accuracy: [0.7428813576698303, 0.8553975224494934, 0.8921898603439331, 0.9242388010025024, 0.9469484090805054]
NAUTILUS=>2021-05-23 14:50:51.727745: Cycle: 7, Model: 0, val_loss: [0.270775705575943, 0.2402600795030594, 0.21184054017066956, 0.19838587939739227, 0.2035641074180603]
NAUTILUS=>2021-05-23 14:50:51.727745: Cycle: 7, Model: 0, val_accuracy: [0.9040488004684448, 0.9125903248786926, 0.9240053296089172, 0.9326165914535522, 0.938501238822937]
NAUTILUS=>2021-05-23 14:50:51.727745: Cycle: 7, Model: 1, loss: [0.7434539198875427, 0.43372946977615356, 0.3424170911312103, 0.2751854658126831, 0.21608339250087738]
NAUTILUS=>2021-05-23 14:50:51.727745: Cycle: 7, Model: 1, accuracy: [0.7365965247154236, 0.8461467027664185, 0.8774643540382385, 0.9037654399871826, 0.9280001521110535]
NAUTILUS=>2021-05-23 14:50:51.727745: Cycle: 7, Model: 1, val_loss: [0.27121761441230774, 0.23520317673683167, 0.20953543484210968, 0.19085301458835602, 0.20605693757534027]
NAUTILUS=>2021-05-23 14:50:51.727745: Cycle: 7, Model: 1, val_accuracy: [0.8990492224693298, 0.911944568157196, 0.9277746677398682, 0.934415876865387, 0.9318259954452515]
NAUTILUS=>2021-05-23 14:50:51.727824: Starting to generating the best model
NAUTILUS=>2021-05-23 14:50:57.866986: Completed generating the best model. Elapsed time: 0:00:06.139162
NAUTILUS=>2021-05-23 14:50:57.866986: Cycle: 7, Best Model: 0
NAUTILUS=>2021-05-23 14:50:57.866986: Cycle: 7, Best model loss: [0.7210490107536316, 0.4092576503753662, 0.30445167422294617, 0.2211378663778305, 0.15454116463661194]
NAUTILUS=>2021-05-23 14:50:57.866986: Cycle: 7, Best model accuracy: [0.7428813576698303, 0.8553975224494934, 0.8921898603439331, 0.9242388010025024, 0.9469484090805054]
NAUTILUS=>2021-05-23 14:50:57.866986: Cycle: 7, Best model val_loss: [0.270775705575943, 0.2402600795030594, 0.21184054017066956, 0.19838587939739227, 0.2035641074180603]
NAUTILUS=>2021-05-23 14:50:57.866986: Cycle: 7, Best model val_accuracy: [0.9040488004684448, 0.9125903248786926, 0.9240053296089172, 0.9326165914535522, 0.938501238822937]
NAUTILUS=>2021-05-23 14:50:58.165110: Completed active learning cycle. Elapsed time: 0:01:59.041751
NAUTILUS=>2021-05-23 14:50:58.165128: ========> Active learning cycle: 8
NAUTILUS=>2021-05-23 14:50:58.165131: Starting data loading
NAUTILUS=>2021-05-23 14:51:34.873268: Completed data loading. Elapsed time: 0:00:36.708137
NAUTILUS=>2021-05-23 14:51:34.873285: Starting model selection
NAUTILUS=>2021-05-23 14:51:34.873300: Materializing training data
NAUTILUS=>2021-05-23 14:51:35.110554: Completed materializing training data. Elapsed time: 0:00:00.237254
NAUTILUS=>2021-05-23 14:51:35.110565: Generating intermediate features
NAUTILUS=>2021-05-23 14:51:43.705447: Completed generating intermediate features. Elapsed time: 0:00:08.594882
NAUTILUS=>2021-05-23 14:51:43.705466: Starting model training
NAUTILUS=>2021-05-23 14:53:40.187635: Completed model training. Elapsed time: 0:01:56.482169
NAUTILUS=>2021-05-23 14:53:40.187635: Cycle: 8, Model: 2, loss: [0.7524764537811279, 0.4288865923881531, 0.348734974861145, 0.2905641496181488, 0.24767270684242249]
NAUTILUS=>2021-05-23 14:53:40.187635: Cycle: 8, Model: 2, accuracy: [0.7313785552978516, 0.8412048816680908, 0.8743583559989929, 0.8988536596298218, 0.9137240648269653]
NAUTILUS=>2021-05-23 14:53:40.187635: Cycle: 8, Model: 2, val_loss: [0.28271210193634033, 0.23825082182884216, 0.20550088584423065, 0.22930751740932465, 0.18564721941947937]
NAUTILUS=>2021-05-23 14:53:40.187635: Cycle: 8, Model: 2, val_accuracy: [0.8967980146408081, 0.9163406491279602, 0.9278138875961304, 0.9193829894065857, 0.9301071763038635]
NAUTILUS=>2021-05-23 14:53:40.187635: Cycle: 8, Model: 0, loss: [0.6718448400497437, 0.3807009160518646, 0.2823652923107147, 0.20761127769947052, 0.14397747814655304]
NAUTILUS=>2021-05-23 14:53:40.187635: Cycle: 8, Model: 0, accuracy: [0.7587196826934814, 0.8660128712654114, 0.8980731964111328, 0.9282039403915405, 0.9491518139839172]
NAUTILUS=>2021-05-23 14:53:40.187635: Cycle: 8, Model: 0, val_loss: [0.22863587737083435, 0.20301547646522522, 0.18493080139160156, 0.1817631870508194, 0.17416450381278992]
NAUTILUS=>2021-05-23 14:53:40.187635: Cycle: 8, Model: 0, val_accuracy: [0.915519118309021, 0.9282082915306091, 0.9356071352958679, 0.9361710548400879, 0.9417523145675659]
NAUTILUS=>2021-05-23 14:53:40.187635: Cycle: 8, Model: 1, loss: [0.6902696490287781, 0.39783990383148193, 0.315409779548645, 0.2507399618625641, 0.20231473445892334]
NAUTILUS=>2021-05-23 14:53:40.187635: Cycle: 8, Model: 1, accuracy: [0.753304660320282, 0.8575289845466614, 0.8884945511817932, 0.9145820736885071, 0.9287827014923096]
NAUTILUS=>2021-05-23 14:53:40.187635: Cycle: 8, Model: 1, val_loss: [0.2558402419090271, 0.21755363047122955, 0.19007211923599243, 0.20724822580814362, 0.1817731112241745]
NAUTILUS=>2021-05-23 14:53:40.187635: Cycle: 8, Model: 1, val_accuracy: [0.9043871164321899, 0.9253643751144409, 0.9292773604393005, 0.9284062385559082, 0.9338024854660034]
NAUTILUS=>2021-05-23 14:53:40.187714: Starting to generating the best model
NAUTILUS=>2021-05-23 14:53:46.283174: Completed generating the best model. Elapsed time: 0:00:06.095460
NAUTILUS=>2021-05-23 14:53:46.283174: Cycle: 8, Best Model: 0
NAUTILUS=>2021-05-23 14:53:46.283174: Cycle: 8, Best model loss: [0.6718448400497437, 0.3807009160518646, 0.2823652923107147, 0.20761127769947052, 0.14397747814655304]
NAUTILUS=>2021-05-23 14:53:46.283174: Cycle: 8, Best model accuracy: [0.7587196826934814, 0.8660128712654114, 0.8980731964111328, 0.9282039403915405, 0.9491518139839172]
NAUTILUS=>2021-05-23 14:53:46.283174: Cycle: 8, Best model val_loss: [0.22863587737083435, 0.20301547646522522, 0.18493080139160156, 0.1817631870508194, 0.17416450381278992]
NAUTILUS=>2021-05-23 14:53:46.283174: Cycle: 8, Best model val_accuracy: [0.915519118309021, 0.9282082915306091, 0.9356071352958679, 0.9361710548400879, 0.9417523145675659]
NAUTILUS=>2021-05-23 14:53:46.582239: Completed active learning cycle. Elapsed time: 0:02:11.708954
NAUTILUS=>2021-05-23 14:53:46.582256: ========> Active learning cycle: 9
NAUTILUS=>2021-05-23 14:53:46.582259: Starting data loading
NAUTILUS=>2021-05-23 14:54:15.837702: Completed data loading. Elapsed time: 0:00:29.255443
NAUTILUS=>2021-05-23 14:54:15.837719: Starting model selection
NAUTILUS=>2021-05-23 14:54:15.837735: Materializing training data
NAUTILUS=>2021-05-23 14:54:16.076397: Completed materializing training data. Elapsed time: 0:00:00.238662
NAUTILUS=>2021-05-23 14:54:16.076412: Generating intermediate features
NAUTILUS=>2021-05-23 14:54:24.664166: Completed generating intermediate features. Elapsed time: 0:00:08.587754
NAUTILUS=>2021-05-23 14:54:24.664184: Starting model training
NAUTILUS=>2021-05-23 14:56:34.129275: Completed model training. Elapsed time: 0:02:09.465091
NAUTILUS=>2021-05-23 14:56:34.129275: Cycle: 9, Model: 2, loss: [0.678204357624054, 0.39580824971199036, 0.3182631731033325, 0.2711067795753479, 0.2346578985452652]
NAUTILUS=>2021-05-23 14:56:34.129275: Cycle: 9, Model: 2, accuracy: [0.7603383660316467, 0.8549362421035767, 0.8845474720001221, 0.9051306247711182, 0.9221205115318298]
NAUTILUS=>2021-05-23 14:56:34.129275: Cycle: 9, Model: 2, val_loss: [0.2657715380191803, 0.21907731890678406, 0.20843039453029633, 0.18419991433620453, 0.16948215663433075]
NAUTILUS=>2021-05-23 14:56:34.129275: Cycle: 9, Model: 2, val_accuracy: [0.9059364795684814, 0.9250432848930359, 0.9280872941017151, 0.9385952353477478, 0.9416543841362]
NAUTILUS=>2021-05-23 14:56:34.129275: Cycle: 9, Model: 0, loss: [0.5994001030921936, 0.34691840410232544, 0.25637686252593994, 0.1871970295906067, 0.12991678714752197]
NAUTILUS=>2021-05-23 14:56:34.129275: Cycle: 9, Model: 0, accuracy: [0.7850269675254822, 0.8763583898544312, 0.9091951251029968, 0.9382106065750122, 0.9586482644081116]
NAUTILUS=>2021-05-23 14:56:34.129275: Cycle: 9, Model: 0, val_loss: [0.2532639801502228, 0.20106619596481323, 0.21742025017738342, 0.2034749686717987, 0.15851855278015137]
NAUTILUS=>2021-05-23 14:56:34.129275: Cycle: 9, Model: 0, val_accuracy: [0.9074808359146118, 0.9269320964813232, 0.9227011203765869, 0.9341027140617371, 0.9529892802238464]
NAUTILUS=>2021-05-23 14:56:34.129275: Cycle: 9, Model: 1, loss: [0.633196234703064, 0.36707428097724915, 0.28609606623649597, 0.2328377068042755, 0.18655724823474884]
NAUTILUS=>2021-05-23 14:56:34.129275: Cycle: 9, Model: 1, accuracy: [0.7736384868621826, 0.8667924404144287, 0.8987037539482117, 0.922006368637085, 0.9387070536613464]
NAUTILUS=>2021-05-23 14:56:34.129275: Cycle: 9, Model: 1, val_loss: [0.2631303369998932, 0.2094380408525467, 0.2199176549911499, 0.18535758554935455, 0.16279326379299164]
NAUTILUS=>2021-05-23 14:56:34.129275: Cycle: 9, Model: 1, val_accuracy: [0.9046743512153625, 0.9249738454818726, 0.9212781190872192, 0.9381538033485413, 0.9470577239990234]
NAUTILUS=>2021-05-23 14:56:34.129353: Starting to generating the best model
NAUTILUS=>2021-05-23 14:56:40.241867: Completed generating the best model. Elapsed time: 0:00:06.112514
NAUTILUS=>2021-05-23 14:56:40.241867: Cycle: 9, Best Model: 0
NAUTILUS=>2021-05-23 14:56:40.241867: Cycle: 9, Best model loss: [0.5994001030921936, 0.34691840410232544, 0.25637686252593994, 0.1871970295906067, 0.12991678714752197]
NAUTILUS=>2021-05-23 14:56:40.241867: Cycle: 9, Best model accuracy: [0.7850269675254822, 0.8763583898544312, 0.9091951251029968, 0.9382106065750122, 0.9586482644081116]
NAUTILUS=>2021-05-23 14:56:40.241867: Cycle: 9, Best model val_loss: [0.2532639801502228, 0.20106619596481323, 0.21742025017738342, 0.2034749686717987, 0.15851855278015137]
NAUTILUS=>2021-05-23 14:56:40.241867: Cycle: 9, Best model val_accuracy: [0.9074808359146118, 0.9269320964813232, 0.9227011203765869, 0.9341027140617371, 0.9529892802238464]
NAUTILUS=>2021-05-23 14:56:40.540539: Completed active learning cycle. Elapsed time: 0:02:24.702820
NAUTILUS=>2021-05-23 14:56:40.540556: ========> Active learning cycle: 10
NAUTILUS=>2021-05-23 14:56:40.540560: Starting data loading
NAUTILUS=>2021-05-23 14:57:12.846486: Completed data loading. Elapsed time: 0:00:32.305926
NAUTILUS=>2021-05-23 14:57:12.846502: Starting model selection
NAUTILUS=>2021-05-23 14:57:12.846519: Materializing training data
NAUTILUS=>2021-05-23 14:57:13.075844: Completed materializing training data. Elapsed time: 0:00:00.229325
NAUTILUS=>2021-05-23 14:57:13.075857: Generating intermediate features
NAUTILUS=>2021-05-23 14:57:21.712342: Completed generating intermediate features. Elapsed time: 0:00:08.636485
NAUTILUS=>2021-05-23 14:57:21.712360: Starting model training
NAUTILUS=>2021-05-23 14:59:44.553788: Completed model training. Elapsed time: 0:02:22.841428
NAUTILUS=>2021-05-23 14:59:44.553788: Cycle: 10, Model: 2, loss: [0.6288970708847046, 0.3620333671569824, 0.2933414876461029, 0.25143420696258545, 0.21222616732120514]
NAUTILUS=>2021-05-23 14:59:44.553788: Cycle: 10, Model: 2, accuracy: [0.7747762203216553, 0.8652350306510925, 0.8958092927932739, 0.9108414053916931, 0.9258469939231873]
NAUTILUS=>2021-05-23 14:59:44.553788: Cycle: 10, Model: 2, val_loss: [0.2623277008533478, 0.2132718563079834, 0.18863065540790558, 0.1856834441423416, 0.1788203865289688]
NAUTILUS=>2021-05-23 14:59:44.553788: Cycle: 10, Model: 2, val_accuracy: [0.9048997759819031, 0.9260978102684021, 0.9366419315338135, 0.9397688508033752, 0.9402225017547607]
NAUTILUS=>2021-05-23 14:59:44.553788: Cycle: 10, Model: 0, loss: [0.542404055595398, 0.31795376539230347, 0.23686347901821136, 0.17325758934020996, 0.11653107404708862]
NAUTILUS=>2021-05-23 14:59:44.553788: Cycle: 10, Model: 0, accuracy: [0.8078020215034485, 0.8830544352531433, 0.9165287613868713, 0.940236508846283, 0.959884524345398]
NAUTILUS=>2021-05-23 14:59:44.553788: Cycle: 10, Model: 0, val_loss: [0.22863294184207916, 0.20842614769935608, 0.18285055458545685, 0.19213123619556427, 0.17745237052440643]
NAUTILUS=>2021-05-23 14:59:44.553788: Cycle: 10, Model: 0, val_accuracy: [0.9162759780883789, 0.9302547574043274, 0.941116452217102, 0.9473493099212646, 0.9478427767753601]
NAUTILUS=>2021-05-23 14:59:44.553788: Cycle: 10, Model: 1, loss: [0.5823196768760681, 0.3342656195163727, 0.26608580350875854, 0.21616216003894806, 0.168461412191391]
NAUTILUS=>2021-05-23 14:59:44.553788: Cycle: 10, Model: 1, accuracy: [0.7911154627799988, 0.8763619065284729, 0.9056137800216675, 0.9244393110275269, 0.9427660703659058]
NAUTILUS=>2021-05-23 14:59:44.553788: Cycle: 10, Model: 1, val_loss: [0.24104608595371246, 0.2072170376777649, 0.18436476588249207, 0.18791772425174713, 0.17437055706977844]
NAUTILUS=>2021-05-23 14:59:44.553788: Cycle: 10, Model: 1, val_accuracy: [0.9085873961448669, 0.9282183051109314, 0.9380381107330322, 0.9416784644126892, 0.944671630859375]
NAUTILUS=>2021-05-23 14:59:44.553867: Starting to generating the best model
NAUTILUS=>2021-05-23 14:59:50.653331: Completed generating the best model. Elapsed time: 0:00:06.099464
NAUTILUS=>2021-05-23 14:59:50.653331: Cycle: 10, Best Model: 0
NAUTILUS=>2021-05-23 14:59:50.653331: Cycle: 10, Best model loss: [0.542404055595398, 0.31795376539230347, 0.23686347901821136, 0.17325758934020996, 0.11653107404708862]
NAUTILUS=>2021-05-23 14:59:50.653331: Cycle: 10, Best model accuracy: [0.8078020215034485, 0.8830544352531433, 0.9165287613868713, 0.940236508846283, 0.959884524345398]
NAUTILUS=>2021-05-23 14:59:50.653331: Cycle: 10, Best model val_loss: [0.22863294184207916, 0.20842614769935608, 0.18285055458545685, 0.19213123619556427, 0.17745237052440643]
NAUTILUS=>2021-05-23 14:59:50.653331: Cycle: 10, Best model val_accuracy: [0.9162759780883789, 0.9302547574043274, 0.941116452217102, 0.9473493099212646, 0.9478427767753601]
NAUTILUS=>2021-05-23 14:59:50.954082: Completed active learning cycle. Elapsed time: 0:02:38.107580
NAUTILUS=>2021-05-23 14:59:50.954100: Workload completed. Elapsed time: 0:23:14.535982
