NAUTILUS=>2021-05-23 14:59:53.745836: Starting workload
NAUTILUS=>2021-05-23 14:59:53.745836: RANDOM_SEED: 2020
NAUTILUS=>2021-05-23 14:59:53.745836: VERY_LARGE_VALUE: 1000000000000000.0
NAUTILUS=>2021-05-23 14:59:53.745836: NO_MAT_OPT: True
NAUTILUS=>2021-05-23 14:59:53.745836: MODE: ftr3-3
NAUTILUS=>2021-05-23 14:59:53.745836: STORAGE_PATH: ./storage
NAUTILUS=>2021-05-23 14:59:53.745836: NO_FUSE_OPT: False
NAUTILUS=>2021-05-23 14:59:53.745836: NUM_EPOCHS: 5
NAUTILUS=>2021-05-23 14:59:53.745836: MAX_NUM_RECORDS: 5000
NAUTILUS=>2021-05-23 14:59:53.745836: ACTIVE_LEARNING_BATCH_SIZE: 500
NAUTILUS=>2021-05-23 14:59:53.745836: VALID_FRACTION: 0.2
NAUTILUS=>2021-05-23 14:59:53.745836: SAMPLING_STRATERGY: uncertainty
NAUTILUS=>2021-05-23 14:59:53.745836: NO_PRETRAINING: False
NAUTILUS=>2021-05-23 14:59:53.745836: STORAGE_BUDGET: 25
NAUTILUS=>2021-05-23 14:59:53.745836: MEMORY_BUDGET: 10
NAUTILUS=>2021-05-23 14:59:53.745836: WORKSPACE_MEMORY: 1
NAUTILUS=>2021-05-23 14:59:53.745836: COMPUTE_THROUGHPUT: 6
NAUTILUS=>2021-05-23 14:59:53.745836: DISK_THROUGHPUT: 500
NAUTILUS=>2021-05-23 14:59:53.745836: SHUFFLE_BUFFER_SIZE: 10000
NAUTILUS=>2021-05-23 14:59:53.745884: Starting system initialization
NAUTILUS=>2021-05-23 14:59:54.437715: Starting model profiling
NAUTILUS=>2021-05-23 15:00:23.898967: Completed model profiling. Elapsed time: 0:00:29.461250
NAUTILUS=>2021-05-23 15:00:23.898967: Model parameters
NAUTILUS=>2021-05-23 15:00:23.899034: Generating optimized model selection plan
NAUTILUS=>2021-05-23 15:00:23.989743: Used materialized layers: 
NAUTILUS=>2021-05-23 15:00:23.989743: Model training plan: {"2_0_1": {"models": ["2", "0", "1"], "output_layers": ["2/classifier", "0/classifier", "1/classifier"], "flops_consumption": 1117099705925000.0, "compute_flops": 1116660252800000.0, "load_flops": 439453125000.0, "memory_consumption": 2.9365869238972664, "used_materialized_layers": [], "batch_size": 16, "num_epochs": [5, 5, 5], "flops_reduction": 560644624325000.0, "merged_models": ["2", "0_1"]}}
NAUTILUS=>2021-05-23 15:00:23.989853: Completed generating optimized model selection plan. Elapsed time: 0:00:00.090818
NAUTILUS=>2021-05-23 15:00:23.989860: Generating fused models
NAUTILUS=>2021-05-23 15:00:34.587590: Completed generating fused models. Elapsed time: 0:00:10.597729
NAUTILUS=>2021-05-23 15:00:34.587590: Current Practice FLOPs: 447414119040.0
NAUTILUS=>2021-05-23 15:00:34.587590: Optimal FLOPs: 111291016320.0
NAUTILUS=>2021-05-23 15:00:34.587590: Theoretical Speedup: 4.020217748335861
NAUTILUS=>2021-05-23 15:00:34.648779: Completed system initialization. Elapsed time: 0:00:40.902895
NAUTILUS=>2021-05-23 15:00:34.648804: ========> Active learning cycle: 1
NAUTILUS=>2021-05-23 15:00:34.648807: Starting data loading
NAUTILUS=>2021-05-23 15:00:50.385234: Completed data loading. Elapsed time: 0:00:15.736427
NAUTILUS=>2021-05-23 15:00:50.385259: Starting model selection
NAUTILUS=>2021-05-23 15:00:50.385278: Materializing training data
NAUTILUS=>2021-05-23 15:00:50.623737: Completed materializing training data. Elapsed time: 0:00:00.238459
NAUTILUS=>2021-05-23 15:00:50.623750: Starting model training
NAUTILUS=>2021-05-23 15:01:31.761317: Completed model training. Elapsed time: 0:00:41.137567
NAUTILUS=>2021-05-23 15:01:31.761317: Cycle: 1, Model: 2, loss: [1.10059654712677, 0.47445783019065857, 0.3396696448326111, 0.2579960823059082, 0.2015160620212555]
NAUTILUS=>2021-05-23 15:01:31.761317: Cycle: 1, Model: 2, accuracy: [0.6883387565612793, 0.8442584276199341, 0.8858430981636047, 0.9036238193511963, 0.9335419535636902]
NAUTILUS=>2021-05-23 15:01:31.761317: Cycle: 1, Model: 2, val_loss: [0.6876410841941833, 0.47299858927726746, 0.41176074743270874, 0.39722806215286255, 0.38042232394218445]
NAUTILUS=>2021-05-23 15:01:31.761317: Cycle: 1, Model: 2, val_accuracy: [0.7769367694854736, 0.828457236289978, 0.848990797996521, 0.8405357599258423, 0.8534486889839172]
NAUTILUS=>2021-05-23 15:01:31.761317: Cycle: 1, Model: 0, loss: [0.828880786895752, 0.2970868945121765, 0.1905224621295929, 0.12513619661331177, 0.08048417419195175]
NAUTILUS=>2021-05-23 15:01:31.761317: Cycle: 1, Model: 0, accuracy: [0.7468414902687073, 0.8900124430656433, 0.9346765279769897, 0.9563759565353394, 0.9700300097465515]
NAUTILUS=>2021-05-23 15:01:31.761317: Cycle: 1, Model: 0, val_loss: [0.46392127871513367, 0.41468507051467896, 0.35327720642089844, 0.3933575451374054, 0.37415364384651184]
NAUTILUS=>2021-05-23 15:01:31.761317: Cycle: 1, Model: 0, val_accuracy: [0.8359349966049194, 0.8561877608299255, 0.8714163899421692, 0.8704221248626709, 0.8852939605712891]
NAUTILUS=>2021-05-23 15:01:31.761317: Cycle: 1, Model: 1, loss: [1.004594087600708, 0.4065803587436676, 0.28088250756263733, 0.1944686472415924, 0.1432686597108841]
NAUTILUS=>2021-05-23 15:01:31.761317: Cycle: 1, Model: 1, accuracy: [0.7063083052635193, 0.8641493320465088, 0.9058865904808044, 0.9262921214103699, 0.9485536217689514]
NAUTILUS=>2021-05-23 15:01:31.761317: Cycle: 1, Model: 1, val_loss: [0.5762648582458496, 0.4119471609592438, 0.3756779134273529, 0.36078953742980957, 0.36561131477355957]
NAUTILUS=>2021-05-23 15:01:31.761317: Cycle: 1, Model: 1, val_accuracy: [0.8098840117454529, 0.8507524728775024, 0.8563680052757263, 0.869193971157074, 0.8720411062240601]
NAUTILUS=>2021-05-23 15:01:31.761399: Starting to generating the best model
NAUTILUS=>2021-05-23 15:01:39.128939: Completed generating the best model. Elapsed time: 0:00:07.367540
NAUTILUS=>2021-05-23 15:01:39.128939: Cycle: 1, Best Model: 0
NAUTILUS=>2021-05-23 15:01:39.128939: Cycle: 1, Best model loss: [0.828880786895752, 0.2970868945121765, 0.1905224621295929, 0.12513619661331177, 0.08048417419195175]
NAUTILUS=>2021-05-23 15:01:39.128939: Cycle: 1, Best model accuracy: [0.7468414902687073, 0.8900124430656433, 0.9346765279769897, 0.9563759565353394, 0.9700300097465515]
NAUTILUS=>2021-05-23 15:01:39.128939: Cycle: 1, Best model val_loss: [0.46392127871513367, 0.41468507051467896, 0.35327720642089844, 0.3933575451374054, 0.37415364384651184]
NAUTILUS=>2021-05-23 15:01:39.128939: Cycle: 1, Best model val_accuracy: [0.8359349966049194, 0.8561877608299255, 0.8714163899421692, 0.8704221248626709, 0.8852939605712891]
NAUTILUS=>2021-05-23 15:01:39.428585: Completed active learning cycle. Elapsed time: 0:00:49.043326
NAUTILUS=>2021-05-23 15:01:39.428603: ========> Active learning cycle: 2
NAUTILUS=>2021-05-23 15:01:39.428606: Starting data loading
NAUTILUS=>2021-05-23 15:02:28.702368: Completed data loading. Elapsed time: 0:00:49.273762
NAUTILUS=>2021-05-23 15:02:28.702386: Starting model selection
NAUTILUS=>2021-05-23 15:02:28.702401: Materializing training data
NAUTILUS=>2021-05-23 15:02:28.931900: Completed materializing training data. Elapsed time: 0:00:00.229499
NAUTILUS=>2021-05-23 15:02:28.931910: Starting model training
NAUTILUS=>2021-05-23 15:03:34.324908: Completed model training. Elapsed time: 0:01:05.392998
NAUTILUS=>2021-05-23 15:03:34.324908: Cycle: 2, Model: 2, loss: [1.1710573434829712, 0.594035804271698, 0.4166698455810547, 0.3269309103488922, 0.24684348702430725]
NAUTILUS=>2021-05-23 15:03:34.324908: Cycle: 2, Model: 2, accuracy: [0.5746650695800781, 0.7590763568878174, 0.8437793850898743, 0.8772196769714355, 0.906093418598175]
NAUTILUS=>2021-05-23 15:03:34.324908: Cycle: 2, Model: 2, val_loss: [0.5098970532417297, 0.384104460477829, 0.3192782700061798, 0.3005669414997101, 0.27994731068611145]
NAUTILUS=>2021-05-23 15:03:34.324908: Cycle: 2, Model: 2, val_accuracy: [0.8162043690681458, 0.8690874576568604, 0.8832870721817017, 0.9080027937889099, 0.9080075621604919]
NAUTILUS=>2021-05-23 15:03:34.324908: Cycle: 2, Model: 0, loss: [0.9820088744163513, 0.42822325229644775, 0.27448874711990356, 0.19114281237125397, 0.12522214651107788]
NAUTILUS=>2021-05-23 15:03:34.324908: Cycle: 2, Model: 0, accuracy: [0.6411345601081848, 0.8296785950660706, 0.8881787657737732, 0.9303540587425232, 0.9543465375900269]
NAUTILUS=>2021-05-23 15:03:34.324908: Cycle: 2, Model: 0, val_loss: [0.3782178461551666, 0.3470527231693268, 0.29616519808769226, 0.28355538845062256, 0.30513596534729004]
NAUTILUS=>2021-05-23 15:03:34.324908: Cycle: 2, Model: 0, val_accuracy: [0.8639460802078247, 0.8841715455055237, 0.9048786163330078, 0.9142364263534546, 0.9139883518218994]
NAUTILUS=>2021-05-23 15:03:34.324908: Cycle: 2, Model: 1, loss: [1.0316306352615356, 0.49598366022109985, 0.33836865425109863, 0.2519089877605438, 0.17347855865955353]
NAUTILUS=>2021-05-23 15:03:34.324908: Cycle: 2, Model: 1, accuracy: [0.6214208006858826, 0.8046935200691223, 0.8720493316650391, 0.9077181816101074, 0.9331250190734863]
NAUTILUS=>2021-05-23 15:03:34.324908: Cycle: 2, Model: 1, val_loss: [0.4488494396209717, 0.3552570044994354, 0.2943028509616852, 0.2883753776550293, 0.2760796844959259]
NAUTILUS=>2021-05-23 15:03:34.324908: Cycle: 2, Model: 1, val_accuracy: [0.8425663709640503, 0.8833434581756592, 0.8984968066215515, 0.9134674668312073, 0.9148668646812439]
NAUTILUS=>2021-05-23 15:03:34.324991: Starting to generating the best model
NAUTILUS=>2021-05-23 15:03:41.705968: Completed generating the best model. Elapsed time: 0:00:07.380977
NAUTILUS=>2021-05-23 15:03:41.705968: Cycle: 2, Best Model: 1
NAUTILUS=>2021-05-23 15:03:41.705968: Cycle: 2, Best model loss: [1.0316306352615356, 0.49598366022109985, 0.33836865425109863, 0.2519089877605438, 0.17347855865955353]
NAUTILUS=>2021-05-23 15:03:41.705968: Cycle: 2, Best model accuracy: [0.6214208006858826, 0.8046935200691223, 0.8720493316650391, 0.9077181816101074, 0.9331250190734863]
NAUTILUS=>2021-05-23 15:03:41.705968: Cycle: 2, Best model val_loss: [0.4488494396209717, 0.3552570044994354, 0.2943028509616852, 0.2883753776550293, 0.2760796844959259]
NAUTILUS=>2021-05-23 15:03:41.705968: Cycle: 2, Best model val_accuracy: [0.8425663709640503, 0.8833434581756592, 0.8984968066215515, 0.9134674668312073, 0.9148668646812439]
NAUTILUS=>2021-05-23 15:03:42.006310: Completed active learning cycle. Elapsed time: 0:01:13.303924
NAUTILUS=>2021-05-23 15:03:42.006328: ========> Active learning cycle: 3
NAUTILUS=>2021-05-23 15:03:42.006331: Starting data loading
NAUTILUS=>2021-05-23 15:04:21.650467: Completed data loading. Elapsed time: 0:00:39.644136
NAUTILUS=>2021-05-23 15:04:21.650484: Starting model selection
NAUTILUS=>2021-05-23 15:04:21.650500: Materializing training data
NAUTILUS=>2021-05-23 15:04:21.884492: Completed materializing training data. Elapsed time: 0:00:00.233992
NAUTILUS=>2021-05-23 15:04:21.884503: Starting model training
NAUTILUS=>2021-05-23 15:05:51.180390: Completed model training. Elapsed time: 0:01:29.295887
NAUTILUS=>2021-05-23 15:05:51.180390: Cycle: 3, Model: 2, loss: [1.1735774278640747, 0.6413192749023438, 0.4948524534702301, 0.40294119715690613, 0.32845833897590637]
NAUTILUS=>2021-05-23 15:05:51.180390: Cycle: 3, Model: 2, accuracy: [0.5799587965011597, 0.7489868998527527, 0.8102654814720154, 0.8545003533363342, 0.8838516473770142]
NAUTILUS=>2021-05-23 15:05:51.180390: Cycle: 3, Model: 2, val_loss: [0.4711654782295227, 0.3578032851219177, 0.30111512541770935, 0.27222421765327454, 0.2651253640651703]
NAUTILUS=>2021-05-23 15:05:51.180390: Cycle: 3, Model: 2, val_accuracy: [0.8245394229888916, 0.8735413551330566, 0.8958663940429688, 0.908065915107727, 0.9127779006958008]
NAUTILUS=>2021-05-23 15:05:51.180390: Cycle: 3, Model: 0, loss: [1.050710916519165, 0.5033090114593506, 0.3407381474971771, 0.2735864222049713, 0.1836094856262207]
NAUTILUS=>2021-05-23 15:05:51.180390: Cycle: 3, Model: 0, accuracy: [0.6389156579971313, 0.8102914094924927, 0.8764285445213318, 0.9025121331214905, 0.9408676028251648]
NAUTILUS=>2021-05-23 15:05:51.180390: Cycle: 3, Model: 0, val_loss: [0.36430713534355164, 0.25770995020866394, 0.2808487117290497, 0.3071657717227936, 0.29371631145477295]
NAUTILUS=>2021-05-23 15:05:51.180390: Cycle: 3, Model: 0, val_accuracy: [0.866638720035553, 0.9088951349258423, 0.9155575633049011, 0.9189569354057312, 0.9139968752861023]
NAUTILUS=>2021-05-23 15:05:51.180390: Cycle: 3, Model: 1, loss: [1.0783882141113281, 0.5539801120758057, 0.41034072637557983, 0.3224407732486725, 0.24361225962638855]
NAUTILUS=>2021-05-23 15:05:51.180390: Cycle: 3, Model: 1, accuracy: [0.6114398241043091, 0.7815563082695007, 0.8466833233833313, 0.8862652778625488, 0.9209495186805725]
NAUTILUS=>2021-05-23 15:05:51.180390: Cycle: 3, Model: 1, val_loss: [0.3908446729183197, 0.3065914809703827, 0.26249486207962036, 0.2744654715061188, 0.25558269023895264]
NAUTILUS=>2021-05-23 15:05:51.180390: Cycle: 3, Model: 1, val_accuracy: [0.8673787713050842, 0.8960530757904053, 0.910903811454773, 0.9131661057472229, 0.9138773679733276]
NAUTILUS=>2021-05-23 15:05:51.180470: Starting to generating the best model
NAUTILUS=>2021-05-23 15:05:58.479402: Completed generating the best model. Elapsed time: 0:00:07.298932
NAUTILUS=>2021-05-23 15:05:58.479402: Cycle: 3, Best Model: 0
NAUTILUS=>2021-05-23 15:05:58.479402: Cycle: 3, Best model loss: [1.050710916519165, 0.5033090114593506, 0.3407381474971771, 0.2735864222049713, 0.1836094856262207]
NAUTILUS=>2021-05-23 15:05:58.479402: Cycle: 3, Best model accuracy: [0.6389156579971313, 0.8102914094924927, 0.8764285445213318, 0.9025121331214905, 0.9408676028251648]
NAUTILUS=>2021-05-23 15:05:58.479402: Cycle: 3, Best model val_loss: [0.36430713534355164, 0.25770995020866394, 0.2808487117290497, 0.3071657717227936, 0.29371631145477295]
NAUTILUS=>2021-05-23 15:05:58.479402: Cycle: 3, Best model val_accuracy: [0.866638720035553, 0.9088951349258423, 0.9155575633049011, 0.9189569354057312, 0.9139968752861023]
NAUTILUS=>2021-05-23 15:05:58.779449: Completed active learning cycle. Elapsed time: 0:01:37.128965
NAUTILUS=>2021-05-23 15:05:58.779465: ========> Active learning cycle: 4
NAUTILUS=>2021-05-23 15:05:58.779469: Starting data loading
NAUTILUS=>2021-05-23 15:06:43.887124: Completed data loading. Elapsed time: 0:00:45.107655
NAUTILUS=>2021-05-23 15:06:43.887141: Starting model selection
NAUTILUS=>2021-05-23 15:06:43.887156: Materializing training data
NAUTILUS=>2021-05-23 15:06:44.119391: Completed materializing training data. Elapsed time: 0:00:00.232235
NAUTILUS=>2021-05-23 15:06:44.119401: Starting model training
NAUTILUS=>2021-05-23 15:08:36.645932: Completed model training. Elapsed time: 0:01:52.526531
NAUTILUS=>2021-05-23 15:08:36.645932: Cycle: 4, Model: 2, loss: [1.0899462699890137, 0.6413844227790833, 0.4948538839817047, 0.41406792402267456, 0.3443332612514496]
NAUTILUS=>2021-05-23 15:08:36.645932: Cycle: 4, Model: 2, accuracy: [0.6264644265174866, 0.765727162361145, 0.8239339590072632, 0.8567831516265869, 0.8847637176513672]
NAUTILUS=>2021-05-23 15:08:36.645932: Cycle: 4, Model: 2, val_loss: [0.39598456025123596, 0.31839993596076965, 0.2684657871723175, 0.25137320160865784, 0.2544253170490265]
NAUTILUS=>2021-05-23 15:08:36.645932: Cycle: 4, Model: 2, val_accuracy: [0.8549231886863708, 0.8806942701339722, 0.9059680104255676, 0.9148151278495789, 0.9107865691184998]
NAUTILUS=>2021-05-23 15:08:36.645932: Cycle: 4, Model: 0, loss: [0.9954246282577515, 0.5512508153915405, 0.40315359830856323, 0.30540016293525696, 0.2146904170513153]
NAUTILUS=>2021-05-23 15:08:36.645932: Cycle: 4, Model: 0, accuracy: [0.6607085466384888, 0.8087973594665527, 0.8626412749290466, 0.9007800221443176, 0.9326201677322388]
NAUTILUS=>2021-05-23 15:08:36.645932: Cycle: 4, Model: 0, val_loss: [0.33241569995880127, 0.2548426687717438, 0.2528800368309021, 0.23583446443080902, 0.23320509493350983]
NAUTILUS=>2021-05-23 15:08:36.645932: Cycle: 4, Model: 0, val_accuracy: [0.8836964964866638, 0.9098818302154541, 0.9095988273620605, 0.9224218726158142, 0.9229169487953186]
NAUTILUS=>2021-05-23 15:08:36.645932: Cycle: 4, Model: 1, loss: [1.001509428024292, 0.5832325220108032, 0.43986427783966064, 0.3569352626800537, 0.2737649083137512]
NAUTILUS=>2021-05-23 15:08:36.645932: Cycle: 4, Model: 1, accuracy: [0.6574764251708984, 0.7933529019355774, 0.8438103199005127, 0.8796484470367432, 0.9128134846687317]
NAUTILUS=>2021-05-23 15:08:36.645932: Cycle: 4, Model: 1, val_loss: [0.34195423126220703, 0.26726189255714417, 0.25359398126602173, 0.2350953221321106, 0.2365969866514206]
NAUTILUS=>2021-05-23 15:08:36.645932: Cycle: 4, Model: 1, val_accuracy: [0.8801698088645935, 0.9056617617607117, 0.912513256072998, 0.9193992614746094, 0.9166221618652344]
NAUTILUS=>2021-05-23 15:08:36.646011: Starting to generating the best model
NAUTILUS=>2021-05-23 15:08:44.025192: Completed generating the best model. Elapsed time: 0:00:07.379181
NAUTILUS=>2021-05-23 15:08:44.025192: Cycle: 4, Best Model: 0
NAUTILUS=>2021-05-23 15:08:44.025192: Cycle: 4, Best model loss: [0.9954246282577515, 0.5512508153915405, 0.40315359830856323, 0.30540016293525696, 0.2146904170513153]
NAUTILUS=>2021-05-23 15:08:44.025192: Cycle: 4, Best model accuracy: [0.6607085466384888, 0.8087973594665527, 0.8626412749290466, 0.9007800221443176, 0.9326201677322388]
NAUTILUS=>2021-05-23 15:08:44.025192: Cycle: 4, Best model val_loss: [0.33241569995880127, 0.2548426687717438, 0.2528800368309021, 0.23583446443080902, 0.23320509493350983]
NAUTILUS=>2021-05-23 15:08:44.025192: Cycle: 4, Best model val_accuracy: [0.8836964964866638, 0.9098818302154541, 0.9095988273620605, 0.9224218726158142, 0.9229169487953186]
NAUTILUS=>2021-05-23 15:08:44.328023: Completed active learning cycle. Elapsed time: 0:02:00.440882
NAUTILUS=>2021-05-23 15:08:44.328041: ========> Active learning cycle: 5
NAUTILUS=>2021-05-23 15:08:44.328044: Starting data loading
NAUTILUS=>2021-05-23 15:09:20.540880: Completed data loading. Elapsed time: 0:00:36.212836
NAUTILUS=>2021-05-23 15:09:20.540897: Starting model selection
NAUTILUS=>2021-05-23 15:09:20.540912: Materializing training data
NAUTILUS=>2021-05-23 15:09:20.774155: Completed materializing training data. Elapsed time: 0:00:00.233243
NAUTILUS=>2021-05-23 15:09:20.774166: Starting model training
NAUTILUS=>2021-05-23 15:11:37.016188: Completed model training. Elapsed time: 0:02:16.242022
NAUTILUS=>2021-05-23 15:11:37.016188: Cycle: 5, Model: 2, loss: [0.9837369322776794, 0.5928077101707458, 0.46222618222236633, 0.38326600193977356, 0.3335665762424469]
NAUTILUS=>2021-05-23 15:11:37.016188: Cycle: 5, Model: 2, accuracy: [0.6523900628089905, 0.7841020226478577, 0.8357023000717163, 0.8674660325050354, 0.8877460956573486]
NAUTILUS=>2021-05-23 15:11:37.016188: Cycle: 5, Model: 2, val_loss: [0.38178542256355286, 0.30296090245246887, 0.25303134322166443, 0.23128250241279602, 0.22552983462810516]
NAUTILUS=>2021-05-23 15:11:37.016188: Cycle: 5, Model: 2, val_accuracy: [0.8667240738868713, 0.8918328285217285, 0.9155842661857605, 0.9192699193954468, 0.9214889407157898]
NAUTILUS=>2021-05-23 15:11:37.016188: Cycle: 5, Model: 0, loss: [0.904207170009613, 0.5050365328788757, 0.3840261399745941, 0.2748444378376007, 0.19488275051116943]
NAUTILUS=>2021-05-23 15:11:37.016188: Cycle: 5, Model: 0, accuracy: [0.6921955347061157, 0.8266817331314087, 0.8685885667800903, 0.9107164740562439, 0.9354862570762634]
NAUTILUS=>2021-05-23 15:11:37.016188: Cycle: 5, Model: 0, val_loss: [0.3013412356376648, 0.2644602656364441, 0.23622344434261322, 0.2224932461977005, 0.23127955198287964]
NAUTILUS=>2021-05-23 15:11:37.016188: Cycle: 5, Model: 0, val_accuracy: [0.8966397643089294, 0.9116717576980591, 0.9236247539520264, 0.9244238138198853, 0.9264432191848755]
NAUTILUS=>2021-05-23 15:11:37.016188: Cycle: 5, Model: 1, loss: [0.921818733215332, 0.5378509163856506, 0.41086679697036743, 0.32589367032051086, 0.267581045627594]
NAUTILUS=>2021-05-23 15:11:37.016188: Cycle: 5, Model: 1, accuracy: [0.6786155104637146, 0.808452308177948, 0.8559844493865967, 0.8916692137718201, 0.9123297333717346]
NAUTILUS=>2021-05-23 15:11:37.016188: Cycle: 5, Model: 1, val_loss: [0.32943612337112427, 0.25770819187164307, 0.24129055440425873, 0.22307893633842468, 0.22264160215854645]
NAUTILUS=>2021-05-23 15:11:37.016188: Cycle: 5, Model: 1, val_accuracy: [0.884997546672821, 0.9141061902046204, 0.9190099239349365, 0.9170877933502197, 0.9235996603965759]
NAUTILUS=>2021-05-23 15:11:37.016268: Starting to generating the best model
NAUTILUS=>2021-05-23 15:11:44.376087: Completed generating the best model. Elapsed time: 0:00:07.359819
NAUTILUS=>2021-05-23 15:11:44.376087: Cycle: 5, Best Model: 0
NAUTILUS=>2021-05-23 15:11:44.376087: Cycle: 5, Best model loss: [0.904207170009613, 0.5050365328788757, 0.3840261399745941, 0.2748444378376007, 0.19488275051116943]
NAUTILUS=>2021-05-23 15:11:44.376087: Cycle: 5, Best model accuracy: [0.6921955347061157, 0.8266817331314087, 0.8685885667800903, 0.9107164740562439, 0.9354862570762634]
NAUTILUS=>2021-05-23 15:11:44.376087: Cycle: 5, Best model val_loss: [0.3013412356376648, 0.2644602656364441, 0.23622344434261322, 0.2224932461977005, 0.23127955198287964]
NAUTILUS=>2021-05-23 15:11:44.376087: Cycle: 5, Best model val_accuracy: [0.8966397643089294, 0.9116717576980591, 0.9236247539520264, 0.9244238138198853, 0.9264432191848755]
NAUTILUS=>2021-05-23 15:11:44.680225: Completed active learning cycle. Elapsed time: 0:02:24.139328
NAUTILUS=>2021-05-23 15:11:44.680243: ========> Active learning cycle: 6
NAUTILUS=>2021-05-23 15:11:44.680246: Starting data loading
NAUTILUS=>2021-05-23 15:12:25.584961: Completed data loading. Elapsed time: 0:00:40.904715
NAUTILUS=>2021-05-23 15:12:25.584978: Starting model selection
NAUTILUS=>2021-05-23 15:12:25.584994: Materializing training data
NAUTILUS=>2021-05-23 15:12:25.815972: Completed materializing training data. Elapsed time: 0:00:00.230978
NAUTILUS=>2021-05-23 15:12:25.815985: Starting model training
NAUTILUS=>2021-05-23 15:15:05.692895: Completed model training. Elapsed time: 0:02:39.876910
NAUTILUS=>2021-05-23 15:15:05.692895: Cycle: 6, Model: 2, loss: [0.9069139361381531, 0.5295905470848083, 0.41797053813934326, 0.34575799107551575, 0.2937031388282776]
NAUTILUS=>2021-05-23 15:15:05.692895: Cycle: 6, Model: 2, accuracy: [0.6872712969779968, 0.8096516728401184, 0.8515231609344482, 0.8826602101325989, 0.9040920734405518]
NAUTILUS=>2021-05-23 15:15:05.692895: Cycle: 6, Model: 2, val_loss: [0.3230386972427368, 0.2646660804748535, 0.24340207874774933, 0.20541414618492126, 0.2014097422361374]
NAUTILUS=>2021-05-23 15:15:05.692895: Cycle: 6, Model: 2, val_accuracy: [0.8918176293373108, 0.9014596343040466, 0.9184983372688293, 0.9287207126617432, 0.9271856546401978]
NAUTILUS=>2021-05-23 15:15:05.692895: Cycle: 6, Model: 0, loss: [0.7858965396881104, 0.46928679943084717, 0.3396730422973633, 0.25560057163238525, 0.18200817704200745]
NAUTILUS=>2021-05-23 15:15:05.692895: Cycle: 6, Model: 0, accuracy: [0.7292013764381409, 0.8368784785270691, 0.8828925490379333, 0.9143738746643066, 0.9425364136695862]
NAUTILUS=>2021-05-23 15:15:05.692895: Cycle: 6, Model: 0, val_loss: [0.2636231780052185, 0.2664879858493805, 0.22213780879974365, 0.19965171813964844, 0.20571690797805786]
NAUTILUS=>2021-05-23 15:15:05.692895: Cycle: 6, Model: 0, val_accuracy: [0.9048028588294983, 0.9146237373352051, 0.9229474663734436, 0.9323388934135437, 0.9358837604522705]
NAUTILUS=>2021-05-23 15:15:05.692895: Cycle: 6, Model: 1, loss: [0.8295162916183472, 0.4864271581172943, 0.3765504062175751, 0.29941830039024353, 0.23733264207839966]
NAUTILUS=>2021-05-23 15:15:05.692895: Cycle: 6, Model: 1, accuracy: [0.7132124304771423, 0.8294124603271484, 0.8680835962295532, 0.8998165726661682, 0.9244931936264038]
NAUTILUS=>2021-05-23 15:15:05.692895: Cycle: 6, Model: 1, val_loss: [0.2901887893676758, 0.2700625956058502, 0.22178149223327637, 0.19706855714321136, 0.19839926064014435]
NAUTILUS=>2021-05-23 15:15:05.692895: Cycle: 6, Model: 1, val_accuracy: [0.9004414081573486, 0.9022248387336731, 0.9253427982330322, 0.9335129857063293, 0.9337576031684875]
NAUTILUS=>2021-05-23 15:15:05.692974: Starting to generating the best model
NAUTILUS=>2021-05-23 15:15:13.047280: Completed generating the best model. Elapsed time: 0:00:07.354306
NAUTILUS=>2021-05-23 15:15:13.047280: Cycle: 6, Best Model: 0
NAUTILUS=>2021-05-23 15:15:13.047280: Cycle: 6, Best model loss: [0.7858965396881104, 0.46928679943084717, 0.3396730422973633, 0.25560057163238525, 0.18200817704200745]
NAUTILUS=>2021-05-23 15:15:13.047280: Cycle: 6, Best model accuracy: [0.7292013764381409, 0.8368784785270691, 0.8828925490379333, 0.9143738746643066, 0.9425364136695862]
NAUTILUS=>2021-05-23 15:15:13.047280: Cycle: 6, Best model val_loss: [0.2636231780052185, 0.2664879858493805, 0.22213780879974365, 0.19965171813964844, 0.20571690797805786]
NAUTILUS=>2021-05-23 15:15:13.047280: Cycle: 6, Best model val_accuracy: [0.9048028588294983, 0.9146237373352051, 0.9229474663734436, 0.9323388934135437, 0.9358837604522705]
NAUTILUS=>2021-05-23 15:15:13.347061: Completed active learning cycle. Elapsed time: 0:02:47.762083
NAUTILUS=>2021-05-23 15:15:13.347081: ========> Active learning cycle: 7
NAUTILUS=>2021-05-23 15:15:13.347086: Starting data loading
NAUTILUS=>2021-05-23 15:15:46.108922: Completed data loading. Elapsed time: 0:00:32.761836
NAUTILUS=>2021-05-23 15:15:46.108939: Starting model selection
NAUTILUS=>2021-05-23 15:15:46.108954: Materializing training data
NAUTILUS=>2021-05-23 15:15:46.337786: Completed materializing training data. Elapsed time: 0:00:00.228832
NAUTILUS=>2021-05-23 15:15:46.337795: Starting model training
NAUTILUS=>2021-05-23 15:18:50.002680: Completed model training. Elapsed time: 0:03:03.664885
NAUTILUS=>2021-05-23 15:18:50.002680: Cycle: 7, Model: 2, loss: [0.8325601816177368, 0.4787176847457886, 0.3846295475959778, 0.3226659595966339, 0.2804390490055084]
NAUTILUS=>2021-05-23 15:18:50.002680: Cycle: 7, Model: 2, accuracy: [0.7080413103103638, 0.8272832632064819, 0.8645277619361877, 0.8886824250221252, 0.9047516584396362]
NAUTILUS=>2021-05-23 15:18:50.002680: Cycle: 7, Model: 2, val_loss: [0.2913864254951477, 0.2345321625471115, 0.20736035704612732, 0.20999424159526825, 0.19480520486831665]
NAUTILUS=>2021-05-23 15:18:50.002680: Cycle: 7, Model: 2, val_accuracy: [0.8981311321258545, 0.9190640449523926, 0.9285213947296143, 0.9301580786705017, 0.9333776235580444]
NAUTILUS=>2021-05-23 15:18:50.002680: Cycle: 7, Model: 0, loss: [0.7278606295585632, 0.4165000319480896, 0.3231903314590454, 0.23259273171424866, 0.167185977101326]
NAUTILUS=>2021-05-23 15:18:50.002680: Cycle: 7, Model: 0, accuracy: [0.7474967837333679, 0.8550359010696411, 0.8872821927070618, 0.9195929765701294, 0.9432539343833923]
NAUTILUS=>2021-05-23 15:18:50.002680: Cycle: 7, Model: 0, val_loss: [0.2582946717739105, 0.20768670737743378, 0.19539202749729156, 0.203131303191185, 0.2002348154783249]
NAUTILUS=>2021-05-23 15:18:50.002680: Cycle: 7, Model: 0, val_accuracy: [0.9086786508560181, 0.9296627640724182, 0.932969868183136, 0.9357430338859558, 0.939337968826294]
NAUTILUS=>2021-05-23 15:18:50.002680: Cycle: 7, Model: 1, loss: [0.7676295042037964, 0.4417216181755066, 0.349344938993454, 0.27965351939201355, 0.22965286672115326]
NAUTILUS=>2021-05-23 15:18:50.002680: Cycle: 7, Model: 1, accuracy: [0.7321515679359436, 0.8417808413505554, 0.8786600828170776, 0.903868556022644, 0.9232533574104309]
NAUTILUS=>2021-05-23 15:18:50.002680: Cycle: 7, Model: 1, val_loss: [0.26819223165512085, 0.2150886505842209, 0.19895949959754944, 0.2035835236310959, 0.1925584375858307]
NAUTILUS=>2021-05-23 15:18:50.002680: Cycle: 7, Model: 1, val_accuracy: [0.9045039415359497, 0.9246193766593933, 0.9316587448120117, 0.9346312880516052, 0.9357239007949829]
NAUTILUS=>2021-05-23 15:18:50.002759: Starting to generating the best model
NAUTILUS=>2021-05-23 15:18:57.375841: Completed generating the best model. Elapsed time: 0:00:07.373082
NAUTILUS=>2021-05-23 15:18:57.375841: Cycle: 7, Best Model: 0
NAUTILUS=>2021-05-23 15:18:57.375841: Cycle: 7, Best model loss: [0.7278606295585632, 0.4165000319480896, 0.3231903314590454, 0.23259273171424866, 0.167185977101326]
NAUTILUS=>2021-05-23 15:18:57.375841: Cycle: 7, Best model accuracy: [0.7474967837333679, 0.8550359010696411, 0.8872821927070618, 0.9195929765701294, 0.9432539343833923]
NAUTILUS=>2021-05-23 15:18:57.375841: Cycle: 7, Best model val_loss: [0.2582946717739105, 0.20768670737743378, 0.19539202749729156, 0.203131303191185, 0.2002348154783249]
NAUTILUS=>2021-05-23 15:18:57.375841: Cycle: 7, Best model val_accuracy: [0.9086786508560181, 0.9296627640724182, 0.932969868183136, 0.9357430338859558, 0.939337968826294]
NAUTILUS=>2021-05-23 15:18:57.679532: Completed active learning cycle. Elapsed time: 0:03:11.570593
NAUTILUS=>2021-05-23 15:18:57.679549: ========> Active learning cycle: 8
NAUTILUS=>2021-05-23 15:18:57.679553: Starting data loading
NAUTILUS=>2021-05-23 15:19:34.349015: Completed data loading. Elapsed time: 0:00:36.669462
NAUTILUS=>2021-05-23 15:19:34.349033: Starting model selection
NAUTILUS=>2021-05-23 15:19:34.349048: Materializing training data
NAUTILUS=>2021-05-23 15:19:34.581356: Completed materializing training data. Elapsed time: 0:00:00.232308
NAUTILUS=>2021-05-23 15:19:34.581367: Starting model training
NAUTILUS=>2021-05-23 15:23:01.897424: Completed model training. Elapsed time: 0:03:27.316057
NAUTILUS=>2021-05-23 15:23:01.897424: Cycle: 8, Model: 2, loss: [0.7569906115531921, 0.4312865138053894, 0.35076358914375305, 0.29553356766700745, 0.25245344638824463]
NAUTILUS=>2021-05-23 15:23:01.897424: Cycle: 8, Model: 2, accuracy: [0.7344667315483093, 0.8427128791809082, 0.8715739250183105, 0.8999063372612, 0.912773072719574]
NAUTILUS=>2021-05-23 15:23:01.897424: Cycle: 8, Model: 2, val_loss: [0.3049524128437042, 0.25893616676330566, 0.1957562267780304, 0.21617473661899567, 0.18983390927314758]
NAUTILUS=>2021-05-23 15:23:01.897424: Cycle: 8, Model: 2, val_accuracy: [0.8926448822021484, 0.9075044393539429, 0.9312471151351929, 0.919981837272644, 0.9349198341369629]
NAUTILUS=>2021-05-23 15:23:01.897424: Cycle: 8, Model: 0, loss: [0.6416021585464478, 0.38767868280410767, 0.28530871868133545, 0.21495990455150604, 0.14892235398292542]
NAUTILUS=>2021-05-23 15:23:01.897424: Cycle: 8, Model: 0, accuracy: [0.7725809216499329, 0.8639745116233826, 0.8996830582618713, 0.9269807934761047, 0.9489004611968994]
NAUTILUS=>2021-05-23 15:23:01.897424: Cycle: 8, Model: 0, val_loss: [0.3664376437664032, 0.21620510518550873, 0.1763685792684555, 0.20414204895496368, 0.19153253734111786]
NAUTILUS=>2021-05-23 15:23:01.897424: Cycle: 8, Model: 0, val_accuracy: [0.8691384792327881, 0.9229686260223389, 0.9376024603843689, 0.9336561560630798, 0.9430793523788452]
NAUTILUS=>2021-05-23 15:23:01.897424: Cycle: 8, Model: 1, loss: [0.6897653937339783, 0.4040166139602661, 0.31825390458106995, 0.25805264711380005, 0.2078639268875122]
NAUTILUS=>2021-05-23 15:23:01.897424: Cycle: 8, Model: 1, accuracy: [0.7564001679420471, 0.8544498682022095, 0.8864397406578064, 0.9145702123641968, 0.9294607043266296]
NAUTILUS=>2021-05-23 15:23:01.897424: Cycle: 8, Model: 1, val_loss: [0.36923351883888245, 0.23548901081085205, 0.18663085997104645, 0.21259157359600067, 0.19473564624786377]
NAUTILUS=>2021-05-23 15:23:01.897424: Cycle: 8, Model: 1, val_accuracy: [0.8639354109764099, 0.918850302696228, 0.9334433078765869, 0.9232632517814636, 0.9336201548576355]
NAUTILUS=>2021-05-23 15:23:01.897506: Starting to generating the best model
NAUTILUS=>2021-05-23 15:23:09.309393: Completed generating the best model. Elapsed time: 0:00:07.411887
NAUTILUS=>2021-05-23 15:23:09.309393: Cycle: 8, Best Model: 0
NAUTILUS=>2021-05-23 15:23:09.309393: Cycle: 8, Best model loss: [0.6416021585464478, 0.38767868280410767, 0.28530871868133545, 0.21495990455150604, 0.14892235398292542]
NAUTILUS=>2021-05-23 15:23:09.309393: Cycle: 8, Best model accuracy: [0.7725809216499329, 0.8639745116233826, 0.8996830582618713, 0.9269807934761047, 0.9489004611968994]
NAUTILUS=>2021-05-23 15:23:09.309393: Cycle: 8, Best model val_loss: [0.3664376437664032, 0.21620510518550873, 0.1763685792684555, 0.20414204895496368, 0.19153253734111786]
NAUTILUS=>2021-05-23 15:23:09.309393: Cycle: 8, Best model val_accuracy: [0.8691384792327881, 0.9229686260223389, 0.9376024603843689, 0.9336561560630798, 0.9430793523788452]
NAUTILUS=>2021-05-23 15:23:09.612405: Completed active learning cycle. Elapsed time: 0:03:35.263372
NAUTILUS=>2021-05-23 15:23:09.612422: ========> Active learning cycle: 9
NAUTILUS=>2021-05-23 15:23:09.612425: Starting data loading
NAUTILUS=>2021-05-23 15:23:38.890116: Completed data loading. Elapsed time: 0:00:29.277691
NAUTILUS=>2021-05-23 15:23:38.890133: Starting model selection
NAUTILUS=>2021-05-23 15:23:38.890148: Materializing training data
NAUTILUS=>2021-05-23 15:23:39.119372: Completed materializing training data. Elapsed time: 0:00:00.229224
NAUTILUS=>2021-05-23 15:23:39.119382: Starting model training
NAUTILUS=>2021-05-23 15:27:30.173595: Completed model training. Elapsed time: 0:03:51.054213
NAUTILUS=>2021-05-23 15:27:30.173595: Cycle: 9, Model: 2, loss: [0.6989765763282776, 0.39592432975769043, 0.3223850727081299, 0.266518235206604, 0.2298346608877182]
NAUTILUS=>2021-05-23 15:27:30.173595: Cycle: 9, Model: 2, accuracy: [0.7562737464904785, 0.8548861742019653, 0.8848767876625061, 0.9066048264503479, 0.9218853712081909]
NAUTILUS=>2021-05-23 15:27:30.173595: Cycle: 9, Model: 2, val_loss: [0.25024059414863586, 0.21525482833385468, 0.19368068873882294, 0.1855098456144333, 0.176408052444458]
NAUTILUS=>2021-05-23 15:27:30.173595: Cycle: 9, Model: 2, val_accuracy: [0.9099962115287781, 0.9257113933563232, 0.9355753064155579, 0.93514484167099, 0.9425966143608093]
NAUTILUS=>2021-05-23 15:27:30.173595: Cycle: 9, Model: 0, loss: [0.6061850190162659, 0.34650692343711853, 0.26067447662353516, 0.18415135145187378, 0.12161294370889664]
NAUTILUS=>2021-05-23 15:27:30.173595: Cycle: 9, Model: 0, accuracy: [0.7868390679359436, 0.8792059421539307, 0.9093183279037476, 0.9353203177452087, 0.9586443305015564]
NAUTILUS=>2021-05-23 15:27:30.173595: Cycle: 9, Model: 0, val_loss: [0.21944208443164825, 0.19292698800563812, 0.18486420810222626, 0.1769891232252121, 0.18173104524612427]
NAUTILUS=>2021-05-23 15:27:30.173595: Cycle: 9, Model: 0, val_accuracy: [0.9173336029052734, 0.9336378574371338, 0.9390407800674438, 0.94572514295578, 0.9459174275398254]
NAUTILUS=>2021-05-23 15:27:30.173595: Cycle: 9, Model: 1, loss: [0.646568238735199, 0.3674544394016266, 0.29113003611564636, 0.23001626133918762, 0.1828172206878662]
NAUTILUS=>2021-05-23 15:27:30.173595: Cycle: 9, Model: 1, accuracy: [0.7741162776947021, 0.8668545484542847, 0.8983044028282166, 0.9209556579589844, 0.9392507076263428]
NAUTILUS=>2021-05-23 15:27:30.173595: Cycle: 9, Model: 1, val_loss: [0.229465514421463, 0.2097168117761612, 0.1877196729183197, 0.18205437064170837, 0.1764553040266037]
NAUTILUS=>2021-05-23 15:27:30.173595: Cycle: 9, Model: 1, val_accuracy: [0.9144431352615356, 0.928695023059845, 0.9369106888771057, 0.9363304376602173, 0.9424831867218018]
NAUTILUS=>2021-05-23 15:27:30.173675: Starting to generating the best model
NAUTILUS=>2021-05-23 15:27:37.611199: Completed generating the best model. Elapsed time: 0:00:07.437524
NAUTILUS=>2021-05-23 15:27:37.611199: Cycle: 9, Best Model: 0
NAUTILUS=>2021-05-23 15:27:37.611199: Cycle: 9, Best model loss: [0.6061850190162659, 0.34650692343711853, 0.26067447662353516, 0.18415135145187378, 0.12161294370889664]
NAUTILUS=>2021-05-23 15:27:37.611199: Cycle: 9, Best model accuracy: [0.7868390679359436, 0.8792059421539307, 0.9093183279037476, 0.9353203177452087, 0.9586443305015564]
NAUTILUS=>2021-05-23 15:27:37.611199: Cycle: 9, Best model val_loss: [0.21944208443164825, 0.19292698800563812, 0.18486420810222626, 0.1769891232252121, 0.18173104524612427]
NAUTILUS=>2021-05-23 15:27:37.611199: Cycle: 9, Best model val_accuracy: [0.9173336029052734, 0.9336378574371338, 0.9390407800674438, 0.94572514295578, 0.9459174275398254]
NAUTILUS=>2021-05-23 15:27:37.911454: Completed active learning cycle. Elapsed time: 0:03:59.021321
NAUTILUS=>2021-05-23 15:27:37.911471: ========> Active learning cycle: 10
NAUTILUS=>2021-05-23 15:27:37.911475: Starting data loading
NAUTILUS=>2021-05-23 15:28:10.304135: Completed data loading. Elapsed time: 0:00:32.392660
NAUTILUS=>2021-05-23 15:28:10.304152: Starting model selection
NAUTILUS=>2021-05-23 15:28:10.304167: Materializing training data
NAUTILUS=>2021-05-23 15:28:10.535253: Completed materializing training data. Elapsed time: 0:00:00.231086
NAUTILUS=>2021-05-23 15:28:10.535267: Starting model training
NAUTILUS=>2021-05-23 15:32:25.222458: Completed model training. Elapsed time: 0:04:14.687191
NAUTILUS=>2021-05-23 15:32:25.222458: Cycle: 10, Model: 2, loss: [0.6307854056358337, 0.3606480062007904, 0.29120296239852905, 0.2497154027223587, 0.2100275456905365]
NAUTILUS=>2021-05-23 15:32:25.222458: Cycle: 10, Model: 2, accuracy: [0.7736611366271973, 0.8628943562507629, 0.8938039541244507, 0.9127709269523621, 0.9279148578643799]
NAUTILUS=>2021-05-23 15:32:25.222458: Cycle: 10, Model: 2, val_loss: [0.2597455680370331, 0.22266742587089539, 0.19371815025806427, 0.18170228600502014, 0.1718117743730545]
NAUTILUS=>2021-05-23 15:32:25.222458: Cycle: 10, Model: 2, val_accuracy: [0.9080506563186646, 0.9201542735099792, 0.9350417256355286, 0.9392967820167542, 0.94163978099823]
NAUTILUS=>2021-05-23 15:32:25.222458: Cycle: 10, Model: 0, loss: [0.5470329523086548, 0.32062557339668274, 0.24280545115470886, 0.1764749437570572, 0.11210524290800095]
NAUTILUS=>2021-05-23 15:32:25.222458: Cycle: 10, Model: 0, accuracy: [0.8036273717880249, 0.883213996887207, 0.9148218631744385, 0.9382187128067017, 0.9618856906890869]
NAUTILUS=>2021-05-23 15:32:25.222458: Cycle: 10, Model: 0, val_loss: [0.2055002599954605, 0.2214675396680832, 0.20576423406600952, 0.178461953997612, 0.17629829049110413]
NAUTILUS=>2021-05-23 15:32:25.222458: Cycle: 10, Model: 0, val_accuracy: [0.9283852577209473, 0.9179961681365967, 0.9317036271095276, 0.9491046071052551, 0.9527917504310608]
NAUTILUS=>2021-05-23 15:32:25.222458: Cycle: 10, Model: 1, loss: [0.5713332891464233, 0.33551692962646484, 0.2650308609008789, 0.2162732183933258, 0.1667155623435974]
NAUTILUS=>2021-05-23 15:32:25.222458: Cycle: 10, Model: 1, accuracy: [0.7920353412628174, 0.8760107159614563, 0.9055325388908386, 0.9261027574539185, 0.9434581995010376]
NAUTILUS=>2021-05-23 15:32:25.222458: Cycle: 10, Model: 1, val_loss: [0.22654159367084503, 0.22026431560516357, 0.19145771861076355, 0.17842376232147217, 0.1675945669412613]
NAUTILUS=>2021-05-23 15:32:25.222458: Cycle: 10, Model: 1, val_accuracy: [0.9203822612762451, 0.9192319512367249, 0.9356856346130371, 0.9427816271781921, 0.9467678666114807]
NAUTILUS=>2021-05-23 15:32:25.222537: Starting to generating the best model
NAUTILUS=>2021-05-23 15:32:32.596694: Completed generating the best model. Elapsed time: 0:00:07.374157
NAUTILUS=>2021-05-23 15:32:32.596694: Cycle: 10, Best Model: 0
NAUTILUS=>2021-05-23 15:32:32.596694: Cycle: 10, Best model loss: [0.5470329523086548, 0.32062557339668274, 0.24280545115470886, 0.1764749437570572, 0.11210524290800095]
NAUTILUS=>2021-05-23 15:32:32.596694: Cycle: 10, Best model accuracy: [0.8036273717880249, 0.883213996887207, 0.9148218631744385, 0.9382187128067017, 0.9618856906890869]
NAUTILUS=>2021-05-23 15:32:32.596694: Cycle: 10, Best model val_loss: [0.2055002599954605, 0.2214675396680832, 0.20576423406600952, 0.178461953997612, 0.17629829049110413]
NAUTILUS=>2021-05-23 15:32:32.596694: Cycle: 10, Best model val_accuracy: [0.9283852577209473, 0.9179961681365967, 0.9317036271095276, 0.9491046071052551, 0.9527917504310608]
NAUTILUS=>2021-05-23 15:32:32.898509: Completed active learning cycle. Elapsed time: 0:04:22.594357
NAUTILUS=>2021-05-23 15:32:32.898526: Workload completed. Elapsed time: 0:32:39.152690
