NAUTILUS=>2021-05-23 13:38:06.096294: Starting workload
NAUTILUS=>2021-05-23 13:38:06.096294: RANDOM_SEED: 2020
NAUTILUS=>2021-05-23 13:38:06.096294: VERY_LARGE_VALUE: 1000000000000000.0
NAUTILUS=>2021-05-23 13:38:06.096294: NO_MAT_OPT: True
NAUTILUS=>2021-05-23 13:38:06.096294: MODE: ftr3-2
NAUTILUS=>2021-05-23 13:38:06.096294: STORAGE_PATH: ./storage
NAUTILUS=>2021-05-23 13:38:06.096294: NO_FUSE_OPT: False
NAUTILUS=>2021-05-23 13:38:06.096294: NUM_EPOCHS: 5
NAUTILUS=>2021-05-23 13:38:06.096294: MAX_NUM_RECORDS: 5000
NAUTILUS=>2021-05-23 13:38:06.096294: ACTIVE_LEARNING_BATCH_SIZE: 500
NAUTILUS=>2021-05-23 13:38:06.096294: VALID_FRACTION: 0.2
NAUTILUS=>2021-05-23 13:38:06.096294: SAMPLING_STRATERGY: uncertainty
NAUTILUS=>2021-05-23 13:38:06.096294: NO_PRETRAINING: False
NAUTILUS=>2021-05-23 13:38:06.096294: STORAGE_BUDGET: 25
NAUTILUS=>2021-05-23 13:38:06.096294: MEMORY_BUDGET: 10
NAUTILUS=>2021-05-23 13:38:06.096294: WORKSPACE_MEMORY: 1
NAUTILUS=>2021-05-23 13:38:06.096294: COMPUTE_THROUGHPUT: 6
NAUTILUS=>2021-05-23 13:38:06.096294: DISK_THROUGHPUT: 500
NAUTILUS=>2021-05-23 13:38:06.096294: SHUFFLE_BUFFER_SIZE: 10000
NAUTILUS=>2021-05-23 13:38:06.096342: Starting system initialization
NAUTILUS=>2021-05-23 13:38:06.749804: Starting model profiling
NAUTILUS=>2021-05-23 13:38:30.189308: Completed model profiling. Elapsed time: 0:00:23.439501
NAUTILUS=>2021-05-23 13:38:30.189308: Model parameters
NAUTILUS=>2021-05-23 13:38:30.189368: Generating optimized model selection plan
NAUTILUS=>2021-05-23 13:38:30.233787: Used materialized layers: 
NAUTILUS=>2021-05-23 13:38:30.233787: Model training plan: {"0_1": {"models": ["0", "1"], "output_layers": ["0/classifier", "1/classifier"], "flops_consumption": 931614678725000.0, "compute_flops": 931175225600000.0, "load_flops": 439453125000.0, "memory_consumption": 2.5131014324724674, "used_materialized_layers": [], "batch_size": 16, "num_epochs": [5, 5], "flops_reduction": 560644624325000.0, "merged_models": ["0", "1"]}}
NAUTILUS=>2021-05-23 13:38:30.233892: Completed generating optimized model selection plan. Elapsed time: 0:00:00.044524
NAUTILUS=>2021-05-23 13:38:30.233899: Generating fused models
NAUTILUS=>2021-05-23 13:38:38.713653: Completed generating fused models. Elapsed time: 0:00:08.479753
NAUTILUS=>2021-05-23 13:38:38.713653: Current Practice FLOPs: 298276079360.0
NAUTILUS=>2021-05-23 13:38:38.713653: Optimal FLOPs: 74194010880.0
NAUTILUS=>2021-05-23 13:38:38.713653: Theoretical Speedup: 4.020217748335861
NAUTILUS=>2021-05-23 13:38:38.773577: Completed system initialization. Elapsed time: 0:00:32.677235
NAUTILUS=>2021-05-23 13:38:38.773602: ========> Active learning cycle: 1
NAUTILUS=>2021-05-23 13:38:38.773606: Starting data loading
NAUTILUS=>2021-05-23 13:38:54.269093: Completed data loading. Elapsed time: 0:00:15.495487
NAUTILUS=>2021-05-23 13:38:54.269117: Starting model selection
NAUTILUS=>2021-05-23 13:38:54.269136: Materializing training data
NAUTILUS=>2021-05-23 13:38:54.509954: Completed materializing training data. Elapsed time: 0:00:00.240818
NAUTILUS=>2021-05-23 13:38:54.509965: Starting model training
NAUTILUS=>2021-05-23 13:39:32.187529: Completed model training. Elapsed time: 0:00:37.677564
NAUTILUS=>2021-05-23 13:39:32.187529: Cycle: 1, Model: 0, loss: [0.828880786895752, 0.2970868945121765, 0.1905224621295929, 0.12513619661331177, 0.08048418164253235]
NAUTILUS=>2021-05-23 13:39:32.187529: Cycle: 1, Model: 0, accuracy: [0.7468414902687073, 0.8900124430656433, 0.9346765279769897, 0.9563759565353394, 0.9700300097465515]
NAUTILUS=>2021-05-23 13:39:32.187529: Cycle: 1, Model: 0, val_loss: [0.4639212489128113, 0.41468507051467896, 0.35327720642089844, 0.3933575451374054, 0.37415364384651184]
NAUTILUS=>2021-05-23 13:39:32.187529: Cycle: 1, Model: 0, val_accuracy: [0.8359349966049194, 0.8561877608299255, 0.8714163899421692, 0.8704221248626709, 0.8852939605712891]
NAUTILUS=>2021-05-23 13:39:32.187529: Cycle: 1, Model: 1, loss: [1.004594087600708, 0.4065803587436676, 0.28088250756263733, 0.1944686472415924, 0.1432686448097229]
NAUTILUS=>2021-05-23 13:39:32.187529: Cycle: 1, Model: 1, accuracy: [0.7063083052635193, 0.8641493320465088, 0.9058865904808044, 0.9262921214103699, 0.9485536217689514]
NAUTILUS=>2021-05-23 13:39:32.187529: Cycle: 1, Model: 1, val_loss: [0.5762648582458496, 0.4119471609592438, 0.3756779432296753, 0.36078953742980957, 0.36561134457588196]
NAUTILUS=>2021-05-23 13:39:32.187529: Cycle: 1, Model: 1, val_accuracy: [0.8098840117454529, 0.8507524728775024, 0.8563680052757263, 0.869193971157074, 0.8720411062240601]
NAUTILUS=>2021-05-23 13:39:32.187590: Starting to generating the best model
NAUTILUS=>2021-05-23 13:39:39.504809: Completed generating the best model. Elapsed time: 0:00:07.317219
NAUTILUS=>2021-05-23 13:39:39.504809: Cycle: 1, Best Model: 0
NAUTILUS=>2021-05-23 13:39:39.504809: Cycle: 1, Best model loss: [0.828880786895752, 0.2970868945121765, 0.1905224621295929, 0.12513619661331177, 0.08048418164253235]
NAUTILUS=>2021-05-23 13:39:39.504809: Cycle: 1, Best model accuracy: [0.7468414902687073, 0.8900124430656433, 0.9346765279769897, 0.9563759565353394, 0.9700300097465515]
NAUTILUS=>2021-05-23 13:39:39.504809: Cycle: 1, Best model val_loss: [0.4639212489128113, 0.41468507051467896, 0.35327720642089844, 0.3933575451374054, 0.37415364384651184]
NAUTILUS=>2021-05-23 13:39:39.504809: Cycle: 1, Best model val_accuracy: [0.8359349966049194, 0.8561877608299255, 0.8714163899421692, 0.8704221248626709, 0.8852939605712891]
NAUTILUS=>2021-05-23 13:39:39.814055: Completed active learning cycle. Elapsed time: 0:00:45.544938
NAUTILUS=>2021-05-23 13:39:39.814072: ========> Active learning cycle: 2
NAUTILUS=>2021-05-23 13:39:39.814076: Starting data loading
NAUTILUS=>2021-05-23 13:40:28.981075: Completed data loading. Elapsed time: 0:00:49.166999
NAUTILUS=>2021-05-23 13:40:28.981093: Starting model selection
NAUTILUS=>2021-05-23 13:40:28.981109: Materializing training data
NAUTILUS=>2021-05-23 13:40:29.210078: Completed materializing training data. Elapsed time: 0:00:00.228969
NAUTILUS=>2021-05-23 13:40:29.210087: Starting model training
NAUTILUS=>2021-05-23 13:41:29.271105: Completed model training. Elapsed time: 0:01:00.061018
NAUTILUS=>2021-05-23 13:41:29.271105: Cycle: 2, Model: 0, loss: [0.9820088744163513, 0.42822331190109253, 0.27448877692222595, 0.19114276766777039, 0.12522216141223907]
NAUTILUS=>2021-05-23 13:41:29.271105: Cycle: 2, Model: 0, accuracy: [0.6411345601081848, 0.8296785950660706, 0.8881787657737732, 0.9303540587425232, 0.9543465375900269]
NAUTILUS=>2021-05-23 13:41:29.271105: Cycle: 2, Model: 0, val_loss: [0.378217875957489, 0.3470526933670044, 0.29616519808769226, 0.28355538845062256, 0.30513593554496765]
NAUTILUS=>2021-05-23 13:41:29.271105: Cycle: 2, Model: 0, val_accuracy: [0.8639460802078247, 0.8841715455055237, 0.9048786163330078, 0.9142364263534546, 0.9139883518218994]
NAUTILUS=>2021-05-23 13:41:29.271105: Cycle: 2, Model: 1, loss: [1.0316306352615356, 0.49598369002342224, 0.33836865425109863, 0.2519089877605438, 0.17347858846187592]
NAUTILUS=>2021-05-23 13:41:29.271105: Cycle: 2, Model: 1, accuracy: [0.6214208006858826, 0.8046935200691223, 0.8720493316650391, 0.9077181816101074, 0.9331250190734863]
NAUTILUS=>2021-05-23 13:41:29.271105: Cycle: 2, Model: 1, val_loss: [0.4488494396209717, 0.3552570044994354, 0.2943028509616852, 0.2883753776550293, 0.2760796844959259]
NAUTILUS=>2021-05-23 13:41:29.271105: Cycle: 2, Model: 1, val_accuracy: [0.8425663709640503, 0.8833434581756592, 0.8984968066215515, 0.9134674668312073, 0.9148668646812439]
NAUTILUS=>2021-05-23 13:41:29.271166: Starting to generating the best model
NAUTILUS=>2021-05-23 13:41:36.547947: Completed generating the best model. Elapsed time: 0:00:07.276781
NAUTILUS=>2021-05-23 13:41:36.547947: Cycle: 2, Best Model: 1
NAUTILUS=>2021-05-23 13:41:36.547947: Cycle: 2, Best model loss: [1.0316306352615356, 0.49598369002342224, 0.33836865425109863, 0.2519089877605438, 0.17347858846187592]
NAUTILUS=>2021-05-23 13:41:36.547947: Cycle: 2, Best model accuracy: [0.6214208006858826, 0.8046935200691223, 0.8720493316650391, 0.9077181816101074, 0.9331250190734863]
NAUTILUS=>2021-05-23 13:41:36.547947: Cycle: 2, Best model val_loss: [0.4488494396209717, 0.3552570044994354, 0.2943028509616852, 0.2883753776550293, 0.2760796844959259]
NAUTILUS=>2021-05-23 13:41:36.547947: Cycle: 2, Best model val_accuracy: [0.8425663709640503, 0.8833434581756592, 0.8984968066215515, 0.9134674668312073, 0.9148668646812439]
NAUTILUS=>2021-05-23 13:41:36.850241: Completed active learning cycle. Elapsed time: 0:01:07.869148
NAUTILUS=>2021-05-23 13:41:36.850259: ========> Active learning cycle: 3
NAUTILUS=>2021-05-23 13:41:36.850263: Starting data loading
NAUTILUS=>2021-05-23 13:42:16.517962: Completed data loading. Elapsed time: 0:00:39.667699
NAUTILUS=>2021-05-23 13:42:16.517979: Starting model selection
NAUTILUS=>2021-05-23 13:42:16.517994: Materializing training data
NAUTILUS=>2021-05-23 13:42:16.749069: Completed materializing training data. Elapsed time: 0:00:00.231075
NAUTILUS=>2021-05-23 13:42:16.749079: Starting model training
NAUTILUS=>2021-05-23 13:43:38.731188: Completed model training. Elapsed time: 0:01:21.982109
NAUTILUS=>2021-05-23 13:43:38.731188: Cycle: 3, Model: 0, loss: [1.050710916519165, 0.5033090710639954, 0.3407381772994995, 0.27358636260032654, 0.1836094856262207]
NAUTILUS=>2021-05-23 13:43:38.731188: Cycle: 3, Model: 0, accuracy: [0.6389156579971313, 0.8102914094924927, 0.8764285445213318, 0.9025121331214905, 0.9408676028251648]
NAUTILUS=>2021-05-23 13:43:38.731188: Cycle: 3, Model: 0, val_loss: [0.36430713534355164, 0.25770995020866394, 0.2808487117290497, 0.30716580152511597, 0.29371631145477295]
NAUTILUS=>2021-05-23 13:43:38.731188: Cycle: 3, Model: 0, val_accuracy: [0.866638720035553, 0.9088951349258423, 0.9155575633049011, 0.9189569354057312, 0.9139968752861023]
NAUTILUS=>2021-05-23 13:43:38.731188: Cycle: 3, Model: 1, loss: [1.0783882141113281, 0.5539801120758057, 0.41034072637557983, 0.3224407732486725, 0.24361225962638855]
NAUTILUS=>2021-05-23 13:43:38.731188: Cycle: 3, Model: 1, accuracy: [0.6114398241043091, 0.7815563082695007, 0.8466833233833313, 0.8862652778625488, 0.9209495186805725]
NAUTILUS=>2021-05-23 13:43:38.731188: Cycle: 3, Model: 1, val_loss: [0.3908446729183197, 0.3065914809703827, 0.262494832277298, 0.2744654715061188, 0.25558269023895264]
NAUTILUS=>2021-05-23 13:43:38.731188: Cycle: 3, Model: 1, val_accuracy: [0.8673787713050842, 0.8960530757904053, 0.910903811454773, 0.9131661057472229, 0.9138773679733276]
NAUTILUS=>2021-05-23 13:43:38.731249: Starting to generating the best model
NAUTILUS=>2021-05-23 13:43:45.975507: Completed generating the best model. Elapsed time: 0:00:07.244258
NAUTILUS=>2021-05-23 13:43:45.975507: Cycle: 3, Best Model: 0
NAUTILUS=>2021-05-23 13:43:45.975507: Cycle: 3, Best model loss: [1.050710916519165, 0.5033090710639954, 0.3407381772994995, 0.27358636260032654, 0.1836094856262207]
NAUTILUS=>2021-05-23 13:43:45.975507: Cycle: 3, Best model accuracy: [0.6389156579971313, 0.8102914094924927, 0.8764285445213318, 0.9025121331214905, 0.9408676028251648]
NAUTILUS=>2021-05-23 13:43:45.975507: Cycle: 3, Best model val_loss: [0.36430713534355164, 0.25770995020866394, 0.2808487117290497, 0.30716580152511597, 0.29371631145477295]
NAUTILUS=>2021-05-23 13:43:45.975507: Cycle: 3, Best model val_accuracy: [0.866638720035553, 0.9088951349258423, 0.9155575633049011, 0.9189569354057312, 0.9139968752861023]
NAUTILUS=>2021-05-23 13:43:46.277344: Completed active learning cycle. Elapsed time: 0:01:29.759365
NAUTILUS=>2021-05-23 13:43:46.277362: ========> Active learning cycle: 4
NAUTILUS=>2021-05-23 13:43:46.277366: Starting data loading
NAUTILUS=>2021-05-23 13:44:31.264711: Completed data loading. Elapsed time: 0:00:44.987345
NAUTILUS=>2021-05-23 13:44:31.264729: Starting model selection
NAUTILUS=>2021-05-23 13:44:31.264744: Materializing training data
NAUTILUS=>2021-05-23 13:44:31.500940: Completed materializing training data. Elapsed time: 0:00:00.236196
NAUTILUS=>2021-05-23 13:44:31.500951: Starting model training
NAUTILUS=>2021-05-23 13:46:14.366250: Completed model training. Elapsed time: 0:01:42.865299
NAUTILUS=>2021-05-23 13:46:14.366250: Cycle: 4, Model: 0, loss: [0.9954246282577515, 0.5512508749961853, 0.40315356850624084, 0.30540019273757935, 0.2146904170513153]
NAUTILUS=>2021-05-23 13:46:14.366250: Cycle: 4, Model: 0, accuracy: [0.6607085466384888, 0.8087973594665527, 0.8626412749290466, 0.9007800221443176, 0.9326201677322388]
NAUTILUS=>2021-05-23 13:46:14.366250: Cycle: 4, Model: 0, val_loss: [0.33241569995880127, 0.2548426687717438, 0.2528800666332245, 0.23583446443080902, 0.23320509493350983]
NAUTILUS=>2021-05-23 13:46:14.366250: Cycle: 4, Model: 0, val_accuracy: [0.8836964964866638, 0.9098818302154541, 0.9095988273620605, 0.9224218726158142, 0.9229169487953186]
NAUTILUS=>2021-05-23 13:46:14.366250: Cycle: 4, Model: 1, loss: [1.001509428024292, 0.5832325220108032, 0.43986427783966064, 0.3569352626800537, 0.2737649083137512]
NAUTILUS=>2021-05-23 13:46:14.366250: Cycle: 4, Model: 1, accuracy: [0.6574764251708984, 0.7933529019355774, 0.8438103199005127, 0.8796484470367432, 0.9128134846687317]
NAUTILUS=>2021-05-23 13:46:14.366250: Cycle: 4, Model: 1, val_loss: [0.34195423126220703, 0.26726189255714417, 0.25359398126602173, 0.2350953221321106, 0.2365970015525818]
NAUTILUS=>2021-05-23 13:46:14.366250: Cycle: 4, Model: 1, val_accuracy: [0.8801698088645935, 0.9056617617607117, 0.912513256072998, 0.9193992614746094, 0.9166221618652344]
NAUTILUS=>2021-05-23 13:46:14.366313: Starting to generating the best model
NAUTILUS=>2021-05-23 13:46:21.576583: Completed generating the best model. Elapsed time: 0:00:07.210270
NAUTILUS=>2021-05-23 13:46:21.576583: Cycle: 4, Best Model: 0
NAUTILUS=>2021-05-23 13:46:21.576583: Cycle: 4, Best model loss: [0.9954246282577515, 0.5512508749961853, 0.40315356850624084, 0.30540019273757935, 0.2146904170513153]
NAUTILUS=>2021-05-23 13:46:21.576583: Cycle: 4, Best model accuracy: [0.6607085466384888, 0.8087973594665527, 0.8626412749290466, 0.9007800221443176, 0.9326201677322388]
NAUTILUS=>2021-05-23 13:46:21.576583: Cycle: 4, Best model val_loss: [0.33241569995880127, 0.2548426687717438, 0.2528800666332245, 0.23583446443080902, 0.23320509493350983]
NAUTILUS=>2021-05-23 13:46:21.576583: Cycle: 4, Best model val_accuracy: [0.8836964964866638, 0.9098818302154541, 0.9095988273620605, 0.9224218726158142, 0.9229169487953186]
NAUTILUS=>2021-05-23 13:46:21.883374: Completed active learning cycle. Elapsed time: 0:01:50.618645
NAUTILUS=>2021-05-23 13:46:21.883391: ========> Active learning cycle: 5
NAUTILUS=>2021-05-23 13:46:21.883395: Starting data loading
NAUTILUS=>2021-05-23 13:46:58.114838: Completed data loading. Elapsed time: 0:00:36.231443
NAUTILUS=>2021-05-23 13:46:58.114855: Starting model selection
NAUTILUS=>2021-05-23 13:46:58.114870: Materializing training data
NAUTILUS=>2021-05-23 13:46:58.342336: Completed materializing training data. Elapsed time: 0:00:00.227466
NAUTILUS=>2021-05-23 13:46:58.342345: Starting model training
NAUTILUS=>2021-05-23 13:49:02.968707: Completed model training. Elapsed time: 0:02:04.626362
NAUTILUS=>2021-05-23 13:49:02.968707: Cycle: 5, Model: 0, loss: [0.904207170009613, 0.5050365328788757, 0.3840261399745941, 0.27484437823295593, 0.19488275051116943]
NAUTILUS=>2021-05-23 13:49:02.968707: Cycle: 5, Model: 0, accuracy: [0.6921955347061157, 0.8266817331314087, 0.8685885667800903, 0.9107164740562439, 0.9354862570762634]
NAUTILUS=>2021-05-23 13:49:02.968707: Cycle: 5, Model: 0, val_loss: [0.3013412356376648, 0.2644602656364441, 0.23622345924377441, 0.2224932610988617, 0.23127955198287964]
NAUTILUS=>2021-05-23 13:49:02.968707: Cycle: 5, Model: 0, val_accuracy: [0.8966397643089294, 0.9116717576980591, 0.9236247539520264, 0.9244238138198853, 0.9264432191848755]
NAUTILUS=>2021-05-23 13:49:02.968707: Cycle: 5, Model: 1, loss: [0.9218186736106873, 0.5378509163856506, 0.4108668267726898, 0.32589367032051086, 0.267581045627594]
NAUTILUS=>2021-05-23 13:49:02.968707: Cycle: 5, Model: 1, accuracy: [0.6786155104637146, 0.808452308177948, 0.8559844493865967, 0.8916692137718201, 0.9123297333717346]
NAUTILUS=>2021-05-23 13:49:02.968707: Cycle: 5, Model: 1, val_loss: [0.3294360935688019, 0.25770819187164307, 0.24129055440425873, 0.22307893633842468, 0.22264160215854645]
NAUTILUS=>2021-05-23 13:49:02.968707: Cycle: 5, Model: 1, val_accuracy: [0.884997546672821, 0.9141061902046204, 0.9190099239349365, 0.9170877933502197, 0.9235996603965759]
NAUTILUS=>2021-05-23 13:49:02.968767: Starting to generating the best model
NAUTILUS=>2021-05-23 13:49:10.209285: Completed generating the best model. Elapsed time: 0:00:07.240518
NAUTILUS=>2021-05-23 13:49:10.209285: Cycle: 5, Best Model: 0
NAUTILUS=>2021-05-23 13:49:10.209285: Cycle: 5, Best model loss: [0.904207170009613, 0.5050365328788757, 0.3840261399745941, 0.27484437823295593, 0.19488275051116943]
NAUTILUS=>2021-05-23 13:49:10.209285: Cycle: 5, Best model accuracy: [0.6921955347061157, 0.8266817331314087, 0.8685885667800903, 0.9107164740562439, 0.9354862570762634]
NAUTILUS=>2021-05-23 13:49:10.209285: Cycle: 5, Best model val_loss: [0.3013412356376648, 0.2644602656364441, 0.23622345924377441, 0.2224932610988617, 0.23127955198287964]
NAUTILUS=>2021-05-23 13:49:10.209285: Cycle: 5, Best model val_accuracy: [0.8966397643089294, 0.9116717576980591, 0.9236247539520264, 0.9244238138198853, 0.9264432191848755]
NAUTILUS=>2021-05-23 13:49:10.510792: Completed active learning cycle. Elapsed time: 0:02:12.395937
NAUTILUS=>2021-05-23 13:49:10.510810: ========> Active learning cycle: 6
NAUTILUS=>2021-05-23 13:49:10.510814: Starting data loading
NAUTILUS=>2021-05-23 13:49:51.354987: Completed data loading. Elapsed time: 0:00:40.844173
NAUTILUS=>2021-05-23 13:49:51.355003: Starting model selection
NAUTILUS=>2021-05-23 13:49:51.355018: Materializing training data
NAUTILUS=>2021-05-23 13:49:51.581584: Completed materializing training data. Elapsed time: 0:00:00.226566
NAUTILUS=>2021-05-23 13:49:51.581594: Starting model training
NAUTILUS=>2021-05-23 13:52:18.261379: Completed model training. Elapsed time: 0:02:26.679785
NAUTILUS=>2021-05-23 13:52:18.261379: Cycle: 6, Model: 0, loss: [0.7858965396881104, 0.46928679943084717, 0.3396730422973633, 0.25560057163238525, 0.18200817704200745]
NAUTILUS=>2021-05-23 13:52:18.261379: Cycle: 6, Model: 0, accuracy: [0.7292013764381409, 0.8368784785270691, 0.8828925490379333, 0.9143738746643066, 0.9425364136695862]
NAUTILUS=>2021-05-23 13:52:18.261379: Cycle: 6, Model: 0, val_loss: [0.2636231780052185, 0.2664879560470581, 0.22213777899742126, 0.19965173304080963, 0.20571689307689667]
NAUTILUS=>2021-05-23 13:52:18.261379: Cycle: 6, Model: 0, val_accuracy: [0.9048028588294983, 0.9146237373352051, 0.9229474663734436, 0.9323388934135437, 0.9358837604522705]
NAUTILUS=>2021-05-23 13:52:18.261379: Cycle: 6, Model: 1, loss: [0.8295163512229919, 0.4864271581172943, 0.3765503466129303, 0.29941830039024353, 0.23733264207839966]
NAUTILUS=>2021-05-23 13:52:18.261379: Cycle: 6, Model: 1, accuracy: [0.7132124304771423, 0.8294124603271484, 0.8680835962295532, 0.8998165726661682, 0.9244931936264038]
NAUTILUS=>2021-05-23 13:52:18.261379: Cycle: 6, Model: 1, val_loss: [0.2901887893676758, 0.2700625956058502, 0.22178149223327637, 0.19706855714321136, 0.19839929044246674]
NAUTILUS=>2021-05-23 13:52:18.261379: Cycle: 6, Model: 1, val_accuracy: [0.9004414081573486, 0.9022248387336731, 0.9253427982330322, 0.9335129857063293, 0.9337576031684875]
NAUTILUS=>2021-05-23 13:52:18.261445: Starting to generating the best model
NAUTILUS=>2021-05-23 13:52:25.507139: Completed generating the best model. Elapsed time: 0:00:07.245694
NAUTILUS=>2021-05-23 13:52:25.507139: Cycle: 6, Best Model: 0
NAUTILUS=>2021-05-23 13:52:25.507139: Cycle: 6, Best model loss: [0.7858965396881104, 0.46928679943084717, 0.3396730422973633, 0.25560057163238525, 0.18200817704200745]
NAUTILUS=>2021-05-23 13:52:25.507139: Cycle: 6, Best model accuracy: [0.7292013764381409, 0.8368784785270691, 0.8828925490379333, 0.9143738746643066, 0.9425364136695862]
NAUTILUS=>2021-05-23 13:52:25.507139: Cycle: 6, Best model val_loss: [0.2636231780052185, 0.2664879560470581, 0.22213777899742126, 0.19965173304080963, 0.20571689307689667]
NAUTILUS=>2021-05-23 13:52:25.507139: Cycle: 6, Best model val_accuracy: [0.9048028588294983, 0.9146237373352051, 0.9229474663734436, 0.9323388934135437, 0.9358837604522705]
NAUTILUS=>2021-05-23 13:52:25.811048: Completed active learning cycle. Elapsed time: 0:02:34.456045
NAUTILUS=>2021-05-23 13:52:25.811065: ========> Active learning cycle: 7
NAUTILUS=>2021-05-23 13:52:25.811069: Starting data loading
NAUTILUS=>2021-05-23 13:52:58.570073: Completed data loading. Elapsed time: 0:00:32.759004
NAUTILUS=>2021-05-23 13:52:58.570089: Starting model selection
NAUTILUS=>2021-05-23 13:52:58.570105: Materializing training data
NAUTILUS=>2021-05-23 13:52:58.802833: Completed materializing training data. Elapsed time: 0:00:00.232728
NAUTILUS=>2021-05-23 13:52:58.802846: Starting model training
NAUTILUS=>2021-05-23 13:55:47.104143: Completed model training. Elapsed time: 0:02:48.301297
NAUTILUS=>2021-05-23 13:55:47.104143: Cycle: 7, Model: 0, loss: [0.727860689163208, 0.4165000319480896, 0.3231903314590454, 0.23259270191192627, 0.1671859622001648]
NAUTILUS=>2021-05-23 13:55:47.104143: Cycle: 7, Model: 0, accuracy: [0.7474967837333679, 0.8550359010696411, 0.8872821927070618, 0.9195929765701294, 0.9432539343833923]
NAUTILUS=>2021-05-23 13:55:47.104143: Cycle: 7, Model: 0, val_loss: [0.2582947015762329, 0.20768672227859497, 0.19539202749729156, 0.2031312733888626, 0.2002348154783249]
NAUTILUS=>2021-05-23 13:55:47.104143: Cycle: 7, Model: 0, val_accuracy: [0.9086786508560181, 0.9296627640724182, 0.932969868183136, 0.9357430338859558, 0.939337968826294]
NAUTILUS=>2021-05-23 13:55:47.104143: Cycle: 7, Model: 1, loss: [0.7676295042037964, 0.4417216181755066, 0.349344938993454, 0.27965354919433594, 0.22965288162231445]
NAUTILUS=>2021-05-23 13:55:47.104143: Cycle: 7, Model: 1, accuracy: [0.7321515679359436, 0.8417808413505554, 0.8786600828170776, 0.903868556022644, 0.9232533574104309]
NAUTILUS=>2021-05-23 13:55:47.104143: Cycle: 7, Model: 1, val_loss: [0.26819223165512085, 0.2150886505842209, 0.19895952939987183, 0.2035835236310959, 0.19255846738815308]
NAUTILUS=>2021-05-23 13:55:47.104143: Cycle: 7, Model: 1, val_accuracy: [0.9045039415359497, 0.9246193766593933, 0.9316587448120117, 0.9346312880516052, 0.9357239007949829]
NAUTILUS=>2021-05-23 13:55:47.104206: Starting to generating the best model
NAUTILUS=>2021-05-23 13:55:54.318449: Completed generating the best model. Elapsed time: 0:00:07.214243
NAUTILUS=>2021-05-23 13:55:54.318449: Cycle: 7, Best Model: 0
NAUTILUS=>2021-05-23 13:55:54.318449: Cycle: 7, Best model loss: [0.727860689163208, 0.4165000319480896, 0.3231903314590454, 0.23259270191192627, 0.1671859622001648]
NAUTILUS=>2021-05-23 13:55:54.318449: Cycle: 7, Best model accuracy: [0.7474967837333679, 0.8550359010696411, 0.8872821927070618, 0.9195929765701294, 0.9432539343833923]
NAUTILUS=>2021-05-23 13:55:54.318449: Cycle: 7, Best model val_loss: [0.2582947015762329, 0.20768672227859497, 0.19539202749729156, 0.2031312733888626, 0.2002348154783249]
NAUTILUS=>2021-05-23 13:55:54.318449: Cycle: 7, Best model val_accuracy: [0.9086786508560181, 0.9296627640724182, 0.932969868183136, 0.9357430338859558, 0.939337968826294]
NAUTILUS=>2021-05-23 13:55:54.620344: Completed active learning cycle. Elapsed time: 0:02:56.050255
NAUTILUS=>2021-05-23 13:55:54.620361: ========> Active learning cycle: 8
NAUTILUS=>2021-05-23 13:55:54.620364: Starting data loading
NAUTILUS=>2021-05-23 13:56:31.296977: Completed data loading. Elapsed time: 0:00:36.676613
NAUTILUS=>2021-05-23 13:56:31.296995: Starting model selection
NAUTILUS=>2021-05-23 13:56:31.297009: Materializing training data
NAUTILUS=>2021-05-23 13:56:31.527400: Completed materializing training data. Elapsed time: 0:00:00.230391
NAUTILUS=>2021-05-23 13:56:31.527410: Starting model training
NAUTILUS=>2021-05-23 13:59:41.970000: Completed model training. Elapsed time: 0:03:10.442590
NAUTILUS=>2021-05-23 13:59:41.970000: Cycle: 8, Model: 0, loss: [0.6416833996772766, 0.38777121901512146, 0.28544262051582336, 0.21490055322647095, 0.14896142482757568]
NAUTILUS=>2021-05-23 13:59:41.970000: Cycle: 8, Model: 0, accuracy: [0.7729958295822144, 0.8640378713607788, 0.8995302319526672, 0.9269201159477234, 0.9487356543540955]
NAUTILUS=>2021-05-23 13:59:41.970000: Cycle: 8, Model: 0, val_loss: [0.36659690737724304, 0.2162141650915146, 0.17630904912948608, 0.20432838797569275, 0.19102232158184052]
NAUTILUS=>2021-05-23 13:59:41.970000: Cycle: 8, Model: 0, val_accuracy: [0.8689596652984619, 0.9233248829841614, 0.9374307990074158, 0.9338058233261108, 0.9428442120552063]
NAUTILUS=>2021-05-23 13:59:41.970000: Cycle: 8, Model: 1, loss: [0.6897921562194824, 0.40400731563568115, 0.31832990050315857, 0.2580149173736572, 0.2078772336244583]
NAUTILUS=>2021-05-23 13:59:41.970000: Cycle: 8, Model: 1, accuracy: [0.7563283443450928, 0.854451060295105, 0.8865825533866882, 0.9146151542663574, 0.9294812679290771]
NAUTILUS=>2021-05-23 13:59:41.970000: Cycle: 8, Model: 1, val_loss: [0.3690357506275177, 0.23554286360740662, 0.18668220937252045, 0.21266542375087738, 0.1946486085653305]
NAUTILUS=>2021-05-23 13:59:41.970000: Cycle: 8, Model: 1, val_accuracy: [0.8649439215660095, 0.9188804030418396, 0.9333827495574951, 0.9232641458511353, 0.9334927201271057]
NAUTILUS=>2021-05-23 13:59:41.970061: Starting to generating the best model
NAUTILUS=>2021-05-23 13:59:49.271201: Completed generating the best model. Elapsed time: 0:00:07.301140
NAUTILUS=>2021-05-23 13:59:49.271201: Cycle: 8, Best Model: 0
NAUTILUS=>2021-05-23 13:59:49.271201: Cycle: 8, Best model loss: [0.6416833996772766, 0.38777121901512146, 0.28544262051582336, 0.21490055322647095, 0.14896142482757568]
NAUTILUS=>2021-05-23 13:59:49.271201: Cycle: 8, Best model accuracy: [0.7729958295822144, 0.8640378713607788, 0.8995302319526672, 0.9269201159477234, 0.9487356543540955]
NAUTILUS=>2021-05-23 13:59:49.271201: Cycle: 8, Best model val_loss: [0.36659690737724304, 0.2162141650915146, 0.17630904912948608, 0.20432838797569275, 0.19102232158184052]
NAUTILUS=>2021-05-23 13:59:49.271201: Cycle: 8, Best model val_accuracy: [0.8689596652984619, 0.9233248829841614, 0.9374307990074158, 0.9338058233261108, 0.9428442120552063]
NAUTILUS=>2021-05-23 13:59:49.572592: Completed active learning cycle. Elapsed time: 0:03:18.275597
NAUTILUS=>2021-05-23 13:59:49.572610: ========> Active learning cycle: 9
NAUTILUS=>2021-05-23 13:59:49.572613: Starting data loading
NAUTILUS=>2021-05-23 14:00:18.867123: Completed data loading. Elapsed time: 0:00:29.294510
NAUTILUS=>2021-05-23 14:00:18.867141: Starting model selection
NAUTILUS=>2021-05-23 14:00:18.867156: Materializing training data
NAUTILUS=>2021-05-23 14:00:19.095558: Completed materializing training data. Elapsed time: 0:00:00.228402
NAUTILUS=>2021-05-23 14:00:19.095567: Starting model training
NAUTILUS=>2021-05-23 14:03:51.320234: Completed model training. Elapsed time: 0:03:32.224667
NAUTILUS=>2021-05-23 14:03:51.320234: Cycle: 9, Model: 0, loss: [0.6046141982078552, 0.34401193261146545, 0.2612588405609131, 0.18389977514743805, 0.12831060588359833]
NAUTILUS=>2021-05-23 14:03:51.320234: Cycle: 9, Model: 0, accuracy: [0.7880347967147827, 0.8784402012825012, 0.9070106148719788, 0.9347118735313416, 0.9561068415641785]
NAUTILUS=>2021-05-23 14:03:51.320234: Cycle: 9, Model: 0, val_loss: [0.22905364632606506, 0.19059433043003082, 0.19349613785743713, 0.1797054409980774, 0.18217115104198456]
NAUTILUS=>2021-05-23 14:03:51.320234: Cycle: 9, Model: 0, val_accuracy: [0.9156277775764465, 0.9354223012924194, 0.937904417514801, 0.9412527680397034, 0.9460994601249695]
NAUTILUS=>2021-05-23 14:03:51.320234: Cycle: 9, Model: 1, loss: [0.6393380165100098, 0.36268845200538635, 0.29130250215530396, 0.229338601231575, 0.18462322652339935]
NAUTILUS=>2021-05-23 14:03:51.320234: Cycle: 9, Model: 1, accuracy: [0.7740277647972107, 0.8689013719558716, 0.8979968428611755, 0.9214746952056885, 0.9389064311981201]
NAUTILUS=>2021-05-23 14:03:51.320234: Cycle: 9, Model: 1, val_loss: [0.23163944482803345, 0.20285192131996155, 0.19309209287166595, 0.18349574506282806, 0.17476888000965118]
NAUTILUS=>2021-05-23 14:03:51.320234: Cycle: 9, Model: 1, val_accuracy: [0.9161224365234375, 0.9296213388442993, 0.9350088238716125, 0.9375860691070557, 0.9444211721420288]
NAUTILUS=>2021-05-23 14:03:51.320295: Starting to generating the best model
NAUTILUS=>2021-05-23 14:03:58.540219: Completed generating the best model. Elapsed time: 0:00:07.219924
NAUTILUS=>2021-05-23 14:03:58.540219: Cycle: 9, Best Model: 0
NAUTILUS=>2021-05-23 14:03:58.540219: Cycle: 9, Best model loss: [0.6046141982078552, 0.34401193261146545, 0.2612588405609131, 0.18389977514743805, 0.12831060588359833]
NAUTILUS=>2021-05-23 14:03:58.540219: Cycle: 9, Best model accuracy: [0.7880347967147827, 0.8784402012825012, 0.9070106148719788, 0.9347118735313416, 0.9561068415641785]
NAUTILUS=>2021-05-23 14:03:58.540219: Cycle: 9, Best model val_loss: [0.22905364632606506, 0.19059433043003082, 0.19349613785743713, 0.1797054409980774, 0.18217115104198456]
NAUTILUS=>2021-05-23 14:03:58.540219: Cycle: 9, Best model val_accuracy: [0.9156277775764465, 0.9354223012924194, 0.937904417514801, 0.9412527680397034, 0.9460994601249695]
NAUTILUS=>2021-05-23 14:03:58.836192: Completed active learning cycle. Elapsed time: 0:03:39.969051
NAUTILUS=>2021-05-23 14:03:58.836209: ========> Active learning cycle: 10
NAUTILUS=>2021-05-23 14:03:58.836213: Starting data loading
NAUTILUS=>2021-05-23 14:04:31.240888: Completed data loading. Elapsed time: 0:00:32.404675
NAUTILUS=>2021-05-23 14:04:31.240906: Starting model selection
NAUTILUS=>2021-05-23 14:04:31.240921: Materializing training data
NAUTILUS=>2021-05-23 14:04:31.467048: Completed materializing training data. Elapsed time: 0:00:00.226127
NAUTILUS=>2021-05-23 14:04:31.467059: Starting model training
NAUTILUS=>2021-05-23 14:08:25.366704: Completed model training. Elapsed time: 0:03:53.899645
NAUTILUS=>2021-05-23 14:08:25.366704: Cycle: 10, Model: 0, loss: [0.5441157817840576, 0.3185666799545288, 0.24102357029914856, 0.1748122125864029, 0.11163590848445892]
NAUTILUS=>2021-05-23 14:08:25.366704: Cycle: 10, Model: 0, accuracy: [0.8041684627532959, 0.8833838701248169, 0.9140326976776123, 0.9390192031860352, 0.9615916609764099]
NAUTILUS=>2021-05-23 14:08:25.366704: Cycle: 10, Model: 0, val_loss: [0.20905467867851257, 0.21310363709926605, 0.20633727312088013, 0.1766042560338974, 0.1745923012495041]
NAUTILUS=>2021-05-23 14:08:25.366704: Cycle: 10, Model: 0, val_accuracy: [0.9258652925491333, 0.9237681031227112, 0.9339491724967957, 0.946698009967804, 0.9488143920898438]
NAUTILUS=>2021-05-23 14:08:25.366704: Cycle: 10, Model: 1, loss: [0.5701335668563843, 0.3336319327354431, 0.26360052824020386, 0.2161238044500351, 0.16515813767910004]
NAUTILUS=>2021-05-23 14:08:25.366704: Cycle: 10, Model: 1, accuracy: [0.7928476333618164, 0.8761983513832092, 0.9059897065162659, 0.9261832237243652, 0.9444672465324402]
NAUTILUS=>2021-05-23 14:08:25.366704: Cycle: 10, Model: 1, val_loss: [0.2324591875076294, 0.21752242743968964, 0.20183587074279785, 0.17513786256313324, 0.17541922628879547]
NAUTILUS=>2021-05-23 14:08:25.366704: Cycle: 10, Model: 1, val_accuracy: [0.919370174407959, 0.9238166213035583, 0.9307683706283569, 0.9436849355697632, 0.9425524473190308]
NAUTILUS=>2021-05-23 14:08:25.366766: Starting to generating the best model
NAUTILUS=>2021-05-23 14:08:32.617744: Completed generating the best model. Elapsed time: 0:00:07.250978
NAUTILUS=>2021-05-23 14:08:32.617744: Cycle: 10, Best Model: 0
NAUTILUS=>2021-05-23 14:08:32.617744: Cycle: 10, Best model loss: [0.5441157817840576, 0.3185666799545288, 0.24102357029914856, 0.1748122125864029, 0.11163590848445892]
NAUTILUS=>2021-05-23 14:08:32.617744: Cycle: 10, Best model accuracy: [0.8041684627532959, 0.8833838701248169, 0.9140326976776123, 0.9390192031860352, 0.9615916609764099]
NAUTILUS=>2021-05-23 14:08:32.617744: Cycle: 10, Best model val_loss: [0.20905467867851257, 0.21310363709926605, 0.20633727312088013, 0.1766042560338974, 0.1745923012495041]
NAUTILUS=>2021-05-23 14:08:32.617744: Cycle: 10, Best model val_accuracy: [0.9258652925491333, 0.9237681031227112, 0.9339491724967957, 0.946698009967804, 0.9488143920898438]
NAUTILUS=>2021-05-23 14:08:32.919067: Completed active learning cycle. Elapsed time: 0:04:01.678161
NAUTILUS=>2021-05-23 14:08:32.919084: Workload completed. Elapsed time: 0:30:26.822790
