NAUTILUS=>2021-05-23 14:08:35.719900: Starting workload
NAUTILUS=>2021-05-23 14:08:35.719900: RANDOM_SEED: 2020
NAUTILUS=>2021-05-23 14:08:35.719900: VERY_LARGE_VALUE: 1000000000000000.0
NAUTILUS=>2021-05-23 14:08:35.719900: NO_MAT_OPT: False
NAUTILUS=>2021-05-23 14:08:35.719900: MODE: ftr3-2
NAUTILUS=>2021-05-23 14:08:35.719900: STORAGE_PATH: ./storage
NAUTILUS=>2021-05-23 14:08:35.719900: NO_FUSE_OPT: True
NAUTILUS=>2021-05-23 14:08:35.719900: NUM_EPOCHS: 5
NAUTILUS=>2021-05-23 14:08:35.719900: MAX_NUM_RECORDS: 5000
NAUTILUS=>2021-05-23 14:08:35.719900: ACTIVE_LEARNING_BATCH_SIZE: 500
NAUTILUS=>2021-05-23 14:08:35.719900: VALID_FRACTION: 0.2
NAUTILUS=>2021-05-23 14:08:35.719900: SAMPLING_STRATERGY: uncertainty
NAUTILUS=>2021-05-23 14:08:35.719900: NO_PRETRAINING: False
NAUTILUS=>2021-05-23 14:08:35.719900: STORAGE_BUDGET: 25
NAUTILUS=>2021-05-23 14:08:35.719900: MEMORY_BUDGET: 10
NAUTILUS=>2021-05-23 14:08:35.719900: WORKSPACE_MEMORY: 1
NAUTILUS=>2021-05-23 14:08:35.719900: COMPUTE_THROUGHPUT: 6
NAUTILUS=>2021-05-23 14:08:35.719900: DISK_THROUGHPUT: 500
NAUTILUS=>2021-05-23 14:08:35.719900: SHUFFLE_BUFFER_SIZE: 10000
NAUTILUS=>2021-05-23 14:08:35.719952: Starting system initialization
NAUTILUS=>2021-05-23 14:08:36.243290: Starting model profiling
NAUTILUS=>2021-05-23 14:08:59.213025: Completed model profiling. Elapsed time: 0:00:22.969732
NAUTILUS=>2021-05-23 14:08:59.213025: Model parameters
NAUTILUS=>2021-05-23 14:08:59.213084: Generating optimized model selection plan
NAUTILUS=>2021-05-23 14:08:59.244901: Materialized layers candidates: tf_op_layer_strided_slice,tf_op_layer_Cast,tf_op_layer_Sub,tf_op_layer_Mul,layer_9
NAUTILUS=>2021-05-23 14:08:59.256211: Used materialized layers: layer_9
NAUTILUS=>2021-05-23 14:08:59.256211: Model training plan: {"0": {"models": ["0"], "output_layers": ["0/classifier"], "flops_consumption": 438177892375000.0, "compute_flops": 325531408000000.0, "load_flops": 112646484375000.0, "memory_consumption": 1.8776347935199738, "used_materialized_layers": ["layer_9"], "batch_size": 16, "num_epochs": [5]}, "1": {"models": ["1"], "output_layers": ["1/classifier"], "flops_consumption": 438177892375000.0, "compute_flops": 325531408000000.0, "load_flops": 112646484375000.0, "memory_consumption": 1.8776347935199738, "used_materialized_layers": ["layer_9"], "batch_size": 16, "num_epochs": [5]}}
NAUTILUS=>2021-05-23 14:08:59.256324: Completed generating optimized model selection plan. Elapsed time: 0:00:00.043239
NAUTILUS=>2021-05-23 14:08:59.256330: Generating fused models
NAUTILUS=>2021-05-23 14:09:07.994641: Completed generating fused models. Elapsed time: 0:00:08.738310
NAUTILUS=>2021-05-23 14:09:07.994641: Current Practice FLOPs: 298276079360.0
NAUTILUS=>2021-05-23 14:09:07.994641: Optimal FLOPs: 74194010880.0
NAUTILUS=>2021-05-23 14:09:07.994641: Theoretical Speedup: 4.020217748335861
NAUTILUS=>2021-05-23 14:09:08.056965: Completed system initialization. Elapsed time: 0:00:32.337013
NAUTILUS=>2021-05-23 14:09:08.056989: ========> Active learning cycle: 1
NAUTILUS=>2021-05-23 14:09:08.056994: Starting data loading
NAUTILUS=>2021-05-23 14:09:23.335258: Completed data loading. Elapsed time: 0:00:15.278264
NAUTILUS=>2021-05-23 14:09:23.335283: Starting model selection
NAUTILUS=>2021-05-23 14:09:23.335304: Materializing training data
NAUTILUS=>2021-05-23 14:09:23.579944: Completed materializing training data. Elapsed time: 0:00:00.244640
NAUTILUS=>2021-05-23 14:09:23.579956: Generating intermediate features
NAUTILUS=>2021-05-23 14:09:32.207511: Completed generating intermediate features. Elapsed time: 0:00:08.627555
NAUTILUS=>2021-05-23 14:09:32.207531: Starting model training
NAUTILUS=>2021-05-23 14:10:06.951416: Completed model training. Elapsed time: 0:00:34.743885
NAUTILUS=>2021-05-23 14:10:06.951416: Cycle: 1, Model: 0, loss: [0.828880786895752, 0.2970869541168213, 0.19052249193191528, 0.12513619661331177, 0.08048417419195175]
NAUTILUS=>2021-05-23 14:10:06.951416: Cycle: 1, Model: 0, accuracy: [0.7468414902687073, 0.8900124430656433, 0.9346765279769897, 0.9563759565353394, 0.9700300097465515]
NAUTILUS=>2021-05-23 14:10:06.951416: Cycle: 1, Model: 0, val_loss: [0.4639214277267456, 0.41468513011932373, 0.3532772362232208, 0.39335745573043823, 0.37415385246276855]
NAUTILUS=>2021-05-23 14:10:06.951416: Cycle: 1, Model: 0, val_accuracy: [0.8359349966049194, 0.8561877608299255, 0.8714163899421692, 0.8704221248626709, 0.8852939605712891]
NAUTILUS=>2021-05-23 14:10:06.951416: Cycle: 1, Model: 1, loss: [1.004594087600708, 0.4065803289413452, 0.28088250756263733, 0.1944686770439148, 0.1432686597108841]
NAUTILUS=>2021-05-23 14:10:06.951416: Cycle: 1, Model: 1, accuracy: [0.7063083052635193, 0.8641493320465088, 0.9058865904808044, 0.9262921214103699, 0.9485536217689514]
NAUTILUS=>2021-05-23 14:10:06.951416: Cycle: 1, Model: 1, val_loss: [0.5762648582458496, 0.4119472801685333, 0.3756779432296753, 0.36078959703445435, 0.36561137437820435]
NAUTILUS=>2021-05-23 14:10:06.951416: Cycle: 1, Model: 1, val_accuracy: [0.8098840117454529, 0.8507524728775024, 0.8563680052757263, 0.869193971157074, 0.8720411062240601]
NAUTILUS=>2021-05-23 14:10:06.951483: Starting to generating the best model
NAUTILUS=>2021-05-23 14:10:12.693348: Completed generating the best model. Elapsed time: 0:00:05.741865
NAUTILUS=>2021-05-23 14:10:12.693348: Cycle: 1, Best Model: 0
NAUTILUS=>2021-05-23 14:10:12.693348: Cycle: 1, Best model loss: [0.828880786895752, 0.2970869541168213, 0.19052249193191528, 0.12513619661331177, 0.08048417419195175]
NAUTILUS=>2021-05-23 14:10:12.693348: Cycle: 1, Best model accuracy: [0.7468414902687073, 0.8900124430656433, 0.9346765279769897, 0.9563759565353394, 0.9700300097465515]
NAUTILUS=>2021-05-23 14:10:12.693348: Cycle: 1, Best model val_loss: [0.4639214277267456, 0.41468513011932373, 0.3532772362232208, 0.39335745573043823, 0.37415385246276855]
NAUTILUS=>2021-05-23 14:10:12.693348: Cycle: 1, Best model val_accuracy: [0.8359349966049194, 0.8561877608299255, 0.8714163899421692, 0.8704221248626709, 0.8852939605712891]
NAUTILUS=>2021-05-23 14:10:12.994615: Completed active learning cycle. Elapsed time: 0:00:49.659332
NAUTILUS=>2021-05-23 14:10:12.994632: ========> Active learning cycle: 2
NAUTILUS=>2021-05-23 14:10:12.994636: Starting data loading
NAUTILUS=>2021-05-23 14:11:02.406341: Completed data loading. Elapsed time: 0:00:49.411705
NAUTILUS=>2021-05-23 14:11:02.406359: Starting model selection
NAUTILUS=>2021-05-23 14:11:02.406373: Materializing training data
NAUTILUS=>2021-05-23 14:11:02.640527: Completed materializing training data. Elapsed time: 0:00:00.234154
NAUTILUS=>2021-05-23 14:11:02.640537: Generating intermediate features
NAUTILUS=>2021-05-23 14:11:11.305203: Completed generating intermediate features. Elapsed time: 0:00:08.664666
NAUTILUS=>2021-05-23 14:11:11.305222: Starting model training
NAUTILUS=>2021-05-23 14:12:04.174158: Completed model training. Elapsed time: 0:00:52.868936
NAUTILUS=>2021-05-23 14:12:04.174158: Cycle: 2, Model: 0, loss: [0.9820089936256409, 0.42822322249412537, 0.274488627910614, 0.19114264845848083, 0.12522202730178833]
NAUTILUS=>2021-05-23 14:12:04.174158: Cycle: 2, Model: 0, accuracy: [0.6411345601081848, 0.8296785950660706, 0.8881787657737732, 0.9303540587425232, 0.9543465375900269]
NAUTILUS=>2021-05-23 14:12:04.174158: Cycle: 2, Model: 0, val_loss: [0.3782179355621338, 0.34705260396003723, 0.2961651086807251, 0.2835554778575897, 0.305136114358902]
NAUTILUS=>2021-05-23 14:12:04.174158: Cycle: 2, Model: 0, val_accuracy: [0.8639460802078247, 0.8841715455055237, 0.9048786163330078, 0.9142364263534546, 0.9139883518218994]
NAUTILUS=>2021-05-23 14:12:04.174158: Cycle: 2, Model: 1, loss: [1.031630516052246, 0.49598366022109985, 0.33836865425109863, 0.2519090175628662, 0.17347869277000427]
NAUTILUS=>2021-05-23 14:12:04.174158: Cycle: 2, Model: 1, accuracy: [0.6214208006858826, 0.8046935200691223, 0.8720493316650391, 0.9077181816101074, 0.9331250190734863]
NAUTILUS=>2021-05-23 14:12:04.174158: Cycle: 2, Model: 1, val_loss: [0.4488494098186493, 0.3552568852901459, 0.2943028509616852, 0.28837546706199646, 0.27607956528663635]
NAUTILUS=>2021-05-23 14:12:04.174158: Cycle: 2, Model: 1, val_accuracy: [0.8425663709640503, 0.8833434581756592, 0.8984968066215515, 0.9134674668312073, 0.9148668646812439]
NAUTILUS=>2021-05-23 14:12:04.174225: Starting to generating the best model
NAUTILUS=>2021-05-23 14:12:09.922760: Completed generating the best model. Elapsed time: 0:00:05.748535
NAUTILUS=>2021-05-23 14:12:09.922760: Cycle: 2, Best Model: 1
NAUTILUS=>2021-05-23 14:12:09.922760: Cycle: 2, Best model loss: [1.031630516052246, 0.49598366022109985, 0.33836865425109863, 0.2519090175628662, 0.17347869277000427]
NAUTILUS=>2021-05-23 14:12:09.922760: Cycle: 2, Best model accuracy: [0.6214208006858826, 0.8046935200691223, 0.8720493316650391, 0.9077181816101074, 0.9331250190734863]
NAUTILUS=>2021-05-23 14:12:09.922760: Cycle: 2, Best model val_loss: [0.4488494098186493, 0.3552568852901459, 0.2943028509616852, 0.28837546706199646, 0.27607956528663635]
NAUTILUS=>2021-05-23 14:12:09.922760: Cycle: 2, Best model val_accuracy: [0.8425663709640503, 0.8833434581756592, 0.8984968066215515, 0.9134674668312073, 0.9148668646812439]
NAUTILUS=>2021-05-23 14:12:10.222672: Completed active learning cycle. Elapsed time: 0:01:07.816313
NAUTILUS=>2021-05-23 14:12:10.222691: ========> Active learning cycle: 3
NAUTILUS=>2021-05-23 14:12:10.222694: Starting data loading
NAUTILUS=>2021-05-23 14:12:49.908996: Completed data loading. Elapsed time: 0:00:39.686302
NAUTILUS=>2021-05-23 14:12:49.909013: Starting model selection
NAUTILUS=>2021-05-23 14:12:49.909028: Materializing training data
NAUTILUS=>2021-05-23 14:12:50.141145: Completed materializing training data. Elapsed time: 0:00:00.232117
NAUTILUS=>2021-05-23 14:12:50.141156: Generating intermediate features
NAUTILUS=>2021-05-23 14:12:58.799803: Completed generating intermediate features. Elapsed time: 0:00:08.658647
NAUTILUS=>2021-05-23 14:12:58.799821: Starting model training
NAUTILUS=>2021-05-23 14:14:09.000874: Completed model training. Elapsed time: 0:01:10.201053
NAUTILUS=>2021-05-23 14:14:09.000874: Cycle: 3, Model: 0, loss: [1.0503240823745728, 0.5038192272186279, 0.34329548478126526, 0.27409422397613525, 0.18432030081748962]
NAUTILUS=>2021-05-23 14:14:09.000874: Cycle: 3, Model: 0, accuracy: [0.6394216418266296, 0.8110025525093079, 0.8757426142692566, 0.9025945067405701, 0.9401528835296631]
NAUTILUS=>2021-05-23 14:14:09.000874: Cycle: 3, Model: 0, val_loss: [0.36566832661628723, 0.2560340464115143, 0.27582311630249023, 0.31012749671936035, 0.2955993115901947]
NAUTILUS=>2021-05-23 14:14:09.000874: Cycle: 3, Model: 0, val_accuracy: [0.8686020970344543, 0.9100136160850525, 0.9169734716415405, 0.9171760082244873, 0.9122934937477112]
NAUTILUS=>2021-05-23 14:14:09.000874: Cycle: 3, Model: 1, loss: [1.0786219835281372, 0.5533128380775452, 0.41141536831855774, 0.3229483664035797, 0.24406537413597107]
NAUTILUS=>2021-05-23 14:14:09.000874: Cycle: 3, Model: 1, accuracy: [0.6122634410858154, 0.7813418507575989, 0.846768319606781, 0.8865628838539124, 0.9208267331123352]
NAUTILUS=>2021-05-23 14:14:09.000874: Cycle: 3, Model: 1, val_loss: [0.38938483595848083, 0.3041931986808777, 0.2628311812877655, 0.27452102303504944, 0.25541338324546814]
NAUTILUS=>2021-05-23 14:14:09.000874: Cycle: 3, Model: 1, val_accuracy: [0.8718843460083008, 0.8965688347816467, 0.9098889231681824, 0.9124472141265869, 0.9129377007484436]
NAUTILUS=>2021-05-23 14:14:09.000941: Starting to generating the best model
NAUTILUS=>2021-05-23 14:14:14.706608: Completed generating the best model. Elapsed time: 0:00:05.705667
NAUTILUS=>2021-05-23 14:14:14.706608: Cycle: 3, Best Model: 1
NAUTILUS=>2021-05-23 14:14:14.706608: Cycle: 3, Best model loss: [1.0786219835281372, 0.5533128380775452, 0.41141536831855774, 0.3229483664035797, 0.24406537413597107]
NAUTILUS=>2021-05-23 14:14:14.706608: Cycle: 3, Best model accuracy: [0.6122634410858154, 0.7813418507575989, 0.846768319606781, 0.8865628838539124, 0.9208267331123352]
NAUTILUS=>2021-05-23 14:14:14.706608: Cycle: 3, Best model val_loss: [0.38938483595848083, 0.3041931986808777, 0.2628311812877655, 0.27452102303504944, 0.25541338324546814]
NAUTILUS=>2021-05-23 14:14:14.706608: Cycle: 3, Best model val_accuracy: [0.8718843460083008, 0.8965688347816467, 0.9098889231681824, 0.9124472141265869, 0.9129377007484436]
NAUTILUS=>2021-05-23 14:14:14.999840: Completed active learning cycle. Elapsed time: 0:01:25.090827
NAUTILUS=>2021-05-23 14:14:14.999857: ========> Active learning cycle: 4
NAUTILUS=>2021-05-23 14:14:14.999860: Starting data loading
NAUTILUS=>2021-05-23 14:15:00.214670: Completed data loading. Elapsed time: 0:00:45.214810
NAUTILUS=>2021-05-23 14:15:00.214688: Starting model selection
NAUTILUS=>2021-05-23 14:15:00.214704: Materializing training data
NAUTILUS=>2021-05-23 14:15:00.447807: Completed materializing training data. Elapsed time: 0:00:00.233103
NAUTILUS=>2021-05-23 14:15:00.447817: Generating intermediate features
NAUTILUS=>2021-05-23 14:15:09.055216: Completed generating intermediate features. Elapsed time: 0:00:08.607399
NAUTILUS=>2021-05-23 14:15:09.055234: Starting model training
NAUTILUS=>2021-05-23 14:16:36.293293: Completed model training. Elapsed time: 0:01:27.238059
NAUTILUS=>2021-05-23 14:16:36.293293: Cycle: 4, Model: 0, loss: [0.9596703052520752, 0.5426236391067505, 0.3906387388706207, 0.297364205121994, 0.2247869372367859]
NAUTILUS=>2021-05-23 14:16:36.293293: Cycle: 4, Model: 0, accuracy: [0.6750210523605347, 0.8064690232276917, 0.8671517968177795, 0.9003514647483826, 0.9240975379943848]
NAUTILUS=>2021-05-23 14:16:36.293293: Cycle: 4, Model: 0, val_loss: [0.2978786528110504, 0.24785315990447998, 0.2531643211841583, 0.23843097686767578, 0.2697615325450897]
NAUTILUS=>2021-05-23 14:16:36.293293: Cycle: 4, Model: 0, val_accuracy: [0.8886531591415405, 0.9110644459724426, 0.9120538234710693, 0.9211224317550659, 0.916496992111206]
NAUTILUS=>2021-05-23 14:16:36.293293: Cycle: 4, Model: 1, loss: [0.9946258068084717, 0.5856354236602783, 0.43250057101249695, 0.349101185798645, 0.28593164682388306]
NAUTILUS=>2021-05-23 14:16:36.293293: Cycle: 4, Model: 1, accuracy: [0.6595574021339417, 0.7876559495925903, 0.8466192483901978, 0.882932722568512, 0.9077975749969482]
NAUTILUS=>2021-05-23 14:16:36.293293: Cycle: 4, Model: 1, val_loss: [0.3343241512775421, 0.26386570930480957, 0.23571373522281647, 0.23574811220169067, 0.2593853771686554]
NAUTILUS=>2021-05-23 14:16:36.293293: Cycle: 4, Model: 1, val_accuracy: [0.8835048675537109, 0.9073882102966309, 0.9193393588066101, 0.9188845157623291, 0.9140254259109497]
NAUTILUS=>2021-05-23 14:16:36.293358: Starting to generating the best model
NAUTILUS=>2021-05-23 14:16:41.976585: Completed generating the best model. Elapsed time: 0:00:05.683227
NAUTILUS=>2021-05-23 14:16:41.976585: Cycle: 4, Best Model: 0
NAUTILUS=>2021-05-23 14:16:41.976585: Cycle: 4, Best model loss: [0.9596703052520752, 0.5426236391067505, 0.3906387388706207, 0.297364205121994, 0.2247869372367859]
NAUTILUS=>2021-05-23 14:16:41.976585: Cycle: 4, Best model accuracy: [0.6750210523605347, 0.8064690232276917, 0.8671517968177795, 0.9003514647483826, 0.9240975379943848]
NAUTILUS=>2021-05-23 14:16:41.976585: Cycle: 4, Best model val_loss: [0.2978786528110504, 0.24785315990447998, 0.2531643211841583, 0.23843097686767578, 0.2697615325450897]
NAUTILUS=>2021-05-23 14:16:41.976585: Cycle: 4, Best model val_accuracy: [0.8886531591415405, 0.9110644459724426, 0.9120538234710693, 0.9211224317550659, 0.916496992111206]
NAUTILUS=>2021-05-23 14:16:42.270022: Completed active learning cycle. Elapsed time: 0:01:42.055334
NAUTILUS=>2021-05-23 14:16:42.270039: ========> Active learning cycle: 5
NAUTILUS=>2021-05-23 14:16:42.270042: Starting data loading
NAUTILUS=>2021-05-23 14:17:18.495185: Completed data loading. Elapsed time: 0:00:36.225143
NAUTILUS=>2021-05-23 14:17:18.495201: Starting model selection
NAUTILUS=>2021-05-23 14:17:18.495217: Materializing training data
NAUTILUS=>2021-05-23 14:17:18.735756: Completed materializing training data. Elapsed time: 0:00:00.240539
NAUTILUS=>2021-05-23 14:17:18.735769: Generating intermediate features
NAUTILUS=>2021-05-23 14:17:27.343344: Completed generating intermediate features. Elapsed time: 0:00:08.607575
NAUTILUS=>2021-05-23 14:17:27.343363: Starting model training
NAUTILUS=>2021-05-23 14:19:11.807203: Completed model training. Elapsed time: 0:01:44.463840
NAUTILUS=>2021-05-23 14:19:11.807203: Cycle: 5, Model: 0, loss: [0.8853709101676941, 0.4929724633693695, 0.3741864264011383, 0.2910918891429901, 0.20187334716320038]
NAUTILUS=>2021-05-23 14:19:11.807203: Cycle: 5, Model: 0, accuracy: [0.6910943984985352, 0.8278357982635498, 0.8678032159805298, 0.8984032273292542, 0.9364449977874756]
NAUTILUS=>2021-05-23 14:19:11.807203: Cycle: 5, Model: 0, val_loss: [0.29666340351104736, 0.2761925458908081, 0.23641595244407654, 0.22268258035182953, 0.22447094321250916]
NAUTILUS=>2021-05-23 14:19:11.807203: Cycle: 5, Model: 0, val_accuracy: [0.9021756649017334, 0.9035031199455261, 0.9187992215156555, 0.9251033067703247, 0.9289624094963074]
NAUTILUS=>2021-05-23 14:19:11.807203: Cycle: 5, Model: 1, loss: [0.9172696471214294, 0.5236733555793762, 0.40861284732818604, 0.3335857689380646, 0.26243314146995544]
NAUTILUS=>2021-05-23 14:19:11.807203: Cycle: 5, Model: 1, accuracy: [0.6801789999008179, 0.812061071395874, 0.8575568199157715, 0.8861221671104431, 0.9159056544303894]
NAUTILUS=>2021-05-23 14:19:11.807203: Cycle: 5, Model: 1, val_loss: [0.32242444157600403, 0.2658640742301941, 0.24590931832790375, 0.22186532616615295, 0.22074246406555176]
NAUTILUS=>2021-05-23 14:19:11.807203: Cycle: 5, Model: 1, val_accuracy: [0.8974747061729431, 0.9082103967666626, 0.9177258014678955, 0.9220165014266968, 0.924018383026123]
NAUTILUS=>2021-05-23 14:19:11.807269: Starting to generating the best model
NAUTILUS=>2021-05-23 14:19:17.561441: Completed generating the best model. Elapsed time: 0:00:05.754172
NAUTILUS=>2021-05-23 14:19:17.561441: Cycle: 5, Best Model: 0
NAUTILUS=>2021-05-23 14:19:17.561441: Cycle: 5, Best model loss: [0.8853709101676941, 0.4929724633693695, 0.3741864264011383, 0.2910918891429901, 0.20187334716320038]
NAUTILUS=>2021-05-23 14:19:17.561441: Cycle: 5, Best model accuracy: [0.6910943984985352, 0.8278357982635498, 0.8678032159805298, 0.8984032273292542, 0.9364449977874756]
NAUTILUS=>2021-05-23 14:19:17.561441: Cycle: 5, Best model val_loss: [0.29666340351104736, 0.2761925458908081, 0.23641595244407654, 0.22268258035182953, 0.22447094321250916]
NAUTILUS=>2021-05-23 14:19:17.561441: Cycle: 5, Best model val_accuracy: [0.9021756649017334, 0.9035031199455261, 0.9187992215156555, 0.9251033067703247, 0.9289624094963074]
NAUTILUS=>2021-05-23 14:19:17.861044: Completed active learning cycle. Elapsed time: 0:01:59.365843
NAUTILUS=>2021-05-23 14:19:17.861062: ========> Active learning cycle: 6
NAUTILUS=>2021-05-23 14:19:17.861066: Starting data loading
NAUTILUS=>2021-05-23 14:19:58.778189: Completed data loading. Elapsed time: 0:00:40.917123
NAUTILUS=>2021-05-23 14:19:58.778206: Starting model selection
NAUTILUS=>2021-05-23 14:19:58.778221: Materializing training data
NAUTILUS=>2021-05-23 14:19:59.016738: Completed materializing training data. Elapsed time: 0:00:00.238517
NAUTILUS=>2021-05-23 14:19:59.016749: Generating intermediate features
NAUTILUS=>2021-05-23 14:20:07.683573: Completed generating intermediate features. Elapsed time: 0:00:08.666824
NAUTILUS=>2021-05-23 14:20:07.683592: Starting model training
NAUTILUS=>2021-05-23 14:22:09.877043: Completed model training. Elapsed time: 0:02:02.193451
NAUTILUS=>2021-05-23 14:22:09.877043: Cycle: 6, Model: 0, loss: [0.7816019654273987, 0.45842599868774414, 0.34616202116012573, 0.2614232897758484, 0.17335258424282074]
NAUTILUS=>2021-05-23 14:22:09.877043: Cycle: 6, Model: 0, accuracy: [0.731797993183136, 0.8392515182495117, 0.8807676434516907, 0.909263014793396, 0.9427666068077087]
NAUTILUS=>2021-05-23 14:22:09.877043: Cycle: 6, Model: 0, val_loss: [0.2611139714717865, 0.23148374259471893, 0.21995753049850464, 0.19530965387821198, 0.20256081223487854]
NAUTILUS=>2021-05-23 14:22:09.877043: Cycle: 6, Model: 0, val_accuracy: [0.9069599509239197, 0.9146952033042908, 0.9238062500953674, 0.932925820350647, 0.932982861995697]
NAUTILUS=>2021-05-23 14:22:09.877043: Cycle: 6, Model: 1, loss: [0.8246988654136658, 0.48053959012031555, 0.38363537192344666, 0.3041907548904419, 0.23908819258213043]
NAUTILUS=>2021-05-23 14:22:09.877043: Cycle: 6, Model: 1, accuracy: [0.7125089764595032, 0.8310571908950806, 0.864337682723999, 0.8957840204238892, 0.922522783279419]
NAUTILUS=>2021-05-23 14:22:09.877043: Cycle: 6, Model: 1, val_loss: [0.2823687195777893, 0.23432788252830505, 0.21511845290660858, 0.19315537810325623, 0.2013426274061203]
NAUTILUS=>2021-05-23 14:22:09.877043: Cycle: 6, Model: 1, val_accuracy: [0.8986539840698242, 0.9157578349113464, 0.9267829656600952, 0.9322687983512878, 0.930157482624054]
NAUTILUS=>2021-05-23 14:22:09.877108: Starting to generating the best model
NAUTILUS=>2021-05-23 14:22:15.627154: Completed generating the best model. Elapsed time: 0:00:05.750046
NAUTILUS=>2021-05-23 14:22:15.627154: Cycle: 6, Best Model: 0
NAUTILUS=>2021-05-23 14:22:15.627154: Cycle: 6, Best model loss: [0.7816019654273987, 0.45842599868774414, 0.34616202116012573, 0.2614232897758484, 0.17335258424282074]
NAUTILUS=>2021-05-23 14:22:15.627154: Cycle: 6, Best model accuracy: [0.731797993183136, 0.8392515182495117, 0.8807676434516907, 0.909263014793396, 0.9427666068077087]
NAUTILUS=>2021-05-23 14:22:15.627154: Cycle: 6, Best model val_loss: [0.2611139714717865, 0.23148374259471893, 0.21995753049850464, 0.19530965387821198, 0.20256081223487854]
NAUTILUS=>2021-05-23 14:22:15.627154: Cycle: 6, Best model val_accuracy: [0.9069599509239197, 0.9146952033042908, 0.9238062500953674, 0.932925820350647, 0.932982861995697]
NAUTILUS=>2021-05-23 14:22:15.924260: Completed active learning cycle. Elapsed time: 0:02:17.146054
NAUTILUS=>2021-05-23 14:22:15.924277: ========> Active learning cycle: 7
NAUTILUS=>2021-05-23 14:22:15.924281: Starting data loading
NAUTILUS=>2021-05-23 14:22:48.651725: Completed data loading. Elapsed time: 0:00:32.727444
NAUTILUS=>2021-05-23 14:22:48.651743: Starting model selection
NAUTILUS=>2021-05-23 14:22:48.651758: Materializing training data
NAUTILUS=>2021-05-23 14:22:48.892947: Completed materializing training data. Elapsed time: 0:00:00.241189
NAUTILUS=>2021-05-23 14:22:48.892961: Generating intermediate features
NAUTILUS=>2021-05-23 14:22:57.497892: Completed generating intermediate features. Elapsed time: 0:00:08.604931
NAUTILUS=>2021-05-23 14:22:57.497911: Starting model training
NAUTILUS=>2021-05-23 14:25:17.728234: Completed model training. Elapsed time: 0:02:20.230323
NAUTILUS=>2021-05-23 14:25:17.728234: Cycle: 7, Model: 0, loss: [0.7429406046867371, 0.4161738455295563, 0.3141155242919922, 0.23213964700698853, 0.16836193203926086]
NAUTILUS=>2021-05-23 14:25:17.728234: Cycle: 7, Model: 0, accuracy: [0.7450994849205017, 0.854579746723175, 0.8920932412147522, 0.919238269329071, 0.9440600872039795]
NAUTILUS=>2021-05-23 14:25:17.728234: Cycle: 7, Model: 0, val_loss: [0.2779669761657715, 0.21177008748054504, 0.2069040983915329, 0.19436658918857574, 0.19783906638622284]
NAUTILUS=>2021-05-23 14:25:17.728234: Cycle: 7, Model: 0, val_accuracy: [0.8999613523483276, 0.9270884394645691, 0.9292905926704407, 0.9360984563827515, 0.9413207173347473]
NAUTILUS=>2021-05-23 14:25:17.728234: Cycle: 7, Model: 1, loss: [0.7837805151939392, 0.44469311833381653, 0.348510205745697, 0.28804630041122437, 0.2342430055141449]
NAUTILUS=>2021-05-23 14:25:17.728234: Cycle: 7, Model: 1, accuracy: [0.7288990020751953, 0.8413757085800171, 0.8789231777191162, 0.9021744132041931, 0.9223880171775818]
NAUTILUS=>2021-05-23 14:25:17.728234: Cycle: 7, Model: 1, val_loss: [0.27567121386528015, 0.22593429684638977, 0.20767202973365784, 0.19219334423542023, 0.1974244862794876]
NAUTILUS=>2021-05-23 14:25:17.728234: Cycle: 7, Model: 1, val_accuracy: [0.8999620079994202, 0.9196134805679321, 0.9283897876739502, 0.9324830770492554, 0.9366925954818726]
NAUTILUS=>2021-05-23 14:25:17.728301: Starting to generating the best model
NAUTILUS=>2021-05-23 14:25:23.454033: Completed generating the best model. Elapsed time: 0:00:05.725732
NAUTILUS=>2021-05-23 14:25:23.454033: Cycle: 7, Best Model: 0
NAUTILUS=>2021-05-23 14:25:23.454033: Cycle: 7, Best model loss: [0.7429406046867371, 0.4161738455295563, 0.3141155242919922, 0.23213964700698853, 0.16836193203926086]
NAUTILUS=>2021-05-23 14:25:23.454033: Cycle: 7, Best model accuracy: [0.7450994849205017, 0.854579746723175, 0.8920932412147522, 0.919238269329071, 0.9440600872039795]
NAUTILUS=>2021-05-23 14:25:23.454033: Cycle: 7, Best model val_loss: [0.2779669761657715, 0.21177008748054504, 0.2069040983915329, 0.19436658918857574, 0.19783906638622284]
NAUTILUS=>2021-05-23 14:25:23.454033: Cycle: 7, Best model val_accuracy: [0.8999613523483276, 0.9270884394645691, 0.9292905926704407, 0.9360984563827515, 0.9413207173347473]
NAUTILUS=>2021-05-23 14:25:23.755606: Completed active learning cycle. Elapsed time: 0:02:35.103863
NAUTILUS=>2021-05-23 14:25:23.755622: ========> Active learning cycle: 8
NAUTILUS=>2021-05-23 14:25:23.755626: Starting data loading
NAUTILUS=>2021-05-23 14:26:00.366159: Completed data loading. Elapsed time: 0:00:36.610533
NAUTILUS=>2021-05-23 14:26:00.366177: Starting model selection
NAUTILUS=>2021-05-23 14:26:00.366192: Materializing training data
NAUTILUS=>2021-05-23 14:26:00.604620: Completed materializing training data. Elapsed time: 0:00:00.238428
NAUTILUS=>2021-05-23 14:26:00.604631: Generating intermediate features
NAUTILUS=>2021-05-23 14:26:09.263687: Completed generating intermediate features. Elapsed time: 0:00:08.659056
NAUTILUS=>2021-05-23 14:26:09.263707: Starting model training
NAUTILUS=>2021-05-23 14:28:47.104778: Completed model training. Elapsed time: 0:02:37.841071
NAUTILUS=>2021-05-23 14:28:47.104778: Cycle: 8, Model: 0, loss: [0.6418262720108032, 0.38407638669013977, 0.2891036570072174, 0.21253423392772675, 0.14622075855731964]
NAUTILUS=>2021-05-23 14:28:47.104778: Cycle: 8, Model: 0, accuracy: [0.7731170654296875, 0.8663904666900635, 0.8969563841819763, 0.9286255836486816, 0.9497362375259399]
NAUTILUS=>2021-05-23 14:28:47.104778: Cycle: 8, Model: 0, val_loss: [0.23799535632133484, 0.21341709792613983, 0.2161562293767929, 0.19460256397724152, 0.19177095592021942]
NAUTILUS=>2021-05-23 14:28:47.104778: Cycle: 8, Model: 0, val_accuracy: [0.9126839637756348, 0.9226272702217102, 0.9235711097717285, 0.9313924312591553, 0.941038191318512]
NAUTILUS=>2021-05-23 14:28:47.104778: Cycle: 8, Model: 1, loss: [0.6690360903739929, 0.40230315923690796, 0.3182013928890228, 0.25763192772865295, 0.20425403118133545]
NAUTILUS=>2021-05-23 14:28:47.104778: Cycle: 8, Model: 1, accuracy: [0.7612127065658569, 0.8570829033851624, 0.8871929049491882, 0.9115144610404968, 0.9310402870178223]
NAUTILUS=>2021-05-23 14:28:47.104778: Cycle: 8, Model: 1, val_loss: [0.25682705640792847, 0.2243049293756485, 0.20765292644500732, 0.1996859312057495, 0.18743331730365753]
NAUTILUS=>2021-05-23 14:28:47.104778: Cycle: 8, Model: 1, val_accuracy: [0.9083133935928345, 0.9188007116317749, 0.9284810423851013, 0.9293174743652344, 0.9393224120140076]
NAUTILUS=>2021-05-23 14:28:47.104843: Starting to generating the best model
NAUTILUS=>2021-05-23 14:28:52.836233: Completed generating the best model. Elapsed time: 0:00:05.731390
NAUTILUS=>2021-05-23 14:28:52.836233: Cycle: 8, Best Model: 0
NAUTILUS=>2021-05-23 14:28:52.836233: Cycle: 8, Best model loss: [0.6418262720108032, 0.38407638669013977, 0.2891036570072174, 0.21253423392772675, 0.14622075855731964]
NAUTILUS=>2021-05-23 14:28:52.836233: Cycle: 8, Best model accuracy: [0.7731170654296875, 0.8663904666900635, 0.8969563841819763, 0.9286255836486816, 0.9497362375259399]
NAUTILUS=>2021-05-23 14:28:52.836233: Cycle: 8, Best model val_loss: [0.23799535632133484, 0.21341709792613983, 0.2161562293767929, 0.19460256397724152, 0.19177095592021942]
NAUTILUS=>2021-05-23 14:28:52.836233: Cycle: 8, Best model val_accuracy: [0.9126839637756348, 0.9226272702217102, 0.9235711097717285, 0.9313924312591553, 0.941038191318512]
NAUTILUS=>2021-05-23 14:28:53.133370: Completed active learning cycle. Elapsed time: 0:02:52.767193
NAUTILUS=>2021-05-23 14:28:53.133389: ========> Active learning cycle: 9
NAUTILUS=>2021-05-23 14:28:53.133393: Starting data loading
NAUTILUS=>2021-05-23 14:29:22.422059: Completed data loading. Elapsed time: 0:00:29.288666
NAUTILUS=>2021-05-23 14:29:22.422077: Starting model selection
NAUTILUS=>2021-05-23 14:29:22.422092: Materializing training data
NAUTILUS=>2021-05-23 14:29:22.656317: Completed materializing training data. Elapsed time: 0:00:00.234225
NAUTILUS=>2021-05-23 14:29:22.656327: Generating intermediate features
NAUTILUS=>2021-05-23 14:29:31.314354: Completed generating intermediate features. Elapsed time: 0:00:08.658027
NAUTILUS=>2021-05-23 14:29:31.314373: Starting model training
NAUTILUS=>2021-05-23 14:32:26.927125: Completed model training. Elapsed time: 0:02:55.612752
NAUTILUS=>2021-05-23 14:32:26.927125: Cycle: 9, Model: 0, loss: [0.611624002456665, 0.3486613631248474, 0.26413965225219727, 0.19063661992549896, 0.12991079688072205]
NAUTILUS=>2021-05-23 14:32:26.927125: Cycle: 9, Model: 0, accuracy: [0.7825702428817749, 0.8755037188529968, 0.9074695706367493, 0.9332244992256165, 0.9567611217498779]
NAUTILUS=>2021-05-23 14:32:26.927125: Cycle: 9, Model: 0, val_loss: [0.2357112318277359, 0.21504059433937073, 0.17899785935878754, 0.1918724924325943, 0.16910094022750854]
NAUTILUS=>2021-05-23 14:32:26.927125: Cycle: 9, Model: 0, val_accuracy: [0.9131903052330017, 0.928396463394165, 0.9330711960792542, 0.9381159543991089, 0.9455246329307556]
NAUTILUS=>2021-05-23 14:32:26.927125: Cycle: 9, Model: 1, loss: [0.6234952807426453, 0.36552709341049194, 0.2913767099380493, 0.23291565477848053, 0.1857086718082428]
NAUTILUS=>2021-05-23 14:32:26.927125: Cycle: 9, Model: 1, accuracy: [0.7785573601722717, 0.8675858378410339, 0.8972964882850647, 0.918847918510437, 0.937685489654541]
NAUTILUS=>2021-05-23 14:32:26.927125: Cycle: 9, Model: 1, val_loss: [0.2521664500236511, 0.21522851288318634, 0.1876622885465622, 0.19347450137138367, 0.17751027643680573]
NAUTILUS=>2021-05-23 14:32:26.927125: Cycle: 9, Model: 1, val_accuracy: [0.9039590358734131, 0.9253221750259399, 0.930641770362854, 0.9330915808677673, 0.9381265640258789]
NAUTILUS=>2021-05-23 14:32:26.927190: Starting to generating the best model
NAUTILUS=>2021-05-23 14:32:32.621591: Completed generating the best model. Elapsed time: 0:00:05.694401
NAUTILUS=>2021-05-23 14:32:32.621591: Cycle: 9, Best Model: 0
NAUTILUS=>2021-05-23 14:32:32.621591: Cycle: 9, Best model loss: [0.611624002456665, 0.3486613631248474, 0.26413965225219727, 0.19063661992549896, 0.12991079688072205]
NAUTILUS=>2021-05-23 14:32:32.621591: Cycle: 9, Best model accuracy: [0.7825702428817749, 0.8755037188529968, 0.9074695706367493, 0.9332244992256165, 0.9567611217498779]
NAUTILUS=>2021-05-23 14:32:32.621591: Cycle: 9, Best model val_loss: [0.2357112318277359, 0.21504059433937073, 0.17899785935878754, 0.1918724924325943, 0.16910094022750854]
NAUTILUS=>2021-05-23 14:32:32.621591: Cycle: 9, Best model val_accuracy: [0.9131903052330017, 0.928396463394165, 0.9330711960792542, 0.9381159543991089, 0.9455246329307556]
NAUTILUS=>2021-05-23 14:32:32.916977: Completed active learning cycle. Elapsed time: 0:03:10.494900
NAUTILUS=>2021-05-23 14:32:32.916994: ========> Active learning cycle: 10
NAUTILUS=>2021-05-23 14:32:32.916998: Starting data loading
NAUTILUS=>2021-05-23 14:33:05.454253: Completed data loading. Elapsed time: 0:00:32.537255
NAUTILUS=>2021-05-23 14:33:05.454271: Starting model selection
NAUTILUS=>2021-05-23 14:33:05.454287: Materializing training data
NAUTILUS=>2021-05-23 14:33:05.690060: Completed materializing training data. Elapsed time: 0:00:00.235773
NAUTILUS=>2021-05-23 14:33:05.690071: Generating intermediate features
NAUTILUS=>2021-05-23 14:33:14.365266: Completed generating intermediate features. Elapsed time: 0:00:08.675195
NAUTILUS=>2021-05-23 14:33:14.365286: Starting model training
NAUTILUS=>2021-05-23 14:36:27.571858: Completed model training. Elapsed time: 0:03:13.206572
NAUTILUS=>2021-05-23 14:36:27.571858: Cycle: 10, Model: 0, loss: [0.5465570092201233, 0.32476088404655457, 0.24085170030593872, 0.17992664873600006, 0.12033199518918991]
NAUTILUS=>2021-05-23 14:36:27.571858: Cycle: 10, Model: 0, accuracy: [0.8085322380065918, 0.8821210861206055, 0.9156398773193359, 0.9386711716651917, 0.9607993364334106]
NAUTILUS=>2021-05-23 14:36:27.571858: Cycle: 10, Model: 0, val_loss: [0.23527580499649048, 0.20794419944286346, 0.17057421803474426, 0.1884724497795105, 0.16957500576972961]
NAUTILUS=>2021-05-23 14:36:27.571858: Cycle: 10, Model: 0, val_accuracy: [0.9204859137535095, 0.9261510372161865, 0.9435020089149475, 0.943476676940918, 0.9490193128585815]
NAUTILUS=>2021-05-23 14:36:27.571858: Cycle: 10, Model: 1, loss: [0.5790716409683228, 0.33984023332595825, 0.26756346225738525, 0.22142140567302704, 0.17341715097427368]
NAUTILUS=>2021-05-23 14:36:27.571858: Cycle: 10, Model: 1, accuracy: [0.7941977381706238, 0.8761575222015381, 0.906022310256958, 0.9243952631950378, 0.9430428147315979]
NAUTILUS=>2021-05-23 14:36:27.571858: Cycle: 10, Model: 1, val_loss: [0.235660120844841, 0.1989777386188507, 0.1796579658985138, 0.1785089075565338, 0.16424283385276794]
NAUTILUS=>2021-05-23 14:36:27.571858: Cycle: 10, Model: 1, val_accuracy: [0.9180216789245605, 0.9282292723655701, 0.9375193119049072, 0.9407456517219543, 0.9473972320556641]
NAUTILUS=>2021-05-23 14:36:27.571925: Starting to generating the best model
NAUTILUS=>2021-05-23 14:36:33.328045: Completed generating the best model. Elapsed time: 0:00:05.756120
NAUTILUS=>2021-05-23 14:36:33.328045: Cycle: 10, Best Model: 0
NAUTILUS=>2021-05-23 14:36:33.328045: Cycle: 10, Best model loss: [0.5465570092201233, 0.32476088404655457, 0.24085170030593872, 0.17992664873600006, 0.12033199518918991]
NAUTILUS=>2021-05-23 14:36:33.328045: Cycle: 10, Best model accuracy: [0.8085322380065918, 0.8821210861206055, 0.9156398773193359, 0.9386711716651917, 0.9607993364334106]
NAUTILUS=>2021-05-23 14:36:33.328045: Cycle: 10, Best model val_loss: [0.23527580499649048, 0.20794419944286346, 0.17057421803474426, 0.1884724497795105, 0.16957500576972961]
NAUTILUS=>2021-05-23 14:36:33.328045: Cycle: 10, Best model val_accuracy: [0.9204859137535095, 0.9261510372161865, 0.9435020089149475, 0.943476676940918, 0.9490193128585815]
NAUTILUS=>2021-05-23 14:36:33.623695: Completed active learning cycle. Elapsed time: 0:03:28.169424
NAUTILUS=>2021-05-23 14:36:33.623712: Workload completed. Elapsed time: 0:27:57.903812
