NAUTILUS=>2021-05-23 12:11:44.500951: Starting workload
NAUTILUS=>2021-05-23 12:11:44.500951: RANDOM_SEED: 2020
NAUTILUS=>2021-05-23 12:11:44.500951: VERY_LARGE_VALUE: 1000000000000000.0
NAUTILUS=>2021-05-23 12:11:44.500951: NO_MAT_OPT: False
NAUTILUS=>2021-05-23 12:11:44.500951: MODE: ftr3-1
NAUTILUS=>2021-05-23 12:11:44.500951: STORAGE_PATH: ./storage
NAUTILUS=>2021-05-23 12:11:44.500951: NO_FUSE_OPT: False
NAUTILUS=>2021-05-23 12:11:44.500951: NUM_EPOCHS: 5
NAUTILUS=>2021-05-23 12:11:44.500951: MAX_NUM_RECORDS: 5000
NAUTILUS=>2021-05-23 12:11:44.500951: ACTIVE_LEARNING_BATCH_SIZE: 500
NAUTILUS=>2021-05-23 12:11:44.500951: VALID_FRACTION: 0.2
NAUTILUS=>2021-05-23 12:11:44.500951: SAMPLING_STRATERGY: uncertainty
NAUTILUS=>2021-05-23 12:11:44.500951: NO_PRETRAINING: False
NAUTILUS=>2021-05-23 12:11:44.500951: STORAGE_BUDGET: 25
NAUTILUS=>2021-05-23 12:11:44.500951: MEMORY_BUDGET: 10
NAUTILUS=>2021-05-23 12:11:44.500951: WORKSPACE_MEMORY: 1
NAUTILUS=>2021-05-23 12:11:44.500951: COMPUTE_THROUGHPUT: 6
NAUTILUS=>2021-05-23 12:11:44.500951: DISK_THROUGHPUT: 500
NAUTILUS=>2021-05-23 12:11:44.500951: SHUFFLE_BUFFER_SIZE: 10000
NAUTILUS=>2021-05-23 12:11:44.500999: Starting system initialization
NAUTILUS=>2021-05-23 12:11:44.502392: Starting model profiling
NAUTILUS=>2021-05-23 12:12:01.635935: Completed model profiling. Elapsed time: 0:00:17.133542
NAUTILUS=>2021-05-23 12:12:01.635935: Model parameters
NAUTILUS=>2021-05-23 12:12:01.635980: Generating optimized model selection plan
NAUTILUS=>2021-05-23 12:12:01.668780: Materialized layers candidates: tf_op_layer_strided_slice,tf_op_layer_Cast,tf_op_layer_Sub,tf_op_layer_Mul,layer_9
NAUTILUS=>2021-05-23 12:12:01.676368: Used materialized layers: layer_9
NAUTILUS=>2021-05-23 12:12:01.676368: Model training plan: {"0": {"models": ["0"], "output_layers": ["0/classifier"], "flops_consumption": 438177892375000.0, "compute_flops": 325531408000000.0, "load_flops": 112646484375000.0, "memory_consumption": 1.8776347935199738, "used_materialized_layers": ["layer_9"], "batch_size": 16, "num_epochs": [5]}}
NAUTILUS=>2021-05-23 12:12:01.676479: Completed generating optimized model selection plan. Elapsed time: 0:00:00.040498
NAUTILUS=>2021-05-23 12:12:01.676486: Generating fused models
NAUTILUS=>2021-05-23 12:12:08.012091: Completed generating fused models. Elapsed time: 0:00:06.335604
NAUTILUS=>2021-05-23 12:12:08.012091: Current Practice FLOPs: 149138039680.0
NAUTILUS=>2021-05-23 12:12:08.012091: Optimal FLOPs: 37097005440.0
NAUTILUS=>2021-05-23 12:12:08.012091: Theoretical Speedup: 4.020217748335861
NAUTILUS=>2021-05-23 12:12:08.070295: Completed system initialization. Elapsed time: 0:00:23.569296
NAUTILUS=>2021-05-23 12:12:08.070319: ========> Active learning cycle: 1
NAUTILUS=>2021-05-23 12:12:08.070324: Starting data loading
NAUTILUS=>2021-05-23 12:12:23.818435: Completed data loading. Elapsed time: 0:00:15.748111
NAUTILUS=>2021-05-23 12:12:23.818460: Starting model selection
NAUTILUS=>2021-05-23 12:12:23.818479: Materializing training data
NAUTILUS=>2021-05-23 12:12:24.049408: Completed materializing training data. Elapsed time: 0:00:00.230929
NAUTILUS=>2021-05-23 12:12:24.049425: Generating intermediate features
NAUTILUS=>2021-05-23 12:12:32.598571: Completed generating intermediate features. Elapsed time: 0:00:08.549146
NAUTILUS=>2021-05-23 12:12:32.598590: Starting model training
NAUTILUS=>2021-05-23 12:12:51.155049: Completed model training. Elapsed time: 0:00:18.556459
NAUTILUS=>2021-05-23 12:12:51.155049: Cycle: 1, Model: 0, loss: [0.828880786895752, 0.2970869541168213, 0.19052249193191528, 0.12513619661331177, 0.08048417419195175]
NAUTILUS=>2021-05-23 12:12:51.155049: Cycle: 1, Model: 0, accuracy: [0.7468414902687073, 0.8900124430656433, 0.9346765279769897, 0.9563759565353394, 0.9700300097465515]
NAUTILUS=>2021-05-23 12:12:51.155049: Cycle: 1, Model: 0, val_loss: [0.4639214277267456, 0.41468513011932373, 0.3532772362232208, 0.39335745573043823, 0.37415385246276855]
NAUTILUS=>2021-05-23 12:12:51.155049: Cycle: 1, Model: 0, val_accuracy: [0.8359349966049194, 0.8561877608299255, 0.8714163899421692, 0.8704221248626709, 0.8852939605712891]
NAUTILUS=>2021-05-23 12:12:51.155092: Starting to generating the best model
NAUTILUS=>2021-05-23 12:12:56.821044: Completed generating the best model. Elapsed time: 0:00:05.665952
NAUTILUS=>2021-05-23 12:12:56.821044: Cycle: 1, Best Model: 0
NAUTILUS=>2021-05-23 12:12:56.821044: Cycle: 1, Best model loss: [0.828880786895752, 0.2970869541168213, 0.19052249193191528, 0.12513619661331177, 0.08048417419195175]
NAUTILUS=>2021-05-23 12:12:56.821044: Cycle: 1, Best model accuracy: [0.7468414902687073, 0.8900124430656433, 0.9346765279769897, 0.9563759565353394, 0.9700300097465515]
NAUTILUS=>2021-05-23 12:12:56.821044: Cycle: 1, Best model val_loss: [0.4639214277267456, 0.41468513011932373, 0.3532772362232208, 0.39335745573043823, 0.37415385246276855]
NAUTILUS=>2021-05-23 12:12:56.821044: Cycle: 1, Best model val_accuracy: [0.8359349966049194, 0.8561877608299255, 0.8714163899421692, 0.8704221248626709, 0.8852939605712891]
NAUTILUS=>2021-05-23 12:12:57.108033: Completed active learning cycle. Elapsed time: 0:00:33.289573
NAUTILUS=>2021-05-23 12:12:57.108050: ========> Active learning cycle: 2
NAUTILUS=>2021-05-23 12:12:57.108054: Starting data loading
NAUTILUS=>2021-05-23 12:13:45.843143: Completed data loading. Elapsed time: 0:00:48.735089
NAUTILUS=>2021-05-23 12:13:45.843159: Starting model selection
NAUTILUS=>2021-05-23 12:13:45.843173: Materializing training data
NAUTILUS=>2021-05-23 12:13:46.069192: Completed materializing training data. Elapsed time: 0:00:00.226019
NAUTILUS=>2021-05-23 12:13:46.069202: Generating intermediate features
NAUTILUS=>2021-05-23 12:13:54.669065: Completed generating intermediate features. Elapsed time: 0:00:08.599863
NAUTILUS=>2021-05-23 12:13:54.669084: Starting model training
NAUTILUS=>2021-05-23 12:14:21.852717: Completed model training. Elapsed time: 0:00:27.183633
NAUTILUS=>2021-05-23 12:14:21.852717: Cycle: 2, Model: 0, loss: [0.9820089936256409, 0.42822322249412537, 0.274488627910614, 0.19114267826080322, 0.12522201240062714]
NAUTILUS=>2021-05-23 12:14:21.852717: Cycle: 2, Model: 0, accuracy: [0.6411345601081848, 0.8296785950660706, 0.8881787657737732, 0.9303540587425232, 0.9543465375900269]
NAUTILUS=>2021-05-23 12:14:21.852717: Cycle: 2, Model: 0, val_loss: [0.378217875957489, 0.34705260396003723, 0.2961651086807251, 0.28355544805526733, 0.305136114358902]
NAUTILUS=>2021-05-23 12:14:21.852717: Cycle: 2, Model: 0, val_accuracy: [0.8639460802078247, 0.8841715455055237, 0.9048786163330078, 0.9142364263534546, 0.9139883518218994]
NAUTILUS=>2021-05-23 12:14:21.852760: Starting to generating the best model
NAUTILUS=>2021-05-23 12:14:27.537631: Completed generating the best model. Elapsed time: 0:00:05.684871
NAUTILUS=>2021-05-23 12:14:27.537631: Cycle: 2, Best Model: 0
NAUTILUS=>2021-05-23 12:14:27.537631: Cycle: 2, Best model loss: [0.9820089936256409, 0.42822322249412537, 0.274488627910614, 0.19114267826080322, 0.12522201240062714]
NAUTILUS=>2021-05-23 12:14:27.537631: Cycle: 2, Best model accuracy: [0.6411345601081848, 0.8296785950660706, 0.8881787657737732, 0.9303540587425232, 0.9543465375900269]
NAUTILUS=>2021-05-23 12:14:27.537631: Cycle: 2, Best model val_loss: [0.378217875957489, 0.34705260396003723, 0.2961651086807251, 0.28355544805526733, 0.305136114358902]
NAUTILUS=>2021-05-23 12:14:27.537631: Cycle: 2, Best model val_accuracy: [0.8639460802078247, 0.8841715455055237, 0.9048786163330078, 0.9142364263534546, 0.9139883518218994]
NAUTILUS=>2021-05-23 12:14:27.829651: Completed active learning cycle. Elapsed time: 0:00:41.986492
NAUTILUS=>2021-05-23 12:14:27.829669: ========> Active learning cycle: 3
NAUTILUS=>2021-05-23 12:14:27.829672: Starting data loading
NAUTILUS=>2021-05-23 12:15:07.272651: Completed data loading. Elapsed time: 0:00:39.442979
NAUTILUS=>2021-05-23 12:15:07.272668: Starting model selection
NAUTILUS=>2021-05-23 12:15:07.272682: Materializing training data
NAUTILUS=>2021-05-23 12:15:07.497601: Completed materializing training data. Elapsed time: 0:00:00.224919
NAUTILUS=>2021-05-23 12:15:07.497612: Generating intermediate features
NAUTILUS=>2021-05-23 12:15:16.087000: Completed generating intermediate features. Elapsed time: 0:00:08.589388
NAUTILUS=>2021-05-23 12:15:16.087019: Starting model training
NAUTILUS=>2021-05-23 12:15:51.776658: Completed model training. Elapsed time: 0:00:35.689639
NAUTILUS=>2021-05-23 12:15:51.776658: Cycle: 3, Model: 0, loss: [1.0063163042068481, 0.4999839663505554, 0.39485108852386475, 0.2816697955131531, 0.1911240965127945]
NAUTILUS=>2021-05-23 12:15:51.776658: Cycle: 3, Model: 0, accuracy: [0.6474918723106384, 0.822386622428894, 0.8614680171012878, 0.8976647853851318, 0.9396132230758667]
NAUTILUS=>2021-05-23 12:15:51.776658: Cycle: 3, Model: 0, val_loss: [0.34778422117233276, 0.3086806535720825, 0.29269200563430786, 0.2907284200191498, 0.2851918339729309]
NAUTILUS=>2021-05-23 12:15:51.776658: Cycle: 3, Model: 0, val_accuracy: [0.8800451755523682, 0.8960058689117432, 0.8998598456382751, 0.9089407324790955, 0.9154126048088074]
NAUTILUS=>2021-05-23 12:15:51.776700: Starting to generating the best model
NAUTILUS=>2021-05-23 12:15:57.447093: Completed generating the best model. Elapsed time: 0:00:05.670393
NAUTILUS=>2021-05-23 12:15:57.447093: Cycle: 3, Best Model: 0
NAUTILUS=>2021-05-23 12:15:57.447093: Cycle: 3, Best model loss: [1.0063163042068481, 0.4999839663505554, 0.39485108852386475, 0.2816697955131531, 0.1911240965127945]
NAUTILUS=>2021-05-23 12:15:57.447093: Cycle: 3, Best model accuracy: [0.6474918723106384, 0.822386622428894, 0.8614680171012878, 0.8976647853851318, 0.9396132230758667]
NAUTILUS=>2021-05-23 12:15:57.447093: Cycle: 3, Best model val_loss: [0.34778422117233276, 0.3086806535720825, 0.29269200563430786, 0.2907284200191498, 0.2851918339729309]
NAUTILUS=>2021-05-23 12:15:57.447093: Cycle: 3, Best model val_accuracy: [0.8800451755523682, 0.8960058689117432, 0.8998598456382751, 0.9089407324790955, 0.9154126048088074]
NAUTILUS=>2021-05-23 12:15:57.740708: Completed active learning cycle. Elapsed time: 0:00:50.468040
NAUTILUS=>2021-05-23 12:15:57.740726: ========> Active learning cycle: 4
NAUTILUS=>2021-05-23 12:15:57.740730: Starting data loading
NAUTILUS=>2021-05-23 12:16:42.806997: Completed data loading. Elapsed time: 0:00:45.066267
NAUTILUS=>2021-05-23 12:16:42.807013: Starting model selection
NAUTILUS=>2021-05-23 12:16:42.807028: Materializing training data
NAUTILUS=>2021-05-23 12:16:43.035343: Completed materializing training data. Elapsed time: 0:00:00.228315
NAUTILUS=>2021-05-23 12:16:43.035354: Generating intermediate features
NAUTILUS=>2021-05-23 12:16:51.619359: Completed generating intermediate features. Elapsed time: 0:00:08.584005
NAUTILUS=>2021-05-23 12:16:51.619377: Starting model training
NAUTILUS=>2021-05-23 12:17:36.011622: Completed model training. Elapsed time: 0:00:44.392245
NAUTILUS=>2021-05-23 12:17:36.011622: Cycle: 4, Model: 0, loss: [0.9499955773353577, 0.5068971514701843, 0.387218177318573, 0.28203490376472473, 0.21597915887832642]
NAUTILUS=>2021-05-23 12:17:36.011622: Cycle: 4, Model: 0, accuracy: [0.6788349747657776, 0.8223828077316284, 0.8686643242835999, 0.9067349433898926, 0.9322727918624878]
NAUTILUS=>2021-05-23 12:17:36.011622: Cycle: 4, Model: 0, val_loss: [0.31305474042892456, 0.26508474349975586, 0.26560378074645996, 0.25667670369148254, 0.24762043356895447]
NAUTILUS=>2021-05-23 12:17:36.011622: Cycle: 4, Model: 0, val_accuracy: [0.8938422203063965, 0.9098861813545227, 0.9134581089019775, 0.9191715121269226, 0.9263003468513489]
NAUTILUS=>2021-05-23 12:17:36.011664: Starting to generating the best model
NAUTILUS=>2021-05-23 12:17:41.680632: Completed generating the best model. Elapsed time: 0:00:05.668968
NAUTILUS=>2021-05-23 12:17:41.680632: Cycle: 4, Best Model: 0
NAUTILUS=>2021-05-23 12:17:41.680632: Cycle: 4, Best model loss: [0.9499955773353577, 0.5068971514701843, 0.387218177318573, 0.28203490376472473, 0.21597915887832642]
NAUTILUS=>2021-05-23 12:17:41.680632: Cycle: 4, Best model accuracy: [0.6788349747657776, 0.8223828077316284, 0.8686643242835999, 0.9067349433898926, 0.9322727918624878]
NAUTILUS=>2021-05-23 12:17:41.680632: Cycle: 4, Best model val_loss: [0.31305474042892456, 0.26508474349975586, 0.26560378074645996, 0.25667670369148254, 0.24762043356895447]
NAUTILUS=>2021-05-23 12:17:41.680632: Cycle: 4, Best model val_accuracy: [0.8938422203063965, 0.9098861813545227, 0.9134581089019775, 0.9191715121269226, 0.9263003468513489]
NAUTILUS=>2021-05-23 12:17:41.990603: Completed active learning cycle. Elapsed time: 0:00:59.183590
NAUTILUS=>2021-05-23 12:17:41.990620: ========> Active learning cycle: 5
NAUTILUS=>2021-05-23 12:17:41.990624: Starting data loading
NAUTILUS=>2021-05-23 12:18:18.146655: Completed data loading. Elapsed time: 0:00:36.156031
NAUTILUS=>2021-05-23 12:18:18.146672: Starting model selection
NAUTILUS=>2021-05-23 12:18:18.146686: Materializing training data
NAUTILUS=>2021-05-23 12:18:18.374455: Completed materializing training data. Elapsed time: 0:00:00.227769
NAUTILUS=>2021-05-23 12:18:18.374470: Generating intermediate features
NAUTILUS=>2021-05-23 12:18:26.992379: Completed generating intermediate features. Elapsed time: 0:00:08.617909
NAUTILUS=>2021-05-23 12:18:26.992398: Starting model training
NAUTILUS=>2021-05-23 12:19:21.051477: Completed model training. Elapsed time: 0:00:54.059079
NAUTILUS=>2021-05-23 12:19:21.051477: Cycle: 5, Model: 0, loss: [0.8506500720977783, 0.4972846806049347, 0.3705686628818512, 0.2967703938484192, 0.21695499122142792]
NAUTILUS=>2021-05-23 12:19:21.051477: Cycle: 5, Model: 0, accuracy: [0.7022437453269958, 0.822123110294342, 0.8715841770172119, 0.9016595482826233, 0.9301923513412476]
NAUTILUS=>2021-05-23 12:19:21.051477: Cycle: 5, Model: 0, val_loss: [0.2921486496925354, 0.2476973980665207, 0.2452363669872284, 0.22789159417152405, 0.21964070200920105]
NAUTILUS=>2021-05-23 12:19:21.051477: Cycle: 5, Model: 0, val_accuracy: [0.8939239382743835, 0.914084792137146, 0.9199807047843933, 0.9187692403793335, 0.9266788363456726]
NAUTILUS=>2021-05-23 12:19:21.051519: Starting to generating the best model
NAUTILUS=>2021-05-23 12:19:26.735289: Completed generating the best model. Elapsed time: 0:00:05.683770
NAUTILUS=>2021-05-23 12:19:26.735289: Cycle: 5, Best Model: 0
NAUTILUS=>2021-05-23 12:19:26.735289: Cycle: 5, Best model loss: [0.8506500720977783, 0.4972846806049347, 0.3705686628818512, 0.2967703938484192, 0.21695499122142792]
NAUTILUS=>2021-05-23 12:19:26.735289: Cycle: 5, Best model accuracy: [0.7022437453269958, 0.822123110294342, 0.8715841770172119, 0.9016595482826233, 0.9301923513412476]
NAUTILUS=>2021-05-23 12:19:26.735289: Cycle: 5, Best model val_loss: [0.2921486496925354, 0.2476973980665207, 0.2452363669872284, 0.22789159417152405, 0.21964070200920105]
NAUTILUS=>2021-05-23 12:19:26.735289: Cycle: 5, Best model val_accuracy: [0.8939239382743835, 0.914084792137146, 0.9199807047843933, 0.9187692403793335, 0.9266788363456726]
NAUTILUS=>2021-05-23 12:19:27.035047: Completed active learning cycle. Elapsed time: 0:01:08.888375
NAUTILUS=>2021-05-23 12:19:27.035063: ========> Active learning cycle: 6
NAUTILUS=>2021-05-23 12:19:27.035067: Starting data loading
NAUTILUS=>2021-05-23 12:20:07.814392: Completed data loading. Elapsed time: 0:00:40.779325
NAUTILUS=>2021-05-23 12:20:07.814409: Starting model selection
NAUTILUS=>2021-05-23 12:20:07.814424: Materializing training data
NAUTILUS=>2021-05-23 12:20:08.041685: Completed materializing training data. Elapsed time: 0:00:00.227261
NAUTILUS=>2021-05-23 12:20:08.041695: Generating intermediate features
NAUTILUS=>2021-05-23 12:20:16.678281: Completed generating intermediate features. Elapsed time: 0:00:08.636586
NAUTILUS=>2021-05-23 12:20:16.678300: Starting model training
NAUTILUS=>2021-05-23 12:21:19.461859: Completed model training. Elapsed time: 0:01:02.783559
NAUTILUS=>2021-05-23 12:21:19.461859: Cycle: 6, Model: 0, loss: [0.799095630645752, 0.44768255949020386, 0.3494685888290405, 0.2595919072628021, 0.1752868890762329]
NAUTILUS=>2021-05-23 12:21:19.461859: Cycle: 6, Model: 0, accuracy: [0.7260147333145142, 0.8441426157951355, 0.8842698931694031, 0.9100704789161682, 0.941328763961792]
NAUTILUS=>2021-05-23 12:21:19.461859: Cycle: 6, Model: 0, val_loss: [0.27200403809547424, 0.21592946350574493, 0.2207646369934082, 0.18842561542987823, 0.2022794783115387]
NAUTILUS=>2021-05-23 12:21:19.461859: Cycle: 6, Model: 0, val_accuracy: [0.8981900215148926, 0.9234164357185364, 0.9222761988639832, 0.9348592162132263, 0.9328954815864563]
NAUTILUS=>2021-05-23 12:21:19.461901: Starting to generating the best model
NAUTILUS=>2021-05-23 12:21:25.137876: Completed generating the best model. Elapsed time: 0:00:05.675975
NAUTILUS=>2021-05-23 12:21:25.137876: Cycle: 6, Best Model: 0
NAUTILUS=>2021-05-23 12:21:25.137876: Cycle: 6, Best model loss: [0.799095630645752, 0.44768255949020386, 0.3494685888290405, 0.2595919072628021, 0.1752868890762329]
NAUTILUS=>2021-05-23 12:21:25.137876: Cycle: 6, Best model accuracy: [0.7260147333145142, 0.8441426157951355, 0.8842698931694031, 0.9100704789161682, 0.941328763961792]
NAUTILUS=>2021-05-23 12:21:25.137876: Cycle: 6, Best model val_loss: [0.27200403809547424, 0.21592946350574493, 0.2207646369934082, 0.18842561542987823, 0.2022794783115387]
NAUTILUS=>2021-05-23 12:21:25.137876: Cycle: 6, Best model val_accuracy: [0.8981900215148926, 0.9234164357185364, 0.9222761988639832, 0.9348592162132263, 0.9328954815864563]
NAUTILUS=>2021-05-23 12:21:25.439238: Completed active learning cycle. Elapsed time: 0:01:17.624829
NAUTILUS=>2021-05-23 12:21:25.439255: ========> Active learning cycle: 7
NAUTILUS=>2021-05-23 12:21:25.439259: Starting data loading
NAUTILUS=>2021-05-23 12:21:58.131400: Completed data loading. Elapsed time: 0:00:32.692141
NAUTILUS=>2021-05-23 12:21:58.131416: Starting model selection
NAUTILUS=>2021-05-23 12:21:58.131431: Materializing training data
NAUTILUS=>2021-05-23 12:21:58.359723: Completed materializing training data. Elapsed time: 0:00:00.228292
NAUTILUS=>2021-05-23 12:21:58.359734: Generating intermediate features
NAUTILUS=>2021-05-23 12:22:06.965443: Completed generating intermediate features. Elapsed time: 0:00:08.605709
NAUTILUS=>2021-05-23 12:22:06.965463: Starting model training
NAUTILUS=>2021-05-23 12:23:18.784502: Completed model training. Elapsed time: 0:01:11.819039
NAUTILUS=>2021-05-23 12:23:18.784502: Cycle: 7, Model: 0, loss: [0.7481085062026978, 0.42182090878486633, 0.309864342212677, 0.22248294949531555, 0.1598997563123703]
NAUTILUS=>2021-05-23 12:23:18.784502: Cycle: 7, Model: 0, accuracy: [0.7428677082061768, 0.8537191152572632, 0.892896831035614, 0.9256904721260071, 0.9470704793930054]
NAUTILUS=>2021-05-23 12:23:18.784502: Cycle: 7, Model: 0, val_loss: [0.26151031255722046, 0.21143421530723572, 0.21046842634677887, 0.2037501037120819, 0.19459989666938782]
NAUTILUS=>2021-05-23 12:23:18.784502: Cycle: 7, Model: 0, val_accuracy: [0.9015042781829834, 0.9218367338180542, 0.9258263111114502, 0.9293392300605774, 0.9355767965316772]
NAUTILUS=>2021-05-23 12:23:18.784544: Starting to generating the best model
NAUTILUS=>2021-05-23 12:23:24.490402: Completed generating the best model. Elapsed time: 0:00:05.705858
NAUTILUS=>2021-05-23 12:23:24.490402: Cycle: 7, Best Model: 0
NAUTILUS=>2021-05-23 12:23:24.490402: Cycle: 7, Best model loss: [0.7481085062026978, 0.42182090878486633, 0.309864342212677, 0.22248294949531555, 0.1598997563123703]
NAUTILUS=>2021-05-23 12:23:24.490402: Cycle: 7, Best model accuracy: [0.7428677082061768, 0.8537191152572632, 0.892896831035614, 0.9256904721260071, 0.9470704793930054]
NAUTILUS=>2021-05-23 12:23:24.490402: Cycle: 7, Best model val_loss: [0.26151031255722046, 0.21143421530723572, 0.21046842634677887, 0.2037501037120819, 0.19459989666938782]
NAUTILUS=>2021-05-23 12:23:24.490402: Cycle: 7, Best model val_accuracy: [0.9015042781829834, 0.9218367338180542, 0.9258263111114502, 0.9293392300605774, 0.9355767965316772]
NAUTILUS=>2021-05-23 12:23:24.784111: Completed active learning cycle. Elapsed time: 0:01:26.652695
NAUTILUS=>2021-05-23 12:23:24.784127: ========> Active learning cycle: 8
NAUTILUS=>2021-05-23 12:23:24.784131: Starting data loading
NAUTILUS=>2021-05-23 12:24:01.436095: Completed data loading. Elapsed time: 0:00:36.651964
NAUTILUS=>2021-05-23 12:24:01.436112: Starting model selection
NAUTILUS=>2021-05-23 12:24:01.436127: Materializing training data
NAUTILUS=>2021-05-23 12:24:01.671296: Completed materializing training data. Elapsed time: 0:00:00.235169
NAUTILUS=>2021-05-23 12:24:01.671307: Generating intermediate features
NAUTILUS=>2021-05-23 12:24:10.322478: Completed generating intermediate features. Elapsed time: 0:00:08.651171
NAUTILUS=>2021-05-23 12:24:10.322497: Starting model training
NAUTILUS=>2021-05-23 12:25:30.091081: Completed model training. Elapsed time: 0:01:19.768584
NAUTILUS=>2021-05-23 12:25:30.091081: Cycle: 8, Model: 0, loss: [0.6535820960998535, 0.3810775876045227, 0.28666090965270996, 0.208492711186409, 0.1490236073732376]
NAUTILUS=>2021-05-23 12:25:30.091081: Cycle: 8, Model: 0, accuracy: [0.7765576243400574, 0.8676365613937378, 0.9002391695976257, 0.9279411435127258, 0.9505918622016907]
NAUTILUS=>2021-05-23 12:25:30.091081: Cycle: 8, Model: 0, val_loss: [0.24377426505088806, 0.20813800394535065, 0.18465778231620789, 0.18304625153541565, 0.17468281090259552]
NAUTILUS=>2021-05-23 12:25:30.091081: Cycle: 8, Model: 0, val_accuracy: [0.9118196368217468, 0.9233891367912292, 0.9335801601409912, 0.9373338222503662, 0.943854570388794]
NAUTILUS=>2021-05-23 12:25:30.091124: Starting to generating the best model
NAUTILUS=>2021-05-23 12:25:35.766628: Completed generating the best model. Elapsed time: 0:00:05.675504
NAUTILUS=>2021-05-23 12:25:35.766628: Cycle: 8, Best Model: 0
NAUTILUS=>2021-05-23 12:25:35.766628: Cycle: 8, Best model loss: [0.6535820960998535, 0.3810775876045227, 0.28666090965270996, 0.208492711186409, 0.1490236073732376]
NAUTILUS=>2021-05-23 12:25:35.766628: Cycle: 8, Best model accuracy: [0.7765576243400574, 0.8676365613937378, 0.9002391695976257, 0.9279411435127258, 0.9505918622016907]
NAUTILUS=>2021-05-23 12:25:35.766628: Cycle: 8, Best model val_loss: [0.24377426505088806, 0.20813800394535065, 0.18465778231620789, 0.18304625153541565, 0.17468281090259552]
NAUTILUS=>2021-05-23 12:25:35.766628: Cycle: 8, Best model val_accuracy: [0.9118196368217468, 0.9233891367912292, 0.9335801601409912, 0.9373338222503662, 0.943854570388794]
NAUTILUS=>2021-05-23 12:25:36.073667: Completed active learning cycle. Elapsed time: 0:01:34.637555
NAUTILUS=>2021-05-23 12:25:36.073684: ========> Active learning cycle: 9
NAUTILUS=>2021-05-23 12:25:36.073687: Starting data loading
NAUTILUS=>2021-05-23 12:26:05.321562: Completed data loading. Elapsed time: 0:00:29.247875
NAUTILUS=>2021-05-23 12:26:05.321579: Starting model selection
NAUTILUS=>2021-05-23 12:26:05.321594: Materializing training data
NAUTILUS=>2021-05-23 12:26:05.547196: Completed materializing training data. Elapsed time: 0:00:00.225602
NAUTILUS=>2021-05-23 12:26:05.547206: Generating intermediate features
NAUTILUS=>2021-05-23 12:26:14.155080: Completed generating intermediate features. Elapsed time: 0:00:08.607874
NAUTILUS=>2021-05-23 12:26:14.155100: Starting model training
NAUTILUS=>2021-05-23 12:27:42.051162: Completed model training. Elapsed time: 0:01:27.896062
NAUTILUS=>2021-05-23 12:27:42.051162: Cycle: 9, Model: 0, loss: [0.5909554958343506, 0.3518974781036377, 0.26720380783081055, 0.19064782559871674, 0.13617388904094696]
NAUTILUS=>2021-05-23 12:27:42.051162: Cycle: 9, Model: 0, accuracy: [0.7940404415130615, 0.8734995126724243, 0.9067447781562805, 0.933533787727356, 0.9552224278450012]
NAUTILUS=>2021-05-23 12:27:42.051162: Cycle: 9, Model: 0, val_loss: [0.26100778579711914, 0.21437886357307434, 0.17542116343975067, 0.1734769642353058, 0.16712789237499237]
NAUTILUS=>2021-05-23 12:27:42.051162: Cycle: 9, Model: 0, val_accuracy: [0.9083591103553772, 0.9275339841842651, 0.9394904375076294, 0.9416313171386719, 0.9474615454673767]
NAUTILUS=>2021-05-23 12:27:42.051204: Starting to generating the best model
NAUTILUS=>2021-05-23 12:27:47.733048: Completed generating the best model. Elapsed time: 0:00:05.681844
NAUTILUS=>2021-05-23 12:27:47.733048: Cycle: 9, Best Model: 0
NAUTILUS=>2021-05-23 12:27:47.733048: Cycle: 9, Best model loss: [0.5909554958343506, 0.3518974781036377, 0.26720380783081055, 0.19064782559871674, 0.13617388904094696]
NAUTILUS=>2021-05-23 12:27:47.733048: Cycle: 9, Best model accuracy: [0.7940404415130615, 0.8734995126724243, 0.9067447781562805, 0.933533787727356, 0.9552224278450012]
NAUTILUS=>2021-05-23 12:27:47.733048: Cycle: 9, Best model val_loss: [0.26100778579711914, 0.21437886357307434, 0.17542116343975067, 0.1734769642353058, 0.16712789237499237]
NAUTILUS=>2021-05-23 12:27:47.733048: Cycle: 9, Best model val_accuracy: [0.9083591103553772, 0.9275339841842651, 0.9394904375076294, 0.9416313171386719, 0.9474615454673767]
NAUTILUS=>2021-05-23 12:27:48.026022: Completed active learning cycle. Elapsed time: 0:01:42.704443
NAUTILUS=>2021-05-23 12:27:48.026039: ========> Active learning cycle: 10
NAUTILUS=>2021-05-23 12:27:48.026042: Starting data loading
NAUTILUS=>2021-05-23 12:28:20.447193: Completed data loading. Elapsed time: 0:00:32.421151
NAUTILUS=>2021-05-23 12:28:20.447210: Starting model selection
NAUTILUS=>2021-05-23 12:28:20.447225: Materializing training data
NAUTILUS=>2021-05-23 12:28:20.676687: Completed materializing training data. Elapsed time: 0:00:00.229462
NAUTILUS=>2021-05-23 12:28:20.676700: Generating intermediate features
NAUTILUS=>2021-05-23 12:28:29.287290: Completed generating intermediate features. Elapsed time: 0:00:08.610590
NAUTILUS=>2021-05-23 12:28:29.287309: Starting model training
NAUTILUS=>2021-05-23 12:30:07.202656: Completed model training. Elapsed time: 0:01:37.915347
NAUTILUS=>2021-05-23 12:30:07.202656: Cycle: 10, Model: 0, loss: [0.5610118508338928, 0.31679481267929077, 0.24163012206554413, 0.16957180202007294, 0.11318786442279816]
NAUTILUS=>2021-05-23 12:30:07.202656: Cycle: 10, Model: 0, accuracy: [0.8009749054908752, 0.8845130801200867, 0.9131182432174683, 0.9407399296760559, 0.9617505073547363]
NAUTILUS=>2021-05-23 12:30:07.202656: Cycle: 10, Model: 0, val_loss: [0.22298532724380493, 0.1918921321630478, 0.17356561124324799, 0.16823363304138184, 0.1764957308769226]
NAUTILUS=>2021-05-23 12:30:07.202656: Cycle: 10, Model: 0, val_accuracy: [0.9235497117042542, 0.933794379234314, 0.9424549341201782, 0.9496152400970459, 0.9504993557929993]
NAUTILUS=>2021-05-23 12:30:07.202700: Starting to generating the best model
NAUTILUS=>2021-05-23 12:30:12.892193: Completed generating the best model. Elapsed time: 0:00:05.689493
NAUTILUS=>2021-05-23 12:30:12.892193: Cycle: 10, Best Model: 0
NAUTILUS=>2021-05-23 12:30:12.892193: Cycle: 10, Best model loss: [0.5610118508338928, 0.31679481267929077, 0.24163012206554413, 0.16957180202007294, 0.11318786442279816]
NAUTILUS=>2021-05-23 12:30:12.892193: Cycle: 10, Best model accuracy: [0.8009749054908752, 0.8845130801200867, 0.9131182432174683, 0.9407399296760559, 0.9617505073547363]
NAUTILUS=>2021-05-23 12:30:12.892193: Cycle: 10, Best model val_loss: [0.22298532724380493, 0.1918921321630478, 0.17356561124324799, 0.16823363304138184, 0.1764957308769226]
NAUTILUS=>2021-05-23 12:30:12.892193: Cycle: 10, Best model val_accuracy: [0.9235497117042542, 0.933794379234314, 0.9424549341201782, 0.9496152400970459, 0.9504993557929993]
NAUTILUS=>2021-05-23 12:30:13.191711: Completed active learning cycle. Elapsed time: 0:01:52.744501
NAUTILUS=>2021-05-23 12:30:13.191728: Workload completed. Elapsed time: 0:18:28.690777
