NAUTILUS=>2021-05-23 13:17:28.245199: Starting workload
NAUTILUS=>2021-05-23 13:17:28.245199: RANDOM_SEED: 2020
NAUTILUS=>2021-05-23 13:17:28.245199: VERY_LARGE_VALUE: 1000000000000000.0
NAUTILUS=>2021-05-23 13:17:28.245199: NO_MAT_OPT: False
NAUTILUS=>2021-05-23 13:17:28.245199: MODE: ftr3-2
NAUTILUS=>2021-05-23 13:17:28.245199: STORAGE_PATH: ./storage
NAUTILUS=>2021-05-23 13:17:28.245199: NO_FUSE_OPT: False
NAUTILUS=>2021-05-23 13:17:28.245199: NUM_EPOCHS: 5
NAUTILUS=>2021-05-23 13:17:28.245199: MAX_NUM_RECORDS: 5000
NAUTILUS=>2021-05-23 13:17:28.245199: ACTIVE_LEARNING_BATCH_SIZE: 500
NAUTILUS=>2021-05-23 13:17:28.245199: VALID_FRACTION: 0.2
NAUTILUS=>2021-05-23 13:17:28.245199: SAMPLING_STRATERGY: uncertainty
NAUTILUS=>2021-05-23 13:17:28.245199: NO_PRETRAINING: False
NAUTILUS=>2021-05-23 13:17:28.245199: STORAGE_BUDGET: 25
NAUTILUS=>2021-05-23 13:17:28.245199: MEMORY_BUDGET: 10
NAUTILUS=>2021-05-23 13:17:28.245199: WORKSPACE_MEMORY: 1
NAUTILUS=>2021-05-23 13:17:28.245199: COMPUTE_THROUGHPUT: 6
NAUTILUS=>2021-05-23 13:17:28.245199: DISK_THROUGHPUT: 500
NAUTILUS=>2021-05-23 13:17:28.245199: SHUFFLE_BUFFER_SIZE: 10000
NAUTILUS=>2021-05-23 13:17:28.245248: Starting system initialization
NAUTILUS=>2021-05-23 13:17:28.858351: Starting model profiling
NAUTILUS=>2021-05-23 13:17:51.608677: Completed model profiling. Elapsed time: 0:00:22.750323
NAUTILUS=>2021-05-23 13:17:51.608677: Model parameters
NAUTILUS=>2021-05-23 13:17:51.608736: Generating optimized model selection plan
NAUTILUS=>2021-05-23 13:17:51.643016: Materialized layers candidates: tf_op_layer_strided_slice,tf_op_layer_Cast,tf_op_layer_Sub,tf_op_layer_Mul,layer_9
NAUTILUS=>2021-05-23 13:17:51.660906: Used materialized layers: layer_9
NAUTILUS=>2021-05-23 13:17:51.660906: Model training plan: {"0_1": {"models": ["0", "1"], "output_layers": ["0/classifier", "1/classifier"], "flops_consumption": 623662919575000.0, "compute_flops": 511016435200000.0, "load_flops": 112646484375000.0, "memory_consumption": 2.3011202849447727, "used_materialized_layers": ["layer_9"], "batch_size": 16, "num_epochs": [5, 5], "flops_reduction": 252692865175000.0, "merged_models": ["0", "1"]}}
NAUTILUS=>2021-05-23 13:17:51.661014: Completed generating optimized model selection plan. Elapsed time: 0:00:00.052277
NAUTILUS=>2021-05-23 13:17:51.661021: Generating fused models
NAUTILUS=>2021-05-23 13:18:00.205615: Completed generating fused models. Elapsed time: 0:00:08.544593
NAUTILUS=>2021-05-23 13:18:00.205615: Current Practice FLOPs: 298276079360.0
NAUTILUS=>2021-05-23 13:18:00.205615: Optimal FLOPs: 74194010880.0
NAUTILUS=>2021-05-23 13:18:00.205615: Theoretical Speedup: 4.020217748335861
NAUTILUS=>2021-05-23 13:18:00.268665: Completed system initialization. Elapsed time: 0:00:32.023417
NAUTILUS=>2021-05-23 13:18:00.268689: ========> Active learning cycle: 1
NAUTILUS=>2021-05-23 13:18:00.268693: Starting data loading
NAUTILUS=>2021-05-23 13:18:16.173673: Completed data loading. Elapsed time: 0:00:15.904980
NAUTILUS=>2021-05-23 13:18:16.173697: Starting model selection
NAUTILUS=>2021-05-23 13:18:16.173717: Materializing training data
NAUTILUS=>2021-05-23 13:18:16.434091: Completed materializing training data. Elapsed time: 0:00:00.260374
NAUTILUS=>2021-05-23 13:18:16.434105: Generating intermediate features
NAUTILUS=>2021-05-23 13:18:25.083685: Completed generating intermediate features. Elapsed time: 0:00:08.649580
NAUTILUS=>2021-05-23 13:18:25.083705: Starting model training
NAUTILUS=>2021-05-23 13:18:46.726819: Completed model training. Elapsed time: 0:00:21.643114
NAUTILUS=>2021-05-23 13:18:46.726819: Cycle: 1, Model: 0, loss: [0.828880786895752, 0.2970869541168213, 0.19052249193191528, 0.12513619661331177, 0.08048417419195175]
NAUTILUS=>2021-05-23 13:18:46.726819: Cycle: 1, Model: 0, accuracy: [0.7468414902687073, 0.8900124430656433, 0.9346765279769897, 0.9563759565353394, 0.9700300097465515]
NAUTILUS=>2021-05-23 13:18:46.726819: Cycle: 1, Model: 0, val_loss: [0.4639214277267456, 0.41468513011932373, 0.3532772362232208, 0.39335745573043823, 0.37415385246276855]
NAUTILUS=>2021-05-23 13:18:46.726819: Cycle: 1, Model: 0, val_accuracy: [0.8359349966049194, 0.8561877608299255, 0.8714163899421692, 0.8704221248626709, 0.8852939605712891]
NAUTILUS=>2021-05-23 13:18:46.726819: Cycle: 1, Model: 1, loss: [1.004594087600708, 0.4065803289413452, 0.28088250756263733, 0.1944686770439148, 0.1432686597108841]
NAUTILUS=>2021-05-23 13:18:46.726819: Cycle: 1, Model: 1, accuracy: [0.7063083052635193, 0.8641493320465088, 0.9058865904808044, 0.9262921214103699, 0.9485536217689514]
NAUTILUS=>2021-05-23 13:18:46.726819: Cycle: 1, Model: 1, val_loss: [0.5762648582458496, 0.4119472801685333, 0.3756779432296753, 0.36078959703445435, 0.36561137437820435]
NAUTILUS=>2021-05-23 13:18:46.726819: Cycle: 1, Model: 1, val_accuracy: [0.8098840117454529, 0.8507524728775024, 0.8563680052757263, 0.869193971157074, 0.8720411062240601]
NAUTILUS=>2021-05-23 13:18:46.726882: Starting to generating the best model
NAUTILUS=>2021-05-23 13:18:52.684438: Completed generating the best model. Elapsed time: 0:00:05.957556
NAUTILUS=>2021-05-23 13:18:52.684438: Cycle: 1, Best Model: 0
NAUTILUS=>2021-05-23 13:18:52.684438: Cycle: 1, Best model loss: [0.828880786895752, 0.2970869541168213, 0.19052249193191528, 0.12513619661331177, 0.08048417419195175]
NAUTILUS=>2021-05-23 13:18:52.684438: Cycle: 1, Best model accuracy: [0.7468414902687073, 0.8900124430656433, 0.9346765279769897, 0.9563759565353394, 0.9700300097465515]
NAUTILUS=>2021-05-23 13:18:52.684438: Cycle: 1, Best model val_loss: [0.4639214277267456, 0.41468513011932373, 0.3532772362232208, 0.39335745573043823, 0.37415385246276855]
NAUTILUS=>2021-05-23 13:18:52.684438: Cycle: 1, Best model val_accuracy: [0.8359349966049194, 0.8561877608299255, 0.8714163899421692, 0.8704221248626709, 0.8852939605712891]
NAUTILUS=>2021-05-23 13:18:52.975987: Completed active learning cycle. Elapsed time: 0:00:36.802290
NAUTILUS=>2021-05-23 13:18:52.976005: ========> Active learning cycle: 2
NAUTILUS=>2021-05-23 13:18:52.976008: Starting data loading
NAUTILUS=>2021-05-23 13:19:42.228864: Completed data loading. Elapsed time: 0:00:49.252856
NAUTILUS=>2021-05-23 13:19:42.228882: Starting model selection
NAUTILUS=>2021-05-23 13:19:42.228897: Materializing training data
NAUTILUS=>2021-05-23 13:19:42.456012: Completed materializing training data. Elapsed time: 0:00:00.227115
NAUTILUS=>2021-05-23 13:19:42.456022: Generating intermediate features
NAUTILUS=>2021-05-23 13:19:51.081046: Completed generating intermediate features. Elapsed time: 0:00:08.625024
NAUTILUS=>2021-05-23 13:19:51.081065: Starting model training
NAUTILUS=>2021-05-23 13:20:23.595154: Completed model training. Elapsed time: 0:00:32.514089
NAUTILUS=>2021-05-23 13:20:23.595154: Cycle: 2, Model: 0, loss: [0.9820089936256409, 0.42822322249412537, 0.274488627910614, 0.19114264845848083, 0.12522202730178833]
NAUTILUS=>2021-05-23 13:20:23.595154: Cycle: 2, Model: 0, accuracy: [0.6411345601081848, 0.8296785950660706, 0.8881787657737732, 0.9303540587425232, 0.9543465375900269]
NAUTILUS=>2021-05-23 13:20:23.595154: Cycle: 2, Model: 0, val_loss: [0.3782179355621338, 0.34705260396003723, 0.2961651086807251, 0.2835554778575897, 0.305136114358902]
NAUTILUS=>2021-05-23 13:20:23.595154: Cycle: 2, Model: 0, val_accuracy: [0.8639460802078247, 0.8841715455055237, 0.9048786163330078, 0.9142364263534546, 0.9139883518218994]
NAUTILUS=>2021-05-23 13:20:23.595154: Cycle: 2, Model: 1, loss: [1.031630516052246, 0.49598366022109985, 0.33836865425109863, 0.2519090175628662, 0.17347869277000427]
NAUTILUS=>2021-05-23 13:20:23.595154: Cycle: 2, Model: 1, accuracy: [0.6214208006858826, 0.8046935200691223, 0.8720493316650391, 0.9077181816101074, 0.9331250190734863]
NAUTILUS=>2021-05-23 13:20:23.595154: Cycle: 2, Model: 1, val_loss: [0.4488494098186493, 0.3552568852901459, 0.2943028509616852, 0.28837546706199646, 0.27607956528663635]
NAUTILUS=>2021-05-23 13:20:23.595154: Cycle: 2, Model: 1, val_accuracy: [0.8425663709640503, 0.8833434581756592, 0.8984968066215515, 0.9134674668312073, 0.9148668646812439]
NAUTILUS=>2021-05-23 13:20:23.595218: Starting to generating the best model
NAUTILUS=>2021-05-23 13:20:29.599509: Completed generating the best model. Elapsed time: 0:00:06.004291
NAUTILUS=>2021-05-23 13:20:29.599509: Cycle: 2, Best Model: 1
NAUTILUS=>2021-05-23 13:20:29.599509: Cycle: 2, Best model loss: [1.031630516052246, 0.49598366022109985, 0.33836865425109863, 0.2519090175628662, 0.17347869277000427]
NAUTILUS=>2021-05-23 13:20:29.599509: Cycle: 2, Best model accuracy: [0.6214208006858826, 0.8046935200691223, 0.8720493316650391, 0.9077181816101074, 0.9331250190734863]
NAUTILUS=>2021-05-23 13:20:29.599509: Cycle: 2, Best model val_loss: [0.4488494098186493, 0.3552568852901459, 0.2943028509616852, 0.28837546706199646, 0.27607956528663635]
NAUTILUS=>2021-05-23 13:20:29.599509: Cycle: 2, Best model val_accuracy: [0.8425663709640503, 0.8833434581756592, 0.8984968066215515, 0.9134674668312073, 0.9148668646812439]
NAUTILUS=>2021-05-23 13:20:29.892791: Completed active learning cycle. Elapsed time: 0:00:47.663909
NAUTILUS=>2021-05-23 13:20:29.892808: ========> Active learning cycle: 3
NAUTILUS=>2021-05-23 13:20:29.892812: Starting data loading
NAUTILUS=>2021-05-23 13:21:09.549638: Completed data loading. Elapsed time: 0:00:39.656826
NAUTILUS=>2021-05-23 13:21:09.549661: Starting model selection
NAUTILUS=>2021-05-23 13:21:09.549681: Materializing training data
NAUTILUS=>2021-05-23 13:21:09.780260: Completed materializing training data. Elapsed time: 0:00:00.230579
NAUTILUS=>2021-05-23 13:21:09.780274: Generating intermediate features
NAUTILUS=>2021-05-23 13:21:18.365558: Completed generating intermediate features. Elapsed time: 0:00:08.585284
NAUTILUS=>2021-05-23 13:21:18.365577: Starting model training
NAUTILUS=>2021-05-23 13:22:00.983302: Completed model training. Elapsed time: 0:00:42.617725
NAUTILUS=>2021-05-23 13:22:00.983302: Cycle: 3, Model: 0, loss: [1.0503240823745728, 0.5038192272186279, 0.34329548478126526, 0.27409422397613525, 0.18432030081748962]
NAUTILUS=>2021-05-23 13:22:00.983302: Cycle: 3, Model: 0, accuracy: [0.6394216418266296, 0.8110025525093079, 0.8757426142692566, 0.9025945067405701, 0.9401528835296631]
NAUTILUS=>2021-05-23 13:22:00.983302: Cycle: 3, Model: 0, val_loss: [0.36566832661628723, 0.2560340464115143, 0.27582311630249023, 0.31012749671936035, 0.2955993115901947]
NAUTILUS=>2021-05-23 13:22:00.983302: Cycle: 3, Model: 0, val_accuracy: [0.8686020970344543, 0.9100136160850525, 0.9169734716415405, 0.9171760082244873, 0.9122934937477112]
NAUTILUS=>2021-05-23 13:22:00.983302: Cycle: 3, Model: 1, loss: [1.0786219835281372, 0.5533128380775452, 0.41141536831855774, 0.3229483664035797, 0.24406537413597107]
NAUTILUS=>2021-05-23 13:22:00.983302: Cycle: 3, Model: 1, accuracy: [0.6122634410858154, 0.7813418507575989, 0.846768319606781, 0.8865628838539124, 0.9208267331123352]
NAUTILUS=>2021-05-23 13:22:00.983302: Cycle: 3, Model: 1, val_loss: [0.38938483595848083, 0.3041931986808777, 0.2628311812877655, 0.27452102303504944, 0.25541338324546814]
NAUTILUS=>2021-05-23 13:22:00.983302: Cycle: 3, Model: 1, val_accuracy: [0.8718843460083008, 0.8965688347816467, 0.9098889231681824, 0.9124472141265869, 0.9129377007484436]
NAUTILUS=>2021-05-23 13:22:00.983365: Starting to generating the best model
NAUTILUS=>2021-05-23 13:22:06.981947: Completed generating the best model. Elapsed time: 0:00:05.998582
NAUTILUS=>2021-05-23 13:22:06.981947: Cycle: 3, Best Model: 1
NAUTILUS=>2021-05-23 13:22:06.981947: Cycle: 3, Best model loss: [1.0786219835281372, 0.5533128380775452, 0.41141536831855774, 0.3229483664035797, 0.24406537413597107]
NAUTILUS=>2021-05-23 13:22:06.981947: Cycle: 3, Best model accuracy: [0.6122634410858154, 0.7813418507575989, 0.846768319606781, 0.8865628838539124, 0.9208267331123352]
NAUTILUS=>2021-05-23 13:22:06.981947: Cycle: 3, Best model val_loss: [0.38938483595848083, 0.3041931986808777, 0.2628311812877655, 0.27452102303504944, 0.25541338324546814]
NAUTILUS=>2021-05-23 13:22:06.981947: Cycle: 3, Best model val_accuracy: [0.8718843460083008, 0.8965688347816467, 0.9098889231681824, 0.9124472141265869, 0.9129377007484436]
NAUTILUS=>2021-05-23 13:22:07.281560: Completed active learning cycle. Elapsed time: 0:00:57.731899
NAUTILUS=>2021-05-23 13:22:07.281578: ========> Active learning cycle: 4
NAUTILUS=>2021-05-23 13:22:07.281582: Starting data loading
NAUTILUS=>2021-05-23 13:22:52.286112: Completed data loading. Elapsed time: 0:00:45.004530
NAUTILUS=>2021-05-23 13:22:52.286130: Starting model selection
NAUTILUS=>2021-05-23 13:22:52.286144: Materializing training data
NAUTILUS=>2021-05-23 13:22:52.511624: Completed materializing training data. Elapsed time: 0:00:00.225480
NAUTILUS=>2021-05-23 13:22:52.511634: Generating intermediate features
NAUTILUS=>2021-05-23 13:23:01.129328: Completed generating intermediate features. Elapsed time: 0:00:08.617694
NAUTILUS=>2021-05-23 13:23:01.129347: Starting model training
NAUTILUS=>2021-05-23 13:23:54.667892: Completed model training. Elapsed time: 0:00:53.538545
NAUTILUS=>2021-05-23 13:23:54.667892: Cycle: 4, Model: 0, loss: [0.9596703052520752, 0.5426235795021057, 0.3906387388706207, 0.2973642349243164, 0.22478698194026947]
NAUTILUS=>2021-05-23 13:23:54.667892: Cycle: 4, Model: 0, accuracy: [0.6750210523605347, 0.8064690232276917, 0.8671517968177795, 0.9003514647483826, 0.9240975379943848]
NAUTILUS=>2021-05-23 13:23:54.667892: Cycle: 4, Model: 0, val_loss: [0.2978786528110504, 0.2478531301021576, 0.2531643807888031, 0.23843097686767578, 0.2697615325450897]
NAUTILUS=>2021-05-23 13:23:54.667892: Cycle: 4, Model: 0, val_accuracy: [0.8886531591415405, 0.9110644459724426, 0.9120538234710693, 0.9211224317550659, 0.916496992111206]
NAUTILUS=>2021-05-23 13:23:54.667892: Cycle: 4, Model: 1, loss: [0.9946258068084717, 0.5856354236602783, 0.43250060081481934, 0.349101185798645, 0.28593164682388306]
NAUTILUS=>2021-05-23 13:23:54.667892: Cycle: 4, Model: 1, accuracy: [0.6595574021339417, 0.7876559495925903, 0.8466192483901978, 0.882932722568512, 0.9077975749969482]
NAUTILUS=>2021-05-23 13:23:54.667892: Cycle: 4, Model: 1, val_loss: [0.3343241214752197, 0.26386573910713196, 0.23571370542049408, 0.23574809730052948, 0.259385347366333]
NAUTILUS=>2021-05-23 13:23:54.667892: Cycle: 4, Model: 1, val_accuracy: [0.8835048675537109, 0.9073882102966309, 0.9193393588066101, 0.9188845157623291, 0.9140254259109497]
NAUTILUS=>2021-05-23 13:23:54.667954: Starting to generating the best model
NAUTILUS=>2021-05-23 13:24:00.638216: Completed generating the best model. Elapsed time: 0:00:05.970262
NAUTILUS=>2021-05-23 13:24:00.638216: Cycle: 4, Best Model: 0
NAUTILUS=>2021-05-23 13:24:00.638216: Cycle: 4, Best model loss: [0.9596703052520752, 0.5426235795021057, 0.3906387388706207, 0.2973642349243164, 0.22478698194026947]
NAUTILUS=>2021-05-23 13:24:00.638216: Cycle: 4, Best model accuracy: [0.6750210523605347, 0.8064690232276917, 0.8671517968177795, 0.9003514647483826, 0.9240975379943848]
NAUTILUS=>2021-05-23 13:24:00.638216: Cycle: 4, Best model val_loss: [0.2978786528110504, 0.2478531301021576, 0.2531643807888031, 0.23843097686767578, 0.2697615325450897]
NAUTILUS=>2021-05-23 13:24:00.638216: Cycle: 4, Best model val_accuracy: [0.8886531591415405, 0.9110644459724426, 0.9120538234710693, 0.9211224317550659, 0.916496992111206]
NAUTILUS=>2021-05-23 13:24:00.941944: Completed active learning cycle. Elapsed time: 0:01:08.655814
NAUTILUS=>2021-05-23 13:24:00.941962: ========> Active learning cycle: 5
NAUTILUS=>2021-05-23 13:24:00.941966: Starting data loading
NAUTILUS=>2021-05-23 13:24:37.117805: Completed data loading. Elapsed time: 0:00:36.175839
NAUTILUS=>2021-05-23 13:24:37.117823: Starting model selection
NAUTILUS=>2021-05-23 13:24:37.117838: Materializing training data
NAUTILUS=>2021-05-23 13:24:37.345484: Completed materializing training data. Elapsed time: 0:00:00.227646
NAUTILUS=>2021-05-23 13:24:37.345495: Generating intermediate features
NAUTILUS=>2021-05-23 13:24:45.945363: Completed generating intermediate features. Elapsed time: 0:00:08.599868
NAUTILUS=>2021-05-23 13:24:45.945383: Starting model training
NAUTILUS=>2021-05-23 13:25:50.058153: Completed model training. Elapsed time: 0:01:04.112770
NAUTILUS=>2021-05-23 13:25:50.058153: Cycle: 5, Model: 0, loss: [0.8853709101676941, 0.4929724633693695, 0.3741864264011383, 0.2910918891429901, 0.20187334716320038]
NAUTILUS=>2021-05-23 13:25:50.058153: Cycle: 5, Model: 0, accuracy: [0.6910943984985352, 0.8278357982635498, 0.8678032159805298, 0.8984032273292542, 0.9364449977874756]
NAUTILUS=>2021-05-23 13:25:50.058153: Cycle: 5, Model: 0, val_loss: [0.29666340351104736, 0.2761925458908081, 0.23641595244407654, 0.22268258035182953, 0.22447094321250916]
NAUTILUS=>2021-05-23 13:25:50.058153: Cycle: 5, Model: 0, val_accuracy: [0.9021756649017334, 0.9035031199455261, 0.9187992215156555, 0.9251033067703247, 0.9289624094963074]
NAUTILUS=>2021-05-23 13:25:50.058153: Cycle: 5, Model: 1, loss: [0.9172696471214294, 0.5236733555793762, 0.40861284732818604, 0.3335857689380646, 0.26243314146995544]
NAUTILUS=>2021-05-23 13:25:50.058153: Cycle: 5, Model: 1, accuracy: [0.6801789999008179, 0.8120443820953369, 0.8575568199157715, 0.8861221671104431, 0.9159056544303894]
NAUTILUS=>2021-05-23 13:25:50.058153: Cycle: 5, Model: 1, val_loss: [0.32242444157600403, 0.2658641040325165, 0.24590930342674255, 0.22186532616615295, 0.22074246406555176]
NAUTILUS=>2021-05-23 13:25:50.058153: Cycle: 5, Model: 1, val_accuracy: [0.8974747061729431, 0.9082103967666626, 0.9177258014678955, 0.9220165014266968, 0.924018383026123]
NAUTILUS=>2021-05-23 13:25:50.058215: Starting to generating the best model
NAUTILUS=>2021-05-23 13:25:56.009289: Completed generating the best model. Elapsed time: 0:00:05.951074
NAUTILUS=>2021-05-23 13:25:56.009289: Cycle: 5, Best Model: 0
NAUTILUS=>2021-05-23 13:25:56.009289: Cycle: 5, Best model loss: [0.8853709101676941, 0.4929724633693695, 0.3741864264011383, 0.2910918891429901, 0.20187334716320038]
NAUTILUS=>2021-05-23 13:25:56.009289: Cycle: 5, Best model accuracy: [0.6910943984985352, 0.8278357982635498, 0.8678032159805298, 0.8984032273292542, 0.9364449977874756]
NAUTILUS=>2021-05-23 13:25:56.009289: Cycle: 5, Best model val_loss: [0.29666340351104736, 0.2761925458908081, 0.23641595244407654, 0.22268258035182953, 0.22447094321250916]
NAUTILUS=>2021-05-23 13:25:56.009289: Cycle: 5, Best model val_accuracy: [0.9021756649017334, 0.9035031199455261, 0.9187992215156555, 0.9251033067703247, 0.9289624094963074]
NAUTILUS=>2021-05-23 13:25:56.308302: Completed active learning cycle. Elapsed time: 0:01:19.190479
NAUTILUS=>2021-05-23 13:25:56.308319: ========> Active learning cycle: 6
NAUTILUS=>2021-05-23 13:25:56.308323: Starting data loading
NAUTILUS=>2021-05-23 13:26:37.196934: Completed data loading. Elapsed time: 0:00:40.888611
NAUTILUS=>2021-05-23 13:26:37.196952: Starting model selection
NAUTILUS=>2021-05-23 13:26:37.196966: Materializing training data
NAUTILUS=>2021-05-23 13:26:37.426516: Completed materializing training data. Elapsed time: 0:00:00.229550
NAUTILUS=>2021-05-23 13:26:37.426529: Generating intermediate features
NAUTILUS=>2021-05-23 13:26:46.069339: Completed generating intermediate features. Elapsed time: 0:00:08.642810
NAUTILUS=>2021-05-23 13:26:46.069358: Starting model training
NAUTILUS=>2021-05-23 13:28:00.900736: Completed model training. Elapsed time: 0:01:14.831378
NAUTILUS=>2021-05-23 13:28:00.900736: Cycle: 6, Model: 0, loss: [0.7816019654273987, 0.45842599868774414, 0.3461620509624481, 0.2614232897758484, 0.17335258424282074]
NAUTILUS=>2021-05-23 13:28:00.900736: Cycle: 6, Model: 0, accuracy: [0.731797993183136, 0.8392515182495117, 0.8807676434516907, 0.909263014793396, 0.9427666068077087]
NAUTILUS=>2021-05-23 13:28:00.900736: Cycle: 6, Model: 0, val_loss: [0.2611139714717865, 0.23148375749588013, 0.21995753049850464, 0.19530965387821198, 0.20256079733371735]
NAUTILUS=>2021-05-23 13:28:00.900736: Cycle: 6, Model: 0, val_accuracy: [0.9069599509239197, 0.9146952033042908, 0.9238062500953674, 0.932925820350647, 0.932982861995697]
NAUTILUS=>2021-05-23 13:28:00.900736: Cycle: 6, Model: 1, loss: [0.8246988654136658, 0.48053959012031555, 0.38363537192344666, 0.3041907548904419, 0.23908820748329163]
NAUTILUS=>2021-05-23 13:28:00.900736: Cycle: 6, Model: 1, accuracy: [0.7125089764595032, 0.8310571908950806, 0.864337682723999, 0.8957840204238892, 0.922522783279419]
NAUTILUS=>2021-05-23 13:28:00.900736: Cycle: 6, Model: 1, val_loss: [0.2823687195777893, 0.23432789742946625, 0.21511845290660858, 0.19315537810325623, 0.2013426274061203]
NAUTILUS=>2021-05-23 13:28:00.900736: Cycle: 6, Model: 1, val_accuracy: [0.8986539840698242, 0.9157578349113464, 0.9267829656600952, 0.9322687983512878, 0.930157482624054]
NAUTILUS=>2021-05-23 13:28:00.900799: Starting to generating the best model
NAUTILUS=>2021-05-23 13:28:07.004447: Completed generating the best model. Elapsed time: 0:00:06.103648
NAUTILUS=>2021-05-23 13:28:07.004447: Cycle: 6, Best Model: 0
NAUTILUS=>2021-05-23 13:28:07.004447: Cycle: 6, Best model loss: [0.7816019654273987, 0.45842599868774414, 0.3461620509624481, 0.2614232897758484, 0.17335258424282074]
NAUTILUS=>2021-05-23 13:28:07.004447: Cycle: 6, Best model accuracy: [0.731797993183136, 0.8392515182495117, 0.8807676434516907, 0.909263014793396, 0.9427666068077087]
NAUTILUS=>2021-05-23 13:28:07.004447: Cycle: 6, Best model val_loss: [0.2611139714717865, 0.23148375749588013, 0.21995753049850464, 0.19530965387821198, 0.20256079733371735]
NAUTILUS=>2021-05-23 13:28:07.004447: Cycle: 6, Best model val_accuracy: [0.9069599509239197, 0.9146952033042908, 0.9238062500953674, 0.932925820350647, 0.932982861995697]
NAUTILUS=>2021-05-23 13:28:07.299192: Completed active learning cycle. Elapsed time: 0:01:30.102240
NAUTILUS=>2021-05-23 13:28:07.299209: ========> Active learning cycle: 7
NAUTILUS=>2021-05-23 13:28:07.299213: Starting data loading
NAUTILUS=>2021-05-23 13:28:40.612964: Completed data loading. Elapsed time: 0:00:33.313751
NAUTILUS=>2021-05-23 13:28:40.612981: Starting model selection
NAUTILUS=>2021-05-23 13:28:40.612996: Materializing training data
NAUTILUS=>2021-05-23 13:28:40.850389: Completed materializing training data. Elapsed time: 0:00:00.237393
NAUTILUS=>2021-05-23 13:28:40.850403: Generating intermediate features
NAUTILUS=>2021-05-23 13:28:49.397252: Completed generating intermediate features. Elapsed time: 0:00:08.546849
NAUTILUS=>2021-05-23 13:28:49.397272: Starting model training
NAUTILUS=>2021-05-23 13:30:14.026735: Completed model training. Elapsed time: 0:01:24.629463
NAUTILUS=>2021-05-23 13:30:14.026735: Cycle: 7, Model: 0, loss: [0.7429406046867371, 0.4161738455295563, 0.3141155540943146, 0.2321396768093109, 0.16836191713809967]
NAUTILUS=>2021-05-23 13:30:14.026735: Cycle: 7, Model: 0, accuracy: [0.7450994849205017, 0.854579746723175, 0.8920932412147522, 0.919238269329071, 0.9440600872039795]
NAUTILUS=>2021-05-23 13:30:14.026735: Cycle: 7, Model: 0, val_loss: [0.2779669761657715, 0.21177010238170624, 0.20690412819385529, 0.19436660408973694, 0.19783909618854523]
NAUTILUS=>2021-05-23 13:30:14.026735: Cycle: 7, Model: 0, val_accuracy: [0.8999613523483276, 0.9270884394645691, 0.9292905926704407, 0.9360984563827515, 0.9413207173347473]
NAUTILUS=>2021-05-23 13:30:14.026735: Cycle: 7, Model: 1, loss: [0.7837805151939392, 0.4446931779384613, 0.348510205745697, 0.28804630041122437, 0.2342429906129837]
NAUTILUS=>2021-05-23 13:30:14.026735: Cycle: 7, Model: 1, accuracy: [0.7288990020751953, 0.8413757085800171, 0.8789231777191162, 0.9021744132041931, 0.9223880171775818]
NAUTILUS=>2021-05-23 13:30:14.026735: Cycle: 7, Model: 1, val_loss: [0.27567118406295776, 0.22593429684638977, 0.20767202973365784, 0.19219331443309784, 0.1974244862794876]
NAUTILUS=>2021-05-23 13:30:14.026735: Cycle: 7, Model: 1, val_accuracy: [0.8999620079994202, 0.9196134805679321, 0.9283897876739502, 0.9324830770492554, 0.9366925954818726]
NAUTILUS=>2021-05-23 13:30:14.026796: Starting to generating the best model
NAUTILUS=>2021-05-23 13:30:19.971151: Completed generating the best model. Elapsed time: 0:00:05.944355
NAUTILUS=>2021-05-23 13:30:19.971151: Cycle: 7, Best Model: 0
NAUTILUS=>2021-05-23 13:30:19.971151: Cycle: 7, Best model loss: [0.7429406046867371, 0.4161738455295563, 0.3141155540943146, 0.2321396768093109, 0.16836191713809967]
NAUTILUS=>2021-05-23 13:30:19.971151: Cycle: 7, Best model accuracy: [0.7450994849205017, 0.854579746723175, 0.8920932412147522, 0.919238269329071, 0.9440600872039795]
NAUTILUS=>2021-05-23 13:30:19.971151: Cycle: 7, Best model val_loss: [0.2779669761657715, 0.21177010238170624, 0.20690412819385529, 0.19436660408973694, 0.19783909618854523]
NAUTILUS=>2021-05-23 13:30:19.971151: Cycle: 7, Best model val_accuracy: [0.8999613523483276, 0.9270884394645691, 0.9292905926704407, 0.9360984563827515, 0.9413207173347473]
NAUTILUS=>2021-05-23 13:30:20.270129: Completed active learning cycle. Elapsed time: 0:01:39.657148
NAUTILUS=>2021-05-23 13:30:20.270147: ========> Active learning cycle: 8
NAUTILUS=>2021-05-23 13:30:20.270151: Starting data loading
NAUTILUS=>2021-05-23 13:30:56.884907: Completed data loading. Elapsed time: 0:00:36.614756
NAUTILUS=>2021-05-23 13:30:56.884925: Starting model selection
NAUTILUS=>2021-05-23 13:30:56.884940: Materializing training data
NAUTILUS=>2021-05-23 13:30:57.118128: Completed materializing training data. Elapsed time: 0:00:00.233188
NAUTILUS=>2021-05-23 13:30:57.118140: Generating intermediate features
NAUTILUS=>2021-05-23 13:31:05.736761: Completed generating intermediate features. Elapsed time: 0:00:08.618621
NAUTILUS=>2021-05-23 13:31:05.736780: Starting model training
NAUTILUS=>2021-05-23 13:32:41.250819: Completed model training. Elapsed time: 0:01:35.514039
NAUTILUS=>2021-05-23 13:32:41.250819: Cycle: 8, Model: 0, loss: [0.6435089707374573, 0.38424015045166016, 0.2882120907306671, 0.21263685822486877, 0.14561685919761658]
NAUTILUS=>2021-05-23 13:32:41.250819: Cycle: 8, Model: 0, accuracy: [0.7726554274559021, 0.8661571741104126, 0.897240400314331, 0.9281250238418579, 0.9499537944793701]
NAUTILUS=>2021-05-23 13:32:41.250819: Cycle: 8, Model: 0, val_loss: [0.24206489324569702, 0.21342243254184723, 0.20764978229999542, 0.19263677299022675, 0.19354410469532013]
NAUTILUS=>2021-05-23 13:32:41.250819: Cycle: 8, Model: 0, val_accuracy: [0.9103036522865295, 0.9229146838188171, 0.9275965094566345, 0.9328991770744324, 0.939694344997406]
NAUTILUS=>2021-05-23 13:32:41.250819: Cycle: 8, Model: 1, loss: [0.6694132089614868, 0.4029773473739624, 0.31743642687797546, 0.2575699985027313, 0.20385682582855225]
NAUTILUS=>2021-05-23 13:32:41.250819: Cycle: 8, Model: 1, accuracy: [0.7606348395347595, 0.8571433424949646, 0.8876091837882996, 0.9113139510154724, 0.9313839673995972]
NAUTILUS=>2021-05-23 13:32:41.250819: Cycle: 8, Model: 1, val_loss: [0.2569517195224762, 0.22467224299907684, 0.2049817591905594, 0.19897395372390747, 0.18802672624588013]
NAUTILUS=>2021-05-23 13:32:41.250819: Cycle: 8, Model: 1, val_accuracy: [0.907133162021637, 0.9188610911369324, 0.9299976825714111, 0.9298741221427917, 0.9391366839408875]
NAUTILUS=>2021-05-23 13:32:41.250881: Starting to generating the best model
NAUTILUS=>2021-05-23 13:32:47.211114: Completed generating the best model. Elapsed time: 0:00:05.960233
NAUTILUS=>2021-05-23 13:32:47.211114: Cycle: 8, Best Model: 0
NAUTILUS=>2021-05-23 13:32:47.211114: Cycle: 8, Best model loss: [0.6435089707374573, 0.38424015045166016, 0.2882120907306671, 0.21263685822486877, 0.14561685919761658]
NAUTILUS=>2021-05-23 13:32:47.211114: Cycle: 8, Best model accuracy: [0.7726554274559021, 0.8661571741104126, 0.897240400314331, 0.9281250238418579, 0.9499537944793701]
NAUTILUS=>2021-05-23 13:32:47.211114: Cycle: 8, Best model val_loss: [0.24206489324569702, 0.21342243254184723, 0.20764978229999542, 0.19263677299022675, 0.19354410469532013]
NAUTILUS=>2021-05-23 13:32:47.211114: Cycle: 8, Best model val_accuracy: [0.9103036522865295, 0.9229146838188171, 0.9275965094566345, 0.9328991770744324, 0.939694344997406]
NAUTILUS=>2021-05-23 13:32:47.507437: Completed active learning cycle. Elapsed time: 0:01:50.622512
NAUTILUS=>2021-05-23 13:32:47.507454: ========> Active learning cycle: 9
NAUTILUS=>2021-05-23 13:32:47.507458: Starting data loading
NAUTILUS=>2021-05-23 13:33:16.887467: Completed data loading. Elapsed time: 0:00:29.380009
NAUTILUS=>2021-05-23 13:33:16.887484: Starting model selection
NAUTILUS=>2021-05-23 13:33:16.887499: Materializing training data
NAUTILUS=>2021-05-23 13:33:17.119338: Completed materializing training data. Elapsed time: 0:00:00.231839
NAUTILUS=>2021-05-23 13:33:17.119350: Generating intermediate features
NAUTILUS=>2021-05-23 13:33:25.735152: Completed generating intermediate features. Elapsed time: 0:00:08.615802
NAUTILUS=>2021-05-23 13:33:25.735171: Starting model training
NAUTILUS=>2021-05-23 13:35:11.895581: Completed model training. Elapsed time: 0:01:46.160410
NAUTILUS=>2021-05-23 13:35:11.895581: Cycle: 9, Model: 0, loss: [0.6151235103607178, 0.3484124541282654, 0.26205140352249146, 0.18472561240196228, 0.13096919655799866]
NAUTILUS=>2021-05-23 13:35:11.895581: Cycle: 9, Model: 0, accuracy: [0.7796314358711243, 0.8754345774650574, 0.907393217086792, 0.9362084269523621, 0.9563292264938354]
NAUTILUS=>2021-05-23 13:35:11.895581: Cycle: 9, Model: 0, val_loss: [0.24888981878757477, 0.22468313574790955, 0.17853732407093048, 0.18283617496490479, 0.16704313457012177]
NAUTILUS=>2021-05-23 13:35:11.895581: Cycle: 9, Model: 0, val_accuracy: [0.9032185077667236, 0.9221040606498718, 0.9406939744949341, 0.9430420994758606, 0.9450992345809937]
NAUTILUS=>2021-05-23 13:35:11.895581: Cycle: 9, Model: 1, loss: [0.6289299726486206, 0.3703186511993408, 0.29205718636512756, 0.22961708903312683, 0.18517754971981049]
NAUTILUS=>2021-05-23 13:35:11.895581: Cycle: 9, Model: 1, accuracy: [0.775570273399353, 0.865280032157898, 0.8955879807472229, 0.9213854074478149, 0.9384058117866516]
NAUTILUS=>2021-05-23 13:35:11.895581: Cycle: 9, Model: 1, val_loss: [0.2516878545284271, 0.21718257665634155, 0.18382570147514343, 0.18731655180454254, 0.17595918476581573]
NAUTILUS=>2021-05-23 13:35:11.895581: Cycle: 9, Model: 1, val_accuracy: [0.9022212028503418, 0.9220478534698486, 0.9368101954460144, 0.9368885159492493, 0.9416163563728333]
NAUTILUS=>2021-05-23 13:35:11.895642: Starting to generating the best model
NAUTILUS=>2021-05-23 13:35:17.832311: Completed generating the best model. Elapsed time: 0:00:05.936669
NAUTILUS=>2021-05-23 13:35:17.832311: Cycle: 9, Best Model: 0
NAUTILUS=>2021-05-23 13:35:17.832311: Cycle: 9, Best model loss: [0.6151235103607178, 0.3484124541282654, 0.26205140352249146, 0.18472561240196228, 0.13096919655799866]
NAUTILUS=>2021-05-23 13:35:17.832311: Cycle: 9, Best model accuracy: [0.7796314358711243, 0.8754345774650574, 0.907393217086792, 0.9362084269523621, 0.9563292264938354]
NAUTILUS=>2021-05-23 13:35:17.832311: Cycle: 9, Best model val_loss: [0.24888981878757477, 0.22468313574790955, 0.17853732407093048, 0.18283617496490479, 0.16704313457012177]
NAUTILUS=>2021-05-23 13:35:17.832311: Cycle: 9, Best model val_accuracy: [0.9032185077667236, 0.9221040606498718, 0.9406939744949341, 0.9430420994758606, 0.9450992345809937]
NAUTILUS=>2021-05-23 13:35:18.128801: Completed active learning cycle. Elapsed time: 0:02:01.241317
NAUTILUS=>2021-05-23 13:35:18.128818: ========> Active learning cycle: 10
NAUTILUS=>2021-05-23 13:35:18.128822: Starting data loading
NAUTILUS=>2021-05-23 13:35:50.589962: Completed data loading. Elapsed time: 0:00:32.461140
NAUTILUS=>2021-05-23 13:35:50.589980: Starting model selection
NAUTILUS=>2021-05-23 13:35:50.589994: Materializing training data
NAUTILUS=>2021-05-23 13:35:50.820835: Completed materializing training data. Elapsed time: 0:00:00.230841
NAUTILUS=>2021-05-23 13:35:50.820846: Generating intermediate features
NAUTILUS=>2021-05-23 13:35:59.454452: Completed generating intermediate features. Elapsed time: 0:00:08.633606
NAUTILUS=>2021-05-23 13:35:59.454471: Starting model training
NAUTILUS=>2021-05-23 13:37:57.034619: Completed model training. Elapsed time: 0:01:57.580148
NAUTILUS=>2021-05-23 13:37:57.034619: Cycle: 10, Model: 0, loss: [0.5514295697212219, 0.3212197422981262, 0.24193550646305084, 0.17943261563777924, 0.11787033826112747]
NAUTILUS=>2021-05-23 13:37:57.034619: Cycle: 10, Model: 0, accuracy: [0.8064572215080261, 0.8866165280342102, 0.9162745475769043, 0.9393518567085266, 0.9609121680259705]
NAUTILUS=>2021-05-23 13:37:57.034619: Cycle: 10, Model: 0, val_loss: [0.2188776731491089, 0.20010210573673248, 0.17479705810546875, 0.19383779168128967, 0.17345282435417175]
NAUTILUS=>2021-05-23 13:37:57.034619: Cycle: 10, Model: 0, val_accuracy: [0.9229793548583984, 0.9278261661529541, 0.9423328638076782, 0.941096305847168, 0.9493783712387085]
NAUTILUS=>2021-05-23 13:37:57.034619: Cycle: 10, Model: 1, loss: [0.5830165147781372, 0.33782368898391724, 0.26685816049575806, 0.22158238291740417, 0.1738530397415161]
NAUTILUS=>2021-05-23 13:37:57.034619: Cycle: 10, Model: 1, accuracy: [0.7926672697067261, 0.8793978691101074, 0.9072086215019226, 0.9238194823265076, 0.9419814348220825]
NAUTILUS=>2021-05-23 13:37:57.034619: Cycle: 10, Model: 1, val_loss: [0.23271054029464722, 0.20320512354373932, 0.1814698725938797, 0.17944730818271637, 0.1688072383403778]
NAUTILUS=>2021-05-23 13:37:57.034619: Cycle: 10, Model: 1, val_accuracy: [0.9135452508926392, 0.9274626970291138, 0.9377888441085815, 0.9416329264640808, 0.9458171129226685]
NAUTILUS=>2021-05-23 13:37:57.034682: Starting to generating the best model
NAUTILUS=>2021-05-23 13:38:02.963327: Completed generating the best model. Elapsed time: 0:00:05.928645
NAUTILUS=>2021-05-23 13:38:02.963327: Cycle: 10, Best Model: 0
NAUTILUS=>2021-05-23 13:38:02.963327: Cycle: 10, Best model loss: [0.5514295697212219, 0.3212197422981262, 0.24193550646305084, 0.17943261563777924, 0.11787033826112747]
NAUTILUS=>2021-05-23 13:38:02.963327: Cycle: 10, Best model accuracy: [0.8064572215080261, 0.8866165280342102, 0.9162745475769043, 0.9393518567085266, 0.9609121680259705]
NAUTILUS=>2021-05-23 13:38:02.963327: Cycle: 10, Best model val_loss: [0.2188776731491089, 0.20010210573673248, 0.17479705810546875, 0.19383779168128967, 0.17345282435417175]
NAUTILUS=>2021-05-23 13:38:02.963327: Cycle: 10, Best model val_accuracy: [0.9229793548583984, 0.9278261661529541, 0.9423328638076782, 0.941096305847168, 0.9493783712387085]
NAUTILUS=>2021-05-23 13:38:03.262477: Completed active learning cycle. Elapsed time: 0:02:12.672497
NAUTILUS=>2021-05-23 13:38:03.262494: Workload completed. Elapsed time: 0:20:35.017295
