NAUTILUS=>2021-05-23 16:10:05.158459: Starting workload
NAUTILUS=>2021-05-23 16:10:05.158459: RANDOM_SEED: 2020
NAUTILUS=>2021-05-23 16:10:05.158459: VERY_LARGE_VALUE: 1000000000000000.0
NAUTILUS=>2021-05-23 16:10:05.158459: NO_MAT_OPT: False
NAUTILUS=>2021-05-23 16:10:05.158459: MODE: ftr3-4
NAUTILUS=>2021-05-23 16:10:05.158459: STORAGE_PATH: ./storage
NAUTILUS=>2021-05-23 16:10:05.158459: NO_FUSE_OPT: False
NAUTILUS=>2021-05-23 16:10:05.158459: NUM_EPOCHS: 5
NAUTILUS=>2021-05-23 16:10:05.158459: MAX_NUM_RECORDS: 5000
NAUTILUS=>2021-05-23 16:10:05.158459: ACTIVE_LEARNING_BATCH_SIZE: 500
NAUTILUS=>2021-05-23 16:10:05.158459: VALID_FRACTION: 0.2
NAUTILUS=>2021-05-23 16:10:05.158459: SAMPLING_STRATERGY: uncertainty
NAUTILUS=>2021-05-23 16:10:05.158459: NO_PRETRAINING: False
NAUTILUS=>2021-05-23 16:10:05.158459: STORAGE_BUDGET: 25
NAUTILUS=>2021-05-23 16:10:05.158459: MEMORY_BUDGET: 10
NAUTILUS=>2021-05-23 16:10:05.158459: WORKSPACE_MEMORY: 1
NAUTILUS=>2021-05-23 16:10:05.158459: COMPUTE_THROUGHPUT: 6
NAUTILUS=>2021-05-23 16:10:05.158459: DISK_THROUGHPUT: 500
NAUTILUS=>2021-05-23 16:10:05.158459: SHUFFLE_BUFFER_SIZE: 10000
NAUTILUS=>2021-05-23 16:10:05.158507: Starting system initialization
NAUTILUS=>2021-05-23 16:10:05.885448: Starting model profiling
NAUTILUS=>2021-05-23 16:10:42.741403: Completed model profiling. Elapsed time: 0:00:36.855953
NAUTILUS=>2021-05-23 16:10:42.741403: Model parameters
NAUTILUS=>2021-05-23 16:10:42.741517: Generating optimized model selection plan
NAUTILUS=>2021-05-23 16:10:42.882163: Materialized layers candidates: tf_op_layer_strided_slice,tf_op_layer_Cast,tf_op_layer_Sub,tf_op_layer_Mul,layer_9
NAUTILUS=>2021-05-23 16:10:42.974245: Used materialized layers: layer_9
NAUTILUS=>2021-05-23 16:10:42.974245: Model training plan: {"0_1_2_3": {"models": ["0", "1", "2", "3"], "output_layers": ["0/classifier", "1/classifier", "2/classifier", "3/classifier"], "flops_consumption": 994632973975000.0, "compute_flops": 881986489600000.0, "load_flops": 112646484375000.0, "memory_consumption": 3.1480912677943707, "used_materialized_layers": ["layer_9"], "batch_size": 16, "num_epochs": [5, 5, 5, 5], "flops_reduction": 252692865175000.0, "merged_models": ["0_1", "2_3"]}}
NAUTILUS=>2021-05-23 16:10:42.974363: Completed generating optimized model selection plan. Elapsed time: 0:00:00.232845
NAUTILUS=>2021-05-23 16:10:42.974370: Generating fused models
NAUTILUS=>2021-05-23 16:10:55.683002: Completed generating fused models. Elapsed time: 0:00:12.708631
NAUTILUS=>2021-05-23 16:10:55.683002: Current Practice FLOPs: 596552158720.0
NAUTILUS=>2021-05-23 16:10:55.683002: Optimal FLOPs: 148388021760.0
NAUTILUS=>2021-05-23 16:10:55.683002: Theoretical Speedup: 4.020217748335861
NAUTILUS=>2021-05-23 16:10:55.744419: Completed system initialization. Elapsed time: 0:00:50.585912
NAUTILUS=>2021-05-23 16:10:55.744443: ========> Active learning cycle: 1
NAUTILUS=>2021-05-23 16:10:55.744447: Starting data loading
NAUTILUS=>2021-05-23 16:11:11.237348: Completed data loading. Elapsed time: 0:00:15.492901
NAUTILUS=>2021-05-23 16:11:11.237373: Starting model selection
NAUTILUS=>2021-05-23 16:11:11.237393: Materializing training data
NAUTILUS=>2021-05-23 16:11:11.480475: Completed materializing training data. Elapsed time: 0:00:00.243082
NAUTILUS=>2021-05-23 16:11:11.480488: Generating intermediate features
NAUTILUS=>2021-05-23 16:11:20.137129: Completed generating intermediate features. Elapsed time: 0:00:08.656641
NAUTILUS=>2021-05-23 16:11:20.137149: Starting model training
NAUTILUS=>2021-05-23 16:11:50.128092: Completed model training. Elapsed time: 0:00:29.990943
NAUTILUS=>2021-05-23 16:11:50.128092: Cycle: 1, Model: 0, loss: [0.828880786895752, 0.2970869541168213, 0.19052249193191528, 0.12513618171215057, 0.08048418164253235]
NAUTILUS=>2021-05-23 16:11:50.128092: Cycle: 1, Model: 0, accuracy: [0.7468414902687073, 0.8900124430656433, 0.9346765279769897, 0.9563759565353394, 0.9700300097465515]
NAUTILUS=>2021-05-23 16:11:50.128092: Cycle: 1, Model: 0, val_loss: [0.4639214277267456, 0.41468510031700134, 0.35327720642089844, 0.393357515335083, 0.37415382266044617]
NAUTILUS=>2021-05-23 16:11:50.128092: Cycle: 1, Model: 0, val_accuracy: [0.8359349966049194, 0.8561877608299255, 0.8714163899421692, 0.8704221248626709, 0.8852939605712891]
NAUTILUS=>2021-05-23 16:11:50.128092: Cycle: 1, Model: 1, loss: [1.004594087600708, 0.4065803289413452, 0.28088250756263733, 0.1944686770439148, 0.1432686597108841]
NAUTILUS=>2021-05-23 16:11:50.128092: Cycle: 1, Model: 1, accuracy: [0.7063083052635193, 0.8641493320465088, 0.9058865904808044, 0.9262921214103699, 0.9485536217689514]
NAUTILUS=>2021-05-23 16:11:50.128092: Cycle: 1, Model: 1, val_loss: [0.5762648582458496, 0.4119472801685333, 0.3756779432296753, 0.36078959703445435, 0.36561137437820435]
NAUTILUS=>2021-05-23 16:11:50.128092: Cycle: 1, Model: 1, val_accuracy: [0.8098840117454529, 0.8507524728775024, 0.8563680052757263, 0.869193971157074, 0.8720411062240601]
NAUTILUS=>2021-05-23 16:11:50.128092: Cycle: 1, Model: 2, loss: [1.10059654712677, 0.4744577705860138, 0.3396696150302887, 0.2579960823059082, 0.2015160322189331]
NAUTILUS=>2021-05-23 16:11:50.128092: Cycle: 1, Model: 2, accuracy: [0.6883387565612793, 0.8442584276199341, 0.8858430981636047, 0.9036238193511963, 0.9335419535636902]
NAUTILUS=>2021-05-23 16:11:50.128092: Cycle: 1, Model: 2, val_loss: [0.6876410841941833, 0.472998708486557, 0.41176077723503113, 0.39722809195518494, 0.3804224133491516]
NAUTILUS=>2021-05-23 16:11:50.128092: Cycle: 1, Model: 2, val_accuracy: [0.7769367694854736, 0.828457236289978, 0.848990797996521, 0.8405357599258423, 0.8534486889839172]
NAUTILUS=>2021-05-23 16:11:50.128092: Cycle: 1, Model: 3, loss: [1.230085849761963, 0.5972630381584167, 0.42791739106178284, 0.3265362083911896, 0.26702556014060974]
NAUTILUS=>2021-05-23 16:11:50.128092: Cycle: 1, Model: 3, accuracy: [0.6550421118736267, 0.8016746044158936, 0.8581827282905579, 0.8822500109672546, 0.9073532819747925]
NAUTILUS=>2021-05-23 16:11:50.128092: Cycle: 1, Model: 3, val_loss: [0.7879536151885986, 0.5699779391288757, 0.4662770926952362, 0.4216022193431854, 0.40840330719947815]
NAUTILUS=>2021-05-23 16:11:50.128092: Cycle: 1, Model: 3, val_accuracy: [0.7376022934913635, 0.8131635785102844, 0.8351553082466125, 0.8348590135574341, 0.8504737615585327]
NAUTILUS=>2021-05-23 16:11:50.128191: Starting to generating the best model
NAUTILUS=>2021-05-23 16:11:56.413719: Completed generating the best model. Elapsed time: 0:00:06.285528
NAUTILUS=>2021-05-23 16:11:56.413719: Cycle: 1, Best Model: 0
NAUTILUS=>2021-05-23 16:11:56.413719: Cycle: 1, Best model loss: [0.828880786895752, 0.2970869541168213, 0.19052249193191528, 0.12513618171215057, 0.08048418164253235]
NAUTILUS=>2021-05-23 16:11:56.413719: Cycle: 1, Best model accuracy: [0.7468414902687073, 0.8900124430656433, 0.9346765279769897, 0.9563759565353394, 0.9700300097465515]
NAUTILUS=>2021-05-23 16:11:56.413719: Cycle: 1, Best model val_loss: [0.4639214277267456, 0.41468510031700134, 0.35327720642089844, 0.393357515335083, 0.37415382266044617]
NAUTILUS=>2021-05-23 16:11:56.413719: Cycle: 1, Best model val_accuracy: [0.8359349966049194, 0.8561877608299255, 0.8714163899421692, 0.8704221248626709, 0.8852939605712891]
NAUTILUS=>2021-05-23 16:11:56.712828: Completed active learning cycle. Elapsed time: 0:00:45.475455
NAUTILUS=>2021-05-23 16:11:56.712846: ========> Active learning cycle: 2
NAUTILUS=>2021-05-23 16:11:56.712850: Starting data loading
NAUTILUS=>2021-05-23 16:12:45.926999: Completed data loading. Elapsed time: 0:00:49.214149
NAUTILUS=>2021-05-23 16:12:45.927016: Starting model selection
NAUTILUS=>2021-05-23 16:12:45.927031: Materializing training data
NAUTILUS=>2021-05-23 16:12:46.153375: Completed materializing training data. Elapsed time: 0:00:00.226344
NAUTILUS=>2021-05-23 16:12:46.153386: Generating intermediate features
NAUTILUS=>2021-05-23 16:12:54.805944: Completed generating intermediate features. Elapsed time: 0:00:08.652558
NAUTILUS=>2021-05-23 16:12:54.805964: Starting model training
NAUTILUS=>2021-05-23 16:13:40.690938: Completed model training. Elapsed time: 0:00:45.884974
NAUTILUS=>2021-05-23 16:13:40.690938: Cycle: 2, Model: 0, loss: [0.9820089936256409, 0.42822322249412537, 0.274488627910614, 0.19114264845848083, 0.12522202730178833]
NAUTILUS=>2021-05-23 16:13:40.690938: Cycle: 2, Model: 0, accuracy: [0.6411345601081848, 0.8296785950660706, 0.8881787657737732, 0.9303540587425232, 0.9543465375900269]
NAUTILUS=>2021-05-23 16:13:40.690938: Cycle: 2, Model: 0, val_loss: [0.3782179355621338, 0.34705260396003723, 0.2961651086807251, 0.2835554778575897, 0.305136114358902]
NAUTILUS=>2021-05-23 16:13:40.690938: Cycle: 2, Model: 0, val_accuracy: [0.8639460802078247, 0.8841715455055237, 0.9048786163330078, 0.9142364263534546, 0.9139883518218994]
NAUTILUS=>2021-05-23 16:13:40.690938: Cycle: 2, Model: 1, loss: [1.031630516052246, 0.49598366022109985, 0.33836865425109863, 0.2519090175628662, 0.17347869277000427]
NAUTILUS=>2021-05-23 16:13:40.690938: Cycle: 2, Model: 1, accuracy: [0.6214208006858826, 0.8046935200691223, 0.8720493316650391, 0.9077181816101074, 0.9331250190734863]
NAUTILUS=>2021-05-23 16:13:40.690938: Cycle: 2, Model: 1, val_loss: [0.4488494098186493, 0.3552568852901459, 0.2943028509616852, 0.28837546706199646, 0.27607956528663635]
NAUTILUS=>2021-05-23 16:13:40.690938: Cycle: 2, Model: 1, val_accuracy: [0.8425663709640503, 0.8833434581756592, 0.8984968066215515, 0.9134674668312073, 0.9148668646812439]
NAUTILUS=>2021-05-23 16:13:40.690938: Cycle: 2, Model: 2, loss: [1.1710573434829712, 0.594035804271698, 0.4166698455810547, 0.3269309103488922, 0.24684353172779083]
NAUTILUS=>2021-05-23 16:13:40.690938: Cycle: 2, Model: 2, accuracy: [0.5746650695800781, 0.7590763568878174, 0.8437793850898743, 0.8772196769714355, 0.906093418598175]
NAUTILUS=>2021-05-23 16:13:40.690938: Cycle: 2, Model: 2, val_loss: [0.5098970532417297, 0.3841044306755066, 0.3192782700061798, 0.3005669116973877, 0.27994734048843384]
NAUTILUS=>2021-05-23 16:13:40.690938: Cycle: 2, Model: 2, val_accuracy: [0.8162043690681458, 0.8690874576568604, 0.8832870721817017, 0.9080027937889099, 0.9080075621604919]
NAUTILUS=>2021-05-23 16:13:40.690938: Cycle: 2, Model: 3, loss: [1.2702641487121582, 0.6870141625404358, 0.504310667514801, 0.41127339005470276, 0.33217594027519226]
NAUTILUS=>2021-05-23 16:13:40.690938: Cycle: 2, Model: 3, accuracy: [0.5490967035293579, 0.7168906927108765, 0.8053242564201355, 0.8456637859344482, 0.8711362481117249]
NAUTILUS=>2021-05-23 16:13:40.690938: Cycle: 2, Model: 3, val_loss: [0.5931740999221802, 0.4284386932849884, 0.36116084456443787, 0.3322778344154358, 0.3065924346446991]
NAUTILUS=>2021-05-23 16:13:40.690938: Cycle: 2, Model: 3, val_accuracy: [0.7932661175727844, 0.8485016822814941, 0.8722827434539795, 0.8984524011611938, 0.9016739726066589]
NAUTILUS=>2021-05-23 16:13:40.691037: Starting to generating the best model
NAUTILUS=>2021-05-23 16:13:47.006514: Completed generating the best model. Elapsed time: 0:00:06.315477
NAUTILUS=>2021-05-23 16:13:47.006514: Cycle: 2, Best Model: 1
NAUTILUS=>2021-05-23 16:13:47.006514: Cycle: 2, Best model loss: [1.031630516052246, 0.49598366022109985, 0.33836865425109863, 0.2519090175628662, 0.17347869277000427]
NAUTILUS=>2021-05-23 16:13:47.006514: Cycle: 2, Best model accuracy: [0.6214208006858826, 0.8046935200691223, 0.8720493316650391, 0.9077181816101074, 0.9331250190734863]
NAUTILUS=>2021-05-23 16:13:47.006514: Cycle: 2, Best model val_loss: [0.4488494098186493, 0.3552568852901459, 0.2943028509616852, 0.28837546706199646, 0.27607956528663635]
NAUTILUS=>2021-05-23 16:13:47.006514: Cycle: 2, Best model val_accuracy: [0.8425663709640503, 0.8833434581756592, 0.8984968066215515, 0.9134674668312073, 0.9148668646812439]
NAUTILUS=>2021-05-23 16:13:47.306110: Completed active learning cycle. Elapsed time: 0:01:01.379094
NAUTILUS=>2021-05-23 16:13:47.306127: ========> Active learning cycle: 3
NAUTILUS=>2021-05-23 16:13:47.306130: Starting data loading
NAUTILUS=>2021-05-23 16:14:26.975788: Completed data loading. Elapsed time: 0:00:39.669658
NAUTILUS=>2021-05-23 16:14:26.975806: Starting model selection
NAUTILUS=>2021-05-23 16:14:26.975822: Materializing training data
NAUTILUS=>2021-05-23 16:14:27.206653: Completed materializing training data. Elapsed time: 0:00:00.230831
NAUTILUS=>2021-05-23 16:14:27.206663: Generating intermediate features
NAUTILUS=>2021-05-23 16:14:35.866306: Completed generating intermediate features. Elapsed time: 0:00:08.659643
NAUTILUS=>2021-05-23 16:14:35.866325: Starting model training
NAUTILUS=>2021-05-23 16:15:37.541980: Completed model training. Elapsed time: 0:01:01.675655
NAUTILUS=>2021-05-23 16:15:37.541980: Cycle: 3, Model: 0, loss: [1.0503239631652832, 0.5038192272186279, 0.34329545497894287, 0.27409422397613525, 0.18432031571865082]
NAUTILUS=>2021-05-23 16:15:37.541980: Cycle: 3, Model: 0, accuracy: [0.6394216418266296, 0.8110025525093079, 0.8757426142692566, 0.9025945067405701, 0.9401528835296631]
NAUTILUS=>2021-05-23 16:15:37.541980: Cycle: 3, Model: 0, val_loss: [0.3656683564186096, 0.25603407621383667, 0.27582311630249023, 0.31012749671936035, 0.2955993115901947]
NAUTILUS=>2021-05-23 16:15:37.541980: Cycle: 3, Model: 0, val_accuracy: [0.8686020970344543, 0.9100136160850525, 0.9169734716415405, 0.9171760082244873, 0.9122934937477112]
NAUTILUS=>2021-05-23 16:15:37.541980: Cycle: 3, Model: 1, loss: [1.0786219835281372, 0.5533128380775452, 0.4114153981208801, 0.3229483962059021, 0.24406537413597107]
NAUTILUS=>2021-05-23 16:15:37.541980: Cycle: 3, Model: 1, accuracy: [0.6122634410858154, 0.7813418507575989, 0.846768319606781, 0.8865628838539124, 0.9208267331123352]
NAUTILUS=>2021-05-23 16:15:37.541980: Cycle: 3, Model: 1, val_loss: [0.38938483595848083, 0.3041931986808777, 0.2628311812877655, 0.2745210826396942, 0.25541332364082336]
NAUTILUS=>2021-05-23 16:15:37.541980: Cycle: 3, Model: 1, val_accuracy: [0.8718843460083008, 0.8965688347816467, 0.9098889231681824, 0.9124472141265869, 0.9129377007484436]
NAUTILUS=>2021-05-23 16:15:37.541980: Cycle: 3, Model: 2, loss: [1.173411250114441, 0.6405544877052307, 0.4942150413990021, 0.40278419852256775, 0.3289356529712677]
NAUTILUS=>2021-05-23 16:15:37.541980: Cycle: 3, Model: 2, accuracy: [0.580635666847229, 0.7494320273399353, 0.8104904890060425, 0.8541501760482788, 0.8839531540870667]
NAUTILUS=>2021-05-23 16:15:37.541980: Cycle: 3, Model: 2, val_loss: [0.47131678462028503, 0.35854095220565796, 0.3004438579082489, 0.27271783351898193, 0.264896035194397]
NAUTILUS=>2021-05-23 16:15:37.541980: Cycle: 3, Model: 2, val_accuracy: [0.8249059915542603, 0.8742010593414307, 0.8958098292350769, 0.9077868461608887, 0.9134292602539062]
NAUTILUS=>2021-05-23 16:15:37.541980: Cycle: 3, Model: 3, loss: [1.2739770412445068, 0.7285146713256836, 0.5687881708145142, 0.4734950661659241, 0.3920932114124298]
NAUTILUS=>2021-05-23 16:15:37.541980: Cycle: 3, Model: 3, accuracy: [0.5530614256858826, 0.7097641825675964, 0.7803652286529541, 0.82074373960495, 0.8602864742279053]
NAUTILUS=>2021-05-23 16:15:37.541980: Cycle: 3, Model: 3, val_loss: [0.5316216349601746, 0.38841530680656433, 0.3417527377605438, 0.3005862534046173, 0.28646865487098694]
NAUTILUS=>2021-05-23 16:15:37.541980: Cycle: 3, Model: 3, val_accuracy: [0.8050476908683777, 0.8711074590682983, 0.8834086060523987, 0.8952108025550842, 0.9024705290794373]
NAUTILUS=>2021-05-23 16:15:37.542075: Starting to generating the best model
NAUTILUS=>2021-05-23 16:15:43.832490: Completed generating the best model. Elapsed time: 0:00:06.290415
NAUTILUS=>2021-05-23 16:15:43.832490: Cycle: 3, Best Model: 2
NAUTILUS=>2021-05-23 16:15:43.832490: Cycle: 3, Best model loss: [1.173411250114441, 0.6405544877052307, 0.4942150413990021, 0.40278419852256775, 0.3289356529712677]
NAUTILUS=>2021-05-23 16:15:43.832490: Cycle: 3, Best model accuracy: [0.580635666847229, 0.7494320273399353, 0.8104904890060425, 0.8541501760482788, 0.8839531540870667]
NAUTILUS=>2021-05-23 16:15:43.832490: Cycle: 3, Best model val_loss: [0.47131678462028503, 0.35854095220565796, 0.3004438579082489, 0.27271783351898193, 0.264896035194397]
NAUTILUS=>2021-05-23 16:15:43.832490: Cycle: 3, Best model val_accuracy: [0.8249059915542603, 0.8742010593414307, 0.8958098292350769, 0.9077868461608887, 0.9134292602539062]
NAUTILUS=>2021-05-23 16:15:44.137566: Completed active learning cycle. Elapsed time: 0:01:17.161760
NAUTILUS=>2021-05-23 16:15:44.137584: ========> Active learning cycle: 4
NAUTILUS=>2021-05-23 16:15:44.137588: Starting data loading
NAUTILUS=>2021-05-23 16:16:29.274635: Completed data loading. Elapsed time: 0:00:45.137047
NAUTILUS=>2021-05-23 16:16:29.274652: Starting model selection
NAUTILUS=>2021-05-23 16:16:29.274667: Materializing training data
NAUTILUS=>2021-05-23 16:16:29.500998: Completed materializing training data. Elapsed time: 0:00:00.226331
NAUTILUS=>2021-05-23 16:16:29.501008: Generating intermediate features
NAUTILUS=>2021-05-23 16:16:38.097147: Completed generating intermediate features. Elapsed time: 0:00:08.596139
NAUTILUS=>2021-05-23 16:16:38.097167: Starting model training
NAUTILUS=>2021-05-23 16:17:55.317654: Completed model training. Elapsed time: 0:01:17.220487
NAUTILUS=>2021-05-23 16:17:55.317654: Cycle: 4, Model: 0, loss: [1.0007450580596924, 0.5386736392974854, 0.38935208320617676, 0.28623175621032715, 0.19687123596668243]
NAUTILUS=>2021-05-23 16:17:55.317654: Cycle: 4, Model: 0, accuracy: [0.6615559458732605, 0.813633143901825, 0.8663817048072815, 0.9032334089279175, 0.9374695420265198]
NAUTILUS=>2021-05-23 16:17:55.317654: Cycle: 4, Model: 0, val_loss: [0.35358813405036926, 0.28872406482696533, 0.26977843046188354, 0.24321214854717255, 0.2455395758152008]
NAUTILUS=>2021-05-23 16:17:55.317654: Cycle: 4, Model: 0, val_accuracy: [0.8783340454101562, 0.8984920382499695, 0.906108021736145, 0.9223610758781433, 0.9265408515930176]
NAUTILUS=>2021-05-23 16:17:55.317654: Cycle: 4, Model: 1, loss: [1.0142467021942139, 0.5698196887969971, 0.43418458104133606, 0.3525908291339874, 0.274330198764801]
NAUTILUS=>2021-05-23 16:17:55.317654: Cycle: 4, Model: 1, accuracy: [0.6520774960517883, 0.7998597025871277, 0.8527160882949829, 0.8819565773010254, 0.9148235321044922]
NAUTILUS=>2021-05-23 16:17:55.317654: Cycle: 4, Model: 1, val_loss: [0.35799354314804077, 0.2813897430896759, 0.24565917253494263, 0.23920086026191711, 0.23523734509944916]
NAUTILUS=>2021-05-23 16:17:55.317654: Cycle: 4, Model: 1, val_accuracy: [0.883351743221283, 0.8983660340309143, 0.9147924184799194, 0.9203234314918518, 0.9223295450210571]
NAUTILUS=>2021-05-23 16:17:55.317654: Cycle: 4, Model: 2, loss: [1.088930368423462, 0.6305785179138184, 0.4959678649902344, 0.4107176959514618, 0.34650394320487976]
NAUTILUS=>2021-05-23 16:17:55.317654: Cycle: 4, Model: 2, accuracy: [0.6281378269195557, 0.7715151309967041, 0.8276664614677429, 0.8608231544494629, 0.8871836066246033]
NAUTILUS=>2021-05-23 16:17:55.317654: Cycle: 4, Model: 2, val_loss: [0.4040851593017578, 0.29758158326148987, 0.2775494456291199, 0.24165937304496765, 0.24623627960681915]
NAUTILUS=>2021-05-23 16:17:55.317654: Cycle: 4, Model: 2, val_accuracy: [0.8620694875717163, 0.8995107412338257, 0.9048641324043274, 0.917738676071167, 0.9149627685546875]
NAUTILUS=>2021-05-23 16:17:55.317654: Cycle: 4, Model: 3, loss: [1.157570242881775, 0.7072559595108032, 0.5625317692756653, 0.4762425720691681, 0.40739184617996216]
NAUTILUS=>2021-05-23 16:17:55.317654: Cycle: 4, Model: 3, accuracy: [0.5996688008308411, 0.7423927187919617, 0.8035558462142944, 0.833922803401947, 0.8620312213897705]
NAUTILUS=>2021-05-23 16:17:55.317654: Cycle: 4, Model: 3, val_loss: [0.4594841003417969, 0.34411075711250305, 0.30147141218185425, 0.2650788128376007, 0.2584414780139923]
NAUTILUS=>2021-05-23 16:17:55.317654: Cycle: 4, Model: 3, val_accuracy: [0.8350563049316406, 0.8728525042533875, 0.8964491486549377, 0.9098873138427734, 0.9113976359367371]
NAUTILUS=>2021-05-23 16:17:55.317751: Starting to generating the best model
NAUTILUS=>2021-05-23 16:18:01.635643: Completed generating the best model. Elapsed time: 0:00:06.317892
NAUTILUS=>2021-05-23 16:18:01.635643: Cycle: 4, Best Model: 0
NAUTILUS=>2021-05-23 16:18:01.635643: Cycle: 4, Best model loss: [1.0007450580596924, 0.5386736392974854, 0.38935208320617676, 0.28623175621032715, 0.19687123596668243]
NAUTILUS=>2021-05-23 16:18:01.635643: Cycle: 4, Best model accuracy: [0.6615559458732605, 0.813633143901825, 0.8663817048072815, 0.9032334089279175, 0.9374695420265198]
NAUTILUS=>2021-05-23 16:18:01.635643: Cycle: 4, Best model val_loss: [0.35358813405036926, 0.28872406482696533, 0.26977843046188354, 0.24321214854717255, 0.2455395758152008]
NAUTILUS=>2021-05-23 16:18:01.635643: Cycle: 4, Best model val_accuracy: [0.8783340454101562, 0.8984920382499695, 0.906108021736145, 0.9223610758781433, 0.9265408515930176]
NAUTILUS=>2021-05-23 16:18:01.935666: Completed active learning cycle. Elapsed time: 0:01:32.661014
NAUTILUS=>2021-05-23 16:18:01.935683: ========> Active learning cycle: 5
NAUTILUS=>2021-05-23 16:18:01.935687: Starting data loading
NAUTILUS=>2021-05-23 16:18:38.111559: Completed data loading. Elapsed time: 0:00:36.175872
NAUTILUS=>2021-05-23 16:18:38.111576: Starting model selection
NAUTILUS=>2021-05-23 16:18:38.111592: Materializing training data
NAUTILUS=>2021-05-23 16:18:38.338955: Completed materializing training data. Elapsed time: 0:00:00.227363
NAUTILUS=>2021-05-23 16:18:38.338967: Generating intermediate features
NAUTILUS=>2021-05-23 16:18:46.946666: Completed generating intermediate features. Elapsed time: 0:00:08.607699
NAUTILUS=>2021-05-23 16:18:46.946685: Starting model training
NAUTILUS=>2021-05-23 16:20:19.982143: Completed model training. Elapsed time: 0:01:33.035458
NAUTILUS=>2021-05-23 16:20:19.982143: Cycle: 5, Model: 0, loss: [0.8848878145217896, 0.48879098892211914, 0.3627718389034271, 0.27218595147132874, 0.2061728835105896]
NAUTILUS=>2021-05-23 16:20:19.982143: Cycle: 5, Model: 0, accuracy: [0.697338879108429, 0.8288840651512146, 0.8729316592216492, 0.9055098295211792, 0.9343339800834656]
NAUTILUS=>2021-05-23 16:20:19.982143: Cycle: 5, Model: 0, val_loss: [0.3129018545150757, 0.25376373529434204, 0.23948748409748077, 0.22341027855873108, 0.2342166006565094]
NAUTILUS=>2021-05-23 16:20:19.982143: Cycle: 5, Model: 0, val_accuracy: [0.8828927874565125, 0.9140087366104126, 0.920835554599762, 0.9284613132476807, 0.9284204244613647]
NAUTILUS=>2021-05-23 16:20:19.982143: Cycle: 5, Model: 1, loss: [0.931462824344635, 0.5267237424850464, 0.405816912651062, 0.32352131605148315, 0.26926350593566895]
NAUTILUS=>2021-05-23 16:20:19.982143: Cycle: 5, Model: 1, accuracy: [0.6760247945785522, 0.812559962272644, 0.8585521578788757, 0.890867292881012, 0.913202166557312]
NAUTILUS=>2021-05-23 16:20:19.982143: Cycle: 5, Model: 1, val_loss: [0.3221791386604309, 0.256032258272171, 0.23639312386512756, 0.21526898443698883, 0.21449017524719238]
NAUTILUS=>2021-05-23 16:20:19.982143: Cycle: 5, Model: 1, val_accuracy: [0.8834271430969238, 0.9131736159324646, 0.9191558361053467, 0.9234687685966492, 0.927733838558197]
NAUTILUS=>2021-05-23 16:20:19.982143: Cycle: 5, Model: 2, loss: [0.9871426224708557, 0.5766896605491638, 0.45632660388946533, 0.37810710072517395, 0.32490047812461853]
NAUTILUS=>2021-05-23 16:20:19.982143: Cycle: 5, Model: 2, accuracy: [0.6508467197418213, 0.7911696434020996, 0.8388306498527527, 0.8714576959609985, 0.893989622592926]
NAUTILUS=>2021-05-23 16:20:19.982143: Cycle: 5, Model: 2, val_loss: [0.36145877838134766, 0.2823863625526428, 0.248015895485878, 0.22655873000621796, 0.21870160102844238]
NAUTILUS=>2021-05-23 16:20:19.982143: Cycle: 5, Model: 2, val_accuracy: [0.8718570470809937, 0.9073320031166077, 0.9183659553527832, 0.9207580089569092, 0.9231885671615601]
NAUTILUS=>2021-05-23 16:20:19.982143: Cycle: 5, Model: 3, loss: [1.0761611461639404, 0.647977352142334, 0.521925151348114, 0.4377794861793518, 0.38239800930023193]
NAUTILUS=>2021-05-23 16:20:19.982143: Cycle: 5, Model: 3, accuracy: [0.6204816102981567, 0.7633841037750244, 0.8116997480392456, 0.8473471403121948, 0.8717269897460938]
NAUTILUS=>2021-05-23 16:20:19.982143: Cycle: 5, Model: 3, val_loss: [0.4186553359031677, 0.3157375752925873, 0.27084529399871826, 0.24474231898784637, 0.23244576156139374]
NAUTILUS=>2021-05-23 16:20:19.982143: Cycle: 5, Model: 3, val_accuracy: [0.8494088649749756, 0.8946815729141235, 0.9061723351478577, 0.917978823184967, 0.9197957515716553]
NAUTILUS=>2021-05-23 16:20:19.982239: Starting to generating the best model
NAUTILUS=>2021-05-23 16:20:26.247612: Completed generating the best model. Elapsed time: 0:00:06.265373
NAUTILUS=>2021-05-23 16:20:26.247612: Cycle: 5, Best Model: 0
NAUTILUS=>2021-05-23 16:20:26.247612: Cycle: 5, Best model loss: [0.8848878145217896, 0.48879098892211914, 0.3627718389034271, 0.27218595147132874, 0.2061728835105896]
NAUTILUS=>2021-05-23 16:20:26.247612: Cycle: 5, Best model accuracy: [0.697338879108429, 0.8288840651512146, 0.8729316592216492, 0.9055098295211792, 0.9343339800834656]
NAUTILUS=>2021-05-23 16:20:26.247612: Cycle: 5, Best model val_loss: [0.3129018545150757, 0.25376373529434204, 0.23948748409748077, 0.22341027855873108, 0.2342166006565094]
NAUTILUS=>2021-05-23 16:20:26.247612: Cycle: 5, Best model val_accuracy: [0.8828927874565125, 0.9140087366104126, 0.920835554599762, 0.9284613132476807, 0.9284204244613647]
NAUTILUS=>2021-05-23 16:20:26.545034: Completed active learning cycle. Elapsed time: 0:01:48.433458
NAUTILUS=>2021-05-23 16:20:26.545051: ========> Active learning cycle: 6
NAUTILUS=>2021-05-23 16:20:26.545055: Starting data loading
NAUTILUS=>2021-05-23 16:21:07.437563: Completed data loading. Elapsed time: 0:00:40.892508
NAUTILUS=>2021-05-23 16:21:07.437581: Starting model selection
NAUTILUS=>2021-05-23 16:21:07.437598: Materializing training data
NAUTILUS=>2021-05-23 16:21:07.666459: Completed materializing training data. Elapsed time: 0:00:00.228861
NAUTILUS=>2021-05-23 16:21:07.666472: Generating intermediate features
NAUTILUS=>2021-05-23 16:21:16.265495: Completed generating intermediate features. Elapsed time: 0:00:08.599023
NAUTILUS=>2021-05-23 16:21:16.265513: Starting model training
NAUTILUS=>2021-05-23 16:23:05.837367: Completed model training. Elapsed time: 0:01:49.571854
NAUTILUS=>2021-05-23 16:23:05.837367: Cycle: 6, Model: 0, loss: [0.7797222137451172, 0.44748643040657043, 0.33474966883659363, 0.25199100375175476, 0.1761731654405594]
NAUTILUS=>2021-05-23 16:23:05.837367: Cycle: 6, Model: 0, accuracy: [0.7316976189613342, 0.8410143852233887, 0.8846953511238098, 0.9130313992500305, 0.9417982697486877]
NAUTILUS=>2021-05-23 16:23:05.837367: Cycle: 6, Model: 0, val_loss: [0.26252037286758423, 0.22259017825126648, 0.2255323976278305, 0.21208307147026062, 0.2049766182899475]
NAUTILUS=>2021-05-23 16:23:05.837367: Cycle: 6, Model: 0, val_accuracy: [0.9081600904464722, 0.923750638961792, 0.9228168725967407, 0.9283265471458435, 0.939351499080658]
NAUTILUS=>2021-05-23 16:23:05.837367: Cycle: 6, Model: 1, loss: [0.8572153449058533, 0.47669246792793274, 0.36792996525764465, 0.2986728250980377, 0.23822744190692902]
NAUTILUS=>2021-05-23 16:23:05.837367: Cycle: 6, Model: 1, accuracy: [0.7028313875198364, 0.829873263835907, 0.8731008768081665, 0.8973852396011353, 0.921951413154602]
NAUTILUS=>2021-05-23 16:23:05.837367: Cycle: 6, Model: 1, val_loss: [0.29861530661582947, 0.2357422411441803, 0.230386883020401, 0.21575403213500977, 0.19946666061878204]
NAUTILUS=>2021-05-23 16:23:05.837367: Cycle: 6, Model: 1, val_accuracy: [0.8894453048706055, 0.9156832695007324, 0.9219138622283936, 0.926279604434967, 0.9324283003807068]
NAUTILUS=>2021-05-23 16:23:05.837367: Cycle: 6, Model: 2, loss: [0.9085469841957092, 0.5183769464492798, 0.41646310687065125, 0.35025131702423096, 0.2940710484981537]
NAUTILUS=>2021-05-23 16:23:05.837367: Cycle: 6, Model: 2, accuracy: [0.6856892108917236, 0.8134711980819702, 0.8531138896942139, 0.8780829906463623, 0.9019412398338318]
NAUTILUS=>2021-05-23 16:23:05.837367: Cycle: 6, Model: 2, val_loss: [0.3254000246524811, 0.24859827756881714, 0.24532659351825714, 0.2130824476480484, 0.2091844528913498]
NAUTILUS=>2021-05-23 16:23:05.837367: Cycle: 6, Model: 2, val_accuracy: [0.8859245777130127, 0.9109338521957397, 0.9178964495658875, 0.9223533868789673, 0.9267240166664124]
NAUTILUS=>2021-05-23 16:23:05.837367: Cycle: 6, Model: 3, loss: [0.9797403216362, 0.5704808831214905, 0.4612111449241638, 0.39704209566116333, 0.34797903895378113]
NAUTILUS=>2021-05-23 16:23:05.837367: Cycle: 6, Model: 3, accuracy: [0.6619523167610168, 0.7916759252548218, 0.8344861268997192, 0.8591181635856628, 0.8812146186828613]
NAUTILUS=>2021-05-23 16:23:05.837367: Cycle: 6, Model: 3, val_loss: [0.36146536469459534, 0.274230033159256, 0.2665567398071289, 0.22494478523731232, 0.22014154493808746]
NAUTILUS=>2021-05-23 16:23:05.837367: Cycle: 6, Model: 3, val_accuracy: [0.8765630125999451, 0.900748610496521, 0.909742534160614, 0.9196373224258423, 0.922017514705658]
NAUTILUS=>2021-05-23 16:23:05.837470: Starting to generating the best model
NAUTILUS=>2021-05-23 16:23:12.151884: Completed generating the best model. Elapsed time: 0:00:06.314414
NAUTILUS=>2021-05-23 16:23:12.151884: Cycle: 6, Best Model: 0
NAUTILUS=>2021-05-23 16:23:12.151884: Cycle: 6, Best model loss: [0.7797222137451172, 0.44748643040657043, 0.33474966883659363, 0.25199100375175476, 0.1761731654405594]
NAUTILUS=>2021-05-23 16:23:12.151884: Cycle: 6, Best model accuracy: [0.7316976189613342, 0.8410143852233887, 0.8846953511238098, 0.9130313992500305, 0.9417982697486877]
NAUTILUS=>2021-05-23 16:23:12.151884: Cycle: 6, Best model val_loss: [0.26252037286758423, 0.22259017825126648, 0.2255323976278305, 0.21208307147026062, 0.2049766182899475]
NAUTILUS=>2021-05-23 16:23:12.151884: Cycle: 6, Best model val_accuracy: [0.9081600904464722, 0.923750638961792, 0.9228168725967407, 0.9283265471458435, 0.939351499080658]
NAUTILUS=>2021-05-23 16:23:12.451539: Completed active learning cycle. Elapsed time: 0:02:05.013958
NAUTILUS=>2021-05-23 16:23:12.451556: ========> Active learning cycle: 7
NAUTILUS=>2021-05-23 16:23:12.451560: Starting data loading
NAUTILUS=>2021-05-23 16:23:45.196347: Completed data loading. Elapsed time: 0:00:32.744787
NAUTILUS=>2021-05-23 16:23:45.196364: Starting model selection
NAUTILUS=>2021-05-23 16:23:45.196381: Materializing training data
NAUTILUS=>2021-05-23 16:23:45.430394: Completed materializing training data. Elapsed time: 0:00:00.234013
NAUTILUS=>2021-05-23 16:23:45.430405: Generating intermediate features
NAUTILUS=>2021-05-23 16:23:54.055123: Completed generating intermediate features. Elapsed time: 0:00:08.624718
NAUTILUS=>2021-05-23 16:23:54.055143: Starting model training
NAUTILUS=>2021-05-23 16:25:58.751194: Completed model training. Elapsed time: 0:02:04.696051
NAUTILUS=>2021-05-23 16:25:58.751194: Cycle: 7, Model: 0, loss: [0.7221354246139526, 0.4036092162132263, 0.30329594016075134, 0.21994371712207794, 0.15366247296333313]
NAUTILUS=>2021-05-23 16:25:58.751194: Cycle: 7, Model: 0, accuracy: [0.7453664541244507, 0.8558929562568665, 0.8913864493370056, 0.9235274195671082, 0.9470362067222595]
NAUTILUS=>2021-05-23 16:25:58.751194: Cycle: 7, Model: 0, val_loss: [0.25216177105903625, 0.2203816920518875, 0.2183389961719513, 0.20365160703659058, 0.20105904340744019]
NAUTILUS=>2021-05-23 16:25:58.751194: Cycle: 7, Model: 0, val_accuracy: [0.9075965285301208, 0.9228470921516418, 0.9234884977340698, 0.9350373148918152, 0.9404253363609314]
NAUTILUS=>2021-05-23 16:25:58.751194: Cycle: 7, Model: 1, loss: [0.7430679798126221, 0.4322947561740875, 0.33855140209198, 0.2723850607872009, 0.21312642097473145]
NAUTILUS=>2021-05-23 16:25:58.751194: Cycle: 7, Model: 1, accuracy: [0.7380832433700562, 0.845782458782196, 0.8772993087768555, 0.9053120017051697, 0.9289613366127014]
NAUTILUS=>2021-05-23 16:25:58.751194: Cycle: 7, Model: 1, val_loss: [0.2582646608352661, 0.23160208761692047, 0.22102443873882294, 0.19324423372745514, 0.1956494152545929]
NAUTILUS=>2021-05-23 16:25:58.751194: Cycle: 7, Model: 1, val_accuracy: [0.9050285220146179, 0.914777934551239, 0.926152765750885, 0.93519127368927, 0.9377055168151855]
NAUTILUS=>2021-05-23 16:25:58.751194: Cycle: 7, Model: 2, loss: [0.8045343160629272, 0.47163233160972595, 0.37808775901794434, 0.3206634521484375, 0.26609429717063904]
NAUTILUS=>2021-05-23 16:25:58.751194: Cycle: 7, Model: 2, accuracy: [0.7129489779472351, 0.8280625939369202, 0.864201545715332, 0.886496901512146, 0.9100775122642517]
NAUTILUS=>2021-05-23 16:25:58.751194: Cycle: 7, Model: 2, val_loss: [0.2870806157588959, 0.25214701890945435, 0.22417262196540833, 0.1970590502023697, 0.1935669332742691]
NAUTILUS=>2021-05-23 16:25:58.751194: Cycle: 7, Model: 2, val_accuracy: [0.894190788269043, 0.9043206572532654, 0.922905445098877, 0.9345359802246094, 0.9327884316444397]
NAUTILUS=>2021-05-23 16:25:58.751194: Cycle: 7, Model: 3, loss: [0.8922004699707031, 0.5210414528846741, 0.4186617136001587, 0.36118921637535095, 0.311533123254776]
NAUTILUS=>2021-05-23 16:25:58.751194: Cycle: 7, Model: 3, accuracy: [0.6848649382591248, 0.8047505617141724, 0.8460785746574402, 0.8692378401756287, 0.8906082510948181]
NAUTILUS=>2021-05-23 16:25:58.751194: Cycle: 7, Model: 3, val_loss: [0.33398011326789856, 0.27217453718185425, 0.23509714007377625, 0.20727279782295227, 0.1974213719367981]
NAUTILUS=>2021-05-23 16:25:58.751194: Cycle: 7, Model: 3, val_accuracy: [0.8752028942108154, 0.9002221822738647, 0.9164224863052368, 0.9282357096672058, 0.9316163063049316]
NAUTILUS=>2021-05-23 16:25:58.751290: Starting to generating the best model
NAUTILUS=>2021-05-23 16:26:04.947547: Completed generating the best model. Elapsed time: 0:00:06.196257
NAUTILUS=>2021-05-23 16:26:04.947547: Cycle: 7, Best Model: 0
NAUTILUS=>2021-05-23 16:26:04.947547: Cycle: 7, Best model loss: [0.7221354246139526, 0.4036092162132263, 0.30329594016075134, 0.21994371712207794, 0.15366247296333313]
NAUTILUS=>2021-05-23 16:26:04.947547: Cycle: 7, Best model accuracy: [0.7453664541244507, 0.8558929562568665, 0.8913864493370056, 0.9235274195671082, 0.9470362067222595]
NAUTILUS=>2021-05-23 16:26:04.947547: Cycle: 7, Best model val_loss: [0.25216177105903625, 0.2203816920518875, 0.2183389961719513, 0.20365160703659058, 0.20105904340744019]
NAUTILUS=>2021-05-23 16:26:04.947547: Cycle: 7, Best model val_accuracy: [0.9075965285301208, 0.9228470921516418, 0.9234884977340698, 0.9350373148918152, 0.9404253363609314]
NAUTILUS=>2021-05-23 16:26:05.246528: Completed active learning cycle. Elapsed time: 0:02:20.050164
NAUTILUS=>2021-05-23 16:26:05.246546: ========> Active learning cycle: 8
NAUTILUS=>2021-05-23 16:26:05.246550: Starting data loading
NAUTILUS=>2021-05-23 16:26:41.887449: Completed data loading. Elapsed time: 0:00:36.640899
NAUTILUS=>2021-05-23 16:26:41.887466: Starting model selection
NAUTILUS=>2021-05-23 16:26:41.887482: Materializing training data
NAUTILUS=>2021-05-23 16:26:42.116917: Completed materializing training data. Elapsed time: 0:00:00.229435
NAUTILUS=>2021-05-23 16:26:42.116931: Generating intermediate features
NAUTILUS=>2021-05-23 16:26:50.748629: Completed generating intermediate features. Elapsed time: 0:00:08.631698
NAUTILUS=>2021-05-23 16:26:50.748648: Starting model training
NAUTILUS=>2021-05-23 16:29:11.755180: Completed model training. Elapsed time: 0:02:21.006532
NAUTILUS=>2021-05-23 16:29:11.755180: Cycle: 8, Model: 0, loss: [0.6535935997962952, 0.3792054355144501, 0.28068044781684875, 0.20254667103290558, 0.14014124870300293]
NAUTILUS=>2021-05-23 16:29:11.755180: Cycle: 8, Model: 0, accuracy: [0.7634021639823914, 0.8638975024223328, 0.9023430347442627, 0.9293281435966492, 0.9517355561256409]
NAUTILUS=>2021-05-23 16:29:11.755180: Cycle: 8, Model: 0, val_loss: [0.2442566305398941, 0.21029382944107056, 0.21710073947906494, 0.1807231307029724, 0.17933407425880432]
NAUTILUS=>2021-05-23 16:29:11.755180: Cycle: 8, Model: 0, val_accuracy: [0.9090350866317749, 0.9228721857070923, 0.9201880097389221, 0.936384379863739, 0.9432405829429626]
NAUTILUS=>2021-05-23 16:29:11.755180: Cycle: 8, Model: 1, loss: [0.6825265288352966, 0.39513060450553894, 0.3153655529022217, 0.2509365975856781, 0.201059490442276]
NAUTILUS=>2021-05-23 16:29:11.755180: Cycle: 8, Model: 1, accuracy: [0.7509909272193909, 0.856590747833252, 0.8893021941184998, 0.9136989116668701, 0.9302826523780823]
NAUTILUS=>2021-05-23 16:29:11.755180: Cycle: 8, Model: 1, val_loss: [0.2567961812019348, 0.2250310182571411, 0.2396870255470276, 0.1929813027381897, 0.18237760663032532]
NAUTILUS=>2021-05-23 16:29:11.755180: Cycle: 8, Model: 1, val_accuracy: [0.906334400177002, 0.9208760857582092, 0.9121444225311279, 0.933620810508728, 0.9379643201828003]
NAUTILUS=>2021-05-23 16:29:11.755180: Cycle: 8, Model: 2, loss: [0.7510656118392944, 0.4260283410549164, 0.3474467396736145, 0.29376667737960815, 0.24866147339344025]
NAUTILUS=>2021-05-23 16:29:11.755180: Cycle: 8, Model: 2, accuracy: [0.7318404316902161, 0.8419958353042603, 0.8772284984588623, 0.8979328274726868, 0.9135227799415588]
NAUTILUS=>2021-05-23 16:29:11.755180: Cycle: 8, Model: 2, val_loss: [0.28275591135025024, 0.24014022946357727, 0.24935995042324066, 0.2228931486606598, 0.18499110639095306]
NAUTILUS=>2021-05-23 16:29:11.755180: Cycle: 8, Model: 2, val_accuracy: [0.8979960680007935, 0.9109308123588562, 0.9096444845199585, 0.9214597940444946, 0.9332988858222961]
NAUTILUS=>2021-05-23 16:29:11.755180: Cycle: 8, Model: 3, loss: [0.8067992329597473, 0.4678831100463867, 0.3808002769947052, 0.3288624882698059, 0.2880704998970032]
NAUTILUS=>2021-05-23 16:29:11.755180: Cycle: 8, Model: 3, accuracy: [0.7119724154472351, 0.8255103826522827, 0.8600722551345825, 0.8840779066085815, 0.8984754681587219]
NAUTILUS=>2021-05-23 16:29:11.755180: Cycle: 8, Model: 3, val_loss: [0.30862292647361755, 0.2509356439113617, 0.23312975466251373, 0.2227451503276825, 0.19357901811599731]
NAUTILUS=>2021-05-23 16:29:11.755180: Cycle: 8, Model: 3, val_accuracy: [0.8932498097419739, 0.9041444659233093, 0.9164028763771057, 0.9238648414611816, 0.9305948615074158]
NAUTILUS=>2021-05-23 16:29:11.755277: Starting to generating the best model
NAUTILUS=>2021-05-23 16:29:18.020592: Completed generating the best model. Elapsed time: 0:00:06.265315
NAUTILUS=>2021-05-23 16:29:18.020592: Cycle: 8, Best Model: 0
NAUTILUS=>2021-05-23 16:29:18.020592: Cycle: 8, Best model loss: [0.6535935997962952, 0.3792054355144501, 0.28068044781684875, 0.20254667103290558, 0.14014124870300293]
NAUTILUS=>2021-05-23 16:29:18.020592: Cycle: 8, Best model accuracy: [0.7634021639823914, 0.8638975024223328, 0.9023430347442627, 0.9293281435966492, 0.9517355561256409]
NAUTILUS=>2021-05-23 16:29:18.020592: Cycle: 8, Best model val_loss: [0.2442566305398941, 0.21029382944107056, 0.21710073947906494, 0.1807231307029724, 0.17933407425880432]
NAUTILUS=>2021-05-23 16:29:18.020592: Cycle: 8, Best model val_accuracy: [0.9090350866317749, 0.9228721857070923, 0.9201880097389221, 0.936384379863739, 0.9432405829429626]
NAUTILUS=>2021-05-23 16:29:18.331448: Completed active learning cycle. Elapsed time: 0:02:36.443982
NAUTILUS=>2021-05-23 16:29:18.331465: ========> Active learning cycle: 9
NAUTILUS=>2021-05-23 16:29:18.331469: Starting data loading
NAUTILUS=>2021-05-23 16:29:47.560595: Completed data loading. Elapsed time: 0:00:29.229126
NAUTILUS=>2021-05-23 16:29:47.560613: Starting model selection
NAUTILUS=>2021-05-23 16:29:47.560630: Materializing training data
NAUTILUS=>2021-05-23 16:29:47.789005: Completed materializing training data. Elapsed time: 0:00:00.228375
NAUTILUS=>2021-05-23 16:29:47.789019: Generating intermediate features
NAUTILUS=>2021-05-23 16:29:56.416271: Completed generating intermediate features. Elapsed time: 0:00:08.627252
NAUTILUS=>2021-05-23 16:29:56.416291: Starting model training
NAUTILUS=>2021-05-23 16:32:32.799833: Completed model training. Elapsed time: 0:02:36.383542
NAUTILUS=>2021-05-23 16:32:32.799833: Cycle: 9, Model: 0, loss: [0.5965078473091125, 0.34738680720329285, 0.2569834589958191, 0.18733251094818115, 0.13042667508125305]
NAUTILUS=>2021-05-23 16:32:32.799833: Cycle: 9, Model: 0, accuracy: [0.7885898947715759, 0.8738647699356079, 0.907349169254303, 0.936454713344574, 0.9562474489212036]
NAUTILUS=>2021-05-23 16:32:32.799833: Cycle: 9, Model: 0, val_loss: [0.23022300004959106, 0.19902551174163818, 0.18992508947849274, 0.20017166435718536, 0.17207661271095276]
NAUTILUS=>2021-05-23 16:32:32.799833: Cycle: 9, Model: 0, val_accuracy: [0.9172231554985046, 0.9294318556785583, 0.9302977919578552, 0.9363234043121338, 0.944290280342102]
NAUTILUS=>2021-05-23 16:32:32.799833: Cycle: 9, Model: 1, loss: [0.6235727667808533, 0.36703458428382874, 0.2885933220386505, 0.23156750202178955, 0.1840754598379135]
NAUTILUS=>2021-05-23 16:32:32.799833: Cycle: 9, Model: 1, accuracy: [0.7749335169792175, 0.8653228282928467, 0.8956456780433655, 0.9204835891723633, 0.9385036826133728]
NAUTILUS=>2021-05-23 16:32:32.799833: Cycle: 9, Model: 1, val_loss: [0.24036528170108795, 0.20252399146556854, 0.19495221972465515, 0.1945231556892395, 0.1729782372713089]
NAUTILUS=>2021-05-23 16:32:32.799833: Cycle: 9, Model: 1, val_accuracy: [0.9157809615135193, 0.9268991351127625, 0.9288413524627686, 0.9340177178382874, 0.9426175951957703]
NAUTILUS=>2021-05-23 16:32:32.799833: Cycle: 9, Model: 2, loss: [0.6756031513214111, 0.3970453143119812, 0.3201046884059906, 0.2693464756011963, 0.22993457317352295]
NAUTILUS=>2021-05-23 16:32:32.799833: Cycle: 9, Model: 2, accuracy: [0.7591937780380249, 0.8525387048721313, 0.8823325037956238, 0.9048972725868225, 0.9227539896965027]
NAUTILUS=>2021-05-23 16:32:32.799833: Cycle: 9, Model: 2, val_loss: [0.2541745901107788, 0.21262554824352264, 0.20141957700252533, 0.19065311551094055, 0.18054531514644623]
NAUTILUS=>2021-05-23 16:32:32.799833: Cycle: 9, Model: 2, val_accuracy: [0.9098784923553467, 0.9246982336044312, 0.9292996525764465, 0.9344089031219482, 0.9365770816802979]
NAUTILUS=>2021-05-23 16:32:32.799833: Cycle: 9, Model: 3, loss: [0.7363507151603699, 0.43256649374961853, 0.35311365127563477, 0.3011700212955475, 0.2665046155452728]
NAUTILUS=>2021-05-23 16:32:32.799833: Cycle: 9, Model: 3, accuracy: [0.7390534281730652, 0.8393828868865967, 0.8682764172554016, 0.8939570188522339, 0.9090996384620667]
NAUTILUS=>2021-05-23 16:32:32.799833: Cycle: 9, Model: 3, val_loss: [0.28034716844558716, 0.22803878784179688, 0.20853261649608612, 0.19302651286125183, 0.18928514420986176]
NAUTILUS=>2021-05-23 16:32:32.799833: Cycle: 9, Model: 3, val_accuracy: [0.9005476236343384, 0.9195250868797302, 0.9283758997917175, 0.934417724609375, 0.9320359230041504]
NAUTILUS=>2021-05-23 16:32:32.799930: Starting to generating the best model
NAUTILUS=>2021-05-23 16:32:39.050849: Completed generating the best model. Elapsed time: 0:00:06.250919
NAUTILUS=>2021-05-23 16:32:39.050849: Cycle: 9, Best Model: 0
NAUTILUS=>2021-05-23 16:32:39.050849: Cycle: 9, Best model loss: [0.5965078473091125, 0.34738680720329285, 0.2569834589958191, 0.18733251094818115, 0.13042667508125305]
NAUTILUS=>2021-05-23 16:32:39.050849: Cycle: 9, Best model accuracy: [0.7885898947715759, 0.8738647699356079, 0.907349169254303, 0.936454713344574, 0.9562474489212036]
NAUTILUS=>2021-05-23 16:32:39.050849: Cycle: 9, Best model val_loss: [0.23022300004959106, 0.19902551174163818, 0.18992508947849274, 0.20017166435718536, 0.17207661271095276]
NAUTILUS=>2021-05-23 16:32:39.050849: Cycle: 9, Best model val_accuracy: [0.9172231554985046, 0.9294318556785583, 0.9302977919578552, 0.9363234043121338, 0.944290280342102]
NAUTILUS=>2021-05-23 16:32:39.346647: Completed active learning cycle. Elapsed time: 0:02:51.786034
NAUTILUS=>2021-05-23 16:32:39.346665: ========> Active learning cycle: 10
NAUTILUS=>2021-05-23 16:32:39.346669: Starting data loading
NAUTILUS=>2021-05-23 16:33:11.798953: Completed data loading. Elapsed time: 0:00:32.452284
NAUTILUS=>2021-05-23 16:33:11.798970: Starting model selection
NAUTILUS=>2021-05-23 16:33:11.798985: Materializing training data
NAUTILUS=>2021-05-23 16:33:12.025625: Completed materializing training data. Elapsed time: 0:00:00.226640
NAUTILUS=>2021-05-23 16:33:12.025636: Generating intermediate features
NAUTILUS=>2021-05-23 16:33:20.655811: Completed generating intermediate features. Elapsed time: 0:00:08.630175
NAUTILUS=>2021-05-23 16:33:20.655829: Starting model training
NAUTILUS=>2021-05-23 16:36:13.180058: Completed model training. Elapsed time: 0:02:52.524229
NAUTILUS=>2021-05-23 16:36:13.180058: Cycle: 10, Model: 0, loss: [0.5589390397071838, 0.32190439105033875, 0.24430809915065765, 0.17789913713932037, 0.11838161945343018]
NAUTILUS=>2021-05-23 16:36:13.180058: Cycle: 10, Model: 0, accuracy: [0.8059713840484619, 0.8871561288833618, 0.9175779223442078, 0.9415507912635803, 0.9607059359550476]
NAUTILUS=>2021-05-23 16:36:13.180058: Cycle: 10, Model: 0, val_loss: [0.23439858853816986, 0.19402550160884857, 0.17981062829494476, 0.18509136140346527, 0.17867323756217957]
NAUTILUS=>2021-05-23 16:36:13.180058: Cycle: 10, Model: 0, val_accuracy: [0.9132458567619324, 0.932134211063385, 0.9422908425331116, 0.9444375038146973, 0.9444468021392822]
NAUTILUS=>2021-05-23 16:36:13.180058: Cycle: 10, Model: 1, loss: [0.5900965332984924, 0.3390312194824219, 0.27478453516960144, 0.22207966446876526, 0.17388543486595154]
NAUTILUS=>2021-05-23 16:36:13.180058: Cycle: 10, Model: 1, accuracy: [0.7955878376960754, 0.8802688121795654, 0.906455934047699, 0.9259375929832458, 0.9432497620582581]
NAUTILUS=>2021-05-23 16:36:13.180058: Cycle: 10, Model: 1, val_loss: [0.24414700269699097, 0.2069404572248459, 0.18861345946788788, 0.18594729900360107, 0.17234602570533752]
NAUTILUS=>2021-05-23 16:36:13.180058: Cycle: 10, Model: 1, val_accuracy: [0.910641610622406, 0.9266954660415649, 0.9372528791427612, 0.9402036070823669, 0.9436391592025757]
NAUTILUS=>2021-05-23 16:36:13.180058: Cycle: 10, Model: 2, loss: [0.6366092562675476, 0.3675258755683899, 0.30146515369415283, 0.2571292221546173, 0.2163657397031784]
NAUTILUS=>2021-05-23 16:36:13.180058: Cycle: 10, Model: 2, accuracy: [0.7784688472747803, 0.8679071664810181, 0.8965274691581726, 0.9129762649536133, 0.9279094338417053]
NAUTILUS=>2021-05-23 16:36:13.180058: Cycle: 10, Model: 2, val_loss: [0.2639135420322418, 0.21721656620502472, 0.19492654502391815, 0.18686814606189728, 0.17731545865535736]
NAUTILUS=>2021-05-23 16:36:13.180058: Cycle: 10, Model: 2, val_accuracy: [0.906050980091095, 0.9219109416007996, 0.9343511462211609, 0.9380396008491516, 0.941494882106781]
NAUTILUS=>2021-05-23 16:36:13.180058: Cycle: 10, Model: 3, loss: [0.6877846121788025, 0.40069273114204407, 0.32842734456062317, 0.285682737827301, 0.2494676560163498]
NAUTILUS=>2021-05-23 16:36:13.180058: Cycle: 10, Model: 3, accuracy: [0.7609334588050842, 0.8546146750450134, 0.8841754198074341, 0.9013140201568604, 0.9154769778251648]
NAUTILUS=>2021-05-23 16:36:13.180058: Cycle: 10, Model: 3, val_loss: [0.2963927090167999, 0.23001551628112793, 0.20547235012054443, 0.19121696054935455, 0.18306724727153778]
NAUTILUS=>2021-05-23 16:36:13.180058: Cycle: 10, Model: 3, val_accuracy: [0.8937795758247375, 0.9165152907371521, 0.9292698502540588, 0.9360689520835876, 0.937162458896637]
NAUTILUS=>2021-05-23 16:36:13.180154: Starting to generating the best model
NAUTILUS=>2021-05-23 16:36:19.466220: Completed generating the best model. Elapsed time: 0:00:06.286066
NAUTILUS=>2021-05-23 16:36:19.466220: Cycle: 10, Best Model: 0
NAUTILUS=>2021-05-23 16:36:19.466220: Cycle: 10, Best model loss: [0.5589390397071838, 0.32190439105033875, 0.24430809915065765, 0.17789913713932037, 0.11838161945343018]
NAUTILUS=>2021-05-23 16:36:19.466220: Cycle: 10, Best model accuracy: [0.8059713840484619, 0.8871561288833618, 0.9175779223442078, 0.9415507912635803, 0.9607059359550476]
NAUTILUS=>2021-05-23 16:36:19.466220: Cycle: 10, Best model val_loss: [0.23439858853816986, 0.19402550160884857, 0.17981062829494476, 0.18509136140346527, 0.17867323756217957]
NAUTILUS=>2021-05-23 16:36:19.466220: Cycle: 10, Best model val_accuracy: [0.9132458567619324, 0.932134211063385, 0.9422908425331116, 0.9444375038146973, 0.9444468021392822]
NAUTILUS=>2021-05-23 16:36:19.767906: Completed active learning cycle. Elapsed time: 0:03:07.968936
NAUTILUS=>2021-05-23 16:36:19.767923: Workload completed. Elapsed time: 0:26:14.609464
