NAUTILUS=>2021-05-23 16:36:22.616625: Starting workload
NAUTILUS=>2021-05-23 16:36:22.616625: RANDOM_SEED: 2020
NAUTILUS=>2021-05-23 16:36:22.616625: VERY_LARGE_VALUE: 1000000000000000.0
NAUTILUS=>2021-05-23 16:36:22.616625: NO_MAT_OPT: True
NAUTILUS=>2021-05-23 16:36:22.616625: MODE: ftr3-4
NAUTILUS=>2021-05-23 16:36:22.616625: STORAGE_PATH: ./storage
NAUTILUS=>2021-05-23 16:36:22.616625: NO_FUSE_OPT: False
NAUTILUS=>2021-05-23 16:36:22.616625: NUM_EPOCHS: 5
NAUTILUS=>2021-05-23 16:36:22.616625: MAX_NUM_RECORDS: 5000
NAUTILUS=>2021-05-23 16:36:22.616625: ACTIVE_LEARNING_BATCH_SIZE: 500
NAUTILUS=>2021-05-23 16:36:22.616625: VALID_FRACTION: 0.2
NAUTILUS=>2021-05-23 16:36:22.616625: SAMPLING_STRATERGY: uncertainty
NAUTILUS=>2021-05-23 16:36:22.616625: NO_PRETRAINING: False
NAUTILUS=>2021-05-23 16:36:22.616625: STORAGE_BUDGET: 25
NAUTILUS=>2021-05-23 16:36:22.616625: MEMORY_BUDGET: 10
NAUTILUS=>2021-05-23 16:36:22.616625: WORKSPACE_MEMORY: 1
NAUTILUS=>2021-05-23 16:36:22.616625: COMPUTE_THROUGHPUT: 6
NAUTILUS=>2021-05-23 16:36:22.616625: DISK_THROUGHPUT: 500
NAUTILUS=>2021-05-23 16:36:22.616625: SHUFFLE_BUFFER_SIZE: 10000
NAUTILUS=>2021-05-23 16:36:22.616671: Starting system initialization
NAUTILUS=>2021-05-23 16:36:23.350491: Starting model profiling
NAUTILUS=>2021-05-23 16:37:00.032329: Completed model profiling. Elapsed time: 0:00:36.681835
NAUTILUS=>2021-05-23 16:37:00.032329: Model parameters
NAUTILUS=>2021-05-23 16:37:00.032400: Generating optimized model selection plan
NAUTILUS=>2021-05-23 16:37:00.191089: Used materialized layers: 
NAUTILUS=>2021-05-23 16:37:00.191089: Model training plan: {"0_1_2_3": {"models": ["0", "1", "2", "3"], "output_layers": ["0/classifier", "1/classifier", "2/classifier", "3/classifier"], "flops_consumption": 1302584733125000.0, "compute_flops": 1302145280000000.0, "load_flops": 439453125000.0, "memory_consumption": 3.3600724153220654, "used_materialized_layers": [], "batch_size": 16, "num_epochs": [5, 5, 5, 5], "flops_reduction": 560644624325000.0, "merged_models": ["0_1", "2_3"]}}
NAUTILUS=>2021-05-23 16:37:00.191203: Completed generating optimized model selection plan. Elapsed time: 0:00:00.158803
NAUTILUS=>2021-05-23 16:37:00.191210: Generating fused models
NAUTILUS=>2021-05-23 16:37:12.929246: Completed generating fused models. Elapsed time: 0:00:12.738035
NAUTILUS=>2021-05-23 16:37:12.929246: Current Practice FLOPs: 596552158720.0
NAUTILUS=>2021-05-23 16:37:12.929246: Optimal FLOPs: 148388021760.0
NAUTILUS=>2021-05-23 16:37:12.929246: Theoretical Speedup: 4.020217748335861
NAUTILUS=>2021-05-23 16:37:12.992209: Completed system initialization. Elapsed time: 0:00:50.375538
NAUTILUS=>2021-05-23 16:37:12.992229: ========> Active learning cycle: 1
NAUTILUS=>2021-05-23 16:37:12.992233: Starting data loading
NAUTILUS=>2021-05-23 16:37:28.659759: Completed data loading. Elapsed time: 0:00:15.667526
NAUTILUS=>2021-05-23 16:37:28.659784: Starting model selection
NAUTILUS=>2021-05-23 16:37:28.659803: Materializing training data
NAUTILUS=>2021-05-23 16:37:28.897901: Completed materializing training data. Elapsed time: 0:00:00.238098
NAUTILUS=>2021-05-23 16:37:28.897912: Starting model training
NAUTILUS=>2021-05-23 16:38:14.127609: Completed model training. Elapsed time: 0:00:45.229697
NAUTILUS=>2021-05-23 16:38:14.127609: Cycle: 1, Model: 0, loss: [0.828880786895752, 0.2970868945121765, 0.1905224621295929, 0.12513619661331177, 0.08048417419195175]
NAUTILUS=>2021-05-23 16:38:14.127609: Cycle: 1, Model: 0, accuracy: [0.7468414902687073, 0.8900124430656433, 0.9346765279769897, 0.9563759565353394, 0.9700300097465515]
NAUTILUS=>2021-05-23 16:38:14.127609: Cycle: 1, Model: 0, val_loss: [0.4639212489128113, 0.41468507051467896, 0.35327720642089844, 0.3933575451374054, 0.37415358424186707]
NAUTILUS=>2021-05-23 16:38:14.127609: Cycle: 1, Model: 0, val_accuracy: [0.8359349966049194, 0.8561877608299255, 0.8714163899421692, 0.8704221248626709, 0.8852939605712891]
NAUTILUS=>2021-05-23 16:38:14.127609: Cycle: 1, Model: 1, loss: [1.004594087600708, 0.4065803587436676, 0.28088250756263733, 0.1944686323404312, 0.1432686448097229]
NAUTILUS=>2021-05-23 16:38:14.127609: Cycle: 1, Model: 1, accuracy: [0.7063083052635193, 0.8641493320465088, 0.9058865904808044, 0.9262921214103699, 0.9485536217689514]
NAUTILUS=>2021-05-23 16:38:14.127609: Cycle: 1, Model: 1, val_loss: [0.5762648582458496, 0.4119471609592438, 0.3756779134273529, 0.36078953742980957, 0.36561131477355957]
NAUTILUS=>2021-05-23 16:38:14.127609: Cycle: 1, Model: 1, val_accuracy: [0.8098840117454529, 0.8507524728775024, 0.8563680052757263, 0.869193971157074, 0.8720411062240601]
NAUTILUS=>2021-05-23 16:38:14.127609: Cycle: 1, Model: 2, loss: [1.10059654712677, 0.47445783019065857, 0.3396696448326111, 0.2579960525035858, 0.2015160620212555]
NAUTILUS=>2021-05-23 16:38:14.127609: Cycle: 1, Model: 2, accuracy: [0.6883387565612793, 0.8442584276199341, 0.8858430981636047, 0.9036238193511963, 0.9335419535636902]
NAUTILUS=>2021-05-23 16:38:14.127609: Cycle: 1, Model: 2, val_loss: [0.6876410841941833, 0.47299861907958984, 0.41176074743270874, 0.3972280025482178, 0.38042232394218445]
NAUTILUS=>2021-05-23 16:38:14.127609: Cycle: 1, Model: 2, val_accuracy: [0.7769367694854736, 0.828457236289978, 0.848990797996521, 0.8405357599258423, 0.8534486889839172]
NAUTILUS=>2021-05-23 16:38:14.127609: Cycle: 1, Model: 3, loss: [1.230085849761963, 0.5972630381584167, 0.42791736125946045, 0.32653626799583435, 0.26702556014060974]
NAUTILUS=>2021-05-23 16:38:14.127609: Cycle: 1, Model: 3, accuracy: [0.6550421118736267, 0.8016746044158936, 0.8581827282905579, 0.8822500109672546, 0.9073532819747925]
NAUTILUS=>2021-05-23 16:38:14.127609: Cycle: 1, Model: 3, val_loss: [0.7879536151885986, 0.5699779391288757, 0.46627697348594666, 0.42160212993621826, 0.40840327739715576]
NAUTILUS=>2021-05-23 16:38:14.127609: Cycle: 1, Model: 3, val_accuracy: [0.7376022934913635, 0.8131635785102844, 0.8351553082466125, 0.8348590135574341, 0.8504737615585327]
NAUTILUS=>2021-05-23 16:38:14.127707: Starting to generating the best model
NAUTILUS=>2021-05-23 16:38:21.710360: Completed generating the best model. Elapsed time: 0:00:07.582653
NAUTILUS=>2021-05-23 16:38:21.710360: Cycle: 1, Best Model: 0
NAUTILUS=>2021-05-23 16:38:21.710360: Cycle: 1, Best model loss: [0.828880786895752, 0.2970868945121765, 0.1905224621295929, 0.12513619661331177, 0.08048417419195175]
NAUTILUS=>2021-05-23 16:38:21.710360: Cycle: 1, Best model accuracy: [0.7468414902687073, 0.8900124430656433, 0.9346765279769897, 0.9563759565353394, 0.9700300097465515]
NAUTILUS=>2021-05-23 16:38:21.710360: Cycle: 1, Best model val_loss: [0.4639212489128113, 0.41468507051467896, 0.35327720642089844, 0.3933575451374054, 0.37415358424186707]
NAUTILUS=>2021-05-23 16:38:21.710360: Cycle: 1, Best model val_accuracy: [0.8359349966049194, 0.8561877608299255, 0.8714163899421692, 0.8704221248626709, 0.8852939605712891]
NAUTILUS=>2021-05-23 16:38:22.010528: Completed active learning cycle. Elapsed time: 0:00:53.350744
NAUTILUS=>2021-05-23 16:38:22.010558: ========> Active learning cycle: 2
NAUTILUS=>2021-05-23 16:38:22.010562: Starting data loading
NAUTILUS=>2021-05-23 16:39:11.214200: Completed data loading. Elapsed time: 0:00:49.203638
NAUTILUS=>2021-05-23 16:39:11.214218: Starting model selection
NAUTILUS=>2021-05-23 16:39:11.214236: Materializing training data
NAUTILUS=>2021-05-23 16:39:11.440213: Completed materializing training data. Elapsed time: 0:00:00.225977
NAUTILUS=>2021-05-23 16:39:11.440224: Starting model training
NAUTILUS=>2021-05-23 16:40:23.437325: Completed model training. Elapsed time: 0:01:11.997101
NAUTILUS=>2021-05-23 16:40:23.437325: Cycle: 2, Model: 0, loss: [0.9820088148117065, 0.42822331190109253, 0.27448874711990356, 0.19114278256893158, 0.12522214651107788]
NAUTILUS=>2021-05-23 16:40:23.437325: Cycle: 2, Model: 0, accuracy: [0.6411345601081848, 0.8296785950660706, 0.8881787657737732, 0.9303540587425232, 0.9543465375900269]
NAUTILUS=>2021-05-23 16:40:23.437325: Cycle: 2, Model: 0, val_loss: [0.3782179355621338, 0.3470527231693268, 0.29616519808769226, 0.28355538845062256, 0.3051359951496124]
NAUTILUS=>2021-05-23 16:40:23.437325: Cycle: 2, Model: 0, val_accuracy: [0.8639460802078247, 0.8841715455055237, 0.9048786163330078, 0.9142364263534546, 0.9139883518218994]
NAUTILUS=>2021-05-23 16:40:23.437325: Cycle: 2, Model: 1, loss: [1.0316306352615356, 0.49598366022109985, 0.33836865425109863, 0.2519089877605438, 0.17347855865955353]
NAUTILUS=>2021-05-23 16:40:23.437325: Cycle: 2, Model: 1, accuracy: [0.6214208006858826, 0.8046935200691223, 0.8720493316650391, 0.9077181816101074, 0.9331250190734863]
NAUTILUS=>2021-05-23 16:40:23.437325: Cycle: 2, Model: 1, val_loss: [0.4488494396209717, 0.3552570044994354, 0.29430288076400757, 0.2883753776550293, 0.2760796844959259]
NAUTILUS=>2021-05-23 16:40:23.437325: Cycle: 2, Model: 1, val_accuracy: [0.8425663709640503, 0.8833434581756592, 0.8984968066215515, 0.9134674668312073, 0.9148668646812439]
NAUTILUS=>2021-05-23 16:40:23.437325: Cycle: 2, Model: 2, loss: [1.1710573434829712, 0.5940357446670532, 0.4166698455810547, 0.3269308805465698, 0.24684353172779083]
NAUTILUS=>2021-05-23 16:40:23.437325: Cycle: 2, Model: 2, accuracy: [0.5746650695800781, 0.7590763568878174, 0.8437793850898743, 0.8772196769714355, 0.906093418598175]
NAUTILUS=>2021-05-23 16:40:23.437325: Cycle: 2, Model: 2, val_loss: [0.5098970532417297, 0.384104460477829, 0.3192782402038574, 0.3005669414997101, 0.27994731068611145]
NAUTILUS=>2021-05-23 16:40:23.437325: Cycle: 2, Model: 2, val_accuracy: [0.8162043690681458, 0.8690874576568604, 0.8832870721817017, 0.9080027937889099, 0.9080075621604919]
NAUTILUS=>2021-05-23 16:40:23.437325: Cycle: 2, Model: 3, loss: [1.2702641487121582, 0.6870141625404358, 0.504310667514801, 0.41127336025238037, 0.33217594027519226]
NAUTILUS=>2021-05-23 16:40:23.437325: Cycle: 2, Model: 3, accuracy: [0.5490967035293579, 0.7168906927108765, 0.8053242564201355, 0.8456637859344482, 0.8711362481117249]
NAUTILUS=>2021-05-23 16:40:23.437325: Cycle: 2, Model: 3, val_loss: [0.5931739807128906, 0.4284386932849884, 0.3611608147621155, 0.3322778642177582, 0.3065923750400543]
NAUTILUS=>2021-05-23 16:40:23.437325: Cycle: 2, Model: 3, val_accuracy: [0.7932661175727844, 0.8485016822814941, 0.8722827434539795, 0.8984524011611938, 0.9016739726066589]
NAUTILUS=>2021-05-23 16:40:23.437427: Starting to generating the best model
NAUTILUS=>2021-05-23 16:40:31.002693: Completed generating the best model. Elapsed time: 0:00:07.565266
NAUTILUS=>2021-05-23 16:40:31.002693: Cycle: 2, Best Model: 1
NAUTILUS=>2021-05-23 16:40:31.002693: Cycle: 2, Best model loss: [1.0316306352615356, 0.49598366022109985, 0.33836865425109863, 0.2519089877605438, 0.17347855865955353]
NAUTILUS=>2021-05-23 16:40:31.002693: Cycle: 2, Best model accuracy: [0.6214208006858826, 0.8046935200691223, 0.8720493316650391, 0.9077181816101074, 0.9331250190734863]
NAUTILUS=>2021-05-23 16:40:31.002693: Cycle: 2, Best model val_loss: [0.4488494396209717, 0.3552570044994354, 0.29430288076400757, 0.2883753776550293, 0.2760796844959259]
NAUTILUS=>2021-05-23 16:40:31.002693: Cycle: 2, Best model val_accuracy: [0.8425663709640503, 0.8833434581756592, 0.8984968066215515, 0.9134674668312073, 0.9148668646812439]
NAUTILUS=>2021-05-23 16:40:31.309960: Completed active learning cycle. Elapsed time: 0:01:20.095742
NAUTILUS=>2021-05-23 16:40:31.309977: ========> Active learning cycle: 3
NAUTILUS=>2021-05-23 16:40:31.309981: Starting data loading
NAUTILUS=>2021-05-23 16:41:10.951919: Completed data loading. Elapsed time: 0:00:39.641938
NAUTILUS=>2021-05-23 16:41:10.951937: Starting model selection
NAUTILUS=>2021-05-23 16:41:10.951954: Materializing training data
NAUTILUS=>2021-05-23 16:41:11.179297: Completed materializing training data. Elapsed time: 0:00:00.227343
NAUTILUS=>2021-05-23 16:41:11.179306: Starting model training
NAUTILUS=>2021-05-23 16:42:49.998757: Completed model training. Elapsed time: 0:01:38.819451
NAUTILUS=>2021-05-23 16:42:49.998757: Cycle: 3, Model: 0, loss: [1.050710916519165, 0.5033090114593506, 0.3407381474971771, 0.2735863924026489, 0.1836094856262207]
NAUTILUS=>2021-05-23 16:42:49.998757: Cycle: 3, Model: 0, accuracy: [0.6389156579971313, 0.8102914094924927, 0.8764285445213318, 0.9025121331214905, 0.9408676028251648]
NAUTILUS=>2021-05-23 16:42:49.998757: Cycle: 3, Model: 0, val_loss: [0.36430713534355164, 0.25770995020866394, 0.28084877133369446, 0.30716580152511597, 0.29371628165245056]
NAUTILUS=>2021-05-23 16:42:49.998757: Cycle: 3, Model: 0, val_accuracy: [0.866638720035553, 0.9088951349258423, 0.9155575633049011, 0.9189569354057312, 0.9139968752861023]
NAUTILUS=>2021-05-23 16:42:49.998757: Cycle: 3, Model: 1, loss: [1.0783882141113281, 0.5539801120758057, 0.41034072637557983, 0.3224408030509949, 0.24361228942871094]
NAUTILUS=>2021-05-23 16:42:49.998757: Cycle: 3, Model: 1, accuracy: [0.6114398241043091, 0.7815563082695007, 0.8466833233833313, 0.8862652778625488, 0.9209495186805725]
NAUTILUS=>2021-05-23 16:42:49.998757: Cycle: 3, Model: 1, val_loss: [0.3908446729183197, 0.3065914809703827, 0.26249486207962036, 0.2744654715061188, 0.255582720041275]
NAUTILUS=>2021-05-23 16:42:49.998757: Cycle: 3, Model: 1, val_accuracy: [0.8673787713050842, 0.8960530757904053, 0.910903811454773, 0.9131661057472229, 0.9138773679733276]
NAUTILUS=>2021-05-23 16:42:49.998757: Cycle: 3, Model: 2, loss: [1.1735774278640747, 0.641319215297699, 0.4948525130748749, 0.40294119715690613, 0.32845833897590637]
NAUTILUS=>2021-05-23 16:42:49.998757: Cycle: 3, Model: 2, accuracy: [0.5799587965011597, 0.7489868998527527, 0.8102654814720154, 0.8545003533363342, 0.8838516473770142]
NAUTILUS=>2021-05-23 16:42:49.998757: Cycle: 3, Model: 2, val_loss: [0.4711654782295227, 0.35780325531959534, 0.30111509561538696, 0.2722242474555969, 0.2651253640651703]
NAUTILUS=>2021-05-23 16:42:49.998757: Cycle: 3, Model: 2, val_accuracy: [0.8245394229888916, 0.8735413551330566, 0.8958663940429688, 0.908065915107727, 0.9127779006958008]
NAUTILUS=>2021-05-23 16:42:49.998757: Cycle: 3, Model: 3, loss: [1.2740962505340576, 0.7290970087051392, 0.5688762664794922, 0.4731394052505493, 0.39152488112449646]
NAUTILUS=>2021-05-23 16:42:49.998757: Cycle: 3, Model: 3, accuracy: [0.552980363368988, 0.709290087223053, 0.7811144590377808, 0.8209673762321472, 0.8599015474319458]
NAUTILUS=>2021-05-23 16:42:49.998757: Cycle: 3, Model: 3, val_loss: [0.5326259136199951, 0.38871270418167114, 0.3408457636833191, 0.299369215965271, 0.2865809500217438]
NAUTILUS=>2021-05-23 16:42:49.998757: Cycle: 3, Model: 3, val_accuracy: [0.8026888966560364, 0.8707200288772583, 0.8839210271835327, 0.8947696089744568, 0.9023990035057068]
NAUTILUS=>2021-05-23 16:42:49.998854: Starting to generating the best model
NAUTILUS=>2021-05-23 16:42:57.546524: Completed generating the best model. Elapsed time: 0:00:07.547670
NAUTILUS=>2021-05-23 16:42:57.546524: Cycle: 3, Best Model: 0
NAUTILUS=>2021-05-23 16:42:57.546524: Cycle: 3, Best model loss: [1.050710916519165, 0.5033090114593506, 0.3407381474971771, 0.2735863924026489, 0.1836094856262207]
NAUTILUS=>2021-05-23 16:42:57.546524: Cycle: 3, Best model accuracy: [0.6389156579971313, 0.8102914094924927, 0.8764285445213318, 0.9025121331214905, 0.9408676028251648]
NAUTILUS=>2021-05-23 16:42:57.546524: Cycle: 3, Best model val_loss: [0.36430713534355164, 0.25770995020866394, 0.28084877133369446, 0.30716580152511597, 0.29371628165245056]
NAUTILUS=>2021-05-23 16:42:57.546524: Cycle: 3, Best model val_accuracy: [0.866638720035553, 0.9088951349258423, 0.9155575633049011, 0.9189569354057312, 0.9139968752861023]
NAUTILUS=>2021-05-23 16:42:57.854732: Completed active learning cycle. Elapsed time: 0:01:46.902795
NAUTILUS=>2021-05-23 16:42:57.854750: ========> Active learning cycle: 4
NAUTILUS=>2021-05-23 16:42:57.854753: Starting data loading
NAUTILUS=>2021-05-23 16:43:42.985879: Completed data loading. Elapsed time: 0:00:45.131126
NAUTILUS=>2021-05-23 16:43:42.985898: Starting model selection
NAUTILUS=>2021-05-23 16:43:42.985915: Materializing training data
NAUTILUS=>2021-05-23 16:43:43.211669: Completed materializing training data. Elapsed time: 0:00:00.225754
NAUTILUS=>2021-05-23 16:43:43.211678: Starting model training
NAUTILUS=>2021-05-23 16:45:48.137233: Completed model training. Elapsed time: 0:02:04.925555
NAUTILUS=>2021-05-23 16:45:48.137233: Cycle: 4, Model: 0, loss: [0.9954246282577515, 0.5512508153915405, 0.40315356850624084, 0.30540013313293457, 0.2146904170513153]
NAUTILUS=>2021-05-23 16:45:48.137233: Cycle: 4, Model: 0, accuracy: [0.6607085466384888, 0.8087973594665527, 0.8626412749290466, 0.9007800221443176, 0.9326201677322388]
NAUTILUS=>2021-05-23 16:45:48.137233: Cycle: 4, Model: 0, val_loss: [0.33241569995880127, 0.2548426687717438, 0.2528800368309021, 0.23583447933197021, 0.23320506513118744]
NAUTILUS=>2021-05-23 16:45:48.137233: Cycle: 4, Model: 0, val_accuracy: [0.8836964964866638, 0.9098818302154541, 0.9095988273620605, 0.9224218726158142, 0.9229169487953186]
NAUTILUS=>2021-05-23 16:45:48.137233: Cycle: 4, Model: 1, loss: [1.001509666442871, 0.5832325220108032, 0.43986424803733826, 0.3569352626800537, 0.2737649381160736]
NAUTILUS=>2021-05-23 16:45:48.137233: Cycle: 4, Model: 1, accuracy: [0.6574764251708984, 0.7933529019355774, 0.8438103199005127, 0.8796484470367432, 0.9128134846687317]
NAUTILUS=>2021-05-23 16:45:48.137233: Cycle: 4, Model: 1, val_loss: [0.34195423126220703, 0.26726189255714417, 0.25359398126602173, 0.23509535193443298, 0.23659701645374298]
NAUTILUS=>2021-05-23 16:45:48.137233: Cycle: 4, Model: 1, val_accuracy: [0.8801698088645935, 0.9056617617607117, 0.912513256072998, 0.9193992614746094, 0.9166221618652344]
NAUTILUS=>2021-05-23 16:45:48.137233: Cycle: 4, Model: 2, loss: [1.0899462699890137, 0.6413844227790833, 0.4948538839817047, 0.4140678644180298, 0.3443332612514496]
NAUTILUS=>2021-05-23 16:45:48.137233: Cycle: 4, Model: 2, accuracy: [0.6264644265174866, 0.765727162361145, 0.8239339590072632, 0.8567831516265869, 0.8847637176513672]
NAUTILUS=>2021-05-23 16:45:48.137233: Cycle: 4, Model: 2, val_loss: [0.3959845304489136, 0.31839993596076965, 0.2684658169746399, 0.25137320160865784, 0.2544252872467041]
NAUTILUS=>2021-05-23 16:45:48.137233: Cycle: 4, Model: 2, val_accuracy: [0.8549231886863708, 0.8806942701339722, 0.9059680104255676, 0.9148151278495789, 0.9107865691184998]
NAUTILUS=>2021-05-23 16:45:48.137233: Cycle: 4, Model: 3, loss: [1.14566171169281, 0.7037776708602905, 0.5565754175186157, 0.47423988580703735, 0.40669649839401245]
NAUTILUS=>2021-05-23 16:45:48.137233: Cycle: 4, Model: 3, accuracy: [0.6061057448387146, 0.7352779507637024, 0.7998547554016113, 0.833020031452179, 0.8596632480621338]
NAUTILUS=>2021-05-23 16:45:48.137233: Cycle: 4, Model: 3, val_loss: [0.4496743679046631, 0.34159064292907715, 0.2922946810722351, 0.2736440896987915, 0.25651758909225464]
NAUTILUS=>2021-05-23 16:45:48.137233: Cycle: 4, Model: 3, val_accuracy: [0.8345645070075989, 0.8748964071273804, 0.8965871334075928, 0.9031957387924194, 0.9095373749732971]
NAUTILUS=>2021-05-23 16:45:48.137329: Starting to generating the best model
NAUTILUS=>2021-05-23 16:45:55.894475: Completed generating the best model. Elapsed time: 0:00:07.757146
NAUTILUS=>2021-05-23 16:45:55.894475: Cycle: 4, Best Model: 0
NAUTILUS=>2021-05-23 16:45:55.894475: Cycle: 4, Best model loss: [0.9954246282577515, 0.5512508153915405, 0.40315356850624084, 0.30540013313293457, 0.2146904170513153]
NAUTILUS=>2021-05-23 16:45:55.894475: Cycle: 4, Best model accuracy: [0.6607085466384888, 0.8087973594665527, 0.8626412749290466, 0.9007800221443176, 0.9326201677322388]
NAUTILUS=>2021-05-23 16:45:55.894475: Cycle: 4, Best model val_loss: [0.33241569995880127, 0.2548426687717438, 0.2528800368309021, 0.23583447933197021, 0.23320506513118744]
NAUTILUS=>2021-05-23 16:45:55.894475: Cycle: 4, Best model val_accuracy: [0.8836964964866638, 0.9098818302154541, 0.9095988273620605, 0.9224218726158142, 0.9229169487953186]
NAUTILUS=>2021-05-23 16:45:56.195031: Completed active learning cycle. Elapsed time: 0:02:13.209133
NAUTILUS=>2021-05-23 16:45:56.195049: ========> Active learning cycle: 5
NAUTILUS=>2021-05-23 16:45:56.195052: Starting data loading
NAUTILUS=>2021-05-23 16:46:32.880399: Completed data loading. Elapsed time: 0:00:36.685347
NAUTILUS=>2021-05-23 16:46:32.880417: Starting model selection
NAUTILUS=>2021-05-23 16:46:32.880434: Materializing training data
NAUTILUS=>2021-05-23 16:46:33.106484: Completed materializing training data. Elapsed time: 0:00:00.226050
NAUTILUS=>2021-05-23 16:46:33.106493: Starting model training
NAUTILUS=>2021-05-23 16:49:03.875450: Completed model training. Elapsed time: 0:02:30.768957
NAUTILUS=>2021-05-23 16:49:03.875450: Cycle: 5, Model: 0, loss: [0.904207170009613, 0.5050365328788757, 0.3840261697769165, 0.2748444080352783, 0.19488276541233063]
NAUTILUS=>2021-05-23 16:49:03.875450: Cycle: 5, Model: 0, accuracy: [0.6921955347061157, 0.8266817331314087, 0.8685885667800903, 0.9107164740562439, 0.9354862570762634]
NAUTILUS=>2021-05-23 16:49:03.875450: Cycle: 5, Model: 0, val_loss: [0.3013412356376648, 0.2644602358341217, 0.23622344434261322, 0.2224932610988617, 0.23127955198287964]
NAUTILUS=>2021-05-23 16:49:03.875450: Cycle: 5, Model: 0, val_accuracy: [0.8966397643089294, 0.9116717576980591, 0.9236247539520264, 0.9244238138198853, 0.9264432191848755]
NAUTILUS=>2021-05-23 16:49:03.875450: Cycle: 5, Model: 1, loss: [0.9218186736106873, 0.5378509163856506, 0.41086679697036743, 0.32589367032051086, 0.267581045627594]
NAUTILUS=>2021-05-23 16:49:03.875450: Cycle: 5, Model: 1, accuracy: [0.6786155104637146, 0.808452308177948, 0.8559844493865967, 0.8916692137718201, 0.9123297333717346]
NAUTILUS=>2021-05-23 16:49:03.875450: Cycle: 5, Model: 1, val_loss: [0.32943615317344666, 0.25770819187164307, 0.24129055440425873, 0.22307893633842468, 0.22264157235622406]
NAUTILUS=>2021-05-23 16:49:03.875450: Cycle: 5, Model: 1, val_accuracy: [0.884997546672821, 0.9141061902046204, 0.9190099239349365, 0.9170877933502197, 0.9235996603965759]
NAUTILUS=>2021-05-23 16:49:03.875450: Cycle: 5, Model: 2, loss: [0.9837369322776794, 0.5928076505661011, 0.46222618222236633, 0.38326600193977356, 0.3335665762424469]
NAUTILUS=>2021-05-23 16:49:03.875450: Cycle: 5, Model: 2, accuracy: [0.6523900628089905, 0.7841020226478577, 0.8357023000717163, 0.8674660325050354, 0.8877460956573486]
NAUTILUS=>2021-05-23 16:49:03.875450: Cycle: 5, Model: 2, val_loss: [0.38178545236587524, 0.30296090245246887, 0.25303134322166443, 0.23128250241279602, 0.22552983462810516]
NAUTILUS=>2021-05-23 16:49:03.875450: Cycle: 5, Model: 2, val_accuracy: [0.8667240738868713, 0.8918328285217285, 0.9155842661857605, 0.9192699193954468, 0.9214889407157898]
NAUTILUS=>2021-05-23 16:49:03.875450: Cycle: 5, Model: 3, loss: [1.0712227821350098, 0.6541072130203247, 0.5170496106147766, 0.4478157162666321, 0.38911890983581543]
NAUTILUS=>2021-05-23 16:49:03.875450: Cycle: 5, Model: 3, accuracy: [0.6276302337646484, 0.7591726779937744, 0.8125787973403931, 0.842388391494751, 0.8668190836906433]
NAUTILUS=>2021-05-23 16:49:03.875450: Cycle: 5, Model: 3, val_loss: [0.43671664595603943, 0.3390602171421051, 0.27620643377304077, 0.25125154852867126, 0.2330128699541092]
NAUTILUS=>2021-05-23 16:49:03.875450: Cycle: 5, Model: 3, val_accuracy: [0.8460209369659424, 0.8739712238311768, 0.9075294137001038, 0.912107527256012, 0.9200887680053711]
NAUTILUS=>2021-05-23 16:49:03.875546: Starting to generating the best model
NAUTILUS=>2021-05-23 16:49:11.436799: Completed generating the best model. Elapsed time: 0:00:07.561253
NAUTILUS=>2021-05-23 16:49:11.436799: Cycle: 5, Best Model: 0
NAUTILUS=>2021-05-23 16:49:11.436799: Cycle: 5, Best model loss: [0.904207170009613, 0.5050365328788757, 0.3840261697769165, 0.2748444080352783, 0.19488276541233063]
NAUTILUS=>2021-05-23 16:49:11.436799: Cycle: 5, Best model accuracy: [0.6921955347061157, 0.8266817331314087, 0.8685885667800903, 0.9107164740562439, 0.9354862570762634]
NAUTILUS=>2021-05-23 16:49:11.436799: Cycle: 5, Best model val_loss: [0.3013412356376648, 0.2644602358341217, 0.23622344434261322, 0.2224932610988617, 0.23127955198287964]
NAUTILUS=>2021-05-23 16:49:11.436799: Cycle: 5, Best model val_accuracy: [0.8966397643089294, 0.9116717576980591, 0.9236247539520264, 0.9244238138198853, 0.9264432191848755]
NAUTILUS=>2021-05-23 16:49:11.736530: Completed active learning cycle. Elapsed time: 0:02:38.856113
NAUTILUS=>2021-05-23 16:49:11.736547: ========> Active learning cycle: 6
NAUTILUS=>2021-05-23 16:49:11.736551: Starting data loading
NAUTILUS=>2021-05-23 16:49:52.630738: Completed data loading. Elapsed time: 0:00:40.894187
NAUTILUS=>2021-05-23 16:49:52.630755: Starting model selection
NAUTILUS=>2021-05-23 16:49:52.630771: Materializing training data
NAUTILUS=>2021-05-23 16:49:52.857894: Completed materializing training data. Elapsed time: 0:00:00.227123
NAUTILUS=>2021-05-23 16:49:52.857905: Starting model training
NAUTILUS=>2021-05-23 16:52:48.804145: Completed model training. Elapsed time: 0:02:55.946240
NAUTILUS=>2021-05-23 16:52:48.804145: Cycle: 6, Model: 0, loss: [0.7858965396881104, 0.46928679943084717, 0.3396730124950409, 0.25560057163238525, 0.18200819194316864]
NAUTILUS=>2021-05-23 16:52:48.804145: Cycle: 6, Model: 0, accuracy: [0.7292013764381409, 0.8368784785270691, 0.8828925490379333, 0.9143738746643066, 0.9425364136695862]
NAUTILUS=>2021-05-23 16:52:48.804145: Cycle: 6, Model: 0, val_loss: [0.2636231780052185, 0.2664879858493805, 0.22213777899742126, 0.19965171813964844, 0.20571690797805786]
NAUTILUS=>2021-05-23 16:52:48.804145: Cycle: 6, Model: 0, val_accuracy: [0.9048028588294983, 0.9146237373352051, 0.9229474663734436, 0.9323388934135437, 0.9358837604522705]
NAUTILUS=>2021-05-23 16:52:48.804145: Cycle: 6, Model: 1, loss: [0.8295163512229919, 0.4864271581172943, 0.3765503764152527, 0.2994183599948883, 0.23733264207839966]
NAUTILUS=>2021-05-23 16:52:48.804145: Cycle: 6, Model: 1, accuracy: [0.7132124304771423, 0.8294124603271484, 0.8680835962295532, 0.8998165726661682, 0.9244931936264038]
NAUTILUS=>2021-05-23 16:52:48.804145: Cycle: 6, Model: 1, val_loss: [0.2901887893676758, 0.27006256580352783, 0.22178150713443756, 0.19706855714321136, 0.19839926064014435]
NAUTILUS=>2021-05-23 16:52:48.804145: Cycle: 6, Model: 1, val_accuracy: [0.9004414081573486, 0.9022248387336731, 0.9253427982330322, 0.9335129857063293, 0.9337576031684875]
NAUTILUS=>2021-05-23 16:52:48.804145: Cycle: 6, Model: 2, loss: [0.9069139361381531, 0.5295904874801636, 0.41797056794166565, 0.34575796127319336, 0.2937031686306]
NAUTILUS=>2021-05-23 16:52:48.804145: Cycle: 6, Model: 2, accuracy: [0.6872712969779968, 0.8096516728401184, 0.8515231609344482, 0.8826602101325989, 0.9040920734405518]
NAUTILUS=>2021-05-23 16:52:48.804145: Cycle: 6, Model: 2, val_loss: [0.32303866744041443, 0.2646660804748535, 0.24340207874774933, 0.20541414618492126, 0.2014097422361374]
NAUTILUS=>2021-05-23 16:52:48.804145: Cycle: 6, Model: 2, val_accuracy: [0.8918176293373108, 0.9014596343040466, 0.9184983372688293, 0.9287207126617432, 0.9271856546401978]
NAUTILUS=>2021-05-23 16:52:48.804145: Cycle: 6, Model: 3, loss: [0.9746235013008118, 0.5816904306411743, 0.461357057094574, 0.3900720179080963, 0.3427802324295044]
NAUTILUS=>2021-05-23 16:52:48.804145: Cycle: 6, Model: 3, accuracy: [0.6650444865226746, 0.7877378463745117, 0.8346338272094727, 0.862797737121582, 0.884772539138794]
NAUTILUS=>2021-05-23 16:52:48.804145: Cycle: 6, Model: 3, val_loss: [0.3634951710700989, 0.28283312916755676, 0.2594214379787445, 0.21939238905906677, 0.21604174375534058]
NAUTILUS=>2021-05-23 16:52:48.804145: Cycle: 6, Model: 3, val_accuracy: [0.8754007816314697, 0.8972364068031311, 0.9142760038375854, 0.9221784472465515, 0.9235415458679199]
NAUTILUS=>2021-05-23 16:52:48.804241: Starting to generating the best model
NAUTILUS=>2021-05-23 16:52:56.325592: Completed generating the best model. Elapsed time: 0:00:07.521351
NAUTILUS=>2021-05-23 16:52:56.325592: Cycle: 6, Best Model: 0
NAUTILUS=>2021-05-23 16:52:56.325592: Cycle: 6, Best model loss: [0.7858965396881104, 0.46928679943084717, 0.3396730124950409, 0.25560057163238525, 0.18200819194316864]
NAUTILUS=>2021-05-23 16:52:56.325592: Cycle: 6, Best model accuracy: [0.7292013764381409, 0.8368784785270691, 0.8828925490379333, 0.9143738746643066, 0.9425364136695862]
NAUTILUS=>2021-05-23 16:52:56.325592: Cycle: 6, Best model val_loss: [0.2636231780052185, 0.2664879858493805, 0.22213777899742126, 0.19965171813964844, 0.20571690797805786]
NAUTILUS=>2021-05-23 16:52:56.325592: Cycle: 6, Best model val_accuracy: [0.9048028588294983, 0.9146237373352051, 0.9229474663734436, 0.9323388934135437, 0.9358837604522705]
NAUTILUS=>2021-05-23 16:52:56.628918: Completed active learning cycle. Elapsed time: 0:03:03.998163
NAUTILUS=>2021-05-23 16:52:56.628935: ========> Active learning cycle: 7
NAUTILUS=>2021-05-23 16:52:56.628939: Starting data loading
NAUTILUS=>2021-05-23 16:53:29.379184: Completed data loading. Elapsed time: 0:00:32.750245
NAUTILUS=>2021-05-23 16:53:29.379202: Starting model selection
NAUTILUS=>2021-05-23 16:53:29.379220: Materializing training data
NAUTILUS=>2021-05-23 16:53:29.605210: Completed materializing training data. Elapsed time: 0:00:00.225990
NAUTILUS=>2021-05-23 16:53:29.605220: Starting model training
NAUTILUS=>2021-05-23 16:56:52.391022: Completed model training. Elapsed time: 0:03:22.785802
NAUTILUS=>2021-05-23 16:56:52.391022: Cycle: 7, Model: 0, loss: [0.7278606295585632, 0.4165000319480896, 0.3231903314590454, 0.23259273171424866, 0.1671859622001648]
NAUTILUS=>2021-05-23 16:56:52.391022: Cycle: 7, Model: 0, accuracy: [0.7474967837333679, 0.8550359010696411, 0.8872821927070618, 0.9195929765701294, 0.9432539343833923]
NAUTILUS=>2021-05-23 16:56:52.391022: Cycle: 7, Model: 0, val_loss: [0.2582946717739105, 0.20768670737743378, 0.19539199769496918, 0.203131303191185, 0.2002348154783249]
NAUTILUS=>2021-05-23 16:56:52.391022: Cycle: 7, Model: 0, val_accuracy: [0.9086786508560181, 0.9296627640724182, 0.932969868183136, 0.9357430338859558, 0.939337968826294]
NAUTILUS=>2021-05-23 16:56:52.391022: Cycle: 7, Model: 1, loss: [0.7676295042037964, 0.4417216181755066, 0.349344938993454, 0.27965351939201355, 0.22965286672115326]
NAUTILUS=>2021-05-23 16:56:52.391022: Cycle: 7, Model: 1, accuracy: [0.7321515679359436, 0.8417808413505554, 0.8786600828170776, 0.903868556022644, 0.9232533574104309]
NAUTILUS=>2021-05-23 16:56:52.391022: Cycle: 7, Model: 1, val_loss: [0.26819223165512085, 0.2150886505842209, 0.19895952939987183, 0.2035835236310959, 0.19255846738815308]
NAUTILUS=>2021-05-23 16:56:52.391022: Cycle: 7, Model: 1, val_accuracy: [0.9045039415359497, 0.9246193766593933, 0.9316587448120117, 0.9346312880516052, 0.9357239007949829]
NAUTILUS=>2021-05-23 16:56:52.391022: Cycle: 7, Model: 2, loss: [0.8325601816177368, 0.4787176847457886, 0.3846295475959778, 0.3226659595966339, 0.2804390490055084]
NAUTILUS=>2021-05-23 16:56:52.391022: Cycle: 7, Model: 2, accuracy: [0.7080413103103638, 0.8272832632064819, 0.8645277619361877, 0.8886824250221252, 0.9047516584396362]
NAUTILUS=>2021-05-23 16:56:52.391022: Cycle: 7, Model: 2, val_loss: [0.2913864254951477, 0.2345321625471115, 0.20736034214496613, 0.20999424159526825, 0.19480520486831665]
NAUTILUS=>2021-05-23 16:56:52.391022: Cycle: 7, Model: 2, val_accuracy: [0.8981311321258545, 0.9190640449523926, 0.9285213947296143, 0.9301580786705017, 0.9333776235580444]
NAUTILUS=>2021-05-23 16:56:52.391022: Cycle: 7, Model: 3, loss: [0.9086736440658569, 0.5216856002807617, 0.4217917323112488, 0.36348310112953186, 0.3207046389579773]
NAUTILUS=>2021-05-23 16:56:52.391022: Cycle: 7, Model: 3, accuracy: [0.6829165816307068, 0.8094322085380554, 0.8489758372306824, 0.8727807402610779, 0.8886706829071045]
NAUTILUS=>2021-05-23 16:56:52.391022: Cycle: 7, Model: 3, val_loss: [0.32745999097824097, 0.25713539123535156, 0.22287416458129883, 0.22091315686702728, 0.20566633343696594]
NAUTILUS=>2021-05-23 16:56:52.391022: Cycle: 7, Model: 3, val_accuracy: [0.8824018836021423, 0.9122280478477478, 0.9213663935661316, 0.9228399395942688, 0.9296783208847046]
NAUTILUS=>2021-05-23 16:56:52.391118: Starting to generating the best model
NAUTILUS=>2021-05-23 16:56:59.895898: Completed generating the best model. Elapsed time: 0:00:07.504780
NAUTILUS=>2021-05-23 16:56:59.895898: Cycle: 7, Best Model: 0
NAUTILUS=>2021-05-23 16:56:59.895898: Cycle: 7, Best model loss: [0.7278606295585632, 0.4165000319480896, 0.3231903314590454, 0.23259273171424866, 0.1671859622001648]
NAUTILUS=>2021-05-23 16:56:59.895898: Cycle: 7, Best model accuracy: [0.7474967837333679, 0.8550359010696411, 0.8872821927070618, 0.9195929765701294, 0.9432539343833923]
NAUTILUS=>2021-05-23 16:56:59.895898: Cycle: 7, Best model val_loss: [0.2582946717739105, 0.20768670737743378, 0.19539199769496918, 0.203131303191185, 0.2002348154783249]
NAUTILUS=>2021-05-23 16:56:59.895898: Cycle: 7, Best model val_accuracy: [0.9086786508560181, 0.9296627640724182, 0.932969868183136, 0.9357430338859558, 0.939337968826294]
NAUTILUS=>2021-05-23 16:57:00.194549: Completed active learning cycle. Elapsed time: 0:03:30.815347
NAUTILUS=>2021-05-23 16:57:00.194566: ========> Active learning cycle: 8
NAUTILUS=>2021-05-23 16:57:00.194570: Starting data loading
NAUTILUS=>2021-05-23 16:57:36.906574: Completed data loading. Elapsed time: 0:00:36.712004
NAUTILUS=>2021-05-23 16:57:36.906592: Starting model selection
NAUTILUS=>2021-05-23 16:57:36.906608: Materializing training data
NAUTILUS=>2021-05-23 16:57:37.135759: Completed materializing training data. Elapsed time: 0:00:00.229151
NAUTILUS=>2021-05-23 16:57:37.135771: Starting model training
NAUTILUS=>2021-05-23 17:01:26.272034: Completed model training. Elapsed time: 0:03:49.136263
NAUTILUS=>2021-05-23 17:01:26.272034: Cycle: 8, Model: 0, loss: [0.6416021585464478, 0.38767871260643005, 0.28530871868133545, 0.21495990455150604, 0.14892233908176422]
NAUTILUS=>2021-05-23 17:01:26.272034: Cycle: 8, Model: 0, accuracy: [0.7725809216499329, 0.8639745116233826, 0.8996830582618713, 0.9269807934761047, 0.9489004611968994]
NAUTILUS=>2021-05-23 17:01:26.272034: Cycle: 8, Model: 0, val_loss: [0.3664376437664032, 0.21620510518550873, 0.1763685792684555, 0.2041420340538025, 0.19153255224227905]
NAUTILUS=>2021-05-23 17:01:26.272034: Cycle: 8, Model: 0, val_accuracy: [0.8691384792327881, 0.9229686260223389, 0.9376024603843689, 0.9336561560630798, 0.9430793523788452]
NAUTILUS=>2021-05-23 17:01:26.272034: Cycle: 8, Model: 1, loss: [0.6897653937339783, 0.4040166437625885, 0.3182539641857147, 0.25805261731147766, 0.20786389708518982]
NAUTILUS=>2021-05-23 17:01:26.272034: Cycle: 8, Model: 1, accuracy: [0.7564001679420471, 0.8544498682022095, 0.8864397406578064, 0.9145702123641968, 0.9294607043266296]
NAUTILUS=>2021-05-23 17:01:26.272034: Cycle: 8, Model: 1, val_loss: [0.36923351883888245, 0.23548901081085205, 0.18663087487220764, 0.21259157359600067, 0.19473564624786377]
NAUTILUS=>2021-05-23 17:01:26.272034: Cycle: 8, Model: 1, val_accuracy: [0.8639354109764099, 0.918850302696228, 0.9334433078765869, 0.9232632517814636, 0.9336201548576355]
NAUTILUS=>2021-05-23 17:01:26.272034: Cycle: 8, Model: 2, loss: [0.7569906115531921, 0.43128645420074463, 0.35076358914375305, 0.29553356766700745, 0.252453476190567]
NAUTILUS=>2021-05-23 17:01:26.272034: Cycle: 8, Model: 2, accuracy: [0.7344667315483093, 0.8427128791809082, 0.8715739250183105, 0.8999063372612, 0.912773072719574]
NAUTILUS=>2021-05-23 17:01:26.272034: Cycle: 8, Model: 2, val_loss: [0.30495238304138184, 0.25893616676330566, 0.1957562416791916, 0.21617475152015686, 0.18983390927314758]
NAUTILUS=>2021-05-23 17:01:26.272034: Cycle: 8, Model: 2, val_accuracy: [0.8926448822021484, 0.9075044393539429, 0.9312471151351929, 0.919981837272644, 0.9349198341369629]
NAUTILUS=>2021-05-23 17:01:26.272034: Cycle: 8, Model: 3, loss: [0.8137193322181702, 0.4715503752231598, 0.38656729459762573, 0.330725759267807, 0.2909700274467468]
NAUTILUS=>2021-05-23 17:01:26.272034: Cycle: 8, Model: 3, accuracy: [0.7164832949638367, 0.8263036608695984, 0.8560003638267517, 0.8846299648284912, 0.8977198004722595]
NAUTILUS=>2021-05-23 17:01:26.272034: Cycle: 8, Model: 3, val_loss: [0.3315774202346802, 0.27006781101226807, 0.20891712605953217, 0.21366138756275177, 0.19449307024478912]
NAUTILUS=>2021-05-23 17:01:26.272034: Cycle: 8, Model: 3, val_accuracy: [0.8799187541007996, 0.9040453433990479, 0.925015389919281, 0.9233924746513367, 0.9324395656585693]
NAUTILUS=>2021-05-23 17:01:26.272133: Starting to generating the best model
NAUTILUS=>2021-05-23 17:01:33.843606: Completed generating the best model. Elapsed time: 0:00:07.571473
NAUTILUS=>2021-05-23 17:01:33.843606: Cycle: 8, Best Model: 0
NAUTILUS=>2021-05-23 17:01:33.843606: Cycle: 8, Best model loss: [0.6416021585464478, 0.38767871260643005, 0.28530871868133545, 0.21495990455150604, 0.14892233908176422]
NAUTILUS=>2021-05-23 17:01:33.843606: Cycle: 8, Best model accuracy: [0.7725809216499329, 0.8639745116233826, 0.8996830582618713, 0.9269807934761047, 0.9489004611968994]
NAUTILUS=>2021-05-23 17:01:33.843606: Cycle: 8, Best model val_loss: [0.3664376437664032, 0.21620510518550873, 0.1763685792684555, 0.2041420340538025, 0.19153255224227905]
NAUTILUS=>2021-05-23 17:01:33.843606: Cycle: 8, Best model val_accuracy: [0.8691384792327881, 0.9229686260223389, 0.9376024603843689, 0.9336561560630798, 0.9430793523788452]
NAUTILUS=>2021-05-23 17:01:34.145637: Completed active learning cycle. Elapsed time: 0:03:57.239045
NAUTILUS=>2021-05-23 17:01:34.145654: ========> Active learning cycle: 9
NAUTILUS=>2021-05-23 17:01:34.145658: Starting data loading
NAUTILUS=>2021-05-23 17:02:03.372517: Completed data loading. Elapsed time: 0:00:29.226859
NAUTILUS=>2021-05-23 17:02:03.372535: Starting model selection
NAUTILUS=>2021-05-23 17:02:03.372551: Materializing training data
NAUTILUS=>2021-05-23 17:02:03.597376: Completed materializing training data. Elapsed time: 0:00:00.224825
NAUTILUS=>2021-05-23 17:02:03.597387: Starting model training
NAUTILUS=>2021-05-23 17:06:18.511300: Completed model training. Elapsed time: 0:04:14.913913
NAUTILUS=>2021-05-23 17:06:18.511300: Cycle: 9, Model: 0, loss: [0.6061850190162659, 0.34650692343711853, 0.26067447662353516, 0.18415135145187378, 0.12161293625831604]
NAUTILUS=>2021-05-23 17:06:18.511300: Cycle: 9, Model: 0, accuracy: [0.7868390679359436, 0.8792059421539307, 0.9093183279037476, 0.9353203177452087, 0.9586443305015564]
NAUTILUS=>2021-05-23 17:06:18.511300: Cycle: 9, Model: 0, val_loss: [0.21944206953048706, 0.1929270327091217, 0.18486419320106506, 0.1769891381263733, 0.18173100054264069]
NAUTILUS=>2021-05-23 17:06:18.511300: Cycle: 9, Model: 0, val_accuracy: [0.9173336029052734, 0.9336378574371338, 0.9390407800674438, 0.94572514295578, 0.9459174275398254]
NAUTILUS=>2021-05-23 17:06:18.511300: Cycle: 9, Model: 1, loss: [0.646568238735199, 0.3674543797969818, 0.291130006313324, 0.23001627624034882, 0.1828172206878662]
NAUTILUS=>2021-05-23 17:06:18.511300: Cycle: 9, Model: 1, accuracy: [0.7741162776947021, 0.8668545484542847, 0.8983044028282166, 0.9209556579589844, 0.9392507076263428]
NAUTILUS=>2021-05-23 17:06:18.511300: Cycle: 9, Model: 1, val_loss: [0.229465514421463, 0.2097168117761612, 0.1877196729183197, 0.18205437064170837, 0.1764553189277649]
NAUTILUS=>2021-05-23 17:06:18.511300: Cycle: 9, Model: 1, val_accuracy: [0.9144431352615356, 0.928695023059845, 0.9369106888771057, 0.9363304376602173, 0.9424831867218018]
NAUTILUS=>2021-05-23 17:06:18.511300: Cycle: 9, Model: 2, loss: [0.6989765763282776, 0.39592432975769043, 0.3223850131034851, 0.266518235206604, 0.2298346608877182]
NAUTILUS=>2021-05-23 17:06:18.511300: Cycle: 9, Model: 2, accuracy: [0.7562737464904785, 0.8548861742019653, 0.8848767876625061, 0.9066048264503479, 0.9218853712081909]
NAUTILUS=>2021-05-23 17:06:18.511300: Cycle: 9, Model: 2, val_loss: [0.25024062395095825, 0.21525484323501587, 0.19368070363998413, 0.1855098307132721, 0.17640803754329681]
NAUTILUS=>2021-05-23 17:06:18.511300: Cycle: 9, Model: 2, val_accuracy: [0.9099962115287781, 0.9257113933563232, 0.9355753064155579, 0.93514484167099, 0.9425966143608093]
NAUTILUS=>2021-05-23 17:06:18.511300: Cycle: 9, Model: 3, loss: [0.7575328350067139, 0.430542528629303, 0.3532928228378296, 0.29943206906318665, 0.26708441972732544]
NAUTILUS=>2021-05-23 17:06:18.511300: Cycle: 9, Model: 3, accuracy: [0.7366341352462769, 0.841495156288147, 0.8715524077415466, 0.8939006924629211, 0.9069911241531372]
NAUTILUS=>2021-05-23 17:06:18.511300: Cycle: 9, Model: 3, val_loss: [0.27924442291259766, 0.22838729619979858, 0.20183105766773224, 0.19376333057880402, 0.1830986589193344]
NAUTILUS=>2021-05-23 17:06:18.511300: Cycle: 9, Model: 3, val_accuracy: [0.8983132839202881, 0.9207973480224609, 0.9305912852287292, 0.9330521821975708, 0.9388985633850098]
NAUTILUS=>2021-05-23 17:06:18.511409: Starting to generating the best model
NAUTILUS=>2021-05-23 17:06:26.026066: Completed generating the best model. Elapsed time: 0:00:07.514657
NAUTILUS=>2021-05-23 17:06:26.026066: Cycle: 9, Best Model: 0
NAUTILUS=>2021-05-23 17:06:26.026066: Cycle: 9, Best model loss: [0.6061850190162659, 0.34650692343711853, 0.26067447662353516, 0.18415135145187378, 0.12161293625831604]
NAUTILUS=>2021-05-23 17:06:26.026066: Cycle: 9, Best model accuracy: [0.7868390679359436, 0.8792059421539307, 0.9093183279037476, 0.9353203177452087, 0.9586443305015564]
NAUTILUS=>2021-05-23 17:06:26.026066: Cycle: 9, Best model val_loss: [0.21944206953048706, 0.1929270327091217, 0.18486419320106506, 0.1769891381263733, 0.18173100054264069]
NAUTILUS=>2021-05-23 17:06:26.026066: Cycle: 9, Best model val_accuracy: [0.9173336029052734, 0.9336378574371338, 0.9390407800674438, 0.94572514295578, 0.9459174275398254]
NAUTILUS=>2021-05-23 17:06:26.328216: Completed active learning cycle. Elapsed time: 0:04:22.955681
NAUTILUS=>2021-05-23 17:06:26.328232: ========> Active learning cycle: 10
NAUTILUS=>2021-05-23 17:06:26.328236: Starting data loading
NAUTILUS=>2021-05-23 17:06:58.682391: Completed data loading. Elapsed time: 0:00:32.354155
NAUTILUS=>2021-05-23 17:06:58.682409: Starting model selection
NAUTILUS=>2021-05-23 17:06:58.682426: Materializing training data
NAUTILUS=>2021-05-23 17:06:58.921377: Completed materializing training data. Elapsed time: 0:00:00.238951
NAUTILUS=>2021-05-23 17:06:58.921391: Starting model training
NAUTILUS=>2021-05-23 17:11:39.777525: Completed model training. Elapsed time: 0:04:40.856134
NAUTILUS=>2021-05-23 17:11:39.777525: Cycle: 10, Model: 0, loss: [0.5470329523086548, 0.32062554359436035, 0.24280548095703125, 0.17647495865821838, 0.11210526525974274]
NAUTILUS=>2021-05-23 17:11:39.777525: Cycle: 10, Model: 0, accuracy: [0.8036273717880249, 0.883213996887207, 0.9148218631744385, 0.9382187128067017, 0.9618856906890869]
NAUTILUS=>2021-05-23 17:11:39.777525: Cycle: 10, Model: 0, val_loss: [0.2055002599954605, 0.2214675396680832, 0.20576420426368713, 0.178461953997612, 0.17629827558994293]
NAUTILUS=>2021-05-23 17:11:39.777525: Cycle: 10, Model: 0, val_accuracy: [0.9283852577209473, 0.9179961681365967, 0.9317036271095276, 0.9491046071052551, 0.9527917504310608]
NAUTILUS=>2021-05-23 17:11:39.777525: Cycle: 10, Model: 1, loss: [0.5713332891464233, 0.33551695942878723, 0.2650308609008789, 0.2162732183933258, 0.1667155623435974]
NAUTILUS=>2021-05-23 17:11:39.777525: Cycle: 10, Model: 1, accuracy: [0.7920353412628174, 0.8760107159614563, 0.9055325388908386, 0.9261027574539185, 0.9434581995010376]
NAUTILUS=>2021-05-23 17:11:39.777525: Cycle: 10, Model: 1, val_loss: [0.22654157876968384, 0.22026430070400238, 0.19145771861076355, 0.17842376232147217, 0.1675945669412613]
NAUTILUS=>2021-05-23 17:11:39.777525: Cycle: 10, Model: 1, val_accuracy: [0.9203822612762451, 0.9192319512367249, 0.9356856346130371, 0.9427816271781921, 0.9467678666114807]
NAUTILUS=>2021-05-23 17:11:39.777525: Cycle: 10, Model: 2, loss: [0.6307854056358337, 0.3606480062007904, 0.29120293259620667, 0.2497153878211975, 0.2100275158882141]
NAUTILUS=>2021-05-23 17:11:39.777525: Cycle: 10, Model: 2, accuracy: [0.7736611366271973, 0.8628943562507629, 0.8938039541244507, 0.9127709269523621, 0.9279148578643799]
NAUTILUS=>2021-05-23 17:11:39.777525: Cycle: 10, Model: 2, val_loss: [0.25974559783935547, 0.2226674109697342, 0.19371815025806427, 0.18170228600502014, 0.1718117743730545]
NAUTILUS=>2021-05-23 17:11:39.777525: Cycle: 10, Model: 2, val_accuracy: [0.9080506563186646, 0.9201542735099792, 0.9350417256355286, 0.9392967820167542, 0.94163978099823]
NAUTILUS=>2021-05-23 17:11:39.777525: Cycle: 10, Model: 3, loss: [0.6807640790939331, 0.3943959176540375, 0.32027697563171387, 0.27835795283317566, 0.24331258237361908]
NAUTILUS=>2021-05-23 17:11:39.777525: Cycle: 10, Model: 3, accuracy: [0.756763756275177, 0.8515780568122864, 0.8809332847595215, 0.900123119354248, 0.914495050907135]
NAUTILUS=>2021-05-23 17:11:39.777525: Cycle: 10, Model: 3, val_loss: [0.2836092710494995, 0.2323015034198761, 0.20212411880493164, 0.18914297223091125, 0.18027107417583466]
NAUTILUS=>2021-05-23 17:11:39.777525: Cycle: 10, Model: 3, val_accuracy: [0.9016897678375244, 0.9154525995254517, 0.9308805465698242, 0.9361787438392639, 0.9391636252403259]
NAUTILUS=>2021-05-23 17:11:39.777621: Starting to generating the best model
NAUTILUS=>2021-05-23 17:11:47.402387: Completed generating the best model. Elapsed time: 0:00:07.624766
NAUTILUS=>2021-05-23 17:11:47.402387: Cycle: 10, Best Model: 0
NAUTILUS=>2021-05-23 17:11:47.402387: Cycle: 10, Best model loss: [0.5470329523086548, 0.32062554359436035, 0.24280548095703125, 0.17647495865821838, 0.11210526525974274]
NAUTILUS=>2021-05-23 17:11:47.402387: Cycle: 10, Best model accuracy: [0.8036273717880249, 0.883213996887207, 0.9148218631744385, 0.9382187128067017, 0.9618856906890869]
NAUTILUS=>2021-05-23 17:11:47.402387: Cycle: 10, Best model val_loss: [0.2055002599954605, 0.2214675396680832, 0.20576420426368713, 0.178461953997612, 0.17629827558994293]
NAUTILUS=>2021-05-23 17:11:47.402387: Cycle: 10, Best model val_accuracy: [0.9283852577209473, 0.9179961681365967, 0.9317036271095276, 0.9491046071052551, 0.9527917504310608]
NAUTILUS=>2021-05-23 17:11:47.704840: Completed active learning cycle. Elapsed time: 0:04:49.022431
NAUTILUS=>2021-05-23 17:11:47.704857: Workload completed. Elapsed time: 0:35:25.088232
