NAUTILUS=>2021-05-23 12:30:15.992480: Starting workload
NAUTILUS=>2021-05-23 12:30:15.992480: RANDOM_SEED: 2020
NAUTILUS=>2021-05-23 12:30:15.992480: VERY_LARGE_VALUE: 1000000000000000.0
NAUTILUS=>2021-05-23 12:30:15.992480: NO_MAT_OPT: True
NAUTILUS=>2021-05-23 12:30:15.992480: MODE: ftr3-1
NAUTILUS=>2021-05-23 12:30:15.992480: STORAGE_PATH: ./storage
NAUTILUS=>2021-05-23 12:30:15.992480: NO_FUSE_OPT: False
NAUTILUS=>2021-05-23 12:30:15.992480: NUM_EPOCHS: 5
NAUTILUS=>2021-05-23 12:30:15.992480: MAX_NUM_RECORDS: 5000
NAUTILUS=>2021-05-23 12:30:15.992480: ACTIVE_LEARNING_BATCH_SIZE: 500
NAUTILUS=>2021-05-23 12:30:15.992480: VALID_FRACTION: 0.2
NAUTILUS=>2021-05-23 12:30:15.992480: SAMPLING_STRATERGY: uncertainty
NAUTILUS=>2021-05-23 12:30:15.992480: NO_PRETRAINING: False
NAUTILUS=>2021-05-23 12:30:15.992480: STORAGE_BUDGET: 25
NAUTILUS=>2021-05-23 12:30:15.992480: MEMORY_BUDGET: 10
NAUTILUS=>2021-05-23 12:30:15.992480: WORKSPACE_MEMORY: 1
NAUTILUS=>2021-05-23 12:30:15.992480: COMPUTE_THROUGHPUT: 6
NAUTILUS=>2021-05-23 12:30:15.992480: DISK_THROUGHPUT: 500
NAUTILUS=>2021-05-23 12:30:15.992480: SHUFFLE_BUFFER_SIZE: 10000
NAUTILUS=>2021-05-23 12:30:15.992528: Starting system initialization
NAUTILUS=>2021-05-23 12:30:16.606584: Starting model profiling
NAUTILUS=>2021-05-23 12:30:33.098279: Completed model profiling. Elapsed time: 0:00:16.491689
NAUTILUS=>2021-05-23 12:30:33.098279: Model parameters
NAUTILUS=>2021-05-23 12:30:33.098327: Generating optimized model selection plan
NAUTILUS=>2021-05-23 12:30:33.111187: Used materialized layers: 
NAUTILUS=>2021-05-23 12:30:33.111187: Model training plan: {"0": {"models": ["0"], "output_layers": ["0/classifier"], "flops_consumption": 746129651525000.0, "compute_flops": 745690198400000.0, "load_flops": 439453125000.0, "memory_consumption": 2.0896159410476685, "used_materialized_layers": [], "batch_size": 16, "num_epochs": [5]}}
NAUTILUS=>2021-05-23 12:30:33.111282: Completed generating optimized model selection plan. Elapsed time: 0:00:00.012954
NAUTILUS=>2021-05-23 12:30:33.111289: Generating fused models
NAUTILUS=>2021-05-23 12:30:39.465425: Completed generating fused models. Elapsed time: 0:00:06.354135
NAUTILUS=>2021-05-23 12:30:39.465425: Current Practice FLOPs: 149138039680.0
NAUTILUS=>2021-05-23 12:30:39.465425: Optimal FLOPs: 37097005440.0
NAUTILUS=>2021-05-23 12:30:39.465425: Theoretical Speedup: 4.020217748335861
NAUTILUS=>2021-05-23 12:30:39.526764: Completed system initialization. Elapsed time: 0:00:23.534236
NAUTILUS=>2021-05-23 12:30:39.526786: ========> Active learning cycle: 1
NAUTILUS=>2021-05-23 12:30:39.526790: Starting data loading
NAUTILUS=>2021-05-23 12:30:55.165170: Completed data loading. Elapsed time: 0:00:15.638380
NAUTILUS=>2021-05-23 12:30:55.165195: Starting model selection
NAUTILUS=>2021-05-23 12:30:55.165215: Materializing training data
NAUTILUS=>2021-05-23 12:30:55.404508: Completed materializing training data. Elapsed time: 0:00:00.239293
NAUTILUS=>2021-05-23 12:30:55.404519: Starting model training
NAUTILUS=>2021-05-23 12:31:32.567321: Completed model training. Elapsed time: 0:00:37.162802
NAUTILUS=>2021-05-23 12:31:32.567321: Cycle: 1, Model: 0, loss: [0.828880786895752, 0.2970868945121765, 0.1905224621295929, 0.12513619661331177, 0.08048417419195175]
NAUTILUS=>2021-05-23 12:31:32.567321: Cycle: 1, Model: 0, accuracy: [0.7468414902687073, 0.8900124430656433, 0.9346765279769897, 0.9563759565353394, 0.9700300097465515]
NAUTILUS=>2021-05-23 12:31:32.567321: Cycle: 1, Model: 0, val_loss: [0.46392127871513367, 0.41468507051467896, 0.35327720642089844, 0.3933575451374054, 0.37415358424186707]
NAUTILUS=>2021-05-23 12:31:32.567321: Cycle: 1, Model: 0, val_accuracy: [0.8359349966049194, 0.8561877608299255, 0.8714163899421692, 0.8704221248626709, 0.8852939605712891]
NAUTILUS=>2021-05-23 12:31:32.567365: Starting to generating the best model
NAUTILUS=>2021-05-23 12:31:39.659398: Completed generating the best model. Elapsed time: 0:00:07.092033
NAUTILUS=>2021-05-23 12:31:39.659398: Cycle: 1, Best Model: 0
NAUTILUS=>2021-05-23 12:31:39.659398: Cycle: 1, Best model loss: [0.828880786895752, 0.2970868945121765, 0.1905224621295929, 0.12513619661331177, 0.08048417419195175]
NAUTILUS=>2021-05-23 12:31:39.659398: Cycle: 1, Best model accuracy: [0.7468414902687073, 0.8900124430656433, 0.9346765279769897, 0.9563759565353394, 0.9700300097465515]
NAUTILUS=>2021-05-23 12:31:39.659398: Cycle: 1, Best model val_loss: [0.46392127871513367, 0.41468507051467896, 0.35327720642089844, 0.3933575451374054, 0.37415358424186707]
NAUTILUS=>2021-05-23 12:31:39.659398: Cycle: 1, Best model val_accuracy: [0.8359349966049194, 0.8561877608299255, 0.8714163899421692, 0.8704221248626709, 0.8852939605712891]
NAUTILUS=>2021-05-23 12:31:39.952371: Completed active learning cycle. Elapsed time: 0:00:44.787176
NAUTILUS=>2021-05-23 12:31:39.952389: ========> Active learning cycle: 2
NAUTILUS=>2021-05-23 12:31:39.952393: Starting data loading
NAUTILUS=>2021-05-23 12:32:29.246790: Completed data loading. Elapsed time: 0:00:49.294397
NAUTILUS=>2021-05-23 12:32:29.246808: Starting model selection
NAUTILUS=>2021-05-23 12:32:29.246823: Materializing training data
NAUTILUS=>2021-05-23 12:32:29.476187: Completed materializing training data. Elapsed time: 0:00:00.229364
NAUTILUS=>2021-05-23 12:32:29.476196: Starting model training
NAUTILUS=>2021-05-23 12:33:30.074822: Completed model training. Elapsed time: 0:01:00.598626
NAUTILUS=>2021-05-23 12:33:30.074822: Cycle: 2, Model: 0, loss: [0.9820088148117065, 0.42822331190109253, 0.27448880672454834, 0.19114281237125397, 0.1252221316099167]
NAUTILUS=>2021-05-23 12:33:30.074822: Cycle: 2, Model: 0, accuracy: [0.6411345601081848, 0.8296785950660706, 0.8881787657737732, 0.9303540587425232, 0.9543465375900269]
NAUTILUS=>2021-05-23 12:33:30.074822: Cycle: 2, Model: 0, val_loss: [0.378217875957489, 0.3470526933670044, 0.29616522789001465, 0.28355541825294495, 0.3051360249519348]
NAUTILUS=>2021-05-23 12:33:30.074822: Cycle: 2, Model: 0, val_accuracy: [0.8639460802078247, 0.8841715455055237, 0.9048786163330078, 0.9142364263534546, 0.9139883518218994]
NAUTILUS=>2021-05-23 12:33:30.074865: Starting to generating the best model
NAUTILUS=>2021-05-23 12:33:37.197900: Completed generating the best model. Elapsed time: 0:00:07.123035
NAUTILUS=>2021-05-23 12:33:37.197900: Cycle: 2, Best Model: 0
NAUTILUS=>2021-05-23 12:33:37.197900: Cycle: 2, Best model loss: [0.9820088148117065, 0.42822331190109253, 0.27448880672454834, 0.19114281237125397, 0.1252221316099167]
NAUTILUS=>2021-05-23 12:33:37.197900: Cycle: 2, Best model accuracy: [0.6411345601081848, 0.8296785950660706, 0.8881787657737732, 0.9303540587425232, 0.9543465375900269]
NAUTILUS=>2021-05-23 12:33:37.197900: Cycle: 2, Best model val_loss: [0.378217875957489, 0.3470526933670044, 0.29616522789001465, 0.28355541825294495, 0.3051360249519348]
NAUTILUS=>2021-05-23 12:33:37.197900: Cycle: 2, Best model val_accuracy: [0.8639460802078247, 0.8841715455055237, 0.9048786163330078, 0.9142364263534546, 0.9139883518218994]
NAUTILUS=>2021-05-23 12:33:37.504416: Completed active learning cycle. Elapsed time: 0:01:08.257608
NAUTILUS=>2021-05-23 12:33:37.504434: ========> Active learning cycle: 3
NAUTILUS=>2021-05-23 12:33:37.504437: Starting data loading
NAUTILUS=>2021-05-23 12:34:17.133276: Completed data loading. Elapsed time: 0:00:39.628839
NAUTILUS=>2021-05-23 12:34:17.133294: Starting model selection
NAUTILUS=>2021-05-23 12:34:17.133309: Materializing training data
NAUTILUS=>2021-05-23 12:34:17.363388: Completed materializing training data. Elapsed time: 0:00:00.230079
NAUTILUS=>2021-05-23 12:34:17.363399: Starting model training
NAUTILUS=>2021-05-23 12:35:34.105529: Completed model training. Elapsed time: 0:01:16.742130
NAUTILUS=>2021-05-23 12:35:34.105529: Cycle: 3, Model: 0, loss: [1.0116958618164062, 0.5012407302856445, 0.39568349719047546, 0.2812801003456116, 0.19000856578350067]
NAUTILUS=>2021-05-23 12:35:34.105529: Cycle: 3, Model: 0, accuracy: [0.6445509195327759, 0.8220116496086121, 0.8616120219230652, 0.8997690677642822, 0.9390742182731628]
NAUTILUS=>2021-05-23 12:35:34.105529: Cycle: 3, Model: 0, val_loss: [0.34767019748687744, 0.30817025899887085, 0.29628774523735046, 0.29296040534973145, 0.28563958406448364]
NAUTILUS=>2021-05-23 12:35:34.105529: Cycle: 3, Model: 0, val_accuracy: [0.8828522562980652, 0.8950701951980591, 0.8995355367660522, 0.9069330096244812, 0.9136077761650085]
NAUTILUS=>2021-05-23 12:35:34.105574: Starting to generating the best model
NAUTILUS=>2021-05-23 12:35:41.203861: Completed generating the best model. Elapsed time: 0:00:07.098287
NAUTILUS=>2021-05-23 12:35:41.203861: Cycle: 3, Best Model: 0
NAUTILUS=>2021-05-23 12:35:41.203861: Cycle: 3, Best model loss: [1.0116958618164062, 0.5012407302856445, 0.39568349719047546, 0.2812801003456116, 0.19000856578350067]
NAUTILUS=>2021-05-23 12:35:41.203861: Cycle: 3, Best model accuracy: [0.6445509195327759, 0.8220116496086121, 0.8616120219230652, 0.8997690677642822, 0.9390742182731628]
NAUTILUS=>2021-05-23 12:35:41.203861: Cycle: 3, Best model val_loss: [0.34767019748687744, 0.30817025899887085, 0.29628774523735046, 0.29296040534973145, 0.28563958406448364]
NAUTILUS=>2021-05-23 12:35:41.203861: Cycle: 3, Best model val_accuracy: [0.8828522562980652, 0.8950701951980591, 0.8995355367660522, 0.9069330096244812, 0.9136077761650085]
NAUTILUS=>2021-05-23 12:35:41.503201: Completed active learning cycle. Elapsed time: 0:01:24.369907
NAUTILUS=>2021-05-23 12:35:41.503218: ========> Active learning cycle: 4
NAUTILUS=>2021-05-23 12:35:41.503222: Starting data loading
NAUTILUS=>2021-05-23 12:36:26.738161: Completed data loading. Elapsed time: 0:00:45.234939
NAUTILUS=>2021-05-23 12:36:26.738179: Starting model selection
NAUTILUS=>2021-05-23 12:36:26.738193: Materializing training data
NAUTILUS=>2021-05-23 12:36:26.969421: Completed materializing training data. Elapsed time: 0:00:00.231228
NAUTILUS=>2021-05-23 12:36:26.969432: Starting model training
NAUTILUS=>2021-05-23 12:38:03.158422: Completed model training. Elapsed time: 0:01:36.188990
NAUTILUS=>2021-05-23 12:38:03.158422: Cycle: 4, Model: 0, loss: [0.9310351610183716, 0.5274353623390198, 0.37478718161582947, 0.28210583329200745, 0.2220424860715866]
NAUTILUS=>2021-05-23 12:38:03.158422: Cycle: 4, Model: 0, accuracy: [0.6820001006126404, 0.8084259629249573, 0.8710758686065674, 0.9058571457862854, 0.9274370670318604]
NAUTILUS=>2021-05-23 12:38:03.158422: Cycle: 4, Model: 0, val_loss: [0.3199591338634491, 0.252529501914978, 0.2687457799911499, 0.2459704577922821, 0.24149514734745026]
NAUTILUS=>2021-05-23 12:38:03.158422: Cycle: 4, Model: 0, val_accuracy: [0.881357729434967, 0.9091299176216125, 0.9156813025474548, 0.9164987206459045, 0.9243326783180237]
NAUTILUS=>2021-05-23 12:38:03.158466: Starting to generating the best model
NAUTILUS=>2021-05-23 12:38:10.244448: Completed generating the best model. Elapsed time: 0:00:07.085982
NAUTILUS=>2021-05-23 12:38:10.244448: Cycle: 4, Best Model: 0
NAUTILUS=>2021-05-23 12:38:10.244448: Cycle: 4, Best model loss: [0.9310351610183716, 0.5274353623390198, 0.37478718161582947, 0.28210583329200745, 0.2220424860715866]
NAUTILUS=>2021-05-23 12:38:10.244448: Cycle: 4, Best model accuracy: [0.6820001006126404, 0.8084259629249573, 0.8710758686065674, 0.9058571457862854, 0.9274370670318604]
NAUTILUS=>2021-05-23 12:38:10.244448: Cycle: 4, Best model val_loss: [0.3199591338634491, 0.252529501914978, 0.2687457799911499, 0.2459704577922821, 0.24149514734745026]
NAUTILUS=>2021-05-23 12:38:10.244448: Cycle: 4, Best model val_accuracy: [0.881357729434967, 0.9091299176216125, 0.9156813025474548, 0.9164987206459045, 0.9243326783180237]
NAUTILUS=>2021-05-23 12:38:10.545821: Completed active learning cycle. Elapsed time: 0:01:43.807642
NAUTILUS=>2021-05-23 12:38:10.545838: ========> Active learning cycle: 5
NAUTILUS=>2021-05-23 12:38:10.545842: Starting data loading
NAUTILUS=>2021-05-23 12:38:46.754865: Completed data loading. Elapsed time: 0:00:36.209023
NAUTILUS=>2021-05-23 12:38:46.754883: Starting model selection
NAUTILUS=>2021-05-23 12:38:46.754898: Materializing training data
NAUTILUS=>2021-05-23 12:38:46.985508: Completed materializing training data. Elapsed time: 0:00:00.230610
NAUTILUS=>2021-05-23 12:38:46.985520: Starting model training
NAUTILUS=>2021-05-23 12:40:42.762828: Completed model training. Elapsed time: 0:01:55.777308
NAUTILUS=>2021-05-23 12:40:42.762828: Cycle: 5, Model: 0, loss: [0.8705782890319824, 0.4843384325504303, 0.3648372292518616, 0.2630650997161865, 0.1942427009344101]
NAUTILUS=>2021-05-23 12:40:42.762828: Cycle: 5, Model: 0, accuracy: [0.6950788497924805, 0.832629382610321, 0.8735767602920532, 0.9103432297706604, 0.9395706653594971]
NAUTILUS=>2021-05-23 12:40:42.762828: Cycle: 5, Model: 0, val_loss: [0.2951664924621582, 0.2522805333137512, 0.23962317407131195, 0.23564544320106506, 0.25555774569511414]
NAUTILUS=>2021-05-23 12:40:42.762828: Cycle: 5, Model: 0, val_accuracy: [0.8916879296302795, 0.9133204817771912, 0.9215137362480164, 0.9173468351364136, 0.9187820553779602]
NAUTILUS=>2021-05-23 12:40:42.762872: Starting to generating the best model
NAUTILUS=>2021-05-23 12:40:49.856144: Completed generating the best model. Elapsed time: 0:00:07.093272
NAUTILUS=>2021-05-23 12:40:49.856144: Cycle: 5, Best Model: 0
NAUTILUS=>2021-05-23 12:40:49.856144: Cycle: 5, Best model loss: [0.8705782890319824, 0.4843384325504303, 0.3648372292518616, 0.2630650997161865, 0.1942427009344101]
NAUTILUS=>2021-05-23 12:40:49.856144: Cycle: 5, Best model accuracy: [0.6950788497924805, 0.832629382610321, 0.8735767602920532, 0.9103432297706604, 0.9395706653594971]
NAUTILUS=>2021-05-23 12:40:49.856144: Cycle: 5, Best model val_loss: [0.2951664924621582, 0.2522805333137512, 0.23962317407131195, 0.23564544320106506, 0.25555774569511414]
NAUTILUS=>2021-05-23 12:40:49.856144: Cycle: 5, Best model val_accuracy: [0.8916879296302795, 0.9133204817771912, 0.9215137362480164, 0.9173468351364136, 0.9187820553779602]
NAUTILUS=>2021-05-23 12:40:50.159821: Completed active learning cycle. Elapsed time: 0:02:03.404938
NAUTILUS=>2021-05-23 12:40:50.159839: ========> Active learning cycle: 6
NAUTILUS=>2021-05-23 12:40:50.159842: Starting data loading
NAUTILUS=>2021-05-23 12:41:31.072191: Completed data loading. Elapsed time: 0:00:40.912349
NAUTILUS=>2021-05-23 12:41:31.072208: Starting model selection
NAUTILUS=>2021-05-23 12:41:31.072223: Materializing training data
NAUTILUS=>2021-05-23 12:41:31.301082: Completed materializing training data. Elapsed time: 0:00:00.228859
NAUTILUS=>2021-05-23 12:41:31.301092: Starting model training
NAUTILUS=>2021-05-23 12:43:47.063443: Completed model training. Elapsed time: 0:02:15.762351
NAUTILUS=>2021-05-23 12:43:47.063443: Cycle: 6, Model: 0, loss: [0.7821237444877625, 0.4560748338699341, 0.34146198630332947, 0.24054598808288574, 0.17656314373016357]
NAUTILUS=>2021-05-23 12:43:47.063443: Cycle: 6, Model: 0, accuracy: [0.7363547086715698, 0.8426153063774109, 0.8838358521461487, 0.9188840985298157, 0.9418019652366638]
NAUTILUS=>2021-05-23 12:43:47.063443: Cycle: 6, Model: 0, val_loss: [0.30053067207336426, 0.22791051864624023, 0.2053675651550293, 0.2417241483926773, 0.21723775565624237]
NAUTILUS=>2021-05-23 12:43:47.063443: Cycle: 6, Model: 0, val_accuracy: [0.8945505619049072, 0.9243260622024536, 0.9291353225708008, 0.9271458983421326, 0.9356260299682617]
NAUTILUS=>2021-05-23 12:43:47.063487: Starting to generating the best model
NAUTILUS=>2021-05-23 12:43:54.199889: Completed generating the best model. Elapsed time: 0:00:07.136402
NAUTILUS=>2021-05-23 12:43:54.199889: Cycle: 6, Best Model: 0
NAUTILUS=>2021-05-23 12:43:54.199889: Cycle: 6, Best model loss: [0.7821237444877625, 0.4560748338699341, 0.34146198630332947, 0.24054598808288574, 0.17656314373016357]
NAUTILUS=>2021-05-23 12:43:54.199889: Cycle: 6, Best model accuracy: [0.7363547086715698, 0.8426153063774109, 0.8838358521461487, 0.9188840985298157, 0.9418019652366638]
NAUTILUS=>2021-05-23 12:43:54.199889: Cycle: 6, Best model val_loss: [0.30053067207336426, 0.22791051864624023, 0.2053675651550293, 0.2417241483926773, 0.21723775565624237]
NAUTILUS=>2021-05-23 12:43:54.199889: Cycle: 6, Best model val_accuracy: [0.8945505619049072, 0.9243260622024536, 0.9291353225708008, 0.9271458983421326, 0.9356260299682617]
NAUTILUS=>2021-05-23 12:43:54.498768: Completed active learning cycle. Elapsed time: 0:02:23.426560
NAUTILUS=>2021-05-23 12:43:54.498785: ========> Active learning cycle: 7
NAUTILUS=>2021-05-23 12:43:54.498788: Starting data loading
NAUTILUS=>2021-05-23 12:44:27.256065: Completed data loading. Elapsed time: 0:00:32.757277
NAUTILUS=>2021-05-23 12:44:27.256082: Starting model selection
NAUTILUS=>2021-05-23 12:44:27.256097: Materializing training data
NAUTILUS=>2021-05-23 12:44:27.488196: Completed materializing training data. Elapsed time: 0:00:00.232099
NAUTILUS=>2021-05-23 12:44:27.488207: Starting model training
NAUTILUS=>2021-05-23 12:47:02.070399: Completed model training. Elapsed time: 0:02:34.582192
NAUTILUS=>2021-05-23 12:47:02.070399: Cycle: 7, Model: 0, loss: [0.7156379818916321, 0.4148532450199127, 0.30220431089401245, 0.21483616530895233, 0.15641912817955017]
NAUTILUS=>2021-05-23 12:47:02.070399: Cycle: 7, Model: 0, accuracy: [0.7477428317070007, 0.8513688445091248, 0.8957999348640442, 0.9268893599510193, 0.9486194849014282]
NAUTILUS=>2021-05-23 12:47:02.070399: Cycle: 7, Model: 0, val_loss: [0.24147838354110718, 0.20653948187828064, 0.20440085232257843, 0.20287060737609863, 0.20428404211997986]
NAUTILUS=>2021-05-23 12:47:02.070399: Cycle: 7, Model: 0, val_accuracy: [0.9122206568717957, 0.9286160469055176, 0.9339731931686401, 0.9395238161087036, 0.9359197020530701]
NAUTILUS=>2021-05-23 12:47:02.070443: Starting to generating the best model
NAUTILUS=>2021-05-23 12:47:09.170858: Completed generating the best model. Elapsed time: 0:00:07.100415
NAUTILUS=>2021-05-23 12:47:09.170858: Cycle: 7, Best Model: 0
NAUTILUS=>2021-05-23 12:47:09.170858: Cycle: 7, Best model loss: [0.7156379818916321, 0.4148532450199127, 0.30220431089401245, 0.21483616530895233, 0.15641912817955017]
NAUTILUS=>2021-05-23 12:47:09.170858: Cycle: 7, Best model accuracy: [0.7477428317070007, 0.8513688445091248, 0.8957999348640442, 0.9268893599510193, 0.9486194849014282]
NAUTILUS=>2021-05-23 12:47:09.170858: Cycle: 7, Best model val_loss: [0.24147838354110718, 0.20653948187828064, 0.20440085232257843, 0.20287060737609863, 0.20428404211997986]
NAUTILUS=>2021-05-23 12:47:09.170858: Cycle: 7, Best model val_accuracy: [0.9122206568717957, 0.9286160469055176, 0.9339731931686401, 0.9395238161087036, 0.9359197020530701]
NAUTILUS=>2021-05-23 12:47:09.474116: Completed active learning cycle. Elapsed time: 0:02:42.218034
NAUTILUS=>2021-05-23 12:47:09.474134: ========> Active learning cycle: 8
NAUTILUS=>2021-05-23 12:47:09.474138: Starting data loading
NAUTILUS=>2021-05-23 12:47:46.153529: Completed data loading. Elapsed time: 0:00:36.679391
NAUTILUS=>2021-05-23 12:47:46.153547: Starting model selection
NAUTILUS=>2021-05-23 12:47:46.153562: Materializing training data
NAUTILUS=>2021-05-23 12:47:46.389077: Completed materializing training data. Elapsed time: 0:00:00.235515
NAUTILUS=>2021-05-23 12:47:46.389087: Starting model training
NAUTILUS=>2021-05-23 12:50:41.278717: Completed model training. Elapsed time: 0:02:54.889630
NAUTILUS=>2021-05-23 12:50:41.278717: Cycle: 8, Model: 0, loss: [0.6551029682159424, 0.3832508325576782, 0.28999507427215576, 0.2094552218914032, 0.1475517600774765]
NAUTILUS=>2021-05-23 12:50:41.278717: Cycle: 8, Model: 0, accuracy: [0.7705825567245483, 0.8659330606460571, 0.8991014361381531, 0.9305508136749268, 0.9501721262931824]
NAUTILUS=>2021-05-23 12:50:41.278717: Cycle: 8, Model: 0, val_loss: [0.24867385625839233, 0.19622865319252014, 0.17804022133350372, 0.19319289922714233, 0.1889827400445938]
NAUTILUS=>2021-05-23 12:50:41.278717: Cycle: 8, Model: 0, val_accuracy: [0.9104520678520203, 0.9315476417541504, 0.9385556578636169, 0.9332226514816284, 0.942229151725769]
NAUTILUS=>2021-05-23 12:50:41.278761: Starting to generating the best model
NAUTILUS=>2021-05-23 12:50:48.419471: Completed generating the best model. Elapsed time: 0:00:07.140710
NAUTILUS=>2021-05-23 12:50:48.419471: Cycle: 8, Best Model: 0
NAUTILUS=>2021-05-23 12:50:48.419471: Cycle: 8, Best model loss: [0.6551029682159424, 0.3832508325576782, 0.28999507427215576, 0.2094552218914032, 0.1475517600774765]
NAUTILUS=>2021-05-23 12:50:48.419471: Cycle: 8, Best model accuracy: [0.7705825567245483, 0.8659330606460571, 0.8991014361381531, 0.9305508136749268, 0.9501721262931824]
NAUTILUS=>2021-05-23 12:50:48.419471: Cycle: 8, Best model val_loss: [0.24867385625839233, 0.19622865319252014, 0.17804022133350372, 0.19319289922714233, 0.1889827400445938]
NAUTILUS=>2021-05-23 12:50:48.419471: Cycle: 8, Best model val_accuracy: [0.9104520678520203, 0.9315476417541504, 0.9385556578636169, 0.9332226514816284, 0.942229151725769]
NAUTILUS=>2021-05-23 12:50:48.718423: Completed active learning cycle. Elapsed time: 0:03:02.564876
NAUTILUS=>2021-05-23 12:50:48.718440: ========> Active learning cycle: 9
NAUTILUS=>2021-05-23 12:50:48.718444: Starting data loading
NAUTILUS=>2021-05-23 12:51:17.981494: Completed data loading. Elapsed time: 0:00:29.263050
NAUTILUS=>2021-05-23 12:51:17.981512: Starting model selection
NAUTILUS=>2021-05-23 12:51:17.981527: Materializing training data
NAUTILUS=>2021-05-23 12:51:18.210917: Completed materializing training data. Elapsed time: 0:00:00.229390
NAUTILUS=>2021-05-23 12:51:18.210927: Starting model training
NAUTILUS=>2021-05-23 12:54:32.842336: Completed model training. Elapsed time: 0:03:14.631409
NAUTILUS=>2021-05-23 12:54:32.842336: Cycle: 9, Model: 0, loss: [0.6170006394386292, 0.36103081703186035, 0.2664499878883362, 0.19744963943958282, 0.13238516449928284]
NAUTILUS=>2021-05-23 12:54:32.842336: Cycle: 9, Model: 0, accuracy: [0.7871196866035461, 0.8753069639205933, 0.9124612808227539, 0.9365144968032837, 0.9570425748825073]
NAUTILUS=>2021-05-23 12:54:32.842336: Cycle: 9, Model: 0, val_loss: [0.23558837175369263, 0.24295595288276672, 0.18646548688411713, 0.1714947521686554, 0.18377622961997986]
NAUTILUS=>2021-05-23 12:54:32.842336: Cycle: 9, Model: 0, val_accuracy: [0.9150488972663879, 0.9173135757446289, 0.9358011484146118, 0.9470629096031189, 0.9452980756759644]
NAUTILUS=>2021-05-23 12:54:32.842380: Starting to generating the best model
NAUTILUS=>2021-05-23 12:54:39.922185: Completed generating the best model. Elapsed time: 0:00:07.079805
NAUTILUS=>2021-05-23 12:54:39.922185: Cycle: 9, Best Model: 0
NAUTILUS=>2021-05-23 12:54:39.922185: Cycle: 9, Best model loss: [0.6170006394386292, 0.36103081703186035, 0.2664499878883362, 0.19744963943958282, 0.13238516449928284]
NAUTILUS=>2021-05-23 12:54:39.922185: Cycle: 9, Best model accuracy: [0.7871196866035461, 0.8753069639205933, 0.9124612808227539, 0.9365144968032837, 0.9570425748825073]
NAUTILUS=>2021-05-23 12:54:39.922185: Cycle: 9, Best model val_loss: [0.23558837175369263, 0.24295595288276672, 0.18646548688411713, 0.1714947521686554, 0.18377622961997986]
NAUTILUS=>2021-05-23 12:54:39.922185: Cycle: 9, Best model val_accuracy: [0.9150488972663879, 0.9173135757446289, 0.9358011484146118, 0.9470629096031189, 0.9452980756759644]
NAUTILUS=>2021-05-23 12:54:40.217748: Completed active learning cycle. Elapsed time: 0:03:22.236236
NAUTILUS=>2021-05-23 12:54:40.217765: ========> Active learning cycle: 10
NAUTILUS=>2021-05-23 12:54:40.217769: Starting data loading
NAUTILUS=>2021-05-23 12:55:12.606584: Completed data loading. Elapsed time: 0:00:32.388815
NAUTILUS=>2021-05-23 12:55:12.606602: Starting model selection
NAUTILUS=>2021-05-23 12:55:12.606617: Materializing training data
NAUTILUS=>2021-05-23 12:55:12.836435: Completed materializing training data. Elapsed time: 0:00:00.229818
NAUTILUS=>2021-05-23 12:55:12.836445: Starting model training
NAUTILUS=>2021-05-23 12:58:47.496533: Completed model training. Elapsed time: 0:03:34.660088
NAUTILUS=>2021-05-23 12:58:47.496533: Cycle: 10, Model: 0, loss: [0.5475942492485046, 0.3253772258758545, 0.23831228911876678, 0.17199546098709106, 0.11616729199886322]
NAUTILUS=>2021-05-23 12:58:47.496533: Cycle: 10, Model: 0, accuracy: [0.8101128935813904, 0.8860452175140381, 0.9171644449234009, 0.9430221319198608, 0.9613888263702393]
NAUTILUS=>2021-05-23 12:58:47.496533: Cycle: 10, Model: 0, val_loss: [0.2541886270046234, 0.1935882419347763, 0.1783762127161026, 0.18965449929237366, 0.18067383766174316]
NAUTILUS=>2021-05-23 12:58:47.496533: Cycle: 10, Model: 0, val_accuracy: [0.9131420850753784, 0.929328978061676, 0.9420737624168396, 0.9421376585960388, 0.9475461840629578]
NAUTILUS=>2021-05-23 12:58:47.496577: Starting to generating the best model
NAUTILUS=>2021-05-23 12:58:54.550235: Completed generating the best model. Elapsed time: 0:00:07.053658
NAUTILUS=>2021-05-23 12:58:54.550235: Cycle: 10, Best Model: 0
NAUTILUS=>2021-05-23 12:58:54.550235: Cycle: 10, Best model loss: [0.5475942492485046, 0.3253772258758545, 0.23831228911876678, 0.17199546098709106, 0.11616729199886322]
NAUTILUS=>2021-05-23 12:58:54.550235: Cycle: 10, Best model accuracy: [0.8101128935813904, 0.8860452175140381, 0.9171644449234009, 0.9430221319198608, 0.9613888263702393]
NAUTILUS=>2021-05-23 12:58:54.550235: Cycle: 10, Best model val_loss: [0.2541886270046234, 0.1935882419347763, 0.1783762127161026, 0.18965449929237366, 0.18067383766174316]
NAUTILUS=>2021-05-23 12:58:54.550235: Cycle: 10, Best model val_accuracy: [0.9131420850753784, 0.929328978061676, 0.9420737624168396, 0.9421376585960388, 0.9475461840629578]
NAUTILUS=>2021-05-23 12:58:54.852181: Completed active learning cycle. Elapsed time: 0:03:42.245579
NAUTILUS=>2021-05-23 12:58:54.852198: Workload completed. Elapsed time: 0:28:38.859718
