NAUTILUS=>2021-05-23 15:32:35.714422: Starting workload
NAUTILUS=>2021-05-23 15:32:35.714422: RANDOM_SEED: 2020
NAUTILUS=>2021-05-23 15:32:35.714422: VERY_LARGE_VALUE: 1000000000000000.0
NAUTILUS=>2021-05-23 15:32:35.714422: NO_MAT_OPT: False
NAUTILUS=>2021-05-23 15:32:35.714422: MODE: ftr3-3
NAUTILUS=>2021-05-23 15:32:35.714422: STORAGE_PATH: ./storage
NAUTILUS=>2021-05-23 15:32:35.714422: NO_FUSE_OPT: True
NAUTILUS=>2021-05-23 15:32:35.714422: NUM_EPOCHS: 5
NAUTILUS=>2021-05-23 15:32:35.714422: MAX_NUM_RECORDS: 5000
NAUTILUS=>2021-05-23 15:32:35.714422: ACTIVE_LEARNING_BATCH_SIZE: 500
NAUTILUS=>2021-05-23 15:32:35.714422: VALID_FRACTION: 0.2
NAUTILUS=>2021-05-23 15:32:35.714422: SAMPLING_STRATERGY: uncertainty
NAUTILUS=>2021-05-23 15:32:35.714422: NO_PRETRAINING: False
NAUTILUS=>2021-05-23 15:32:35.714422: STORAGE_BUDGET: 25
NAUTILUS=>2021-05-23 15:32:35.714422: MEMORY_BUDGET: 10
NAUTILUS=>2021-05-23 15:32:35.714422: WORKSPACE_MEMORY: 1
NAUTILUS=>2021-05-23 15:32:35.714422: COMPUTE_THROUGHPUT: 6
NAUTILUS=>2021-05-23 15:32:35.714422: DISK_THROUGHPUT: 500
NAUTILUS=>2021-05-23 15:32:35.714422: SHUFFLE_BUFFER_SIZE: 10000
NAUTILUS=>2021-05-23 15:32:35.714469: Starting system initialization
NAUTILUS=>2021-05-23 15:32:36.285807: Starting model profiling
NAUTILUS=>2021-05-23 15:33:06.529576: Completed model profiling. Elapsed time: 0:00:30.243767
NAUTILUS=>2021-05-23 15:33:06.529576: Model parameters
NAUTILUS=>2021-05-23 15:33:06.529639: Generating optimized model selection plan
NAUTILUS=>2021-05-23 15:33:06.581381: Materialized layers candidates: tf_op_layer_strided_slice,tf_op_layer_Cast,tf_op_layer_Sub,tf_op_layer_Mul,layer_9
NAUTILUS=>2021-05-23 15:33:06.598012: Used materialized layers: layer_9
NAUTILUS=>2021-05-23 15:33:06.598012: Model training plan: {"0": {"models": ["0"], "output_layers": ["0/classifier"], "flops_consumption": 438177892375000.0, "compute_flops": 325531408000000.0, "load_flops": 112646484375000.0, "memory_consumption": 1.8776347935199738, "used_materialized_layers": ["layer_9"], "batch_size": 16, "num_epochs": [5]}, "1": {"models": ["1"], "output_layers": ["1/classifier"], "flops_consumption": 438177892375000.0, "compute_flops": 325531408000000.0, "load_flops": 112646484375000.0, "memory_consumption": 1.8776347935199738, "used_materialized_layers": ["layer_9"], "batch_size": 16, "num_epochs": [5]}, "2": {"models": ["2"], "output_layers": ["2/classifier"], "flops_consumption": 438177892375000.0, "compute_flops": 325531408000000.0, "load_flops": 112646484375000.0, "memory_consumption": 1.8776347935199738, "used_materialized_layers": ["layer_9"], "batch_size": 16, "num_epochs": [5]}}
NAUTILUS=>2021-05-23 15:33:06.598144: Completed generating optimized model selection plan. Elapsed time: 0:00:00.068504
NAUTILUS=>2021-05-23 15:33:06.598150: Generating fused models
NAUTILUS=>2021-05-23 15:33:17.822660: Completed generating fused models. Elapsed time: 0:00:11.224510
NAUTILUS=>2021-05-23 15:33:17.822660: Current Practice FLOPs: 447414119040.0
NAUTILUS=>2021-05-23 15:33:17.822660: Optimal FLOPs: 111291016320.0
NAUTILUS=>2021-05-23 15:33:17.822660: Theoretical Speedup: 4.020217748335861
NAUTILUS=>2021-05-23 15:33:17.886067: Completed system initialization. Elapsed time: 0:00:42.171598
NAUTILUS=>2021-05-23 15:33:17.886090: ========> Active learning cycle: 1
NAUTILUS=>2021-05-23 15:33:17.886095: Starting data loading
NAUTILUS=>2021-05-23 15:33:33.116756: Completed data loading. Elapsed time: 0:00:15.230661
NAUTILUS=>2021-05-23 15:33:33.116781: Starting model selection
NAUTILUS=>2021-05-23 15:33:33.116800: Materializing training data
NAUTILUS=>2021-05-23 15:33:33.362736: Completed materializing training data. Elapsed time: 0:00:00.245936
NAUTILUS=>2021-05-23 15:33:33.362750: Generating intermediate features
NAUTILUS=>2021-05-23 15:33:42.011990: Completed generating intermediate features. Elapsed time: 0:00:08.649240
NAUTILUS=>2021-05-23 15:33:42.012009: Starting model training
NAUTILUS=>2021-05-23 15:34:33.021875: Completed model training. Elapsed time: 0:00:51.009866
NAUTILUS=>2021-05-23 15:34:33.021875: Cycle: 1, Model: 0, loss: [0.828880786895752, 0.2970869541168213, 0.19052249193191528, 0.12513619661331177, 0.08048417419195175]
NAUTILUS=>2021-05-23 15:34:33.021875: Cycle: 1, Model: 0, accuracy: [0.7468414902687073, 0.8900124430656433, 0.9346765279769897, 0.9563759565353394, 0.9700300097465515]
NAUTILUS=>2021-05-23 15:34:33.021875: Cycle: 1, Model: 0, val_loss: [0.4639214277267456, 0.41468513011932373, 0.3532772362232208, 0.39335745573043823, 0.37415385246276855]
NAUTILUS=>2021-05-23 15:34:33.021875: Cycle: 1, Model: 0, val_accuracy: [0.8359349966049194, 0.8561877608299255, 0.8714163899421692, 0.8704221248626709, 0.8852939605712891]
NAUTILUS=>2021-05-23 15:34:33.021875: Cycle: 1, Model: 1, loss: [1.004594087600708, 0.4065803289413452, 0.28088250756263733, 0.1944686770439148, 0.1432686597108841]
NAUTILUS=>2021-05-23 15:34:33.021875: Cycle: 1, Model: 1, accuracy: [0.7063083052635193, 0.8641493320465088, 0.9058865904808044, 0.9262921214103699, 0.9485536217689514]
NAUTILUS=>2021-05-23 15:34:33.021875: Cycle: 1, Model: 1, val_loss: [0.5762648582458496, 0.4119472801685333, 0.3756779432296753, 0.36078959703445435, 0.36561137437820435]
NAUTILUS=>2021-05-23 15:34:33.021875: Cycle: 1, Model: 1, val_accuracy: [0.8098840117454529, 0.8507524728775024, 0.8563680052757263, 0.869193971157074, 0.8720411062240601]
NAUTILUS=>2021-05-23 15:34:33.021875: Cycle: 1, Model: 2, loss: [1.10059654712677, 0.4744577705860138, 0.3396696448326111, 0.2579960823059082, 0.2015160620212555]
NAUTILUS=>2021-05-23 15:34:33.021875: Cycle: 1, Model: 2, accuracy: [0.6883387565612793, 0.8442584276199341, 0.8858430981636047, 0.9036238193511963, 0.9335419535636902]
NAUTILUS=>2021-05-23 15:34:33.021875: Cycle: 1, Model: 2, val_loss: [0.6876410841941833, 0.472998708486557, 0.41176077723503113, 0.39722809195518494, 0.3804224133491516]
NAUTILUS=>2021-05-23 15:34:33.021875: Cycle: 1, Model: 2, val_accuracy: [0.7769367694854736, 0.828457236289978, 0.848990797996521, 0.8405357599258423, 0.8534486889839172]
NAUTILUS=>2021-05-23 15:34:33.021959: Starting to generating the best model
NAUTILUS=>2021-05-23 15:34:38.728993: Completed generating the best model. Elapsed time: 0:00:05.707034
NAUTILUS=>2021-05-23 15:34:38.728993: Cycle: 1, Best Model: 0
NAUTILUS=>2021-05-23 15:34:38.728993: Cycle: 1, Best model loss: [0.828880786895752, 0.2970869541168213, 0.19052249193191528, 0.12513619661331177, 0.08048417419195175]
NAUTILUS=>2021-05-23 15:34:38.728993: Cycle: 1, Best model accuracy: [0.7468414902687073, 0.8900124430656433, 0.9346765279769897, 0.9563759565353394, 0.9700300097465515]
NAUTILUS=>2021-05-23 15:34:38.728993: Cycle: 1, Best model val_loss: [0.4639214277267456, 0.41468513011932373, 0.3532772362232208, 0.39335745573043823, 0.37415385246276855]
NAUTILUS=>2021-05-23 15:34:38.728993: Cycle: 1, Best model val_accuracy: [0.8359349966049194, 0.8561877608299255, 0.8714163899421692, 0.8704221248626709, 0.8852939605712891]
NAUTILUS=>2021-05-23 15:34:39.020925: Completed active learning cycle. Elapsed time: 0:01:05.904144
NAUTILUS=>2021-05-23 15:34:39.020942: ========> Active learning cycle: 2
NAUTILUS=>2021-05-23 15:34:39.020947: Starting data loading
NAUTILUS=>2021-05-23 15:35:28.434870: Completed data loading. Elapsed time: 0:00:49.413923
NAUTILUS=>2021-05-23 15:35:28.434887: Starting model selection
NAUTILUS=>2021-05-23 15:35:28.434902: Materializing training data
NAUTILUS=>2021-05-23 15:35:28.660510: Completed materializing training data. Elapsed time: 0:00:00.225608
NAUTILUS=>2021-05-23 15:35:28.660521: Generating intermediate features
NAUTILUS=>2021-05-23 15:35:37.257920: Completed generating intermediate features. Elapsed time: 0:00:08.597399
NAUTILUS=>2021-05-23 15:35:37.257939: Starting model training
NAUTILUS=>2021-05-23 15:36:55.126763: Completed model training. Elapsed time: 0:01:17.868824
NAUTILUS=>2021-05-23 15:36:55.126763: Cycle: 2, Model: 0, loss: [0.9820089936256409, 0.42822322249412537, 0.274488627910614, 0.19114264845848083, 0.12522202730178833]
NAUTILUS=>2021-05-23 15:36:55.126763: Cycle: 2, Model: 0, accuracy: [0.6411345601081848, 0.8296785950660706, 0.8881787657737732, 0.9303540587425232, 0.9543465375900269]
NAUTILUS=>2021-05-23 15:36:55.126763: Cycle: 2, Model: 0, val_loss: [0.3782179355621338, 0.34705260396003723, 0.2961651086807251, 0.2835554778575897, 0.305136114358902]
NAUTILUS=>2021-05-23 15:36:55.126763: Cycle: 2, Model: 0, val_accuracy: [0.8639460802078247, 0.8841715455055237, 0.9048786163330078, 0.9142364263534546, 0.9139883518218994]
NAUTILUS=>2021-05-23 15:36:55.126763: Cycle: 2, Model: 1, loss: [1.031630516052246, 0.49598366022109985, 0.33836865425109863, 0.2519090175628662, 0.17347869277000427]
NAUTILUS=>2021-05-23 15:36:55.126763: Cycle: 2, Model: 1, accuracy: [0.6214208006858826, 0.8046935200691223, 0.8720493316650391, 0.9077181816101074, 0.9331250190734863]
NAUTILUS=>2021-05-23 15:36:55.126763: Cycle: 2, Model: 1, val_loss: [0.4488494098186493, 0.3552568852901459, 0.2943028509616852, 0.28837546706199646, 0.27607956528663635]
NAUTILUS=>2021-05-23 15:36:55.126763: Cycle: 2, Model: 1, val_accuracy: [0.8425663709640503, 0.8833434581756592, 0.8984968066215515, 0.9134674668312073, 0.9148668646812439]
NAUTILUS=>2021-05-23 15:36:55.126763: Cycle: 2, Model: 2, loss: [1.1710573434829712, 0.594035804271698, 0.4166698455810547, 0.3269309103488922, 0.24684353172779083]
NAUTILUS=>2021-05-23 15:36:55.126763: Cycle: 2, Model: 2, accuracy: [0.5746650695800781, 0.7590763568878174, 0.8437793850898743, 0.8772196769714355, 0.906093418598175]
NAUTILUS=>2021-05-23 15:36:55.126763: Cycle: 2, Model: 2, val_loss: [0.5098970532417297, 0.3841044306755066, 0.3192782700061798, 0.3005669116973877, 0.27994734048843384]
NAUTILUS=>2021-05-23 15:36:55.126763: Cycle: 2, Model: 2, val_accuracy: [0.8162043690681458, 0.8690874576568604, 0.8832870721817017, 0.9080027937889099, 0.9080075621604919]
NAUTILUS=>2021-05-23 15:36:55.126847: Starting to generating the best model
NAUTILUS=>2021-05-23 15:37:00.837559: Completed generating the best model. Elapsed time: 0:00:05.710712
NAUTILUS=>2021-05-23 15:37:00.837559: Cycle: 2, Best Model: 1
NAUTILUS=>2021-05-23 15:37:00.837559: Cycle: 2, Best model loss: [1.031630516052246, 0.49598366022109985, 0.33836865425109863, 0.2519090175628662, 0.17347869277000427]
NAUTILUS=>2021-05-23 15:37:00.837559: Cycle: 2, Best model accuracy: [0.6214208006858826, 0.8046935200691223, 0.8720493316650391, 0.9077181816101074, 0.9331250190734863]
NAUTILUS=>2021-05-23 15:37:00.837559: Cycle: 2, Best model val_loss: [0.4488494098186493, 0.3552568852901459, 0.2943028509616852, 0.28837546706199646, 0.27607956528663635]
NAUTILUS=>2021-05-23 15:37:00.837559: Cycle: 2, Best model val_accuracy: [0.8425663709640503, 0.8833434581756592, 0.8984968066215515, 0.9134674668312073, 0.9148668646812439]
NAUTILUS=>2021-05-23 15:37:01.131085: Completed active learning cycle. Elapsed time: 0:01:32.696198
NAUTILUS=>2021-05-23 15:37:01.131101: ========> Active learning cycle: 3
NAUTILUS=>2021-05-23 15:37:01.131105: Starting data loading
NAUTILUS=>2021-05-23 15:37:40.737580: Completed data loading. Elapsed time: 0:00:39.606475
NAUTILUS=>2021-05-23 15:37:40.737598: Starting model selection
NAUTILUS=>2021-05-23 15:37:40.737614: Materializing training data
NAUTILUS=>2021-05-23 15:37:40.965375: Completed materializing training data. Elapsed time: 0:00:00.227761
NAUTILUS=>2021-05-23 15:37:40.965386: Generating intermediate features
NAUTILUS=>2021-05-23 15:37:49.597069: Completed generating intermediate features. Elapsed time: 0:00:08.631683
NAUTILUS=>2021-05-23 15:37:49.597089: Starting model training
NAUTILUS=>2021-05-23 15:39:34.223129: Completed model training. Elapsed time: 0:01:44.626040
NAUTILUS=>2021-05-23 15:39:34.223129: Cycle: 3, Model: 0, loss: [1.0503240823745728, 0.5038192272186279, 0.34329548478126526, 0.27409422397613525, 0.18432030081748962]
NAUTILUS=>2021-05-23 15:39:34.223129: Cycle: 3, Model: 0, accuracy: [0.6394216418266296, 0.8110025525093079, 0.8757426142692566, 0.9025945067405701, 0.9401528835296631]
NAUTILUS=>2021-05-23 15:39:34.223129: Cycle: 3, Model: 0, val_loss: [0.36566832661628723, 0.2560340464115143, 0.27582311630249023, 0.31012749671936035, 0.2955993115901947]
NAUTILUS=>2021-05-23 15:39:34.223129: Cycle: 3, Model: 0, val_accuracy: [0.8686020970344543, 0.9100136160850525, 0.9169734716415405, 0.9171760082244873, 0.9122934937477112]
NAUTILUS=>2021-05-23 15:39:34.223129: Cycle: 3, Model: 1, loss: [1.0786219835281372, 0.5533128380775452, 0.4114153981208801, 0.3229483664035797, 0.24406540393829346]
NAUTILUS=>2021-05-23 15:39:34.223129: Cycle: 3, Model: 1, accuracy: [0.6122634410858154, 0.7813418507575989, 0.846768319606781, 0.8865628838539124, 0.9208267331123352]
NAUTILUS=>2021-05-23 15:39:34.223129: Cycle: 3, Model: 1, val_loss: [0.38938483595848083, 0.3041931986808777, 0.2628311812877655, 0.2745210826396942, 0.25541332364082336]
NAUTILUS=>2021-05-23 15:39:34.223129: Cycle: 3, Model: 1, val_accuracy: [0.8718843460083008, 0.8965688347816467, 0.9098889231681824, 0.9124472141265869, 0.9129377007484436]
NAUTILUS=>2021-05-23 15:39:34.223129: Cycle: 3, Model: 2, loss: [1.1734111309051514, 0.6405545473098755, 0.4942150413990021, 0.40278419852256775, 0.3289356529712677]
NAUTILUS=>2021-05-23 15:39:34.223129: Cycle: 3, Model: 2, accuracy: [0.580635666847229, 0.7494320273399353, 0.8104904890060425, 0.8541501760482788, 0.8839531540870667]
NAUTILUS=>2021-05-23 15:39:34.223129: Cycle: 3, Model: 2, val_loss: [0.47131678462028503, 0.35854095220565796, 0.3004438579082489, 0.27271783351898193, 0.26489606499671936]
NAUTILUS=>2021-05-23 15:39:34.223129: Cycle: 3, Model: 2, val_accuracy: [0.8249059915542603, 0.8742010593414307, 0.8958098292350769, 0.9077868461608887, 0.9134292602539062]
NAUTILUS=>2021-05-23 15:39:34.223210: Starting to generating the best model
NAUTILUS=>2021-05-23 15:39:39.976146: Completed generating the best model. Elapsed time: 0:00:05.752936
NAUTILUS=>2021-05-23 15:39:39.976146: Cycle: 3, Best Model: 2
NAUTILUS=>2021-05-23 15:39:39.976146: Cycle: 3, Best model loss: [1.1734111309051514, 0.6405545473098755, 0.4942150413990021, 0.40278419852256775, 0.3289356529712677]
NAUTILUS=>2021-05-23 15:39:39.976146: Cycle: 3, Best model accuracy: [0.580635666847229, 0.7494320273399353, 0.8104904890060425, 0.8541501760482788, 0.8839531540870667]
NAUTILUS=>2021-05-23 15:39:39.976146: Cycle: 3, Best model val_loss: [0.47131678462028503, 0.35854095220565796, 0.3004438579082489, 0.27271783351898193, 0.26489606499671936]
NAUTILUS=>2021-05-23 15:39:39.976146: Cycle: 3, Best model val_accuracy: [0.8249059915542603, 0.8742010593414307, 0.8958098292350769, 0.9077868461608887, 0.9134292602539062]
NAUTILUS=>2021-05-23 15:39:40.283656: Completed active learning cycle. Elapsed time: 0:01:59.546058
NAUTILUS=>2021-05-23 15:39:40.283674: ========> Active learning cycle: 4
NAUTILUS=>2021-05-23 15:39:40.283677: Starting data loading
NAUTILUS=>2021-05-23 15:40:25.374337: Completed data loading. Elapsed time: 0:00:45.090660
NAUTILUS=>2021-05-23 15:40:25.374354: Starting model selection
NAUTILUS=>2021-05-23 15:40:25.374371: Materializing training data
NAUTILUS=>2021-05-23 15:40:25.602164: Completed materializing training data. Elapsed time: 0:00:00.227793
NAUTILUS=>2021-05-23 15:40:25.602178: Generating intermediate features
NAUTILUS=>2021-05-23 15:40:34.202399: Completed generating intermediate features. Elapsed time: 0:00:08.600221
NAUTILUS=>2021-05-23 15:40:34.202420: Starting model training
NAUTILUS=>2021-05-23 15:42:44.921362: Completed model training. Elapsed time: 0:02:10.718942
NAUTILUS=>2021-05-23 15:42:44.921362: Cycle: 4, Model: 0, loss: [1.0007450580596924, 0.5386736392974854, 0.38935211300849915, 0.28623175621032715, 0.19687123596668243]
NAUTILUS=>2021-05-23 15:42:44.921362: Cycle: 4, Model: 0, accuracy: [0.6615559458732605, 0.813633143901825, 0.8663817048072815, 0.9032334089279175, 0.9374695420265198]
NAUTILUS=>2021-05-23 15:42:44.921362: Cycle: 4, Model: 0, val_loss: [0.35358813405036926, 0.2887240946292877, 0.26977843046188354, 0.24321216344833374, 0.2455395758152008]
NAUTILUS=>2021-05-23 15:42:44.921362: Cycle: 4, Model: 0, val_accuracy: [0.8783340454101562, 0.8984920382499695, 0.906108021736145, 0.9223610758781433, 0.9265408515930176]
NAUTILUS=>2021-05-23 15:42:44.921362: Cycle: 4, Model: 1, loss: [1.0142468214035034, 0.5698196887969971, 0.43418458104133606, 0.3525908291339874, 0.2743302285671234]
NAUTILUS=>2021-05-23 15:42:44.921362: Cycle: 4, Model: 1, accuracy: [0.6520774960517883, 0.7998597025871277, 0.8527160882949829, 0.8819565773010254, 0.9148235321044922]
NAUTILUS=>2021-05-23 15:42:44.921362: Cycle: 4, Model: 1, val_loss: [0.35799354314804077, 0.2813897430896759, 0.24565917253494263, 0.23920086026191711, 0.23523731529712677]
NAUTILUS=>2021-05-23 15:42:44.921362: Cycle: 4, Model: 1, val_accuracy: [0.883351743221283, 0.8983660340309143, 0.9147924184799194, 0.9203234314918518, 0.9223295450210571]
NAUTILUS=>2021-05-23 15:42:44.921362: Cycle: 4, Model: 2, loss: [1.088930368423462, 0.6305785179138184, 0.495967835187912, 0.4107176959514618, 0.34650394320487976]
NAUTILUS=>2021-05-23 15:42:44.921362: Cycle: 4, Model: 2, accuracy: [0.6281378269195557, 0.7715151309967041, 0.8276664614677429, 0.8608231544494629, 0.8871836066246033]
NAUTILUS=>2021-05-23 15:42:44.921362: Cycle: 4, Model: 2, val_loss: [0.4040851593017578, 0.29758158326148987, 0.2775493860244751, 0.24165937304496765, 0.24623627960681915]
NAUTILUS=>2021-05-23 15:42:44.921362: Cycle: 4, Model: 2, val_accuracy: [0.8620694875717163, 0.8995107412338257, 0.9048641324043274, 0.917738676071167, 0.9149627685546875]
NAUTILUS=>2021-05-23 15:42:44.921455: Starting to generating the best model
NAUTILUS=>2021-05-23 15:42:50.637872: Completed generating the best model. Elapsed time: 0:00:05.716417
NAUTILUS=>2021-05-23 15:42:50.637872: Cycle: 4, Best Model: 0
NAUTILUS=>2021-05-23 15:42:50.637872: Cycle: 4, Best model loss: [1.0007450580596924, 0.5386736392974854, 0.38935211300849915, 0.28623175621032715, 0.19687123596668243]
NAUTILUS=>2021-05-23 15:42:50.637872: Cycle: 4, Best model accuracy: [0.6615559458732605, 0.813633143901825, 0.8663817048072815, 0.9032334089279175, 0.9374695420265198]
NAUTILUS=>2021-05-23 15:42:50.637872: Cycle: 4, Best model val_loss: [0.35358813405036926, 0.2887240946292877, 0.26977843046188354, 0.24321216344833374, 0.2455395758152008]
NAUTILUS=>2021-05-23 15:42:50.637872: Cycle: 4, Best model val_accuracy: [0.8783340454101562, 0.8984920382499695, 0.906108021736145, 0.9223610758781433, 0.9265408515930176]
NAUTILUS=>2021-05-23 15:42:50.932928: Completed active learning cycle. Elapsed time: 0:02:25.558574
NAUTILUS=>2021-05-23 15:42:50.932946: ========> Active learning cycle: 5
NAUTILUS=>2021-05-23 15:42:50.932949: Starting data loading
NAUTILUS=>2021-05-23 15:43:27.116558: Completed data loading. Elapsed time: 0:00:36.183609
NAUTILUS=>2021-05-23 15:43:27.116577: Starting model selection
NAUTILUS=>2021-05-23 15:43:27.116593: Materializing training data
NAUTILUS=>2021-05-23 15:43:27.341782: Completed materializing training data. Elapsed time: 0:00:00.225189
NAUTILUS=>2021-05-23 15:43:27.341793: Generating intermediate features
NAUTILUS=>2021-05-23 15:43:35.974358: Completed generating intermediate features. Elapsed time: 0:00:08.632565
NAUTILUS=>2021-05-23 15:43:35.974377: Starting model training
NAUTILUS=>2021-05-23 15:46:12.765848: Completed model training. Elapsed time: 0:02:36.791471
NAUTILUS=>2021-05-23 15:46:12.765848: Cycle: 5, Model: 0, loss: [0.8848877549171448, 0.48879098892211914, 0.3627718389034271, 0.27218595147132874, 0.2061728686094284]
NAUTILUS=>2021-05-23 15:46:12.765848: Cycle: 5, Model: 0, accuracy: [0.697338879108429, 0.8288840651512146, 0.8729316592216492, 0.9055098295211792, 0.9343339800834656]
NAUTILUS=>2021-05-23 15:46:12.765848: Cycle: 5, Model: 0, val_loss: [0.3129018545150757, 0.25376373529434204, 0.23948748409748077, 0.22341026365756989, 0.2342166006565094]
NAUTILUS=>2021-05-23 15:46:12.765848: Cycle: 5, Model: 0, val_accuracy: [0.8828927874565125, 0.9140087366104126, 0.920835554599762, 0.9284613132476807, 0.9284204244613647]
NAUTILUS=>2021-05-23 15:46:12.765848: Cycle: 5, Model: 1, loss: [0.931462824344635, 0.5267236828804016, 0.405816912651062, 0.32352134585380554, 0.26926350593566895]
NAUTILUS=>2021-05-23 15:46:12.765848: Cycle: 5, Model: 1, accuracy: [0.6760247945785522, 0.812559962272644, 0.8585521578788757, 0.890867292881012, 0.913202166557312]
NAUTILUS=>2021-05-23 15:46:12.765848: Cycle: 5, Model: 1, val_loss: [0.3221791088581085, 0.256032258272171, 0.23639313876628876, 0.21526898443698883, 0.21449017524719238]
NAUTILUS=>2021-05-23 15:46:12.765848: Cycle: 5, Model: 1, val_accuracy: [0.8834271430969238, 0.9131736159324646, 0.9191558361053467, 0.9234687685966492, 0.927733838558197]
NAUTILUS=>2021-05-23 15:46:12.765848: Cycle: 5, Model: 2, loss: [0.9871426224708557, 0.576689600944519, 0.45632660388946533, 0.3781070411205292, 0.32490047812461853]
NAUTILUS=>2021-05-23 15:46:12.765848: Cycle: 5, Model: 2, accuracy: [0.6508467197418213, 0.7911696434020996, 0.8388306498527527, 0.8714576959609985, 0.893989622592926]
NAUTILUS=>2021-05-23 15:46:12.765848: Cycle: 5, Model: 2, val_loss: [0.36145877838134766, 0.28238633275032043, 0.248015895485878, 0.22655874490737915, 0.21870160102844238]
NAUTILUS=>2021-05-23 15:46:12.765848: Cycle: 5, Model: 2, val_accuracy: [0.8718570470809937, 0.9073320031166077, 0.9183659553527832, 0.9207580089569092, 0.9231885671615601]
NAUTILUS=>2021-05-23 15:46:12.765931: Starting to generating the best model
NAUTILUS=>2021-05-23 15:46:18.500040: Completed generating the best model. Elapsed time: 0:00:05.734109
NAUTILUS=>2021-05-23 15:46:18.500040: Cycle: 5, Best Model: 0
NAUTILUS=>2021-05-23 15:46:18.500040: Cycle: 5, Best model loss: [0.8848877549171448, 0.48879098892211914, 0.3627718389034271, 0.27218595147132874, 0.2061728686094284]
NAUTILUS=>2021-05-23 15:46:18.500040: Cycle: 5, Best model accuracy: [0.697338879108429, 0.8288840651512146, 0.8729316592216492, 0.9055098295211792, 0.9343339800834656]
NAUTILUS=>2021-05-23 15:46:18.500040: Cycle: 5, Best model val_loss: [0.3129018545150757, 0.25376373529434204, 0.23948748409748077, 0.22341026365756989, 0.2342166006565094]
NAUTILUS=>2021-05-23 15:46:18.500040: Cycle: 5, Best model val_accuracy: [0.8828927874565125, 0.9140087366104126, 0.920835554599762, 0.9284613132476807, 0.9284204244613647]
NAUTILUS=>2021-05-23 15:46:18.799932: Completed active learning cycle. Elapsed time: 0:02:51.683355
NAUTILUS=>2021-05-23 15:46:18.799949: ========> Active learning cycle: 6
NAUTILUS=>2021-05-23 15:46:18.799953: Starting data loading
NAUTILUS=>2021-05-23 15:46:59.580111: Completed data loading. Elapsed time: 0:00:40.780158
NAUTILUS=>2021-05-23 15:46:59.580130: Starting model selection
NAUTILUS=>2021-05-23 15:46:59.580147: Materializing training data
NAUTILUS=>2021-05-23 15:46:59.812552: Completed materializing training data. Elapsed time: 0:00:00.232405
NAUTILUS=>2021-05-23 15:46:59.812566: Generating intermediate features
NAUTILUS=>2021-05-23 15:47:08.461405: Completed generating intermediate features. Elapsed time: 0:00:08.648839
NAUTILUS=>2021-05-23 15:47:08.461432: Starting model training
NAUTILUS=>2021-05-23 15:50:11.373617: Completed model training. Elapsed time: 0:03:02.912185
NAUTILUS=>2021-05-23 15:50:11.373617: Cycle: 6, Model: 0, loss: [0.7799672484397888, 0.44660690426826477, 0.3338445723056793, 0.25252801179885864, 0.17619304358959198]
NAUTILUS=>2021-05-23 15:50:11.373617: Cycle: 6, Model: 0, accuracy: [0.731383204460144, 0.8403475284576416, 0.8846457004547119, 0.913008451461792, 0.9420837163925171]
NAUTILUS=>2021-05-23 15:50:11.373617: Cycle: 6, Model: 0, val_loss: [0.2626066207885742, 0.22274690866470337, 0.22555580735206604, 0.21269740164279938, 0.20551294088363647]
NAUTILUS=>2021-05-23 15:50:11.373617: Cycle: 6, Model: 0, val_accuracy: [0.9080990552902222, 0.9237484931945801, 0.9229283928871155, 0.9287424683570862, 0.9391658306121826]
NAUTILUS=>2021-05-23 15:50:11.373617: Cycle: 6, Model: 1, loss: [0.8581397533416748, 0.4753199815750122, 0.367048442363739, 0.29810860753059387, 0.23778419196605682]
NAUTILUS=>2021-05-23 15:50:11.373617: Cycle: 6, Model: 1, accuracy: [0.7032250165939331, 0.831017255783081, 0.8730658888816833, 0.8979975581169128, 0.9215250611305237]
NAUTILUS=>2021-05-23 15:50:11.373617: Cycle: 6, Model: 1, val_loss: [0.2996942698955536, 0.23559747636318207, 0.23065300285816193, 0.21521662175655365, 0.19957663118839264]
NAUTILUS=>2021-05-23 15:50:11.373617: Cycle: 6, Model: 1, val_accuracy: [0.8900206685066223, 0.9162307977676392, 0.9214035272598267, 0.9261847734451294, 0.9329729080200195]
NAUTILUS=>2021-05-23 15:50:11.373617: Cycle: 6, Model: 2, loss: [0.9098143577575684, 0.5191351771354675, 0.41630348563194275, 0.3501938581466675, 0.2938484847545624]
NAUTILUS=>2021-05-23 15:50:11.373617: Cycle: 6, Model: 2, accuracy: [0.6849844455718994, 0.8124200105667114, 0.8526950478553772, 0.8777907490730286, 0.9018515944480896]
NAUTILUS=>2021-05-23 15:50:11.373617: Cycle: 6, Model: 2, val_loss: [0.3283713161945343, 0.24877555668354034, 0.2453784942626953, 0.21291778981685638, 0.20896629989147186]
NAUTILUS=>2021-05-23 15:50:11.373617: Cycle: 6, Model: 2, val_accuracy: [0.8854753375053406, 0.9102099537849426, 0.9186162352561951, 0.9225842356681824, 0.9274060130119324]
NAUTILUS=>2021-05-23 15:50:11.373700: Starting to generating the best model
NAUTILUS=>2021-05-23 15:50:17.073043: Completed generating the best model. Elapsed time: 0:00:05.699343
NAUTILUS=>2021-05-23 15:50:17.073043: Cycle: 6, Best Model: 0
NAUTILUS=>2021-05-23 15:50:17.073043: Cycle: 6, Best model loss: [0.7799672484397888, 0.44660690426826477, 0.3338445723056793, 0.25252801179885864, 0.17619304358959198]
NAUTILUS=>2021-05-23 15:50:17.073043: Cycle: 6, Best model accuracy: [0.731383204460144, 0.8403475284576416, 0.8846457004547119, 0.913008451461792, 0.9420837163925171]
NAUTILUS=>2021-05-23 15:50:17.073043: Cycle: 6, Best model val_loss: [0.2626066207885742, 0.22274690866470337, 0.22555580735206604, 0.21269740164279938, 0.20551294088363647]
NAUTILUS=>2021-05-23 15:50:17.073043: Cycle: 6, Best model val_accuracy: [0.9080990552902222, 0.9237484931945801, 0.9229283928871155, 0.9287424683570862, 0.9391658306121826]
NAUTILUS=>2021-05-23 15:50:17.372349: Completed active learning cycle. Elapsed time: 0:03:17.792219
NAUTILUS=>2021-05-23 15:50:17.372366: ========> Active learning cycle: 7
NAUTILUS=>2021-05-23 15:50:17.372370: Starting data loading
NAUTILUS=>2021-05-23 15:50:50.094257: Completed data loading. Elapsed time: 0:00:32.721887
NAUTILUS=>2021-05-23 15:50:50.094275: Starting model selection
NAUTILUS=>2021-05-23 15:50:50.094291: Materializing training data
NAUTILUS=>2021-05-23 15:50:50.319831: Completed materializing training data. Elapsed time: 0:00:00.225540
NAUTILUS=>2021-05-23 15:50:50.319842: Generating intermediate features
NAUTILUS=>2021-05-23 15:50:58.911957: Completed generating intermediate features. Elapsed time: 0:00:08.592115
NAUTILUS=>2021-05-23 15:50:58.911977: Starting model training
NAUTILUS=>2021-05-23 15:54:27.829495: Completed model training. Elapsed time: 0:03:28.917518
NAUTILUS=>2021-05-23 15:54:27.829495: Cycle: 7, Model: 0, loss: [0.7141919136047363, 0.4197644591331482, 0.29885420203208923, 0.22680462896823883, 0.15158581733703613]
NAUTILUS=>2021-05-23 15:54:27.829495: Cycle: 7, Model: 0, accuracy: [0.7476896643638611, 0.8520718216896057, 0.8957385420799255, 0.9220045804977417, 0.9465411305427551]
NAUTILUS=>2021-05-23 15:54:27.829495: Cycle: 7, Model: 0, val_loss: [0.27678847312927246, 0.23117424547672272, 0.22586175799369812, 0.19351738691329956, 0.1916634440422058]
NAUTILUS=>2021-05-23 15:54:27.829495: Cycle: 7, Model: 0, val_accuracy: [0.9071118235588074, 0.9215483069419861, 0.9206670522689819, 0.9355860352516174, 0.9440969228744507]
NAUTILUS=>2021-05-23 15:54:27.829495: Cycle: 7, Model: 1, loss: [0.7423845529556274, 0.43447279930114746, 0.3382682204246521, 0.27658718824386597, 0.21293960511684418]
NAUTILUS=>2021-05-23 15:54:27.829495: Cycle: 7, Model: 1, accuracy: [0.7348429560661316, 0.8446593284606934, 0.8806770443916321, 0.903697669506073, 0.9277063012123108]
NAUTILUS=>2021-05-23 15:54:27.829495: Cycle: 7, Model: 1, val_loss: [0.25973400473594666, 0.23179957270622253, 0.21798460185527802, 0.1917075514793396, 0.19586974382400513]
NAUTILUS=>2021-05-23 15:54:27.829495: Cycle: 7, Model: 1, val_accuracy: [0.9079566597938538, 0.9167662858963013, 0.9259543418884277, 0.9338977336883545, 0.9338206052780151]
NAUTILUS=>2021-05-23 15:54:27.829495: Cycle: 7, Model: 2, loss: [0.8025190830230713, 0.47154468297958374, 0.37708330154418945, 0.32224565744400024, 0.26443812251091003]
NAUTILUS=>2021-05-23 15:54:27.829495: Cycle: 7, Model: 2, accuracy: [0.7115219831466675, 0.8267384767532349, 0.8642494678497314, 0.8844788670539856, 0.9091392159461975]
NAUTILUS=>2021-05-23 15:54:27.829495: Cycle: 7, Model: 2, val_loss: [0.2850461006164551, 0.25467589497566223, 0.22212596237659454, 0.1975395679473877, 0.1967480182647705]
NAUTILUS=>2021-05-23 15:54:27.829495: Cycle: 7, Model: 2, val_accuracy: [0.8967004418373108, 0.9093232154846191, 0.9235003590583801, 0.9325689077377319, 0.9333333969116211]
NAUTILUS=>2021-05-23 15:54:27.829578: Starting to generating the best model
NAUTILUS=>2021-05-23 15:54:33.564326: Completed generating the best model. Elapsed time: 0:00:05.734748
NAUTILUS=>2021-05-23 15:54:33.564326: Cycle: 7, Best Model: 0
NAUTILUS=>2021-05-23 15:54:33.564326: Cycle: 7, Best model loss: [0.7141919136047363, 0.4197644591331482, 0.29885420203208923, 0.22680462896823883, 0.15158581733703613]
NAUTILUS=>2021-05-23 15:54:33.564326: Cycle: 7, Best model accuracy: [0.7476896643638611, 0.8520718216896057, 0.8957385420799255, 0.9220045804977417, 0.9465411305427551]
NAUTILUS=>2021-05-23 15:54:33.564326: Cycle: 7, Best model val_loss: [0.27678847312927246, 0.23117424547672272, 0.22586175799369812, 0.19351738691329956, 0.1916634440422058]
NAUTILUS=>2021-05-23 15:54:33.564326: Cycle: 7, Best model val_accuracy: [0.9071118235588074, 0.9215483069419861, 0.9206670522689819, 0.9355860352516174, 0.9440969228744507]
NAUTILUS=>2021-05-23 15:54:33.864353: Completed active learning cycle. Elapsed time: 0:03:43.770078
NAUTILUS=>2021-05-23 15:54:33.864371: ========> Active learning cycle: 8
NAUTILUS=>2021-05-23 15:54:33.864374: Starting data loading
NAUTILUS=>2021-05-23 15:55:10.446736: Completed data loading. Elapsed time: 0:00:36.582362
NAUTILUS=>2021-05-23 15:55:10.446754: Starting model selection
NAUTILUS=>2021-05-23 15:55:10.446770: Materializing training data
NAUTILUS=>2021-05-23 15:55:10.675228: Completed materializing training data. Elapsed time: 0:00:00.228458
NAUTILUS=>2021-05-23 15:55:10.675243: Generating intermediate features
NAUTILUS=>2021-05-23 15:55:19.275131: Completed generating intermediate features. Elapsed time: 0:00:08.599888
NAUTILUS=>2021-05-23 15:55:19.275150: Starting model training
NAUTILUS=>2021-05-23 15:59:13.839282: Completed model training. Elapsed time: 0:03:54.564132
NAUTILUS=>2021-05-23 15:59:13.839282: Cycle: 8, Model: 0, loss: [0.6462854146957397, 0.3811362385749817, 0.28861740231513977, 0.2074565887451172, 0.14144223928451538]
NAUTILUS=>2021-05-23 15:59:13.839282: Cycle: 8, Model: 0, accuracy: [0.7648276686668396, 0.8624294996261597, 0.8984484672546387, 0.9291367530822754, 0.9511449337005615]
NAUTILUS=>2021-05-23 15:59:13.839282: Cycle: 8, Model: 0, val_loss: [0.24057890474796295, 0.21077823638916016, 0.21745724976062775, 0.18167448043823242, 0.19799485802650452]
NAUTILUS=>2021-05-23 15:59:13.839282: Cycle: 8, Model: 0, val_accuracy: [0.913286566734314, 0.923703134059906, 0.923503041267395, 0.9368624687194824, 0.9375535845756531]
NAUTILUS=>2021-05-23 15:59:13.839282: Cycle: 8, Model: 1, loss: [0.6861206293106079, 0.40148040652275085, 0.3240763545036316, 0.2560013234615326, 0.20422732830047607]
NAUTILUS=>2021-05-23 15:59:13.839282: Cycle: 8, Model: 1, accuracy: [0.7544214129447937, 0.8515031933784485, 0.8859738111495972, 0.9110137820243835, 0.9304700493812561]
NAUTILUS=>2021-05-23 15:59:13.839282: Cycle: 8, Model: 1, val_loss: [0.25765466690063477, 0.2312602400779724, 0.2437811642885208, 0.18745021522045135, 0.19401246309280396]
NAUTILUS=>2021-05-23 15:59:13.839282: Cycle: 8, Model: 1, val_accuracy: [0.9061537981033325, 0.9163336753845215, 0.9140099883079529, 0.9339281320571899, 0.9341509342193604]
NAUTILUS=>2021-05-23 15:59:13.839282: Cycle: 8, Model: 2, loss: [0.7595019340515137, 0.4339686632156372, 0.35745441913604736, 0.29747632145881653, 0.2522880434989929]
NAUTILUS=>2021-05-23 15:59:13.839282: Cycle: 8, Model: 2, accuracy: [0.7293134927749634, 0.8402746319770813, 0.8715024590492249, 0.8972829580307007, 0.9139047265052795]
NAUTILUS=>2021-05-23 15:59:13.839282: Cycle: 8, Model: 2, val_loss: [0.28293344378471375, 0.25209638476371765, 0.23502936959266663, 0.21178285777568817, 0.19514957070350647]
NAUTILUS=>2021-05-23 15:59:13.839282: Cycle: 8, Model: 2, val_accuracy: [0.896564245223999, 0.9063584804534912, 0.9161711931228638, 0.9244779348373413, 0.9281970262527466]
NAUTILUS=>2021-05-23 15:59:13.839365: Starting to generating the best model
NAUTILUS=>2021-05-23 15:59:19.555978: Completed generating the best model. Elapsed time: 0:00:05.716613
NAUTILUS=>2021-05-23 15:59:19.555978: Cycle: 8, Best Model: 0
NAUTILUS=>2021-05-23 15:59:19.555978: Cycle: 8, Best model loss: [0.6462854146957397, 0.3811362385749817, 0.28861740231513977, 0.2074565887451172, 0.14144223928451538]
NAUTILUS=>2021-05-23 15:59:19.555978: Cycle: 8, Best model accuracy: [0.7648276686668396, 0.8624294996261597, 0.8984484672546387, 0.9291367530822754, 0.9511449337005615]
NAUTILUS=>2021-05-23 15:59:19.555978: Cycle: 8, Best model val_loss: [0.24057890474796295, 0.21077823638916016, 0.21745724976062775, 0.18167448043823242, 0.19799485802650452]
NAUTILUS=>2021-05-23 15:59:19.555978: Cycle: 8, Best model val_accuracy: [0.913286566734314, 0.923703134059906, 0.923503041267395, 0.9368624687194824, 0.9375535845756531]
NAUTILUS=>2021-05-23 15:59:19.851925: Completed active learning cycle. Elapsed time: 0:04:09.405171
NAUTILUS=>2021-05-23 15:59:19.851944: ========> Active learning cycle: 9
NAUTILUS=>2021-05-23 15:59:19.851947: Starting data loading
NAUTILUS=>2021-05-23 15:59:49.062948: Completed data loading. Elapsed time: 0:00:29.211001
NAUTILUS=>2021-05-23 15:59:49.062965: Starting model selection
NAUTILUS=>2021-05-23 15:59:49.062982: Materializing training data
NAUTILUS=>2021-05-23 15:59:49.288796: Completed materializing training data. Elapsed time: 0:00:00.225814
NAUTILUS=>2021-05-23 15:59:49.288807: Generating intermediate features
NAUTILUS=>2021-05-23 15:59:57.946748: Completed generating intermediate features. Elapsed time: 0:00:08.657941
NAUTILUS=>2021-05-23 15:59:57.946767: Starting model training
NAUTILUS=>2021-05-23 16:04:21.104363: Completed model training. Elapsed time: 0:04:23.157596
NAUTILUS=>2021-05-23 16:04:21.104363: Cycle: 9, Model: 0, loss: [0.6101494431495667, 0.3436063230037689, 0.2601487338542938, 0.19211426377296448, 0.13049662113189697]
NAUTILUS=>2021-05-23 16:04:21.104363: Cycle: 9, Model: 0, accuracy: [0.7821892499923706, 0.8788742423057556, 0.9102776646614075, 0.9344367384910583, 0.9566594362258911]
NAUTILUS=>2021-05-23 16:04:21.104363: Cycle: 9, Model: 0, val_loss: [0.22932305932044983, 0.19832170009613037, 0.2133379727602005, 0.17839518189430237, 0.16431324183940887]
NAUTILUS=>2021-05-23 16:04:21.104363: Cycle: 9, Model: 0, val_accuracy: [0.9170317649841309, 0.9259041547775269, 0.9239615201950073, 0.9423326253890991, 0.9498728513717651]
NAUTILUS=>2021-05-23 16:04:21.104363: Cycle: 9, Model: 1, loss: [0.6263502240180969, 0.36540937423706055, 0.2912226617336273, 0.23537899553775787, 0.18503959476947784]
NAUTILUS=>2021-05-23 16:04:21.104363: Cycle: 9, Model: 1, accuracy: [0.7757157683372498, 0.8683468103408813, 0.8967680931091309, 0.9193758368492126, 0.9383494853973389]
NAUTILUS=>2021-05-23 16:04:21.104363: Cycle: 9, Model: 1, val_loss: [0.26583561301231384, 0.20592351257801056, 0.21643760800361633, 0.18845845758914948, 0.16817313432693481]
NAUTILUS=>2021-05-23 16:04:21.104363: Cycle: 9, Model: 1, val_accuracy: [0.9050878286361694, 0.9263930916786194, 0.9218016266822815, 0.9342937469482422, 0.9448469281196594]
NAUTILUS=>2021-05-23 16:04:21.104363: Cycle: 9, Model: 2, loss: [0.6752530932426453, 0.3988521099090576, 0.32307615876197815, 0.2713421881198883, 0.2314712256193161]
NAUTILUS=>2021-05-23 16:04:21.104363: Cycle: 9, Model: 2, accuracy: [0.7581544518470764, 0.8524529337882996, 0.8840740919113159, 0.9053442478179932, 0.9216110706329346]
NAUTILUS=>2021-05-23 16:04:21.104363: Cycle: 9, Model: 2, val_loss: [0.26032307744026184, 0.21560370922088623, 0.2066260725259781, 0.19031494855880737, 0.17379038035869598]
NAUTILUS=>2021-05-23 16:04:21.104363: Cycle: 9, Model: 2, val_accuracy: [0.9093295335769653, 0.9257147908210754, 0.9288658499717712, 0.9338159561157227, 0.9401796460151672]
NAUTILUS=>2021-05-23 16:04:21.104445: Starting to generating the best model
NAUTILUS=>2021-05-23 16:04:26.823867: Completed generating the best model. Elapsed time: 0:00:05.719422
NAUTILUS=>2021-05-23 16:04:26.823867: Cycle: 9, Best Model: 0
NAUTILUS=>2021-05-23 16:04:26.823867: Cycle: 9, Best model loss: [0.6101494431495667, 0.3436063230037689, 0.2601487338542938, 0.19211426377296448, 0.13049662113189697]
NAUTILUS=>2021-05-23 16:04:26.823867: Cycle: 9, Best model accuracy: [0.7821892499923706, 0.8788742423057556, 0.9102776646614075, 0.9344367384910583, 0.9566594362258911]
NAUTILUS=>2021-05-23 16:04:26.823867: Cycle: 9, Best model val_loss: [0.22932305932044983, 0.19832170009613037, 0.2133379727602005, 0.17839518189430237, 0.16431324183940887]
NAUTILUS=>2021-05-23 16:04:26.823867: Cycle: 9, Best model val_accuracy: [0.9170317649841309, 0.9259041547775269, 0.9239615201950073, 0.9423326253890991, 0.9498728513717651]
NAUTILUS=>2021-05-23 16:04:27.120137: Completed active learning cycle. Elapsed time: 0:04:38.057172
NAUTILUS=>2021-05-23 16:04:27.120155: ========> Active learning cycle: 10
NAUTILUS=>2021-05-23 16:04:27.120158: Starting data loading
NAUTILUS=>2021-05-23 16:04:59.565372: Completed data loading. Elapsed time: 0:00:32.445214
NAUTILUS=>2021-05-23 16:04:59.565390: Starting model selection
NAUTILUS=>2021-05-23 16:04:59.565408: Materializing training data
NAUTILUS=>2021-05-23 16:04:59.794627: Completed materializing training data. Elapsed time: 0:00:00.229219
NAUTILUS=>2021-05-23 16:04:59.794642: Generating intermediate features
NAUTILUS=>2021-05-23 16:05:08.438780: Completed generating intermediate features. Elapsed time: 0:00:08.644138
NAUTILUS=>2021-05-23 16:05:08.438798: Starting model training
NAUTILUS=>2021-05-23 16:09:56.388052: Completed model training. Elapsed time: 0:04:47.949254
NAUTILUS=>2021-05-23 16:09:56.388052: Cycle: 10, Model: 0, loss: [0.5504102110862732, 0.3158428966999054, 0.23822885751724243, 0.1786428838968277, 0.11617831885814667]
NAUTILUS=>2021-05-23 16:09:56.388052: Cycle: 10, Model: 0, accuracy: [0.8047014474868774, 0.8851940631866455, 0.9181928038597107, 0.9365103244781494, 0.9594428539276123]
NAUTILUS=>2021-05-23 16:09:56.388052: Cycle: 10, Model: 0, val_loss: [0.23919428884983063, 0.19396738708019257, 0.17544609308242798, 0.17443767189979553, 0.17643411457538605]
NAUTILUS=>2021-05-23 16:09:56.388052: Cycle: 10, Model: 0, val_accuracy: [0.9142479300498962, 0.9327427744865417, 0.9435212016105652, 0.9472640156745911, 0.9508093595504761]
NAUTILUS=>2021-05-23 16:09:56.388052: Cycle: 10, Model: 1, loss: [0.5821034908294678, 0.33379265666007996, 0.2692815363407135, 0.21842116117477417, 0.17119348049163818]
NAUTILUS=>2021-05-23 16:09:56.388052: Cycle: 10, Model: 1, accuracy: [0.791060745716095, 0.8785128593444824, 0.9056817293167114, 0.9243961572647095, 0.9410048127174377]
NAUTILUS=>2021-05-23 16:09:56.388052: Cycle: 10, Model: 1, val_loss: [0.22594156861305237, 0.2080438882112503, 0.19054633378982544, 0.17622672021389008, 0.1716976910829544]
NAUTILUS=>2021-05-23 16:09:56.388052: Cycle: 10, Model: 1, val_accuracy: [0.9161451458930969, 0.9277924299240112, 0.9359868168830872, 0.9432625770568848, 0.9444035887718201]
NAUTILUS=>2021-05-23 16:09:56.388052: Cycle: 10, Model: 2, loss: [0.6239944696426392, 0.36354565620422363, 0.29488837718963623, 0.25291678309440613, 0.21487243473529816]
NAUTILUS=>2021-05-23 16:09:56.388052: Cycle: 10, Model: 2, accuracy: [0.7767453193664551, 0.8647704720497131, 0.895008385181427, 0.9100983142852783, 0.9265666604042053]
NAUTILUS=>2021-05-23 16:09:56.388052: Cycle: 10, Model: 2, val_loss: [0.2437766045331955, 0.21762940287590027, 0.19682776927947998, 0.1795680820941925, 0.1815427839756012]
NAUTILUS=>2021-05-23 16:09:56.388052: Cycle: 10, Model: 2, val_accuracy: [0.9124874472618103, 0.92225581407547, 0.9338931441307068, 0.9405111074447632, 0.9392210245132446]
NAUTILUS=>2021-05-23 16:09:56.388136: Starting to generating the best model
NAUTILUS=>2021-05-23 16:10:02.066883: Completed generating the best model. Elapsed time: 0:00:05.678747
NAUTILUS=>2021-05-23 16:10:02.066883: Cycle: 10, Best Model: 0
NAUTILUS=>2021-05-23 16:10:02.066883: Cycle: 10, Best model loss: [0.5504102110862732, 0.3158428966999054, 0.23822885751724243, 0.1786428838968277, 0.11617831885814667]
NAUTILUS=>2021-05-23 16:10:02.066883: Cycle: 10, Best model accuracy: [0.8047014474868774, 0.8851940631866455, 0.9181928038597107, 0.9365103244781494, 0.9594428539276123]
NAUTILUS=>2021-05-23 16:10:02.066883: Cycle: 10, Best model val_loss: [0.23919428884983063, 0.19396738708019257, 0.17544609308242798, 0.17443767189979553, 0.17643411457538605]
NAUTILUS=>2021-05-23 16:10:02.066883: Cycle: 10, Best model val_accuracy: [0.9142479300498962, 0.9327427744865417, 0.9435212016105652, 0.9472640156745911, 0.9508093595504761]
NAUTILUS=>2021-05-23 16:10:02.362702: Completed active learning cycle. Elapsed time: 0:05:02.797312
NAUTILUS=>2021-05-23 16:10:02.362720: Workload completed. Elapsed time: 0:37:26.648298
