NAUTILUS=>2021-05-23 12:58:57.637871: Starting workload
NAUTILUS=>2021-05-23 12:58:57.637871: RANDOM_SEED: 2020
NAUTILUS=>2021-05-23 12:58:57.637871: VERY_LARGE_VALUE: 1000000000000000.0
NAUTILUS=>2021-05-23 12:58:57.637871: NO_MAT_OPT: False
NAUTILUS=>2021-05-23 12:58:57.637871: MODE: ftr3-1
NAUTILUS=>2021-05-23 12:58:57.637871: STORAGE_PATH: ./storage
NAUTILUS=>2021-05-23 12:58:57.637871: NO_FUSE_OPT: True
NAUTILUS=>2021-05-23 12:58:57.637871: NUM_EPOCHS: 5
NAUTILUS=>2021-05-23 12:58:57.637871: MAX_NUM_RECORDS: 5000
NAUTILUS=>2021-05-23 12:58:57.637871: ACTIVE_LEARNING_BATCH_SIZE: 500
NAUTILUS=>2021-05-23 12:58:57.637871: VALID_FRACTION: 0.2
NAUTILUS=>2021-05-23 12:58:57.637871: SAMPLING_STRATERGY: uncertainty
NAUTILUS=>2021-05-23 12:58:57.637871: NO_PRETRAINING: False
NAUTILUS=>2021-05-23 12:58:57.637871: STORAGE_BUDGET: 25
NAUTILUS=>2021-05-23 12:58:57.637871: MEMORY_BUDGET: 10
NAUTILUS=>2021-05-23 12:58:57.637871: WORKSPACE_MEMORY: 1
NAUTILUS=>2021-05-23 12:58:57.637871: COMPUTE_THROUGHPUT: 6
NAUTILUS=>2021-05-23 12:58:57.637871: DISK_THROUGHPUT: 500
NAUTILUS=>2021-05-23 12:58:57.637871: SHUFFLE_BUFFER_SIZE: 10000
NAUTILUS=>2021-05-23 12:58:57.637919: Starting system initialization
NAUTILUS=>2021-05-23 12:58:58.123182: Starting model profiling
NAUTILUS=>2021-05-23 12:59:14.796674: Completed model profiling. Elapsed time: 0:00:16.673486
NAUTILUS=>2021-05-23 12:59:14.796674: Model parameters
NAUTILUS=>2021-05-23 12:59:14.796719: Generating optimized model selection plan
NAUTILUS=>2021-05-23 12:59:14.805750: Materialized layers candidates: tf_op_layer_strided_slice,tf_op_layer_Cast,tf_op_layer_Sub,tf_op_layer_Mul,layer_9
NAUTILUS=>2021-05-23 12:59:14.812792: Used materialized layers: layer_9
NAUTILUS=>2021-05-23 12:59:14.812792: Model training plan: {"0": {"models": ["0"], "output_layers": ["0/classifier"], "flops_consumption": 438177892375000.0, "compute_flops": 325531408000000.0, "load_flops": 112646484375000.0, "memory_consumption": 1.8776347935199738, "used_materialized_layers": ["layer_9"], "batch_size": 16, "num_epochs": [5]}}
NAUTILUS=>2021-05-23 12:59:14.812891: Completed generating optimized model selection plan. Elapsed time: 0:00:00.016171
NAUTILUS=>2021-05-23 12:59:14.812896: Generating fused models
NAUTILUS=>2021-05-23 12:59:21.148497: Completed generating fused models. Elapsed time: 0:00:06.335600
NAUTILUS=>2021-05-23 12:59:21.148497: Current Practice FLOPs: 149138039680.0
NAUTILUS=>2021-05-23 12:59:21.148497: Optimal FLOPs: 37097005440.0
NAUTILUS=>2021-05-23 12:59:21.148497: Theoretical Speedup: 4.020217748335861
NAUTILUS=>2021-05-23 12:59:21.207174: Completed system initialization. Elapsed time: 0:00:23.569255
NAUTILUS=>2021-05-23 12:59:21.207195: ========> Active learning cycle: 1
NAUTILUS=>2021-05-23 12:59:21.207199: Starting data loading
NAUTILUS=>2021-05-23 12:59:37.070637: Completed data loading. Elapsed time: 0:00:15.863438
NAUTILUS=>2021-05-23 12:59:37.070663: Starting model selection
NAUTILUS=>2021-05-23 12:59:37.070682: Materializing training data
NAUTILUS=>2021-05-23 12:59:37.315921: Completed materializing training data. Elapsed time: 0:00:00.245239
NAUTILUS=>2021-05-23 12:59:37.315932: Generating intermediate features
NAUTILUS=>2021-05-23 12:59:45.905528: Completed generating intermediate features. Elapsed time: 0:00:08.589596
NAUTILUS=>2021-05-23 12:59:45.905547: Starting model training
NAUTILUS=>2021-05-23 13:00:04.406749: Completed model training. Elapsed time: 0:00:18.501202
NAUTILUS=>2021-05-23 13:00:04.406749: Cycle: 1, Model: 0, loss: [0.828880786895752, 0.2970869541168213, 0.19052249193191528, 0.12513619661331177, 0.08048418164253235]
NAUTILUS=>2021-05-23 13:00:04.406749: Cycle: 1, Model: 0, accuracy: [0.7468414902687073, 0.8900124430656433, 0.9346765279769897, 0.9563759565353394, 0.9700300097465515]
NAUTILUS=>2021-05-23 13:00:04.406749: Cycle: 1, Model: 0, val_loss: [0.4639214277267456, 0.41468510031700134, 0.3532772362232208, 0.3933575451374054, 0.37415382266044617]
NAUTILUS=>2021-05-23 13:00:04.406749: Cycle: 1, Model: 0, val_accuracy: [0.8359349966049194, 0.8561877608299255, 0.8714163899421692, 0.8704221248626709, 0.8852939605712891]
NAUTILUS=>2021-05-23 13:00:04.406792: Starting to generating the best model
NAUTILUS=>2021-05-23 13:00:10.086768: Completed generating the best model. Elapsed time: 0:00:05.679976
NAUTILUS=>2021-05-23 13:00:10.086768: Cycle: 1, Best Model: 0
NAUTILUS=>2021-05-23 13:00:10.086768: Cycle: 1, Best model loss: [0.828880786895752, 0.2970869541168213, 0.19052249193191528, 0.12513619661331177, 0.08048418164253235]
NAUTILUS=>2021-05-23 13:00:10.086768: Cycle: 1, Best model accuracy: [0.7468414902687073, 0.8900124430656433, 0.9346765279769897, 0.9563759565353394, 0.9700300097465515]
NAUTILUS=>2021-05-23 13:00:10.086768: Cycle: 1, Best model val_loss: [0.4639214277267456, 0.41468510031700134, 0.3532772362232208, 0.3933575451374054, 0.37415382266044617]
NAUTILUS=>2021-05-23 13:00:10.086768: Cycle: 1, Best model val_accuracy: [0.8359349966049194, 0.8561877608299255, 0.8714163899421692, 0.8704221248626709, 0.8852939605712891]
NAUTILUS=>2021-05-23 13:00:10.378742: Completed active learning cycle. Elapsed time: 0:00:33.308079
NAUTILUS=>2021-05-23 13:00:10.378759: ========> Active learning cycle: 2
NAUTILUS=>2021-05-23 13:00:10.378763: Starting data loading
NAUTILUS=>2021-05-23 13:00:59.559305: Completed data loading. Elapsed time: 0:00:49.180542
NAUTILUS=>2021-05-23 13:00:59.559323: Starting model selection
NAUTILUS=>2021-05-23 13:00:59.559336: Materializing training data
NAUTILUS=>2021-05-23 13:00:59.788500: Completed materializing training data. Elapsed time: 0:00:00.229164
NAUTILUS=>2021-05-23 13:00:59.788511: Generating intermediate features
NAUTILUS=>2021-05-23 13:01:08.392756: Completed generating intermediate features. Elapsed time: 0:00:08.604245
NAUTILUS=>2021-05-23 13:01:08.392775: Starting model training
NAUTILUS=>2021-05-23 13:01:35.706058: Completed model training. Elapsed time: 0:00:27.313283
NAUTILUS=>2021-05-23 13:01:35.706058: Cycle: 2, Model: 0, loss: [0.9820089936256409, 0.42822322249412537, 0.274488627910614, 0.19114264845848083, 0.12522202730178833]
NAUTILUS=>2021-05-23 13:01:35.706058: Cycle: 2, Model: 0, accuracy: [0.6411345601081848, 0.8296785950660706, 0.8881787657737732, 0.9303540587425232, 0.9543465375900269]
NAUTILUS=>2021-05-23 13:01:35.706058: Cycle: 2, Model: 0, val_loss: [0.3782179355621338, 0.34705260396003723, 0.2961651086807251, 0.2835554778575897, 0.305136114358902]
NAUTILUS=>2021-05-23 13:01:35.706058: Cycle: 2, Model: 0, val_accuracy: [0.8639460802078247, 0.8841715455055237, 0.9048786163330078, 0.9142364263534546, 0.9139883518218994]
NAUTILUS=>2021-05-23 13:01:35.706102: Starting to generating the best model
NAUTILUS=>2021-05-23 13:01:41.413915: Completed generating the best model. Elapsed time: 0:00:05.707813
NAUTILUS=>2021-05-23 13:01:41.413915: Cycle: 2, Best Model: 0
NAUTILUS=>2021-05-23 13:01:41.413915: Cycle: 2, Best model loss: [0.9820089936256409, 0.42822322249412537, 0.274488627910614, 0.19114264845848083, 0.12522202730178833]
NAUTILUS=>2021-05-23 13:01:41.413915: Cycle: 2, Best model accuracy: [0.6411345601081848, 0.8296785950660706, 0.8881787657737732, 0.9303540587425232, 0.9543465375900269]
NAUTILUS=>2021-05-23 13:01:41.413915: Cycle: 2, Best model val_loss: [0.3782179355621338, 0.34705260396003723, 0.2961651086807251, 0.2835554778575897, 0.305136114358902]
NAUTILUS=>2021-05-23 13:01:41.413915: Cycle: 2, Best model val_accuracy: [0.8639460802078247, 0.8841715455055237, 0.9048786163330078, 0.9142364263534546, 0.9139883518218994]
NAUTILUS=>2021-05-23 13:01:41.707444: Completed active learning cycle. Elapsed time: 0:00:42.148121
NAUTILUS=>2021-05-23 13:01:41.707460: ========> Active learning cycle: 3
NAUTILUS=>2021-05-23 13:01:41.707464: Starting data loading
NAUTILUS=>2021-05-23 13:02:21.282810: Completed data loading. Elapsed time: 0:00:39.575346
NAUTILUS=>2021-05-23 13:02:21.282828: Starting model selection
NAUTILUS=>2021-05-23 13:02:21.282841: Materializing training data
NAUTILUS=>2021-05-23 13:02:21.511997: Completed materializing training data. Elapsed time: 0:00:00.229156
NAUTILUS=>2021-05-23 13:02:21.512008: Generating intermediate features
NAUTILUS=>2021-05-23 13:02:30.075647: Completed generating intermediate features. Elapsed time: 0:00:08.563639
NAUTILUS=>2021-05-23 13:02:30.075665: Starting model training
NAUTILUS=>2021-05-23 13:03:06.435248: Completed model training. Elapsed time: 0:00:36.359583
NAUTILUS=>2021-05-23 13:03:06.435248: Cycle: 3, Model: 0, loss: [1.0063163042068481, 0.4999839663505554, 0.39485108852386475, 0.2816697955131531, 0.1911240965127945]
NAUTILUS=>2021-05-23 13:03:06.435248: Cycle: 3, Model: 0, accuracy: [0.6474918723106384, 0.822386622428894, 0.8614680171012878, 0.8976647853851318, 0.9396132230758667]
NAUTILUS=>2021-05-23 13:03:06.435248: Cycle: 3, Model: 0, val_loss: [0.34778422117233276, 0.3086806535720825, 0.29269200563430786, 0.2907284200191498, 0.2851918339729309]
NAUTILUS=>2021-05-23 13:03:06.435248: Cycle: 3, Model: 0, val_accuracy: [0.8800451755523682, 0.8960058689117432, 0.8998598456382751, 0.9089407324790955, 0.9154126048088074]
NAUTILUS=>2021-05-23 13:03:06.435291: Starting to generating the best model
NAUTILUS=>2021-05-23 13:03:12.140757: Completed generating the best model. Elapsed time: 0:00:05.705466
NAUTILUS=>2021-05-23 13:03:12.140757: Cycle: 3, Best Model: 0
NAUTILUS=>2021-05-23 13:03:12.140757: Cycle: 3, Best model loss: [1.0063163042068481, 0.4999839663505554, 0.39485108852386475, 0.2816697955131531, 0.1911240965127945]
NAUTILUS=>2021-05-23 13:03:12.140757: Cycle: 3, Best model accuracy: [0.6474918723106384, 0.822386622428894, 0.8614680171012878, 0.8976647853851318, 0.9396132230758667]
NAUTILUS=>2021-05-23 13:03:12.140757: Cycle: 3, Best model val_loss: [0.34778422117233276, 0.3086806535720825, 0.29269200563430786, 0.2907284200191498, 0.2851918339729309]
NAUTILUS=>2021-05-23 13:03:12.140757: Cycle: 3, Best model val_accuracy: [0.8800451755523682, 0.8960058689117432, 0.8998598456382751, 0.9089407324790955, 0.9154126048088074]
NAUTILUS=>2021-05-23 13:03:12.433869: Completed active learning cycle. Elapsed time: 0:00:51.151041
NAUTILUS=>2021-05-23 13:03:12.433886: ========> Active learning cycle: 4
NAUTILUS=>2021-05-23 13:03:12.433890: Starting data loading
NAUTILUS=>2021-05-23 13:03:57.432859: Completed data loading. Elapsed time: 0:00:44.998969
NAUTILUS=>2021-05-23 13:03:57.432877: Starting model selection
NAUTILUS=>2021-05-23 13:03:57.432890: Materializing training data
NAUTILUS=>2021-05-23 13:03:57.662360: Completed materializing training data. Elapsed time: 0:00:00.229470
NAUTILUS=>2021-05-23 13:03:57.662371: Generating intermediate features
NAUTILUS=>2021-05-23 13:04:06.241257: Completed generating intermediate features. Elapsed time: 0:00:08.578886
NAUTILUS=>2021-05-23 13:04:06.241282: Starting model training
NAUTILUS=>2021-05-23 13:04:51.104185: Completed model training. Elapsed time: 0:00:44.862903
NAUTILUS=>2021-05-23 13:04:51.104185: Cycle: 4, Model: 0, loss: [0.9499955773353577, 0.5068971514701843, 0.387218177318573, 0.28203490376472473, 0.21597915887832642]
NAUTILUS=>2021-05-23 13:04:51.104185: Cycle: 4, Model: 0, accuracy: [0.6788349747657776, 0.8223828077316284, 0.8686643242835999, 0.9067349433898926, 0.9322727918624878]
NAUTILUS=>2021-05-23 13:04:51.104185: Cycle: 4, Model: 0, val_loss: [0.31305474042892456, 0.26508474349975586, 0.26560378074645996, 0.25667670369148254, 0.24762043356895447]
NAUTILUS=>2021-05-23 13:04:51.104185: Cycle: 4, Model: 0, val_accuracy: [0.8938422203063965, 0.9098861813545227, 0.9134581089019775, 0.9191715121269226, 0.9263003468513489]
NAUTILUS=>2021-05-23 13:04:51.104227: Starting to generating the best model
NAUTILUS=>2021-05-23 13:04:56.791224: Completed generating the best model. Elapsed time: 0:00:05.686997
NAUTILUS=>2021-05-23 13:04:56.791224: Cycle: 4, Best Model: 0
NAUTILUS=>2021-05-23 13:04:56.791224: Cycle: 4, Best model loss: [0.9499955773353577, 0.5068971514701843, 0.387218177318573, 0.28203490376472473, 0.21597915887832642]
NAUTILUS=>2021-05-23 13:04:56.791224: Cycle: 4, Best model accuracy: [0.6788349747657776, 0.8223828077316284, 0.8686643242835999, 0.9067349433898926, 0.9322727918624878]
NAUTILUS=>2021-05-23 13:04:56.791224: Cycle: 4, Best model val_loss: [0.31305474042892456, 0.26508474349975586, 0.26560378074645996, 0.25667670369148254, 0.24762043356895447]
NAUTILUS=>2021-05-23 13:04:56.791224: Cycle: 4, Best model val_accuracy: [0.8938422203063965, 0.9098861813545227, 0.9134581089019775, 0.9191715121269226, 0.9263003468513489]
NAUTILUS=>2021-05-23 13:04:57.090722: Completed active learning cycle. Elapsed time: 0:00:59.657845
NAUTILUS=>2021-05-23 13:04:57.090740: ========> Active learning cycle: 5
NAUTILUS=>2021-05-23 13:04:57.090743: Starting data loading
NAUTILUS=>2021-05-23 13:05:33.225718: Completed data loading. Elapsed time: 0:00:36.134975
NAUTILUS=>2021-05-23 13:05:33.225734: Starting model selection
NAUTILUS=>2021-05-23 13:05:33.225749: Materializing training data
NAUTILUS=>2021-05-23 13:05:33.462320: Completed materializing training data. Elapsed time: 0:00:00.236571
NAUTILUS=>2021-05-23 13:05:33.462332: Generating intermediate features
NAUTILUS=>2021-05-23 13:05:42.047939: Completed generating intermediate features. Elapsed time: 0:00:08.585607
NAUTILUS=>2021-05-23 13:05:42.047957: Starting model training
NAUTILUS=>2021-05-23 13:06:35.486288: Completed model training. Elapsed time: 0:00:53.438331
NAUTILUS=>2021-05-23 13:06:35.486288: Cycle: 5, Model: 0, loss: [0.8506500720977783, 0.4972846806049347, 0.3705686628818512, 0.2967703938484192, 0.21695499122142792]
NAUTILUS=>2021-05-23 13:06:35.486288: Cycle: 5, Model: 0, accuracy: [0.7022437453269958, 0.822123110294342, 0.8715841770172119, 0.9016595482826233, 0.9301923513412476]
NAUTILUS=>2021-05-23 13:06:35.486288: Cycle: 5, Model: 0, val_loss: [0.2921486496925354, 0.2476973980665207, 0.2452363669872284, 0.22789159417152405, 0.21964070200920105]
NAUTILUS=>2021-05-23 13:06:35.486288: Cycle: 5, Model: 0, val_accuracy: [0.8939239382743835, 0.914084792137146, 0.9199807047843933, 0.9187692403793335, 0.9266788363456726]
NAUTILUS=>2021-05-23 13:06:35.486329: Starting to generating the best model
NAUTILUS=>2021-05-23 13:06:41.212270: Completed generating the best model. Elapsed time: 0:00:05.725941
NAUTILUS=>2021-05-23 13:06:41.212270: Cycle: 5, Best Model: 0
NAUTILUS=>2021-05-23 13:06:41.212270: Cycle: 5, Best model loss: [0.8506500720977783, 0.4972846806049347, 0.3705686628818512, 0.2967703938484192, 0.21695499122142792]
NAUTILUS=>2021-05-23 13:06:41.212270: Cycle: 5, Best model accuracy: [0.7022437453269958, 0.822123110294342, 0.8715841770172119, 0.9016595482826233, 0.9301923513412476]
NAUTILUS=>2021-05-23 13:06:41.212270: Cycle: 5, Best model val_loss: [0.2921486496925354, 0.2476973980665207, 0.2452363669872284, 0.22789159417152405, 0.21964070200920105]
NAUTILUS=>2021-05-23 13:06:41.212270: Cycle: 5, Best model val_accuracy: [0.8939239382743835, 0.914084792137146, 0.9199807047843933, 0.9187692403793335, 0.9266788363456726]
NAUTILUS=>2021-05-23 13:06:41.511839: Completed active learning cycle. Elapsed time: 0:01:08.286105
NAUTILUS=>2021-05-23 13:06:41.511857: ========> Active learning cycle: 6
NAUTILUS=>2021-05-23 13:06:41.511860: Starting data loading
NAUTILUS=>2021-05-23 13:07:22.282112: Completed data loading. Elapsed time: 0:00:40.770252
NAUTILUS=>2021-05-23 13:07:22.282129: Starting model selection
NAUTILUS=>2021-05-23 13:07:22.282142: Materializing training data
NAUTILUS=>2021-05-23 13:07:22.514604: Completed materializing training data. Elapsed time: 0:00:00.232462
NAUTILUS=>2021-05-23 13:07:22.514615: Generating intermediate features
NAUTILUS=>2021-05-23 13:07:31.118974: Completed generating intermediate features. Elapsed time: 0:00:08.604359
NAUTILUS=>2021-05-23 13:07:31.118993: Starting model training
NAUTILUS=>2021-05-23 13:08:33.020920: Completed model training. Elapsed time: 0:01:01.901927
NAUTILUS=>2021-05-23 13:08:33.020920: Cycle: 6, Model: 0, loss: [0.799095630645752, 0.44768255949020386, 0.3494685888290405, 0.2595919072628021, 0.1752868890762329]
NAUTILUS=>2021-05-23 13:08:33.020920: Cycle: 6, Model: 0, accuracy: [0.7260147333145142, 0.8441426157951355, 0.8842698931694031, 0.9100704789161682, 0.941328763961792]
NAUTILUS=>2021-05-23 13:08:33.020920: Cycle: 6, Model: 0, val_loss: [0.27200403809547424, 0.21592946350574493, 0.2207646369934082, 0.18842561542987823, 0.2022794783115387]
NAUTILUS=>2021-05-23 13:08:33.020920: Cycle: 6, Model: 0, val_accuracy: [0.8981900215148926, 0.9234164357185364, 0.9222761988639832, 0.9348592162132263, 0.9328954815864563]
NAUTILUS=>2021-05-23 13:08:33.020963: Starting to generating the best model
NAUTILUS=>2021-05-23 13:08:38.698047: Completed generating the best model. Elapsed time: 0:00:05.677084
NAUTILUS=>2021-05-23 13:08:38.698047: Cycle: 6, Best Model: 0
NAUTILUS=>2021-05-23 13:08:38.698047: Cycle: 6, Best model loss: [0.799095630645752, 0.44768255949020386, 0.3494685888290405, 0.2595919072628021, 0.1752868890762329]
NAUTILUS=>2021-05-23 13:08:38.698047: Cycle: 6, Best model accuracy: [0.7260147333145142, 0.8441426157951355, 0.8842698931694031, 0.9100704789161682, 0.941328763961792]
NAUTILUS=>2021-05-23 13:08:38.698047: Cycle: 6, Best model val_loss: [0.27200403809547424, 0.21592946350574493, 0.2207646369934082, 0.18842561542987823, 0.2022794783115387]
NAUTILUS=>2021-05-23 13:08:38.698047: Cycle: 6, Best model val_accuracy: [0.8981900215148926, 0.9234164357185364, 0.9222761988639832, 0.9348592162132263, 0.9328954815864563]
NAUTILUS=>2021-05-23 13:08:38.997548: Completed active learning cycle. Elapsed time: 0:01:16.715419
NAUTILUS=>2021-05-23 13:08:38.997566: ========> Active learning cycle: 7
NAUTILUS=>2021-05-23 13:08:38.997570: Starting data loading
NAUTILUS=>2021-05-23 13:09:11.647170: Completed data loading. Elapsed time: 0:00:32.649600
NAUTILUS=>2021-05-23 13:09:11.647187: Starting model selection
NAUTILUS=>2021-05-23 13:09:11.647201: Materializing training data
NAUTILUS=>2021-05-23 13:09:11.876480: Completed materializing training data. Elapsed time: 0:00:00.229279
NAUTILUS=>2021-05-23 13:09:11.876493: Generating intermediate features
NAUTILUS=>2021-05-23 13:09:20.466214: Completed generating intermediate features. Elapsed time: 0:00:08.589721
NAUTILUS=>2021-05-23 13:09:20.466233: Starting model training
NAUTILUS=>2021-05-23 13:10:31.461201: Completed model training. Elapsed time: 0:01:10.994968
NAUTILUS=>2021-05-23 13:10:31.461201: Cycle: 7, Model: 0, loss: [0.7481085062026978, 0.42182090878486633, 0.309864342212677, 0.22248294949531555, 0.1598997563123703]
NAUTILUS=>2021-05-23 13:10:31.461201: Cycle: 7, Model: 0, accuracy: [0.7428677082061768, 0.8537191152572632, 0.892896831035614, 0.9256904721260071, 0.9470704793930054]
NAUTILUS=>2021-05-23 13:10:31.461201: Cycle: 7, Model: 0, val_loss: [0.26151031255722046, 0.21143421530723572, 0.21046842634677887, 0.2037501037120819, 0.19459989666938782]
NAUTILUS=>2021-05-23 13:10:31.461201: Cycle: 7, Model: 0, val_accuracy: [0.9015042781829834, 0.9218367338180542, 0.9258263111114502, 0.9293392300605774, 0.9355767965316772]
NAUTILUS=>2021-05-23 13:10:31.461243: Starting to generating the best model
NAUTILUS=>2021-05-23 13:10:37.153356: Completed generating the best model. Elapsed time: 0:00:05.692113
NAUTILUS=>2021-05-23 13:10:37.153356: Cycle: 7, Best Model: 0
NAUTILUS=>2021-05-23 13:10:37.153356: Cycle: 7, Best model loss: [0.7481085062026978, 0.42182090878486633, 0.309864342212677, 0.22248294949531555, 0.1598997563123703]
NAUTILUS=>2021-05-23 13:10:37.153356: Cycle: 7, Best model accuracy: [0.7428677082061768, 0.8537191152572632, 0.892896831035614, 0.9256904721260071, 0.9470704793930054]
NAUTILUS=>2021-05-23 13:10:37.153356: Cycle: 7, Best model val_loss: [0.26151031255722046, 0.21143421530723572, 0.21046842634677887, 0.2037501037120819, 0.19459989666938782]
NAUTILUS=>2021-05-23 13:10:37.153356: Cycle: 7, Best model val_accuracy: [0.9015042781829834, 0.9218367338180542, 0.9258263111114502, 0.9293392300605774, 0.9355767965316772]
NAUTILUS=>2021-05-23 13:10:37.453072: Completed active learning cycle. Elapsed time: 0:01:25.805885
NAUTILUS=>2021-05-23 13:10:37.453089: ========> Active learning cycle: 8
NAUTILUS=>2021-05-23 13:10:37.453093: Starting data loading
NAUTILUS=>2021-05-23 13:11:14.033895: Completed data loading. Elapsed time: 0:00:36.580802
NAUTILUS=>2021-05-23 13:11:14.033913: Starting model selection
NAUTILUS=>2021-05-23 13:11:14.033927: Materializing training data
NAUTILUS=>2021-05-23 13:11:14.262054: Completed materializing training data. Elapsed time: 0:00:00.228127
NAUTILUS=>2021-05-23 13:11:14.262065: Generating intermediate features
NAUTILUS=>2021-05-23 13:11:22.870340: Completed generating intermediate features. Elapsed time: 0:00:08.608275
NAUTILUS=>2021-05-23 13:11:22.870359: Starting model training
NAUTILUS=>2021-05-23 13:12:43.183750: Completed model training. Elapsed time: 0:01:20.313391
NAUTILUS=>2021-05-23 13:12:43.183750: Cycle: 8, Model: 0, loss: [0.6535820960998535, 0.3810775876045227, 0.28666090965270996, 0.208492711186409, 0.1490236073732376]
NAUTILUS=>2021-05-23 13:12:43.183750: Cycle: 8, Model: 0, accuracy: [0.7765576243400574, 0.8676365613937378, 0.9002391695976257, 0.9279411435127258, 0.9505918622016907]
NAUTILUS=>2021-05-23 13:12:43.183750: Cycle: 8, Model: 0, val_loss: [0.24377426505088806, 0.20813800394535065, 0.18465778231620789, 0.18304625153541565, 0.17468281090259552]
NAUTILUS=>2021-05-23 13:12:43.183750: Cycle: 8, Model: 0, val_accuracy: [0.9118196368217468, 0.9233891367912292, 0.9335801601409912, 0.9373338222503662, 0.943854570388794]
NAUTILUS=>2021-05-23 13:12:43.183793: Starting to generating the best model
NAUTILUS=>2021-05-23 13:12:48.854482: Completed generating the best model. Elapsed time: 0:00:05.670689
NAUTILUS=>2021-05-23 13:12:48.854482: Cycle: 8, Best Model: 0
NAUTILUS=>2021-05-23 13:12:48.854482: Cycle: 8, Best model loss: [0.6535820960998535, 0.3810775876045227, 0.28666090965270996, 0.208492711186409, 0.1490236073732376]
NAUTILUS=>2021-05-23 13:12:48.854482: Cycle: 8, Best model accuracy: [0.7765576243400574, 0.8676365613937378, 0.9002391695976257, 0.9279411435127258, 0.9505918622016907]
NAUTILUS=>2021-05-23 13:12:48.854482: Cycle: 8, Best model val_loss: [0.24377426505088806, 0.20813800394535065, 0.18465778231620789, 0.18304625153541565, 0.17468281090259552]
NAUTILUS=>2021-05-23 13:12:48.854482: Cycle: 8, Best model val_accuracy: [0.9118196368217468, 0.9233891367912292, 0.9335801601409912, 0.9373338222503662, 0.943854570388794]
NAUTILUS=>2021-05-23 13:12:49.148226: Completed active learning cycle. Elapsed time: 0:01:35.114313
NAUTILUS=>2021-05-23 13:12:49.148243: ========> Active learning cycle: 9
NAUTILUS=>2021-05-23 13:12:49.148247: Starting data loading
NAUTILUS=>2021-05-23 13:13:18.390148: Completed data loading. Elapsed time: 0:00:29.241901
NAUTILUS=>2021-05-23 13:13:18.390165: Starting model selection
NAUTILUS=>2021-05-23 13:13:18.390178: Materializing training data
NAUTILUS=>2021-05-23 13:13:18.622995: Completed materializing training data. Elapsed time: 0:00:00.232817
NAUTILUS=>2021-05-23 13:13:18.623008: Generating intermediate features
NAUTILUS=>2021-05-23 13:13:27.237505: Completed generating intermediate features. Elapsed time: 0:00:08.614497
NAUTILUS=>2021-05-23 13:13:27.237525: Starting model training
NAUTILUS=>2021-05-23 13:14:55.759670: Completed model training. Elapsed time: 0:01:28.522145
NAUTILUS=>2021-05-23 13:14:55.759670: Cycle: 9, Model: 0, loss: [0.5909554958343506, 0.3518974781036377, 0.26720380783081055, 0.19064782559871674, 0.13617388904094696]
NAUTILUS=>2021-05-23 13:14:55.759670: Cycle: 9, Model: 0, accuracy: [0.7940404415130615, 0.8734995126724243, 0.9067447781562805, 0.933533787727356, 0.9552224278450012]
NAUTILUS=>2021-05-23 13:14:55.759670: Cycle: 9, Model: 0, val_loss: [0.26100778579711914, 0.21437886357307434, 0.17542116343975067, 0.1734769642353058, 0.16712789237499237]
NAUTILUS=>2021-05-23 13:14:55.759670: Cycle: 9, Model: 0, val_accuracy: [0.9083591103553772, 0.9275339841842651, 0.9394904375076294, 0.9416313171386719, 0.9474615454673767]
NAUTILUS=>2021-05-23 13:14:55.759713: Starting to generating the best model
NAUTILUS=>2021-05-23 13:15:01.500517: Completed generating the best model. Elapsed time: 0:00:05.740804
NAUTILUS=>2021-05-23 13:15:01.500517: Cycle: 9, Best Model: 0
NAUTILUS=>2021-05-23 13:15:01.500517: Cycle: 9, Best model loss: [0.5909554958343506, 0.3518974781036377, 0.26720380783081055, 0.19064782559871674, 0.13617388904094696]
NAUTILUS=>2021-05-23 13:15:01.500517: Cycle: 9, Best model accuracy: [0.7940404415130615, 0.8734995126724243, 0.9067447781562805, 0.933533787727356, 0.9552224278450012]
NAUTILUS=>2021-05-23 13:15:01.500517: Cycle: 9, Best model val_loss: [0.26100778579711914, 0.21437886357307434, 0.17542116343975067, 0.1734769642353058, 0.16712789237499237]
NAUTILUS=>2021-05-23 13:15:01.500517: Cycle: 9, Best model val_accuracy: [0.9083591103553772, 0.9275339841842651, 0.9394904375076294, 0.9416313171386719, 0.9474615454673767]
NAUTILUS=>2021-05-23 13:15:01.799629: Completed active learning cycle. Elapsed time: 0:01:43.409464
NAUTILUS=>2021-05-23 13:15:01.799646: ========> Active learning cycle: 10
NAUTILUS=>2021-05-23 13:15:01.799649: Starting data loading
NAUTILUS=>2021-05-23 13:15:34.124027: Completed data loading. Elapsed time: 0:00:32.324378
NAUTILUS=>2021-05-23 13:15:34.124044: Starting model selection
NAUTILUS=>2021-05-23 13:15:34.124058: Materializing training data
NAUTILUS=>2021-05-23 13:15:34.354536: Completed materializing training data. Elapsed time: 0:00:00.230478
NAUTILUS=>2021-05-23 13:15:34.354546: Generating intermediate features
NAUTILUS=>2021-05-23 13:15:42.919369: Completed generating intermediate features. Elapsed time: 0:00:08.564823
NAUTILUS=>2021-05-23 13:15:42.919388: Starting model training
NAUTILUS=>2021-05-23 13:17:19.468779: Completed model training. Elapsed time: 0:01:36.549391
NAUTILUS=>2021-05-23 13:17:19.468779: Cycle: 10, Model: 0, loss: [0.5610118508338928, 0.31679481267929077, 0.24163012206554413, 0.16957181692123413, 0.11318784952163696]
NAUTILUS=>2021-05-23 13:17:19.468779: Cycle: 10, Model: 0, accuracy: [0.8009749054908752, 0.8845130801200867, 0.9131182432174683, 0.9407399296760559, 0.9617505073547363]
NAUTILUS=>2021-05-23 13:17:19.468779: Cycle: 10, Model: 0, val_loss: [0.22298531234264374, 0.19189216196537018, 0.17356561124324799, 0.16823360323905945, 0.1764957457780838]
NAUTILUS=>2021-05-23 13:17:19.468779: Cycle: 10, Model: 0, val_accuracy: [0.9235497117042542, 0.933794379234314, 0.9424549341201782, 0.9496152400970459, 0.9504993557929993]
NAUTILUS=>2021-05-23 13:17:19.468822: Starting to generating the best model
NAUTILUS=>2021-05-23 13:17:25.140042: Completed generating the best model. Elapsed time: 0:00:05.671220
NAUTILUS=>2021-05-23 13:17:25.140042: Cycle: 10, Best Model: 0
NAUTILUS=>2021-05-23 13:17:25.140042: Cycle: 10, Best model loss: [0.5610118508338928, 0.31679481267929077, 0.24163012206554413, 0.16957181692123413, 0.11318784952163696]
NAUTILUS=>2021-05-23 13:17:25.140042: Cycle: 10, Best model accuracy: [0.8009749054908752, 0.8845130801200867, 0.9131182432174683, 0.9407399296760559, 0.9617505073547363]
NAUTILUS=>2021-05-23 13:17:25.140042: Cycle: 10, Best model val_loss: [0.22298531234264374, 0.19189216196537018, 0.17356561124324799, 0.16823360323905945, 0.1764957457780838]
NAUTILUS=>2021-05-23 13:17:25.140042: Cycle: 10, Best model val_accuracy: [0.9235497117042542, 0.933794379234314, 0.9424549341201782, 0.9496152400970459, 0.9504993557929993]
NAUTILUS=>2021-05-23 13:17:25.436116: Completed active learning cycle. Elapsed time: 0:01:51.312072
NAUTILUS=>2021-05-23 13:17:25.436133: Workload completed. Elapsed time: 0:18:27.798262
