NAUTILUS=>2021-05-23 19:06:48.538390: Starting workload
NAUTILUS=>2021-05-23 19:06:48.538390: RANDOM_SEED: 2020
NAUTILUS=>2021-05-23 19:06:48.538390: VERY_LARGE_VALUE: 1000000000000000.0
NAUTILUS=>2021-05-23 19:06:48.538390: NO_MAT_OPT: False
NAUTILUS=>2021-05-23 19:06:48.538390: MODE: ftr3-5
NAUTILUS=>2021-05-23 19:06:48.538390: STORAGE_PATH: ./storage
NAUTILUS=>2021-05-23 19:06:48.538390: NO_FUSE_OPT: True
NAUTILUS=>2021-05-23 19:06:48.538390: NUM_EPOCHS: 5
NAUTILUS=>2021-05-23 19:06:48.538390: MAX_NUM_RECORDS: 5000
NAUTILUS=>2021-05-23 19:06:48.538390: ACTIVE_LEARNING_BATCH_SIZE: 500
NAUTILUS=>2021-05-23 19:06:48.538390: VALID_FRACTION: 0.2
NAUTILUS=>2021-05-23 19:06:48.538390: SAMPLING_STRATERGY: uncertainty
NAUTILUS=>2021-05-23 19:06:48.538390: NO_PRETRAINING: False
NAUTILUS=>2021-05-23 19:06:48.538390: STORAGE_BUDGET: 25
NAUTILUS=>2021-05-23 19:06:48.538390: MEMORY_BUDGET: 10
NAUTILUS=>2021-05-23 19:06:48.538390: WORKSPACE_MEMORY: 1
NAUTILUS=>2021-05-23 19:06:48.538390: COMPUTE_THROUGHPUT: 6
NAUTILUS=>2021-05-23 19:06:48.538390: DISK_THROUGHPUT: 500
NAUTILUS=>2021-05-23 19:06:48.538390: SHUFFLE_BUFFER_SIZE: 10000
NAUTILUS=>2021-05-23 19:06:48.538440: Starting system initialization
NAUTILUS=>2021-05-23 19:06:49.181002: Starting model profiling
NAUTILUS=>2021-05-23 19:07:33.172409: Completed model profiling. Elapsed time: 0:00:43.991405
NAUTILUS=>2021-05-23 19:07:33.172409: Model parameters
NAUTILUS=>2021-05-23 19:07:33.172487: Generating optimized model selection plan
NAUTILUS=>2021-05-23 19:07:33.264899: Materialized layers candidates: tf_op_layer_strided_slice,tf_op_layer_Cast,tf_op_layer_Sub,tf_op_layer_Mul,layer_9
NAUTILUS=>2021-05-23 19:07:33.291891: Used materialized layers: layer_9
NAUTILUS=>2021-05-23 19:07:33.291891: Model training plan: {"0": {"models": ["0"], "output_layers": ["0/classifier"], "flops_consumption": 438177892375000.0, "compute_flops": 325531408000000.0, "load_flops": 112646484375000.0, "memory_consumption": 1.8776347935199738, "used_materialized_layers": ["layer_9"], "batch_size": 16, "num_epochs": [5]}, "1": {"models": ["1"], "output_layers": ["1/classifier"], "flops_consumption": 438177892375000.0, "compute_flops": 325531408000000.0, "load_flops": 112646484375000.0, "memory_consumption": 1.8776347935199738, "used_materialized_layers": ["layer_9"], "batch_size": 16, "num_epochs": [5]}, "2": {"models": ["2"], "output_layers": ["2/classifier"], "flops_consumption": 438177892375000.0, "compute_flops": 325531408000000.0, "load_flops": 112646484375000.0, "memory_consumption": 1.8776347935199738, "used_materialized_layers": ["layer_9"], "batch_size": 16, "num_epochs": [5]}, "3": {"models": ["3"], "output_layers": ["3/classifier"], "flops_consumption": 438177892375000.0, "compute_flops": 325531408000000.0, "load_flops": 112646484375000.0, "memory_consumption": 1.8776347935199738, "used_materialized_layers": ["layer_9"], "batch_size": 16, "num_epochs": [5]}, "4": {"models": ["4"], "output_layers": ["4/classifier"], "flops_consumption": 438177892375000.0, "compute_flops": 325531408000000.0, "load_flops": 112646484375000.0, "memory_consumption": 1.8776347935199738, "used_materialized_layers": ["layer_9"], "batch_size": 16, "num_epochs": [5]}}
NAUTILUS=>2021-05-23 19:07:33.292057: Completed generating optimized model selection plan. Elapsed time: 0:00:00.119569
NAUTILUS=>2021-05-23 19:07:33.292064: Generating fused models
NAUTILUS=>2021-05-23 19:07:49.406371: Completed generating fused models. Elapsed time: 0:00:16.114307
NAUTILUS=>2021-05-23 19:07:49.406371: Current Practice FLOPs: 745690198400.0
NAUTILUS=>2021-05-23 19:07:49.406371: Optimal FLOPs: 185485027200.0
NAUTILUS=>2021-05-23 19:07:49.406371: Theoretical Speedup: 4.020217748335861
NAUTILUS=>2021-05-23 19:07:49.471557: Completed system initialization. Elapsed time: 0:01:00.933117
NAUTILUS=>2021-05-23 19:07:49.471579: ========> Active learning cycle: 1
NAUTILUS=>2021-05-23 19:07:49.471584: Starting data loading
NAUTILUS=>2021-05-23 19:08:04.780551: Completed data loading. Elapsed time: 0:00:15.308967
NAUTILUS=>2021-05-23 19:08:04.780576: Starting model selection
NAUTILUS=>2021-05-23 19:08:04.780594: Materializing training data
NAUTILUS=>2021-05-23 19:08:05.017989: Completed materializing training data. Elapsed time: 0:00:00.237395
NAUTILUS=>2021-05-23 19:08:05.018001: Generating intermediate features
NAUTILUS=>2021-05-23 19:08:13.664611: Completed generating intermediate features. Elapsed time: 0:00:08.646610
NAUTILUS=>2021-05-23 19:08:13.664629: Starting model training
NAUTILUS=>2021-05-23 19:09:38.152490: Completed model training. Elapsed time: 0:01:24.487861
NAUTILUS=>2021-05-23 19:09:38.152490: Cycle: 1, Model: 0, loss: [0.828880786895752, 0.2970869541168213, 0.19052249193191528, 0.12513619661331177, 0.08048417419195175]
NAUTILUS=>2021-05-23 19:09:38.152490: Cycle: 1, Model: 0, accuracy: [0.7468414902687073, 0.8900124430656433, 0.9346765279769897, 0.9563759565353394, 0.9700300097465515]
NAUTILUS=>2021-05-23 19:09:38.152490: Cycle: 1, Model: 0, val_loss: [0.4639214277267456, 0.41468513011932373, 0.3532772362232208, 0.39335745573043823, 0.37415385246276855]
NAUTILUS=>2021-05-23 19:09:38.152490: Cycle: 1, Model: 0, val_accuracy: [0.8359349966049194, 0.8561877608299255, 0.8714163899421692, 0.8704221248626709, 0.8852939605712891]
NAUTILUS=>2021-05-23 19:09:38.152490: Cycle: 1, Model: 1, loss: [1.004594087600708, 0.4065803289413452, 0.28088250756263733, 0.1944686770439148, 0.1432686597108841]
NAUTILUS=>2021-05-23 19:09:38.152490: Cycle: 1, Model: 1, accuracy: [0.7063083052635193, 0.8641493320465088, 0.9058865904808044, 0.9262921214103699, 0.9485536217689514]
NAUTILUS=>2021-05-23 19:09:38.152490: Cycle: 1, Model: 1, val_loss: [0.5762648582458496, 0.4119472801685333, 0.3756779432296753, 0.36078959703445435, 0.36561137437820435]
NAUTILUS=>2021-05-23 19:09:38.152490: Cycle: 1, Model: 1, val_accuracy: [0.8098840117454529, 0.8507524728775024, 0.8563680052757263, 0.869193971157074, 0.8720411062240601]
NAUTILUS=>2021-05-23 19:09:38.152490: Cycle: 1, Model: 2, loss: [1.10059654712677, 0.4744577705860138, 0.3396696448326111, 0.2579960823059082, 0.2015160620212555]
NAUTILUS=>2021-05-23 19:09:38.152490: Cycle: 1, Model: 2, accuracy: [0.6883387565612793, 0.8442584276199341, 0.8858430981636047, 0.9036238193511963, 0.9335419535636902]
NAUTILUS=>2021-05-23 19:09:38.152490: Cycle: 1, Model: 2, val_loss: [0.6876410841941833, 0.472998708486557, 0.41176077723503113, 0.39722809195518494, 0.3804224133491516]
NAUTILUS=>2021-05-23 19:09:38.152490: Cycle: 1, Model: 2, val_accuracy: [0.7769367694854736, 0.828457236289978, 0.848990797996521, 0.8405357599258423, 0.8534486889839172]
NAUTILUS=>2021-05-23 19:09:38.152490: Cycle: 1, Model: 3, loss: [1.230085849761963, 0.5972630381584167, 0.42791739106178284, 0.3265362083911896, 0.26702556014060974]
NAUTILUS=>2021-05-23 19:09:38.152490: Cycle: 1, Model: 3, accuracy: [0.6550421118736267, 0.8016746044158936, 0.8581827282905579, 0.8822500109672546, 0.9073532819747925]
NAUTILUS=>2021-05-23 19:09:38.152490: Cycle: 1, Model: 3, val_loss: [0.7879536151885986, 0.5699779391288757, 0.46627703309059143, 0.4216022193431854, 0.40840330719947815]
NAUTILUS=>2021-05-23 19:09:38.152490: Cycle: 1, Model: 3, val_accuracy: [0.7376022934913635, 0.8131635785102844, 0.8351553082466125, 0.8348590135574341, 0.8504737615585327]
NAUTILUS=>2021-05-23 19:09:38.152490: Cycle: 1, Model: 4, loss: [1.4442538022994995, 0.7571902275085449, 0.5751312971115112, 0.4598168432712555, 0.396043598651886]
NAUTILUS=>2021-05-23 19:09:38.152490: Cycle: 1, Model: 4, accuracy: [0.5854167342185974, 0.7638876438140869, 0.815849244594574, 0.8443979620933533, 0.868113100528717]
NAUTILUS=>2021-05-23 19:09:38.152490: Cycle: 1, Model: 4, val_loss: [0.9263855218887329, 0.6977770328521729, 0.5863044857978821, 0.5179455280303955, 0.4833431541919708]
NAUTILUS=>2021-05-23 19:09:38.152490: Cycle: 1, Model: 4, val_accuracy: [0.7198834419250488, 0.7680156826972961, 0.8010299205780029, 0.8242951035499573, 0.8330217003822327]
NAUTILUS=>2021-05-23 19:09:38.152612: Starting to generating the best model
NAUTILUS=>2021-05-23 19:09:43.934887: Completed generating the best model. Elapsed time: 0:00:05.782275
NAUTILUS=>2021-05-23 19:09:43.934887: Cycle: 1, Best Model: 0
NAUTILUS=>2021-05-23 19:09:43.934887: Cycle: 1, Best model loss: [0.828880786895752, 0.2970869541168213, 0.19052249193191528, 0.12513619661331177, 0.08048417419195175]
NAUTILUS=>2021-05-23 19:09:43.934887: Cycle: 1, Best model accuracy: [0.7468414902687073, 0.8900124430656433, 0.9346765279769897, 0.9563759565353394, 0.9700300097465515]
NAUTILUS=>2021-05-23 19:09:43.934887: Cycle: 1, Best model val_loss: [0.4639214277267456, 0.41468513011932373, 0.3532772362232208, 0.39335745573043823, 0.37415385246276855]
NAUTILUS=>2021-05-23 19:09:43.934887: Cycle: 1, Best model val_accuracy: [0.8359349966049194, 0.8561877608299255, 0.8714163899421692, 0.8704221248626709, 0.8852939605712891]
NAUTILUS=>2021-05-23 19:09:44.237282: Completed active learning cycle. Elapsed time: 0:01:39.456706
NAUTILUS=>2021-05-23 19:09:44.237299: ========> Active learning cycle: 2
NAUTILUS=>2021-05-23 19:09:44.237303: Starting data loading
NAUTILUS=>2021-05-23 19:10:33.582270: Completed data loading. Elapsed time: 0:00:49.344967
NAUTILUS=>2021-05-23 19:10:33.582287: Starting model selection
NAUTILUS=>2021-05-23 19:10:33.582305: Materializing training data
NAUTILUS=>2021-05-23 19:10:33.812303: Completed materializing training data. Elapsed time: 0:00:00.229998
NAUTILUS=>2021-05-23 19:10:33.812313: Generating intermediate features
NAUTILUS=>2021-05-23 19:10:42.481489: Completed generating intermediate features. Elapsed time: 0:00:08.669176
NAUTILUS=>2021-05-23 19:10:42.481508: Starting model training
NAUTILUS=>2021-05-23 19:12:51.177694: Completed model training. Elapsed time: 0:02:08.696186
NAUTILUS=>2021-05-23 19:12:51.177694: Cycle: 2, Model: 0, loss: [0.9820089936256409, 0.42822322249412537, 0.2744886577129364, 0.19114269316196442, 0.12522202730178833]
NAUTILUS=>2021-05-23 19:12:51.177694: Cycle: 2, Model: 0, accuracy: [0.6411345601081848, 0.8296785950660706, 0.8881787657737732, 0.9303540587425232, 0.9543465375900269]
NAUTILUS=>2021-05-23 19:12:51.177694: Cycle: 2, Model: 0, val_loss: [0.378217875957489, 0.34705260396003723, 0.2961651086807251, 0.28355544805526733, 0.305136114358902]
NAUTILUS=>2021-05-23 19:12:51.177694: Cycle: 2, Model: 0, val_accuracy: [0.8639460802078247, 0.8841715455055237, 0.9048786163330078, 0.9142364263534546, 0.9139883518218994]
NAUTILUS=>2021-05-23 19:12:51.177694: Cycle: 2, Model: 1, loss: [1.031630516052246, 0.49598366022109985, 0.33836865425109863, 0.2519090175628662, 0.17347869277000427]
NAUTILUS=>2021-05-23 19:12:51.177694: Cycle: 2, Model: 1, accuracy: [0.6214208006858826, 0.8046935200691223, 0.8720493316650391, 0.9077181816101074, 0.9331250190734863]
NAUTILUS=>2021-05-23 19:12:51.177694: Cycle: 2, Model: 1, val_loss: [0.4488494098186493, 0.3552568852901459, 0.2943028509616852, 0.28837546706199646, 0.27607956528663635]
NAUTILUS=>2021-05-23 19:12:51.177694: Cycle: 2, Model: 1, val_accuracy: [0.8425663709640503, 0.8833434581756592, 0.8984968066215515, 0.9134674668312073, 0.9148668646812439]
NAUTILUS=>2021-05-23 19:12:51.177694: Cycle: 2, Model: 2, loss: [1.1710573434829712, 0.5940358638763428, 0.4166698455810547, 0.326930969953537, 0.24684353172779083]
NAUTILUS=>2021-05-23 19:12:51.177694: Cycle: 2, Model: 2, accuracy: [0.5746650695800781, 0.7590763568878174, 0.8437793850898743, 0.8772196769714355, 0.906093418598175]
NAUTILUS=>2021-05-23 19:12:51.177694: Cycle: 2, Model: 2, val_loss: [0.5098970532417297, 0.3841044306755066, 0.3192782700061798, 0.3005669116973877, 0.27994731068611145]
NAUTILUS=>2021-05-23 19:12:51.177694: Cycle: 2, Model: 2, val_accuracy: [0.8162043690681458, 0.8690874576568604, 0.8832870721817017, 0.9080027937889099, 0.9080075621604919]
NAUTILUS=>2021-05-23 19:12:51.177694: Cycle: 2, Model: 3, loss: [1.2702641487121582, 0.6870141625404358, 0.504310667514801, 0.41127339005470276, 0.33217594027519226]
NAUTILUS=>2021-05-23 19:12:51.177694: Cycle: 2, Model: 3, accuracy: [0.5490967035293579, 0.7168906927108765, 0.8053242564201355, 0.8456637859344482, 0.8711362481117249]
NAUTILUS=>2021-05-23 19:12:51.177694: Cycle: 2, Model: 3, val_loss: [0.5931740999221802, 0.4284386932849884, 0.36116084456443787, 0.3322778344154358, 0.3065924346446991]
NAUTILUS=>2021-05-23 19:12:51.177694: Cycle: 2, Model: 3, val_accuracy: [0.7932661175727844, 0.8485016822814941, 0.8722827434539795, 0.8984524011611938, 0.9016739726066589]
NAUTILUS=>2021-05-23 19:12:51.177694: Cycle: 2, Model: 4, loss: [1.4514527320861816, 0.8877493143081665, 0.7038900256156921, 0.5856075882911682, 0.4960341155529022]
NAUTILUS=>2021-05-23 19:12:51.177694: Cycle: 2, Model: 4, accuracy: [0.5097699165344238, 0.6348280906677246, 0.7065922021865845, 0.7642958164215088, 0.8128173351287842]
NAUTILUS=>2021-05-23 19:12:51.177694: Cycle: 2, Model: 4, val_loss: [0.7447060942649841, 0.557397186756134, 0.4715612530708313, 0.41560640931129456, 0.38184329867362976]
NAUTILUS=>2021-05-23 19:12:51.177694: Cycle: 2, Model: 4, val_accuracy: [0.7591143250465393, 0.8084850311279297, 0.8386863470077515, 0.8604696393013, 0.8773206472396851]
NAUTILUS=>2021-05-23 19:12:51.177815: Starting to generating the best model
NAUTILUS=>2021-05-23 19:12:56.868835: Completed generating the best model. Elapsed time: 0:00:05.691020
NAUTILUS=>2021-05-23 19:12:56.868835: Cycle: 2, Best Model: 1
NAUTILUS=>2021-05-23 19:12:56.868835: Cycle: 2, Best model loss: [1.031630516052246, 0.49598366022109985, 0.33836865425109863, 0.2519090175628662, 0.17347869277000427]
NAUTILUS=>2021-05-23 19:12:56.868835: Cycle: 2, Best model accuracy: [0.6214208006858826, 0.8046935200691223, 0.8720493316650391, 0.9077181816101074, 0.9331250190734863]
NAUTILUS=>2021-05-23 19:12:56.868835: Cycle: 2, Best model val_loss: [0.4488494098186493, 0.3552568852901459, 0.2943028509616852, 0.28837546706199646, 0.27607956528663635]
NAUTILUS=>2021-05-23 19:12:56.868835: Cycle: 2, Best model val_accuracy: [0.8425663709640503, 0.8833434581756592, 0.8984968066215515, 0.9134674668312073, 0.9148668646812439]
NAUTILUS=>2021-05-23 19:12:57.162733: Completed active learning cycle. Elapsed time: 0:02:23.580446
NAUTILUS=>2021-05-23 19:12:57.162750: ========> Active learning cycle: 3
NAUTILUS=>2021-05-23 19:12:57.162754: Starting data loading
NAUTILUS=>2021-05-23 19:13:36.780316: Completed data loading. Elapsed time: 0:00:39.617562
NAUTILUS=>2021-05-23 19:13:36.780334: Starting model selection
NAUTILUS=>2021-05-23 19:13:36.780351: Materializing training data
NAUTILUS=>2021-05-23 19:13:37.006441: Completed materializing training data. Elapsed time: 0:00:00.226090
NAUTILUS=>2021-05-23 19:13:37.006451: Generating intermediate features
NAUTILUS=>2021-05-23 19:13:45.672432: Completed generating intermediate features. Elapsed time: 0:00:08.665981
NAUTILUS=>2021-05-23 19:13:45.672451: Starting model training
NAUTILUS=>2021-05-23 19:16:37.042126: Completed model training. Elapsed time: 0:02:51.369675
NAUTILUS=>2021-05-23 19:16:37.042126: Cycle: 3, Model: 0, loss: [1.0503240823745728, 0.5038192272186279, 0.34329548478126526, 0.27409422397613525, 0.18432030081748962]
NAUTILUS=>2021-05-23 19:16:37.042126: Cycle: 3, Model: 0, accuracy: [0.6394216418266296, 0.8110025525093079, 0.8757426142692566, 0.9025945067405701, 0.9401528835296631]
NAUTILUS=>2021-05-23 19:16:37.042126: Cycle: 3, Model: 0, val_loss: [0.36566832661628723, 0.2560340464115143, 0.27582311630249023, 0.31012749671936035, 0.2955993115901947]
NAUTILUS=>2021-05-23 19:16:37.042126: Cycle: 3, Model: 0, val_accuracy: [0.8686020970344543, 0.9100136160850525, 0.9169734716415405, 0.9171760082244873, 0.9122934937477112]
NAUTILUS=>2021-05-23 19:16:37.042126: Cycle: 3, Model: 1, loss: [1.0786219835281372, 0.5533128380775452, 0.41141536831855774, 0.3229483664035797, 0.24406537413597107]
NAUTILUS=>2021-05-23 19:16:37.042126: Cycle: 3, Model: 1, accuracy: [0.6122634410858154, 0.7813418507575989, 0.846768319606781, 0.8865628838539124, 0.9208267331123352]
NAUTILUS=>2021-05-23 19:16:37.042126: Cycle: 3, Model: 1, val_loss: [0.38938483595848083, 0.3041931986808777, 0.2628311812877655, 0.27452102303504944, 0.25541338324546814]
NAUTILUS=>2021-05-23 19:16:37.042126: Cycle: 3, Model: 1, val_accuracy: [0.8718843460083008, 0.8965688347816467, 0.9098889231681824, 0.9124472141265869, 0.9129377007484436]
NAUTILUS=>2021-05-23 19:16:37.042126: Cycle: 3, Model: 2, loss: [1.1734111309051514, 0.6405545473098755, 0.4942150413990021, 0.40278419852256775, 0.3289356529712677]
NAUTILUS=>2021-05-23 19:16:37.042126: Cycle: 3, Model: 2, accuracy: [0.580635666847229, 0.7494320273399353, 0.8104904890060425, 0.8541501760482788, 0.8839531540870667]
NAUTILUS=>2021-05-23 19:16:37.042126: Cycle: 3, Model: 2, val_loss: [0.47131678462028503, 0.35854095220565796, 0.3004438579082489, 0.27271783351898193, 0.26489606499671936]
NAUTILUS=>2021-05-23 19:16:37.042126: Cycle: 3, Model: 2, val_accuracy: [0.8249059915542603, 0.8742010593414307, 0.8958098292350769, 0.9077868461608887, 0.9134292602539062]
NAUTILUS=>2021-05-23 19:16:37.042126: Cycle: 3, Model: 3, loss: [1.2739770412445068, 0.7285146713256836, 0.5687881708145142, 0.47349512577056885, 0.3920932114124298]
NAUTILUS=>2021-05-23 19:16:37.042126: Cycle: 3, Model: 3, accuracy: [0.5530614256858826, 0.7097641825675964, 0.7803652286529541, 0.82074373960495, 0.8602864742279053]
NAUTILUS=>2021-05-23 19:16:37.042126: Cycle: 3, Model: 3, val_loss: [0.5316216349601746, 0.38841527700424194, 0.3417527675628662, 0.3005862534046173, 0.28646865487098694]
NAUTILUS=>2021-05-23 19:16:37.042126: Cycle: 3, Model: 3, val_accuracy: [0.8050476908683777, 0.8711074590682983, 0.8834086060523987, 0.8952108025550842, 0.9024705290794373]
NAUTILUS=>2021-05-23 19:16:37.042126: Cycle: 3, Model: 4, loss: [1.472325086593628, 0.9112445116043091, 0.7331180572509766, 0.6215204000473022, 0.5372510552406311]
NAUTILUS=>2021-05-23 19:16:37.042126: Cycle: 3, Model: 4, accuracy: [0.5054358243942261, 0.6356805562973022, 0.7062159776687622, 0.7632047533988953, 0.7958250641822815]
NAUTILUS=>2021-05-23 19:16:37.042126: Cycle: 3, Model: 4, val_loss: [0.6747691035270691, 0.5067815184593201, 0.4184145927429199, 0.37616926431655884, 0.34029093384742737]
NAUTILUS=>2021-05-23 19:16:37.042126: Cycle: 3, Model: 4, val_accuracy: [0.7709658145904541, 0.8268039226531982, 0.8575853705406189, 0.8713998198509216, 0.8867407441139221]
NAUTILUS=>2021-05-23 19:16:37.042249: Starting to generating the best model
NAUTILUS=>2021-05-23 19:16:42.778489: Completed generating the best model. Elapsed time: 0:00:05.736240
NAUTILUS=>2021-05-23 19:16:42.778489: Cycle: 3, Best Model: 2
NAUTILUS=>2021-05-23 19:16:42.778489: Cycle: 3, Best model loss: [1.1734111309051514, 0.6405545473098755, 0.4942150413990021, 0.40278419852256775, 0.3289356529712677]
NAUTILUS=>2021-05-23 19:16:42.778489: Cycle: 3, Best model accuracy: [0.580635666847229, 0.7494320273399353, 0.8104904890060425, 0.8541501760482788, 0.8839531540870667]
NAUTILUS=>2021-05-23 19:16:42.778489: Cycle: 3, Best model val_loss: [0.47131678462028503, 0.35854095220565796, 0.3004438579082489, 0.27271783351898193, 0.26489606499671936]
NAUTILUS=>2021-05-23 19:16:42.778489: Cycle: 3, Best model val_accuracy: [0.8249059915542603, 0.8742010593414307, 0.8958098292350769, 0.9077868461608887, 0.9134292602539062]
NAUTILUS=>2021-05-23 19:16:43.080622: Completed active learning cycle. Elapsed time: 0:03:06.300288
NAUTILUS=>2021-05-23 19:16:43.080639: ========> Active learning cycle: 4
NAUTILUS=>2021-05-23 19:16:43.080643: Starting data loading
NAUTILUS=>2021-05-23 19:17:28.659221: Completed data loading. Elapsed time: 0:00:45.578578
NAUTILUS=>2021-05-23 19:17:28.659238: Starting model selection
NAUTILUS=>2021-05-23 19:17:28.659255: Materializing training data
NAUTILUS=>2021-05-23 19:17:28.886977: Completed materializing training data. Elapsed time: 0:00:00.227722
NAUTILUS=>2021-05-23 19:17:28.886987: Generating intermediate features
NAUTILUS=>2021-05-23 19:17:37.499597: Completed generating intermediate features. Elapsed time: 0:00:08.612610
NAUTILUS=>2021-05-23 19:17:37.499616: Starting model training
NAUTILUS=>2021-05-23 19:21:12.966183: Completed model training. Elapsed time: 0:03:35.466567
NAUTILUS=>2021-05-23 19:21:12.966183: Cycle: 4, Model: 0, loss: [1.0007450580596924, 0.5386736392974854, 0.38935211300849915, 0.28623175621032715, 0.19687123596668243]
NAUTILUS=>2021-05-23 19:21:12.966183: Cycle: 4, Model: 0, accuracy: [0.6615559458732605, 0.813633143901825, 0.8663817048072815, 0.9032334089279175, 0.9374695420265198]
NAUTILUS=>2021-05-23 19:21:12.966183: Cycle: 4, Model: 0, val_loss: [0.35358813405036926, 0.2887240946292877, 0.26977843046188354, 0.24321216344833374, 0.2455395758152008]
NAUTILUS=>2021-05-23 19:21:12.966183: Cycle: 4, Model: 0, val_accuracy: [0.8783340454101562, 0.8984920382499695, 0.906108021736145, 0.9223610758781433, 0.9265408515930176]
NAUTILUS=>2021-05-23 19:21:12.966183: Cycle: 4, Model: 1, loss: [1.0142467021942139, 0.5698196291923523, 0.43418461084365845, 0.3525908291339874, 0.2743302285671234]
NAUTILUS=>2021-05-23 19:21:12.966183: Cycle: 4, Model: 1, accuracy: [0.6520774960517883, 0.7998597025871277, 0.8527160882949829, 0.8819565773010254, 0.9148235321044922]
NAUTILUS=>2021-05-23 19:21:12.966183: Cycle: 4, Model: 1, val_loss: [0.357993483543396, 0.2813897430896759, 0.24565917253494263, 0.23920086026191711, 0.23523733019828796]
NAUTILUS=>2021-05-23 19:21:12.966183: Cycle: 4, Model: 1, val_accuracy: [0.883351743221283, 0.8983660340309143, 0.9147924184799194, 0.9203234314918518, 0.9223295450210571]
NAUTILUS=>2021-05-23 19:21:12.966183: Cycle: 4, Model: 2, loss: [1.088930368423462, 0.6305785179138184, 0.4959678649902344, 0.4107177257537842, 0.34650394320487976]
NAUTILUS=>2021-05-23 19:21:12.966183: Cycle: 4, Model: 2, accuracy: [0.6281378269195557, 0.7715151309967041, 0.8276664614677429, 0.8608231544494629, 0.8871836066246033]
NAUTILUS=>2021-05-23 19:21:12.966183: Cycle: 4, Model: 2, val_loss: [0.4040851294994354, 0.29758158326148987, 0.2775494456291199, 0.24165938794612885, 0.24623627960681915]
NAUTILUS=>2021-05-23 19:21:12.966183: Cycle: 4, Model: 2, val_accuracy: [0.8620694875717163, 0.8995107412338257, 0.9048641324043274, 0.917738676071167, 0.9149627685546875]
NAUTILUS=>2021-05-23 19:21:12.966183: Cycle: 4, Model: 3, loss: [1.157570242881775, 0.7072559595108032, 0.5625317692756653, 0.4762425720691681, 0.40739184617996216]
NAUTILUS=>2021-05-23 19:21:12.966183: Cycle: 4, Model: 3, accuracy: [0.5996688008308411, 0.7423927187919617, 0.8035558462142944, 0.833922803401947, 0.8620312213897705]
NAUTILUS=>2021-05-23 19:21:12.966183: Cycle: 4, Model: 3, val_loss: [0.4594841003417969, 0.34411075711250305, 0.30147138237953186, 0.2650788128376007, 0.2584414780139923]
NAUTILUS=>2021-05-23 19:21:12.966183: Cycle: 4, Model: 3, val_accuracy: [0.8350563049316406, 0.8728525042533875, 0.8964491486549377, 0.9098873138427734, 0.9113976359367371]
NAUTILUS=>2021-05-23 19:21:12.966183: Cycle: 4, Model: 4, loss: [1.3454225063323975, 0.8739070892333984, 0.7182663083076477, 0.6176023483276367, 0.5488802194595337]
NAUTILUS=>2021-05-23 19:21:12.966183: Cycle: 4, Model: 4, accuracy: [0.5440038442611694, 0.6713788509368896, 0.7311091423034668, 0.7757835388183594, 0.8040665984153748]
NAUTILUS=>2021-05-23 19:21:12.966183: Cycle: 4, Model: 4, val_loss: [0.5900522470474243, 0.44375625252723694, 0.37626031041145325, 0.34677886962890625, 0.3064459264278412]
NAUTILUS=>2021-05-23 19:21:12.966183: Cycle: 4, Model: 4, val_accuracy: [0.7976731061935425, 0.8407654762268066, 0.8682580590248108, 0.8782362937927246, 0.8947235345840454]
NAUTILUS=>2021-05-23 19:21:12.966304: Starting to generating the best model
NAUTILUS=>2021-05-23 19:21:18.684711: Completed generating the best model. Elapsed time: 0:00:05.718407
NAUTILUS=>2021-05-23 19:21:18.684711: Cycle: 4, Best Model: 0
NAUTILUS=>2021-05-23 19:21:18.684711: Cycle: 4, Best model loss: [1.0007450580596924, 0.5386736392974854, 0.38935211300849915, 0.28623175621032715, 0.19687123596668243]
NAUTILUS=>2021-05-23 19:21:18.684711: Cycle: 4, Best model accuracy: [0.6615559458732605, 0.813633143901825, 0.8663817048072815, 0.9032334089279175, 0.9374695420265198]
NAUTILUS=>2021-05-23 19:21:18.684711: Cycle: 4, Best model val_loss: [0.35358813405036926, 0.2887240946292877, 0.26977843046188354, 0.24321216344833374, 0.2455395758152008]
NAUTILUS=>2021-05-23 19:21:18.684711: Cycle: 4, Best model val_accuracy: [0.8783340454101562, 0.8984920382499695, 0.906108021736145, 0.9223610758781433, 0.9265408515930176]
NAUTILUS=>2021-05-23 19:21:18.986641: Completed active learning cycle. Elapsed time: 0:03:50.327403
NAUTILUS=>2021-05-23 19:21:18.986658: ========> Active learning cycle: 5
NAUTILUS=>2021-05-23 19:21:18.986662: Starting data loading
NAUTILUS=>2021-05-23 19:21:55.136210: Completed data loading. Elapsed time: 0:00:36.149548
NAUTILUS=>2021-05-23 19:21:55.136227: Starting model selection
NAUTILUS=>2021-05-23 19:21:55.136244: Materializing training data
NAUTILUS=>2021-05-23 19:21:55.365754: Completed materializing training data. Elapsed time: 0:00:00.229510
NAUTILUS=>2021-05-23 19:21:55.365768: Generating intermediate features
NAUTILUS=>2021-05-23 19:22:03.948168: Completed generating intermediate features. Elapsed time: 0:00:08.582400
NAUTILUS=>2021-05-23 19:22:03.948186: Starting model training
NAUTILUS=>2021-05-23 19:26:23.155567: Completed model training. Elapsed time: 0:04:19.207381
NAUTILUS=>2021-05-23 19:26:23.155567: Cycle: 5, Model: 0, loss: [0.8848878145217896, 0.48879095911979675, 0.3627718687057495, 0.27218595147132874, 0.2061728686094284]
NAUTILUS=>2021-05-23 19:26:23.155567: Cycle: 5, Model: 0, accuracy: [0.697338879108429, 0.8288840651512146, 0.8729316592216492, 0.9055098295211792, 0.9343339800834656]
NAUTILUS=>2021-05-23 19:26:23.155567: Cycle: 5, Model: 0, val_loss: [0.31290188431739807, 0.25376373529434204, 0.23948748409748077, 0.22341026365756989, 0.2342166155576706]
NAUTILUS=>2021-05-23 19:26:23.155567: Cycle: 5, Model: 0, val_accuracy: [0.8828927874565125, 0.9140087366104126, 0.920835554599762, 0.9284613132476807, 0.9284204244613647]
NAUTILUS=>2021-05-23 19:26:23.155567: Cycle: 5, Model: 1, loss: [0.931462824344635, 0.5267236828804016, 0.405816912651062, 0.32352134585380554, 0.26926350593566895]
NAUTILUS=>2021-05-23 19:26:23.155567: Cycle: 5, Model: 1, accuracy: [0.6760247945785522, 0.812559962272644, 0.8585521578788757, 0.890867292881012, 0.913202166557312]
NAUTILUS=>2021-05-23 19:26:23.155567: Cycle: 5, Model: 1, val_loss: [0.3221791088581085, 0.256032258272171, 0.23639313876628876, 0.21526898443698883, 0.21449017524719238]
NAUTILUS=>2021-05-23 19:26:23.155567: Cycle: 5, Model: 1, val_accuracy: [0.8834271430969238, 0.9131736159324646, 0.9191558361053467, 0.9234687685966492, 0.927733838558197]
NAUTILUS=>2021-05-23 19:26:23.155567: Cycle: 5, Model: 2, loss: [0.9871426224708557, 0.576689600944519, 0.45632660388946533, 0.3781070411205292, 0.32490047812461853]
NAUTILUS=>2021-05-23 19:26:23.155567: Cycle: 5, Model: 2, accuracy: [0.6508467197418213, 0.7911696434020996, 0.8388306498527527, 0.8714576959609985, 0.893989622592926]
NAUTILUS=>2021-05-23 19:26:23.155567: Cycle: 5, Model: 2, val_loss: [0.36145877838134766, 0.28238633275032043, 0.248015895485878, 0.22655874490737915, 0.21870160102844238]
NAUTILUS=>2021-05-23 19:26:23.155567: Cycle: 5, Model: 2, val_accuracy: [0.8718570470809937, 0.9073320031166077, 0.9183659553527832, 0.9207580089569092, 0.9231885671615601]
NAUTILUS=>2021-05-23 19:26:23.155567: Cycle: 5, Model: 3, loss: [1.0761611461639404, 0.6479772925376892, 0.5219250917434692, 0.4377794861793518, 0.38239797949790955]
NAUTILUS=>2021-05-23 19:26:23.155567: Cycle: 5, Model: 3, accuracy: [0.6204816102981567, 0.7633841037750244, 0.8116997480392456, 0.8473471403121948, 0.8717269897460938]
NAUTILUS=>2021-05-23 19:26:23.155567: Cycle: 5, Model: 3, val_loss: [0.4186553359031677, 0.3157375752925873, 0.27084529399871826, 0.24474231898784637, 0.23244576156139374]
NAUTILUS=>2021-05-23 19:26:23.155567: Cycle: 5, Model: 3, val_accuracy: [0.8494088649749756, 0.8946815729141235, 0.9061723351478577, 0.917978823184967, 0.9197957515716553]
NAUTILUS=>2021-05-23 19:26:23.155567: Cycle: 5, Model: 4, loss: [1.2357624769210815, 0.7958910465240479, 0.6439173817634583, 0.5554220080375671, 0.49414271116256714]
NAUTILUS=>2021-05-23 19:26:23.155567: Cycle: 5, Model: 4, accuracy: [0.5745130181312561, 0.7015500068664551, 0.7596748471260071, 0.7991726398468018, 0.8284165859222412]
NAUTILUS=>2021-05-23 19:26:23.155567: Cycle: 5, Model: 4, val_loss: [0.5611566305160522, 0.4009929895401001, 0.33768612146377563, 0.29787594079971313, 0.27466508746147156]
NAUTILUS=>2021-05-23 19:26:23.155567: Cycle: 5, Model: 4, val_accuracy: [0.8082491159439087, 0.858737587928772, 0.8851794004440308, 0.8972901701927185, 0.9067664742469788]
NAUTILUS=>2021-05-23 19:26:23.155687: Starting to generating the best model
NAUTILUS=>2021-05-23 19:26:28.884242: Completed generating the best model. Elapsed time: 0:00:05.728555
NAUTILUS=>2021-05-23 19:26:28.884242: Cycle: 5, Best Model: 0
NAUTILUS=>2021-05-23 19:26:28.884242: Cycle: 5, Best model loss: [0.8848878145217896, 0.48879095911979675, 0.3627718687057495, 0.27218595147132874, 0.2061728686094284]
NAUTILUS=>2021-05-23 19:26:28.884242: Cycle: 5, Best model accuracy: [0.697338879108429, 0.8288840651512146, 0.8729316592216492, 0.9055098295211792, 0.9343339800834656]
NAUTILUS=>2021-05-23 19:26:28.884242: Cycle: 5, Best model val_loss: [0.31290188431739807, 0.25376373529434204, 0.23948748409748077, 0.22341026365756989, 0.2342166155576706]
NAUTILUS=>2021-05-23 19:26:28.884242: Cycle: 5, Best model val_accuracy: [0.8828927874565125, 0.9140087366104126, 0.920835554599762, 0.9284613132476807, 0.9284204244613647]
NAUTILUS=>2021-05-23 19:26:29.190902: Completed active learning cycle. Elapsed time: 0:04:34.054675
NAUTILUS=>2021-05-23 19:26:29.190919: ========> Active learning cycle: 6
NAUTILUS=>2021-05-23 19:26:29.190923: Starting data loading
NAUTILUS=>2021-05-23 19:27:10.653583: Completed data loading. Elapsed time: 0:00:41.462660
NAUTILUS=>2021-05-23 19:27:10.653601: Starting model selection
NAUTILUS=>2021-05-23 19:27:10.653627: Materializing training data
NAUTILUS=>2021-05-23 19:27:10.882624: Completed materializing training data. Elapsed time: 0:00:00.228997
NAUTILUS=>2021-05-23 19:27:10.882636: Generating intermediate features
NAUTILUS=>2021-05-23 19:27:19.666410: Completed generating intermediate features. Elapsed time: 0:00:08.783774
NAUTILUS=>2021-05-23 19:27:19.666434: Starting model training
NAUTILUS=>2021-05-23 19:32:24.002499: Completed model training. Elapsed time: 0:05:04.336065
NAUTILUS=>2021-05-23 19:32:24.002499: Cycle: 6, Model: 0, loss: [0.7799059748649597, 0.44751977920532227, 0.3352033197879791, 0.2527945339679718, 0.1762615591287613]
NAUTILUS=>2021-05-23 19:32:24.002499: Cycle: 6, Model: 0, accuracy: [0.732487142086029, 0.8406215310096741, 0.8847308158874512, 0.9127742648124695, 0.9426755905151367]
NAUTILUS=>2021-05-23 19:32:24.002499: Cycle: 6, Model: 0, val_loss: [0.2617006301879883, 0.2251167595386505, 0.22748515009880066, 0.21376170217990875, 0.206168994307518]
NAUTILUS=>2021-05-23 19:32:24.002499: Cycle: 6, Model: 0, val_accuracy: [0.9085649847984314, 0.9225978851318359, 0.9225368499755859, 0.9260216355323792, 0.9396024346351624]
NAUTILUS=>2021-05-23 19:32:24.002499: Cycle: 6, Model: 1, loss: [0.8577334880828857, 0.4769701659679413, 0.36819326877593994, 0.29865533113479614, 0.2383086383342743]
NAUTILUS=>2021-05-23 19:32:24.002499: Cycle: 6, Model: 1, accuracy: [0.7027397155761719, 0.8298553824424744, 0.8731132745742798, 0.8976854681968689, 0.9217761158943176]
NAUTILUS=>2021-05-23 19:32:24.002499: Cycle: 6, Model: 1, val_loss: [0.2994542121887207, 0.23533648252487183, 0.23076215386390686, 0.2149992436170578, 0.19967922568321228]
NAUTILUS=>2021-05-23 19:32:24.002499: Cycle: 6, Model: 1, val_accuracy: [0.8887873291969299, 0.9165675044059753, 0.9221133589744568, 0.9264320135116577, 0.932578444480896]
NAUTILUS=>2021-05-23 19:32:24.002499: Cycle: 6, Model: 2, loss: [0.9080008864402771, 0.5181938409805298, 0.416238009929657, 0.3497507870197296, 0.29401424527168274]
NAUTILUS=>2021-05-23 19:32:24.002499: Cycle: 6, Model: 2, accuracy: [0.68609219789505, 0.812924325466156, 0.8533921241760254, 0.8781057596206665, 0.9023430347442627]
NAUTILUS=>2021-05-23 19:32:24.002499: Cycle: 6, Model: 2, val_loss: [0.32551291584968567, 0.24867963790893555, 0.2447500079870224, 0.21283544600009918, 0.20958676934242249]
NAUTILUS=>2021-05-23 19:32:24.002499: Cycle: 6, Model: 2, val_accuracy: [0.8861247897148132, 0.9106525778770447, 0.9180237054824829, 0.9212964773178101, 0.9266910552978516]
NAUTILUS=>2021-05-23 19:32:24.002499: Cycle: 6, Model: 3, loss: [0.9801281690597534, 0.5705810785293579, 0.461067795753479, 0.39663398265838623, 0.34780922532081604]
NAUTILUS=>2021-05-23 19:32:24.002499: Cycle: 6, Model: 3, accuracy: [0.6618385910987854, 0.7917631268501282, 0.8346881866455078, 0.8589101433753967, 0.8812127709388733]
NAUTILUS=>2021-05-23 19:32:24.002499: Cycle: 6, Model: 3, val_loss: [0.36156296730041504, 0.2740590572357178, 0.266250342130661, 0.22509430348873138, 0.2198164314031601]
NAUTILUS=>2021-05-23 19:32:24.002499: Cycle: 6, Model: 3, val_accuracy: [0.8762493133544922, 0.9015923142433167, 0.9119346141815186, 0.9198166131973267, 0.9219072461128235]
NAUTILUS=>2021-05-23 19:32:24.002499: Cycle: 6, Model: 4, loss: [1.1333469152450562, 0.7038822174072266, 0.5728996396064758, 0.49553313851356506, 0.4456993639469147]
NAUTILUS=>2021-05-23 19:32:24.002499: Cycle: 6, Model: 4, accuracy: [0.614450216293335, 0.73756343126297, 0.7919691205024719, 0.8212749361991882, 0.8419767022132874]
NAUTILUS=>2021-05-23 19:32:24.002499: Cycle: 6, Model: 4, val_loss: [0.46708375215530396, 0.34691810607910156, 0.3017117977142334, 0.26680445671081543, 0.2525767385959625]
NAUTILUS=>2021-05-23 19:32:24.002499: Cycle: 6, Model: 4, val_accuracy: [0.8400861024856567, 0.8770944476127625, 0.8971181511878967, 0.9115228056907654, 0.914396345615387]
NAUTILUS=>2021-05-23 19:32:24.002621: Starting to generating the best model
NAUTILUS=>2021-05-23 19:32:29.687675: Completed generating the best model. Elapsed time: 0:00:05.685054
NAUTILUS=>2021-05-23 19:32:29.687675: Cycle: 6, Best Model: 0
NAUTILUS=>2021-05-23 19:32:29.687675: Cycle: 6, Best model loss: [0.7799059748649597, 0.44751977920532227, 0.3352033197879791, 0.2527945339679718, 0.1762615591287613]
NAUTILUS=>2021-05-23 19:32:29.687675: Cycle: 6, Best model accuracy: [0.732487142086029, 0.8406215310096741, 0.8847308158874512, 0.9127742648124695, 0.9426755905151367]
NAUTILUS=>2021-05-23 19:32:29.687675: Cycle: 6, Best model val_loss: [0.2617006301879883, 0.2251167595386505, 0.22748515009880066, 0.21376170217990875, 0.206168994307518]
NAUTILUS=>2021-05-23 19:32:29.687675: Cycle: 6, Best model val_accuracy: [0.9085649847984314, 0.9225978851318359, 0.9225368499755859, 0.9260216355323792, 0.9396024346351624]
NAUTILUS=>2021-05-23 19:32:29.993533: Completed active learning cycle. Elapsed time: 0:05:19.339932
NAUTILUS=>2021-05-23 19:32:29.993550: ========> Active learning cycle: 7
NAUTILUS=>2021-05-23 19:32:29.993553: Starting data loading
NAUTILUS=>2021-05-23 19:33:02.758661: Completed data loading. Elapsed time: 0:00:32.765108
NAUTILUS=>2021-05-23 19:33:02.758677: Starting model selection
NAUTILUS=>2021-05-23 19:33:02.758693: Materializing training data
NAUTILUS=>2021-05-23 19:33:02.992899: Completed materializing training data. Elapsed time: 0:00:00.234206
NAUTILUS=>2021-05-23 19:33:02.992914: Generating intermediate features
NAUTILUS=>2021-05-23 19:33:11.656043: Completed generating intermediate features. Elapsed time: 0:00:08.663129
NAUTILUS=>2021-05-23 19:33:11.656062: Starting model training
NAUTILUS=>2021-05-23 19:38:57.998216: Completed model training. Elapsed time: 0:05:46.342154
NAUTILUS=>2021-05-23 19:38:57.998216: Cycle: 7, Model: 0, loss: [0.7210489511489868, 0.4092576503753662, 0.30445170402526855, 0.2211378663778305, 0.15454119443893433]
NAUTILUS=>2021-05-23 19:38:57.998216: Cycle: 7, Model: 0, accuracy: [0.7428813576698303, 0.8553975224494934, 0.8921898603439331, 0.9242388010025024, 0.9469484090805054]
NAUTILUS=>2021-05-23 19:38:57.998216: Cycle: 7, Model: 0, val_loss: [0.2707756757736206, 0.24026009440422058, 0.21184054017066956, 0.19838587939739227, 0.20356407761573792]
NAUTILUS=>2021-05-23 19:38:57.998216: Cycle: 7, Model: 0, val_accuracy: [0.9040488004684448, 0.9125903248786926, 0.9240053296089172, 0.9326165914535522, 0.938501238822937]
NAUTILUS=>2021-05-23 19:38:57.998216: Cycle: 7, Model: 1, loss: [0.7434539198875427, 0.4337294101715088, 0.34241706132888794, 0.2751854658126831, 0.21608343720436096]
NAUTILUS=>2021-05-23 19:38:57.998216: Cycle: 7, Model: 1, accuracy: [0.7365965247154236, 0.8461467027664185, 0.8774643540382385, 0.9037654399871826, 0.9280001521110535]
NAUTILUS=>2021-05-23 19:38:57.998216: Cycle: 7, Model: 1, val_loss: [0.27121761441230774, 0.23520317673683167, 0.20953543484210968, 0.19085301458835602, 0.20605695247650146]
NAUTILUS=>2021-05-23 19:38:57.998216: Cycle: 7, Model: 1, val_accuracy: [0.8990492224693298, 0.911944568157196, 0.9277746677398682, 0.934415876865387, 0.9318259954452515]
NAUTILUS=>2021-05-23 19:38:57.998216: Cycle: 7, Model: 2, loss: [0.8064925074577332, 0.4696156978607178, 0.3784085214138031, 0.31999391317367554, 0.2689339220523834]
NAUTILUS=>2021-05-23 19:38:57.998216: Cycle: 7, Model: 2, accuracy: [0.7110469937324524, 0.825434684753418, 0.8634249567985535, 0.8862703442573547, 0.9094283580780029]
NAUTILUS=>2021-05-23 19:38:57.998216: Cycle: 7, Model: 2, val_loss: [0.287257581949234, 0.25581058859825134, 0.21671973168849945, 0.19970209896564484, 0.19689823687076569]
NAUTILUS=>2021-05-23 19:38:57.998216: Cycle: 7, Model: 2, val_accuracy: [0.8976507782936096, 0.9059022665023804, 0.9251323342323303, 0.9306334853172302, 0.9324584007263184]
NAUTILUS=>2021-05-23 19:38:57.998216: Cycle: 7, Model: 3, loss: [0.8916301727294922, 0.5187742114067078, 0.41736677289009094, 0.3593777120113373, 0.31207922101020813]
NAUTILUS=>2021-05-23 19:38:57.998216: Cycle: 7, Model: 3, accuracy: [0.6843173503875732, 0.8057207465171814, 0.8469839692115784, 0.8699266910552979, 0.8906269073486328]
NAUTILUS=>2021-05-23 19:38:57.998216: Cycle: 7, Model: 3, val_loss: [0.32793787121772766, 0.2756146788597107, 0.23478057980537415, 0.2069612592458725, 0.19912563264369965]
NAUTILUS=>2021-05-23 19:38:57.998216: Cycle: 7, Model: 3, val_accuracy: [0.8821759819984436, 0.8978015780448914, 0.9153954386711121, 0.9256220459938049, 0.9305779337882996]
NAUTILUS=>2021-05-23 19:38:57.998216: Cycle: 7, Model: 4, loss: [1.0455613136291504, 0.6339061856269836, 0.5196515917778015, 0.45144861936569214, 0.400484561920166]
NAUTILUS=>2021-05-23 19:38:57.998216: Cycle: 7, Model: 4, accuracy: [0.6390662789344788, 0.7591221332550049, 0.8074918985366821, 0.8335452079772949, 0.853007972240448]
NAUTILUS=>2021-05-23 19:38:57.998216: Cycle: 7, Model: 4, val_loss: [0.4361328184604645, 0.32830125093460083, 0.2913833558559418, 0.24543625116348267, 0.22993244230747223]
NAUTILUS=>2021-05-23 19:38:57.998216: Cycle: 7, Model: 4, val_accuracy: [0.8418149352073669, 0.8831007480621338, 0.9000846743583679, 0.9128425717353821, 0.9180158972740173]
NAUTILUS=>2021-05-23 19:38:57.998337: Starting to generating the best model
NAUTILUS=>2021-05-23 19:39:04.019896: Completed generating the best model. Elapsed time: 0:00:06.021559
NAUTILUS=>2021-05-23 19:39:04.019896: Cycle: 7, Best Model: 0
NAUTILUS=>2021-05-23 19:39:04.019896: Cycle: 7, Best model loss: [0.7210489511489868, 0.4092576503753662, 0.30445170402526855, 0.2211378663778305, 0.15454119443893433]
NAUTILUS=>2021-05-23 19:39:04.019896: Cycle: 7, Best model accuracy: [0.7428813576698303, 0.8553975224494934, 0.8921898603439331, 0.9242388010025024, 0.9469484090805054]
NAUTILUS=>2021-05-23 19:39:04.019896: Cycle: 7, Best model val_loss: [0.2707756757736206, 0.24026009440422058, 0.21184054017066956, 0.19838587939739227, 0.20356407761573792]
NAUTILUS=>2021-05-23 19:39:04.019896: Cycle: 7, Best model val_accuracy: [0.9040488004684448, 0.9125903248786926, 0.9240053296089172, 0.9326165914535522, 0.938501238822937]
NAUTILUS=>2021-05-23 19:39:04.325619: Completed active learning cycle. Elapsed time: 0:06:01.566942
NAUTILUS=>2021-05-23 19:39:04.325637: ========> Active learning cycle: 8
NAUTILUS=>2021-05-23 19:39:04.325641: Starting data loading
NAUTILUS=>2021-05-23 19:39:41.325760: Completed data loading. Elapsed time: 0:00:37.000119
NAUTILUS=>2021-05-23 19:39:41.325776: Starting model selection
NAUTILUS=>2021-05-23 19:39:41.325792: Materializing training data
NAUTILUS=>2021-05-23 19:39:41.565310: Completed materializing training data. Elapsed time: 0:00:00.239518
NAUTILUS=>2021-05-23 19:39:41.565323: Generating intermediate features
NAUTILUS=>2021-05-23 19:39:50.183681: Completed generating intermediate features. Elapsed time: 0:00:08.618358
NAUTILUS=>2021-05-23 19:39:50.183700: Starting model training
NAUTILUS=>2021-05-23 19:46:20.553016: Completed model training. Elapsed time: 0:06:30.369316
NAUTILUS=>2021-05-23 19:46:20.553016: Cycle: 8, Model: 0, loss: [0.6718448400497437, 0.3807009160518646, 0.2823652923107147, 0.2076112926006317, 0.14397749304771423]
NAUTILUS=>2021-05-23 19:46:20.553016: Cycle: 8, Model: 0, accuracy: [0.7587196826934814, 0.8660128712654114, 0.8980731964111328, 0.9282039403915405, 0.9491518139839172]
NAUTILUS=>2021-05-23 19:46:20.553016: Cycle: 8, Model: 0, val_loss: [0.22863587737083435, 0.2030155062675476, 0.18493080139160156, 0.18176321685314178, 0.17416447401046753]
NAUTILUS=>2021-05-23 19:46:20.553016: Cycle: 8, Model: 0, val_accuracy: [0.915519118309021, 0.9282082915306091, 0.9356071352958679, 0.9361710548400879, 0.9417523145675659]
NAUTILUS=>2021-05-23 19:46:20.553016: Cycle: 8, Model: 1, loss: [0.6902695298194885, 0.39783990383148193, 0.315409779548645, 0.2507399618625641, 0.20231473445892334]
NAUTILUS=>2021-05-23 19:46:20.553016: Cycle: 8, Model: 1, accuracy: [0.753304660320282, 0.8575289845466614, 0.8884945511817932, 0.9145820736885071, 0.9287827014923096]
NAUTILUS=>2021-05-23 19:46:20.553016: Cycle: 8, Model: 1, val_loss: [0.2558402717113495, 0.21755363047122955, 0.19007211923599243, 0.2072482705116272, 0.1817731261253357]
NAUTILUS=>2021-05-23 19:46:20.553016: Cycle: 8, Model: 1, val_accuracy: [0.9043871164321899, 0.9253643751144409, 0.9292773604393005, 0.9284062385559082, 0.9338024854660034]
NAUTILUS=>2021-05-23 19:46:20.553016: Cycle: 8, Model: 2, loss: [0.7524764537811279, 0.42888665199279785, 0.348734974861145, 0.2905641496181488, 0.24767270684242249]
NAUTILUS=>2021-05-23 19:46:20.553016: Cycle: 8, Model: 2, accuracy: [0.7313785552978516, 0.8412048816680908, 0.8743583559989929, 0.8988536596298218, 0.9137240648269653]
NAUTILUS=>2021-05-23 19:46:20.553016: Cycle: 8, Model: 2, val_loss: [0.28271210193634033, 0.23825085163116455, 0.20550088584423065, 0.22930751740932465, 0.18564723432064056]
NAUTILUS=>2021-05-23 19:46:20.553016: Cycle: 8, Model: 2, val_accuracy: [0.8967980146408081, 0.9163406491279602, 0.9278138875961304, 0.9193829894065857, 0.9301071763038635]
NAUTILUS=>2021-05-23 19:46:20.553016: Cycle: 8, Model: 3, loss: [0.811948299407959, 0.472953200340271, 0.38307511806488037, 0.3278703987598419, 0.28738510608673096]
NAUTILUS=>2021-05-23 19:46:20.553016: Cycle: 8, Model: 3, accuracy: [0.7093144059181213, 0.8223863244056702, 0.8592469692230225, 0.8852560520172119, 0.8993871808052063]
NAUTILUS=>2021-05-23 19:46:20.553016: Cycle: 8, Model: 3, val_loss: [0.31324243545532227, 0.24673952162265778, 0.22166448831558228, 0.2188728153705597, 0.19268915057182312]
NAUTILUS=>2021-05-23 19:46:20.553016: Cycle: 8, Model: 3, val_accuracy: [0.8893628716468811, 0.9100815057754517, 0.9226542711257935, 0.926652729511261, 0.9273749589920044]
NAUTILUS=>2021-05-23 19:46:20.553016: Cycle: 8, Model: 4, loss: [0.9570659399032593, 0.5745843648910522, 0.4681316018104553, 0.4082569181919098, 0.36788561940193176]
NAUTILUS=>2021-05-23 19:46:20.553016: Cycle: 8, Model: 4, accuracy: [0.6653990149497986, 0.7835665941238403, 0.8239825367927551, 0.8506190776824951, 0.8649597764015198]
NAUTILUS=>2021-05-23 19:46:20.553016: Cycle: 8, Model: 4, val_loss: [0.39757683873176575, 0.2962853014469147, 0.2523559331893921, 0.23184621334075928, 0.21819229423999786]
NAUTILUS=>2021-05-23 19:46:20.553016: Cycle: 8, Model: 4, val_accuracy: [0.852338433265686, 0.8883213996887207, 0.9105157256126404, 0.9199154376983643, 0.9212221503257751]
NAUTILUS=>2021-05-23 19:46:20.553139: Starting to generating the best model
NAUTILUS=>2021-05-23 19:46:26.252288: Completed generating the best model. Elapsed time: 0:00:05.699149
NAUTILUS=>2021-05-23 19:46:26.252288: Cycle: 8, Best Model: 0
NAUTILUS=>2021-05-23 19:46:26.252288: Cycle: 8, Best model loss: [0.6718448400497437, 0.3807009160518646, 0.2823652923107147, 0.2076112926006317, 0.14397749304771423]
NAUTILUS=>2021-05-23 19:46:26.252288: Cycle: 8, Best model accuracy: [0.7587196826934814, 0.8660128712654114, 0.8980731964111328, 0.9282039403915405, 0.9491518139839172]
NAUTILUS=>2021-05-23 19:46:26.252288: Cycle: 8, Best model val_loss: [0.22863587737083435, 0.2030155062675476, 0.18493080139160156, 0.18176321685314178, 0.17416447401046753]
NAUTILUS=>2021-05-23 19:46:26.252288: Cycle: 8, Best model val_accuracy: [0.915519118309021, 0.9282082915306091, 0.9356071352958679, 0.9361710548400879, 0.9417523145675659]
NAUTILUS=>2021-05-23 19:46:26.548883: Completed active learning cycle. Elapsed time: 0:06:45.223107
NAUTILUS=>2021-05-23 19:46:26.548900: ========> Active learning cycle: 9
NAUTILUS=>2021-05-23 19:46:26.548904: Starting data loading
NAUTILUS=>2021-05-23 19:46:55.865720: Completed data loading. Elapsed time: 0:00:29.316816
NAUTILUS=>2021-05-23 19:46:55.865738: Starting model selection
NAUTILUS=>2021-05-23 19:46:55.865755: Materializing training data
NAUTILUS=>2021-05-23 19:46:56.094445: Completed materializing training data. Elapsed time: 0:00:00.228690
NAUTILUS=>2021-05-23 19:46:56.094455: Generating intermediate features
NAUTILUS=>2021-05-23 19:47:04.789742: Completed generating intermediate features. Elapsed time: 0:00:08.695287
NAUTILUS=>2021-05-23 19:47:04.789761: Starting model training
NAUTILUS=>2021-05-23 19:54:18.919569: Completed model training. Elapsed time: 0:07:14.129808
NAUTILUS=>2021-05-23 19:54:18.919569: Cycle: 9, Model: 0, loss: [0.5994001030921936, 0.34691840410232544, 0.25637686252593994, 0.1871970295906067, 0.12991678714752197]
NAUTILUS=>2021-05-23 19:54:18.919569: Cycle: 9, Model: 0, accuracy: [0.7850269675254822, 0.8763583898544312, 0.9091951251029968, 0.9382106065750122, 0.9586482644081116]
NAUTILUS=>2021-05-23 19:54:18.919569: Cycle: 9, Model: 0, val_loss: [0.2532639801502228, 0.20106619596481323, 0.21742025017738342, 0.2034749686717987, 0.15851855278015137]
NAUTILUS=>2021-05-23 19:54:18.919569: Cycle: 9, Model: 0, val_accuracy: [0.9074808359146118, 0.9269320964813232, 0.9227011203765869, 0.9341027140617371, 0.9529892802238464]
NAUTILUS=>2021-05-23 19:54:18.919569: Cycle: 9, Model: 1, loss: [0.633196234703064, 0.36707428097724915, 0.28609606623649597, 0.2328377068042755, 0.18655724823474884]
NAUTILUS=>2021-05-23 19:54:18.919569: Cycle: 9, Model: 1, accuracy: [0.7736384868621826, 0.8667924404144287, 0.8987037539482117, 0.922006368637085, 0.9387070536613464]
NAUTILUS=>2021-05-23 19:54:18.919569: Cycle: 9, Model: 1, val_loss: [0.2631303369998932, 0.2094380408525467, 0.2199176549911499, 0.18535758554935455, 0.16279326379299164]
NAUTILUS=>2021-05-23 19:54:18.919569: Cycle: 9, Model: 1, val_accuracy: [0.9046743512153625, 0.9249738454818726, 0.9212781190872192, 0.9381538033485413, 0.9470577239990234]
NAUTILUS=>2021-05-23 19:54:18.919569: Cycle: 9, Model: 2, loss: [0.678204357624054, 0.39580824971199036, 0.3182631731033325, 0.2711067795753479, 0.2346578985452652]
NAUTILUS=>2021-05-23 19:54:18.919569: Cycle: 9, Model: 2, accuracy: [0.7603383660316467, 0.8549362421035767, 0.8845474720001221, 0.9051306247711182, 0.9221205115318298]
NAUTILUS=>2021-05-23 19:54:18.919569: Cycle: 9, Model: 2, val_loss: [0.2657715380191803, 0.21907731890678406, 0.20843039453029633, 0.18419991433620453, 0.16948215663433075]
NAUTILUS=>2021-05-23 19:54:18.919569: Cycle: 9, Model: 2, val_accuracy: [0.9059364795684814, 0.9250432848930359, 0.9280872941017151, 0.9385952353477478, 0.9416543841362]
NAUTILUS=>2021-05-23 19:54:18.919569: Cycle: 9, Model: 3, loss: [0.7369945645332336, 0.43071702122688293, 0.3511417508125305, 0.30474427342414856, 0.2712985575199127]
NAUTILUS=>2021-05-23 19:54:18.919569: Cycle: 9, Model: 3, accuracy: [0.7414450645446777, 0.8406052589416504, 0.8703121542930603, 0.8916506171226501, 0.9082132577896118]
NAUTILUS=>2021-05-23 19:54:18.919569: Cycle: 9, Model: 3, val_loss: [0.2831648886203766, 0.227157860994339, 0.20553672313690186, 0.19015474617481232, 0.17994730174541473]
NAUTILUS=>2021-05-23 19:54:18.919569: Cycle: 9, Model: 3, val_accuracy: [0.8998286724090576, 0.9197348356246948, 0.9291390776634216, 0.9357405304908752, 0.9369311332702637]
NAUTILUS=>2021-05-23 19:54:18.919569: Cycle: 9, Model: 4, loss: [0.9020326137542725, 0.5202540159225464, 0.42447951436042786, 0.37464872002601624, 0.33795690536499023]
NAUTILUS=>2021-05-23 19:54:18.919569: Cycle: 9, Model: 4, accuracy: [0.6899119019508362, 0.8037784099578857, 0.8415626287460327, 0.8646345734596252, 0.8782660365104675]
NAUTILUS=>2021-05-23 19:54:18.919569: Cycle: 9, Model: 4, val_loss: [0.35661113262176514, 0.27216771245002747, 0.24215956032276154, 0.2178773283958435, 0.20320558547973633]
NAUTILUS=>2021-05-23 19:54:18.919569: Cycle: 9, Model: 4, val_accuracy: [0.8767644762992859, 0.9019283056259155, 0.9154798984527588, 0.9240860342979431, 0.9276463985443115]
NAUTILUS=>2021-05-23 19:54:18.919688: Starting to generating the best model
NAUTILUS=>2021-05-23 19:54:24.638425: Completed generating the best model. Elapsed time: 0:00:05.718737
NAUTILUS=>2021-05-23 19:54:24.638425: Cycle: 9, Best Model: 0
NAUTILUS=>2021-05-23 19:54:24.638425: Cycle: 9, Best model loss: [0.5994001030921936, 0.34691840410232544, 0.25637686252593994, 0.1871970295906067, 0.12991678714752197]
NAUTILUS=>2021-05-23 19:54:24.638425: Cycle: 9, Best model accuracy: [0.7850269675254822, 0.8763583898544312, 0.9091951251029968, 0.9382106065750122, 0.9586482644081116]
NAUTILUS=>2021-05-23 19:54:24.638425: Cycle: 9, Best model val_loss: [0.2532639801502228, 0.20106619596481323, 0.21742025017738342, 0.2034749686717987, 0.15851855278015137]
NAUTILUS=>2021-05-23 19:54:24.638425: Cycle: 9, Best model val_accuracy: [0.9074808359146118, 0.9269320964813232, 0.9227011203765869, 0.9341027140617371, 0.9529892802238464]
NAUTILUS=>2021-05-23 19:54:24.932178: Completed active learning cycle. Elapsed time: 0:07:29.066440
NAUTILUS=>2021-05-23 19:54:24.932195: ========> Active learning cycle: 10
NAUTILUS=>2021-05-23 19:54:24.932198: Starting data loading
NAUTILUS=>2021-05-23 19:54:57.368576: Completed data loading. Elapsed time: 0:00:32.436378
NAUTILUS=>2021-05-23 19:54:57.368592: Starting model selection
NAUTILUS=>2021-05-23 19:54:57.368609: Materializing training data
NAUTILUS=>2021-05-23 19:54:57.597906: Completed materializing training data. Elapsed time: 0:00:00.229297
NAUTILUS=>2021-05-23 19:54:57.597920: Generating intermediate features
NAUTILUS=>2021-05-23 19:55:06.208503: Completed generating intermediate features. Elapsed time: 0:00:08.610583
NAUTILUS=>2021-05-23 19:55:06.208522: Starting model training
NAUTILUS=>2021-05-23 20:03:06.146614: Completed model training. Elapsed time: 0:07:59.938092
NAUTILUS=>2021-05-23 20:03:06.146614: Cycle: 10, Model: 0, loss: [0.542404055595398, 0.31795376539230347, 0.23686347901821136, 0.17325758934020996, 0.11653107404708862]
NAUTILUS=>2021-05-23 20:03:06.146614: Cycle: 10, Model: 0, accuracy: [0.8078020215034485, 0.8830544352531433, 0.9165287613868713, 0.940236508846283, 0.959884524345398]
NAUTILUS=>2021-05-23 20:03:06.146614: Cycle: 10, Model: 0, val_loss: [0.22863294184207916, 0.20842614769935608, 0.18285055458545685, 0.19213123619556427, 0.17745237052440643]
NAUTILUS=>2021-05-23 20:03:06.146614: Cycle: 10, Model: 0, val_accuracy: [0.9162759780883789, 0.9302547574043274, 0.941116452217102, 0.9473493099212646, 0.9478427767753601]
NAUTILUS=>2021-05-23 20:03:06.146614: Cycle: 10, Model: 1, loss: [0.5823196768760681, 0.3342656195163727, 0.26608580350875854, 0.21616216003894806, 0.168461412191391]
NAUTILUS=>2021-05-23 20:03:06.146614: Cycle: 10, Model: 1, accuracy: [0.7911154627799988, 0.8763619065284729, 0.9056137800216675, 0.9244393110275269, 0.9427660703659058]
NAUTILUS=>2021-05-23 20:03:06.146614: Cycle: 10, Model: 1, val_loss: [0.24104608595371246, 0.2072170376777649, 0.18436476588249207, 0.18791772425174713, 0.17437055706977844]
NAUTILUS=>2021-05-23 20:03:06.146614: Cycle: 10, Model: 1, val_accuracy: [0.9085873961448669, 0.9282183051109314, 0.9380381107330322, 0.9416784644126892, 0.944671630859375]
NAUTILUS=>2021-05-23 20:03:06.146614: Cycle: 10, Model: 2, loss: [0.6288970708847046, 0.3620333671569824, 0.2933414876461029, 0.25143420696258545, 0.21222616732120514]
NAUTILUS=>2021-05-23 20:03:06.146614: Cycle: 10, Model: 2, accuracy: [0.7747762203216553, 0.8652350306510925, 0.8958092927932739, 0.9108414053916931, 0.9258469939231873]
NAUTILUS=>2021-05-23 20:03:06.146614: Cycle: 10, Model: 2, val_loss: [0.2623277008533478, 0.2132718563079834, 0.18863065540790558, 0.1856834441423416, 0.1788203865289688]
NAUTILUS=>2021-05-23 20:03:06.146614: Cycle: 10, Model: 2, val_accuracy: [0.9048997759819031, 0.9260978102684021, 0.9366419315338135, 0.9397688508033752, 0.9402225017547607]
NAUTILUS=>2021-05-23 20:03:06.146614: Cycle: 10, Model: 3, loss: [0.6820585131645203, 0.39051198959350586, 0.32015275955200195, 0.27895379066467285, 0.24405434727668762]
NAUTILUS=>2021-05-23 20:03:06.146614: Cycle: 10, Model: 3, accuracy: [0.7572382092475891, 0.8542375564575195, 0.8837295174598694, 0.9016124606132507, 0.9139552712440491]
NAUTILUS=>2021-05-23 20:03:06.146614: Cycle: 10, Model: 3, val_loss: [0.2832877039909363, 0.22548164427280426, 0.19819742441177368, 0.18843834102153778, 0.1839793175458908]
NAUTILUS=>2021-05-23 20:03:06.146614: Cycle: 10, Model: 3, val_accuracy: [0.8976028561592102, 0.9194267988204956, 0.9330015778541565, 0.9375421404838562, 0.9375811219215393]
NAUTILUS=>2021-05-23 20:03:06.146614: Cycle: 10, Model: 4, loss: [0.8121558427810669, 0.4705018699169159, 0.386140376329422, 0.3390912115573883, 0.30465880036354065]
NAUTILUS=>2021-05-23 20:03:06.146614: Cycle: 10, Model: 4, accuracy: [0.7171863317489624, 0.8213282227516174, 0.8561979532241821, 0.8752295970916748, 0.8884780406951904]
NAUTILUS=>2021-05-23 20:03:06.146614: Cycle: 10, Model: 4, val_loss: [0.35320723056793213, 0.2712461054325104, 0.23118509352207184, 0.21143801510334015, 0.20141634345054626]
NAUTILUS=>2021-05-23 20:03:06.146614: Cycle: 10, Model: 4, val_accuracy: [0.8789433836936951, 0.9049612879753113, 0.9201750755310059, 0.9248636364936829, 0.9299530982971191]
NAUTILUS=>2021-05-23 20:03:06.146736: Starting to generating the best model
NAUTILUS=>2021-05-23 20:03:11.850120: Completed generating the best model. Elapsed time: 0:00:05.703384
NAUTILUS=>2021-05-23 20:03:11.850120: Cycle: 10, Best Model: 0
NAUTILUS=>2021-05-23 20:03:11.850120: Cycle: 10, Best model loss: [0.542404055595398, 0.31795376539230347, 0.23686347901821136, 0.17325758934020996, 0.11653107404708862]
NAUTILUS=>2021-05-23 20:03:11.850120: Cycle: 10, Best model accuracy: [0.8078020215034485, 0.8830544352531433, 0.9165287613868713, 0.940236508846283, 0.959884524345398]
NAUTILUS=>2021-05-23 20:03:11.850120: Cycle: 10, Best model val_loss: [0.22863294184207916, 0.20842614769935608, 0.18285055458545685, 0.19213123619556427, 0.17745237052440643]
NAUTILUS=>2021-05-23 20:03:11.850120: Cycle: 10, Best model val_accuracy: [0.9162759780883789, 0.9302547574043274, 0.941116452217102, 0.9473493099212646, 0.9478427767753601]
NAUTILUS=>2021-05-23 20:03:12.146163: Completed active learning cycle. Elapsed time: 0:08:14.777571
NAUTILUS=>2021-05-23 20:03:12.146181: Workload completed. Elapsed time: 0:56:23.607791
