NAUTILUS=>2021-05-23 17:58:55.538151: Starting workload
NAUTILUS=>2021-05-23 17:58:55.538151: RANDOM_SEED: 2020
NAUTILUS=>2021-05-23 17:58:55.538151: VERY_LARGE_VALUE: 1000000000000000.0
NAUTILUS=>2021-05-23 17:58:55.538151: NO_MAT_OPT: False
NAUTILUS=>2021-05-23 17:58:55.538151: MODE: ftr3-5
NAUTILUS=>2021-05-23 17:58:55.538151: STORAGE_PATH: ./storage
NAUTILUS=>2021-05-23 17:58:55.538151: NO_FUSE_OPT: False
NAUTILUS=>2021-05-23 17:58:55.538151: NUM_EPOCHS: 5
NAUTILUS=>2021-05-23 17:58:55.538151: MAX_NUM_RECORDS: 5000
NAUTILUS=>2021-05-23 17:58:55.538151: ACTIVE_LEARNING_BATCH_SIZE: 500
NAUTILUS=>2021-05-23 17:58:55.538151: VALID_FRACTION: 0.2
NAUTILUS=>2021-05-23 17:58:55.538151: SAMPLING_STRATERGY: uncertainty
NAUTILUS=>2021-05-23 17:58:55.538151: NO_PRETRAINING: False
NAUTILUS=>2021-05-23 17:58:55.538151: STORAGE_BUDGET: 25
NAUTILUS=>2021-05-23 17:58:55.538151: MEMORY_BUDGET: 10
NAUTILUS=>2021-05-23 17:58:55.538151: WORKSPACE_MEMORY: 1
NAUTILUS=>2021-05-23 17:58:55.538151: COMPUTE_THROUGHPUT: 6
NAUTILUS=>2021-05-23 17:58:55.538151: DISK_THROUGHPUT: 500
NAUTILUS=>2021-05-23 17:58:55.538151: SHUFFLE_BUFFER_SIZE: 10000
NAUTILUS=>2021-05-23 17:58:55.538199: Starting system initialization
NAUTILUS=>2021-05-23 17:58:56.311600: Starting model profiling
NAUTILUS=>2021-05-23 17:59:39.119832: Completed model profiling. Elapsed time: 0:00:42.808229
NAUTILUS=>2021-05-23 17:59:39.119832: Model parameters
NAUTILUS=>2021-05-23 17:59:39.119915: Generating optimized model selection plan
NAUTILUS=>2021-05-23 17:59:39.212221: Materialized layers candidates: tf_op_layer_strided_slice,tf_op_layer_Cast,tf_op_layer_Sub,tf_op_layer_Mul,layer_9
NAUTILUS=>2021-05-23 17:59:39.369405: Used materialized layers: layer_9
NAUTILUS=>2021-05-23 17:59:39.369405: Model training plan: {"2_3_4_0_1": {"models": ["2", "3", "4", "0", "1"], "output_layers": ["2/classifier", "3/classifier", "4/classifier", "0/classifier", "1/classifier"], "flops_consumption": 1180118001175000.0, "compute_flops": 1067471516800000.0, "load_flops": 112646484375000.0, "memory_consumption": 3.5715767592191696, "used_materialized_layers": ["layer_9"], "batch_size": 16, "num_epochs": [5, 5, 5, 5, 5], "flops_reduction": 252692865175000.0, "merged_models": ["2_3", "4_0_1"]}}
NAUTILUS=>2021-05-23 17:59:39.369524: Completed generating optimized model selection plan. Elapsed time: 0:00:00.249608
NAUTILUS=>2021-05-23 17:59:39.369531: Generating fused models
NAUTILUS=>2021-05-23 17:59:54.350156: Completed generating fused models. Elapsed time: 0:00:14.980624
NAUTILUS=>2021-05-23 17:59:54.350156: Current Practice FLOPs: 745690198400.0
NAUTILUS=>2021-05-23 17:59:54.350156: Optimal FLOPs: 185485027200.0
NAUTILUS=>2021-05-23 17:59:54.350156: Theoretical Speedup: 4.020217748335861
NAUTILUS=>2021-05-23 17:59:54.411757: Completed system initialization. Elapsed time: 0:00:58.873558
NAUTILUS=>2021-05-23 17:59:54.411781: ========> Active learning cycle: 1
NAUTILUS=>2021-05-23 17:59:54.411785: Starting data loading
NAUTILUS=>2021-05-23 18:00:10.015528: Completed data loading. Elapsed time: 0:00:15.603743
NAUTILUS=>2021-05-23 18:00:10.015553: Starting model selection
NAUTILUS=>2021-05-23 18:00:10.015573: Materializing training data
NAUTILUS=>2021-05-23 18:00:10.260227: Completed materializing training data. Elapsed time: 0:00:00.244654
NAUTILUS=>2021-05-23 18:00:10.260242: Generating intermediate features
NAUTILUS=>2021-05-23 18:00:18.849657: Completed generating intermediate features. Elapsed time: 0:00:08.589415
NAUTILUS=>2021-05-23 18:00:18.849678: Starting model training
NAUTILUS=>2021-05-23 18:00:53.652735: Completed model training. Elapsed time: 0:00:34.803057
NAUTILUS=>2021-05-23 18:00:53.652735: Cycle: 1, Model: 2, loss: [1.10059654712677, 0.4744577705860138, 0.3396696150302887, 0.2579961121082306, 0.2015160620212555]
NAUTILUS=>2021-05-23 18:00:53.652735: Cycle: 1, Model: 2, accuracy: [0.6883387565612793, 0.8442584276199341, 0.8858430981636047, 0.9036238193511963, 0.9335419535636902]
NAUTILUS=>2021-05-23 18:00:53.652735: Cycle: 1, Model: 2, val_loss: [0.6876410841941833, 0.472998708486557, 0.41176077723503113, 0.3972281217575073, 0.38042235374450684]
NAUTILUS=>2021-05-23 18:00:53.652735: Cycle: 1, Model: 2, val_accuracy: [0.7769367694854736, 0.828457236289978, 0.848990797996521, 0.8405357599258423, 0.8534486889839172]
NAUTILUS=>2021-05-23 18:00:53.652735: Cycle: 1, Model: 3, loss: [1.230085849761963, 0.5972630381584167, 0.42791736125946045, 0.3265362083911896, 0.26702556014060974]
NAUTILUS=>2021-05-23 18:00:53.652735: Cycle: 1, Model: 3, accuracy: [0.6550421118736267, 0.8016746044158936, 0.8581827282905579, 0.8822500109672546, 0.9073532819747925]
NAUTILUS=>2021-05-23 18:00:53.652735: Cycle: 1, Model: 3, val_loss: [0.7879536151885986, 0.5699779391288757, 0.4662770926952362, 0.4216022491455078, 0.40840330719947815]
NAUTILUS=>2021-05-23 18:00:53.652735: Cycle: 1, Model: 3, val_accuracy: [0.7376022934913635, 0.8131635785102844, 0.8351553082466125, 0.8348590135574341, 0.8504737615585327]
NAUTILUS=>2021-05-23 18:00:53.652735: Cycle: 1, Model: 4, loss: [1.4442538022994995, 0.7571901679039001, 0.5751312971115112, 0.4598168134689331, 0.396043598651886]
NAUTILUS=>2021-05-23 18:00:53.652735: Cycle: 1, Model: 4, accuracy: [0.5854167342185974, 0.7638876438140869, 0.815849244594574, 0.8443979620933533, 0.868113100528717]
NAUTILUS=>2021-05-23 18:00:53.652735: Cycle: 1, Model: 4, val_loss: [0.9263855218887329, 0.6977770328521729, 0.5863044857978821, 0.5179455280303955, 0.4833431541919708]
NAUTILUS=>2021-05-23 18:00:53.652735: Cycle: 1, Model: 4, val_accuracy: [0.7198834419250488, 0.7680156826972961, 0.8010299205780029, 0.8242951035499573, 0.8330217003822327]
NAUTILUS=>2021-05-23 18:00:53.652735: Cycle: 1, Model: 0, loss: [0.828880786895752, 0.2970869541168213, 0.19052249193191528, 0.12513619661331177, 0.08048417419195175]
NAUTILUS=>2021-05-23 18:00:53.652735: Cycle: 1, Model: 0, accuracy: [0.7468414902687073, 0.8900124430656433, 0.9346765279769897, 0.9563759565353394, 0.9700300097465515]
NAUTILUS=>2021-05-23 18:00:53.652735: Cycle: 1, Model: 0, val_loss: [0.4639214277267456, 0.41468510031700134, 0.3532772362232208, 0.39335745573043823, 0.37415382266044617]
NAUTILUS=>2021-05-23 18:00:53.652735: Cycle: 1, Model: 0, val_accuracy: [0.8359349966049194, 0.8561877608299255, 0.8714163899421692, 0.8704221248626709, 0.8852939605712891]
NAUTILUS=>2021-05-23 18:00:53.652735: Cycle: 1, Model: 1, loss: [1.004594087600708, 0.4065803289413452, 0.28088250756263733, 0.1944686472415924, 0.1432686746120453]
NAUTILUS=>2021-05-23 18:00:53.652735: Cycle: 1, Model: 1, accuracy: [0.7063083052635193, 0.8641493320465088, 0.9058865904808044, 0.9262921214103699, 0.9485536217689514]
NAUTILUS=>2021-05-23 18:00:53.652735: Cycle: 1, Model: 1, val_loss: [0.5762648582458496, 0.4119472801685333, 0.3756779432296753, 0.36078959703445435, 0.3656114339828491]
NAUTILUS=>2021-05-23 18:00:53.652735: Cycle: 1, Model: 1, val_accuracy: [0.8098840117454529, 0.8507524728775024, 0.8563680052757263, 0.869193971157074, 0.8720411062240601]
NAUTILUS=>2021-05-23 18:00:53.652850: Starting to generating the best model
NAUTILUS=>2021-05-23 18:01:00.102751: Completed generating the best model. Elapsed time: 0:00:06.449901
NAUTILUS=>2021-05-23 18:01:00.102751: Cycle: 1, Best Model: 0
NAUTILUS=>2021-05-23 18:01:00.102751: Cycle: 1, Best model loss: [0.828880786895752, 0.2970869541168213, 0.19052249193191528, 0.12513619661331177, 0.08048417419195175]
NAUTILUS=>2021-05-23 18:01:00.102751: Cycle: 1, Best model accuracy: [0.7468414902687073, 0.8900124430656433, 0.9346765279769897, 0.9563759565353394, 0.9700300097465515]
NAUTILUS=>2021-05-23 18:01:00.102751: Cycle: 1, Best model val_loss: [0.4639214277267456, 0.41468510031700134, 0.3532772362232208, 0.39335745573043823, 0.37415382266044617]
NAUTILUS=>2021-05-23 18:01:00.102751: Cycle: 1, Best model val_accuracy: [0.8359349966049194, 0.8561877608299255, 0.8714163899421692, 0.8704221248626709, 0.8852939605712891]
NAUTILUS=>2021-05-23 18:01:00.404574: Completed active learning cycle. Elapsed time: 0:00:50.389021
NAUTILUS=>2021-05-23 18:01:00.404591: ========> Active learning cycle: 2
NAUTILUS=>2021-05-23 18:01:00.404595: Starting data loading
NAUTILUS=>2021-05-23 18:01:49.518312: Completed data loading. Elapsed time: 0:00:49.113717
NAUTILUS=>2021-05-23 18:01:49.518330: Starting model selection
NAUTILUS=>2021-05-23 18:01:49.518348: Materializing training data
NAUTILUS=>2021-05-23 18:01:49.751393: Completed materializing training data. Elapsed time: 0:00:00.233045
NAUTILUS=>2021-05-23 18:01:49.751405: Generating intermediate features
NAUTILUS=>2021-05-23 18:01:58.424646: Completed generating intermediate features. Elapsed time: 0:00:08.673241
NAUTILUS=>2021-05-23 18:01:58.424667: Starting model training
NAUTILUS=>2021-05-23 18:02:51.928086: Completed model training. Elapsed time: 0:00:53.503419
NAUTILUS=>2021-05-23 18:02:51.928086: Cycle: 2, Model: 2, loss: [1.1710573434829712, 0.5940358638763428, 0.4166698455810547, 0.326930969953537, 0.24684353172779083]
NAUTILUS=>2021-05-23 18:02:51.928086: Cycle: 2, Model: 2, accuracy: [0.5746650695800781, 0.7590763568878174, 0.8437793850898743, 0.8772196769714355, 0.906093418598175]
NAUTILUS=>2021-05-23 18:02:51.928086: Cycle: 2, Model: 2, val_loss: [0.5098970532417297, 0.384104460477829, 0.3192782700061798, 0.3005669414997101, 0.2799473702907562]
NAUTILUS=>2021-05-23 18:02:51.928086: Cycle: 2, Model: 2, val_accuracy: [0.8162043690681458, 0.8690874576568604, 0.8832870721817017, 0.9080027937889099, 0.9080075621604919]
NAUTILUS=>2021-05-23 18:02:51.928086: Cycle: 2, Model: 3, loss: [1.2702641487121582, 0.6870141625404358, 0.504310667514801, 0.41127339005470276, 0.3321759104728699]
NAUTILUS=>2021-05-23 18:02:51.928086: Cycle: 2, Model: 3, accuracy: [0.5490967035293579, 0.7168906927108765, 0.8053242564201355, 0.8456637859344482, 0.8711362481117249]
NAUTILUS=>2021-05-23 18:02:51.928086: Cycle: 2, Model: 3, val_loss: [0.5931740403175354, 0.4284387230873108, 0.3611608147621155, 0.3322778344154358, 0.3065924346446991]
NAUTILUS=>2021-05-23 18:02:51.928086: Cycle: 2, Model: 3, val_accuracy: [0.7932661175727844, 0.8485016822814941, 0.8722827434539795, 0.8984524011611938, 0.9016739726066589]
NAUTILUS=>2021-05-23 18:02:51.928086: Cycle: 2, Model: 4, loss: [1.4514527320861816, 0.8877493143081665, 0.7038900256156921, 0.5856075882911682, 0.4960341155529022]
NAUTILUS=>2021-05-23 18:02:51.928086: Cycle: 2, Model: 4, accuracy: [0.5097699165344238, 0.6348280906677246, 0.7065922021865845, 0.7642958164215088, 0.8128173351287842]
NAUTILUS=>2021-05-23 18:02:51.928086: Cycle: 2, Model: 4, val_loss: [0.7447060346603394, 0.557397186756134, 0.4715612530708313, 0.41560640931129456, 0.38184329867362976]
NAUTILUS=>2021-05-23 18:02:51.928086: Cycle: 2, Model: 4, val_accuracy: [0.7591143250465393, 0.8084850311279297, 0.8386863470077515, 0.8604696393013, 0.8773206472396851]
NAUTILUS=>2021-05-23 18:02:51.928086: Cycle: 2, Model: 0, loss: [0.9820089936256409, 0.42822322249412537, 0.274488627910614, 0.19114267826080322, 0.12522199749946594]
NAUTILUS=>2021-05-23 18:02:51.928086: Cycle: 2, Model: 0, accuracy: [0.6411345601081848, 0.8296785950660706, 0.8881787657737732, 0.9303540587425232, 0.9543465375900269]
NAUTILUS=>2021-05-23 18:02:51.928086: Cycle: 2, Model: 0, val_loss: [0.378217875957489, 0.34705260396003723, 0.2961651086807251, 0.2835554778575897, 0.3051360845565796]
NAUTILUS=>2021-05-23 18:02:51.928086: Cycle: 2, Model: 0, val_accuracy: [0.8639460802078247, 0.8841715455055237, 0.9048786163330078, 0.9142364263534546, 0.9139883518218994]
NAUTILUS=>2021-05-23 18:02:51.928086: Cycle: 2, Model: 1, loss: [1.031630516052246, 0.49598366022109985, 0.338368684053421, 0.2519090175628662, 0.17347869277000427]
NAUTILUS=>2021-05-23 18:02:51.928086: Cycle: 2, Model: 1, accuracy: [0.6214208006858826, 0.8046935200691223, 0.8720493316650391, 0.9077181816101074, 0.9331250190734863]
NAUTILUS=>2021-05-23 18:02:51.928086: Cycle: 2, Model: 1, val_loss: [0.4488494098186493, 0.3552568852901459, 0.2943028211593628, 0.2883754372596741, 0.27607962489128113]
NAUTILUS=>2021-05-23 18:02:51.928086: Cycle: 2, Model: 1, val_accuracy: [0.8425663709640503, 0.8833434581756592, 0.8984968066215515, 0.9134674668312073, 0.9148668646812439]
NAUTILUS=>2021-05-23 18:02:51.928219: Starting to generating the best model
NAUTILUS=>2021-05-23 18:02:58.357930: Completed generating the best model. Elapsed time: 0:00:06.429711
NAUTILUS=>2021-05-23 18:02:58.357930: Cycle: 2, Best Model: 1
NAUTILUS=>2021-05-23 18:02:58.357930: Cycle: 2, Best model loss: [1.031630516052246, 0.49598366022109985, 0.338368684053421, 0.2519090175628662, 0.17347869277000427]
NAUTILUS=>2021-05-23 18:02:58.357930: Cycle: 2, Best model accuracy: [0.6214208006858826, 0.8046935200691223, 0.8720493316650391, 0.9077181816101074, 0.9331250190734863]
NAUTILUS=>2021-05-23 18:02:58.357930: Cycle: 2, Best model val_loss: [0.4488494098186493, 0.3552568852901459, 0.2943028211593628, 0.2883754372596741, 0.27607962489128113]
NAUTILUS=>2021-05-23 18:02:58.357930: Cycle: 2, Best model val_accuracy: [0.8425663709640503, 0.8833434581756592, 0.8984968066215515, 0.9134674668312073, 0.9148668646812439]
NAUTILUS=>2021-05-23 18:02:58.657583: Completed active learning cycle. Elapsed time: 0:01:09.139253
NAUTILUS=>2021-05-23 18:02:58.657602: ========> Active learning cycle: 3
NAUTILUS=>2021-05-23 18:02:58.657605: Starting data loading
NAUTILUS=>2021-05-23 18:03:38.336302: Completed data loading. Elapsed time: 0:00:39.678697
NAUTILUS=>2021-05-23 18:03:38.336320: Starting model selection
NAUTILUS=>2021-05-23 18:03:38.336336: Materializing training data
NAUTILUS=>2021-05-23 18:03:38.569380: Completed materializing training data. Elapsed time: 0:00:00.233044
NAUTILUS=>2021-05-23 18:03:38.569391: Generating intermediate features
NAUTILUS=>2021-05-23 18:03:47.210443: Completed generating intermediate features. Elapsed time: 0:00:08.641052
NAUTILUS=>2021-05-23 18:03:47.210462: Starting model training
NAUTILUS=>2021-05-23 18:04:59.480678: Completed model training. Elapsed time: 0:01:12.270216
NAUTILUS=>2021-05-23 18:04:59.480678: Cycle: 3, Model: 2, loss: [1.1734111309051514, 0.6405545473098755, 0.4942150413990021, 0.40278419852256775, 0.3289356529712677]
NAUTILUS=>2021-05-23 18:04:59.480678: Cycle: 3, Model: 2, accuracy: [0.580635666847229, 0.7494320273399353, 0.8104904890060425, 0.8541501760482788, 0.8839531540870667]
NAUTILUS=>2021-05-23 18:04:59.480678: Cycle: 3, Model: 2, val_loss: [0.47131678462028503, 0.35854095220565796, 0.3004438579082489, 0.27271783351898193, 0.26489606499671936]
NAUTILUS=>2021-05-23 18:04:59.480678: Cycle: 3, Model: 2, val_accuracy: [0.8249059915542603, 0.8742010593414307, 0.8958098292350769, 0.9077868461608887, 0.9134292602539062]
NAUTILUS=>2021-05-23 18:04:59.480678: Cycle: 3, Model: 3, loss: [1.2739770412445068, 0.7285146713256836, 0.5687881708145142, 0.47349512577056885, 0.3920932114124298]
NAUTILUS=>2021-05-23 18:04:59.480678: Cycle: 3, Model: 3, accuracy: [0.5530614256858826, 0.7097641825675964, 0.7803652286529541, 0.82074373960495, 0.8602864742279053]
NAUTILUS=>2021-05-23 18:04:59.480678: Cycle: 3, Model: 3, val_loss: [0.5316216349601746, 0.38841527700424194, 0.3417527675628662, 0.3005862534046173, 0.28646865487098694]
NAUTILUS=>2021-05-23 18:04:59.480678: Cycle: 3, Model: 3, val_accuracy: [0.8050476908683777, 0.8711074590682983, 0.8834086060523987, 0.8952108025550842, 0.9024705290794373]
NAUTILUS=>2021-05-23 18:04:59.480678: Cycle: 3, Model: 4, loss: [1.472325086593628, 0.9112445116043091, 0.7331180572509766, 0.6215204000473022, 0.5372510552406311]
NAUTILUS=>2021-05-23 18:04:59.480678: Cycle: 3, Model: 4, accuracy: [0.5054358243942261, 0.6356805562973022, 0.7062159776687622, 0.7632047533988953, 0.7958250641822815]
NAUTILUS=>2021-05-23 18:04:59.480678: Cycle: 3, Model: 4, val_loss: [0.6747691035270691, 0.5067815184593201, 0.4184145927429199, 0.37616926431655884, 0.34029093384742737]
NAUTILUS=>2021-05-23 18:04:59.480678: Cycle: 3, Model: 4, val_accuracy: [0.7709658145904541, 0.8268039226531982, 0.8575853705406189, 0.8713998198509216, 0.8867407441139221]
NAUTILUS=>2021-05-23 18:04:59.480678: Cycle: 3, Model: 0, loss: [1.0503240823745728, 0.5038192272186279, 0.34329548478126526, 0.27409422397613525, 0.18432030081748962]
NAUTILUS=>2021-05-23 18:04:59.480678: Cycle: 3, Model: 0, accuracy: [0.6394216418266296, 0.8110025525093079, 0.8757426142692566, 0.9025945067405701, 0.9401528835296631]
NAUTILUS=>2021-05-23 18:04:59.480678: Cycle: 3, Model: 0, val_loss: [0.36566832661628723, 0.2560340464115143, 0.27582311630249023, 0.31012749671936035, 0.2955993115901947]
NAUTILUS=>2021-05-23 18:04:59.480678: Cycle: 3, Model: 0, val_accuracy: [0.8686020970344543, 0.9100136160850525, 0.9169734716415405, 0.9171760082244873, 0.9122934937477112]
NAUTILUS=>2021-05-23 18:04:59.480678: Cycle: 3, Model: 1, loss: [1.0786219835281372, 0.5533128380775452, 0.41141536831855774, 0.3229483664035797, 0.24406537413597107]
NAUTILUS=>2021-05-23 18:04:59.480678: Cycle: 3, Model: 1, accuracy: [0.6122634410858154, 0.7813418507575989, 0.846768319606781, 0.8865628838539124, 0.9208267331123352]
NAUTILUS=>2021-05-23 18:04:59.480678: Cycle: 3, Model: 1, val_loss: [0.38938483595848083, 0.3041931986808777, 0.2628311812877655, 0.27452102303504944, 0.25541338324546814]
NAUTILUS=>2021-05-23 18:04:59.480678: Cycle: 3, Model: 1, val_accuracy: [0.8718843460083008, 0.8965688347816467, 0.9098889231681824, 0.9124472141265869, 0.9129377007484436]
NAUTILUS=>2021-05-23 18:04:59.480792: Starting to generating the best model
NAUTILUS=>2021-05-23 18:05:05.920640: Completed generating the best model. Elapsed time: 0:00:06.439848
NAUTILUS=>2021-05-23 18:05:05.920640: Cycle: 3, Best Model: 2
NAUTILUS=>2021-05-23 18:05:05.920640: Cycle: 3, Best model loss: [1.1734111309051514, 0.6405545473098755, 0.4942150413990021, 0.40278419852256775, 0.3289356529712677]
NAUTILUS=>2021-05-23 18:05:05.920640: Cycle: 3, Best model accuracy: [0.580635666847229, 0.7494320273399353, 0.8104904890060425, 0.8541501760482788, 0.8839531540870667]
NAUTILUS=>2021-05-23 18:05:05.920640: Cycle: 3, Best model val_loss: [0.47131678462028503, 0.35854095220565796, 0.3004438579082489, 0.27271783351898193, 0.26489606499671936]
NAUTILUS=>2021-05-23 18:05:05.920640: Cycle: 3, Best model val_accuracy: [0.8249059915542603, 0.8742010593414307, 0.8958098292350769, 0.9077868461608887, 0.9134292602539062]
NAUTILUS=>2021-05-23 18:05:06.220182: Completed active learning cycle. Elapsed time: 0:01:27.883862
NAUTILUS=>2021-05-23 18:05:06.220201: ========> Active learning cycle: 4
NAUTILUS=>2021-05-23 18:05:06.220204: Starting data loading
NAUTILUS=>2021-05-23 18:05:51.424488: Completed data loading. Elapsed time: 0:00:45.204284
NAUTILUS=>2021-05-23 18:05:51.424506: Starting model selection
NAUTILUS=>2021-05-23 18:05:51.424522: Materializing training data
NAUTILUS=>2021-05-23 18:05:51.667149: Completed materializing training data. Elapsed time: 0:00:00.242627
NAUTILUS=>2021-05-23 18:05:51.667162: Generating intermediate features
NAUTILUS=>2021-05-23 18:06:00.348254: Completed generating intermediate features. Elapsed time: 0:00:08.681092
NAUTILUS=>2021-05-23 18:06:00.348275: Starting model training
NAUTILUS=>2021-05-23 18:07:31.214659: Completed model training. Elapsed time: 0:01:30.866384
NAUTILUS=>2021-05-23 18:07:31.214659: Cycle: 4, Model: 2, loss: [1.088930368423462, 0.6305785179138184, 0.495967835187912, 0.4107176959514618, 0.34650394320487976]
NAUTILUS=>2021-05-23 18:07:31.214659: Cycle: 4, Model: 2, accuracy: [0.6281378269195557, 0.7715151309967041, 0.8276664614677429, 0.8608231544494629, 0.8871836066246033]
NAUTILUS=>2021-05-23 18:07:31.214659: Cycle: 4, Model: 2, val_loss: [0.4040851593017578, 0.29758158326148987, 0.2775493860244751, 0.24165937304496765, 0.24623627960681915]
NAUTILUS=>2021-05-23 18:07:31.214659: Cycle: 4, Model: 2, val_accuracy: [0.8620694875717163, 0.8995107412338257, 0.9048641324043274, 0.917738676071167, 0.9149627685546875]
NAUTILUS=>2021-05-23 18:07:31.214659: Cycle: 4, Model: 3, loss: [1.157570242881775, 0.7072559595108032, 0.5625317692756653, 0.4762425720691681, 0.40739184617996216]
NAUTILUS=>2021-05-23 18:07:31.214659: Cycle: 4, Model: 3, accuracy: [0.5996688008308411, 0.7423927187919617, 0.8035558462142944, 0.833922803401947, 0.8620312213897705]
NAUTILUS=>2021-05-23 18:07:31.214659: Cycle: 4, Model: 3, val_loss: [0.4594841003417969, 0.34411075711250305, 0.30147138237953186, 0.2650788128376007, 0.2584414780139923]
NAUTILUS=>2021-05-23 18:07:31.214659: Cycle: 4, Model: 3, val_accuracy: [0.8350563049316406, 0.8728525042533875, 0.8964491486549377, 0.9098873138427734, 0.9113976359367371]
NAUTILUS=>2021-05-23 18:07:31.214659: Cycle: 4, Model: 4, loss: [1.3454225063323975, 0.8739070892333984, 0.7182663083076477, 0.6176023483276367, 0.5488802194595337]
NAUTILUS=>2021-05-23 18:07:31.214659: Cycle: 4, Model: 4, accuracy: [0.5440038442611694, 0.6713788509368896, 0.7311091423034668, 0.7757835388183594, 0.8040665984153748]
NAUTILUS=>2021-05-23 18:07:31.214659: Cycle: 4, Model: 4, val_loss: [0.5900522470474243, 0.44375625252723694, 0.37626031041145325, 0.34677886962890625, 0.3064459264278412]
NAUTILUS=>2021-05-23 18:07:31.214659: Cycle: 4, Model: 4, val_accuracy: [0.7976731061935425, 0.8407654762268066, 0.8682580590248108, 0.8782362937927246, 0.8947235345840454]
NAUTILUS=>2021-05-23 18:07:31.214659: Cycle: 4, Model: 0, loss: [1.0007450580596924, 0.5386736392974854, 0.38935211300849915, 0.28623175621032715, 0.19687123596668243]
NAUTILUS=>2021-05-23 18:07:31.214659: Cycle: 4, Model: 0, accuracy: [0.6615559458732605, 0.813633143901825, 0.8663817048072815, 0.9032334089279175, 0.9374695420265198]
NAUTILUS=>2021-05-23 18:07:31.214659: Cycle: 4, Model: 0, val_loss: [0.35358813405036926, 0.2887240946292877, 0.26977843046188354, 0.24321216344833374, 0.2455395758152008]
NAUTILUS=>2021-05-23 18:07:31.214659: Cycle: 4, Model: 0, val_accuracy: [0.8783340454101562, 0.8984920382499695, 0.906108021736145, 0.9223610758781433, 0.9265408515930176]
NAUTILUS=>2021-05-23 18:07:31.214659: Cycle: 4, Model: 1, loss: [1.0142467021942139, 0.5698196291923523, 0.43418461084365845, 0.3525908291339874, 0.2743302285671234]
NAUTILUS=>2021-05-23 18:07:31.214659: Cycle: 4, Model: 1, accuracy: [0.6520774960517883, 0.7998597025871277, 0.8527160882949829, 0.8819565773010254, 0.9148235321044922]
NAUTILUS=>2021-05-23 18:07:31.214659: Cycle: 4, Model: 1, val_loss: [0.357993483543396, 0.2813897430896759, 0.24565917253494263, 0.23920086026191711, 0.23523733019828796]
NAUTILUS=>2021-05-23 18:07:31.214659: Cycle: 4, Model: 1, val_accuracy: [0.883351743221283, 0.8983660340309143, 0.9147924184799194, 0.9203234314918518, 0.9223295450210571]
NAUTILUS=>2021-05-23 18:07:31.214777: Starting to generating the best model
NAUTILUS=>2021-05-23 18:07:37.658391: Completed generating the best model. Elapsed time: 0:00:06.443614
NAUTILUS=>2021-05-23 18:07:37.658391: Cycle: 4, Best Model: 0
NAUTILUS=>2021-05-23 18:07:37.658391: Cycle: 4, Best model loss: [1.0007450580596924, 0.5386736392974854, 0.38935211300849915, 0.28623175621032715, 0.19687123596668243]
NAUTILUS=>2021-05-23 18:07:37.658391: Cycle: 4, Best model accuracy: [0.6615559458732605, 0.813633143901825, 0.8663817048072815, 0.9032334089279175, 0.9374695420265198]
NAUTILUS=>2021-05-23 18:07:37.658391: Cycle: 4, Best model val_loss: [0.35358813405036926, 0.2887240946292877, 0.26977843046188354, 0.24321216344833374, 0.2455395758152008]
NAUTILUS=>2021-05-23 18:07:37.658391: Cycle: 4, Best model val_accuracy: [0.8783340454101562, 0.8984920382499695, 0.906108021736145, 0.9223610758781433, 0.9265408515930176]
NAUTILUS=>2021-05-23 18:07:37.961114: Completed active learning cycle. Elapsed time: 0:01:46.536608
NAUTILUS=>2021-05-23 18:07:37.961132: ========> Active learning cycle: 5
NAUTILUS=>2021-05-23 18:07:37.961135: Starting data loading
NAUTILUS=>2021-05-23 18:08:14.147355: Completed data loading. Elapsed time: 0:00:36.186220
NAUTILUS=>2021-05-23 18:08:14.147372: Starting model selection
NAUTILUS=>2021-05-23 18:08:14.147390: Materializing training data
NAUTILUS=>2021-05-23 18:08:14.389710: Completed materializing training data. Elapsed time: 0:00:00.242320
NAUTILUS=>2021-05-23 18:08:14.389721: Generating intermediate features
NAUTILUS=>2021-05-23 18:08:22.972198: Completed generating intermediate features. Elapsed time: 0:00:08.582477
NAUTILUS=>2021-05-23 18:08:22.972218: Starting model training
NAUTILUS=>2021-05-23 18:10:12.119742: Completed model training. Elapsed time: 0:01:49.147524
NAUTILUS=>2021-05-23 18:10:12.119742: Cycle: 5, Model: 2, loss: [0.9871426224708557, 0.576689600944519, 0.45632660388946533, 0.3781070411205292, 0.32490047812461853]
NAUTILUS=>2021-05-23 18:10:12.119742: Cycle: 5, Model: 2, accuracy: [0.6508467197418213, 0.7911696434020996, 0.8388306498527527, 0.8714576959609985, 0.893989622592926]
NAUTILUS=>2021-05-23 18:10:12.119742: Cycle: 5, Model: 2, val_loss: [0.36145877838134766, 0.28238633275032043, 0.248015895485878, 0.22655874490737915, 0.21870160102844238]
NAUTILUS=>2021-05-23 18:10:12.119742: Cycle: 5, Model: 2, val_accuracy: [0.8718570470809937, 0.9073320031166077, 0.9183659553527832, 0.9207580089569092, 0.9231885671615601]
NAUTILUS=>2021-05-23 18:10:12.119742: Cycle: 5, Model: 3, loss: [1.0761611461639404, 0.6479772925376892, 0.5219250917434692, 0.4377794861793518, 0.38239797949790955]
NAUTILUS=>2021-05-23 18:10:12.119742: Cycle: 5, Model: 3, accuracy: [0.6204816102981567, 0.7633841037750244, 0.8116997480392456, 0.8473471403121948, 0.8717269897460938]
NAUTILUS=>2021-05-23 18:10:12.119742: Cycle: 5, Model: 3, val_loss: [0.4186553359031677, 0.3157375752925873, 0.27084529399871826, 0.24474231898784637, 0.23244576156139374]
NAUTILUS=>2021-05-23 18:10:12.119742: Cycle: 5, Model: 3, val_accuracy: [0.8494088649749756, 0.8946815729141235, 0.9061723351478577, 0.917978823184967, 0.9197957515716553]
NAUTILUS=>2021-05-23 18:10:12.119742: Cycle: 5, Model: 4, loss: [1.2357624769210815, 0.7958910465240479, 0.6439173817634583, 0.5554220080375671, 0.49414271116256714]
NAUTILUS=>2021-05-23 18:10:12.119742: Cycle: 5, Model: 4, accuracy: [0.5745130181312561, 0.7015500068664551, 0.7596748471260071, 0.7991726398468018, 0.8284165859222412]
NAUTILUS=>2021-05-23 18:10:12.119742: Cycle: 5, Model: 4, val_loss: [0.5611566305160522, 0.4009929895401001, 0.33768612146377563, 0.29787594079971313, 0.27466508746147156]
NAUTILUS=>2021-05-23 18:10:12.119742: Cycle: 5, Model: 4, val_accuracy: [0.8082491159439087, 0.858737587928772, 0.8851794004440308, 0.8972901701927185, 0.9067664742469788]
NAUTILUS=>2021-05-23 18:10:12.119742: Cycle: 5, Model: 0, loss: [0.8848877549171448, 0.48879098892211914, 0.3627718389034271, 0.27218595147132874, 0.2061728686094284]
NAUTILUS=>2021-05-23 18:10:12.119742: Cycle: 5, Model: 0, accuracy: [0.697338879108429, 0.8288840651512146, 0.8729316592216492, 0.9055098295211792, 0.9343339800834656]
NAUTILUS=>2021-05-23 18:10:12.119742: Cycle: 5, Model: 0, val_loss: [0.3129018545150757, 0.25376373529434204, 0.23948748409748077, 0.22341026365756989, 0.2342166006565094]
NAUTILUS=>2021-05-23 18:10:12.119742: Cycle: 5, Model: 0, val_accuracy: [0.8828927874565125, 0.9140087366104126, 0.920835554599762, 0.9284613132476807, 0.9284204244613647]
NAUTILUS=>2021-05-23 18:10:12.119742: Cycle: 5, Model: 1, loss: [0.931462824344635, 0.5267236828804016, 0.405816912651062, 0.32352134585380554, 0.26926350593566895]
NAUTILUS=>2021-05-23 18:10:12.119742: Cycle: 5, Model: 1, accuracy: [0.6760247945785522, 0.812559962272644, 0.8585521578788757, 0.890867292881012, 0.913202166557312]
NAUTILUS=>2021-05-23 18:10:12.119742: Cycle: 5, Model: 1, val_loss: [0.3221791088581085, 0.256032258272171, 0.23639313876628876, 0.21526898443698883, 0.21449017524719238]
NAUTILUS=>2021-05-23 18:10:12.119742: Cycle: 5, Model: 1, val_accuracy: [0.8834271430969238, 0.9131736159324646, 0.9191558361053467, 0.9234687685966492, 0.927733838558197]
NAUTILUS=>2021-05-23 18:10:12.119858: Starting to generating the best model
NAUTILUS=>2021-05-23 18:10:18.521567: Completed generating the best model. Elapsed time: 0:00:06.401709
NAUTILUS=>2021-05-23 18:10:18.521567: Cycle: 5, Best Model: 0
NAUTILUS=>2021-05-23 18:10:18.521567: Cycle: 5, Best model loss: [0.8848877549171448, 0.48879098892211914, 0.3627718389034271, 0.27218595147132874, 0.2061728686094284]
NAUTILUS=>2021-05-23 18:10:18.521567: Cycle: 5, Best model accuracy: [0.697338879108429, 0.8288840651512146, 0.8729316592216492, 0.9055098295211792, 0.9343339800834656]
NAUTILUS=>2021-05-23 18:10:18.521567: Cycle: 5, Best model val_loss: [0.3129018545150757, 0.25376373529434204, 0.23948748409748077, 0.22341026365756989, 0.2342166006565094]
NAUTILUS=>2021-05-23 18:10:18.521567: Cycle: 5, Best model val_accuracy: [0.8828927874565125, 0.9140087366104126, 0.920835554599762, 0.9284613132476807, 0.9284204244613647]
NAUTILUS=>2021-05-23 18:10:18.823943: Completed active learning cycle. Elapsed time: 0:02:04.676571
NAUTILUS=>2021-05-23 18:10:18.823961: ========> Active learning cycle: 6
NAUTILUS=>2021-05-23 18:10:18.823964: Starting data loading
NAUTILUS=>2021-05-23 18:10:59.714881: Completed data loading. Elapsed time: 0:00:40.890917
NAUTILUS=>2021-05-23 18:10:59.714898: Starting model selection
NAUTILUS=>2021-05-23 18:10:59.714914: Materializing training data
NAUTILUS=>2021-05-23 18:10:59.952666: Completed materializing training data. Elapsed time: 0:00:00.237752
NAUTILUS=>2021-05-23 18:10:59.952679: Generating intermediate features
NAUTILUS=>2021-05-23 18:11:08.574286: Completed generating intermediate features. Elapsed time: 0:00:08.621607
NAUTILUS=>2021-05-23 18:11:08.574306: Starting model training
NAUTILUS=>2021-05-23 18:13:16.256518: Completed model training. Elapsed time: 0:02:07.682212
NAUTILUS=>2021-05-23 18:13:16.256518: Cycle: 6, Model: 2, loss: [0.9098142385482788, 0.5191351175308228, 0.41630348563194275, 0.3501938581466675, 0.29384851455688477]
NAUTILUS=>2021-05-23 18:13:16.256518: Cycle: 6, Model: 2, accuracy: [0.6849844455718994, 0.8124200105667114, 0.8526950478553772, 0.8777907490730286, 0.9018515944480896]
NAUTILUS=>2021-05-23 18:13:16.256518: Cycle: 6, Model: 2, val_loss: [0.3283713161945343, 0.24877555668354034, 0.2453784942626953, 0.21291780471801758, 0.20896629989147186]
NAUTILUS=>2021-05-23 18:13:16.256518: Cycle: 6, Model: 2, val_accuracy: [0.8854753375053406, 0.9102099537849426, 0.9186162352561951, 0.9225842356681824, 0.9274060130119324]
NAUTILUS=>2021-05-23 18:13:16.256518: Cycle: 6, Model: 3, loss: [0.9806895852088928, 0.5712223052978516, 0.4612850844860077, 0.3971765637397766, 0.34779903292655945]
NAUTILUS=>2021-05-23 18:13:16.256518: Cycle: 6, Model: 3, accuracy: [0.6613543033599854, 0.7908597588539124, 0.8349010944366455, 0.8593341112136841, 0.8809056878089905]
NAUTILUS=>2021-05-23 18:13:16.256518: Cycle: 6, Model: 3, val_loss: [0.36292847990989685, 0.27431514859199524, 0.2669964134693146, 0.22481697797775269, 0.22000351548194885]
NAUTILUS=>2021-05-23 18:13:16.256518: Cycle: 6, Model: 3, val_accuracy: [0.8769689202308655, 0.9005081057548523, 0.9096952080726624, 0.9197098016738892, 0.9217705130577087]
NAUTILUS=>2021-05-23 18:13:16.256518: Cycle: 6, Model: 4, loss: [1.1338587999343872, 0.7043327689170837, 0.5731475353240967, 0.4959058165550232, 0.44557687640190125]
NAUTILUS=>2021-05-23 18:13:16.256518: Cycle: 6, Model: 4, accuracy: [0.6139985918998718, 0.7374523878097534, 0.791863739490509, 0.8211240768432617, 0.8419517278671265]
NAUTILUS=>2021-05-23 18:13:16.256518: Cycle: 6, Model: 4, val_loss: [0.46792593598365784, 0.3470251262187958, 0.30187562108039856, 0.2667747139930725, 0.25262650847435]
NAUTILUS=>2021-05-23 18:13:16.256518: Cycle: 6, Model: 4, val_accuracy: [0.8401323556900024, 0.8765769600868225, 0.8970165252685547, 0.9114247560501099, 0.9142956733703613]
NAUTILUS=>2021-05-23 18:13:16.256518: Cycle: 6, Model: 0, loss: [0.7799672484397888, 0.44660696387290955, 0.3338446021080017, 0.25252801179885864, 0.17619304358959198]
NAUTILUS=>2021-05-23 18:13:16.256518: Cycle: 6, Model: 0, accuracy: [0.731383204460144, 0.8403475284576416, 0.8846457004547119, 0.913008451461792, 0.9420837163925171]
NAUTILUS=>2021-05-23 18:13:16.256518: Cycle: 6, Model: 0, val_loss: [0.2626066207885742, 0.22274690866470337, 0.22555580735206604, 0.21269741654396057, 0.2055129110813141]
NAUTILUS=>2021-05-23 18:13:16.256518: Cycle: 6, Model: 0, val_accuracy: [0.9080990552902222, 0.9237484931945801, 0.9229283928871155, 0.9287424683570862, 0.9391658306121826]
NAUTILUS=>2021-05-23 18:13:16.256518: Cycle: 6, Model: 1, loss: [0.8581397533416748, 0.4753199815750122, 0.3670484125614166, 0.2981085479259491, 0.23778419196605682]
NAUTILUS=>2021-05-23 18:13:16.256518: Cycle: 6, Model: 1, accuracy: [0.7032250165939331, 0.831017255783081, 0.8730658888816833, 0.8979975581169128, 0.9215250611305237]
NAUTILUS=>2021-05-23 18:13:16.256518: Cycle: 6, Model: 1, val_loss: [0.2996942698955536, 0.23559747636318207, 0.23065300285816193, 0.21521662175655365, 0.19957661628723145]
NAUTILUS=>2021-05-23 18:13:16.256518: Cycle: 6, Model: 1, val_accuracy: [0.8900206685066223, 0.9162307977676392, 0.9214035272598267, 0.9261847734451294, 0.9329729080200195]
NAUTILUS=>2021-05-23 18:13:16.256634: Starting to generating the best model
NAUTILUS=>2021-05-23 18:13:22.656285: Completed generating the best model. Elapsed time: 0:00:06.399651
NAUTILUS=>2021-05-23 18:13:22.656285: Cycle: 6, Best Model: 0
NAUTILUS=>2021-05-23 18:13:22.656285: Cycle: 6, Best model loss: [0.7799672484397888, 0.44660696387290955, 0.3338446021080017, 0.25252801179885864, 0.17619304358959198]
NAUTILUS=>2021-05-23 18:13:22.656285: Cycle: 6, Best model accuracy: [0.731383204460144, 0.8403475284576416, 0.8846457004547119, 0.913008451461792, 0.9420837163925171]
NAUTILUS=>2021-05-23 18:13:22.656285: Cycle: 6, Best model val_loss: [0.2626066207885742, 0.22274690866470337, 0.22555580735206604, 0.21269741654396057, 0.2055129110813141]
NAUTILUS=>2021-05-23 18:13:22.656285: Cycle: 6, Best model val_accuracy: [0.9080990552902222, 0.9237484931945801, 0.9229283928871155, 0.9287424683570862, 0.9391658306121826]
NAUTILUS=>2021-05-23 18:13:22.963811: Completed active learning cycle. Elapsed time: 0:02:23.248913
NAUTILUS=>2021-05-23 18:13:22.963828: ========> Active learning cycle: 7
NAUTILUS=>2021-05-23 18:13:22.963832: Starting data loading
NAUTILUS=>2021-05-23 18:13:55.744664: Completed data loading. Elapsed time: 0:00:32.780832
NAUTILUS=>2021-05-23 18:13:55.744682: Starting model selection
NAUTILUS=>2021-05-23 18:13:55.744699: Materializing training data
NAUTILUS=>2021-05-23 18:13:55.974439: Completed materializing training data. Elapsed time: 0:00:00.229740
NAUTILUS=>2021-05-23 18:13:55.974449: Generating intermediate features
NAUTILUS=>2021-05-23 18:14:04.535899: Completed generating intermediate features. Elapsed time: 0:00:08.561450
NAUTILUS=>2021-05-23 18:14:04.535919: Starting model training
NAUTILUS=>2021-05-23 18:16:31.587600: Completed model training. Elapsed time: 0:02:27.051681
NAUTILUS=>2021-05-23 18:16:31.587600: Cycle: 7, Model: 2, loss: [0.8025190830230713, 0.47154468297958374, 0.37708336114883423, 0.32224562764167786, 0.2644381523132324]
NAUTILUS=>2021-05-23 18:16:31.587600: Cycle: 7, Model: 2, accuracy: [0.7115219831466675, 0.8267384767532349, 0.8642494678497314, 0.8844788670539856, 0.9091392159461975]
NAUTILUS=>2021-05-23 18:16:31.587600: Cycle: 7, Model: 2, val_loss: [0.2850460708141327, 0.25467589497566223, 0.22212594747543335, 0.1975395828485489, 0.1967480182647705]
NAUTILUS=>2021-05-23 18:16:31.587600: Cycle: 7, Model: 2, val_accuracy: [0.8967004418373108, 0.9093232154846191, 0.9235003590583801, 0.9325689077377319, 0.9333333969116211]
NAUTILUS=>2021-05-23 18:16:31.587600: Cycle: 7, Model: 3, loss: [0.8863365054130554, 0.5211077928543091, 0.4181367754936218, 0.3622870445251465, 0.3097233176231384]
NAUTILUS=>2021-05-23 18:16:31.587600: Cycle: 7, Model: 3, accuracy: [0.6853455305099487, 0.8059935569763184, 0.8465524911880493, 0.8691449165344238, 0.8902751803398132]
NAUTILUS=>2021-05-23 18:16:31.587600: Cycle: 7, Model: 3, val_loss: [0.3304220736026764, 0.2762657701969147, 0.23427969217300415, 0.20634549856185913, 0.19914966821670532]
NAUTILUS=>2021-05-23 18:16:31.587600: Cycle: 7, Model: 3, val_accuracy: [0.8778524994850159, 0.8985719680786133, 0.917523980140686, 0.929358959197998, 0.9313344955444336]
NAUTILUS=>2021-05-23 18:16:31.587600: Cycle: 7, Model: 4, loss: [1.0465848445892334, 0.6368498206138611, 0.5188405513763428, 0.4513567388057709, 0.3975052237510681]
NAUTILUS=>2021-05-23 18:16:31.587600: Cycle: 7, Model: 4, accuracy: [0.6393547654151917, 0.758770227432251, 0.8054442405700684, 0.833607017993927, 0.8547285795211792]
NAUTILUS=>2021-05-23 18:16:31.587600: Cycle: 7, Model: 4, val_loss: [0.43953120708465576, 0.3249198794364929, 0.2986510694026947, 0.2445904165506363, 0.23032431304454803]
NAUTILUS=>2021-05-23 18:16:31.587600: Cycle: 7, Model: 4, val_accuracy: [0.8374829292297363, 0.8847850561141968, 0.8997259736061096, 0.9141770601272583, 0.9171674251556396]
NAUTILUS=>2021-05-23 18:16:31.587600: Cycle: 7, Model: 0, loss: [0.7141919732093811, 0.4197644591331482, 0.2988542318344116, 0.22680465877056122, 0.15158581733703613]
NAUTILUS=>2021-05-23 18:16:31.587600: Cycle: 7, Model: 0, accuracy: [0.7476896643638611, 0.8520718216896057, 0.8957385420799255, 0.9220045804977417, 0.9465411305427551]
NAUTILUS=>2021-05-23 18:16:31.587600: Cycle: 7, Model: 0, val_loss: [0.27678847312927246, 0.2311742752790451, 0.22586177289485931, 0.19351737201213837, 0.1916634887456894]
NAUTILUS=>2021-05-23 18:16:31.587600: Cycle: 7, Model: 0, val_accuracy: [0.9071118235588074, 0.9215483069419861, 0.9206670522689819, 0.9355860352516174, 0.9440969228744507]
NAUTILUS=>2021-05-23 18:16:31.587600: Cycle: 7, Model: 1, loss: [0.7423845529556274, 0.43447279930114746, 0.3382682502269745, 0.27658721804618835, 0.21293963491916656]
NAUTILUS=>2021-05-23 18:16:31.587600: Cycle: 7, Model: 1, accuracy: [0.7348429560661316, 0.8446593284606934, 0.8806770443916321, 0.903697669506073, 0.9277063012123108]
NAUTILUS=>2021-05-23 18:16:31.587600: Cycle: 7, Model: 1, val_loss: [0.25973403453826904, 0.23179955780506134, 0.2179846167564392, 0.1917075663805008, 0.19586972892284393]
NAUTILUS=>2021-05-23 18:16:31.587600: Cycle: 7, Model: 1, val_accuracy: [0.9079566597938538, 0.9167662858963013, 0.9259543418884277, 0.9338977336883545, 0.9338206052780151]
NAUTILUS=>2021-05-23 18:16:31.587715: Starting to generating the best model
NAUTILUS=>2021-05-23 18:16:38.017959: Completed generating the best model. Elapsed time: 0:00:06.430244
NAUTILUS=>2021-05-23 18:16:38.017959: Cycle: 7, Best Model: 0
NAUTILUS=>2021-05-23 18:16:38.017959: Cycle: 7, Best model loss: [0.7141919732093811, 0.4197644591331482, 0.2988542318344116, 0.22680465877056122, 0.15158581733703613]
NAUTILUS=>2021-05-23 18:16:38.017959: Cycle: 7, Best model accuracy: [0.7476896643638611, 0.8520718216896057, 0.8957385420799255, 0.9220045804977417, 0.9465411305427551]
NAUTILUS=>2021-05-23 18:16:38.017959: Cycle: 7, Best model val_loss: [0.27678847312927246, 0.2311742752790451, 0.22586177289485931, 0.19351737201213837, 0.1916634887456894]
NAUTILUS=>2021-05-23 18:16:38.017959: Cycle: 7, Best model val_accuracy: [0.9071118235588074, 0.9215483069419861, 0.9206670522689819, 0.9355860352516174, 0.9440969228744507]
NAUTILUS=>2021-05-23 18:16:38.319946: Completed active learning cycle. Elapsed time: 0:02:42.575264
NAUTILUS=>2021-05-23 18:16:38.319965: ========> Active learning cycle: 8
NAUTILUS=>2021-05-23 18:16:38.319968: Starting data loading
NAUTILUS=>2021-05-23 18:17:15.012031: Completed data loading. Elapsed time: 0:00:36.692063
NAUTILUS=>2021-05-23 18:17:15.012048: Starting model selection
NAUTILUS=>2021-05-23 18:17:15.012065: Materializing training data
NAUTILUS=>2021-05-23 18:17:15.242964: Completed materializing training data. Elapsed time: 0:00:00.230899
NAUTILUS=>2021-05-23 18:17:15.242975: Generating intermediate features
NAUTILUS=>2021-05-23 18:17:23.903313: Completed generating intermediate features. Elapsed time: 0:00:08.660338
NAUTILUS=>2021-05-23 18:17:23.903333: Starting model training
NAUTILUS=>2021-05-23 18:20:09.036861: Completed model training. Elapsed time: 0:02:45.133528
NAUTILUS=>2021-05-23 18:20:09.036861: Cycle: 8, Model: 2, loss: [0.7596585154533386, 0.434118390083313, 0.3575199246406555, 0.2975573241710663, 0.25235164165496826]
NAUTILUS=>2021-05-23 18:20:09.036861: Cycle: 8, Model: 2, accuracy: [0.7292087078094482, 0.8401926159858704, 0.8715430498123169, 0.8971630930900574, 0.9137927889823914]
NAUTILUS=>2021-05-23 18:20:09.036861: Cycle: 8, Model: 2, val_loss: [0.2828730344772339, 0.2520284354686737, 0.23508404195308685, 0.21180398762226105, 0.19510966539382935]
NAUTILUS=>2021-05-23 18:20:09.036861: Cycle: 8, Model: 2, val_accuracy: [0.8970345854759216, 0.9064338803291321, 0.9168151021003723, 0.9244539141654968, 0.9281817078590393]
NAUTILUS=>2021-05-23 18:20:09.036861: Cycle: 8, Model: 3, loss: [0.8120070099830627, 0.4779716730117798, 0.3911489248275757, 0.3357694149017334, 0.29286912083625793]
NAUTILUS=>2021-05-23 18:20:09.036861: Cycle: 8, Model: 3, accuracy: [0.710490345954895, 0.823017418384552, 0.856820821762085, 0.8816876411437988, 0.8989507555961609]
NAUTILUS=>2021-05-23 18:20:09.036861: Cycle: 8, Model: 3, val_loss: [0.31269893050193787, 0.2579600214958191, 0.21895530819892883, 0.21828895807266235, 0.19785000383853912]
NAUTILUS=>2021-05-23 18:20:09.036861: Cycle: 8, Model: 3, val_accuracy: [0.888407826423645, 0.9020587801933289, 0.9217962622642517, 0.9220965504646301, 0.9281907081604004]
NAUTILUS=>2021-05-23 18:20:09.036861: Cycle: 8, Model: 4, loss: [0.9594183564186096, 0.5785239338874817, 0.47316184639930725, 0.41176971793174744, 0.3727688193321228]
NAUTILUS=>2021-05-23 18:20:09.036861: Cycle: 8, Model: 4, accuracy: [0.6654072403907776, 0.783073365688324, 0.8228238821029663, 0.8489989638328552, 0.8643873333930969]
NAUTILUS=>2021-05-23 18:20:09.036861: Cycle: 8, Model: 4, val_loss: [0.3986157476902008, 0.30054137110710144, 0.25524821877479553, 0.23259082436561584, 0.22446243464946747]
NAUTILUS=>2021-05-23 18:20:09.036861: Cycle: 8, Model: 4, val_accuracy: [0.8516775369644165, 0.8875235915184021, 0.907481849193573, 0.9181559085845947, 0.9195115566253662]
NAUTILUS=>2021-05-23 18:20:09.036861: Cycle: 8, Model: 0, loss: [0.6464559435844421, 0.3807171881198883, 0.2885574996471405, 0.20765213668346405, 0.14128175377845764]
NAUTILUS=>2021-05-23 18:20:09.036861: Cycle: 8, Model: 0, accuracy: [0.7646656632423401, 0.8627579212188721, 0.8978385329246521, 0.9288691878318787, 0.9510678052902222]
NAUTILUS=>2021-05-23 18:20:09.036861: Cycle: 8, Model: 0, val_loss: [0.24145016074180603, 0.2101917266845703, 0.21682998538017273, 0.18186447024345398, 0.1978122740983963]
NAUTILUS=>2021-05-23 18:20:09.036861: Cycle: 8, Model: 0, val_accuracy: [0.9130520820617676, 0.9237312078475952, 0.9229507446289062, 0.9363067150115967, 0.937947690486908]
NAUTILUS=>2021-05-23 18:20:09.036861: Cycle: 8, Model: 1, loss: [0.6863610148429871, 0.4017309248447418, 0.32408520579338074, 0.25603270530700684, 0.20427776873111725]
NAUTILUS=>2021-05-23 18:20:09.036861: Cycle: 8, Model: 1, accuracy: [0.7543314099311829, 0.8523772954940796, 0.8858950734138489, 0.9109200239181519, 0.9302059412002563]
NAUTILUS=>2021-05-23 18:20:09.036861: Cycle: 8, Model: 1, val_loss: [0.2578604519367218, 0.2310694307088852, 0.24304214119911194, 0.18772205710411072, 0.1939428448677063]
NAUTILUS=>2021-05-23 18:20:09.036861: Cycle: 8, Model: 1, val_accuracy: [0.905876874923706, 0.9166516661643982, 0.9144670367240906, 0.9337083697319031, 0.933774471282959]
NAUTILUS=>2021-05-23 18:20:09.036974: Starting to generating the best model
NAUTILUS=>2021-05-23 18:20:15.458769: Completed generating the best model. Elapsed time: 0:00:06.421795
NAUTILUS=>2021-05-23 18:20:15.458769: Cycle: 8, Best Model: 0
NAUTILUS=>2021-05-23 18:20:15.458769: Cycle: 8, Best model loss: [0.6464559435844421, 0.3807171881198883, 0.2885574996471405, 0.20765213668346405, 0.14128175377845764]
NAUTILUS=>2021-05-23 18:20:15.458769: Cycle: 8, Best model accuracy: [0.7646656632423401, 0.8627579212188721, 0.8978385329246521, 0.9288691878318787, 0.9510678052902222]
NAUTILUS=>2021-05-23 18:20:15.458769: Cycle: 8, Best model val_loss: [0.24145016074180603, 0.2101917266845703, 0.21682998538017273, 0.18186447024345398, 0.1978122740983963]
NAUTILUS=>2021-05-23 18:20:15.458769: Cycle: 8, Best model val_accuracy: [0.9130520820617676, 0.9237312078475952, 0.9229507446289062, 0.9363067150115967, 0.937947690486908]
NAUTILUS=>2021-05-23 18:20:15.754397: Completed active learning cycle. Elapsed time: 0:03:00.742349
NAUTILUS=>2021-05-23 18:20:15.754414: ========> Active learning cycle: 9
NAUTILUS=>2021-05-23 18:20:15.754418: Starting data loading
NAUTILUS=>2021-05-23 18:20:45.003588: Completed data loading. Elapsed time: 0:00:29.249170
NAUTILUS=>2021-05-23 18:20:45.003607: Starting model selection
NAUTILUS=>2021-05-23 18:20:45.003624: Materializing training data
NAUTILUS=>2021-05-23 18:20:45.232320: Completed materializing training data. Elapsed time: 0:00:00.228696
NAUTILUS=>2021-05-23 18:20:45.232329: Generating intermediate features
NAUTILUS=>2021-05-23 18:20:53.838159: Completed generating intermediate features. Elapsed time: 0:00:08.605830
NAUTILUS=>2021-05-23 18:20:53.838178: Starting model training
NAUTILUS=>2021-05-23 18:23:57.645823: Completed model training. Elapsed time: 0:03:03.807645
NAUTILUS=>2021-05-23 18:23:57.645823: Cycle: 9, Model: 2, loss: [0.6763768196105957, 0.4002858102321625, 0.32126617431640625, 0.27083271741867065, 0.2293400913476944]
NAUTILUS=>2021-05-23 18:23:57.645823: Cycle: 9, Model: 2, accuracy: [0.7596291303634644, 0.8518889546394348, 0.8836554884910583, 0.905359148979187, 0.9232053756713867]
NAUTILUS=>2021-05-23 18:23:57.645823: Cycle: 9, Model: 2, val_loss: [0.26617589592933655, 0.22127364575862885, 0.20145946741104126, 0.19061489403247833, 0.171108216047287]
NAUTILUS=>2021-05-23 18:23:57.645823: Cycle: 9, Model: 2, val_accuracy: [0.9048194289207458, 0.9238230586051941, 0.9292914271354675, 0.9344893097877502, 0.9413062930107117]
NAUTILUS=>2021-05-23 18:23:57.645823: Cycle: 9, Model: 3, loss: [0.7386447191238403, 0.436932235956192, 0.3548535704612732, 0.3029769957065582, 0.26836535334587097]
NAUTILUS=>2021-05-23 18:23:57.645823: Cycle: 9, Model: 3, accuracy: [0.740173876285553, 0.838407576084137, 0.8698307871818542, 0.8932836651802063, 0.9081398248672485]
NAUTILUS=>2021-05-23 18:23:57.645823: Cycle: 9, Model: 3, val_loss: [0.2875220775604248, 0.2320951670408249, 0.20680446922779083, 0.1951252967119217, 0.17786042392253876]
NAUTILUS=>2021-05-23 18:23:57.645823: Cycle: 9, Model: 3, val_accuracy: [0.8955609202384949, 0.9181397557258606, 0.9280202984809875, 0.9337778687477112, 0.9391558766365051]
NAUTILUS=>2021-05-23 18:23:57.645823: Cycle: 9, Model: 4, loss: [0.8878427743911743, 0.5242408514022827, 0.42911291122436523, 0.3741406202316284, 0.3389910161495209]
NAUTILUS=>2021-05-23 18:23:57.645823: Cycle: 9, Model: 4, accuracy: [0.6925715208053589, 0.8032089471817017, 0.8390423655509949, 0.8641048669815063, 0.8786831498146057]
NAUTILUS=>2021-05-23 18:23:57.645823: Cycle: 9, Model: 4, val_loss: [0.3574731647968292, 0.270930677652359, 0.2381976991891861, 0.21783946454524994, 0.20315156877040863]
NAUTILUS=>2021-05-23 18:23:57.645823: Cycle: 9, Model: 4, val_accuracy: [0.8736849427223206, 0.9041590094566345, 0.915152370929718, 0.9244619607925415, 0.9281419515609741]
NAUTILUS=>2021-05-23 18:23:57.645823: Cycle: 9, Model: 0, loss: [0.6100867390632629, 0.34706124663352966, 0.25596994161605835, 0.18992911279201508, 0.1261710673570633]
NAUTILUS=>2021-05-23 18:23:57.645823: Cycle: 9, Model: 0, accuracy: [0.783235490322113, 0.8784529566764832, 0.9114634990692139, 0.9361453652381897, 0.9579300880432129]
NAUTILUS=>2021-05-23 18:23:57.645823: Cycle: 9, Model: 0, val_loss: [0.2264733761548996, 0.20432400703430176, 0.21229973435401917, 0.17916378378868103, 0.16767480969429016]
NAUTILUS=>2021-05-23 18:23:57.645823: Cycle: 9, Model: 0, val_accuracy: [0.9186971187591553, 0.9262189269065857, 0.9238152503967285, 0.9412838220596313, 0.9501883387565613]
NAUTILUS=>2021-05-23 18:23:57.645823: Cycle: 9, Model: 1, loss: [0.6330435276031494, 0.36807674169540405, 0.2890521287918091, 0.23420222103595734, 0.181148499250412]
NAUTILUS=>2021-05-23 18:23:57.645823: Cycle: 9, Model: 1, accuracy: [0.7749215960502625, 0.867677628993988, 0.8981071710586548, 0.9184057116508484, 0.9395334124565125]
NAUTILUS=>2021-05-23 18:23:57.645823: Cycle: 9, Model: 1, val_loss: [0.26313045620918274, 0.20751561224460602, 0.20754164457321167, 0.18916510045528412, 0.1661384403705597]
NAUTILUS=>2021-05-23 18:23:57.645823: Cycle: 9, Model: 1, val_accuracy: [0.9044192433357239, 0.9255962371826172, 0.9249846935272217, 0.9336475133895874, 0.9461861252784729]
NAUTILUS=>2021-05-23 18:23:57.645936: Starting to generating the best model
NAUTILUS=>2021-05-23 18:24:04.045596: Completed generating the best model. Elapsed time: 0:00:06.399660
NAUTILUS=>2021-05-23 18:24:04.045596: Cycle: 9, Best Model: 0
NAUTILUS=>2021-05-23 18:24:04.045596: Cycle: 9, Best model loss: [0.6100867390632629, 0.34706124663352966, 0.25596994161605835, 0.18992911279201508, 0.1261710673570633]
NAUTILUS=>2021-05-23 18:24:04.045596: Cycle: 9, Best model accuracy: [0.783235490322113, 0.8784529566764832, 0.9114634990692139, 0.9361453652381897, 0.9579300880432129]
NAUTILUS=>2021-05-23 18:24:04.045596: Cycle: 9, Best model val_loss: [0.2264733761548996, 0.20432400703430176, 0.21229973435401917, 0.17916378378868103, 0.16767480969429016]
NAUTILUS=>2021-05-23 18:24:04.045596: Cycle: 9, Best model val_accuracy: [0.9186971187591553, 0.9262189269065857, 0.9238152503967285, 0.9412838220596313, 0.9501883387565613]
NAUTILUS=>2021-05-23 18:24:04.347456: Completed active learning cycle. Elapsed time: 0:03:19.343849
NAUTILUS=>2021-05-23 18:24:04.347474: ========> Active learning cycle: 10
NAUTILUS=>2021-05-23 18:24:04.347477: Starting data loading
NAUTILUS=>2021-05-23 18:24:36.769319: Completed data loading. Elapsed time: 0:00:32.421842
NAUTILUS=>2021-05-23 18:24:36.769337: Starting model selection
NAUTILUS=>2021-05-23 18:24:36.769355: Materializing training data
NAUTILUS=>2021-05-23 18:24:37.003472: Completed materializing training data. Elapsed time: 0:00:00.234117
NAUTILUS=>2021-05-23 18:24:37.003482: Generating intermediate features
NAUTILUS=>2021-05-23 18:24:45.606155: Completed generating intermediate features. Elapsed time: 0:00:08.602673
NAUTILUS=>2021-05-23 18:24:45.606175: Starting model training
NAUTILUS=>2021-05-23 18:28:07.760533: Completed model training. Elapsed time: 0:03:22.154358
NAUTILUS=>2021-05-23 18:28:07.760533: Cycle: 10, Model: 2, loss: [0.6246510148048401, 0.3613930642604828, 0.293387234210968, 0.2511279881000519, 0.21189147233963013]
NAUTILUS=>2021-05-23 18:28:07.760533: Cycle: 10, Model: 2, accuracy: [0.7747690081596375, 0.8652768731117249, 0.8940297961235046, 0.9106547236442566, 0.926112711429596]
NAUTILUS=>2021-05-23 18:28:07.760533: Cycle: 10, Model: 2, val_loss: [0.2477312982082367, 0.2150781750679016, 0.1960114687681198, 0.18206647038459778, 0.18044264614582062]
NAUTILUS=>2021-05-23 18:28:07.760533: Cycle: 10, Model: 2, val_accuracy: [0.9119259119033813, 0.9231365323066711, 0.9340124726295471, 0.9397152662277222, 0.9392658472061157]
NAUTILUS=>2021-05-23 18:28:07.760533: Cycle: 10, Model: 3, loss: [0.6760494112968445, 0.3909432291984558, 0.3195663094520569, 0.2787676155567169, 0.2454071342945099]
NAUTILUS=>2021-05-23 18:28:07.760533: Cycle: 10, Model: 3, accuracy: [0.7565314769744873, 0.8531355857849121, 0.8834456205368042, 0.8998118042945862, 0.9129511713981628]
NAUTILUS=>2021-05-23 18:28:07.760533: Cycle: 10, Model: 3, val_loss: [0.27909597754478455, 0.23223061859607697, 0.20398442447185516, 0.1880519539117813, 0.18648657202720642]
NAUTILUS=>2021-05-23 18:28:07.760533: Cycle: 10, Model: 3, val_accuracy: [0.8999459743499756, 0.9163931012153625, 0.9316360950469971, 0.9386314749717712, 0.936988115310669]
NAUTILUS=>2021-05-23 18:28:07.760533: Cycle: 10, Model: 4, loss: [0.8115459680557251, 0.47308123111724854, 0.38730359077453613, 0.3413222134113312, 0.3066350817680359]
NAUTILUS=>2021-05-23 18:28:07.760533: Cycle: 10, Model: 4, accuracy: [0.715671181678772, 0.8197171688079834, 0.8548895716667175, 0.8721932172775269, 0.887097954750061]
NAUTILUS=>2021-05-23 18:28:07.760533: Cycle: 10, Model: 4, val_loss: [0.3571259677410126, 0.2824168801307678, 0.2346840351819992, 0.21028774976730347, 0.20150744915008545]
NAUTILUS=>2021-05-23 18:28:07.760533: Cycle: 10, Model: 4, val_accuracy: [0.8771257996559143, 0.9006146192550659, 0.917646586894989, 0.927621603012085, 0.9314945340156555]
NAUTILUS=>2021-05-23 18:28:07.760533: Cycle: 10, Model: 0, loss: [0.5469082593917847, 0.31502610445022583, 0.23972207307815552, 0.1744024008512497, 0.11953232437372208]
NAUTILUS=>2021-05-23 18:28:07.760533: Cycle: 10, Model: 0, accuracy: [0.8030349612236023, 0.8845212459564209, 0.9145252704620361, 0.9373375773429871, 0.9580060839653015]
NAUTILUS=>2021-05-23 18:28:07.760533: Cycle: 10, Model: 0, val_loss: [0.2198822945356369, 0.19536899030208588, 0.18030031025409698, 0.1926230639219284, 0.17889301478862762]
NAUTILUS=>2021-05-23 18:28:07.760533: Cycle: 10, Model: 0, val_accuracy: [0.9202289581298828, 0.9333590269088745, 0.9397122859954834, 0.9450291395187378, 0.944489061832428]
NAUTILUS=>2021-05-23 18:28:07.760533: Cycle: 10, Model: 1, loss: [0.5837305784225464, 0.33328336477279663, 0.26777446269989014, 0.2172696441411972, 0.16863037645816803]
NAUTILUS=>2021-05-23 18:28:07.760533: Cycle: 10, Model: 1, accuracy: [0.7889930605888367, 0.8770315051078796, 0.9054273366928101, 0.9227454662322998, 0.9421892166137695]
NAUTILUS=>2021-05-23 18:28:07.760533: Cycle: 10, Model: 1, val_loss: [0.2259872406721115, 0.20583854615688324, 0.18969151377677917, 0.18007513880729675, 0.17383138835430145]
NAUTILUS=>2021-05-23 18:28:07.760533: Cycle: 10, Model: 1, val_accuracy: [0.9168923497200012, 0.9281127452850342, 0.9363688826560974, 0.9436497688293457, 0.9431561231613159]
NAUTILUS=>2021-05-23 18:28:07.760648: Starting to generating the best model
NAUTILUS=>2021-05-23 18:28:14.211040: Completed generating the best model. Elapsed time: 0:00:06.450392
NAUTILUS=>2021-05-23 18:28:14.211040: Cycle: 10, Best Model: 0
NAUTILUS=>2021-05-23 18:28:14.211040: Cycle: 10, Best model loss: [0.5469082593917847, 0.31502610445022583, 0.23972207307815552, 0.1744024008512497, 0.11953232437372208]
NAUTILUS=>2021-05-23 18:28:14.211040: Cycle: 10, Best model accuracy: [0.8030349612236023, 0.8845212459564209, 0.9145252704620361, 0.9373375773429871, 0.9580060839653015]
NAUTILUS=>2021-05-23 18:28:14.211040: Cycle: 10, Best model val_loss: [0.2198822945356369, 0.19536899030208588, 0.18030031025409698, 0.1926230639219284, 0.17889301478862762]
NAUTILUS=>2021-05-23 18:28:14.211040: Cycle: 10, Best model val_accuracy: [0.9202289581298828, 0.9333590269088745, 0.9397122859954834, 0.9450291395187378, 0.944489061832428]
NAUTILUS=>2021-05-23 18:28:14.510735: Completed active learning cycle. Elapsed time: 0:03:37.741398
NAUTILUS=>2021-05-23 18:28:14.510754: Workload completed. Elapsed time: 0:29:18.972603
