NAUTILUS=>2021-06-10 01:45:06.766721: Starting workload
NAUTILUS=>2021-06-10 01:45:06.766721: RANDOM_SEED: 2020
NAUTILUS=>2021-06-10 01:45:06.766721: VERY_LARGE_VALUE: 1000000000000000.0
NAUTILUS=>2021-06-10 01:45:06.766721: NO_MAT_OPT: False
NAUTILUS=>2021-06-10 01:45:06.766721: MODE: ftr3-4
NAUTILUS=>2021-06-10 01:45:06.766721: STORAGE_PATH: ./storage
NAUTILUS=>2021-06-10 01:45:06.766721: NO_FUSE_OPT: True
NAUTILUS=>2021-06-10 01:45:06.766721: NUM_EPOCHS: 5
NAUTILUS=>2021-06-10 01:45:06.766721: MAX_NUM_RECORDS: 5000
NAUTILUS=>2021-06-10 01:45:06.766721: ACTIVE_LEARNING_BATCH_SIZE: 500
NAUTILUS=>2021-06-10 01:45:06.766721: VALID_FRACTION: 0.2
NAUTILUS=>2021-06-10 01:45:06.766721: SAMPLING_STRATERGY: uncertainty
NAUTILUS=>2021-06-10 01:45:06.766721: NO_PRETRAINING: False
NAUTILUS=>2021-06-10 01:45:06.766721: STORAGE_BUDGET: 25
NAUTILUS=>2021-06-10 01:45:06.766721: MEMORY_BUDGET: 10
NAUTILUS=>2021-06-10 01:45:06.766721: WORKSPACE_MEMORY: 1
NAUTILUS=>2021-06-10 01:45:06.766721: COMPUTE_THROUGHPUT: 6
NAUTILUS=>2021-06-10 01:45:06.766721: DISK_THROUGHPUT: 500
NAUTILUS=>2021-06-10 01:45:06.766721: SHUFFLE_BUFFER_SIZE: 10000
NAUTILUS=>2021-06-10 01:45:06.766770: Starting system initialization
NAUTILUS=>2021-06-10 01:45:07.361373: Starting model profiling
NAUTILUS=>2021-06-10 01:45:43.825065: Completed model profiling. Elapsed time: 0:00:36.463689
NAUTILUS=>2021-06-10 01:45:43.825065: Model parameters
NAUTILUS=>2021-06-10 01:45:43.825139: Generating optimized model selection plan
NAUTILUS=>2021-06-10 01:45:43.903868: Materialized layers candidates: tf_op_layer_strided_slice,tf_op_layer_Cast,tf_op_layer_Sub,tf_op_layer_Mul,layer_9
NAUTILUS=>2021-06-10 01:45:43.925489: Used materialized layers: layer_9
NAUTILUS=>2021-06-10 01:45:43.925489: Model training plan: {"0": {"models": ["0"], "output_layers": ["0/classifier"], "flops_consumption": 438177892375000.0, "compute_flops": 325531408000000.0, "load_flops": 112646484375000.0, "memory_consumption": 1.8776347935199738, "used_materialized_layers": ["layer_9"], "batch_size": 16, "num_epochs": [5]}, "1": {"models": ["1"], "output_layers": ["1/classifier"], "flops_consumption": 438177892375000.0, "compute_flops": 325531408000000.0, "load_flops": 112646484375000.0, "memory_consumption": 1.8776347935199738, "used_materialized_layers": ["layer_9"], "batch_size": 16, "num_epochs": [5]}, "2": {"models": ["2"], "output_layers": ["2/classifier"], "flops_consumption": 438177892375000.0, "compute_flops": 325531408000000.0, "load_flops": 112646484375000.0, "memory_consumption": 1.8776347935199738, "used_materialized_layers": ["layer_9"], "batch_size": 16, "num_epochs": [5]}, "3": {"models": ["3"], "output_layers": ["3/classifier"], "flops_consumption": 438177892375000.0, "compute_flops": 325531408000000.0, "load_flops": 112646484375000.0, "memory_consumption": 1.8776347935199738, "used_materialized_layers": ["layer_9"], "batch_size": 16, "num_epochs": [5]}}
NAUTILUS=>2021-06-10 01:45:43.925637: Completed generating optimized model selection plan. Elapsed time: 0:00:00.100498
NAUTILUS=>2021-06-10 01:45:43.925644: Generating fused models
NAUTILUS=>2021-06-10 01:45:57.472769: Completed generating fused models. Elapsed time: 0:00:13.547124
NAUTILUS=>2021-06-10 01:45:57.472769: Current Practice FLOPs: 596552158720.0
NAUTILUS=>2021-06-10 01:45:57.472769: Optimal FLOPs: 148388021760.0
NAUTILUS=>2021-06-10 01:45:57.472769: Theoretical Speedup: 4.020217748335861
NAUTILUS=>2021-06-10 01:45:57.526110: Completed system initialization. Elapsed time: 0:00:50.759340
NAUTILUS=>2021-06-10 01:45:57.526133: ========> Active learning cycle: 1
NAUTILUS=>2021-06-10 01:45:57.526137: Starting data loading
NAUTILUS=>2021-06-10 01:46:13.258287: Completed data loading. Elapsed time: 0:00:15.732150
NAUTILUS=>2021-06-10 01:46:13.258313: Starting model selection
NAUTILUS=>2021-06-10 01:46:13.258332: Materializing training data
NAUTILUS=>2021-06-10 01:46:13.494764: Completed materializing training data. Elapsed time: 0:00:00.236432
NAUTILUS=>2021-06-10 01:46:13.494777: Generating intermediate features
NAUTILUS=>2021-06-10 01:46:22.108363: Completed generating intermediate features. Elapsed time: 0:00:08.613586
NAUTILUS=>2021-06-10 01:46:22.108382: Starting model training
NAUTILUS=>2021-06-10 01:47:29.151752: Completed model training. Elapsed time: 0:01:07.043370
NAUTILUS=>2021-06-10 01:47:29.151752: Cycle: 1, Model: 0, loss: [0.828880786895752, 0.2970869541168213, 0.1905224770307541, 0.12513618171215057, 0.08048417419195175]
NAUTILUS=>2021-06-10 01:47:29.151752: Cycle: 1, Model: 0, accuracy: [0.7468414902687073, 0.8900124430656433, 0.9346765279769897, 0.9563759565353394, 0.9700300097465515]
NAUTILUS=>2021-06-10 01:47:29.151752: Cycle: 1, Model: 0, val_loss: [0.4639214277267456, 0.41468510031700134, 0.35327717661857605, 0.39335745573043823, 0.37415382266044617]
NAUTILUS=>2021-06-10 01:47:29.151752: Cycle: 1, Model: 0, val_accuracy: [0.8359349966049194, 0.8561877608299255, 0.8714163899421692, 0.8704221248626709, 0.8852939605712891]
NAUTILUS=>2021-06-10 01:47:29.151752: Cycle: 1, Model: 1, loss: [1.004594087600708, 0.4065803289413452, 0.28088250756263733, 0.1944686770439148, 0.1432686597108841]
NAUTILUS=>2021-06-10 01:47:29.151752: Cycle: 1, Model: 1, accuracy: [0.7063083052635193, 0.8641493320465088, 0.9058865904808044, 0.9262921214103699, 0.9485536217689514]
NAUTILUS=>2021-06-10 01:47:29.151752: Cycle: 1, Model: 1, val_loss: [0.5762648582458496, 0.4119472801685333, 0.3756779432296753, 0.36078959703445435, 0.36561137437820435]
NAUTILUS=>2021-06-10 01:47:29.151752: Cycle: 1, Model: 1, val_accuracy: [0.8098840117454529, 0.8507524728775024, 0.8563680052757263, 0.869193971157074, 0.8720411062240601]
NAUTILUS=>2021-06-10 01:47:29.151752: Cycle: 1, Model: 2, loss: [1.10059654712677, 0.4744577705860138, 0.3396696448326111, 0.2579960823059082, 0.2015160769224167]
NAUTILUS=>2021-06-10 01:47:29.151752: Cycle: 1, Model: 2, accuracy: [0.6883387565612793, 0.8442584276199341, 0.8858430981636047, 0.9036238193511963, 0.9335419535636902]
NAUTILUS=>2021-06-10 01:47:29.151752: Cycle: 1, Model: 2, val_loss: [0.6876410841941833, 0.472998708486557, 0.41176077723503113, 0.39722809195518494, 0.3804224133491516]
NAUTILUS=>2021-06-10 01:47:29.151752: Cycle: 1, Model: 2, val_accuracy: [0.7769367694854736, 0.828457236289978, 0.848990797996521, 0.8405357599258423, 0.8534486889839172]
NAUTILUS=>2021-06-10 01:47:29.151752: Cycle: 1, Model: 3, loss: [1.230085849761963, 0.5972630381584167, 0.42791736125946045, 0.3265362083911896, 0.26702556014060974]
NAUTILUS=>2021-06-10 01:47:29.151752: Cycle: 1, Model: 3, accuracy: [0.6550421118736267, 0.8016746044158936, 0.8581827282905579, 0.8822500109672546, 0.9073532819747925]
NAUTILUS=>2021-06-10 01:47:29.151752: Cycle: 1, Model: 3, val_loss: [0.7879536151885986, 0.5699779391288757, 0.4662770926952362, 0.4216022491455078, 0.40840330719947815]
NAUTILUS=>2021-06-10 01:47:29.151752: Cycle: 1, Model: 3, val_accuracy: [0.7376022934913635, 0.8131635785102844, 0.8351553082466125, 0.8348590135574341, 0.8504737615585327]
NAUTILUS=>2021-06-10 01:47:29.151854: Starting to generating the best model
NAUTILUS=>2021-06-10 01:47:34.821931: Completed generating the best model. Elapsed time: 0:00:05.670077
NAUTILUS=>2021-06-10 01:47:34.821931: Cycle: 1, Best Model: 0
NAUTILUS=>2021-06-10 01:47:34.821931: Cycle: 1, Best model loss: [0.828880786895752, 0.2970869541168213, 0.1905224770307541, 0.12513618171215057, 0.08048417419195175]
NAUTILUS=>2021-06-10 01:47:34.821931: Cycle: 1, Best model accuracy: [0.7468414902687073, 0.8900124430656433, 0.9346765279769897, 0.9563759565353394, 0.9700300097465515]
NAUTILUS=>2021-06-10 01:47:34.821931: Cycle: 1, Best model val_loss: [0.4639214277267456, 0.41468510031700134, 0.35327717661857605, 0.39335745573043823, 0.37415382266044617]
NAUTILUS=>2021-06-10 01:47:34.821931: Cycle: 1, Best model val_accuracy: [0.8359349966049194, 0.8561877608299255, 0.8714163899421692, 0.8704221248626709, 0.8852939605712891]
NAUTILUS=>2021-06-10 01:47:35.115558: Completed active learning cycle. Elapsed time: 0:01:21.857245
NAUTILUS=>2021-06-10 01:47:35.115576: ========> Active learning cycle: 2
NAUTILUS=>2021-06-10 01:47:35.115580: Starting data loading
NAUTILUS=>2021-06-10 01:48:23.956941: Completed data loading. Elapsed time: 0:00:48.841361
NAUTILUS=>2021-06-10 01:48:23.956959: Starting model selection
NAUTILUS=>2021-06-10 01:48:23.956976: Materializing training data
NAUTILUS=>2021-06-10 01:48:24.184562: Completed materializing training data. Elapsed time: 0:00:00.227586
NAUTILUS=>2021-06-10 01:48:24.184573: Generating intermediate features
NAUTILUS=>2021-06-10 01:48:32.811358: Completed generating intermediate features. Elapsed time: 0:00:08.626785
NAUTILUS=>2021-06-10 01:48:32.811378: Starting model training
NAUTILUS=>2021-06-10 01:50:15.062629: Completed model training. Elapsed time: 0:01:42.251251
NAUTILUS=>2021-06-10 01:50:15.062629: Cycle: 2, Model: 0, loss: [0.9820089936256409, 0.42822322249412537, 0.274488627910614, 0.19114264845848083, 0.12522202730178833]
NAUTILUS=>2021-06-10 01:50:15.062629: Cycle: 2, Model: 0, accuracy: [0.6411345601081848, 0.8296785950660706, 0.8881787657737732, 0.9303540587425232, 0.9543465375900269]
NAUTILUS=>2021-06-10 01:50:15.062629: Cycle: 2, Model: 0, val_loss: [0.3782179355621338, 0.34705260396003723, 0.2961651086807251, 0.2835554778575897, 0.305136114358902]
NAUTILUS=>2021-06-10 01:50:15.062629: Cycle: 2, Model: 0, val_accuracy: [0.8639460802078247, 0.8841715455055237, 0.9048786163330078, 0.9142364263534546, 0.9139883518218994]
NAUTILUS=>2021-06-10 01:50:15.062629: Cycle: 2, Model: 1, loss: [1.031630516052246, 0.49598366022109985, 0.33836865425109863, 0.2519090175628662, 0.17347869277000427]
NAUTILUS=>2021-06-10 01:50:15.062629: Cycle: 2, Model: 1, accuracy: [0.6214208006858826, 0.8046935200691223, 0.8720493316650391, 0.9077181816101074, 0.9331250190734863]
NAUTILUS=>2021-06-10 01:50:15.062629: Cycle: 2, Model: 1, val_loss: [0.4488494098186493, 0.3552568852901459, 0.2943028509616852, 0.28837546706199646, 0.27607956528663635]
NAUTILUS=>2021-06-10 01:50:15.062629: Cycle: 2, Model: 1, val_accuracy: [0.8425663709640503, 0.8833434581756592, 0.8984968066215515, 0.9134674668312073, 0.9148668646812439]
NAUTILUS=>2021-06-10 01:50:15.062629: Cycle: 2, Model: 2, loss: [1.1710573434829712, 0.5940358638763428, 0.4166698753833771, 0.3269309103488922, 0.24684353172779083]
NAUTILUS=>2021-06-10 01:50:15.062629: Cycle: 2, Model: 2, accuracy: [0.5746650695800781, 0.7590763568878174, 0.8437793850898743, 0.8772196769714355, 0.906093418598175]
NAUTILUS=>2021-06-10 01:50:15.062629: Cycle: 2, Model: 2, val_loss: [0.5098970532417297, 0.384104460477829, 0.3192782998085022, 0.3005669116973877, 0.27994734048843384]
NAUTILUS=>2021-06-10 01:50:15.062629: Cycle: 2, Model: 2, val_accuracy: [0.8162043690681458, 0.8690874576568604, 0.8832870721817017, 0.9080027937889099, 0.9080075621604919]
NAUTILUS=>2021-06-10 01:50:15.062629: Cycle: 2, Model: 3, loss: [1.2702641487121582, 0.6870141625404358, 0.504310667514801, 0.41127339005470276, 0.33217594027519226]
NAUTILUS=>2021-06-10 01:50:15.062629: Cycle: 2, Model: 3, accuracy: [0.5490967035293579, 0.7168906927108765, 0.8053242564201355, 0.8456637859344482, 0.8711362481117249]
NAUTILUS=>2021-06-10 01:50:15.062629: Cycle: 2, Model: 3, val_loss: [0.5931740999221802, 0.4284386932849884, 0.36116084456443787, 0.3322778344154358, 0.3065924346446991]
NAUTILUS=>2021-06-10 01:50:15.062629: Cycle: 2, Model: 3, val_accuracy: [0.7932661175727844, 0.8485016822814941, 0.8722827434539795, 0.8984524011611938, 0.9016739726066589]
NAUTILUS=>2021-06-10 01:50:15.062730: Starting to generating the best model
NAUTILUS=>2021-06-10 01:50:20.721970: Completed generating the best model. Elapsed time: 0:00:05.659240
NAUTILUS=>2021-06-10 01:50:20.721970: Cycle: 2, Best Model: 1
NAUTILUS=>2021-06-10 01:50:20.721970: Cycle: 2, Best model loss: [1.031630516052246, 0.49598366022109985, 0.33836865425109863, 0.2519090175628662, 0.17347869277000427]
NAUTILUS=>2021-06-10 01:50:20.721970: Cycle: 2, Best model accuracy: [0.6214208006858826, 0.8046935200691223, 0.8720493316650391, 0.9077181816101074, 0.9331250190734863]
NAUTILUS=>2021-06-10 01:50:20.721970: Cycle: 2, Best model val_loss: [0.4488494098186493, 0.3552568852901459, 0.2943028509616852, 0.28837546706199646, 0.27607956528663635]
NAUTILUS=>2021-06-10 01:50:20.721970: Cycle: 2, Best model val_accuracy: [0.8425663709640503, 0.8833434581756592, 0.8984968066215515, 0.9134674668312073, 0.9148668646812439]
NAUTILUS=>2021-06-10 01:50:21.008621: Completed active learning cycle. Elapsed time: 0:01:57.051662
NAUTILUS=>2021-06-10 01:50:21.008639: ========> Active learning cycle: 3
NAUTILUS=>2021-06-10 01:50:21.008643: Starting data loading
NAUTILUS=>2021-06-10 01:51:00.531427: Completed data loading. Elapsed time: 0:00:39.522784
NAUTILUS=>2021-06-10 01:51:00.531444: Starting model selection
NAUTILUS=>2021-06-10 01:51:00.531460: Materializing training data
NAUTILUS=>2021-06-10 01:51:00.757741: Completed materializing training data. Elapsed time: 0:00:00.226281
NAUTILUS=>2021-06-10 01:51:00.757751: Generating intermediate features
NAUTILUS=>2021-06-10 01:51:09.321141: Completed generating intermediate features. Elapsed time: 0:00:08.563390
NAUTILUS=>2021-06-10 01:51:09.321161: Starting model training
NAUTILUS=>2021-06-10 01:53:25.197831: Completed model training. Elapsed time: 0:02:15.876670
NAUTILUS=>2021-06-10 01:53:25.197831: Cycle: 3, Model: 0, loss: [1.0503240823745728, 0.5038192272186279, 0.34329548478126526, 0.27409422397613525, 0.18432030081748962]
NAUTILUS=>2021-06-10 01:53:25.197831: Cycle: 3, Model: 0, accuracy: [0.6394216418266296, 0.8110025525093079, 0.8757426142692566, 0.9025945067405701, 0.9401528835296631]
NAUTILUS=>2021-06-10 01:53:25.197831: Cycle: 3, Model: 0, val_loss: [0.36566832661628723, 0.2560340464115143, 0.27582311630249023, 0.31012749671936035, 0.2955993115901947]
NAUTILUS=>2021-06-10 01:53:25.197831: Cycle: 3, Model: 0, val_accuracy: [0.8686020970344543, 0.9100136160850525, 0.9169734716415405, 0.9171760082244873, 0.9122934937477112]
NAUTILUS=>2021-06-10 01:53:25.197831: Cycle: 3, Model: 1, loss: [1.0786219835281372, 0.5533128380775452, 0.41141536831855774, 0.3229483664035797, 0.24406537413597107]
NAUTILUS=>2021-06-10 01:53:25.197831: Cycle: 3, Model: 1, accuracy: [0.6122634410858154, 0.7813418507575989, 0.846768319606781, 0.8865628838539124, 0.9208267331123352]
NAUTILUS=>2021-06-10 01:53:25.197831: Cycle: 3, Model: 1, val_loss: [0.38938483595848083, 0.3041931986808777, 0.2628311812877655, 0.27452102303504944, 0.25541338324546814]
NAUTILUS=>2021-06-10 01:53:25.197831: Cycle: 3, Model: 1, val_accuracy: [0.8718843460083008, 0.8965688347816467, 0.9098889231681824, 0.9124472141265869, 0.9129377007484436]
NAUTILUS=>2021-06-10 01:53:25.197831: Cycle: 3, Model: 2, loss: [1.1734111309051514, 0.6405545473098755, 0.4942150413990021, 0.40278419852256775, 0.3289356529712677]
NAUTILUS=>2021-06-10 01:53:25.197831: Cycle: 3, Model: 2, accuracy: [0.580635666847229, 0.7494320273399353, 0.8104904890060425, 0.8541501760482788, 0.8839531540870667]
NAUTILUS=>2021-06-10 01:53:25.197831: Cycle: 3, Model: 2, val_loss: [0.47131678462028503, 0.35854095220565796, 0.3004438579082489, 0.27271783351898193, 0.26489606499671936]
NAUTILUS=>2021-06-10 01:53:25.197831: Cycle: 3, Model: 2, val_accuracy: [0.8249059915542603, 0.8742010593414307, 0.8958098292350769, 0.9077868461608887, 0.9134292602539062]
NAUTILUS=>2021-06-10 01:53:25.197831: Cycle: 3, Model: 3, loss: [1.2739770412445068, 0.7285146713256836, 0.5687881708145142, 0.4734950661659241, 0.3920932114124298]
NAUTILUS=>2021-06-10 01:53:25.197831: Cycle: 3, Model: 3, accuracy: [0.5530614256858826, 0.7097641825675964, 0.7803652286529541, 0.82074373960495, 0.8602864742279053]
NAUTILUS=>2021-06-10 01:53:25.197831: Cycle: 3, Model: 3, val_loss: [0.5316216349601746, 0.38841530680656433, 0.3417527675628662, 0.3005862534046173, 0.2864686846733093]
NAUTILUS=>2021-06-10 01:53:25.197831: Cycle: 3, Model: 3, val_accuracy: [0.8050476908683777, 0.8711074590682983, 0.8834086060523987, 0.8952108025550842, 0.9024705290794373]
NAUTILUS=>2021-06-10 01:53:25.197931: Starting to generating the best model
NAUTILUS=>2021-06-10 01:53:30.865995: Completed generating the best model. Elapsed time: 0:00:05.668064
NAUTILUS=>2021-06-10 01:53:30.865995: Cycle: 3, Best Model: 2
NAUTILUS=>2021-06-10 01:53:30.865995: Cycle: 3, Best model loss: [1.1734111309051514, 0.6405545473098755, 0.4942150413990021, 0.40278419852256775, 0.3289356529712677]
NAUTILUS=>2021-06-10 01:53:30.865995: Cycle: 3, Best model accuracy: [0.580635666847229, 0.7494320273399353, 0.8104904890060425, 0.8541501760482788, 0.8839531540870667]
NAUTILUS=>2021-06-10 01:53:30.865995: Cycle: 3, Best model val_loss: [0.47131678462028503, 0.35854095220565796, 0.3004438579082489, 0.27271783351898193, 0.26489606499671936]
NAUTILUS=>2021-06-10 01:53:30.865995: Cycle: 3, Best model val_accuracy: [0.8249059915542603, 0.8742010593414307, 0.8958098292350769, 0.9077868461608887, 0.9134292602539062]
NAUTILUS=>2021-06-10 01:53:31.159114: Completed active learning cycle. Elapsed time: 0:02:30.627670
NAUTILUS=>2021-06-10 01:53:31.159132: ========> Active learning cycle: 4
NAUTILUS=>2021-06-10 01:53:31.159136: Starting data loading
NAUTILUS=>2021-06-10 01:54:15.916026: Completed data loading. Elapsed time: 0:00:44.756890
NAUTILUS=>2021-06-10 01:54:15.916044: Starting model selection
NAUTILUS=>2021-06-10 01:54:15.916059: Materializing training data
NAUTILUS=>2021-06-10 01:54:16.143116: Completed materializing training data. Elapsed time: 0:00:00.227057
NAUTILUS=>2021-06-10 01:54:16.143127: Generating intermediate features
NAUTILUS=>2021-06-10 01:54:24.716011: Completed generating intermediate features. Elapsed time: 0:00:08.572884
NAUTILUS=>2021-06-10 01:54:24.716031: Starting model training
NAUTILUS=>2021-06-10 01:57:14.951777: Completed model training. Elapsed time: 0:02:50.235746
NAUTILUS=>2021-06-10 01:57:14.951777: Cycle: 4, Model: 0, loss: [1.0007450580596924, 0.5386736392974854, 0.38935211300849915, 0.28623175621032715, 0.19687123596668243]
NAUTILUS=>2021-06-10 01:57:14.951777: Cycle: 4, Model: 0, accuracy: [0.6615559458732605, 0.813633143901825, 0.8663817048072815, 0.9032334089279175, 0.9374695420265198]
NAUTILUS=>2021-06-10 01:57:14.951777: Cycle: 4, Model: 0, val_loss: [0.35358813405036926, 0.2887240946292877, 0.26977843046188354, 0.24321216344833374, 0.2455395758152008]
NAUTILUS=>2021-06-10 01:57:14.951777: Cycle: 4, Model: 0, val_accuracy: [0.8783340454101562, 0.8984920382499695, 0.906108021736145, 0.9223610758781433, 0.9265408515930176]
NAUTILUS=>2021-06-10 01:57:14.951777: Cycle: 4, Model: 1, loss: [1.0142467021942139, 0.5698196291923523, 0.43418461084365845, 0.3525908291339874, 0.2743302285671234]
NAUTILUS=>2021-06-10 01:57:14.951777: Cycle: 4, Model: 1, accuracy: [0.6520774960517883, 0.7998597025871277, 0.8527160882949829, 0.8819565773010254, 0.9148235321044922]
NAUTILUS=>2021-06-10 01:57:14.951777: Cycle: 4, Model: 1, val_loss: [0.357993483543396, 0.2813897430896759, 0.24565917253494263, 0.23920086026191711, 0.23523733019828796]
NAUTILUS=>2021-06-10 01:57:14.951777: Cycle: 4, Model: 1, val_accuracy: [0.883351743221283, 0.8983660340309143, 0.9147924184799194, 0.9203234314918518, 0.9223295450210571]
NAUTILUS=>2021-06-10 01:57:14.951777: Cycle: 4, Model: 2, loss: [1.088930368423462, 0.6305785179138184, 0.495967835187912, 0.4107176959514618, 0.34650394320487976]
NAUTILUS=>2021-06-10 01:57:14.951777: Cycle: 4, Model: 2, accuracy: [0.6281378269195557, 0.7715151309967041, 0.8276664614677429, 0.8608231544494629, 0.8871836066246033]
NAUTILUS=>2021-06-10 01:57:14.951777: Cycle: 4, Model: 2, val_loss: [0.4040851593017578, 0.29758158326148987, 0.2775493860244751, 0.24165937304496765, 0.24623627960681915]
NAUTILUS=>2021-06-10 01:57:14.951777: Cycle: 4, Model: 2, val_accuracy: [0.8620694875717163, 0.8995107412338257, 0.9048641324043274, 0.917738676071167, 0.9149627685546875]
NAUTILUS=>2021-06-10 01:57:14.951777: Cycle: 4, Model: 3, loss: [1.157570242881775, 0.7072559595108032, 0.5625317692756653, 0.4762425720691681, 0.40739184617996216]
NAUTILUS=>2021-06-10 01:57:14.951777: Cycle: 4, Model: 3, accuracy: [0.5996688008308411, 0.7423927187919617, 0.8035558462142944, 0.833922803401947, 0.8620312213897705]
NAUTILUS=>2021-06-10 01:57:14.951777: Cycle: 4, Model: 3, val_loss: [0.4594841003417969, 0.34411075711250305, 0.30147138237953186, 0.2650788128376007, 0.2584414780139923]
NAUTILUS=>2021-06-10 01:57:14.951777: Cycle: 4, Model: 3, val_accuracy: [0.8350563049316406, 0.8728525042533875, 0.8964491486549377, 0.9098873138427734, 0.9113976359367371]
NAUTILUS=>2021-06-10 01:57:14.951891: Starting to generating the best model
NAUTILUS=>2021-06-10 01:57:20.599016: Completed generating the best model. Elapsed time: 0:00:05.647125
NAUTILUS=>2021-06-10 01:57:20.599016: Cycle: 4, Best Model: 0
NAUTILUS=>2021-06-10 01:57:20.599016: Cycle: 4, Best model loss: [1.0007450580596924, 0.5386736392974854, 0.38935211300849915, 0.28623175621032715, 0.19687123596668243]
NAUTILUS=>2021-06-10 01:57:20.599016: Cycle: 4, Best model accuracy: [0.6615559458732605, 0.813633143901825, 0.8663817048072815, 0.9032334089279175, 0.9374695420265198]
NAUTILUS=>2021-06-10 01:57:20.599016: Cycle: 4, Best model val_loss: [0.35358813405036926, 0.2887240946292877, 0.26977843046188354, 0.24321216344833374, 0.2455395758152008]
NAUTILUS=>2021-06-10 01:57:20.599016: Cycle: 4, Best model val_accuracy: [0.8783340454101562, 0.8984920382499695, 0.906108021736145, 0.9223610758781433, 0.9265408515930176]
NAUTILUS=>2021-06-10 01:57:20.884769: Completed active learning cycle. Elapsed time: 0:03:04.968725
NAUTILUS=>2021-06-10 01:57:20.884786: ========> Active learning cycle: 5
NAUTILUS=>2021-06-10 01:57:20.884790: Starting data loading
NAUTILUS=>2021-06-10 01:57:57.123907: Completed data loading. Elapsed time: 0:00:36.239117
NAUTILUS=>2021-06-10 01:57:57.123926: Starting model selection
NAUTILUS=>2021-06-10 01:57:57.123941: Materializing training data
NAUTILUS=>2021-06-10 01:57:57.349681: Completed materializing training data. Elapsed time: 0:00:00.225740
NAUTILUS=>2021-06-10 01:57:57.349691: Generating intermediate features
NAUTILUS=>2021-06-10 01:58:05.911614: Completed generating intermediate features. Elapsed time: 0:00:08.561923
NAUTILUS=>2021-06-10 01:58:05.911634: Starting model training
NAUTILUS=>2021-06-10 02:01:31.426276: Completed model training. Elapsed time: 0:03:25.514642
NAUTILUS=>2021-06-10 02:01:31.426276: Cycle: 5, Model: 0, loss: [0.8848877549171448, 0.48879098892211914, 0.3627718389034271, 0.27218595147132874, 0.2061728686094284]
NAUTILUS=>2021-06-10 02:01:31.426276: Cycle: 5, Model: 0, accuracy: [0.697338879108429, 0.8288840651512146, 0.8729316592216492, 0.9055098295211792, 0.9343339800834656]
NAUTILUS=>2021-06-10 02:01:31.426276: Cycle: 5, Model: 0, val_loss: [0.3129018545150757, 0.25376373529434204, 0.23948748409748077, 0.22341026365756989, 0.2342166006565094]
NAUTILUS=>2021-06-10 02:01:31.426276: Cycle: 5, Model: 0, val_accuracy: [0.8828927874565125, 0.9140087366104126, 0.920835554599762, 0.9284613132476807, 0.9284204244613647]
NAUTILUS=>2021-06-10 02:01:31.426276: Cycle: 5, Model: 1, loss: [0.931462824344635, 0.5267236828804016, 0.405816912651062, 0.32352134585380554, 0.26926350593566895]
NAUTILUS=>2021-06-10 02:01:31.426276: Cycle: 5, Model: 1, accuracy: [0.6760247945785522, 0.812559962272644, 0.8585521578788757, 0.890867292881012, 0.913202166557312]
NAUTILUS=>2021-06-10 02:01:31.426276: Cycle: 5, Model: 1, val_loss: [0.3221791088581085, 0.256032258272171, 0.23639313876628876, 0.21526898443698883, 0.21449017524719238]
NAUTILUS=>2021-06-10 02:01:31.426276: Cycle: 5, Model: 1, val_accuracy: [0.8834271430969238, 0.9131736159324646, 0.9191558361053467, 0.9234687685966492, 0.927733838558197]
NAUTILUS=>2021-06-10 02:01:31.426276: Cycle: 5, Model: 2, loss: [0.9871426224708557, 0.5766896605491638, 0.45632660388946533, 0.37810710072517395, 0.3249005079269409]
NAUTILUS=>2021-06-10 02:01:31.426276: Cycle: 5, Model: 2, accuracy: [0.6508467197418213, 0.7911696434020996, 0.8388306498527527, 0.8714576959609985, 0.893989622592926]
NAUTILUS=>2021-06-10 02:01:31.426276: Cycle: 5, Model: 2, val_loss: [0.36145877838134766, 0.28238633275032043, 0.2480158805847168, 0.22655875980854034, 0.21870160102844238]
NAUTILUS=>2021-06-10 02:01:31.426276: Cycle: 5, Model: 2, val_accuracy: [0.8718570470809937, 0.9073320031166077, 0.9183659553527832, 0.9207580089569092, 0.9231885671615601]
NAUTILUS=>2021-06-10 02:01:31.426276: Cycle: 5, Model: 3, loss: [1.0761611461639404, 0.6479772925376892, 0.5219250917434692, 0.4377794861793518, 0.38239797949790955]
NAUTILUS=>2021-06-10 02:01:31.426276: Cycle: 5, Model: 3, accuracy: [0.6204816102981567, 0.7633841037750244, 0.8116997480392456, 0.8473471403121948, 0.8717269897460938]
NAUTILUS=>2021-06-10 02:01:31.426276: Cycle: 5, Model: 3, val_loss: [0.4186553359031677, 0.3157375752925873, 0.27084529399871826, 0.24474231898784637, 0.23244576156139374]
NAUTILUS=>2021-06-10 02:01:31.426276: Cycle: 5, Model: 3, val_accuracy: [0.8494088649749756, 0.8946815729141235, 0.9061723351478577, 0.917978823184967, 0.9197957515716553]
NAUTILUS=>2021-06-10 02:01:31.426376: Starting to generating the best model
NAUTILUS=>2021-06-10 02:01:37.068765: Completed generating the best model. Elapsed time: 0:00:05.642389
NAUTILUS=>2021-06-10 02:01:37.068765: Cycle: 5, Best Model: 0
NAUTILUS=>2021-06-10 02:01:37.068765: Cycle: 5, Best model loss: [0.8848877549171448, 0.48879098892211914, 0.3627718389034271, 0.27218595147132874, 0.2061728686094284]
NAUTILUS=>2021-06-10 02:01:37.068765: Cycle: 5, Best model accuracy: [0.697338879108429, 0.8288840651512146, 0.8729316592216492, 0.9055098295211792, 0.9343339800834656]
NAUTILUS=>2021-06-10 02:01:37.068765: Cycle: 5, Best model val_loss: [0.3129018545150757, 0.25376373529434204, 0.23948748409748077, 0.22341026365756989, 0.2342166006565094]
NAUTILUS=>2021-06-10 02:01:37.068765: Cycle: 5, Best model val_accuracy: [0.8828927874565125, 0.9140087366104126, 0.920835554599762, 0.9284613132476807, 0.9284204244613647]
NAUTILUS=>2021-06-10 02:01:37.356625: Completed active learning cycle. Elapsed time: 0:03:40.232699
NAUTILUS=>2021-06-10 02:01:37.356642: ========> Active learning cycle: 6
NAUTILUS=>2021-06-10 02:01:37.356645: Starting data loading
NAUTILUS=>2021-06-10 02:02:17.846996: Completed data loading. Elapsed time: 0:00:40.490351
NAUTILUS=>2021-06-10 02:02:17.847013: Starting model selection
NAUTILUS=>2021-06-10 02:02:17.847028: Materializing training data
NAUTILUS=>2021-06-10 02:02:18.075786: Completed materializing training data. Elapsed time: 0:00:00.228758
NAUTILUS=>2021-06-10 02:02:18.075800: Generating intermediate features
NAUTILUS=>2021-06-10 02:02:26.675148: Completed generating intermediate features. Elapsed time: 0:00:08.599348
NAUTILUS=>2021-06-10 02:02:26.675167: Starting model training
NAUTILUS=>2021-06-10 02:06:26.461083: Completed model training. Elapsed time: 0:03:59.785916
NAUTILUS=>2021-06-10 02:06:26.461083: Cycle: 6, Model: 0, loss: [0.7799672484397888, 0.44660696387290955, 0.3338446021080017, 0.25252801179885864, 0.17619304358959198]
NAUTILUS=>2021-06-10 02:06:26.461083: Cycle: 6, Model: 0, accuracy: [0.731383204460144, 0.8403475284576416, 0.8846457004547119, 0.913008451461792, 0.9420837163925171]
NAUTILUS=>2021-06-10 02:06:26.461083: Cycle: 6, Model: 0, val_loss: [0.2626066207885742, 0.22274689376354218, 0.22555580735206604, 0.21269738674163818, 0.20551292598247528]
NAUTILUS=>2021-06-10 02:06:26.461083: Cycle: 6, Model: 0, val_accuracy: [0.9080990552902222, 0.9237484931945801, 0.9229283928871155, 0.9287424683570862, 0.9391658306121826]
NAUTILUS=>2021-06-10 02:06:26.461083: Cycle: 6, Model: 1, loss: [0.8581397533416748, 0.4753199815750122, 0.3670484721660614, 0.2981085479259491, 0.23778419196605682]
NAUTILUS=>2021-06-10 02:06:26.461083: Cycle: 6, Model: 1, accuracy: [0.7032250165939331, 0.831017255783081, 0.8730658888816833, 0.8979975581169128, 0.9215250611305237]
NAUTILUS=>2021-06-10 02:06:26.461083: Cycle: 6, Model: 1, val_loss: [0.2996942698955536, 0.23559750616550446, 0.23065300285816193, 0.21521662175655365, 0.19957663118839264]
NAUTILUS=>2021-06-10 02:06:26.461083: Cycle: 6, Model: 1, val_accuracy: [0.8900206685066223, 0.9162307977676392, 0.9214035272598267, 0.9261847734451294, 0.9329729080200195]
NAUTILUS=>2021-06-10 02:06:26.461083: Cycle: 6, Model: 2, loss: [0.9098143577575684, 0.5191351771354675, 0.41630348563194275, 0.3501938581466675, 0.2938484847545624]
NAUTILUS=>2021-06-10 02:06:26.461083: Cycle: 6, Model: 2, accuracy: [0.6849844455718994, 0.8124200105667114, 0.8526950478553772, 0.8777907490730286, 0.9018515944480896]
NAUTILUS=>2021-06-10 02:06:26.461083: Cycle: 6, Model: 2, val_loss: [0.3283713161945343, 0.24877555668354034, 0.2453784942626953, 0.21291778981685638, 0.20896629989147186]
NAUTILUS=>2021-06-10 02:06:26.461083: Cycle: 6, Model: 2, val_accuracy: [0.8854753375053406, 0.9102099537849426, 0.9186162352561951, 0.9225842356681824, 0.9274060130119324]
NAUTILUS=>2021-06-10 02:06:26.461083: Cycle: 6, Model: 3, loss: [0.9806895852088928, 0.5712223052978516, 0.4612850844860077, 0.3971766233444214, 0.34779903292655945]
NAUTILUS=>2021-06-10 02:06:26.461083: Cycle: 6, Model: 3, accuracy: [0.6613543033599854, 0.7908597588539124, 0.8349010944366455, 0.8593341112136841, 0.8809056878089905]
NAUTILUS=>2021-06-10 02:06:26.461083: Cycle: 6, Model: 3, val_loss: [0.36292850971221924, 0.27431514859199524, 0.2669964134693146, 0.22481697797775269, 0.22000351548194885]
NAUTILUS=>2021-06-10 02:06:26.461083: Cycle: 6, Model: 3, val_accuracy: [0.8769689202308655, 0.9005081057548523, 0.9096952080726624, 0.9197098016738892, 0.9217705130577087]
NAUTILUS=>2021-06-10 02:06:26.461185: Starting to generating the best model
NAUTILUS=>2021-06-10 02:06:32.128462: Completed generating the best model. Elapsed time: 0:00:05.667277
NAUTILUS=>2021-06-10 02:06:32.128462: Cycle: 6, Best Model: 0
NAUTILUS=>2021-06-10 02:06:32.128462: Cycle: 6, Best model loss: [0.7799672484397888, 0.44660696387290955, 0.3338446021080017, 0.25252801179885864, 0.17619304358959198]
NAUTILUS=>2021-06-10 02:06:32.128462: Cycle: 6, Best model accuracy: [0.731383204460144, 0.8403475284576416, 0.8846457004547119, 0.913008451461792, 0.9420837163925171]
NAUTILUS=>2021-06-10 02:06:32.128462: Cycle: 6, Best model val_loss: [0.2626066207885742, 0.22274689376354218, 0.22555580735206604, 0.21269738674163818, 0.20551292598247528]
NAUTILUS=>2021-06-10 02:06:32.128462: Cycle: 6, Best model val_accuracy: [0.9080990552902222, 0.9237484931945801, 0.9229283928871155, 0.9287424683570862, 0.9391658306121826]
NAUTILUS=>2021-06-10 02:06:32.414659: Completed active learning cycle. Elapsed time: 0:04:14.567646
NAUTILUS=>2021-06-10 02:06:32.414677: ========> Active learning cycle: 7
NAUTILUS=>2021-06-10 02:06:32.414681: Starting data loading
NAUTILUS=>2021-06-10 02:07:05.149832: Completed data loading. Elapsed time: 0:00:32.735151
NAUTILUS=>2021-06-10 02:07:05.149850: Starting model selection
NAUTILUS=>2021-06-10 02:07:05.149866: Materializing training data
NAUTILUS=>2021-06-10 02:07:05.382346: Completed materializing training data. Elapsed time: 0:00:00.232480
NAUTILUS=>2021-06-10 02:07:05.382357: Generating intermediate features
NAUTILUS=>2021-06-10 02:07:13.900106: Completed generating intermediate features. Elapsed time: 0:00:08.517749
NAUTILUS=>2021-06-10 02:07:13.900127: Starting model training
NAUTILUS=>2021-06-10 02:11:48.238274: Completed model training. Elapsed time: 0:04:34.338147
NAUTILUS=>2021-06-10 02:11:48.238274: Cycle: 7, Model: 0, loss: [0.7142549753189087, 0.4186785817146301, 0.2987918555736542, 0.22686994075775146, 0.15161684155464172]
NAUTILUS=>2021-06-10 02:11:48.238274: Cycle: 7, Model: 0, accuracy: [0.7475132346153259, 0.8515812754631042, 0.8957794308662415, 0.9224437475204468, 0.9470246434211731]
NAUTILUS=>2021-06-10 02:11:48.238274: Cycle: 7, Model: 0, val_loss: [0.27786242961883545, 0.23077504336833954, 0.2254853993654251, 0.1936483383178711, 0.19212938845157623]
NAUTILUS=>2021-06-10 02:11:48.238274: Cycle: 7, Model: 0, val_accuracy: [0.9064852595329285, 0.921655535697937, 0.9217289686203003, 0.9355937838554382, 0.9442313313484192]
NAUTILUS=>2021-06-10 02:11:48.238274: Cycle: 7, Model: 1, loss: [0.7425329685211182, 0.43395572900772095, 0.3384076654911041, 0.27647697925567627, 0.2129354625940323]
NAUTILUS=>2021-06-10 02:11:48.238274: Cycle: 7, Model: 1, accuracy: [0.7353705763816833, 0.8447628617286682, 0.8808017373085022, 0.9036522507667542, 0.9273383617401123]
NAUTILUS=>2021-06-10 02:11:48.238274: Cycle: 7, Model: 1, val_loss: [0.259768545627594, 0.23230427503585815, 0.21773645281791687, 0.19176752865314484, 0.1960289031267166]
NAUTILUS=>2021-06-10 02:11:48.238274: Cycle: 7, Model: 1, val_accuracy: [0.9079062342643738, 0.916611909866333, 0.9260639548301697, 0.9336591362953186, 0.9334973096847534]
NAUTILUS=>2021-06-10 02:11:48.238274: Cycle: 7, Model: 2, loss: [0.8029278516769409, 0.4713093340396881, 0.3771021366119385, 0.32216137647628784, 0.26435983180999756]
NAUTILUS=>2021-06-10 02:11:48.238274: Cycle: 7, Model: 2, accuracy: [0.7116385102272034, 0.8267775774002075, 0.8641541600227356, 0.8845163583755493, 0.9091899991035461]
NAUTILUS=>2021-06-10 02:11:48.238274: Cycle: 7, Model: 2, val_loss: [0.28503865003585815, 0.2548551857471466, 0.22201265394687653, 0.19754517078399658, 0.19680903851985931]
NAUTILUS=>2021-06-10 02:11:48.238274: Cycle: 7, Model: 2, val_accuracy: [0.8966712355613708, 0.9091520309448242, 0.9234551787376404, 0.9324001669883728, 0.9332783818244934]
NAUTILUS=>2021-06-10 02:11:48.238274: Cycle: 7, Model: 3, loss: [0.8866156935691833, 0.5209238529205322, 0.41807544231414795, 0.36228877305984497, 0.3096817135810852]
NAUTILUS=>2021-06-10 02:11:48.238274: Cycle: 7, Model: 3, accuracy: [0.6852626204490662, 0.8058497905731201, 0.8463807702064514, 0.8691860437393188, 0.8902365565299988]
NAUTILUS=>2021-06-10 02:11:48.238274: Cycle: 7, Model: 3, val_loss: [0.33051401376724243, 0.27630117535591125, 0.23429234325885773, 0.20633693039417267, 0.19912011921405792]
NAUTILUS=>2021-06-10 02:11:48.238274: Cycle: 7, Model: 3, val_accuracy: [0.8779016733169556, 0.8986225128173828, 0.9176543354988098, 0.9293285012245178, 0.9314197897911072]
NAUTILUS=>2021-06-10 02:11:48.238372: Starting to generating the best model
NAUTILUS=>2021-06-10 02:11:53.866110: Completed generating the best model. Elapsed time: 0:00:05.627738
NAUTILUS=>2021-06-10 02:11:53.866110: Cycle: 7, Best Model: 0
NAUTILUS=>2021-06-10 02:11:53.866110: Cycle: 7, Best model loss: [0.7142549753189087, 0.4186785817146301, 0.2987918555736542, 0.22686994075775146, 0.15161684155464172]
NAUTILUS=>2021-06-10 02:11:53.866110: Cycle: 7, Best model accuracy: [0.7475132346153259, 0.8515812754631042, 0.8957794308662415, 0.9224437475204468, 0.9470246434211731]
NAUTILUS=>2021-06-10 02:11:53.866110: Cycle: 7, Best model val_loss: [0.27786242961883545, 0.23077504336833954, 0.2254853993654251, 0.1936483383178711, 0.19212938845157623]
NAUTILUS=>2021-06-10 02:11:53.866110: Cycle: 7, Best model val_accuracy: [0.9064852595329285, 0.921655535697937, 0.9217289686203003, 0.9355937838554382, 0.9442313313484192]
NAUTILUS=>2021-06-10 02:11:54.152682: Completed active learning cycle. Elapsed time: 0:04:49.002832
NAUTILUS=>2021-06-10 02:11:54.152700: ========> Active learning cycle: 8
NAUTILUS=>2021-06-10 02:11:54.152703: Starting data loading
NAUTILUS=>2021-06-10 02:12:30.469752: Completed data loading. Elapsed time: 0:00:36.317049
NAUTILUS=>2021-06-10 02:12:30.469771: Starting model selection
NAUTILUS=>2021-06-10 02:12:30.469787: Materializing training data
NAUTILUS=>2021-06-10 02:12:30.699735: Completed materializing training data. Elapsed time: 0:00:00.229948
NAUTILUS=>2021-06-10 02:12:30.699747: Generating intermediate features
NAUTILUS=>2021-06-10 02:12:39.255832: Completed generating intermediate features. Elapsed time: 0:00:08.556085
NAUTILUS=>2021-06-10 02:12:39.255854: Starting model training
NAUTILUS=>2021-06-10 02:17:48.287231: Completed model training. Elapsed time: 0:05:09.031377
NAUTILUS=>2021-06-10 02:17:48.287231: Cycle: 8, Model: 0, loss: [0.6570276021957397, 0.3830419182777405, 0.28938302397727966, 0.20294597744941711, 0.1404665857553482]
NAUTILUS=>2021-06-10 02:17:48.287231: Cycle: 8, Model: 0, accuracy: [0.7610546946525574, 0.8604172468185425, 0.8986898064613342, 0.9302623867988586, 0.9513307809829712]
NAUTILUS=>2021-06-10 02:17:48.287231: Cycle: 8, Model: 0, val_loss: [0.23708610236644745, 0.20401199162006378, 0.20254766941070557, 0.18377475440502167, 0.1845676600933075]
NAUTILUS=>2021-06-10 02:17:48.287231: Cycle: 8, Model: 0, val_accuracy: [0.9119899272918701, 0.9282788634300232, 0.9285281896591187, 0.9365624189376831, 0.944404661655426]
NAUTILUS=>2021-06-10 02:17:48.287231: Cycle: 8, Model: 1, loss: [0.6884397864341736, 0.4006636142730713, 0.3228684961795807, 0.25240662693977356, 0.20221371948719025]
NAUTILUS=>2021-06-10 02:17:48.287231: Cycle: 8, Model: 1, accuracy: [0.7531024217605591, 0.8525745868682861, 0.8864113688468933, 0.9117215871810913, 0.9303321838378906]
NAUTILUS=>2021-06-10 02:17:48.287231: Cycle: 8, Model: 1, val_loss: [0.25708237290382385, 0.21920464932918549, 0.23179319500923157, 0.1998782604932785, 0.19088390469551086]
NAUTILUS=>2021-06-10 02:17:48.287231: Cycle: 8, Model: 1, val_accuracy: [0.9056722521781921, 0.9229844808578491, 0.9176138043403625, 0.9315595030784607, 0.9344429969787598]
NAUTILUS=>2021-06-10 02:17:48.287231: Cycle: 8, Model: 2, loss: [0.7640741467475891, 0.43417778611183167, 0.3595273494720459, 0.2958352863788605, 0.2529701590538025]
NAUTILUS=>2021-06-10 02:17:48.287231: Cycle: 8, Model: 2, accuracy: [0.7259020209312439, 0.8389474749565125, 0.8713128566741943, 0.896528422832489, 0.9127569794654846]
NAUTILUS=>2021-06-10 02:17:48.287231: Cycle: 8, Model: 2, val_loss: [0.281563401222229, 0.2465711086988449, 0.23292016983032227, 0.21579843759536743, 0.1907588243484497]
NAUTILUS=>2021-06-10 02:17:48.287231: Cycle: 8, Model: 2, val_accuracy: [0.897850751876831, 0.9091432690620422, 0.9179753661155701, 0.9243834614753723, 0.9315348863601685]
NAUTILUS=>2021-06-10 02:17:48.287231: Cycle: 8, Model: 3, loss: [0.8143636584281921, 0.4814288020133972, 0.39291295409202576, 0.33280670642852783, 0.2935871183872223]
NAUTILUS=>2021-06-10 02:17:48.287231: Cycle: 8, Model: 3, accuracy: [0.7082885503768921, 0.8202369809150696, 0.8564148545265198, 0.8817179203033447, 0.8968440890312195]
NAUTILUS=>2021-06-10 02:17:48.287231: Cycle: 8, Model: 3, val_loss: [0.3138783574104309, 0.261989563703537, 0.22275127470493317, 0.2191573679447174, 0.19679585099220276]
NAUTILUS=>2021-06-10 02:17:48.287231: Cycle: 8, Model: 3, val_accuracy: [0.8884773254394531, 0.9004971385002136, 0.9211270809173584, 0.923126220703125, 0.9289066195487976]
NAUTILUS=>2021-06-10 02:17:48.287330: Starting to generating the best model
NAUTILUS=>2021-06-10 02:17:53.924066: Completed generating the best model. Elapsed time: 0:00:05.636736
NAUTILUS=>2021-06-10 02:17:53.924066: Cycle: 8, Best Model: 0
NAUTILUS=>2021-06-10 02:17:53.924066: Cycle: 8, Best model loss: [0.6570276021957397, 0.3830419182777405, 0.28938302397727966, 0.20294597744941711, 0.1404665857553482]
NAUTILUS=>2021-06-10 02:17:53.924066: Cycle: 8, Best model accuracy: [0.7610546946525574, 0.8604172468185425, 0.8986898064613342, 0.9302623867988586, 0.9513307809829712]
NAUTILUS=>2021-06-10 02:17:53.924066: Cycle: 8, Best model val_loss: [0.23708610236644745, 0.20401199162006378, 0.20254766941070557, 0.18377475440502167, 0.1845676600933075]
NAUTILUS=>2021-06-10 02:17:53.924066: Cycle: 8, Best model val_accuracy: [0.9119899272918701, 0.9282788634300232, 0.9285281896591187, 0.9365624189376831, 0.944404661655426]
NAUTILUS=>2021-06-10 02:17:54.215808: Completed active learning cycle. Elapsed time: 0:05:23.746037
NAUTILUS=>2021-06-10 02:17:54.215825: ========> Active learning cycle: 9
NAUTILUS=>2021-06-10 02:17:54.215828: Starting data loading
NAUTILUS=>2021-06-10 02:18:23.347335: Completed data loading. Elapsed time: 0:00:29.131507
NAUTILUS=>2021-06-10 02:18:23.347353: Starting model selection
NAUTILUS=>2021-06-10 02:18:23.347368: Materializing training data
NAUTILUS=>2021-06-10 02:18:23.574479: Completed materializing training data. Elapsed time: 0:00:00.227111
NAUTILUS=>2021-06-10 02:18:23.574488: Generating intermediate features
NAUTILUS=>2021-06-10 02:18:32.106692: Completed generating intermediate features. Elapsed time: 0:00:08.532204
NAUTILUS=>2021-06-10 02:18:32.106713: Starting model training
NAUTILUS=>2021-06-10 02:24:12.794083: Completed model training. Elapsed time: 0:05:40.687370
NAUTILUS=>2021-06-10 02:24:12.794083: Cycle: 9, Model: 0, loss: [0.5871767401695251, 0.342740535736084, 0.25831136107444763, 0.18927817046642303, 0.13148513436317444]
NAUTILUS=>2021-06-10 02:24:12.794083: Cycle: 9, Model: 0, accuracy: [0.7876971364021301, 0.8771265149116516, 0.9087449312210083, 0.9339760541915894, 0.9562364816665649]
NAUTILUS=>2021-06-10 02:24:12.794083: Cycle: 9, Model: 0, val_loss: [0.23301853239536285, 0.21298089623451233, 0.20735275745391846, 0.20012600719928741, 0.16455043852329254]
NAUTILUS=>2021-06-10 02:24:12.794083: Cycle: 9, Model: 0, val_accuracy: [0.911596953868866, 0.9254609942436218, 0.9262104034423828, 0.935156524181366, 0.9500426650047302]
NAUTILUS=>2021-06-10 02:24:12.794083: Cycle: 9, Model: 1, loss: [0.6193140745162964, 0.36300042271614075, 0.29128679633140564, 0.23561698198318481, 0.1839887797832489]
NAUTILUS=>2021-06-10 02:24:12.794083: Cycle: 9, Model: 1, accuracy: [0.7761117815971375, 0.8672417998313904, 0.8954455852508545, 0.9178482294082642, 0.9383361339569092]
NAUTILUS=>2021-06-10 02:24:12.794083: Cycle: 9, Model: 1, val_loss: [0.2508193254470825, 0.21604318916797638, 0.21565461158752441, 0.19120588898658752, 0.16880862414836884]
NAUTILUS=>2021-06-10 02:24:12.794083: Cycle: 9, Model: 1, val_accuracy: [0.9103077054023743, 0.92234867811203, 0.9204116463661194, 0.9338585138320923, 0.9440969228744507]
NAUTILUS=>2021-06-10 02:24:12.794083: Cycle: 9, Model: 2, loss: [0.6698642373085022, 0.39568382501602173, 0.3214007616043091, 0.2720484137535095, 0.23082196712493896]
NAUTILUS=>2021-06-10 02:24:12.794083: Cycle: 9, Model: 2, accuracy: [0.7584872245788574, 0.8521826863288879, 0.8822095394134521, 0.9037116169929504, 0.9207960367202759]
NAUTILUS=>2021-06-10 02:24:12.794083: Cycle: 9, Model: 2, val_loss: [0.2547822892665863, 0.2176888883113861, 0.2074160873889923, 0.18960396945476532, 0.1724049597978592]
NAUTILUS=>2021-06-10 02:24:12.794083: Cycle: 9, Model: 2, val_accuracy: [0.9087477326393127, 0.9222189784049988, 0.9247874617576599, 0.9333163499832153, 0.9411311745643616]
NAUTILUS=>2021-06-10 02:24:12.794083: Cycle: 9, Model: 3, loss: [0.7318946123123169, 0.4315614402294159, 0.3520990014076233, 0.3023398518562317, 0.2675574719905853]
NAUTILUS=>2021-06-10 02:24:12.794083: Cycle: 9, Model: 3, accuracy: [0.7399548292160034, 0.8370127081871033, 0.8697720766067505, 0.8921336531639099, 0.9073792099952698]
NAUTILUS=>2021-06-10 02:24:12.794083: Cycle: 9, Model: 3, val_loss: [0.2878827452659607, 0.2286648005247116, 0.2110724151134491, 0.19375330209732056, 0.18028882145881653]
NAUTILUS=>2021-06-10 02:24:12.794083: Cycle: 9, Model: 3, val_accuracy: [0.8944012522697449, 0.9175011515617371, 0.9259878396987915, 0.9326812624931335, 0.9380317330360413]
NAUTILUS=>2021-06-10 02:24:12.794180: Starting to generating the best model
NAUTILUS=>2021-06-10 02:24:18.515418: Completed generating the best model. Elapsed time: 0:00:05.721238
NAUTILUS=>2021-06-10 02:24:18.515418: Cycle: 9, Best Model: 0
NAUTILUS=>2021-06-10 02:24:18.515418: Cycle: 9, Best model loss: [0.5871767401695251, 0.342740535736084, 0.25831136107444763, 0.18927817046642303, 0.13148513436317444]
NAUTILUS=>2021-06-10 02:24:18.515418: Cycle: 9, Best model accuracy: [0.7876971364021301, 0.8771265149116516, 0.9087449312210083, 0.9339760541915894, 0.9562364816665649]
NAUTILUS=>2021-06-10 02:24:18.515418: Cycle: 9, Best model val_loss: [0.23301853239536285, 0.21298089623451233, 0.20735275745391846, 0.20012600719928741, 0.16455043852329254]
NAUTILUS=>2021-06-10 02:24:18.515418: Cycle: 9, Best model val_accuracy: [0.911596953868866, 0.9254609942436218, 0.9262104034423828, 0.935156524181366, 0.9500426650047302]
NAUTILUS=>2021-06-10 02:24:18.808764: Completed active learning cycle. Elapsed time: 0:05:55.461411
NAUTILUS=>2021-06-10 02:24:18.808781: ========> Active learning cycle: 10
NAUTILUS=>2021-06-10 02:24:18.808785: Starting data loading
NAUTILUS=>2021-06-10 02:24:50.743596: Completed data loading. Elapsed time: 0:00:31.934811
NAUTILUS=>2021-06-10 02:24:50.743614: Starting model selection
NAUTILUS=>2021-06-10 02:24:50.743630: Materializing training data
NAUTILUS=>2021-06-10 02:24:50.969988: Completed materializing training data. Elapsed time: 0:00:00.226358
NAUTILUS=>2021-06-10 02:24:50.969998: Generating intermediate features
NAUTILUS=>2021-06-10 02:24:59.553696: Completed generating intermediate features. Elapsed time: 0:00:08.583698
NAUTILUS=>2021-06-10 02:24:59.553720: Starting model training
NAUTILUS=>2021-06-10 02:31:11.131202: Completed model training. Elapsed time: 0:06:11.577482
NAUTILUS=>2021-06-10 02:31:11.131202: Cycle: 10, Model: 0, loss: [0.5501745939254761, 0.32110488414764404, 0.24086561799049377, 0.17675890028476715, 0.11518976092338562]
NAUTILUS=>2021-06-10 02:31:11.131202: Cycle: 10, Model: 0, accuracy: [0.8020256757736206, 0.8842668533325195, 0.9144631028175354, 0.937648594379425, 0.9603886008262634]
NAUTILUS=>2021-06-10 02:31:11.131202: Cycle: 10, Model: 0, val_loss: [0.22508452832698822, 0.19568797945976257, 0.17426791787147522, 0.16957798600196838, 0.18002137541770935]
NAUTILUS=>2021-06-10 02:31:11.131202: Cycle: 10, Model: 0, val_accuracy: [0.916557252407074, 0.9339157938957214, 0.9429295063018799, 0.9488725662231445, 0.944298267364502]
NAUTILUS=>2021-06-10 02:31:11.131202: Cycle: 10, Model: 1, loss: [0.5831353664398193, 0.3363893926143646, 0.2701290547847748, 0.21829447150230408, 0.17014020681381226]
NAUTILUS=>2021-06-10 02:31:11.131202: Cycle: 10, Model: 1, accuracy: [0.7903051972389221, 0.8758899569511414, 0.9043036103248596, 0.9235973358154297, 0.9419282078742981]
NAUTILUS=>2021-06-10 02:31:11.131202: Cycle: 10, Model: 1, val_loss: [0.22843386232852936, 0.20464816689491272, 0.1840640902519226, 0.17573682963848114, 0.172493115067482]
NAUTILUS=>2021-06-10 02:31:11.131202: Cycle: 10, Model: 1, val_accuracy: [0.9164913892745972, 0.9308332204818726, 0.9396615028381348, 0.941739022731781, 0.9428210854530334]
NAUTILUS=>2021-06-10 02:31:11.131202: Cycle: 10, Model: 2, loss: [0.6283830404281616, 0.3639337420463562, 0.2958728075027466, 0.2527756989002228, 0.21424417197704315]
NAUTILUS=>2021-06-10 02:31:11.131202: Cycle: 10, Model: 2, accuracy: [0.773833692073822, 0.8632407188415527, 0.8941376209259033, 0.9092581272125244, 0.9259604811668396]
NAUTILUS=>2021-06-10 02:31:11.131202: Cycle: 10, Model: 2, val_loss: [0.25224924087524414, 0.21516557037830353, 0.19428972899913788, 0.18381936848163605, 0.18288853764533997]
NAUTILUS=>2021-06-10 02:31:11.131202: Cycle: 10, Model: 2, val_accuracy: [0.910209059715271, 0.9268218278884888, 0.9341094493865967, 0.9397128224372864, 0.9365432858467102]
NAUTILUS=>2021-06-10 02:31:11.131202: Cycle: 10, Model: 3, loss: [0.6793025135993958, 0.39282432198524475, 0.3220375180244446, 0.28000348806381226, 0.24803940951824188]
NAUTILUS=>2021-06-10 02:31:11.131202: Cycle: 10, Model: 3, accuracy: [0.7571635246276855, 0.8522538542747498, 0.8824372887611389, 0.899010181427002, 0.9119791388511658]
NAUTILUS=>2021-06-10 02:31:11.131202: Cycle: 10, Model: 3, val_loss: [0.27754446864128113, 0.23103444278240204, 0.20390555262565613, 0.190411776304245, 0.1865251213312149]
NAUTILUS=>2021-06-10 02:31:11.131202: Cycle: 10, Model: 3, val_accuracy: [0.9005990028381348, 0.9174964427947998, 0.9292055368423462, 0.9357854127883911, 0.9363792538642883]
NAUTILUS=>2021-06-10 02:31:11.131301: Starting to generating the best model
NAUTILUS=>2021-06-10 02:31:16.793269: Completed generating the best model. Elapsed time: 0:00:05.661968
NAUTILUS=>2021-06-10 02:31:16.793269: Cycle: 10, Best Model: 0
NAUTILUS=>2021-06-10 02:31:16.793269: Cycle: 10, Best model loss: [0.5501745939254761, 0.32110488414764404, 0.24086561799049377, 0.17675890028476715, 0.11518976092338562]
NAUTILUS=>2021-06-10 02:31:16.793269: Cycle: 10, Best model accuracy: [0.8020256757736206, 0.8842668533325195, 0.9144631028175354, 0.937648594379425, 0.9603886008262634]
NAUTILUS=>2021-06-10 02:31:16.793269: Cycle: 10, Best model val_loss: [0.22508452832698822, 0.19568797945976257, 0.17426791787147522, 0.16957798600196838, 0.18002137541770935]
NAUTILUS=>2021-06-10 02:31:16.793269: Cycle: 10, Best model val_accuracy: [0.916557252407074, 0.9339157938957214, 0.9429295063018799, 0.9488725662231445, 0.944298267364502]
NAUTILUS=>2021-06-10 02:31:17.079328: Completed active learning cycle. Elapsed time: 0:06:26.335714
NAUTILUS=>2021-06-10 02:31:17.079346: Workload completed. Elapsed time: 0:46:10.312625
