NAUTILUS=>2021-06-09 23:10:43.101432: Starting workload
NAUTILUS=>2021-06-09 23:10:43.101432: RANDOM_SEED: 2020
NAUTILUS=>2021-06-09 23:10:43.101432: VERY_LARGE_VALUE: 1000000000000000.0
NAUTILUS=>2021-06-09 23:10:43.101432: NO_MAT_OPT: False
NAUTILUS=>2021-06-09 23:10:43.101432: MODE: ftr3-3
NAUTILUS=>2021-06-09 23:10:43.101432: STORAGE_PATH: ./storage
NAUTILUS=>2021-06-09 23:10:43.101432: NO_FUSE_OPT: False
NAUTILUS=>2021-06-09 23:10:43.101432: NUM_EPOCHS: 5
NAUTILUS=>2021-06-09 23:10:43.101432: MAX_NUM_RECORDS: 5000
NAUTILUS=>2021-06-09 23:10:43.101432: ACTIVE_LEARNING_BATCH_SIZE: 500
NAUTILUS=>2021-06-09 23:10:43.101432: VALID_FRACTION: 0.2
NAUTILUS=>2021-06-09 23:10:43.101432: SAMPLING_STRATERGY: uncertainty
NAUTILUS=>2021-06-09 23:10:43.101432: NO_PRETRAINING: False
NAUTILUS=>2021-06-09 23:10:43.101432: STORAGE_BUDGET: 25
NAUTILUS=>2021-06-09 23:10:43.101432: MEMORY_BUDGET: 10
NAUTILUS=>2021-06-09 23:10:43.101432: WORKSPACE_MEMORY: 1
NAUTILUS=>2021-06-09 23:10:43.101432: COMPUTE_THROUGHPUT: 6
NAUTILUS=>2021-06-09 23:10:43.101432: DISK_THROUGHPUT: 500
NAUTILUS=>2021-06-09 23:10:43.101432: SHUFFLE_BUFFER_SIZE: 10000
NAUTILUS=>2021-06-09 23:10:43.101480: Starting system initialization
NAUTILUS=>2021-06-09 23:10:43.752459: Starting model profiling
NAUTILUS=>2021-06-09 23:11:14.105844: Completed model profiling. Elapsed time: 0:00:30.353382
NAUTILUS=>2021-06-09 23:11:14.105844: Model parameters
NAUTILUS=>2021-06-09 23:11:14.105908: Generating optimized model selection plan
NAUTILUS=>2021-06-09 23:11:14.164084: Materialized layers candidates: tf_op_layer_strided_slice,tf_op_layer_Cast,tf_op_layer_Sub,tf_op_layer_Mul,layer_9
NAUTILUS=>2021-06-09 23:11:14.208063: Used materialized layers: layer_9
NAUTILUS=>2021-06-09 23:11:14.208063: Model training plan: {"2_0_1": {"models": ["2", "0", "1"], "output_layers": ["2/classifier", "0/classifier", "1/classifier"], "flops_consumption": 809147946775000.0, "compute_flops": 696501462400000.0, "load_flops": 112646484375000.0, "memory_consumption": 2.7246057763695717, "used_materialized_layers": ["layer_9"], "batch_size": 16, "num_epochs": [5, 5, 5], "flops_reduction": 252692865175000.0, "merged_models": ["2", "0_1"]}}
NAUTILUS=>2021-06-09 23:11:14.208168: Completed generating optimized model selection plan. Elapsed time: 0:00:00.102259
NAUTILUS=>2021-06-09 23:11:14.208175: Generating fused models
NAUTILUS=>2021-06-09 23:11:24.765373: Completed generating fused models. Elapsed time: 0:00:10.557197
NAUTILUS=>2021-06-09 23:11:24.765373: Current Practice FLOPs: 447414119040.0
NAUTILUS=>2021-06-09 23:11:24.765373: Optimal FLOPs: 111291016320.0
NAUTILUS=>2021-06-09 23:11:24.765373: Theoretical Speedup: 4.020217748335861
NAUTILUS=>2021-06-09 23:11:24.818404: Completed system initialization. Elapsed time: 0:00:41.716924
NAUTILUS=>2021-06-09 23:11:24.818428: ========> Active learning cycle: 1
NAUTILUS=>2021-06-09 23:11:24.818432: Starting data loading
NAUTILUS=>2021-06-09 23:11:40.192936: Completed data loading. Elapsed time: 0:00:15.374504
NAUTILUS=>2021-06-09 23:11:40.192962: Starting model selection
NAUTILUS=>2021-06-09 23:11:40.192983: Materializing training data
NAUTILUS=>2021-06-09 23:11:40.425912: Completed materializing training data. Elapsed time: 0:00:00.232929
NAUTILUS=>2021-06-09 23:11:40.425927: Generating intermediate features
NAUTILUS=>2021-06-09 23:11:49.035135: Completed generating intermediate features. Elapsed time: 0:00:08.609208
NAUTILUS=>2021-06-09 23:11:49.035155: Starting model training
NAUTILUS=>2021-06-09 23:12:14.882314: Completed model training. Elapsed time: 0:00:25.847159
NAUTILUS=>2021-06-09 23:12:14.882314: Cycle: 1, Model: 2, loss: [1.10059654712677, 0.4744577705860138, 0.3396696448326111, 0.2579960823059082, 0.2015160620212555]
NAUTILUS=>2021-06-09 23:12:14.882314: Cycle: 1, Model: 2, accuracy: [0.6883387565612793, 0.8442584276199341, 0.8858430981636047, 0.9036238193511963, 0.9335419535636902]
NAUTILUS=>2021-06-09 23:12:14.882314: Cycle: 1, Model: 2, val_loss: [0.6876410841941833, 0.472998708486557, 0.41176077723503113, 0.39722809195518494, 0.38042235374450684]
NAUTILUS=>2021-06-09 23:12:14.882314: Cycle: 1, Model: 2, val_accuracy: [0.7769367694854736, 0.828457236289978, 0.848990797996521, 0.8405357599258423, 0.8534486889839172]
NAUTILUS=>2021-06-09 23:12:14.882314: Cycle: 1, Model: 0, loss: [0.828880786895752, 0.2970869839191437, 0.19052249193191528, 0.12513618171215057, 0.08048418164253235]
NAUTILUS=>2021-06-09 23:12:14.882314: Cycle: 1, Model: 0, accuracy: [0.7468414902687073, 0.8900124430656433, 0.9346765279769897, 0.9563759565353394, 0.9700300097465515]
NAUTILUS=>2021-06-09 23:12:14.882314: Cycle: 1, Model: 0, val_loss: [0.4639214277267456, 0.41468510031700134, 0.35327720642089844, 0.3933575451374054, 0.37415382266044617]
NAUTILUS=>2021-06-09 23:12:14.882314: Cycle: 1, Model: 0, val_accuracy: [0.8359349966049194, 0.8561877608299255, 0.8714163899421692, 0.8704221248626709, 0.8852939605712891]
NAUTILUS=>2021-06-09 23:12:14.882314: Cycle: 1, Model: 1, loss: [1.004594087600708, 0.4065803289413452, 0.28088250756263733, 0.1944686472415924, 0.1432686597108841]
NAUTILUS=>2021-06-09 23:12:14.882314: Cycle: 1, Model: 1, accuracy: [0.7063083052635193, 0.8641493320465088, 0.9058865904808044, 0.9262921214103699, 0.9485536217689514]
NAUTILUS=>2021-06-09 23:12:14.882314: Cycle: 1, Model: 1, val_loss: [0.5762648582458496, 0.4119472801685333, 0.3756779432296753, 0.36078959703445435, 0.3656114339828491]
NAUTILUS=>2021-06-09 23:12:14.882314: Cycle: 1, Model: 1, val_accuracy: [0.8098840117454529, 0.8507524728775024, 0.8563680052757263, 0.869193971157074, 0.8720411062240601]
NAUTILUS=>2021-06-09 23:12:14.882393: Starting to generating the best model
NAUTILUS=>2021-06-09 23:12:20.973667: Completed generating the best model. Elapsed time: 0:00:06.091274
NAUTILUS=>2021-06-09 23:12:20.973667: Cycle: 1, Best Model: 0
NAUTILUS=>2021-06-09 23:12:20.973667: Cycle: 1, Best model loss: [0.828880786895752, 0.2970869839191437, 0.19052249193191528, 0.12513618171215057, 0.08048418164253235]
NAUTILUS=>2021-06-09 23:12:20.973667: Cycle: 1, Best model accuracy: [0.7468414902687073, 0.8900124430656433, 0.9346765279769897, 0.9563759565353394, 0.9700300097465515]
NAUTILUS=>2021-06-09 23:12:20.973667: Cycle: 1, Best model val_loss: [0.4639214277267456, 0.41468510031700134, 0.35327720642089844, 0.3933575451374054, 0.37415382266044617]
NAUTILUS=>2021-06-09 23:12:20.973667: Cycle: 1, Best model val_accuracy: [0.8359349966049194, 0.8561877608299255, 0.8714163899421692, 0.8704221248626709, 0.8852939605712891]
NAUTILUS=>2021-06-09 23:12:21.270630: Completed active learning cycle. Elapsed time: 0:00:41.077668
NAUTILUS=>2021-06-09 23:12:21.270647: ========> Active learning cycle: 2
NAUTILUS=>2021-06-09 23:12:21.270651: Starting data loading
NAUTILUS=>2021-06-09 23:13:09.757084: Completed data loading. Elapsed time: 0:00:48.486433
NAUTILUS=>2021-06-09 23:13:09.757102: Starting model selection
NAUTILUS=>2021-06-09 23:13:09.757117: Materializing training data
NAUTILUS=>2021-06-09 23:13:09.983549: Completed materializing training data. Elapsed time: 0:00:00.226432
NAUTILUS=>2021-06-09 23:13:09.983560: Generating intermediate features
NAUTILUS=>2021-06-09 23:13:18.587412: Completed generating intermediate features. Elapsed time: 0:00:08.603852
NAUTILUS=>2021-06-09 23:13:18.587432: Starting model training
NAUTILUS=>2021-06-09 23:13:57.345623: Completed model training. Elapsed time: 0:00:38.758191
NAUTILUS=>2021-06-09 23:13:57.345623: Cycle: 2, Model: 2, loss: [1.1710573434829712, 0.594035804271698, 0.4166698455810547, 0.326930969953537, 0.24684353172779083]
NAUTILUS=>2021-06-09 23:13:57.345623: Cycle: 2, Model: 2, accuracy: [0.5746650695800781, 0.7590763568878174, 0.8437793850898743, 0.8772196769714355, 0.906093418598175]
NAUTILUS=>2021-06-09 23:13:57.345623: Cycle: 2, Model: 2, val_loss: [0.5098970532417297, 0.384104460477829, 0.3192782700061798, 0.3005669116973877, 0.27994734048843384]
NAUTILUS=>2021-06-09 23:13:57.345623: Cycle: 2, Model: 2, val_accuracy: [0.8162043690681458, 0.8690874576568604, 0.8832870721817017, 0.9080027937889099, 0.9080075621604919]
NAUTILUS=>2021-06-09 23:13:57.345623: Cycle: 2, Model: 0, loss: [0.9820089936256409, 0.42822322249412537, 0.274488627910614, 0.19114267826080322, 0.12522202730178833]
NAUTILUS=>2021-06-09 23:13:57.345623: Cycle: 2, Model: 0, accuracy: [0.6411345601081848, 0.8296785950660706, 0.8881787657737732, 0.9303540587425232, 0.9543465375900269]
NAUTILUS=>2021-06-09 23:13:57.345623: Cycle: 2, Model: 0, val_loss: [0.378217875957489, 0.34705260396003723, 0.2961651086807251, 0.28355544805526733, 0.305136114358902]
NAUTILUS=>2021-06-09 23:13:57.345623: Cycle: 2, Model: 0, val_accuracy: [0.8639460802078247, 0.8841715455055237, 0.9048786163330078, 0.9142364263534546, 0.9139883518218994]
NAUTILUS=>2021-06-09 23:13:57.345623: Cycle: 2, Model: 1, loss: [1.031630516052246, 0.49598366022109985, 0.33836865425109863, 0.2519090175628662, 0.17347872257232666]
NAUTILUS=>2021-06-09 23:13:57.345623: Cycle: 2, Model: 1, accuracy: [0.6214208006858826, 0.8046935200691223, 0.8720493316650391, 0.9077181816101074, 0.9331250190734863]
NAUTILUS=>2021-06-09 23:13:57.345623: Cycle: 2, Model: 1, val_loss: [0.4488494098186493, 0.3552568852901459, 0.2943028211593628, 0.28837546706199646, 0.27607962489128113]
NAUTILUS=>2021-06-09 23:13:57.345623: Cycle: 2, Model: 1, val_accuracy: [0.8425663709640503, 0.8833434581756592, 0.8984968066215515, 0.9134674668312073, 0.9148668646812439]
NAUTILUS=>2021-06-09 23:13:57.345703: Starting to generating the best model
NAUTILUS=>2021-06-09 23:14:03.408675: Completed generating the best model. Elapsed time: 0:00:06.062972
NAUTILUS=>2021-06-09 23:14:03.408675: Cycle: 2, Best Model: 1
NAUTILUS=>2021-06-09 23:14:03.408675: Cycle: 2, Best model loss: [1.031630516052246, 0.49598366022109985, 0.33836865425109863, 0.2519090175628662, 0.17347872257232666]
NAUTILUS=>2021-06-09 23:14:03.408675: Cycle: 2, Best model accuracy: [0.6214208006858826, 0.8046935200691223, 0.8720493316650391, 0.9077181816101074, 0.9331250190734863]
NAUTILUS=>2021-06-09 23:14:03.408675: Cycle: 2, Best model val_loss: [0.4488494098186493, 0.3552568852901459, 0.2943028211593628, 0.28837546706199646, 0.27607962489128113]
NAUTILUS=>2021-06-09 23:14:03.408675: Cycle: 2, Best model val_accuracy: [0.8425663709640503, 0.8833434581756592, 0.8984968066215515, 0.9134674668312073, 0.9148668646812439]
NAUTILUS=>2021-06-09 23:14:03.696689: Completed active learning cycle. Elapsed time: 0:00:53.939587
NAUTILUS=>2021-06-09 23:14:03.696707: ========> Active learning cycle: 3
NAUTILUS=>2021-06-09 23:14:03.696711: Starting data loading
NAUTILUS=>2021-06-09 23:14:43.326968: Completed data loading. Elapsed time: 0:00:39.630257
NAUTILUS=>2021-06-09 23:14:43.326985: Starting model selection
NAUTILUS=>2021-06-09 23:14:43.327000: Materializing training data
NAUTILUS=>2021-06-09 23:14:43.552374: Completed materializing training data. Elapsed time: 0:00:00.225374
NAUTILUS=>2021-06-09 23:14:43.552384: Generating intermediate features
NAUTILUS=>2021-06-09 23:14:52.186313: Completed generating intermediate features. Elapsed time: 0:00:08.633929
NAUTILUS=>2021-06-09 23:14:52.186332: Starting model training
NAUTILUS=>2021-06-09 23:15:43.746524: Completed model training. Elapsed time: 0:00:51.560192
NAUTILUS=>2021-06-09 23:15:43.746524: Cycle: 3, Model: 2, loss: [1.173411250114441, 0.6405544877052307, 0.4942150413990021, 0.40278419852256775, 0.3289356827735901]
NAUTILUS=>2021-06-09 23:15:43.746524: Cycle: 3, Model: 2, accuracy: [0.580635666847229, 0.7494320273399353, 0.8104904890060425, 0.8541501760482788, 0.8839531540870667]
NAUTILUS=>2021-06-09 23:15:43.746524: Cycle: 3, Model: 2, val_loss: [0.4713168442249298, 0.35854095220565796, 0.3004438579082489, 0.2727178633213043, 0.26489606499671936]
NAUTILUS=>2021-06-09 23:15:43.746524: Cycle: 3, Model: 2, val_accuracy: [0.8249059915542603, 0.8742010593414307, 0.8958098292350769, 0.9077868461608887, 0.9134292602539062]
NAUTILUS=>2021-06-09 23:15:43.746524: Cycle: 3, Model: 0, loss: [1.0503240823745728, 0.5038192272186279, 0.34329545497894287, 0.27409422397613525, 0.18432031571865082]
NAUTILUS=>2021-06-09 23:15:43.746524: Cycle: 3, Model: 0, accuracy: [0.6394216418266296, 0.8110025525093079, 0.8757426142692566, 0.9025945067405701, 0.9401528835296631]
NAUTILUS=>2021-06-09 23:15:43.746524: Cycle: 3, Model: 0, val_loss: [0.36566829681396484, 0.2560340464115143, 0.27582308650016785, 0.31012752652168274, 0.2955993115901947]
NAUTILUS=>2021-06-09 23:15:43.746524: Cycle: 3, Model: 0, val_accuracy: [0.8686020970344543, 0.9100136160850525, 0.9169734716415405, 0.9171760082244873, 0.9122934937477112]
NAUTILUS=>2021-06-09 23:15:43.746524: Cycle: 3, Model: 1, loss: [1.0786219835281372, 0.5533127784729004, 0.41141536831855774, 0.3229483664035797, 0.24406537413597107]
NAUTILUS=>2021-06-09 23:15:43.746524: Cycle: 3, Model: 1, accuracy: [0.6122634410858154, 0.7813418507575989, 0.846768319606781, 0.8865628838539124, 0.9208267331123352]
NAUTILUS=>2021-06-09 23:15:43.746524: Cycle: 3, Model: 1, val_loss: [0.38938483595848083, 0.3041931986808777, 0.2628311812877655, 0.2745210826396942, 0.25541338324546814]
NAUTILUS=>2021-06-09 23:15:43.746524: Cycle: 3, Model: 1, val_accuracy: [0.8718843460083008, 0.8965688347816467, 0.9098889231681824, 0.9124472141265869, 0.9129377007484436]
NAUTILUS=>2021-06-09 23:15:43.746601: Starting to generating the best model
NAUTILUS=>2021-06-09 23:15:49.785418: Completed generating the best model. Elapsed time: 0:00:06.038817
NAUTILUS=>2021-06-09 23:15:49.785418: Cycle: 3, Best Model: 2
NAUTILUS=>2021-06-09 23:15:49.785418: Cycle: 3, Best model loss: [1.173411250114441, 0.6405544877052307, 0.4942150413990021, 0.40278419852256775, 0.3289356827735901]
NAUTILUS=>2021-06-09 23:15:49.785418: Cycle: 3, Best model accuracy: [0.580635666847229, 0.7494320273399353, 0.8104904890060425, 0.8541501760482788, 0.8839531540870667]
NAUTILUS=>2021-06-09 23:15:49.785418: Cycle: 3, Best model val_loss: [0.4713168442249298, 0.35854095220565796, 0.3004438579082489, 0.2727178633213043, 0.26489606499671936]
NAUTILUS=>2021-06-09 23:15:49.785418: Cycle: 3, Best model val_accuracy: [0.8249059915542603, 0.8742010593414307, 0.8958098292350769, 0.9077868461608887, 0.9134292602539062]
NAUTILUS=>2021-06-09 23:15:50.072926: Completed active learning cycle. Elapsed time: 0:01:06.745941
NAUTILUS=>2021-06-09 23:15:50.072943: ========> Active learning cycle: 4
NAUTILUS=>2021-06-09 23:15:50.072947: Starting data loading
NAUTILUS=>2021-06-09 23:16:34.788140: Completed data loading. Elapsed time: 0:00:44.715193
NAUTILUS=>2021-06-09 23:16:34.788159: Starting model selection
NAUTILUS=>2021-06-09 23:16:34.788174: Materializing training data
NAUTILUS=>2021-06-09 23:16:35.017726: Completed materializing training data. Elapsed time: 0:00:00.229552
NAUTILUS=>2021-06-09 23:16:35.017740: Generating intermediate features
NAUTILUS=>2021-06-09 23:16:43.575261: Completed generating intermediate features. Elapsed time: 0:00:08.557521
NAUTILUS=>2021-06-09 23:16:43.575280: Starting model training
NAUTILUS=>2021-06-09 23:17:47.567256: Completed model training. Elapsed time: 0:01:03.991976
NAUTILUS=>2021-06-09 23:17:47.567256: Cycle: 4, Model: 2, loss: [1.088930368423462, 0.6305785179138184, 0.495967835187912, 0.4107177257537842, 0.34650397300720215]
NAUTILUS=>2021-06-09 23:17:47.567256: Cycle: 4, Model: 2, accuracy: [0.6281378269195557, 0.7715151309967041, 0.8276664614677429, 0.8608231544494629, 0.8871836066246033]
NAUTILUS=>2021-06-09 23:17:47.567256: Cycle: 4, Model: 2, val_loss: [0.4040851593017578, 0.29758158326148987, 0.2775494456291199, 0.24165938794612885, 0.24623627960681915]
NAUTILUS=>2021-06-09 23:17:47.567256: Cycle: 4, Model: 2, val_accuracy: [0.8620694875717163, 0.8995107412338257, 0.9048641324043274, 0.917738676071167, 0.9149627685546875]
NAUTILUS=>2021-06-09 23:17:47.567256: Cycle: 4, Model: 0, loss: [1.0007450580596924, 0.5386736392974854, 0.38935208320617676, 0.28623178601264954, 0.19687122106552124]
NAUTILUS=>2021-06-09 23:17:47.567256: Cycle: 4, Model: 0, accuracy: [0.6615559458732605, 0.813633143901825, 0.8663817048072815, 0.9032334089279175, 0.9374695420265198]
NAUTILUS=>2021-06-09 23:17:47.567256: Cycle: 4, Model: 0, val_loss: [0.35358813405036926, 0.28872406482696533, 0.26977840065956116, 0.24321213364601135, 0.2455395758152008]
NAUTILUS=>2021-06-09 23:17:47.567256: Cycle: 4, Model: 0, val_accuracy: [0.8783340454101562, 0.8984920382499695, 0.906108021736145, 0.9223610758781433, 0.9265408515930176]
NAUTILUS=>2021-06-09 23:17:47.567256: Cycle: 4, Model: 1, loss: [1.0142467021942139, 0.5698196291923523, 0.43418458104133606, 0.3525908291339874, 0.274330198764801]
NAUTILUS=>2021-06-09 23:17:47.567256: Cycle: 4, Model: 1, accuracy: [0.6520774960517883, 0.7998597025871277, 0.8527160882949829, 0.8819565773010254, 0.9148235321044922]
NAUTILUS=>2021-06-09 23:17:47.567256: Cycle: 4, Model: 1, val_loss: [0.35799354314804077, 0.2813897132873535, 0.24565917253494263, 0.23920086026191711, 0.23523734509944916]
NAUTILUS=>2021-06-09 23:17:47.567256: Cycle: 4, Model: 1, val_accuracy: [0.883351743221283, 0.8983660340309143, 0.9147924184799194, 0.9203234314918518, 0.9223295450210571]
NAUTILUS=>2021-06-09 23:17:47.567333: Starting to generating the best model
NAUTILUS=>2021-06-09 23:17:53.664819: Completed generating the best model. Elapsed time: 0:00:06.097486
NAUTILUS=>2021-06-09 23:17:53.664819: Cycle: 4, Best Model: 0
NAUTILUS=>2021-06-09 23:17:53.664819: Cycle: 4, Best model loss: [1.0007450580596924, 0.5386736392974854, 0.38935208320617676, 0.28623178601264954, 0.19687122106552124]
NAUTILUS=>2021-06-09 23:17:53.664819: Cycle: 4, Best model accuracy: [0.6615559458732605, 0.813633143901825, 0.8663817048072815, 0.9032334089279175, 0.9374695420265198]
NAUTILUS=>2021-06-09 23:17:53.664819: Cycle: 4, Best model val_loss: [0.35358813405036926, 0.28872406482696533, 0.26977840065956116, 0.24321213364601135, 0.2455395758152008]
NAUTILUS=>2021-06-09 23:17:53.664819: Cycle: 4, Best model val_accuracy: [0.8783340454101562, 0.8984920382499695, 0.906108021736145, 0.9223610758781433, 0.9265408515930176]
NAUTILUS=>2021-06-09 23:17:53.953369: Completed active learning cycle. Elapsed time: 0:01:19.165210
NAUTILUS=>2021-06-09 23:17:53.953386: ========> Active learning cycle: 5
NAUTILUS=>2021-06-09 23:17:53.953390: Starting data loading
NAUTILUS=>2021-06-09 23:18:30.307367: Completed data loading. Elapsed time: 0:00:36.353977
NAUTILUS=>2021-06-09 23:18:30.307384: Starting model selection
NAUTILUS=>2021-06-09 23:18:30.307400: Materializing training data
NAUTILUS=>2021-06-09 23:18:30.539552: Completed materializing training data. Elapsed time: 0:00:00.232152
NAUTILUS=>2021-06-09 23:18:30.539563: Generating intermediate features
NAUTILUS=>2021-06-09 23:18:39.096142: Completed generating intermediate features. Elapsed time: 0:00:08.556579
NAUTILUS=>2021-06-09 23:18:39.096161: Starting model training
NAUTILUS=>2021-06-09 23:19:56.700097: Completed model training. Elapsed time: 0:01:17.603936
NAUTILUS=>2021-06-09 23:19:56.700097: Cycle: 5, Model: 2, loss: [0.9871426224708557, 0.5766896605491638, 0.45632660388946533, 0.37810710072517395, 0.32490047812461853]
NAUTILUS=>2021-06-09 23:19:56.700097: Cycle: 5, Model: 2, accuracy: [0.6508467197418213, 0.7911696434020996, 0.8388306498527527, 0.8714576959609985, 0.893989622592926]
NAUTILUS=>2021-06-09 23:19:56.700097: Cycle: 5, Model: 2, val_loss: [0.36145877838134766, 0.28238633275032043, 0.248015895485878, 0.22655877470970154, 0.21870160102844238]
NAUTILUS=>2021-06-09 23:19:56.700097: Cycle: 5, Model: 2, val_accuracy: [0.8718570470809937, 0.9073320031166077, 0.9183659553527832, 0.9207580089569092, 0.9231885671615601]
NAUTILUS=>2021-06-09 23:19:56.700097: Cycle: 5, Model: 0, loss: [0.8848878145217896, 0.48879092931747437, 0.3627718389034271, 0.27218595147132874, 0.206172913312912]
NAUTILUS=>2021-06-09 23:19:56.700097: Cycle: 5, Model: 0, accuracy: [0.697338879108429, 0.8288840651512146, 0.8729316592216492, 0.9055098295211792, 0.9343339800834656]
NAUTILUS=>2021-06-09 23:19:56.700097: Cycle: 5, Model: 0, val_loss: [0.3129018545150757, 0.25376370549201965, 0.23948748409748077, 0.22341026365756989, 0.2342166006565094]
NAUTILUS=>2021-06-09 23:19:56.700097: Cycle: 5, Model: 0, val_accuracy: [0.8828927874565125, 0.9140087366104126, 0.920835554599762, 0.9284613132476807, 0.9284204244613647]
NAUTILUS=>2021-06-09 23:19:56.700097: Cycle: 5, Model: 1, loss: [0.931462824344635, 0.5267236828804016, 0.405816912651062, 0.32352134585380554, 0.26926347613334656]
NAUTILUS=>2021-06-09 23:19:56.700097: Cycle: 5, Model: 1, accuracy: [0.6760247945785522, 0.812559962272644, 0.8585521578788757, 0.890867292881012, 0.913202166557312]
NAUTILUS=>2021-06-09 23:19:56.700097: Cycle: 5, Model: 1, val_loss: [0.3221791684627533, 0.256032258272171, 0.23639312386512756, 0.21526899933815002, 0.21449017524719238]
NAUTILUS=>2021-06-09 23:19:56.700097: Cycle: 5, Model: 1, val_accuracy: [0.8834271430969238, 0.9131736159324646, 0.9191558361053467, 0.9234687685966492, 0.927733838558197]
NAUTILUS=>2021-06-09 23:19:56.700176: Starting to generating the best model
NAUTILUS=>2021-06-09 23:20:02.761611: Completed generating the best model. Elapsed time: 0:00:06.061435
NAUTILUS=>2021-06-09 23:20:02.761611: Cycle: 5, Best Model: 0
NAUTILUS=>2021-06-09 23:20:02.761611: Cycle: 5, Best model loss: [0.8848878145217896, 0.48879092931747437, 0.3627718389034271, 0.27218595147132874, 0.206172913312912]
NAUTILUS=>2021-06-09 23:20:02.761611: Cycle: 5, Best model accuracy: [0.697338879108429, 0.8288840651512146, 0.8729316592216492, 0.9055098295211792, 0.9343339800834656]
NAUTILUS=>2021-06-09 23:20:02.761611: Cycle: 5, Best model val_loss: [0.3129018545150757, 0.25376370549201965, 0.23948748409748077, 0.22341026365756989, 0.2342166006565094]
NAUTILUS=>2021-06-09 23:20:02.761611: Cycle: 5, Best model val_accuracy: [0.8828927874565125, 0.9140087366104126, 0.920835554599762, 0.9284613132476807, 0.9284204244613647]
NAUTILUS=>2021-06-09 23:20:03.051294: Completed active learning cycle. Elapsed time: 0:01:32.743910
NAUTILUS=>2021-06-09 23:20:03.051312: ========> Active learning cycle: 6
NAUTILUS=>2021-06-09 23:20:03.051315: Starting data loading
NAUTILUS=>2021-06-09 23:20:43.566237: Completed data loading. Elapsed time: 0:00:40.514922
NAUTILUS=>2021-06-09 23:20:43.566254: Starting model selection
NAUTILUS=>2021-06-09 23:20:43.566269: Materializing training data
NAUTILUS=>2021-06-09 23:20:43.791730: Completed materializing training data. Elapsed time: 0:00:00.225461
NAUTILUS=>2021-06-09 23:20:43.791740: Generating intermediate features
NAUTILUS=>2021-06-09 23:20:52.439178: Completed generating intermediate features. Elapsed time: 0:00:08.647438
NAUTILUS=>2021-06-09 23:20:52.439197: Starting model training
NAUTILUS=>2021-06-09 23:22:23.234260: Completed model training. Elapsed time: 0:01:30.795063
NAUTILUS=>2021-06-09 23:22:23.234260: Cycle: 6, Model: 2, loss: [0.9092758297920227, 0.5189526081085205, 0.4161206781864166, 0.34969770908355713, 0.29382455348968506]
NAUTILUS=>2021-06-09 23:22:23.234260: Cycle: 6, Model: 2, accuracy: [0.6852362751960754, 0.812177836894989, 0.8538153171539307, 0.8777304291725159, 0.9018327593803406]
NAUTILUS=>2021-06-09 23:22:23.234260: Cycle: 6, Model: 2, val_loss: [0.32845261693000793, 0.24888017773628235, 0.24481920897960663, 0.21270667016506195, 0.2094208300113678]
NAUTILUS=>2021-06-09 23:22:23.234260: Cycle: 6, Model: 2, val_accuracy: [0.8854814767837524, 0.910447895526886, 0.9182192087173462, 0.921463131904602, 0.9271588325500488]
NAUTILUS=>2021-06-09 23:22:23.234260: Cycle: 6, Model: 0, loss: [0.7800284028053284, 0.4466346204280853, 0.33428582549095154, 0.25313645601272583, 0.17612767219543457]
NAUTILUS=>2021-06-09 23:22:23.234260: Cycle: 6, Model: 0, accuracy: [0.7320030331611633, 0.8410090804100037, 0.8844120502471924, 0.9129164814949036, 0.9433264136314392]
NAUTILUS=>2021-06-09 23:22:23.234260: Cycle: 6, Model: 0, val_loss: [0.261766254901886, 0.2253473699092865, 0.2270725965499878, 0.21403953433036804, 0.20667454600334167]
NAUTILUS=>2021-06-09 23:22:23.234260: Cycle: 6, Model: 0, val_accuracy: [0.9089134931564331, 0.9226123094558716, 0.9226182103157043, 0.9255772829055786, 0.9390782713890076]
NAUTILUS=>2021-06-09 23:22:23.234260: Cycle: 6, Model: 1, loss: [0.8587691187858582, 0.47563624382019043, 0.36734330654144287, 0.29809561371803284, 0.23789596557617188]
NAUTILUS=>2021-06-09 23:22:23.234260: Cycle: 6, Model: 1, accuracy: [0.7033988833427429, 0.8311451077461243, 0.8736143112182617, 0.8978562355041504, 0.9219178557395935]
NAUTILUS=>2021-06-09 23:22:23.234260: Cycle: 6, Model: 1, val_loss: [0.3005845844745636, 0.23513001203536987, 0.23111966252326965, 0.21446041762828827, 0.19981113076210022]
NAUTILUS=>2021-06-09 23:22:23.234260: Cycle: 6, Model: 1, val_accuracy: [0.8889136910438538, 0.9167738556861877, 0.9218897223472595, 0.9266376495361328, 0.9325332641601562]
NAUTILUS=>2021-06-09 23:22:23.234339: Starting to generating the best model
NAUTILUS=>2021-06-09 23:22:29.277605: Completed generating the best model. Elapsed time: 0:00:06.043266
NAUTILUS=>2021-06-09 23:22:29.277605: Cycle: 6, Best Model: 0
NAUTILUS=>2021-06-09 23:22:29.277605: Cycle: 6, Best model loss: [0.7800284028053284, 0.4466346204280853, 0.33428582549095154, 0.25313645601272583, 0.17612767219543457]
NAUTILUS=>2021-06-09 23:22:29.277605: Cycle: 6, Best model accuracy: [0.7320030331611633, 0.8410090804100037, 0.8844120502471924, 0.9129164814949036, 0.9433264136314392]
NAUTILUS=>2021-06-09 23:22:29.277605: Cycle: 6, Best model val_loss: [0.261766254901886, 0.2253473699092865, 0.2270725965499878, 0.21403953433036804, 0.20667454600334167]
NAUTILUS=>2021-06-09 23:22:29.277605: Cycle: 6, Best model val_accuracy: [0.9089134931564331, 0.9226123094558716, 0.9226182103157043, 0.9255772829055786, 0.9390782713890076]
NAUTILUS=>2021-06-09 23:22:29.563523: Completed active learning cycle. Elapsed time: 0:01:45.997269
NAUTILUS=>2021-06-09 23:22:29.563540: ========> Active learning cycle: 7
NAUTILUS=>2021-06-09 23:22:29.563544: Starting data loading
NAUTILUS=>2021-06-09 23:23:02.349990: Completed data loading. Elapsed time: 0:00:32.786446
NAUTILUS=>2021-06-09 23:23:02.350007: Starting model selection
NAUTILUS=>2021-06-09 23:23:02.350023: Materializing training data
NAUTILUS=>2021-06-09 23:23:02.576767: Completed materializing training data. Elapsed time: 0:00:00.226744
NAUTILUS=>2021-06-09 23:23:02.576776: Generating intermediate features
NAUTILUS=>2021-06-09 23:23:11.134685: Completed generating intermediate features. Elapsed time: 0:00:08.557909
NAUTILUS=>2021-06-09 23:23:11.134705: Starting model training
NAUTILUS=>2021-06-09 23:24:54.842979: Completed model training. Elapsed time: 0:01:43.708274
NAUTILUS=>2021-06-09 23:24:54.842979: Cycle: 7, Model: 2, loss: [0.8051787614822388, 0.4724903106689453, 0.3776527941226959, 0.32073652744293213, 0.2668626010417938]
NAUTILUS=>2021-06-09 23:24:54.842979: Cycle: 7, Model: 2, accuracy: [0.7137262225151062, 0.826088547706604, 0.8645411133766174, 0.8850418329238892, 0.9092687368392944]
NAUTILUS=>2021-06-09 23:24:54.842979: Cycle: 7, Model: 2, val_loss: [0.29181602597236633, 0.2589000463485718, 0.21532954275608063, 0.20260857045650482, 0.19432516396045685]
NAUTILUS=>2021-06-09 23:24:54.842979: Cycle: 7, Model: 2, val_accuracy: [0.8950609564781189, 0.9037115573883057, 0.9243455529212952, 0.9314215183258057, 0.9329061508178711]
NAUTILUS=>2021-06-09 23:24:54.842979: Cycle: 7, Model: 0, loss: [0.7185474634170532, 0.4139845073223114, 0.3014940619468689, 0.22022299468517303, 0.1499575674533844]
NAUTILUS=>2021-06-09 23:24:54.842979: Cycle: 7, Model: 0, accuracy: [0.7471421360969543, 0.8527980446815491, 0.8948696255683899, 0.9249734878540039, 0.9475950598716736]
NAUTILUS=>2021-06-09 23:24:54.842979: Cycle: 7, Model: 0, val_loss: [0.2686571478843689, 0.229791060090065, 0.21250876784324646, 0.1997009664773941, 0.20663513243198395]
NAUTILUS=>2021-06-09 23:24:54.842979: Cycle: 7, Model: 0, val_accuracy: [0.9030337929725647, 0.9172635078430176, 0.9309633374214172, 0.9354854822158813, 0.938526451587677]
NAUTILUS=>2021-06-09 23:24:54.842979: Cycle: 7, Model: 1, loss: [0.7418657541275024, 0.4350700080394745, 0.3358892500400543, 0.2716767191886902, 0.21246035397052765]
NAUTILUS=>2021-06-09 23:24:54.842979: Cycle: 7, Model: 1, accuracy: [0.7369862794876099, 0.8425965309143066, 0.8806329965591431, 0.9051920771598816, 0.9292702674865723]
NAUTILUS=>2021-06-09 23:24:54.842979: Cycle: 7, Model: 1, val_loss: [0.2686282992362976, 0.23289097845554352, 0.21013811230659485, 0.19387641549110413, 0.20335370302200317]
NAUTILUS=>2021-06-09 23:24:54.842979: Cycle: 7, Model: 1, val_accuracy: [0.9042056798934937, 0.918347179889679, 0.927476167678833, 0.9324936270713806, 0.9334169030189514]
NAUTILUS=>2021-06-09 23:24:54.843057: Starting to generating the best model
NAUTILUS=>2021-06-09 23:25:00.929416: Completed generating the best model. Elapsed time: 0:00:06.086359
NAUTILUS=>2021-06-09 23:25:00.929416: Cycle: 7, Best Model: 0
NAUTILUS=>2021-06-09 23:25:00.929416: Cycle: 7, Best model loss: [0.7185474634170532, 0.4139845073223114, 0.3014940619468689, 0.22022299468517303, 0.1499575674533844]
NAUTILUS=>2021-06-09 23:25:00.929416: Cycle: 7, Best model accuracy: [0.7471421360969543, 0.8527980446815491, 0.8948696255683899, 0.9249734878540039, 0.9475950598716736]
NAUTILUS=>2021-06-09 23:25:00.929416: Cycle: 7, Best model val_loss: [0.2686571478843689, 0.229791060090065, 0.21250876784324646, 0.1997009664773941, 0.20663513243198395]
NAUTILUS=>2021-06-09 23:25:00.929416: Cycle: 7, Best model val_accuracy: [0.9030337929725647, 0.9172635078430176, 0.9309633374214172, 0.9354854822158813, 0.938526451587677]
NAUTILUS=>2021-06-09 23:25:01.221571: Completed active learning cycle. Elapsed time: 0:01:58.871564
NAUTILUS=>2021-06-09 23:25:01.221589: ========> Active learning cycle: 8
NAUTILUS=>2021-06-09 23:25:01.221592: Starting data loading
NAUTILUS=>2021-06-09 23:25:37.457206: Completed data loading. Elapsed time: 0:00:36.235614
NAUTILUS=>2021-06-09 23:25:37.457223: Starting model selection
NAUTILUS=>2021-06-09 23:25:37.457238: Materializing training data
NAUTILUS=>2021-06-09 23:25:37.683562: Completed materializing training data. Elapsed time: 0:00:00.226324
NAUTILUS=>2021-06-09 23:25:37.683572: Generating intermediate features
NAUTILUS=>2021-06-09 23:25:46.283087: Completed generating intermediate features. Elapsed time: 0:00:08.599515
NAUTILUS=>2021-06-09 23:25:46.283106: Starting model training
NAUTILUS=>2021-06-09 23:27:43.284568: Completed model training. Elapsed time: 0:01:57.001462
NAUTILUS=>2021-06-09 23:27:43.284568: Cycle: 8, Model: 2, loss: [0.7456556558609009, 0.43230462074279785, 0.3549882471561432, 0.29690563678741455, 0.25682395696640015]
NAUTILUS=>2021-06-09 23:27:43.284568: Cycle: 8, Model: 2, accuracy: [0.7311591506004333, 0.8410176634788513, 0.8715029358863831, 0.8980463147163391, 0.9121840000152588]
NAUTILUS=>2021-06-09 23:27:43.284568: Cycle: 8, Model: 2, val_loss: [0.29058322310447693, 0.255140483379364, 0.2312823086977005, 0.22332915663719177, 0.1898467093706131]
NAUTILUS=>2021-06-09 23:27:43.284568: Cycle: 8, Model: 2, val_accuracy: [0.8943777680397034, 0.9070239067077637, 0.9158506989479065, 0.9215207099914551, 0.9321417808532715]
NAUTILUS=>2021-06-09 23:27:43.284568: Cycle: 8, Model: 0, loss: [0.6478394865989685, 0.3801394999027252, 0.28927144408226013, 0.21314410865306854, 0.14902831614017487]
NAUTILUS=>2021-06-09 23:27:43.284568: Cycle: 8, Model: 0, accuracy: [0.7666348814964294, 0.8653925061225891, 0.8986770510673523, 0.9266261458396912, 0.9487563967704773]
NAUTILUS=>2021-06-09 23:27:43.284568: Cycle: 8, Model: 0, val_loss: [0.2422209233045578, 0.22828279435634613, 0.2003352791070938, 0.18442994356155396, 0.18841777741909027]
NAUTILUS=>2021-06-09 23:27:43.284568: Cycle: 8, Model: 0, val_accuracy: [0.9102511405944824, 0.9177290201187134, 0.9281041026115417, 0.9379106163978577, 0.9371981620788574]
NAUTILUS=>2021-06-09 23:27:43.284568: Cycle: 8, Model: 1, loss: [0.6791913509368896, 0.3987277150154114, 0.32300272583961487, 0.25387343764305115, 0.20713922381401062]
NAUTILUS=>2021-06-09 23:27:43.284568: Cycle: 8, Model: 1, accuracy: [0.7565758228302002, 0.8565486073493958, 0.884838879108429, 0.9131759405136108, 0.9285799264907837]
NAUTILUS=>2021-06-09 23:27:43.284568: Cycle: 8, Model: 1, val_loss: [0.27016085386276245, 0.23609653115272522, 0.23522089421749115, 0.20407018065452576, 0.18642733991146088]
NAUTILUS=>2021-06-09 23:27:43.284568: Cycle: 8, Model: 1, val_accuracy: [0.8991718888282776, 0.914165198802948, 0.9129698276519775, 0.9304612874984741, 0.9333511590957642]
NAUTILUS=>2021-06-09 23:27:43.284645: Starting to generating the best model
NAUTILUS=>2021-06-09 23:27:49.364900: Completed generating the best model. Elapsed time: 0:00:06.080255
NAUTILUS=>2021-06-09 23:27:49.364900: Cycle: 8, Best Model: 0
NAUTILUS=>2021-06-09 23:27:49.364900: Cycle: 8, Best model loss: [0.6478394865989685, 0.3801394999027252, 0.28927144408226013, 0.21314410865306854, 0.14902831614017487]
NAUTILUS=>2021-06-09 23:27:49.364900: Cycle: 8, Best model accuracy: [0.7666348814964294, 0.8653925061225891, 0.8986770510673523, 0.9266261458396912, 0.9487563967704773]
NAUTILUS=>2021-06-09 23:27:49.364900: Cycle: 8, Best model val_loss: [0.2422209233045578, 0.22828279435634613, 0.2003352791070938, 0.18442994356155396, 0.18841777741909027]
NAUTILUS=>2021-06-09 23:27:49.364900: Cycle: 8, Best model val_accuracy: [0.9102511405944824, 0.9177290201187134, 0.9281041026115417, 0.9379106163978577, 0.9371981620788574]
NAUTILUS=>2021-06-09 23:27:49.651683: Completed active learning cycle. Elapsed time: 0:02:12.194460
NAUTILUS=>2021-06-09 23:27:49.651701: ========> Active learning cycle: 9
NAUTILUS=>2021-06-09 23:27:49.651705: Starting data loading
NAUTILUS=>2021-06-09 23:28:18.931518: Completed data loading. Elapsed time: 0:00:29.279813
NAUTILUS=>2021-06-09 23:28:18.931536: Starting model selection
NAUTILUS=>2021-06-09 23:28:18.931551: Materializing training data
NAUTILUS=>2021-06-09 23:28:19.159905: Completed materializing training data. Elapsed time: 0:00:00.228354
NAUTILUS=>2021-06-09 23:28:19.159916: Generating intermediate features
NAUTILUS=>2021-06-09 23:28:27.793062: Completed generating intermediate features. Elapsed time: 0:00:08.633146
NAUTILUS=>2021-06-09 23:28:27.793081: Starting model training
NAUTILUS=>2021-06-09 23:30:37.972241: Completed model training. Elapsed time: 0:02:10.179160
NAUTILUS=>2021-06-09 23:30:37.972241: Cycle: 9, Model: 2, loss: [0.6947187781333923, 0.40805137157440186, 0.32795366644859314, 0.2792956829071045, 0.2355724722146988]
NAUTILUS=>2021-06-09 23:30:37.972241: Cycle: 9, Model: 2, accuracy: [0.7615793943405151, 0.855517566204071, 0.8855550289154053, 0.9047361016273499, 0.9232317209243774]
NAUTILUS=>2021-06-09 23:30:37.972241: Cycle: 9, Model: 2, val_loss: [0.2627091109752655, 0.22812519967556, 0.20019763708114624, 0.1888861209154129, 0.17183883488178253]
NAUTILUS=>2021-06-09 23:30:37.972241: Cycle: 9, Model: 2, val_accuracy: [0.9082608222961426, 0.9192637801170349, 0.9302310347557068, 0.9345024228096008, 0.9418541789054871]
NAUTILUS=>2021-06-09 23:30:37.972241: Cycle: 9, Model: 0, loss: [0.6205206513404846, 0.35760319232940674, 0.26504191756248474, 0.19886377453804016, 0.1305689811706543]
NAUTILUS=>2021-06-09 23:30:37.972241: Cycle: 9, Model: 0, accuracy: [0.7870925664901733, 0.877790093421936, 0.9089265465736389, 0.9339853525161743, 0.9581128358840942]
NAUTILUS=>2021-06-09 23:30:37.972241: Cycle: 9, Model: 0, val_loss: [0.2447577267885208, 0.224742129445076, 0.18798710405826569, 0.19017384946346283, 0.1738153100013733]
NAUTILUS=>2021-06-09 23:30:37.972241: Cycle: 9, Model: 0, val_accuracy: [0.9122804999351501, 0.9211856126785278, 0.9360682964324951, 0.939847469329834, 0.9477965831756592]
NAUTILUS=>2021-06-09 23:30:37.972241: Cycle: 9, Model: 1, loss: [0.6492839455604553, 0.37875038385391235, 0.29633599519729614, 0.2408759742975235, 0.18796677887439728]
NAUTILUS=>2021-06-09 23:30:37.972241: Cycle: 9, Model: 1, accuracy: [0.7743956446647644, 0.8682047128677368, 0.8965720534324646, 0.9192846417427063, 0.9401315450668335]
NAUTILUS=>2021-06-09 23:30:37.972241: Cycle: 9, Model: 1, val_loss: [0.26897773146629333, 0.226095050573349, 0.20035207271575928, 0.1932835429906845, 0.16454792022705078]
NAUTILUS=>2021-06-09 23:30:37.972241: Cycle: 9, Model: 1, val_accuracy: [0.9069143533706665, 0.9173513650894165, 0.9284908771514893, 0.9348704814910889, 0.9448381662368774]
NAUTILUS=>2021-06-09 23:30:37.972318: Starting to generating the best model
NAUTILUS=>2021-06-09 23:30:44.038841: Completed generating the best model. Elapsed time: 0:00:06.066523
NAUTILUS=>2021-06-09 23:30:44.038841: Cycle: 9, Best Model: 0
NAUTILUS=>2021-06-09 23:30:44.038841: Cycle: 9, Best model loss: [0.6205206513404846, 0.35760319232940674, 0.26504191756248474, 0.19886377453804016, 0.1305689811706543]
NAUTILUS=>2021-06-09 23:30:44.038841: Cycle: 9, Best model accuracy: [0.7870925664901733, 0.877790093421936, 0.9089265465736389, 0.9339853525161743, 0.9581128358840942]
NAUTILUS=>2021-06-09 23:30:44.038841: Cycle: 9, Best model val_loss: [0.2447577267885208, 0.224742129445076, 0.18798710405826569, 0.19017384946346283, 0.1738153100013733]
NAUTILUS=>2021-06-09 23:30:44.038841: Cycle: 9, Best model val_accuracy: [0.9122804999351501, 0.9211856126785278, 0.9360682964324951, 0.939847469329834, 0.9477965831756592]
NAUTILUS=>2021-06-09 23:30:44.327142: Completed active learning cycle. Elapsed time: 0:02:25.395606
NAUTILUS=>2021-06-09 23:30:44.327160: ========> Active learning cycle: 10
NAUTILUS=>2021-06-09 23:30:44.327164: Starting data loading
NAUTILUS=>2021-06-09 23:31:16.372069: Completed data loading. Elapsed time: 0:00:32.044905
NAUTILUS=>2021-06-09 23:31:16.372086: Starting model selection
NAUTILUS=>2021-06-09 23:31:16.372102: Materializing training data
NAUTILUS=>2021-06-09 23:31:16.598169: Completed materializing training data. Elapsed time: 0:00:00.226067
NAUTILUS=>2021-06-09 23:31:16.598179: Generating intermediate features
NAUTILUS=>2021-06-09 23:31:25.205846: Completed generating intermediate features. Elapsed time: 0:00:08.607667
NAUTILUS=>2021-06-09 23:31:25.205865: Starting model training
NAUTILUS=>2021-06-09 23:33:48.402589: Completed model training. Elapsed time: 0:02:23.196724
NAUTILUS=>2021-06-09 23:33:48.402589: Cycle: 10, Model: 2, loss: [0.6352524757385254, 0.36918964982032776, 0.29746919870376587, 0.2590106427669525, 0.21795231103897095]
NAUTILUS=>2021-06-09 23:33:48.402589: Cycle: 10, Model: 2, accuracy: [0.7760158181190491, 0.8661510944366455, 0.8948037028312683, 0.9112226366996765, 0.9260006546974182]
NAUTILUS=>2021-06-09 23:33:48.402589: Cycle: 10, Model: 2, val_loss: [0.25533172488212585, 0.21773484349250793, 0.1966521143913269, 0.18920496106147766, 0.18096525967121124]
NAUTILUS=>2021-06-09 23:33:48.402589: Cycle: 10, Model: 2, val_accuracy: [0.905104398727417, 0.92286217212677, 0.933476448059082, 0.9377157092094421, 0.9403813481330872]
NAUTILUS=>2021-06-09 23:33:48.402589: Cycle: 10, Model: 0, loss: [0.5509000420570374, 0.3202224671840668, 0.23471561074256897, 0.17885924875736237, 0.12043257802724838]
NAUTILUS=>2021-06-09 23:33:48.402589: Cycle: 10, Model: 0, accuracy: [0.804816484451294, 0.8865501880645752, 0.9201562404632568, 0.9391743540763855, 0.9590036869049072]
NAUTILUS=>2021-06-09 23:33:48.402589: Cycle: 10, Model: 0, val_loss: [0.22260741889476776, 0.21725645661354065, 0.18141940236091614, 0.18144623935222626, 0.174606591463089]
NAUTILUS=>2021-06-09 23:33:48.402589: Cycle: 10, Model: 0, val_accuracy: [0.9199563264846802, 0.9266098737716675, 0.9400798082351685, 0.9451538324356079, 0.9485071301460266]
NAUTILUS=>2021-06-09 23:33:48.402589: Cycle: 10, Model: 1, loss: [0.5894153118133545, 0.34065374732017517, 0.26979705691337585, 0.22241514921188354, 0.1744994968175888]
NAUTILUS=>2021-06-09 23:33:48.402589: Cycle: 10, Model: 1, accuracy: [0.7921679019927979, 0.878849983215332, 0.905380129814148, 0.9244188070297241, 0.9406971335411072]
NAUTILUS=>2021-06-09 23:33:48.402589: Cycle: 10, Model: 1, val_loss: [0.239587664604187, 0.20735512673854828, 0.19058255851268768, 0.18723991513252258, 0.17520378530025482]
NAUTILUS=>2021-06-09 23:33:48.402589: Cycle: 10, Model: 1, val_accuracy: [0.9109389781951904, 0.9270809888839722, 0.9368804097175598, 0.9414656758308411, 0.944444477558136]
NAUTILUS=>2021-06-09 23:33:48.402667: Starting to generating the best model
NAUTILUS=>2021-06-09 23:33:54.482204: Completed generating the best model. Elapsed time: 0:00:06.079537
NAUTILUS=>2021-06-09 23:33:54.482204: Cycle: 10, Best Model: 0
NAUTILUS=>2021-06-09 23:33:54.482204: Cycle: 10, Best model loss: [0.5509000420570374, 0.3202224671840668, 0.23471561074256897, 0.17885924875736237, 0.12043257802724838]
NAUTILUS=>2021-06-09 23:33:54.482204: Cycle: 10, Best model accuracy: [0.804816484451294, 0.8865501880645752, 0.9201562404632568, 0.9391743540763855, 0.9590036869049072]
NAUTILUS=>2021-06-09 23:33:54.482204: Cycle: 10, Best model val_loss: [0.22260741889476776, 0.21725645661354065, 0.18141940236091614, 0.18144623935222626, 0.174606591463089]
NAUTILUS=>2021-06-09 23:33:54.482204: Cycle: 10, Best model val_accuracy: [0.9199563264846802, 0.9266098737716675, 0.9400798082351685, 0.9451538324356079, 0.9485071301460266]
NAUTILUS=>2021-06-09 23:33:54.777415: Completed active learning cycle. Elapsed time: 0:02:38.405329
NAUTILUS=>2021-06-09 23:33:54.777432: Workload completed. Elapsed time: 0:23:11.676000
