NAUTILUS=>2021-06-09 20:47:15.363962: Starting workload
NAUTILUS=>2021-06-09 20:47:15.363962: RANDOM_SEED: 2020
NAUTILUS=>2021-06-09 20:47:15.363962: VERY_LARGE_VALUE: 1000000000000000.0
NAUTILUS=>2021-06-09 20:47:15.363962: NO_MAT_OPT: False
NAUTILUS=>2021-06-09 20:47:15.363962: MODE: ftr3-1
NAUTILUS=>2021-06-09 20:47:15.363962: STORAGE_PATH: ./storage
NAUTILUS=>2021-06-09 20:47:15.363962: NO_FUSE_OPT: False
NAUTILUS=>2021-06-09 20:47:15.363962: NUM_EPOCHS: 5
NAUTILUS=>2021-06-09 20:47:15.363962: MAX_NUM_RECORDS: 5000
NAUTILUS=>2021-06-09 20:47:15.363962: ACTIVE_LEARNING_BATCH_SIZE: 500
NAUTILUS=>2021-06-09 20:47:15.363962: VALID_FRACTION: 0.2
NAUTILUS=>2021-06-09 20:47:15.363962: SAMPLING_STRATERGY: uncertainty
NAUTILUS=>2021-06-09 20:47:15.363962: NO_PRETRAINING: False
NAUTILUS=>2021-06-09 20:47:15.363962: STORAGE_BUDGET: 25
NAUTILUS=>2021-06-09 20:47:15.363962: MEMORY_BUDGET: 10
NAUTILUS=>2021-06-09 20:47:15.363962: WORKSPACE_MEMORY: 1
NAUTILUS=>2021-06-09 20:47:15.363962: COMPUTE_THROUGHPUT: 6
NAUTILUS=>2021-06-09 20:47:15.363962: DISK_THROUGHPUT: 500
NAUTILUS=>2021-06-09 20:47:15.363962: SHUFFLE_BUFFER_SIZE: 10000
NAUTILUS=>2021-06-09 20:47:15.364011: Starting system initialization
NAUTILUS=>2021-06-09 20:47:15.365321: Starting model profiling
NAUTILUS=>2021-06-09 20:47:32.700845: Completed model profiling. Elapsed time: 0:00:17.335522
NAUTILUS=>2021-06-09 20:47:32.700845: Model parameters
NAUTILUS=>2021-06-09 20:47:32.700890: Generating optimized model selection plan
NAUTILUS=>2021-06-09 20:47:32.717742: Materialized layers candidates: tf_op_layer_strided_slice,tf_op_layer_Cast,tf_op_layer_Sub,tf_op_layer_Mul,layer_9
NAUTILUS=>2021-06-09 20:47:32.725025: Used materialized layers: layer_9
NAUTILUS=>2021-06-09 20:47:32.725025: Model training plan: {"0": {"models": ["0"], "output_layers": ["0/classifier"], "flops_consumption": 438177892375000.0, "compute_flops": 325531408000000.0, "load_flops": 112646484375000.0, "memory_consumption": 1.8776347935199738, "used_materialized_layers": ["layer_9"], "batch_size": 16, "num_epochs": [5]}}
NAUTILUS=>2021-06-09 20:47:32.725124: Completed generating optimized model selection plan. Elapsed time: 0:00:00.024234
NAUTILUS=>2021-06-09 20:47:32.725135: Generating fused models
NAUTILUS=>2021-06-09 20:47:39.069607: Completed generating fused models. Elapsed time: 0:00:06.344472
NAUTILUS=>2021-06-09 20:47:39.069607: Current Practice FLOPs: 149138039680.0
NAUTILUS=>2021-06-09 20:47:39.069607: Optimal FLOPs: 37097005440.0
NAUTILUS=>2021-06-09 20:47:39.069607: Theoretical Speedup: 4.020217748335861
NAUTILUS=>2021-06-09 20:47:39.121283: Completed system initialization. Elapsed time: 0:00:23.757272
NAUTILUS=>2021-06-09 20:47:39.121307: ========> Active learning cycle: 1
NAUTILUS=>2021-06-09 20:47:39.121310: Starting data loading
NAUTILUS=>2021-06-09 20:47:55.502021: Completed data loading. Elapsed time: 0:00:16.380711
NAUTILUS=>2021-06-09 20:47:55.502047: Starting model selection
NAUTILUS=>2021-06-09 20:47:55.502066: Materializing training data
NAUTILUS=>2021-06-09 20:47:55.737982: Completed materializing training data. Elapsed time: 0:00:00.235916
NAUTILUS=>2021-06-09 20:47:55.737993: Generating intermediate features
NAUTILUS=>2021-06-09 20:48:04.272417: Completed generating intermediate features. Elapsed time: 0:00:08.534424
NAUTILUS=>2021-06-09 20:48:04.272437: Starting model training
NAUTILUS=>2021-06-09 20:48:22.455612: Completed model training. Elapsed time: 0:00:18.183175
NAUTILUS=>2021-06-09 20:48:22.455612: Cycle: 1, Model: 0, loss: [0.828880786895752, 0.2970869541168213, 0.19052249193191528, 0.12513619661331177, 0.08048417419195175]
NAUTILUS=>2021-06-09 20:48:22.455612: Cycle: 1, Model: 0, accuracy: [0.7468414902687073, 0.8900124430656433, 0.9346765279769897, 0.9563759565353394, 0.9700300097465515]
NAUTILUS=>2021-06-09 20:48:22.455612: Cycle: 1, Model: 0, val_loss: [0.4639214277267456, 0.41468513011932373, 0.3532772362232208, 0.39335745573043823, 0.37415385246276855]
NAUTILUS=>2021-06-09 20:48:22.455612: Cycle: 1, Model: 0, val_accuracy: [0.8359349966049194, 0.8561877608299255, 0.8714163899421692, 0.8704221248626709, 0.8852939605712891]
NAUTILUS=>2021-06-09 20:48:22.455658: Starting to generating the best model
NAUTILUS=>2021-06-09 20:48:28.148487: Completed generating the best model. Elapsed time: 0:00:05.692829
NAUTILUS=>2021-06-09 20:48:28.148487: Cycle: 1, Best Model: 0
NAUTILUS=>2021-06-09 20:48:28.148487: Cycle: 1, Best model loss: [0.828880786895752, 0.2970869541168213, 0.19052249193191528, 0.12513619661331177, 0.08048417419195175]
NAUTILUS=>2021-06-09 20:48:28.148487: Cycle: 1, Best model accuracy: [0.7468414902687073, 0.8900124430656433, 0.9346765279769897, 0.9563759565353394, 0.9700300097465515]
NAUTILUS=>2021-06-09 20:48:28.148487: Cycle: 1, Best model val_loss: [0.4639214277267456, 0.41468513011932373, 0.3532772362232208, 0.39335745573043823, 0.37415385246276855]
NAUTILUS=>2021-06-09 20:48:28.148487: Cycle: 1, Best model val_accuracy: [0.8359349966049194, 0.8561877608299255, 0.8714163899421692, 0.8704221248626709, 0.8852939605712891]
NAUTILUS=>2021-06-09 20:48:28.438123: Completed active learning cycle. Elapsed time: 0:00:32.936076
NAUTILUS=>2021-06-09 20:48:28.438139: ========> Active learning cycle: 2
NAUTILUS=>2021-06-09 20:48:28.438143: Starting data loading
NAUTILUS=>2021-06-09 20:49:16.636882: Completed data loading. Elapsed time: 0:00:48.198739
NAUTILUS=>2021-06-09 20:49:16.636899: Starting model selection
NAUTILUS=>2021-06-09 20:49:16.636914: Materializing training data
NAUTILUS=>2021-06-09 20:49:16.865960: Completed materializing training data. Elapsed time: 0:00:00.229046
NAUTILUS=>2021-06-09 20:49:16.865971: Generating intermediate features
NAUTILUS=>2021-06-09 20:49:25.498072: Completed generating intermediate features. Elapsed time: 0:00:08.632101
NAUTILUS=>2021-06-09 20:49:25.498090: Starting model training
NAUTILUS=>2021-06-09 20:49:52.617794: Completed model training. Elapsed time: 0:00:27.119704
NAUTILUS=>2021-06-09 20:49:52.617794: Cycle: 2, Model: 0, loss: [0.9820089936256409, 0.42822322249412537, 0.274488627910614, 0.19114264845848083, 0.12522202730178833]
NAUTILUS=>2021-06-09 20:49:52.617794: Cycle: 2, Model: 0, accuracy: [0.6411345601081848, 0.8296785950660706, 0.8881787657737732, 0.9303540587425232, 0.9543465375900269]
NAUTILUS=>2021-06-09 20:49:52.617794: Cycle: 2, Model: 0, val_loss: [0.3782179355621338, 0.34705260396003723, 0.2961651086807251, 0.2835554778575897, 0.305136114358902]
NAUTILUS=>2021-06-09 20:49:52.617794: Cycle: 2, Model: 0, val_accuracy: [0.8639460802078247, 0.8841715455055237, 0.9048786163330078, 0.9142364263534546, 0.9139883518218994]
NAUTILUS=>2021-06-09 20:49:52.617838: Starting to generating the best model
NAUTILUS=>2021-06-09 20:49:58.317589: Completed generating the best model. Elapsed time: 0:00:05.699751
NAUTILUS=>2021-06-09 20:49:58.317589: Cycle: 2, Best Model: 0
NAUTILUS=>2021-06-09 20:49:58.317589: Cycle: 2, Best model loss: [0.9820089936256409, 0.42822322249412537, 0.274488627910614, 0.19114264845848083, 0.12522202730178833]
NAUTILUS=>2021-06-09 20:49:58.317589: Cycle: 2, Best model accuracy: [0.6411345601081848, 0.8296785950660706, 0.8881787657737732, 0.9303540587425232, 0.9543465375900269]
NAUTILUS=>2021-06-09 20:49:58.317589: Cycle: 2, Best model val_loss: [0.3782179355621338, 0.34705260396003723, 0.2961651086807251, 0.2835554778575897, 0.305136114358902]
NAUTILUS=>2021-06-09 20:49:58.317589: Cycle: 2, Best model val_accuracy: [0.8639460802078247, 0.8841715455055237, 0.9048786163330078, 0.9142364263534546, 0.9139883518218994]
NAUTILUS=>2021-06-09 20:49:58.609531: Completed active learning cycle. Elapsed time: 0:00:41.972632
NAUTILUS=>2021-06-09 20:49:58.609548: ========> Active learning cycle: 3
NAUTILUS=>2021-06-09 20:49:58.609551: Starting data loading
NAUTILUS=>2021-06-09 20:50:38.136415: Completed data loading. Elapsed time: 0:00:39.526864
NAUTILUS=>2021-06-09 20:50:38.136432: Starting model selection
NAUTILUS=>2021-06-09 20:50:38.136446: Materializing training data
NAUTILUS=>2021-06-09 20:50:38.367844: Completed materializing training data. Elapsed time: 0:00:00.231398
NAUTILUS=>2021-06-09 20:50:38.367854: Generating intermediate features
NAUTILUS=>2021-06-09 20:50:46.898534: Completed generating intermediate features. Elapsed time: 0:00:08.530680
NAUTILUS=>2021-06-09 20:50:46.898554: Starting model training
NAUTILUS=>2021-06-09 20:51:22.999416: Completed model training. Elapsed time: 0:00:36.100862
NAUTILUS=>2021-06-09 20:51:22.999416: Cycle: 3, Model: 0, loss: [1.0063163042068481, 0.4999839663505554, 0.39485108852386475, 0.2816697955131531, 0.1911240965127945]
NAUTILUS=>2021-06-09 20:51:22.999416: Cycle: 3, Model: 0, accuracy: [0.6474918723106384, 0.822386622428894, 0.8614680171012878, 0.8976647853851318, 0.9396132230758667]
NAUTILUS=>2021-06-09 20:51:22.999416: Cycle: 3, Model: 0, val_loss: [0.34778422117233276, 0.3086806535720825, 0.29269200563430786, 0.2907284200191498, 0.2851918339729309]
NAUTILUS=>2021-06-09 20:51:22.999416: Cycle: 3, Model: 0, val_accuracy: [0.8800451755523682, 0.8960058689117432, 0.8998598456382751, 0.9089407324790955, 0.9154126048088074]
NAUTILUS=>2021-06-09 20:51:22.999459: Starting to generating the best model
NAUTILUS=>2021-06-09 20:51:28.648721: Completed generating the best model. Elapsed time: 0:00:05.649262
NAUTILUS=>2021-06-09 20:51:28.648721: Cycle: 3, Best Model: 0
NAUTILUS=>2021-06-09 20:51:28.648721: Cycle: 3, Best model loss: [1.0063163042068481, 0.4999839663505554, 0.39485108852386475, 0.2816697955131531, 0.1911240965127945]
NAUTILUS=>2021-06-09 20:51:28.648721: Cycle: 3, Best model accuracy: [0.6474918723106384, 0.822386622428894, 0.8614680171012878, 0.8976647853851318, 0.9396132230758667]
NAUTILUS=>2021-06-09 20:51:28.648721: Cycle: 3, Best model val_loss: [0.34778422117233276, 0.3086806535720825, 0.29269200563430786, 0.2907284200191498, 0.2851918339729309]
NAUTILUS=>2021-06-09 20:51:28.648721: Cycle: 3, Best model val_accuracy: [0.8800451755523682, 0.8960058689117432, 0.8998598456382751, 0.9089407324790955, 0.9154126048088074]
NAUTILUS=>2021-06-09 20:51:28.940822: Completed active learning cycle. Elapsed time: 0:00:50.804390
NAUTILUS=>2021-06-09 20:51:28.940839: ========> Active learning cycle: 4
NAUTILUS=>2021-06-09 20:51:28.940843: Starting data loading
NAUTILUS=>2021-06-09 20:52:13.501280: Completed data loading. Elapsed time: 0:00:44.560437
NAUTILUS=>2021-06-09 20:52:13.501297: Starting model selection
NAUTILUS=>2021-06-09 20:52:13.501311: Materializing training data
NAUTILUS=>2021-06-09 20:52:13.732680: Completed materializing training data. Elapsed time: 0:00:00.231369
NAUTILUS=>2021-06-09 20:52:13.732691: Generating intermediate features
NAUTILUS=>2021-06-09 20:52:22.385731: Completed generating intermediate features. Elapsed time: 0:00:08.653040
NAUTILUS=>2021-06-09 20:52:22.385749: Starting model training
NAUTILUS=>2021-06-09 20:53:07.018300: Completed model training. Elapsed time: 0:00:44.632551
NAUTILUS=>2021-06-09 20:53:07.018300: Cycle: 4, Model: 0, loss: [0.9499955773353577, 0.5068971514701843, 0.3872182071208954, 0.28203490376472473, 0.2159791737794876]
NAUTILUS=>2021-06-09 20:53:07.018300: Cycle: 4, Model: 0, accuracy: [0.6788349747657776, 0.8223828077316284, 0.8686643242835999, 0.9067349433898926, 0.9322727918624878]
NAUTILUS=>2021-06-09 20:53:07.018300: Cycle: 4, Model: 0, val_loss: [0.3130547106266022, 0.26508471369743347, 0.26560378074645996, 0.25667667388916016, 0.2476203739643097]
NAUTILUS=>2021-06-09 20:53:07.018300: Cycle: 4, Model: 0, val_accuracy: [0.8938422203063965, 0.9098861813545227, 0.9134581089019775, 0.9191715121269226, 0.9263003468513489]
NAUTILUS=>2021-06-09 20:53:07.018343: Starting to generating the best model
NAUTILUS=>2021-06-09 20:53:12.691307: Completed generating the best model. Elapsed time: 0:00:05.672964
NAUTILUS=>2021-06-09 20:53:12.691307: Cycle: 4, Best Model: 0
NAUTILUS=>2021-06-09 20:53:12.691307: Cycle: 4, Best model loss: [0.9499955773353577, 0.5068971514701843, 0.3872182071208954, 0.28203490376472473, 0.2159791737794876]
NAUTILUS=>2021-06-09 20:53:12.691307: Cycle: 4, Best model accuracy: [0.6788349747657776, 0.8223828077316284, 0.8686643242835999, 0.9067349433898926, 0.9322727918624878]
NAUTILUS=>2021-06-09 20:53:12.691307: Cycle: 4, Best model val_loss: [0.3130547106266022, 0.26508471369743347, 0.26560378074645996, 0.25667667388916016, 0.2476203739643097]
NAUTILUS=>2021-06-09 20:53:12.691307: Cycle: 4, Best model val_accuracy: [0.8938422203063965, 0.9098861813545227, 0.9134581089019775, 0.9191715121269226, 0.9263003468513489]
NAUTILUS=>2021-06-09 20:53:12.978665: Completed active learning cycle. Elapsed time: 0:00:59.477368
NAUTILUS=>2021-06-09 20:53:12.978682: ========> Active learning cycle: 5
NAUTILUS=>2021-06-09 20:53:12.978686: Starting data loading
NAUTILUS=>2021-06-09 20:53:49.158977: Completed data loading. Elapsed time: 0:00:36.180291
NAUTILUS=>2021-06-09 20:53:49.158995: Starting model selection
NAUTILUS=>2021-06-09 20:53:49.159010: Materializing training data
NAUTILUS=>2021-06-09 20:53:49.391178: Completed materializing training data. Elapsed time: 0:00:00.232168
NAUTILUS=>2021-06-09 20:53:49.391190: Generating intermediate features
NAUTILUS=>2021-06-09 20:53:57.968006: Completed generating intermediate features. Elapsed time: 0:00:08.576816
NAUTILUS=>2021-06-09 20:53:57.968024: Starting model training
NAUTILUS=>2021-06-09 20:54:50.703785: Completed model training. Elapsed time: 0:00:52.735761
NAUTILUS=>2021-06-09 20:54:50.703785: Cycle: 5, Model: 0, loss: [0.8494330644607544, 0.4973812401294708, 0.371033638715744, 0.2975274920463562, 0.21776342391967773]
NAUTILUS=>2021-06-09 20:54:50.703785: Cycle: 5, Model: 0, accuracy: [0.7015331983566284, 0.8224469423294067, 0.8716990947723389, 0.9018932580947876, 0.9295163750648499]
NAUTILUS=>2021-06-09 20:54:50.703785: Cycle: 5, Model: 0, val_loss: [0.2913230359554291, 0.2473762482404709, 0.24512818455696106, 0.22745998203754425, 0.22005078196525574]
NAUTILUS=>2021-06-09 20:54:50.703785: Cycle: 5, Model: 0, val_accuracy: [0.8945123553276062, 0.914312481880188, 0.9203327894210815, 0.9193368554115295, 0.9264319539070129]
NAUTILUS=>2021-06-09 20:54:50.703846: Starting to generating the best model
NAUTILUS=>2021-06-09 20:54:56.339464: Completed generating the best model. Elapsed time: 0:00:05.635618
NAUTILUS=>2021-06-09 20:54:56.339464: Cycle: 5, Best Model: 0
NAUTILUS=>2021-06-09 20:54:56.339464: Cycle: 5, Best model loss: [0.8494330644607544, 0.4973812401294708, 0.371033638715744, 0.2975274920463562, 0.21776342391967773]
NAUTILUS=>2021-06-09 20:54:56.339464: Cycle: 5, Best model accuracy: [0.7015331983566284, 0.8224469423294067, 0.8716990947723389, 0.9018932580947876, 0.9295163750648499]
NAUTILUS=>2021-06-09 20:54:56.339464: Cycle: 5, Best model val_loss: [0.2913230359554291, 0.2473762482404709, 0.24512818455696106, 0.22745998203754425, 0.22005078196525574]
NAUTILUS=>2021-06-09 20:54:56.339464: Cycle: 5, Best model val_accuracy: [0.8945123553276062, 0.914312481880188, 0.9203327894210815, 0.9193368554115295, 0.9264319539070129]
NAUTILUS=>2021-06-09 20:54:56.625899: Completed active learning cycle. Elapsed time: 0:01:07.466904
NAUTILUS=>2021-06-09 20:54:56.625915: ========> Active learning cycle: 6
NAUTILUS=>2021-06-09 20:54:56.625918: Starting data loading
NAUTILUS=>2021-06-09 20:55:37.011159: Completed data loading. Elapsed time: 0:00:40.385241
NAUTILUS=>2021-06-09 20:55:37.011176: Starting model selection
NAUTILUS=>2021-06-09 20:55:37.011191: Materializing training data
NAUTILUS=>2021-06-09 20:55:37.247437: Completed materializing training data. Elapsed time: 0:00:00.236246
NAUTILUS=>2021-06-09 20:55:37.247451: Generating intermediate features
NAUTILUS=>2021-06-09 20:55:45.865662: Completed generating intermediate features. Elapsed time: 0:00:08.618211
NAUTILUS=>2021-06-09 20:55:45.865681: Starting model training
NAUTILUS=>2021-06-09 20:56:47.892938: Completed model training. Elapsed time: 0:01:02.027257
NAUTILUS=>2021-06-09 20:56:47.892938: Cycle: 6, Model: 0, loss: [0.7788037061691284, 0.4543978273868561, 0.3470515310764313, 0.25966235995292664, 0.1780436486005783]
NAUTILUS=>2021-06-09 20:56:47.892938: Cycle: 6, Model: 0, accuracy: [0.7343871593475342, 0.8414475917816162, 0.8844616413116455, 0.9099632501602173, 0.9396206736564636]
NAUTILUS=>2021-06-09 20:56:47.892938: Cycle: 6, Model: 0, val_loss: [0.2644236981868744, 0.21715423464775085, 0.2210066169500351, 0.19938573241233826, 0.21350525319576263]
NAUTILUS=>2021-06-09 20:56:47.892938: Cycle: 6, Model: 0, val_accuracy: [0.9099795818328857, 0.9228072166442871, 0.9236652851104736, 0.9325348138809204, 0.931369423866272]
NAUTILUS=>2021-06-09 20:56:47.892980: Starting to generating the best model
NAUTILUS=>2021-06-09 20:56:53.583402: Completed generating the best model. Elapsed time: 0:00:05.690422
NAUTILUS=>2021-06-09 20:56:53.583402: Cycle: 6, Best Model: 0
NAUTILUS=>2021-06-09 20:56:53.583402: Cycle: 6, Best model loss: [0.7788037061691284, 0.4543978273868561, 0.3470515310764313, 0.25966235995292664, 0.1780436486005783]
NAUTILUS=>2021-06-09 20:56:53.583402: Cycle: 6, Best model accuracy: [0.7343871593475342, 0.8414475917816162, 0.8844616413116455, 0.9099632501602173, 0.9396206736564636]
NAUTILUS=>2021-06-09 20:56:53.583402: Cycle: 6, Best model val_loss: [0.2644236981868744, 0.21715423464775085, 0.2210066169500351, 0.19938573241233826, 0.21350525319576263]
NAUTILUS=>2021-06-09 20:56:53.583402: Cycle: 6, Best model val_accuracy: [0.9099795818328857, 0.9228072166442871, 0.9236652851104736, 0.9325348138809204, 0.931369423866272]
NAUTILUS=>2021-06-09 20:56:53.869810: Completed active learning cycle. Elapsed time: 0:01:16.858634
NAUTILUS=>2021-06-09 20:56:53.869827: ========> Active learning cycle: 7
NAUTILUS=>2021-06-09 20:56:53.869830: Starting data loading
NAUTILUS=>2021-06-09 20:57:26.603114: Completed data loading. Elapsed time: 0:00:32.733284
NAUTILUS=>2021-06-09 20:57:26.603132: Starting model selection
NAUTILUS=>2021-06-09 20:57:26.603146: Materializing training data
NAUTILUS=>2021-06-09 20:57:26.841574: Completed materializing training data. Elapsed time: 0:00:00.238428
NAUTILUS=>2021-06-09 20:57:26.841585: Generating intermediate features
NAUTILUS=>2021-06-09 20:57:35.429747: Completed generating intermediate features. Elapsed time: 0:00:08.588162
NAUTILUS=>2021-06-09 20:57:35.429765: Starting model training
NAUTILUS=>2021-06-09 20:58:45.525713: Completed model training. Elapsed time: 0:01:10.095948
NAUTILUS=>2021-06-09 20:58:45.525713: Cycle: 7, Model: 0, loss: [0.7340862154960632, 0.42118188738822937, 0.3082534670829773, 0.2226180136203766, 0.15814362466335297]
NAUTILUS=>2021-06-09 20:58:45.525713: Cycle: 7, Model: 0, accuracy: [0.7460080981254578, 0.8523034453392029, 0.892939031124115, 0.924029529094696, 0.950090765953064]
NAUTILUS=>2021-06-09 20:58:45.525713: Cycle: 7, Model: 0, val_loss: [0.2560446262359619, 0.21433155238628387, 0.1941623091697693, 0.21600322425365448, 0.20276086032390594]
NAUTILUS=>2021-06-09 20:58:45.525713: Cycle: 7, Model: 0, val_accuracy: [0.9072139859199524, 0.9245713353157043, 0.9359956383705139, 0.9306789040565491, 0.9349820613861084]
NAUTILUS=>2021-06-09 20:58:45.525757: Starting to generating the best model
NAUTILUS=>2021-06-09 20:58:51.215067: Completed generating the best model. Elapsed time: 0:00:05.689310
NAUTILUS=>2021-06-09 20:58:51.215067: Cycle: 7, Best Model: 0
NAUTILUS=>2021-06-09 20:58:51.215067: Cycle: 7, Best model loss: [0.7340862154960632, 0.42118188738822937, 0.3082534670829773, 0.2226180136203766, 0.15814362466335297]
NAUTILUS=>2021-06-09 20:58:51.215067: Cycle: 7, Best model accuracy: [0.7460080981254578, 0.8523034453392029, 0.892939031124115, 0.924029529094696, 0.950090765953064]
NAUTILUS=>2021-06-09 20:58:51.215067: Cycle: 7, Best model val_loss: [0.2560446262359619, 0.21433155238628387, 0.1941623091697693, 0.21600322425365448, 0.20276086032390594]
NAUTILUS=>2021-06-09 20:58:51.215067: Cycle: 7, Best model val_accuracy: [0.9072139859199524, 0.9245713353157043, 0.9359956383705139, 0.9306789040565491, 0.9349820613861084]
NAUTILUS=>2021-06-09 20:58:51.505146: Completed active learning cycle. Elapsed time: 0:01:24.902014
NAUTILUS=>2021-06-09 20:58:51.505163: ========> Active learning cycle: 8
NAUTILUS=>2021-06-09 20:58:51.505167: Starting data loading
NAUTILUS=>2021-06-09 20:59:27.711382: Completed data loading. Elapsed time: 0:00:36.206215
NAUTILUS=>2021-06-09 20:59:27.711400: Starting model selection
NAUTILUS=>2021-06-09 20:59:27.711414: Materializing training data
NAUTILUS=>2021-06-09 20:59:27.944786: Completed materializing training data. Elapsed time: 0:00:00.233372
NAUTILUS=>2021-06-09 20:59:27.944796: Generating intermediate features
NAUTILUS=>2021-06-09 20:59:36.545073: Completed generating intermediate features. Elapsed time: 0:00:08.600277
NAUTILUS=>2021-06-09 20:59:36.545092: Starting model training
NAUTILUS=>2021-06-09 21:00:55.580011: Completed model training. Elapsed time: 0:01:19.034919
NAUTILUS=>2021-06-09 21:00:55.580011: Cycle: 8, Model: 0, loss: [0.6567579507827759, 0.38282695412635803, 0.2899920642375946, 0.20767007768154144, 0.14230678975582123]
NAUTILUS=>2021-06-09 21:00:55.580011: Cycle: 8, Model: 0, accuracy: [0.7756319642066956, 0.8654646277427673, 0.8999650478363037, 0.9305307269096375, 0.953224241733551]
NAUTILUS=>2021-06-09 21:00:55.580011: Cycle: 8, Model: 0, val_loss: [0.24097532033920288, 0.22187593579292297, 0.18310655653476715, 0.18177592754364014, 0.18245172500610352]
NAUTILUS=>2021-06-09 21:00:55.580011: Cycle: 8, Model: 0, val_accuracy: [0.9107248187065125, 0.9216698408126831, 0.9353909492492676, 0.9376514554023743, 0.9441260695457458]
NAUTILUS=>2021-06-09 21:00:55.580053: Starting to generating the best model
NAUTILUS=>2021-06-09 21:01:01.325601: Completed generating the best model. Elapsed time: 0:00:05.745548
NAUTILUS=>2021-06-09 21:01:01.325601: Cycle: 8, Best Model: 0
NAUTILUS=>2021-06-09 21:01:01.325601: Cycle: 8, Best model loss: [0.6567579507827759, 0.38282695412635803, 0.2899920642375946, 0.20767007768154144, 0.14230678975582123]
NAUTILUS=>2021-06-09 21:01:01.325601: Cycle: 8, Best model accuracy: [0.7756319642066956, 0.8654646277427673, 0.8999650478363037, 0.9305307269096375, 0.953224241733551]
NAUTILUS=>2021-06-09 21:01:01.325601: Cycle: 8, Best model val_loss: [0.24097532033920288, 0.22187593579292297, 0.18310655653476715, 0.18177592754364014, 0.18245172500610352]
NAUTILUS=>2021-06-09 21:01:01.325601: Cycle: 8, Best model val_accuracy: [0.9107248187065125, 0.9216698408126831, 0.9353909492492676, 0.9376514554023743, 0.9441260695457458]
NAUTILUS=>2021-06-09 21:01:01.619642: Completed active learning cycle. Elapsed time: 0:01:33.908242
NAUTILUS=>2021-06-09 21:01:01.619701: ========> Active learning cycle: 9
NAUTILUS=>2021-06-09 21:01:01.619705: Starting data loading
NAUTILUS=>2021-06-09 21:01:30.837658: Completed data loading. Elapsed time: 0:00:29.217953
NAUTILUS=>2021-06-09 21:01:30.837675: Starting model selection
NAUTILUS=>2021-06-09 21:01:30.837689: Materializing training data
NAUTILUS=>2021-06-09 21:01:31.070261: Completed materializing training data. Elapsed time: 0:00:00.232572
NAUTILUS=>2021-06-09 21:01:31.070272: Generating intermediate features
NAUTILUS=>2021-06-09 21:01:39.720038: Completed generating intermediate features. Elapsed time: 0:00:08.649766
NAUTILUS=>2021-06-09 21:01:39.720057: Starting model training
NAUTILUS=>2021-06-09 21:03:07.457158: Completed model training. Elapsed time: 0:01:27.737101
NAUTILUS=>2021-06-09 21:03:07.457158: Cycle: 9, Model: 0, loss: [0.5889472961425781, 0.3558812141418457, 0.26445531845092773, 0.18725748360157013, 0.13367918133735657]
NAUTILUS=>2021-06-09 21:03:07.457158: Cycle: 9, Model: 0, accuracy: [0.7920458912849426, 0.8726814985275269, 0.9077006578445435, 0.9357054233551025, 0.9563336372375488]
NAUTILUS=>2021-06-09 21:03:07.457158: Cycle: 9, Model: 0, val_loss: [0.24600659310817719, 0.20427073538303375, 0.17562569677829742, 0.17115263640880585, 0.17111870646476746]
NAUTILUS=>2021-06-09 21:03:07.457158: Cycle: 9, Model: 0, val_accuracy: [0.9128468632698059, 0.926949143409729, 0.9391717910766602, 0.944021999835968, 0.9470220804214478]
NAUTILUS=>2021-06-09 21:03:07.457201: Starting to generating the best model
NAUTILUS=>2021-06-09 21:03:13.119183: Completed generating the best model. Elapsed time: 0:00:05.661982
NAUTILUS=>2021-06-09 21:03:13.119183: Cycle: 9, Best Model: 0
NAUTILUS=>2021-06-09 21:03:13.119183: Cycle: 9, Best model loss: [0.5889472961425781, 0.3558812141418457, 0.26445531845092773, 0.18725748360157013, 0.13367918133735657]
NAUTILUS=>2021-06-09 21:03:13.119183: Cycle: 9, Best model accuracy: [0.7920458912849426, 0.8726814985275269, 0.9077006578445435, 0.9357054233551025, 0.9563336372375488]
NAUTILUS=>2021-06-09 21:03:13.119183: Cycle: 9, Best model val_loss: [0.24600659310817719, 0.20427073538303375, 0.17562569677829742, 0.17115263640880585, 0.17111870646476746]
NAUTILUS=>2021-06-09 21:03:13.119183: Cycle: 9, Best model val_accuracy: [0.9128468632698059, 0.926949143409729, 0.9391717910766602, 0.944021999835968, 0.9470220804214478]
NAUTILUS=>2021-06-09 21:03:13.420838: Completed active learning cycle. Elapsed time: 0:01:42.583163
NAUTILUS=>2021-06-09 21:03:13.420855: ========> Active learning cycle: 10
NAUTILUS=>2021-06-09 21:03:13.420858: Starting data loading
NAUTILUS=>2021-06-09 21:03:45.495886: Completed data loading. Elapsed time: 0:00:32.075028
NAUTILUS=>2021-06-09 21:03:45.495904: Starting model selection
NAUTILUS=>2021-06-09 21:03:45.495918: Materializing training data
NAUTILUS=>2021-06-09 21:03:45.732081: Completed materializing training data. Elapsed time: 0:00:00.236163
NAUTILUS=>2021-06-09 21:03:45.732095: Generating intermediate features
NAUTILUS=>2021-06-09 21:03:54.323062: Completed generating intermediate features. Elapsed time: 0:00:08.590967
NAUTILUS=>2021-06-09 21:03:54.323081: Starting model training
NAUTILUS=>2021-06-09 21:05:29.423976: Completed model training. Elapsed time: 0:01:35.100895
NAUTILUS=>2021-06-09 21:05:29.423976: Cycle: 10, Model: 0, loss: [0.5511243939399719, 0.3129432499408722, 0.24107852578163147, 0.17038924992084503, 0.11776955425739288]
NAUTILUS=>2021-06-09 21:05:29.423976: Cycle: 10, Model: 0, accuracy: [0.8035507798194885, 0.8852791786193848, 0.9131742715835571, 0.9408158659934998, 0.9591569304466248]
NAUTILUS=>2021-06-09 21:05:29.423976: Cycle: 10, Model: 0, val_loss: [0.29213643074035645, 0.19499018788337708, 0.17628361284732819, 0.16775988042354584, 0.17057494819164276]
NAUTILUS=>2021-06-09 21:05:29.423976: Cycle: 10, Model: 0, val_accuracy: [0.8922758102416992, 0.9283753633499146, 0.94044429063797, 0.948796808719635, 0.9494147300720215]
NAUTILUS=>2021-06-09 21:05:29.424020: Starting to generating the best model
NAUTILUS=>2021-06-09 21:05:35.067238: Completed generating the best model. Elapsed time: 0:00:05.643218
NAUTILUS=>2021-06-09 21:05:35.067238: Cycle: 10, Best Model: 0
NAUTILUS=>2021-06-09 21:05:35.067238: Cycle: 10, Best model loss: [0.5511243939399719, 0.3129432499408722, 0.24107852578163147, 0.17038924992084503, 0.11776955425739288]
NAUTILUS=>2021-06-09 21:05:35.067238: Cycle: 10, Best model accuracy: [0.8035507798194885, 0.8852791786193848, 0.9131742715835571, 0.9408158659934998, 0.9591569304466248]
NAUTILUS=>2021-06-09 21:05:35.067238: Cycle: 10, Best model val_loss: [0.29213643074035645, 0.19499018788337708, 0.17628361284732819, 0.16775988042354584, 0.17057494819164276]
NAUTILUS=>2021-06-09 21:05:35.067238: Cycle: 10, Best model val_accuracy: [0.8922758102416992, 0.9283753633499146, 0.94044429063797, 0.948796808719635, 0.9494147300720215]
NAUTILUS=>2021-06-09 21:05:35.360139: Completed active learning cycle. Elapsed time: 0:01:49.864235
NAUTILUS=>2021-06-09 21:05:35.360156: Workload completed. Elapsed time: 0:18:19.996194
