NAUTILUS=>2021-06-10 02:31:19.864798: Starting workload
NAUTILUS=>2021-06-10 02:31:19.864798: RANDOM_SEED: 2020
NAUTILUS=>2021-06-10 02:31:19.864798: VERY_LARGE_VALUE: 1000000000000000.0
NAUTILUS=>2021-06-10 02:31:19.864798: NO_MAT_OPT: False
NAUTILUS=>2021-06-10 02:31:19.864798: MODE: ftr3-5
NAUTILUS=>2021-06-10 02:31:19.864798: STORAGE_PATH: ./storage
NAUTILUS=>2021-06-10 02:31:19.864798: NO_FUSE_OPT: False
NAUTILUS=>2021-06-10 02:31:19.864798: NUM_EPOCHS: 5
NAUTILUS=>2021-06-10 02:31:19.864798: MAX_NUM_RECORDS: 5000
NAUTILUS=>2021-06-10 02:31:19.864798: ACTIVE_LEARNING_BATCH_SIZE: 500
NAUTILUS=>2021-06-10 02:31:19.864798: VALID_FRACTION: 0.2
NAUTILUS=>2021-06-10 02:31:19.864798: SAMPLING_STRATERGY: uncertainty
NAUTILUS=>2021-06-10 02:31:19.864798: NO_PRETRAINING: False
NAUTILUS=>2021-06-10 02:31:19.864798: STORAGE_BUDGET: 25
NAUTILUS=>2021-06-10 02:31:19.864798: MEMORY_BUDGET: 10
NAUTILUS=>2021-06-10 02:31:19.864798: WORKSPACE_MEMORY: 1
NAUTILUS=>2021-06-10 02:31:19.864798: COMPUTE_THROUGHPUT: 6
NAUTILUS=>2021-06-10 02:31:19.864798: DISK_THROUGHPUT: 500
NAUTILUS=>2021-06-10 02:31:19.864798: SHUFFLE_BUFFER_SIZE: 10000
NAUTILUS=>2021-06-10 02:31:19.864846: Starting system initialization
NAUTILUS=>2021-06-10 02:31:20.656308: Starting model profiling
NAUTILUS=>2021-06-10 02:32:05.714443: Completed model profiling. Elapsed time: 0:00:45.058132
NAUTILUS=>2021-06-10 02:32:05.714443: Model parameters
NAUTILUS=>2021-06-10 02:32:05.714520: Generating optimized model selection plan
NAUTILUS=>2021-06-10 02:32:05.806217: Materialized layers candidates: tf_op_layer_strided_slice,tf_op_layer_Cast,tf_op_layer_Sub,tf_op_layer_Mul,layer_9
NAUTILUS=>2021-06-10 02:32:05.965499: Used materialized layers: layer_9
NAUTILUS=>2021-06-10 02:32:05.965499: Model training plan: {"2_3_4_0_1": {"models": ["2", "3", "4", "0", "1"], "output_layers": ["2/classifier", "3/classifier", "4/classifier", "0/classifier", "1/classifier"], "flops_consumption": 1180118001175000.0, "compute_flops": 1067471516800000.0, "load_flops": 112646484375000.0, "memory_consumption": 3.5715767592191696, "used_materialized_layers": ["layer_9"], "batch_size": 16, "num_epochs": [5, 5, 5, 5, 5], "flops_reduction": 252692865175000.0, "merged_models": ["2_3", "4_0_1"]}}
NAUTILUS=>2021-06-10 02:32:05.965613: Completed generating optimized model selection plan. Elapsed time: 0:00:00.251092
NAUTILUS=>2021-06-10 02:32:05.965619: Generating fused models
NAUTILUS=>2021-06-10 02:32:20.915325: Completed generating fused models. Elapsed time: 0:00:14.949705
NAUTILUS=>2021-06-10 02:32:20.915325: Current Practice FLOPs: 745690198400.0
NAUTILUS=>2021-06-10 02:32:20.915325: Optimal FLOPs: 185485027200.0
NAUTILUS=>2021-06-10 02:32:20.915325: Theoretical Speedup: 4.020217748335861
NAUTILUS=>2021-06-10 02:32:20.968918: Completed system initialization. Elapsed time: 0:01:01.104072
NAUTILUS=>2021-06-10 02:32:20.968941: ========> Active learning cycle: 1
NAUTILUS=>2021-06-10 02:32:20.968944: Starting data loading
NAUTILUS=>2021-06-10 02:32:36.563886: Completed data loading. Elapsed time: 0:00:15.594942
NAUTILUS=>2021-06-10 02:32:36.563911: Starting model selection
NAUTILUS=>2021-06-10 02:32:36.563929: Materializing training data
NAUTILUS=>2021-06-10 02:32:36.804524: Completed materializing training data. Elapsed time: 0:00:00.240595
NAUTILUS=>2021-06-10 02:32:36.804537: Generating intermediate features
NAUTILUS=>2021-06-10 02:32:45.398553: Completed generating intermediate features. Elapsed time: 0:00:08.594016
NAUTILUS=>2021-06-10 02:32:45.398571: Starting model training
NAUTILUS=>2021-06-10 02:33:20.136399: Completed model training. Elapsed time: 0:00:34.737828
NAUTILUS=>2021-06-10 02:33:20.136399: Cycle: 1, Model: 2, loss: [1.10059654712677, 0.4744577705860138, 0.3396696150302887, 0.2579960823059082, 0.2015160322189331]
NAUTILUS=>2021-06-10 02:33:20.136399: Cycle: 1, Model: 2, accuracy: [0.6883387565612793, 0.8442584276199341, 0.8858430981636047, 0.9036238193511963, 0.9335419535636902]
NAUTILUS=>2021-06-10 02:33:20.136399: Cycle: 1, Model: 2, val_loss: [0.6876410841941833, 0.472998708486557, 0.41176077723503113, 0.39722809195518494, 0.3804224133491516]
NAUTILUS=>2021-06-10 02:33:20.136399: Cycle: 1, Model: 2, val_accuracy: [0.7769367694854736, 0.828457236289978, 0.848990797996521, 0.8405357599258423, 0.8534486889839172]
NAUTILUS=>2021-06-10 02:33:20.136399: Cycle: 1, Model: 3, loss: [1.230085849761963, 0.5972630381584167, 0.42791739106178284, 0.3265362083911896, 0.26702556014060974]
NAUTILUS=>2021-06-10 02:33:20.136399: Cycle: 1, Model: 3, accuracy: [0.6550421118736267, 0.8016746044158936, 0.8581827282905579, 0.8822500109672546, 0.9073532819747925]
NAUTILUS=>2021-06-10 02:33:20.136399: Cycle: 1, Model: 3, val_loss: [0.7879536151885986, 0.5699779391288757, 0.4662770926952362, 0.4216022193431854, 0.40840330719947815]
NAUTILUS=>2021-06-10 02:33:20.136399: Cycle: 1, Model: 3, val_accuracy: [0.7376022934913635, 0.8131635785102844, 0.8351553082466125, 0.8348590135574341, 0.8504737615585327]
NAUTILUS=>2021-06-10 02:33:20.136399: Cycle: 1, Model: 4, loss: [1.4442538022994995, 0.7571902275085449, 0.575131356716156, 0.4598168432712555, 0.396043598651886]
NAUTILUS=>2021-06-10 02:33:20.136399: Cycle: 1, Model: 4, accuracy: [0.5854167342185974, 0.7638876438140869, 0.815849244594574, 0.8443979620933533, 0.868113100528717]
NAUTILUS=>2021-06-10 02:33:20.136399: Cycle: 1, Model: 4, val_loss: [0.9263855218887329, 0.6977770328521729, 0.5863044857978821, 0.5179455280303955, 0.4833431541919708]
NAUTILUS=>2021-06-10 02:33:20.136399: Cycle: 1, Model: 4, val_accuracy: [0.7198834419250488, 0.7680156826972961, 0.8010299205780029, 0.8242951035499573, 0.8330217003822327]
NAUTILUS=>2021-06-10 02:33:20.136399: Cycle: 1, Model: 0, loss: [0.828880786895752, 0.2970869541168213, 0.1905224770307541, 0.12513618171215057, 0.08048418164253235]
NAUTILUS=>2021-06-10 02:33:20.136399: Cycle: 1, Model: 0, accuracy: [0.7468414902687073, 0.8900124430656433, 0.9346765279769897, 0.9563759565353394, 0.9700300097465515]
NAUTILUS=>2021-06-10 02:33:20.136399: Cycle: 1, Model: 0, val_loss: [0.4639214277267456, 0.41468510031700134, 0.35327717661857605, 0.3933575451374054, 0.37415385246276855]
NAUTILUS=>2021-06-10 02:33:20.136399: Cycle: 1, Model: 0, val_accuracy: [0.8359349966049194, 0.8561877608299255, 0.8714163899421692, 0.8704221248626709, 0.8852939605712891]
NAUTILUS=>2021-06-10 02:33:20.136399: Cycle: 1, Model: 1, loss: [1.004594087600708, 0.4065803289413452, 0.28088250756263733, 0.1944686472415924, 0.1432686597108841]
NAUTILUS=>2021-06-10 02:33:20.136399: Cycle: 1, Model: 1, accuracy: [0.7063083052635193, 0.8641493320465088, 0.9058865904808044, 0.9262921214103699, 0.9485536217689514]
NAUTILUS=>2021-06-10 02:33:20.136399: Cycle: 1, Model: 1, val_loss: [0.5762648582458496, 0.4119472801685333, 0.3756779432296753, 0.36078959703445435, 0.3656114339828491]
NAUTILUS=>2021-06-10 02:33:20.136399: Cycle: 1, Model: 1, val_accuracy: [0.8098840117454529, 0.8507524728775024, 0.8563680052757263, 0.869193971157074, 0.8720411062240601]
NAUTILUS=>2021-06-10 02:33:20.136514: Starting to generating the best model
NAUTILUS=>2021-06-10 02:33:26.515914: Completed generating the best model. Elapsed time: 0:00:06.379400
NAUTILUS=>2021-06-10 02:33:26.515914: Cycle: 1, Best Model: 0
NAUTILUS=>2021-06-10 02:33:26.515914: Cycle: 1, Best model loss: [0.828880786895752, 0.2970869541168213, 0.1905224770307541, 0.12513618171215057, 0.08048418164253235]
NAUTILUS=>2021-06-10 02:33:26.515914: Cycle: 1, Best model accuracy: [0.7468414902687073, 0.8900124430656433, 0.9346765279769897, 0.9563759565353394, 0.9700300097465515]
NAUTILUS=>2021-06-10 02:33:26.515914: Cycle: 1, Best model val_loss: [0.4639214277267456, 0.41468510031700134, 0.35327717661857605, 0.3933575451374054, 0.37415385246276855]
NAUTILUS=>2021-06-10 02:33:26.515914: Cycle: 1, Best model val_accuracy: [0.8359349966049194, 0.8561877608299255, 0.8714163899421692, 0.8704221248626709, 0.8852939605712891]
NAUTILUS=>2021-06-10 02:33:26.805202: Completed active learning cycle. Elapsed time: 0:00:50.241291
NAUTILUS=>2021-06-10 02:33:26.805219: ========> Active learning cycle: 2
NAUTILUS=>2021-06-10 02:33:26.805223: Starting data loading
NAUTILUS=>2021-06-10 02:34:15.469575: Completed data loading. Elapsed time: 0:00:48.664352
NAUTILUS=>2021-06-10 02:34:15.469592: Starting model selection
NAUTILUS=>2021-06-10 02:34:15.469609: Materializing training data
NAUTILUS=>2021-06-10 02:34:15.696244: Completed materializing training data. Elapsed time: 0:00:00.226635
NAUTILUS=>2021-06-10 02:34:15.696255: Generating intermediate features
NAUTILUS=>2021-06-10 02:34:24.330630: Completed generating intermediate features. Elapsed time: 0:00:08.634375
NAUTILUS=>2021-06-10 02:34:24.330648: Starting model training
NAUTILUS=>2021-06-10 02:35:17.889996: Completed model training. Elapsed time: 0:00:53.559348
NAUTILUS=>2021-06-10 02:35:17.889996: Cycle: 2, Model: 2, loss: [1.1710573434829712, 0.5940358638763428, 0.4166698455810547, 0.3269309103488922, 0.24684353172779083]
NAUTILUS=>2021-06-10 02:35:17.889996: Cycle: 2, Model: 2, accuracy: [0.5746650695800781, 0.7590763568878174, 0.8437793850898743, 0.8772196769714355, 0.906093418598175]
NAUTILUS=>2021-06-10 02:35:17.889996: Cycle: 2, Model: 2, val_loss: [0.5098970532417297, 0.384104460477829, 0.3192782700061798, 0.3005669414997101, 0.2799473702907562]
NAUTILUS=>2021-06-10 02:35:17.889996: Cycle: 2, Model: 2, val_accuracy: [0.8162043690681458, 0.8690874576568604, 0.8832870721817017, 0.9080027937889099, 0.9080075621604919]
NAUTILUS=>2021-06-10 02:35:17.889996: Cycle: 2, Model: 3, loss: [1.2702641487121582, 0.6870141625404358, 0.504310667514801, 0.41127339005470276, 0.33217594027519226]
NAUTILUS=>2021-06-10 02:35:17.889996: Cycle: 2, Model: 3, accuracy: [0.5490967035293579, 0.7168906927108765, 0.8053242564201355, 0.8456637859344482, 0.8711362481117249]
NAUTILUS=>2021-06-10 02:35:17.889996: Cycle: 2, Model: 3, val_loss: [0.5931740403175354, 0.4284386932849884, 0.36116084456443787, 0.3322778344154358, 0.3065924346446991]
NAUTILUS=>2021-06-10 02:35:17.889996: Cycle: 2, Model: 3, val_accuracy: [0.7932661175727844, 0.8485016822814941, 0.8722827434539795, 0.8984524011611938, 0.9016739726066589]
NAUTILUS=>2021-06-10 02:35:17.889996: Cycle: 2, Model: 4, loss: [1.4514527320861816, 0.8877493143081665, 0.7038900256156921, 0.5856075882911682, 0.4960341155529022]
NAUTILUS=>2021-06-10 02:35:17.889996: Cycle: 2, Model: 4, accuracy: [0.5097699165344238, 0.6348280906677246, 0.7065922021865845, 0.7642958164215088, 0.8128173351287842]
NAUTILUS=>2021-06-10 02:35:17.889996: Cycle: 2, Model: 4, val_loss: [0.7447060346603394, 0.5573972463607788, 0.4715611934661865, 0.41560646891593933, 0.38184329867362976]
NAUTILUS=>2021-06-10 02:35:17.889996: Cycle: 2, Model: 4, val_accuracy: [0.7591143250465393, 0.8084850311279297, 0.8386863470077515, 0.8604696393013, 0.8773206472396851]
NAUTILUS=>2021-06-10 02:35:17.889996: Cycle: 2, Model: 0, loss: [0.9820089936256409, 0.42822322249412537, 0.274488627910614, 0.19114269316196442, 0.12522201240062714]
NAUTILUS=>2021-06-10 02:35:17.889996: Cycle: 2, Model: 0, accuracy: [0.6411345601081848, 0.8296785950660706, 0.8881787657737732, 0.9303540587425232, 0.9543465375900269]
NAUTILUS=>2021-06-10 02:35:17.889996: Cycle: 2, Model: 0, val_loss: [0.3782179355621338, 0.34705260396003723, 0.2961651086807251, 0.28355544805526733, 0.3051360845565796]
NAUTILUS=>2021-06-10 02:35:17.889996: Cycle: 2, Model: 0, val_accuracy: [0.8639460802078247, 0.8841715455055237, 0.9048786163330078, 0.9142364263534546, 0.9139883518218994]
NAUTILUS=>2021-06-10 02:35:17.889996: Cycle: 2, Model: 1, loss: [1.031630516052246, 0.49598366022109985, 0.33836865425109863, 0.2519090175628662, 0.17347872257232666]
NAUTILUS=>2021-06-10 02:35:17.889996: Cycle: 2, Model: 1, accuracy: [0.6214208006858826, 0.8046935200691223, 0.8720493316650391, 0.9077181816101074, 0.9331250190734863]
NAUTILUS=>2021-06-10 02:35:17.889996: Cycle: 2, Model: 1, val_loss: [0.4488494098186493, 0.3552568852901459, 0.2943028211593628, 0.2883754372596741, 0.27607962489128113]
NAUTILUS=>2021-06-10 02:35:17.889996: Cycle: 2, Model: 1, val_accuracy: [0.8425663709640503, 0.8833434581756592, 0.8984968066215515, 0.9134674668312073, 0.9148668646812439]
NAUTILUS=>2021-06-10 02:35:17.890109: Starting to generating the best model
NAUTILUS=>2021-06-10 02:35:24.287681: Completed generating the best model. Elapsed time: 0:00:06.397572
NAUTILUS=>2021-06-10 02:35:24.287681: Cycle: 2, Best Model: 1
NAUTILUS=>2021-06-10 02:35:24.287681: Cycle: 2, Best model loss: [1.031630516052246, 0.49598366022109985, 0.33836865425109863, 0.2519090175628662, 0.17347872257232666]
NAUTILUS=>2021-06-10 02:35:24.287681: Cycle: 2, Best model accuracy: [0.6214208006858826, 0.8046935200691223, 0.8720493316650391, 0.9077181816101074, 0.9331250190734863]
NAUTILUS=>2021-06-10 02:35:24.287681: Cycle: 2, Best model val_loss: [0.4488494098186493, 0.3552568852901459, 0.2943028211593628, 0.2883754372596741, 0.27607962489128113]
NAUTILUS=>2021-06-10 02:35:24.287681: Cycle: 2, Best model val_accuracy: [0.8425663709640503, 0.8833434581756592, 0.8984968066215515, 0.9134674668312073, 0.9148668646812439]
NAUTILUS=>2021-06-10 02:35:24.576186: Completed active learning cycle. Elapsed time: 0:01:09.106594
NAUTILUS=>2021-06-10 02:35:24.576203: ========> Active learning cycle: 3
NAUTILUS=>2021-06-10 02:35:24.576207: Starting data loading
NAUTILUS=>2021-06-10 02:36:04.323038: Completed data loading. Elapsed time: 0:00:39.746831
NAUTILUS=>2021-06-10 02:36:04.323056: Starting model selection
NAUTILUS=>2021-06-10 02:36:04.323073: Materializing training data
NAUTILUS=>2021-06-10 02:36:04.549333: Completed materializing training data. Elapsed time: 0:00:00.226260
NAUTILUS=>2021-06-10 02:36:04.549346: Generating intermediate features
NAUTILUS=>2021-06-10 02:36:13.159982: Completed generating intermediate features. Elapsed time: 0:00:08.610636
NAUTILUS=>2021-06-10 02:36:13.160001: Starting model training
NAUTILUS=>2021-06-10 02:37:25.572155: Completed model training. Elapsed time: 0:01:12.412154
NAUTILUS=>2021-06-10 02:37:25.572155: Cycle: 3, Model: 2, loss: [1.1734111309051514, 0.6405545473098755, 0.4942150413990021, 0.40278419852256775, 0.3289356529712677]
NAUTILUS=>2021-06-10 02:37:25.572155: Cycle: 3, Model: 2, accuracy: [0.580635666847229, 0.7494320273399353, 0.8104904890060425, 0.8541501760482788, 0.8839531540870667]
NAUTILUS=>2021-06-10 02:37:25.572155: Cycle: 3, Model: 2, val_loss: [0.47131678462028503, 0.35854095220565796, 0.3004438579082489, 0.27271783351898193, 0.26489606499671936]
NAUTILUS=>2021-06-10 02:37:25.572155: Cycle: 3, Model: 2, val_accuracy: [0.8249059915542603, 0.8742010593414307, 0.8958098292350769, 0.9077868461608887, 0.9134292602539062]
NAUTILUS=>2021-06-10 02:37:25.572155: Cycle: 3, Model: 3, loss: [1.2739770412445068, 0.7285146713256836, 0.5687881708145142, 0.47349512577056885, 0.3920932114124298]
NAUTILUS=>2021-06-10 02:37:25.572155: Cycle: 3, Model: 3, accuracy: [0.5530614256858826, 0.7097641825675964, 0.7803652286529541, 0.82074373960495, 0.8602864742279053]
NAUTILUS=>2021-06-10 02:37:25.572155: Cycle: 3, Model: 3, val_loss: [0.5316216349601746, 0.38841527700424194, 0.3417527675628662, 0.3005862534046173, 0.28646865487098694]
NAUTILUS=>2021-06-10 02:37:25.572155: Cycle: 3, Model: 3, val_accuracy: [0.8050476908683777, 0.8711074590682983, 0.8834086060523987, 0.8952108025550842, 0.9024705290794373]
NAUTILUS=>2021-06-10 02:37:25.572155: Cycle: 3, Model: 4, loss: [1.472325086593628, 0.9112445116043091, 0.7331180572509766, 0.6215204000473022, 0.5372510552406311]
NAUTILUS=>2021-06-10 02:37:25.572155: Cycle: 3, Model: 4, accuracy: [0.5054358243942261, 0.6356805562973022, 0.7062159776687622, 0.7632047533988953, 0.7958250641822815]
NAUTILUS=>2021-06-10 02:37:25.572155: Cycle: 3, Model: 4, val_loss: [0.6747691035270691, 0.5067815184593201, 0.4184145927429199, 0.37616926431655884, 0.34029093384742737]
NAUTILUS=>2021-06-10 02:37:25.572155: Cycle: 3, Model: 4, val_accuracy: [0.7709658145904541, 0.8268039226531982, 0.8575853705406189, 0.8713998198509216, 0.8867407441139221]
NAUTILUS=>2021-06-10 02:37:25.572155: Cycle: 3, Model: 0, loss: [1.0503240823745728, 0.5038192272186279, 0.34329548478126526, 0.27409422397613525, 0.18432030081748962]
NAUTILUS=>2021-06-10 02:37:25.572155: Cycle: 3, Model: 0, accuracy: [0.6394216418266296, 0.8110025525093079, 0.8757426142692566, 0.9025945067405701, 0.9401528835296631]
NAUTILUS=>2021-06-10 02:37:25.572155: Cycle: 3, Model: 0, val_loss: [0.36566832661628723, 0.2560340464115143, 0.27582311630249023, 0.31012749671936035, 0.2955993115901947]
NAUTILUS=>2021-06-10 02:37:25.572155: Cycle: 3, Model: 0, val_accuracy: [0.8686020970344543, 0.9100136160850525, 0.9169734716415405, 0.9171760082244873, 0.9122934937477112]
NAUTILUS=>2021-06-10 02:37:25.572155: Cycle: 3, Model: 1, loss: [1.0786219835281372, 0.5533128380775452, 0.41141536831855774, 0.3229483664035797, 0.24406537413597107]
NAUTILUS=>2021-06-10 02:37:25.572155: Cycle: 3, Model: 1, accuracy: [0.6122634410858154, 0.7813418507575989, 0.846768319606781, 0.8865628838539124, 0.9208267331123352]
NAUTILUS=>2021-06-10 02:37:25.572155: Cycle: 3, Model: 1, val_loss: [0.38938483595848083, 0.3041931986808777, 0.2628311812877655, 0.27452102303504944, 0.25541338324546814]
NAUTILUS=>2021-06-10 02:37:25.572155: Cycle: 3, Model: 1, val_accuracy: [0.8718843460083008, 0.8965688347816467, 0.9098889231681824, 0.9124472141265869, 0.9129377007484436]
NAUTILUS=>2021-06-10 02:37:25.572267: Starting to generating the best model
NAUTILUS=>2021-06-10 02:37:32.003728: Completed generating the best model. Elapsed time: 0:00:06.431461
NAUTILUS=>2021-06-10 02:37:32.003728: Cycle: 3, Best Model: 2
NAUTILUS=>2021-06-10 02:37:32.003728: Cycle: 3, Best model loss: [1.1734111309051514, 0.6405545473098755, 0.4942150413990021, 0.40278419852256775, 0.3289356529712677]
NAUTILUS=>2021-06-10 02:37:32.003728: Cycle: 3, Best model accuracy: [0.580635666847229, 0.7494320273399353, 0.8104904890060425, 0.8541501760482788, 0.8839531540870667]
NAUTILUS=>2021-06-10 02:37:32.003728: Cycle: 3, Best model val_loss: [0.47131678462028503, 0.35854095220565796, 0.3004438579082489, 0.27271783351898193, 0.26489606499671936]
NAUTILUS=>2021-06-10 02:37:32.003728: Cycle: 3, Best model val_accuracy: [0.8249059915542603, 0.8742010593414307, 0.8958098292350769, 0.9077868461608887, 0.9134292602539062]
NAUTILUS=>2021-06-10 02:37:32.292419: Completed active learning cycle. Elapsed time: 0:01:27.969363
NAUTILUS=>2021-06-10 02:37:32.292449: ========> Active learning cycle: 4
NAUTILUS=>2021-06-10 02:37:32.292453: Starting data loading
NAUTILUS=>2021-06-10 02:38:17.081630: Completed data loading. Elapsed time: 0:00:44.789177
NAUTILUS=>2021-06-10 02:38:17.081647: Starting model selection
NAUTILUS=>2021-06-10 02:38:17.081665: Materializing training data
NAUTILUS=>2021-06-10 02:38:17.313665: Completed materializing training data. Elapsed time: 0:00:00.232000
NAUTILUS=>2021-06-10 02:38:17.313679: Generating intermediate features
NAUTILUS=>2021-06-10 02:38:25.972708: Completed generating intermediate features. Elapsed time: 0:00:08.659029
NAUTILUS=>2021-06-10 02:38:25.972725: Starting model training
NAUTILUS=>2021-06-10 02:39:56.968805: Completed model training. Elapsed time: 0:01:30.996080
NAUTILUS=>2021-06-10 02:39:56.968805: Cycle: 4, Model: 2, loss: [1.088930368423462, 0.6305785179138184, 0.4959678649902344, 0.4107177257537842, 0.34650394320487976]
NAUTILUS=>2021-06-10 02:39:56.968805: Cycle: 4, Model: 2, accuracy: [0.6281378269195557, 0.7715151309967041, 0.8276664614677429, 0.8608231544494629, 0.8871836066246033]
NAUTILUS=>2021-06-10 02:39:56.968805: Cycle: 4, Model: 2, val_loss: [0.4040851593017578, 0.29758158326148987, 0.2775493860244751, 0.24165938794612885, 0.24623626470565796]
NAUTILUS=>2021-06-10 02:39:56.968805: Cycle: 4, Model: 2, val_accuracy: [0.8620694875717163, 0.8995107412338257, 0.9048641324043274, 0.917738676071167, 0.9149627685546875]
NAUTILUS=>2021-06-10 02:39:56.968805: Cycle: 4, Model: 3, loss: [1.157570242881775, 0.7072559595108032, 0.5625317692756653, 0.4762426018714905, 0.40739184617996216]
NAUTILUS=>2021-06-10 02:39:56.968805: Cycle: 4, Model: 3, accuracy: [0.5996688008308411, 0.7423927187919617, 0.8035558462142944, 0.833922803401947, 0.8620312213897705]
NAUTILUS=>2021-06-10 02:39:56.968805: Cycle: 4, Model: 3, val_loss: [0.45948418974876404, 0.34411075711250305, 0.30147141218185425, 0.2650787830352783, 0.2584414780139923]
NAUTILUS=>2021-06-10 02:39:56.968805: Cycle: 4, Model: 3, val_accuracy: [0.8350563049316406, 0.8728525042533875, 0.8964491486549377, 0.9098873138427734, 0.9113976359367371]
NAUTILUS=>2021-06-10 02:39:56.968805: Cycle: 4, Model: 4, loss: [1.3454225063323975, 0.8739071488380432, 0.7182663083076477, 0.6176024079322815, 0.5488802194595337]
NAUTILUS=>2021-06-10 02:39:56.968805: Cycle: 4, Model: 4, accuracy: [0.5440038442611694, 0.6713788509368896, 0.7311091423034668, 0.7757835388183594, 0.8040665984153748]
NAUTILUS=>2021-06-10 02:39:56.968805: Cycle: 4, Model: 4, val_loss: [0.5900522470474243, 0.44375622272491455, 0.37626031041145325, 0.34677886962890625, 0.3064459264278412]
NAUTILUS=>2021-06-10 02:39:56.968805: Cycle: 4, Model: 4, val_accuracy: [0.7976731061935425, 0.8407654762268066, 0.8682580590248108, 0.8782362937927246, 0.8947235345840454]
NAUTILUS=>2021-06-10 02:39:56.968805: Cycle: 4, Model: 0, loss: [1.0007450580596924, 0.5386736392974854, 0.38935208320617676, 0.28623175621032715, 0.19687120616436005]
NAUTILUS=>2021-06-10 02:39:56.968805: Cycle: 4, Model: 0, accuracy: [0.6615559458732605, 0.813633143901825, 0.8663817048072815, 0.9032334089279175, 0.9374695420265198]
NAUTILUS=>2021-06-10 02:39:56.968805: Cycle: 4, Model: 0, val_loss: [0.35358813405036926, 0.28872406482696533, 0.26977840065956116, 0.24321213364601135, 0.245539590716362]
NAUTILUS=>2021-06-10 02:39:56.968805: Cycle: 4, Model: 0, val_accuracy: [0.8783340454101562, 0.8984920382499695, 0.906108021736145, 0.9223610758781433, 0.9265408515930176]
NAUTILUS=>2021-06-10 02:39:56.968805: Cycle: 4, Model: 1, loss: [1.0142468214035034, 0.5698196291923523, 0.43418458104133606, 0.35259079933166504, 0.2743302285671234]
NAUTILUS=>2021-06-10 02:39:56.968805: Cycle: 4, Model: 1, accuracy: [0.6520774960517883, 0.7998597025871277, 0.8527160882949829, 0.8819565773010254, 0.9148235321044922]
NAUTILUS=>2021-06-10 02:39:56.968805: Cycle: 4, Model: 1, val_loss: [0.35799354314804077, 0.2813897430896759, 0.24565917253494263, 0.23920086026191711, 0.23523734509944916]
NAUTILUS=>2021-06-10 02:39:56.968805: Cycle: 4, Model: 1, val_accuracy: [0.883351743221283, 0.8983660340309143, 0.9147924184799194, 0.9203234314918518, 0.9223295450210571]
NAUTILUS=>2021-06-10 02:39:56.968917: Starting to generating the best model
NAUTILUS=>2021-06-10 02:40:03.330997: Completed generating the best model. Elapsed time: 0:00:06.362080
NAUTILUS=>2021-06-10 02:40:03.330997: Cycle: 4, Best Model: 0
NAUTILUS=>2021-06-10 02:40:03.330997: Cycle: 4, Best model loss: [1.0007450580596924, 0.5386736392974854, 0.38935208320617676, 0.28623175621032715, 0.19687120616436005]
NAUTILUS=>2021-06-10 02:40:03.330997: Cycle: 4, Best model accuracy: [0.6615559458732605, 0.813633143901825, 0.8663817048072815, 0.9032334089279175, 0.9374695420265198]
NAUTILUS=>2021-06-10 02:40:03.330997: Cycle: 4, Best model val_loss: [0.35358813405036926, 0.28872406482696533, 0.26977840065956116, 0.24321213364601135, 0.245539590716362]
NAUTILUS=>2021-06-10 02:40:03.330997: Cycle: 4, Best model val_accuracy: [0.8783340454101562, 0.8984920382499695, 0.906108021736145, 0.9223610758781433, 0.9265408515930176]
NAUTILUS=>2021-06-10 02:40:03.618050: Completed active learning cycle. Elapsed time: 0:01:46.536403
NAUTILUS=>2021-06-10 02:40:03.618067: ========> Active learning cycle: 5
NAUTILUS=>2021-06-10 02:40:03.618071: Starting data loading
NAUTILUS=>2021-06-10 02:40:39.815183: Completed data loading. Elapsed time: 0:00:36.197112
NAUTILUS=>2021-06-10 02:40:39.815199: Starting model selection
NAUTILUS=>2021-06-10 02:40:39.815216: Materializing training data
NAUTILUS=>2021-06-10 02:40:40.047160: Completed materializing training data. Elapsed time: 0:00:00.231944
NAUTILUS=>2021-06-10 02:40:40.047171: Generating intermediate features
NAUTILUS=>2021-06-10 02:40:48.640386: Completed generating intermediate features. Elapsed time: 0:00:08.593215
NAUTILUS=>2021-06-10 02:40:48.640404: Starting model training
NAUTILUS=>2021-06-10 02:42:41.809014: Completed model training. Elapsed time: 0:01:53.168610
NAUTILUS=>2021-06-10 02:42:41.809014: Cycle: 5, Model: 2, loss: [0.9871426224708557, 0.5766896605491638, 0.45632660388946533, 0.37810710072517395, 0.32490047812461853]
NAUTILUS=>2021-06-10 02:42:41.809014: Cycle: 5, Model: 2, accuracy: [0.6508467197418213, 0.7911696434020996, 0.8388306498527527, 0.8714576959609985, 0.893989622592926]
NAUTILUS=>2021-06-10 02:42:41.809014: Cycle: 5, Model: 2, val_loss: [0.36145877838134766, 0.28238633275032043, 0.248015895485878, 0.22655874490737915, 0.21870160102844238]
NAUTILUS=>2021-06-10 02:42:41.809014: Cycle: 5, Model: 2, val_accuracy: [0.8718570470809937, 0.9073320031166077, 0.9183659553527832, 0.9207580089569092, 0.9231885671615601]
NAUTILUS=>2021-06-10 02:42:41.809014: Cycle: 5, Model: 3, loss: [1.0761611461639404, 0.6479772925376892, 0.5219250917434692, 0.4377794861793518, 0.38239797949790955]
NAUTILUS=>2021-06-10 02:42:41.809014: Cycle: 5, Model: 3, accuracy: [0.6204816102981567, 0.7633841037750244, 0.8116997480392456, 0.8473471403121948, 0.8717269897460938]
NAUTILUS=>2021-06-10 02:42:41.809014: Cycle: 5, Model: 3, val_loss: [0.4186553359031677, 0.3157375752925873, 0.27084529399871826, 0.24474231898784637, 0.23244574666023254]
NAUTILUS=>2021-06-10 02:42:41.809014: Cycle: 5, Model: 3, val_accuracy: [0.8494088649749756, 0.8946815729141235, 0.9061723351478577, 0.917978823184967, 0.9197957515716553]
NAUTILUS=>2021-06-10 02:42:41.809014: Cycle: 5, Model: 4, loss: [1.2357624769210815, 0.7958910465240479, 0.6439173817634583, 0.5554219484329224, 0.4941427409648895]
NAUTILUS=>2021-06-10 02:42:41.809014: Cycle: 5, Model: 4, accuracy: [0.5745130181312561, 0.7015500068664551, 0.7596748471260071, 0.7991726398468018, 0.8284165859222412]
NAUTILUS=>2021-06-10 02:42:41.809014: Cycle: 5, Model: 4, val_loss: [0.5611566305160522, 0.4009929895401001, 0.337686151266098, 0.29787594079971313, 0.27466508746147156]
NAUTILUS=>2021-06-10 02:42:41.809014: Cycle: 5, Model: 4, val_accuracy: [0.8082491159439087, 0.858737587928772, 0.8851794004440308, 0.8972901701927185, 0.9067664742469788]
NAUTILUS=>2021-06-10 02:42:41.809014: Cycle: 5, Model: 0, loss: [0.8848877549171448, 0.48879095911979675, 0.3627718687057495, 0.27218595147132874, 0.2061728984117508]
NAUTILUS=>2021-06-10 02:42:41.809014: Cycle: 5, Model: 0, accuracy: [0.697338879108429, 0.8288840651512146, 0.8729316592216492, 0.9055098295211792, 0.9343339800834656]
NAUTILUS=>2021-06-10 02:42:41.809014: Cycle: 5, Model: 0, val_loss: [0.31290188431739807, 0.25376373529434204, 0.23948748409748077, 0.22341026365756989, 0.2342166155576706]
NAUTILUS=>2021-06-10 02:42:41.809014: Cycle: 5, Model: 0, val_accuracy: [0.8828927874565125, 0.9140087366104126, 0.920835554599762, 0.9284613132476807, 0.9284204244613647]
NAUTILUS=>2021-06-10 02:42:41.809014: Cycle: 5, Model: 1, loss: [0.931462824344635, 0.5267236828804016, 0.4058168828487396, 0.32352131605148315, 0.26926353573799133]
NAUTILUS=>2021-06-10 02:42:41.809014: Cycle: 5, Model: 1, accuracy: [0.6760247945785522, 0.812559962272644, 0.8585521578788757, 0.890867292881012, 0.913202166557312]
NAUTILUS=>2021-06-10 02:42:41.809014: Cycle: 5, Model: 1, val_loss: [0.3221791088581085, 0.256032258272171, 0.23639312386512756, 0.21526898443698883, 0.21449017524719238]
NAUTILUS=>2021-06-10 02:42:41.809014: Cycle: 5, Model: 1, val_accuracy: [0.8834271430969238, 0.9131736159324646, 0.9191558361053467, 0.9234687685966492, 0.927733838558197]
NAUTILUS=>2021-06-10 02:42:41.809125: Starting to generating the best model
NAUTILUS=>2021-06-10 02:42:48.183308: Completed generating the best model. Elapsed time: 0:00:06.374183
NAUTILUS=>2021-06-10 02:42:48.183308: Cycle: 5, Best Model: 0
NAUTILUS=>2021-06-10 02:42:48.183308: Cycle: 5, Best model loss: [0.8848877549171448, 0.48879095911979675, 0.3627718687057495, 0.27218595147132874, 0.2061728984117508]
NAUTILUS=>2021-06-10 02:42:48.183308: Cycle: 5, Best model accuracy: [0.697338879108429, 0.8288840651512146, 0.8729316592216492, 0.9055098295211792, 0.9343339800834656]
NAUTILUS=>2021-06-10 02:42:48.183308: Cycle: 5, Best model val_loss: [0.31290188431739807, 0.25376373529434204, 0.23948748409748077, 0.22341026365756989, 0.2342166155576706]
NAUTILUS=>2021-06-10 02:42:48.183308: Cycle: 5, Best model val_accuracy: [0.8828927874565125, 0.9140087366104126, 0.920835554599762, 0.9284613132476807, 0.9284204244613647]
NAUTILUS=>2021-06-10 02:42:48.479242: Completed active learning cycle. Elapsed time: 0:02:08.664043
NAUTILUS=>2021-06-10 02:42:48.479259: ========> Active learning cycle: 6
NAUTILUS=>2021-06-10 02:42:48.479263: Starting data loading
NAUTILUS=>2021-06-10 02:43:28.937869: Completed data loading. Elapsed time: 0:00:40.458606
NAUTILUS=>2021-06-10 02:43:28.937886: Starting model selection
NAUTILUS=>2021-06-10 02:43:28.937903: Materializing training data
NAUTILUS=>2021-06-10 02:43:29.169908: Completed materializing training data. Elapsed time: 0:00:00.232005
NAUTILUS=>2021-06-10 02:43:29.169920: Generating intermediate features
NAUTILUS=>2021-06-10 02:43:37.786996: Completed generating intermediate features. Elapsed time: 0:00:08.617076
NAUTILUS=>2021-06-10 02:43:37.787015: Starting model training
NAUTILUS=>2021-06-10 02:45:45.911871: Completed model training. Elapsed time: 0:02:08.124856
NAUTILUS=>2021-06-10 02:45:45.911871: Cycle: 6, Model: 2, loss: [0.9092757105827332, 0.5189526081085205, 0.4161206781864166, 0.3496977388858795, 0.29382455348968506]
NAUTILUS=>2021-06-10 02:45:45.911871: Cycle: 6, Model: 2, accuracy: [0.6852362751960754, 0.812177836894989, 0.8538153171539307, 0.8777304291725159, 0.9018327593803406]
NAUTILUS=>2021-06-10 02:45:45.911871: Cycle: 6, Model: 2, val_loss: [0.32845261693000793, 0.24888017773628235, 0.24481920897960663, 0.21270668506622314, 0.20942085981369019]
NAUTILUS=>2021-06-10 02:45:45.911871: Cycle: 6, Model: 2, val_accuracy: [0.8854814767837524, 0.910447895526886, 0.9182192087173462, 0.921463131904602, 0.9271588325500488]
NAUTILUS=>2021-06-10 02:45:45.911871: Cycle: 6, Model: 3, loss: [0.9810857176780701, 0.5713313817977905, 0.4611489772796631, 0.3968106210231781, 0.3476355969905853]
NAUTILUS=>2021-06-10 02:45:45.911871: Cycle: 6, Model: 3, accuracy: [0.6607526540756226, 0.791071355342865, 0.8353023529052734, 0.8588053584098816, 0.880813479423523]
NAUTILUS=>2021-06-10 02:45:45.911871: Cycle: 6, Model: 3, val_loss: [0.3630073666572571, 0.274152010679245, 0.26672157645225525, 0.22495637834072113, 0.21968784928321838]
NAUTILUS=>2021-06-10 02:45:45.911871: Cycle: 6, Model: 3, val_accuracy: [0.8766049146652222, 0.9012151956558228, 0.9113179445266724, 0.9196692109107971, 0.9216763377189636]
NAUTILUS=>2021-06-10 02:45:45.911871: Cycle: 6, Model: 4, loss: [1.1338999271392822, 0.7043662071228027, 0.5731611847877502, 0.4957619309425354, 0.4455854892730713]
NAUTILUS=>2021-06-10 02:45:45.911871: Cycle: 6, Model: 4, accuracy: [0.6142373085021973, 0.7375490665435791, 0.791530191898346, 0.8211509585380554, 0.8417037129402161]
NAUTILUS=>2021-06-10 02:45:45.911871: Cycle: 6, Model: 4, val_loss: [0.4681125283241272, 0.34689202904701233, 0.30188652873039246, 0.2668681740760803, 0.2525979280471802]
NAUTILUS=>2021-06-10 02:45:45.911871: Cycle: 6, Model: 4, val_accuracy: [0.8403623700141907, 0.8769417405128479, 0.8970350027084351, 0.9117079377174377, 0.9142711162567139]
NAUTILUS=>2021-06-10 02:45:45.911871: Cycle: 6, Model: 0, loss: [0.7800284028053284, 0.44663456082344055, 0.3342858552932739, 0.25313645601272583, 0.17612765729427338]
NAUTILUS=>2021-06-10 02:45:45.911871: Cycle: 6, Model: 0, accuracy: [0.7320030331611633, 0.8410090804100037, 0.8844120502471924, 0.9129164814949036, 0.9433264136314392]
NAUTILUS=>2021-06-10 02:45:45.911871: Cycle: 6, Model: 0, val_loss: [0.2617662250995636, 0.2253473699092865, 0.2270725965499878, 0.21403953433036804, 0.20667456090450287]
NAUTILUS=>2021-06-10 02:45:45.911871: Cycle: 6, Model: 0, val_accuracy: [0.9089134931564331, 0.9226123094558716, 0.9226182103157043, 0.9255772829055786, 0.9390782713890076]
NAUTILUS=>2021-06-10 02:45:45.911871: Cycle: 6, Model: 1, loss: [0.8587691187858582, 0.47563618421554565, 0.3673432767391205, 0.29809558391571045, 0.23789596557617188]
NAUTILUS=>2021-06-10 02:45:45.911871: Cycle: 6, Model: 1, accuracy: [0.7033988833427429, 0.8311451077461243, 0.8736143112182617, 0.8978562355041504, 0.9219178557395935]
NAUTILUS=>2021-06-10 02:45:45.911871: Cycle: 6, Model: 1, val_loss: [0.3005845844745636, 0.23513001203536987, 0.23111969232559204, 0.21446041762828827, 0.1998111456632614]
NAUTILUS=>2021-06-10 02:45:45.911871: Cycle: 6, Model: 1, val_accuracy: [0.8889136910438538, 0.9167738556861877, 0.9218897223472595, 0.9266376495361328, 0.9325332641601562]
NAUTILUS=>2021-06-10 02:45:45.911983: Starting to generating the best model
NAUTILUS=>2021-06-10 02:45:52.257593: Completed generating the best model. Elapsed time: 0:00:06.345610
NAUTILUS=>2021-06-10 02:45:52.257593: Cycle: 6, Best Model: 0
NAUTILUS=>2021-06-10 02:45:52.257593: Cycle: 6, Best model loss: [0.7800284028053284, 0.44663456082344055, 0.3342858552932739, 0.25313645601272583, 0.17612765729427338]
NAUTILUS=>2021-06-10 02:45:52.257593: Cycle: 6, Best model accuracy: [0.7320030331611633, 0.8410090804100037, 0.8844120502471924, 0.9129164814949036, 0.9433264136314392]
NAUTILUS=>2021-06-10 02:45:52.257593: Cycle: 6, Best model val_loss: [0.2617662250995636, 0.2253473699092865, 0.2270725965499878, 0.21403953433036804, 0.20667456090450287]
NAUTILUS=>2021-06-10 02:45:52.257593: Cycle: 6, Best model val_accuracy: [0.9089134931564331, 0.9226123094558716, 0.9226182103157043, 0.9255772829055786, 0.9390782713890076]
NAUTILUS=>2021-06-10 02:45:52.544651: Completed active learning cycle. Elapsed time: 0:02:23.606765
NAUTILUS=>2021-06-10 02:45:52.544668: ========> Active learning cycle: 7
NAUTILUS=>2021-06-10 02:45:52.544672: Starting data loading
NAUTILUS=>2021-06-10 02:46:25.285858: Completed data loading. Elapsed time: 0:00:32.741186
NAUTILUS=>2021-06-10 02:46:25.285875: Starting model selection
NAUTILUS=>2021-06-10 02:46:25.285891: Materializing training data
NAUTILUS=>2021-06-10 02:46:25.511746: Completed materializing training data. Elapsed time: 0:00:00.225855
NAUTILUS=>2021-06-10 02:46:25.511757: Generating intermediate features
NAUTILUS=>2021-06-10 02:46:34.077946: Completed generating intermediate features. Elapsed time: 0:00:08.566189
NAUTILUS=>2021-06-10 02:46:34.077967: Starting model training
NAUTILUS=>2021-06-10 02:49:00.946622: Completed model training. Elapsed time: 0:02:26.868655
NAUTILUS=>2021-06-10 02:49:00.946622: Cycle: 7, Model: 2, loss: [0.8051787614822388, 0.4724903106689453, 0.3776528537273407, 0.32073649764060974, 0.2668626010417938]
NAUTILUS=>2021-06-10 02:49:00.946622: Cycle: 7, Model: 2, accuracy: [0.7137262225151062, 0.826088547706604, 0.8645411133766174, 0.8850418329238892, 0.9092687368392944]
NAUTILUS=>2021-06-10 02:49:00.946622: Cycle: 7, Model: 2, val_loss: [0.29181599617004395, 0.2589000463485718, 0.21532954275608063, 0.20260857045650482, 0.19432516396045685]
NAUTILUS=>2021-06-10 02:49:00.946622: Cycle: 7, Model: 2, val_accuracy: [0.8950609564781189, 0.9037115573883057, 0.9243455529212952, 0.9314215183258057, 0.9329061508178711]
NAUTILUS=>2021-06-10 02:49:00.946622: Cycle: 7, Model: 3, loss: [0.8883644342422485, 0.5220574140548706, 0.42174917459487915, 0.36076146364212036, 0.3127915561199188]
NAUTILUS=>2021-06-10 02:49:00.946622: Cycle: 7, Model: 3, accuracy: [0.6877748370170593, 0.8050005435943604, 0.8466233611106873, 0.8687037825584412, 0.8903863430023193]
NAUTILUS=>2021-06-10 02:49:00.946622: Cycle: 7, Model: 3, val_loss: [0.3369123637676239, 0.2793384790420532, 0.23159991204738617, 0.2090405523777008, 0.19959282875061035]
NAUTILUS=>2021-06-10 02:49:00.946622: Cycle: 7, Model: 3, val_accuracy: [0.8785396814346313, 0.8973173499107361, 0.918342113494873, 0.9265637993812561, 0.9309302568435669]
NAUTILUS=>2021-06-10 02:49:00.946622: Cycle: 7, Model: 4, loss: [1.0429779291152954, 0.6347799897193909, 0.5222756862640381, 0.4514647126197815, 0.40020865201950073]
NAUTILUS=>2021-06-10 02:49:00.946622: Cycle: 7, Model: 4, accuracy: [0.6414623856544495, 0.7577330470085144, 0.8053720593452454, 0.8330501914024353, 0.8547288179397583]
NAUTILUS=>2021-06-10 02:49:00.946622: Cycle: 7, Model: 4, val_loss: [0.4406903386116028, 0.32817724347114563, 0.2935996949672699, 0.2481052577495575, 0.2308836430311203]
NAUTILUS=>2021-06-10 02:49:00.946622: Cycle: 7, Model: 4, val_accuracy: [0.8383545875549316, 0.8839349150657654, 0.8999741673469543, 0.9121074676513672, 0.917576014995575]
NAUTILUS=>2021-06-10 02:49:00.946622: Cycle: 7, Model: 0, loss: [0.7185474634170532, 0.4139844477176666, 0.3014940619468689, 0.22022299468517303, 0.1499575972557068]
NAUTILUS=>2021-06-10 02:49:00.946622: Cycle: 7, Model: 0, accuracy: [0.7471421360969543, 0.8527980446815491, 0.8948696255683899, 0.9249734878540039, 0.9475950598716736]
NAUTILUS=>2021-06-10 02:49:00.946622: Cycle: 7, Model: 0, val_loss: [0.2686571478843689, 0.229791060090065, 0.21250876784324646, 0.1997009962797165, 0.20663513243198395]
NAUTILUS=>2021-06-10 02:49:00.946622: Cycle: 7, Model: 0, val_accuracy: [0.9030337929725647, 0.9172635078430176, 0.9309633374214172, 0.9354854822158813, 0.938526451587677]
NAUTILUS=>2021-06-10 02:49:00.946622: Cycle: 7, Model: 1, loss: [0.7418657541275024, 0.4350700080394745, 0.3358892500400543, 0.2716766893863678, 0.21246035397052765]
NAUTILUS=>2021-06-10 02:49:00.946622: Cycle: 7, Model: 1, accuracy: [0.7369862794876099, 0.8425965309143066, 0.8806329965591431, 0.9051920771598816, 0.9292702674865723]
NAUTILUS=>2021-06-10 02:49:00.946622: Cycle: 7, Model: 1, val_loss: [0.2686282992362976, 0.23289097845554352, 0.21013811230659485, 0.19387641549110413, 0.20335368812084198]
NAUTILUS=>2021-06-10 02:49:00.946622: Cycle: 7, Model: 1, val_accuracy: [0.9042056798934937, 0.918347179889679, 0.927476167678833, 0.9324936270713806, 0.9334169030189514]
NAUTILUS=>2021-06-10 02:49:00.946734: Starting to generating the best model
NAUTILUS=>2021-06-10 02:49:07.311547: Completed generating the best model. Elapsed time: 0:00:06.364813
NAUTILUS=>2021-06-10 02:49:07.311547: Cycle: 7, Best Model: 0
NAUTILUS=>2021-06-10 02:49:07.311547: Cycle: 7, Best model loss: [0.7185474634170532, 0.4139844477176666, 0.3014940619468689, 0.22022299468517303, 0.1499575972557068]
NAUTILUS=>2021-06-10 02:49:07.311547: Cycle: 7, Best model accuracy: [0.7471421360969543, 0.8527980446815491, 0.8948696255683899, 0.9249734878540039, 0.9475950598716736]
NAUTILUS=>2021-06-10 02:49:07.311547: Cycle: 7, Best model val_loss: [0.2686571478843689, 0.229791060090065, 0.21250876784324646, 0.1997009962797165, 0.20663513243198395]
NAUTILUS=>2021-06-10 02:49:07.311547: Cycle: 7, Best model val_accuracy: [0.9030337929725647, 0.9172635078430176, 0.9309633374214172, 0.9354854822158813, 0.938526451587677]
NAUTILUS=>2021-06-10 02:49:07.600239: Completed active learning cycle. Elapsed time: 0:02:42.314364
NAUTILUS=>2021-06-10 02:49:07.600269: ========> Active learning cycle: 8
NAUTILUS=>2021-06-10 02:49:07.600273: Starting data loading
NAUTILUS=>2021-06-10 02:49:43.854451: Completed data loading. Elapsed time: 0:00:36.254178
NAUTILUS=>2021-06-10 02:49:43.854469: Starting model selection
NAUTILUS=>2021-06-10 02:49:43.854486: Materializing training data
NAUTILUS=>2021-06-10 02:49:44.085879: Completed materializing training data. Elapsed time: 0:00:00.231393
NAUTILUS=>2021-06-10 02:49:44.085890: Generating intermediate features
NAUTILUS=>2021-06-10 02:49:52.668531: Completed generating intermediate features. Elapsed time: 0:00:08.582641
NAUTILUS=>2021-06-10 02:49:52.668550: Starting model training
NAUTILUS=>2021-06-10 02:52:37.890562: Completed model training. Elapsed time: 0:02:45.222012
NAUTILUS=>2021-06-10 02:52:37.890562: Cycle: 8, Model: 2, loss: [0.7456556558609009, 0.43230462074279785, 0.3549882471561432, 0.29690563678741455, 0.25682398676872253]
NAUTILUS=>2021-06-10 02:52:37.890562: Cycle: 8, Model: 2, accuracy: [0.7311591506004333, 0.8410176634788513, 0.8715029358863831, 0.8980463147163391, 0.9121840000152588]
NAUTILUS=>2021-06-10 02:52:37.890562: Cycle: 8, Model: 2, val_loss: [0.29058322310447693, 0.255140483379364, 0.2312823235988617, 0.22332918643951416, 0.1898466944694519]
NAUTILUS=>2021-06-10 02:52:37.890562: Cycle: 8, Model: 2, val_accuracy: [0.8943777680397034, 0.9070239067077637, 0.9158506989479065, 0.9215207099914551, 0.9321417808532715]
NAUTILUS=>2021-06-10 02:52:37.890562: Cycle: 8, Model: 3, loss: [0.8100730180740356, 0.47064539790153503, 0.38716843724250793, 0.3340472877025604, 0.29353731870651245]
NAUTILUS=>2021-06-10 02:52:37.890562: Cycle: 8, Model: 3, accuracy: [0.7110607028007507, 0.8260028958320618, 0.8584294319152832, 0.8823621869087219, 0.8998279571533203]
NAUTILUS=>2021-06-10 02:52:37.890562: Cycle: 8, Model: 3, val_loss: [0.31395789980888367, 0.25742796063423157, 0.22834451496601105, 0.21106187999248505, 0.19658389687538147]
NAUTILUS=>2021-06-10 02:52:37.890562: Cycle: 8, Model: 3, val_accuracy: [0.8910363912582397, 0.9035865068435669, 0.9171494841575623, 0.9259458184242249, 0.9295337796211243]
NAUTILUS=>2021-06-10 02:52:37.890562: Cycle: 8, Model: 4, loss: [0.9598644375801086, 0.5740790367126465, 0.46971356868743896, 0.4111312925815582, 0.37156373262405396]
NAUTILUS=>2021-06-10 02:52:37.890562: Cycle: 8, Model: 4, accuracy: [0.6630908250808716, 0.7827913165092468, 0.8248211741447449, 0.8494625687599182, 0.86540687084198]
NAUTILUS=>2021-06-10 02:52:37.890562: Cycle: 8, Model: 4, val_loss: [0.3917439579963684, 0.2968745529651642, 0.25468993186950684, 0.22940681874752045, 0.2165333330631256]
NAUTILUS=>2021-06-10 02:52:37.890562: Cycle: 8, Model: 4, val_accuracy: [0.8567979335784912, 0.8919569253921509, 0.9105450510978699, 0.9190182685852051, 0.9226136207580566]
NAUTILUS=>2021-06-10 02:52:37.890562: Cycle: 8, Model: 0, loss: [0.6478394865989685, 0.3801394999027252, 0.28927144408226013, 0.21314410865306854, 0.14902833104133606]
NAUTILUS=>2021-06-10 02:52:37.890562: Cycle: 8, Model: 0, accuracy: [0.7666348814964294, 0.8653925061225891, 0.8986770510673523, 0.9266261458396912, 0.9487563967704773]
NAUTILUS=>2021-06-10 02:52:37.890562: Cycle: 8, Model: 0, val_loss: [0.2422209233045578, 0.22828279435634613, 0.20033524930477142, 0.18442994356155396, 0.18841782212257385]
NAUTILUS=>2021-06-10 02:52:37.890562: Cycle: 8, Model: 0, val_accuracy: [0.9102511405944824, 0.9177290201187134, 0.9281041026115417, 0.9379106163978577, 0.9371981620788574]
NAUTILUS=>2021-06-10 02:52:37.890562: Cycle: 8, Model: 1, loss: [0.6791912913322449, 0.398727685213089, 0.3230026960372925, 0.25387340784072876, 0.20713920891284943]
NAUTILUS=>2021-06-10 02:52:37.890562: Cycle: 8, Model: 1, accuracy: [0.7565758228302002, 0.8565486073493958, 0.884838879108429, 0.9131759405136108, 0.9285799264907837]
NAUTILUS=>2021-06-10 02:52:37.890562: Cycle: 8, Model: 1, val_loss: [0.27016085386276245, 0.2360965758562088, 0.23522089421749115, 0.20407018065452576, 0.18642733991146088]
NAUTILUS=>2021-06-10 02:52:37.890562: Cycle: 8, Model: 1, val_accuracy: [0.8991718888282776, 0.914165198802948, 0.9129698276519775, 0.9304612874984741, 0.9333511590957642]
NAUTILUS=>2021-06-10 02:52:37.890672: Starting to generating the best model
NAUTILUS=>2021-06-10 02:52:44.253093: Completed generating the best model. Elapsed time: 0:00:06.362421
NAUTILUS=>2021-06-10 02:52:44.253093: Cycle: 8, Best Model: 0
NAUTILUS=>2021-06-10 02:52:44.253093: Cycle: 8, Best model loss: [0.6478394865989685, 0.3801394999027252, 0.28927144408226013, 0.21314410865306854, 0.14902833104133606]
NAUTILUS=>2021-06-10 02:52:44.253093: Cycle: 8, Best model accuracy: [0.7666348814964294, 0.8653925061225891, 0.8986770510673523, 0.9266261458396912, 0.9487563967704773]
NAUTILUS=>2021-06-10 02:52:44.253093: Cycle: 8, Best model val_loss: [0.2422209233045578, 0.22828279435634613, 0.20033524930477142, 0.18442994356155396, 0.18841782212257385]
NAUTILUS=>2021-06-10 02:52:44.253093: Cycle: 8, Best model val_accuracy: [0.9102511405944824, 0.9177290201187134, 0.9281041026115417, 0.9379106163978577, 0.9371981620788574]
NAUTILUS=>2021-06-10 02:52:44.547344: Completed active learning cycle. Elapsed time: 0:03:00.692875
NAUTILUS=>2021-06-10 02:52:44.547362: ========> Active learning cycle: 9
NAUTILUS=>2021-06-10 02:52:44.547366: Starting data loading
NAUTILUS=>2021-06-10 02:53:13.754400: Completed data loading. Elapsed time: 0:00:29.207034
NAUTILUS=>2021-06-10 02:53:13.754417: Starting model selection
NAUTILUS=>2021-06-10 02:53:13.754434: Materializing training data
NAUTILUS=>2021-06-10 02:53:13.979574: Completed materializing training data. Elapsed time: 0:00:00.225140
NAUTILUS=>2021-06-10 02:53:13.979584: Generating intermediate features
NAUTILUS=>2021-06-10 02:53:22.593155: Completed generating intermediate features. Elapsed time: 0:00:08.613571
NAUTILUS=>2021-06-10 02:53:22.593174: Starting model training
NAUTILUS=>2021-06-10 02:56:26.958904: Completed model training. Elapsed time: 0:03:04.365730
NAUTILUS=>2021-06-10 02:56:26.958904: Cycle: 9, Model: 2, loss: [0.6947751641273499, 0.4080823063850403, 0.32798466086387634, 0.27931511402130127, 0.23559147119522095]
NAUTILUS=>2021-06-10 02:56:26.958904: Cycle: 9, Model: 2, accuracy: [0.7613730430603027, 0.85564786195755, 0.8855234384536743, 0.9047752618789673, 0.9232067465782166]
NAUTILUS=>2021-06-10 02:56:26.958904: Cycle: 9, Model: 2, val_loss: [0.262693852186203, 0.2280985713005066, 0.20020872354507446, 0.188890740275383, 0.1718294471502304]
NAUTILUS=>2021-06-10 02:56:26.958904: Cycle: 9, Model: 2, val_accuracy: [0.9082844853401184, 0.9192937612533569, 0.9302000999450684, 0.9344560503959656, 0.9418541789054871]
NAUTILUS=>2021-06-10 02:56:26.958904: Cycle: 9, Model: 3, loss: [0.7516613006591797, 0.4435752034187317, 0.35945966839790344, 0.31147047877311707, 0.2734737694263458]
NAUTILUS=>2021-06-10 02:56:26.958904: Cycle: 9, Model: 3, accuracy: [0.7418477535247803, 0.8406299948692322, 0.8725788593292236, 0.8938612937927246, 0.9099116325378418]
NAUTILUS=>2021-06-10 02:56:26.958904: Cycle: 9, Model: 3, val_loss: [0.28251662850379944, 0.23241126537322998, 0.20653745532035828, 0.19150419533252716, 0.18032310903072357]
NAUTILUS=>2021-06-10 02:56:26.958904: Cycle: 9, Model: 3, val_accuracy: [0.8993058800697327, 0.9166914224624634, 0.9298110008239746, 0.9350941181182861, 0.9385789036750793]
NAUTILUS=>2021-06-10 02:56:26.958904: Cycle: 9, Model: 4, loss: [0.9066994190216064, 0.5373716354370117, 0.43777912855148315, 0.3836723268032074, 0.3465312421321869]
NAUTILUS=>2021-06-10 02:56:26.958904: Cycle: 9, Model: 4, accuracy: [0.6939046382904053, 0.803607165813446, 0.8415737152099609, 0.8650826811790466, 0.8794665932655334]
NAUTILUS=>2021-06-10 02:56:26.958904: Cycle: 9, Model: 4, val_loss: [0.3586353659629822, 0.27248212695121765, 0.24231921136379242, 0.2193223387002945, 0.20289158821105957]
NAUTILUS=>2021-06-10 02:56:26.958904: Cycle: 9, Model: 4, val_accuracy: [0.8759784698486328, 0.9024474024772644, 0.9151690602302551, 0.9229500889778137, 0.9263966083526611]
NAUTILUS=>2021-06-10 02:56:26.958904: Cycle: 9, Model: 0, loss: [0.6205560564994812, 0.35764628648757935, 0.2650485634803772, 0.19886243343353271, 0.13062262535095215]
NAUTILUS=>2021-06-10 02:56:26.958904: Cycle: 9, Model: 0, accuracy: [0.7870041728019714, 0.8777677416801453, 0.9091165065765381, 0.9340551495552063, 0.9580360054969788]
NAUTILUS=>2021-06-10 02:56:26.958904: Cycle: 9, Model: 0, val_loss: [0.24473628401756287, 0.22469665110111237, 0.1879868507385254, 0.19010953605175018, 0.1738290637731552]
NAUTILUS=>2021-06-10 02:56:26.958904: Cycle: 9, Model: 0, val_accuracy: [0.912300705909729, 0.9211995005607605, 0.93597012758255, 0.9399043917655945, 0.9476858377456665]
NAUTILUS=>2021-06-10 02:56:26.958904: Cycle: 9, Model: 1, loss: [0.6491634845733643, 0.3788009583950043, 0.29634812474250793, 0.24088479578495026, 0.18798397481441498]
NAUTILUS=>2021-06-10 02:56:26.958904: Cycle: 9, Model: 1, accuracy: [0.7744361162185669, 0.8681159019470215, 0.8967075347900391, 0.919264554977417, 0.9400950074195862]
NAUTILUS=>2021-06-10 02:56:26.958904: Cycle: 9, Model: 1, val_loss: [0.26897332072257996, 0.22610239684581757, 0.2003905028104782, 0.1933218240737915, 0.1645539104938507]
NAUTILUS=>2021-06-10 02:56:26.958904: Cycle: 9, Model: 1, val_accuracy: [0.9068825840950012, 0.9179494380950928, 0.9283141493797302, 0.9349074959754944, 0.944891095161438]
NAUTILUS=>2021-06-10 02:56:26.959016: Starting to generating the best model
NAUTILUS=>2021-06-10 02:56:33.391334: Completed generating the best model. Elapsed time: 0:00:06.432318
NAUTILUS=>2021-06-10 02:56:33.391334: Cycle: 9, Best Model: 0
NAUTILUS=>2021-06-10 02:56:33.391334: Cycle: 9, Best model loss: [0.6205560564994812, 0.35764628648757935, 0.2650485634803772, 0.19886243343353271, 0.13062262535095215]
NAUTILUS=>2021-06-10 02:56:33.391334: Cycle: 9, Best model accuracy: [0.7870041728019714, 0.8777677416801453, 0.9091165065765381, 0.9340551495552063, 0.9580360054969788]
NAUTILUS=>2021-06-10 02:56:33.391334: Cycle: 9, Best model val_loss: [0.24473628401756287, 0.22469665110111237, 0.1879868507385254, 0.19010953605175018, 0.1738290637731552]
NAUTILUS=>2021-06-10 02:56:33.391334: Cycle: 9, Best model val_accuracy: [0.912300705909729, 0.9211995005607605, 0.93597012758255, 0.9399043917655945, 0.9476858377456665]
NAUTILUS=>2021-06-10 02:56:33.680343: Completed active learning cycle. Elapsed time: 0:03:19.925926
NAUTILUS=>2021-06-10 02:56:33.680361: ========> Active learning cycle: 10
NAUTILUS=>2021-06-10 02:56:33.680364: Starting data loading
NAUTILUS=>2021-06-10 02:57:05.697214: Completed data loading. Elapsed time: 0:00:32.016850
NAUTILUS=>2021-06-10 02:57:05.697233: Starting model selection
NAUTILUS=>2021-06-10 02:57:05.697250: Materializing training data
NAUTILUS=>2021-06-10 02:57:05.931333: Completed materializing training data. Elapsed time: 0:00:00.234083
NAUTILUS=>2021-06-10 02:57:05.931348: Generating intermediate features
NAUTILUS=>2021-06-10 02:57:14.511403: Completed generating intermediate features. Elapsed time: 0:00:08.580055
NAUTILUS=>2021-06-10 02:57:14.511422: Starting model training
NAUTILUS=>2021-06-10 03:00:37.808447: Completed model training. Elapsed time: 0:03:23.297025
NAUTILUS=>2021-06-10 03:00:37.808447: Cycle: 10, Model: 2, loss: [0.6371435523033142, 0.36813226342201233, 0.2958989441394806, 0.257587194442749, 0.21624384820461273]
NAUTILUS=>2021-06-10 03:00:37.808447: Cycle: 10, Model: 2, accuracy: [0.776216983795166, 0.8677930235862732, 0.89578777551651, 0.911914050579071, 0.9262726306915283]
NAUTILUS=>2021-06-10 03:00:37.808447: Cycle: 10, Model: 2, val_loss: [0.25808244943618774, 0.2145606130361557, 0.20039620995521545, 0.18892806768417358, 0.17791405320167542]
NAUTILUS=>2021-06-10 03:00:37.808447: Cycle: 10, Model: 2, val_accuracy: [0.9033231735229492, 0.9240310192108154, 0.9323915243148804, 0.9387814998626709, 0.941105842590332]
NAUTILUS=>2021-06-10 03:00:37.808447: Cycle: 10, Model: 3, loss: [0.689627468585968, 0.40002429485321045, 0.3236576318740845, 0.28625062108039856, 0.2485278993844986]
NAUTILUS=>2021-06-10 03:00:37.808447: Cycle: 10, Model: 3, accuracy: [0.7567096948623657, 0.8534269332885742, 0.8850079774856567, 0.9010512232780457, 0.9150673151016235]
NAUTILUS=>2021-06-10 03:00:37.808447: Cycle: 10, Model: 3, val_loss: [0.2827194035053253, 0.23278483748435974, 0.20754480361938477, 0.19106611609458923, 0.18508826196193695]
NAUTILUS=>2021-06-10 03:00:37.808447: Cycle: 10, Model: 3, val_accuracy: [0.8976300954818726, 0.9151769280433655, 0.9279087781906128, 0.9364651441574097, 0.9376170039176941]
NAUTILUS=>2021-06-10 03:00:37.808447: Cycle: 10, Model: 4, loss: [0.8197435736656189, 0.48105207085609436, 0.39205196499824524, 0.3482675552368164, 0.3109711706638336]
NAUTILUS=>2021-06-10 03:00:37.808447: Cycle: 10, Model: 4, accuracy: [0.7167578339576721, 0.8222982287406921, 0.8562748432159424, 0.8745871782302856, 0.8892331719398499]
NAUTILUS=>2021-06-10 03:00:37.808447: Cycle: 10, Model: 4, val_loss: [0.34888261556625366, 0.278646320104599, 0.23529432713985443, 0.21466034650802612, 0.20257972180843353]
NAUTILUS=>2021-06-10 03:00:37.808447: Cycle: 10, Model: 4, val_accuracy: [0.8818731904029846, 0.9014244675636292, 0.9175182580947876, 0.9256551861763, 0.9286119341850281]
NAUTILUS=>2021-06-10 03:00:37.808447: Cycle: 10, Model: 0, loss: [0.5517460107803345, 0.3206312954425812, 0.23484529554843903, 0.17884820699691772, 0.12034726142883301]
NAUTILUS=>2021-06-10 03:00:37.808447: Cycle: 10, Model: 0, accuracy: [0.8052021861076355, 0.8882763385772705, 0.9197338223457336, 0.939274251461029, 0.9582468271255493]
NAUTILUS=>2021-06-10 03:00:37.808447: Cycle: 10, Model: 0, val_loss: [0.2182427942752838, 0.22911295294761658, 0.18390174210071564, 0.17969836294651031, 0.17244932055473328]
NAUTILUS=>2021-06-10 03:00:37.808447: Cycle: 10, Model: 0, val_accuracy: [0.9221503138542175, 0.922264575958252, 0.9385249614715576, 0.9453228712081909, 0.9482225775718689]
NAUTILUS=>2021-06-10 03:00:37.808447: Cycle: 10, Model: 1, loss: [0.5917061567306519, 0.3384638726711273, 0.26802587509155273, 0.22119204699993134, 0.17345525324344635]
NAUTILUS=>2021-06-10 03:00:37.808447: Cycle: 10, Model: 1, accuracy: [0.79228276014328, 0.879701554775238, 0.907793402671814, 0.9261633157730103, 0.9424488544464111]
NAUTILUS=>2021-06-10 03:00:37.808447: Cycle: 10, Model: 1, val_loss: [0.23616938292980194, 0.20691640675067902, 0.19560472667217255, 0.18962807953357697, 0.17172135412693024]
NAUTILUS=>2021-06-10 03:00:37.808447: Cycle: 10, Model: 1, val_accuracy: [0.9116939902305603, 0.9272093176841736, 0.9346252083778381, 0.9404317140579224, 0.9437798857688904]
NAUTILUS=>2021-06-10 03:00:37.808559: Starting to generating the best model
NAUTILUS=>2021-06-10 03:00:44.175637: Completed generating the best model. Elapsed time: 0:00:06.367078
NAUTILUS=>2021-06-10 03:00:44.175637: Cycle: 10, Best Model: 0
NAUTILUS=>2021-06-10 03:00:44.175637: Cycle: 10, Best model loss: [0.5517460107803345, 0.3206312954425812, 0.23484529554843903, 0.17884820699691772, 0.12034726142883301]
NAUTILUS=>2021-06-10 03:00:44.175637: Cycle: 10, Best model accuracy: [0.8052021861076355, 0.8882763385772705, 0.9197338223457336, 0.939274251461029, 0.9582468271255493]
NAUTILUS=>2021-06-10 03:00:44.175637: Cycle: 10, Best model val_loss: [0.2182427942752838, 0.22911295294761658, 0.18390174210071564, 0.17969836294651031, 0.17244932055473328]
NAUTILUS=>2021-06-10 03:00:44.175637: Cycle: 10, Best model val_accuracy: [0.9221503138542175, 0.922264575958252, 0.9385249614715576, 0.9453228712081909, 0.9482225775718689]
NAUTILUS=>2021-06-10 03:00:44.464707: Completed active learning cycle. Elapsed time: 0:03:38.767474
NAUTILUS=>2021-06-10 03:00:44.464725: Workload completed. Elapsed time: 0:29:24.599927
