NAUTILUS=>2021-06-09 21:52:12.163905: Starting workload
NAUTILUS=>2021-06-09 21:52:12.163905: RANDOM_SEED: 2020
NAUTILUS=>2021-06-09 21:52:12.163905: VERY_LARGE_VALUE: 1000000000000000.0
NAUTILUS=>2021-06-09 21:52:12.163905: NO_MAT_OPT: False
NAUTILUS=>2021-06-09 21:52:12.163905: MODE: ftr3-2
NAUTILUS=>2021-06-09 21:52:12.163905: STORAGE_PATH: ./storage
NAUTILUS=>2021-06-09 21:52:12.163905: NO_FUSE_OPT: False
NAUTILUS=>2021-06-09 21:52:12.163905: NUM_EPOCHS: 5
NAUTILUS=>2021-06-09 21:52:12.163905: MAX_NUM_RECORDS: 5000
NAUTILUS=>2021-06-09 21:52:12.163905: ACTIVE_LEARNING_BATCH_SIZE: 500
NAUTILUS=>2021-06-09 21:52:12.163905: VALID_FRACTION: 0.2
NAUTILUS=>2021-06-09 21:52:12.163905: SAMPLING_STRATERGY: uncertainty
NAUTILUS=>2021-06-09 21:52:12.163905: NO_PRETRAINING: False
NAUTILUS=>2021-06-09 21:52:12.163905: STORAGE_BUDGET: 25
NAUTILUS=>2021-06-09 21:52:12.163905: MEMORY_BUDGET: 10
NAUTILUS=>2021-06-09 21:52:12.163905: WORKSPACE_MEMORY: 1
NAUTILUS=>2021-06-09 21:52:12.163905: COMPUTE_THROUGHPUT: 6
NAUTILUS=>2021-06-09 21:52:12.163905: DISK_THROUGHPUT: 500
NAUTILUS=>2021-06-09 21:52:12.163905: SHUFFLE_BUFFER_SIZE: 10000
NAUTILUS=>2021-06-09 21:52:12.163954: Starting system initialization
NAUTILUS=>2021-06-09 21:52:12.762823: Starting model profiling
NAUTILUS=>2021-06-09 21:52:36.296627: Completed model profiling. Elapsed time: 0:00:23.533801
NAUTILUS=>2021-06-09 21:52:36.296627: Model parameters
NAUTILUS=>2021-06-09 21:52:36.296686: Generating optimized model selection plan
NAUTILUS=>2021-06-09 21:52:36.327343: Materialized layers candidates: tf_op_layer_strided_slice,tf_op_layer_Cast,tf_op_layer_Sub,tf_op_layer_Mul,layer_9
NAUTILUS=>2021-06-09 21:52:36.344464: Used materialized layers: layer_9
NAUTILUS=>2021-06-09 21:52:36.344464: Model training plan: {"0_1": {"models": ["0", "1"], "output_layers": ["0/classifier", "1/classifier"], "flops_consumption": 623662919575000.0, "compute_flops": 511016435200000.0, "load_flops": 112646484375000.0, "memory_consumption": 2.3011202849447727, "used_materialized_layers": ["layer_9"], "batch_size": 16, "num_epochs": [5, 5], "flops_reduction": 252692865175000.0, "merged_models": ["0", "1"]}}
NAUTILUS=>2021-06-09 21:52:36.344566: Completed generating optimized model selection plan. Elapsed time: 0:00:00.047880
NAUTILUS=>2021-06-09 21:52:36.344572: Generating fused models
NAUTILUS=>2021-06-09 21:52:44.734557: Completed generating fused models. Elapsed time: 0:00:08.389984
NAUTILUS=>2021-06-09 21:52:44.734557: Current Practice FLOPs: 298276079360.0
NAUTILUS=>2021-06-09 21:52:44.734557: Optimal FLOPs: 74194010880.0
NAUTILUS=>2021-06-09 21:52:44.734557: Theoretical Speedup: 4.020217748335861
NAUTILUS=>2021-06-09 21:52:44.786175: Completed system initialization. Elapsed time: 0:00:32.622221
NAUTILUS=>2021-06-09 21:52:44.786197: ========> Active learning cycle: 1
NAUTILUS=>2021-06-09 21:52:44.786202: Starting data loading
NAUTILUS=>2021-06-09 21:53:00.216295: Completed data loading. Elapsed time: 0:00:15.430093
NAUTILUS=>2021-06-09 21:53:00.216321: Starting model selection
NAUTILUS=>2021-06-09 21:53:00.216341: Materializing training data
NAUTILUS=>2021-06-09 21:53:00.462211: Completed materializing training data. Elapsed time: 0:00:00.245870
NAUTILUS=>2021-06-09 21:53:00.462223: Generating intermediate features
NAUTILUS=>2021-06-09 21:53:09.020986: Completed generating intermediate features. Elapsed time: 0:00:08.558763
NAUTILUS=>2021-06-09 21:53:09.021006: Starting model training
NAUTILUS=>2021-06-09 21:53:30.169119: Completed model training. Elapsed time: 0:00:21.148113
NAUTILUS=>2021-06-09 21:53:30.169119: Cycle: 1, Model: 0, loss: [0.828880786895752, 0.2970869541168213, 0.19052249193191528, 0.12513618171215057, 0.08048417419195175]
NAUTILUS=>2021-06-09 21:53:30.169119: Cycle: 1, Model: 0, accuracy: [0.7468414902687073, 0.8900124430656433, 0.9346765279769897, 0.9563759565353394, 0.9700300097465515]
NAUTILUS=>2021-06-09 21:53:30.169119: Cycle: 1, Model: 0, val_loss: [0.4639214277267456, 0.41468510031700134, 0.3532772362232208, 0.39335745573043823, 0.37415382266044617]
NAUTILUS=>2021-06-09 21:53:30.169119: Cycle: 1, Model: 0, val_accuracy: [0.8359349966049194, 0.8561877608299255, 0.8714163899421692, 0.8704221248626709, 0.8852939605712891]
NAUTILUS=>2021-06-09 21:53:30.169119: Cycle: 1, Model: 1, loss: [1.004594087600708, 0.4065803289413452, 0.28088250756263733, 0.1944686770439148, 0.1432686597108841]
NAUTILUS=>2021-06-09 21:53:30.169119: Cycle: 1, Model: 1, accuracy: [0.7063083052635193, 0.8641493320465088, 0.9058865904808044, 0.9262921214103699, 0.9485536217689514]
NAUTILUS=>2021-06-09 21:53:30.169119: Cycle: 1, Model: 1, val_loss: [0.5762648582458496, 0.4119472801685333, 0.3756779432296753, 0.36078959703445435, 0.3656114339828491]
NAUTILUS=>2021-06-09 21:53:30.169119: Cycle: 1, Model: 1, val_accuracy: [0.8098840117454529, 0.8507524728775024, 0.8563680052757263, 0.869193971157074, 0.8720411062240601]
NAUTILUS=>2021-06-09 21:53:30.169182: Starting to generating the best model
NAUTILUS=>2021-06-09 21:53:36.107603: Completed generating the best model. Elapsed time: 0:00:05.938421
NAUTILUS=>2021-06-09 21:53:36.107603: Cycle: 1, Best Model: 0
NAUTILUS=>2021-06-09 21:53:36.107603: Cycle: 1, Best model loss: [0.828880786895752, 0.2970869541168213, 0.19052249193191528, 0.12513618171215057, 0.08048417419195175]
NAUTILUS=>2021-06-09 21:53:36.107603: Cycle: 1, Best model accuracy: [0.7468414902687073, 0.8900124430656433, 0.9346765279769897, 0.9563759565353394, 0.9700300097465515]
NAUTILUS=>2021-06-09 21:53:36.107603: Cycle: 1, Best model val_loss: [0.4639214277267456, 0.41468510031700134, 0.3532772362232208, 0.39335745573043823, 0.37415382266044617]
NAUTILUS=>2021-06-09 21:53:36.107603: Cycle: 1, Best model val_accuracy: [0.8359349966049194, 0.8561877608299255, 0.8714163899421692, 0.8704221248626709, 0.8852939605712891]
NAUTILUS=>2021-06-09 21:53:36.398702: Completed active learning cycle. Elapsed time: 0:00:36.182381
NAUTILUS=>2021-06-09 21:53:36.398719: ========> Active learning cycle: 2
NAUTILUS=>2021-06-09 21:53:36.398722: Starting data loading
NAUTILUS=>2021-06-09 21:54:24.938659: Completed data loading. Elapsed time: 0:00:48.539937
NAUTILUS=>2021-06-09 21:54:24.938676: Starting model selection
NAUTILUS=>2021-06-09 21:54:24.938691: Materializing training data
NAUTILUS=>2021-06-09 21:54:25.162335: Completed materializing training data. Elapsed time: 0:00:00.223644
NAUTILUS=>2021-06-09 21:54:25.162344: Generating intermediate features
NAUTILUS=>2021-06-09 21:54:33.736826: Completed generating intermediate features. Elapsed time: 0:00:08.574482
NAUTILUS=>2021-06-09 21:54:33.736845: Starting model training
NAUTILUS=>2021-06-09 21:55:05.565426: Completed model training. Elapsed time: 0:00:31.828581
NAUTILUS=>2021-06-09 21:55:05.565426: Cycle: 2, Model: 0, loss: [0.9820089936256409, 0.42822322249412537, 0.2744886577129364, 0.19114267826080322, 0.12522202730178833]
NAUTILUS=>2021-06-09 21:55:05.565426: Cycle: 2, Model: 0, accuracy: [0.6411345601081848, 0.8296785950660706, 0.8881787657737732, 0.9303540587425232, 0.9543465375900269]
NAUTILUS=>2021-06-09 21:55:05.565426: Cycle: 2, Model: 0, val_loss: [0.3782179355621338, 0.34705260396003723, 0.2961651086807251, 0.28355544805526733, 0.305136114358902]
NAUTILUS=>2021-06-09 21:55:05.565426: Cycle: 2, Model: 0, val_accuracy: [0.8639460802078247, 0.8841715455055237, 0.9048786163330078, 0.9142364263534546, 0.9139883518218994]
NAUTILUS=>2021-06-09 21:55:05.565426: Cycle: 2, Model: 1, loss: [1.031630516052246, 0.49598366022109985, 0.338368684053421, 0.2519090175628662, 0.17347869277000427]
NAUTILUS=>2021-06-09 21:55:05.565426: Cycle: 2, Model: 1, accuracy: [0.6214208006858826, 0.8046935200691223, 0.8720493316650391, 0.9077181816101074, 0.9331250190734863]
NAUTILUS=>2021-06-09 21:55:05.565426: Cycle: 2, Model: 1, val_loss: [0.4488494098186493, 0.3552568852901459, 0.2943028509616852, 0.2883754372596741, 0.27607962489128113]
NAUTILUS=>2021-06-09 21:55:05.565426: Cycle: 2, Model: 1, val_accuracy: [0.8425663709640503, 0.8833434581756592, 0.8984968066215515, 0.9134674668312073, 0.9148668646812439]
NAUTILUS=>2021-06-09 21:55:05.565499: Starting to generating the best model
NAUTILUS=>2021-06-09 21:55:11.514680: Completed generating the best model. Elapsed time: 0:00:05.949181
NAUTILUS=>2021-06-09 21:55:11.514680: Cycle: 2, Best Model: 1
NAUTILUS=>2021-06-09 21:55:11.514680: Cycle: 2, Best model loss: [1.031630516052246, 0.49598366022109985, 0.338368684053421, 0.2519090175628662, 0.17347869277000427]
NAUTILUS=>2021-06-09 21:55:11.514680: Cycle: 2, Best model accuracy: [0.6214208006858826, 0.8046935200691223, 0.8720493316650391, 0.9077181816101074, 0.9331250190734863]
NAUTILUS=>2021-06-09 21:55:11.514680: Cycle: 2, Best model val_loss: [0.4488494098186493, 0.3552568852901459, 0.2943028509616852, 0.2883754372596741, 0.27607962489128113]
NAUTILUS=>2021-06-09 21:55:11.514680: Cycle: 2, Best model val_accuracy: [0.8425663709640503, 0.8833434581756592, 0.8984968066215515, 0.9134674668312073, 0.9148668646812439]
NAUTILUS=>2021-06-09 21:55:11.811158: Completed active learning cycle. Elapsed time: 0:00:46.872482
NAUTILUS=>2021-06-09 21:55:11.811175: ========> Active learning cycle: 3
NAUTILUS=>2021-06-09 21:55:11.811179: Starting data loading
NAUTILUS=>2021-06-09 21:55:51.433094: Completed data loading. Elapsed time: 0:00:39.621915
NAUTILUS=>2021-06-09 21:55:51.433112: Starting model selection
NAUTILUS=>2021-06-09 21:55:51.433128: Materializing training data
NAUTILUS=>2021-06-09 21:55:51.659157: Completed materializing training data. Elapsed time: 0:00:00.226029
NAUTILUS=>2021-06-09 21:55:51.659167: Generating intermediate features
NAUTILUS=>2021-06-09 21:56:00.190830: Completed generating intermediate features. Elapsed time: 0:00:08.531663
NAUTILUS=>2021-06-09 21:56:00.190849: Starting model training
NAUTILUS=>2021-06-09 21:56:43.102644: Completed model training. Elapsed time: 0:00:42.911795
NAUTILUS=>2021-06-09 21:56:43.102644: Cycle: 3, Model: 0, loss: [1.0503240823745728, 0.5038192272186279, 0.34329548478126526, 0.27409422397613525, 0.18432031571865082]
NAUTILUS=>2021-06-09 21:56:43.102644: Cycle: 3, Model: 0, accuracy: [0.6394216418266296, 0.8110025525093079, 0.8757426142692566, 0.9025945067405701, 0.9401528835296631]
NAUTILUS=>2021-06-09 21:56:43.102644: Cycle: 3, Model: 0, val_loss: [0.36566832661628723, 0.2560340464115143, 0.27582311630249023, 0.31012752652168274, 0.2955993711948395]
NAUTILUS=>2021-06-09 21:56:43.102644: Cycle: 3, Model: 0, val_accuracy: [0.8686020970344543, 0.9100136160850525, 0.9169734716415405, 0.9171760082244873, 0.9122934937477112]
NAUTILUS=>2021-06-09 21:56:43.102644: Cycle: 3, Model: 1, loss: [1.0786219835281372, 0.5533128380775452, 0.4114153981208801, 0.3229483664035797, 0.24406540393829346]
NAUTILUS=>2021-06-09 21:56:43.102644: Cycle: 3, Model: 1, accuracy: [0.6122634410858154, 0.7813418507575989, 0.846768319606781, 0.8865628838539124, 0.9208267331123352]
NAUTILUS=>2021-06-09 21:56:43.102644: Cycle: 3, Model: 1, val_loss: [0.38938483595848083, 0.3041931986808777, 0.2628311812877655, 0.2745210826396942, 0.25541335344314575]
NAUTILUS=>2021-06-09 21:56:43.102644: Cycle: 3, Model: 1, val_accuracy: [0.8718843460083008, 0.8965688347816467, 0.9098889231681824, 0.9124472141265869, 0.9129377007484436]
NAUTILUS=>2021-06-09 21:56:43.102718: Starting to generating the best model
NAUTILUS=>2021-06-09 21:56:49.050388: Completed generating the best model. Elapsed time: 0:00:05.947670
NAUTILUS=>2021-06-09 21:56:49.050388: Cycle: 3, Best Model: 1
NAUTILUS=>2021-06-09 21:56:49.050388: Cycle: 3, Best model loss: [1.0786219835281372, 0.5533128380775452, 0.4114153981208801, 0.3229483664035797, 0.24406540393829346]
NAUTILUS=>2021-06-09 21:56:49.050388: Cycle: 3, Best model accuracy: [0.6122634410858154, 0.7813418507575989, 0.846768319606781, 0.8865628838539124, 0.9208267331123352]
NAUTILUS=>2021-06-09 21:56:49.050388: Cycle: 3, Best model val_loss: [0.38938483595848083, 0.3041931986808777, 0.2628311812877655, 0.2745210826396942, 0.25541335344314575]
NAUTILUS=>2021-06-09 21:56:49.050388: Cycle: 3, Best model val_accuracy: [0.8718843460083008, 0.8965688347816467, 0.9098889231681824, 0.9124472141265869, 0.9129377007484436]
NAUTILUS=>2021-06-09 21:56:49.338081: Completed active learning cycle. Elapsed time: 0:00:57.904969
NAUTILUS=>2021-06-09 21:56:49.338098: ========> Active learning cycle: 4
NAUTILUS=>2021-06-09 21:56:49.338102: Starting data loading
NAUTILUS=>2021-06-09 21:57:34.041209: Completed data loading. Elapsed time: 0:00:44.703107
NAUTILUS=>2021-06-09 21:57:34.041226: Starting model selection
NAUTILUS=>2021-06-09 21:57:34.041242: Materializing training data
NAUTILUS=>2021-06-09 21:57:34.266024: Completed materializing training data. Elapsed time: 0:00:00.224782
NAUTILUS=>2021-06-09 21:57:34.266034: Generating intermediate features
NAUTILUS=>2021-06-09 21:57:42.870440: Completed generating intermediate features. Elapsed time: 0:00:08.604406
NAUTILUS=>2021-06-09 21:57:42.870459: Starting model training
NAUTILUS=>2021-06-09 21:58:35.650665: Completed model training. Elapsed time: 0:00:52.780206
NAUTILUS=>2021-06-09 21:58:35.650665: Cycle: 4, Model: 0, loss: [0.9596703052520752, 0.5426235795021057, 0.39063870906829834, 0.2973642349243164, 0.22478695213794708]
NAUTILUS=>2021-06-09 21:58:35.650665: Cycle: 4, Model: 0, accuracy: [0.6750210523605347, 0.8064690232276917, 0.8671517968177795, 0.9003514647483826, 0.9240975379943848]
NAUTILUS=>2021-06-09 21:58:35.650665: Cycle: 4, Model: 0, val_loss: [0.297878623008728, 0.2478531301021576, 0.2531643211841583, 0.2384309619665146, 0.2697615325450897]
NAUTILUS=>2021-06-09 21:58:35.650665: Cycle: 4, Model: 0, val_accuracy: [0.8886531591415405, 0.9110644459724426, 0.9120538234710693, 0.9211224317550659, 0.916496992111206]
NAUTILUS=>2021-06-09 21:58:35.650665: Cycle: 4, Model: 1, loss: [0.9946258068084717, 0.5856354236602783, 0.43250057101249695, 0.349101185798645, 0.28593167662620544]
NAUTILUS=>2021-06-09 21:58:35.650665: Cycle: 4, Model: 1, accuracy: [0.6595574021339417, 0.7876559495925903, 0.8466192483901978, 0.882932722568512, 0.9077975749969482]
NAUTILUS=>2021-06-09 21:58:35.650665: Cycle: 4, Model: 1, val_loss: [0.3343241214752197, 0.26386570930480957, 0.23571373522281647, 0.23574809730052948, 0.259385347366333]
NAUTILUS=>2021-06-09 21:58:35.650665: Cycle: 4, Model: 1, val_accuracy: [0.8835048675537109, 0.9073882102966309, 0.9193393588066101, 0.9188845157623291, 0.9140254259109497]
NAUTILUS=>2021-06-09 21:58:35.650726: Starting to generating the best model
NAUTILUS=>2021-06-09 21:58:41.576561: Completed generating the best model. Elapsed time: 0:00:05.925835
NAUTILUS=>2021-06-09 21:58:41.576561: Cycle: 4, Best Model: 0
NAUTILUS=>2021-06-09 21:58:41.576561: Cycle: 4, Best model loss: [0.9596703052520752, 0.5426235795021057, 0.39063870906829834, 0.2973642349243164, 0.22478695213794708]
NAUTILUS=>2021-06-09 21:58:41.576561: Cycle: 4, Best model accuracy: [0.6750210523605347, 0.8064690232276917, 0.8671517968177795, 0.9003514647483826, 0.9240975379943848]
NAUTILUS=>2021-06-09 21:58:41.576561: Cycle: 4, Best model val_loss: [0.297878623008728, 0.2478531301021576, 0.2531643211841583, 0.2384309619665146, 0.2697615325450897]
NAUTILUS=>2021-06-09 21:58:41.576561: Cycle: 4, Best model val_accuracy: [0.8886531591415405, 0.9110644459724426, 0.9120538234710693, 0.9211224317550659, 0.916496992111206]
NAUTILUS=>2021-06-09 21:58:41.863898: Completed active learning cycle. Elapsed time: 0:01:07.822672
NAUTILUS=>2021-06-09 21:58:41.863916: ========> Active learning cycle: 5
NAUTILUS=>2021-06-09 21:58:41.863919: Starting data loading
NAUTILUS=>2021-06-09 21:59:18.048595: Completed data loading. Elapsed time: 0:00:36.184676
NAUTILUS=>2021-06-09 21:59:18.048613: Starting model selection
NAUTILUS=>2021-06-09 21:59:18.048628: Materializing training data
NAUTILUS=>2021-06-09 21:59:18.272986: Completed materializing training data. Elapsed time: 0:00:00.224358
NAUTILUS=>2021-06-09 21:59:18.272996: Generating intermediate features
NAUTILUS=>2021-06-09 21:59:26.870988: Completed generating intermediate features. Elapsed time: 0:00:08.597992
NAUTILUS=>2021-06-09 21:59:26.871008: Starting model training
NAUTILUS=>2021-06-09 22:00:30.583761: Completed model training. Elapsed time: 0:01:03.712753
NAUTILUS=>2021-06-09 22:00:30.583761: Cycle: 5, Model: 0, loss: [0.8853709101676941, 0.4929724633693695, 0.3741864264011383, 0.2910918891429901, 0.20187334716320038]
NAUTILUS=>2021-06-09 22:00:30.583761: Cycle: 5, Model: 0, accuracy: [0.6910943984985352, 0.8278357982635498, 0.8678032159805298, 0.8984032273292542, 0.9364449977874756]
NAUTILUS=>2021-06-09 22:00:30.583761: Cycle: 5, Model: 0, val_loss: [0.29666340351104736, 0.2761925458908081, 0.23641595244407654, 0.22268258035182953, 0.22447094321250916]
NAUTILUS=>2021-06-09 22:00:30.583761: Cycle: 5, Model: 0, val_accuracy: [0.9021756649017334, 0.9035031199455261, 0.9187992215156555, 0.9251033067703247, 0.9289624094963074]
NAUTILUS=>2021-06-09 22:00:30.583761: Cycle: 5, Model: 1, loss: [0.9172696471214294, 0.5236733555793762, 0.40861284732818604, 0.3335857689380646, 0.26243314146995544]
NAUTILUS=>2021-06-09 22:00:30.583761: Cycle: 5, Model: 1, accuracy: [0.6801789999008179, 0.8120443820953369, 0.8575568199157715, 0.8861221671104431, 0.9159056544303894]
NAUTILUS=>2021-06-09 22:00:30.583761: Cycle: 5, Model: 1, val_loss: [0.32242444157600403, 0.2658641040325165, 0.24590930342674255, 0.22186532616615295, 0.22074246406555176]
NAUTILUS=>2021-06-09 22:00:30.583761: Cycle: 5, Model: 1, val_accuracy: [0.8974747061729431, 0.9082103967666626, 0.9177258014678955, 0.9220165014266968, 0.924018383026123]
NAUTILUS=>2021-06-09 22:00:30.583822: Starting to generating the best model
NAUTILUS=>2021-06-09 22:00:36.501210: Completed generating the best model. Elapsed time: 0:00:05.917388
NAUTILUS=>2021-06-09 22:00:36.501210: Cycle: 5, Best Model: 0
NAUTILUS=>2021-06-09 22:00:36.501210: Cycle: 5, Best model loss: [0.8853709101676941, 0.4929724633693695, 0.3741864264011383, 0.2910918891429901, 0.20187334716320038]
NAUTILUS=>2021-06-09 22:00:36.501210: Cycle: 5, Best model accuracy: [0.6910943984985352, 0.8278357982635498, 0.8678032159805298, 0.8984032273292542, 0.9364449977874756]
NAUTILUS=>2021-06-09 22:00:36.501210: Cycle: 5, Best model val_loss: [0.29666340351104736, 0.2761925458908081, 0.23641595244407654, 0.22268258035182953, 0.22447094321250916]
NAUTILUS=>2021-06-09 22:00:36.501210: Cycle: 5, Best model val_accuracy: [0.9021756649017334, 0.9035031199455261, 0.9187992215156555, 0.9251033067703247, 0.9289624094963074]
NAUTILUS=>2021-06-09 22:00:36.790376: Completed active learning cycle. Elapsed time: 0:01:18.741763
NAUTILUS=>2021-06-09 22:00:36.790393: ========> Active learning cycle: 6
NAUTILUS=>2021-06-09 22:00:36.790396: Starting data loading
NAUTILUS=>2021-06-09 22:01:17.249476: Completed data loading. Elapsed time: 0:00:40.459080
NAUTILUS=>2021-06-09 22:01:17.249494: Starting model selection
NAUTILUS=>2021-06-09 22:01:17.249509: Materializing training data
NAUTILUS=>2021-06-09 22:01:17.475428: Completed materializing training data. Elapsed time: 0:00:00.225919
NAUTILUS=>2021-06-09 22:01:17.475438: Generating intermediate features
NAUTILUS=>2021-06-09 22:01:26.052662: Completed generating intermediate features. Elapsed time: 0:00:08.577224
NAUTILUS=>2021-06-09 22:01:26.052682: Starting model training
NAUTILUS=>2021-06-09 22:02:40.582995: Completed model training. Elapsed time: 0:01:14.530313
NAUTILUS=>2021-06-09 22:02:40.582995: Cycle: 6, Model: 0, loss: [0.7816019654273987, 0.45842599868774414, 0.34616202116012573, 0.2614233195781708, 0.17335256934165955]
NAUTILUS=>2021-06-09 22:02:40.582995: Cycle: 6, Model: 0, accuracy: [0.731797993183136, 0.8392515182495117, 0.8807676434516907, 0.909263014793396, 0.9427666068077087]
NAUTILUS=>2021-06-09 22:02:40.582995: Cycle: 6, Model: 0, val_loss: [0.2611139714717865, 0.23148375749588013, 0.21995753049850464, 0.19530968368053436, 0.20256081223487854]
NAUTILUS=>2021-06-09 22:02:40.582995: Cycle: 6, Model: 0, val_accuracy: [0.9069599509239197, 0.9146952033042908, 0.9238062500953674, 0.932925820350647, 0.932982861995697]
NAUTILUS=>2021-06-09 22:02:40.582995: Cycle: 6, Model: 1, loss: [0.824698805809021, 0.48053959012031555, 0.38363537192344666, 0.3041907250881195, 0.23908820748329163]
NAUTILUS=>2021-06-09 22:02:40.582995: Cycle: 6, Model: 1, accuracy: [0.7125089764595032, 0.8310571908950806, 0.864337682723999, 0.8957840204238892, 0.922522783279419]
NAUTILUS=>2021-06-09 22:02:40.582995: Cycle: 6, Model: 1, val_loss: [0.2823687195777893, 0.23432789742946625, 0.21511845290660858, 0.19315539300441742, 0.2013426274061203]
NAUTILUS=>2021-06-09 22:02:40.582995: Cycle: 6, Model: 1, val_accuracy: [0.8986539840698242, 0.9157578349113464, 0.9267829656600952, 0.9322687983512878, 0.930157482624054]
NAUTILUS=>2021-06-09 22:02:40.583055: Starting to generating the best model
NAUTILUS=>2021-06-09 22:02:46.470288: Completed generating the best model. Elapsed time: 0:00:05.887233
NAUTILUS=>2021-06-09 22:02:46.470288: Cycle: 6, Best Model: 0
NAUTILUS=>2021-06-09 22:02:46.470288: Cycle: 6, Best model loss: [0.7816019654273987, 0.45842599868774414, 0.34616202116012573, 0.2614233195781708, 0.17335256934165955]
NAUTILUS=>2021-06-09 22:02:46.470288: Cycle: 6, Best model accuracy: [0.731797993183136, 0.8392515182495117, 0.8807676434516907, 0.909263014793396, 0.9427666068077087]
NAUTILUS=>2021-06-09 22:02:46.470288: Cycle: 6, Best model val_loss: [0.2611139714717865, 0.23148375749588013, 0.21995753049850464, 0.19530968368053436, 0.20256081223487854]
NAUTILUS=>2021-06-09 22:02:46.470288: Cycle: 6, Best model val_accuracy: [0.9069599509239197, 0.9146952033042908, 0.9238062500953674, 0.932925820350647, 0.932982861995697]
NAUTILUS=>2021-06-09 22:02:46.757078: Completed active learning cycle. Elapsed time: 0:01:29.507584
NAUTILUS=>2021-06-09 22:02:46.757095: ========> Active learning cycle: 7
NAUTILUS=>2021-06-09 22:02:46.757099: Starting data loading
NAUTILUS=>2021-06-09 22:03:19.389632: Completed data loading. Elapsed time: 0:00:32.632533
NAUTILUS=>2021-06-09 22:03:19.389650: Starting model selection
NAUTILUS=>2021-06-09 22:03:19.389665: Materializing training data
NAUTILUS=>2021-06-09 22:03:19.621917: Completed materializing training data. Elapsed time: 0:00:00.232252
NAUTILUS=>2021-06-09 22:03:19.621930: Generating intermediate features
NAUTILUS=>2021-06-09 22:03:28.172863: Completed generating intermediate features. Elapsed time: 0:00:08.550933
NAUTILUS=>2021-06-09 22:03:28.172882: Starting model training
NAUTILUS=>2021-06-09 22:04:53.494626: Completed model training. Elapsed time: 0:01:25.321744
NAUTILUS=>2021-06-09 22:04:53.494626: Cycle: 7, Model: 0, loss: [0.7429406046867371, 0.41617387533187866, 0.3141155540943146, 0.2321396768093109, 0.16836193203926086]
NAUTILUS=>2021-06-09 22:04:53.494626: Cycle: 7, Model: 0, accuracy: [0.7450994849205017, 0.854579746723175, 0.8920932412147522, 0.919238269329071, 0.9440600872039795]
NAUTILUS=>2021-06-09 22:04:53.494626: Cycle: 7, Model: 0, val_loss: [0.2779669761657715, 0.21177008748054504, 0.2069040983915329, 0.19436658918857574, 0.19783905148506165]
NAUTILUS=>2021-06-09 22:04:53.494626: Cycle: 7, Model: 0, val_accuracy: [0.8999613523483276, 0.9270884394645691, 0.9292905926704407, 0.9360984563827515, 0.9413207173347473]
NAUTILUS=>2021-06-09 22:04:53.494626: Cycle: 7, Model: 1, loss: [0.7837805151939392, 0.44469311833381653, 0.348510205745697, 0.28804630041122437, 0.2342429906129837]
NAUTILUS=>2021-06-09 22:04:53.494626: Cycle: 7, Model: 1, accuracy: [0.7288990020751953, 0.8413757085800171, 0.8789231777191162, 0.9021744132041931, 0.9223880171775818]
NAUTILUS=>2021-06-09 22:04:53.494626: Cycle: 7, Model: 1, val_loss: [0.2756711542606354, 0.22593429684638977, 0.20767202973365784, 0.19219331443309784, 0.1974244862794876]
NAUTILUS=>2021-06-09 22:04:53.494626: Cycle: 7, Model: 1, val_accuracy: [0.8999620079994202, 0.9196134805679321, 0.9283897876739502, 0.9324830770492554, 0.9366925954818726]
NAUTILUS=>2021-06-09 22:04:53.494702: Starting to generating the best model
NAUTILUS=>2021-06-09 22:04:59.404780: Completed generating the best model. Elapsed time: 0:00:05.910078
NAUTILUS=>2021-06-09 22:04:59.404780: Cycle: 7, Best Model: 0
NAUTILUS=>2021-06-09 22:04:59.404780: Cycle: 7, Best model loss: [0.7429406046867371, 0.41617387533187866, 0.3141155540943146, 0.2321396768093109, 0.16836193203926086]
NAUTILUS=>2021-06-09 22:04:59.404780: Cycle: 7, Best model accuracy: [0.7450994849205017, 0.854579746723175, 0.8920932412147522, 0.919238269329071, 0.9440600872039795]
NAUTILUS=>2021-06-09 22:04:59.404780: Cycle: 7, Best model val_loss: [0.2779669761657715, 0.21177008748054504, 0.2069040983915329, 0.19436658918857574, 0.19783905148506165]
NAUTILUS=>2021-06-09 22:04:59.404780: Cycle: 7, Best model val_accuracy: [0.8999613523483276, 0.9270884394645691, 0.9292905926704407, 0.9360984563827515, 0.9413207173347473]
NAUTILUS=>2021-06-09 22:04:59.692463: Completed active learning cycle. Elapsed time: 0:01:40.302813
NAUTILUS=>2021-06-09 22:04:59.692480: ========> Active learning cycle: 8
NAUTILUS=>2021-06-09 22:04:59.692484: Starting data loading
NAUTILUS=>2021-06-09 22:05:35.849773: Completed data loading. Elapsed time: 0:00:36.157289
NAUTILUS=>2021-06-09 22:05:35.849790: Starting model selection
NAUTILUS=>2021-06-09 22:05:35.849805: Materializing training data
NAUTILUS=>2021-06-09 22:05:36.078152: Completed materializing training data. Elapsed time: 0:00:00.228347
NAUTILUS=>2021-06-09 22:05:36.078165: Generating intermediate features
NAUTILUS=>2021-06-09 22:05:44.643450: Completed generating intermediate features. Elapsed time: 0:00:08.565285
NAUTILUS=>2021-06-09 22:05:44.643471: Starting model training
NAUTILUS=>2021-06-09 22:07:20.480205: Completed model training. Elapsed time: 0:01:35.836734
NAUTILUS=>2021-06-09 22:07:20.480205: Cycle: 8, Model: 0, loss: [0.6418262720108032, 0.38407638669013977, 0.2891036570072174, 0.21253423392772675, 0.14622075855731964]
NAUTILUS=>2021-06-09 22:07:20.480205: Cycle: 8, Model: 0, accuracy: [0.7731170654296875, 0.8663904666900635, 0.8969563841819763, 0.9286255836486816, 0.9497362375259399]
NAUTILUS=>2021-06-09 22:07:20.480205: Cycle: 8, Model: 0, val_loss: [0.23799535632133484, 0.21341709792613983, 0.2161562293767929, 0.19460256397724152, 0.19177095592021942]
NAUTILUS=>2021-06-09 22:07:20.480205: Cycle: 8, Model: 0, val_accuracy: [0.9126839637756348, 0.9226272702217102, 0.9235711097717285, 0.9313924312591553, 0.941038191318512]
NAUTILUS=>2021-06-09 22:07:20.480205: Cycle: 8, Model: 1, loss: [0.6690360903739929, 0.40230315923690796, 0.3182013928890228, 0.25763192772865295, 0.20425403118133545]
NAUTILUS=>2021-06-09 22:07:20.480205: Cycle: 8, Model: 1, accuracy: [0.7612127065658569, 0.8570829033851624, 0.8871929049491882, 0.9115144610404968, 0.9310402870178223]
NAUTILUS=>2021-06-09 22:07:20.480205: Cycle: 8, Model: 1, val_loss: [0.25682705640792847, 0.2243049293756485, 0.20765292644500732, 0.1996859312057495, 0.18743331730365753]
NAUTILUS=>2021-06-09 22:07:20.480205: Cycle: 8, Model: 1, val_accuracy: [0.9083133935928345, 0.9188007116317749, 0.9284810423851013, 0.9293174743652344, 0.9393224120140076]
NAUTILUS=>2021-06-09 22:07:20.480266: Starting to generating the best model
NAUTILUS=>2021-06-09 22:07:26.364998: Completed generating the best model. Elapsed time: 0:00:05.884732
NAUTILUS=>2021-06-09 22:07:26.364998: Cycle: 8, Best Model: 0
NAUTILUS=>2021-06-09 22:07:26.364998: Cycle: 8, Best model loss: [0.6418262720108032, 0.38407638669013977, 0.2891036570072174, 0.21253423392772675, 0.14622075855731964]
NAUTILUS=>2021-06-09 22:07:26.364998: Cycle: 8, Best model accuracy: [0.7731170654296875, 0.8663904666900635, 0.8969563841819763, 0.9286255836486816, 0.9497362375259399]
NAUTILUS=>2021-06-09 22:07:26.364998: Cycle: 8, Best model val_loss: [0.23799535632133484, 0.21341709792613983, 0.2161562293767929, 0.19460256397724152, 0.19177095592021942]
NAUTILUS=>2021-06-09 22:07:26.364998: Cycle: 8, Best model val_accuracy: [0.9126839637756348, 0.9226272702217102, 0.9235711097717285, 0.9313924312591553, 0.941038191318512]
NAUTILUS=>2021-06-09 22:07:26.657539: Completed active learning cycle. Elapsed time: 0:01:50.807749
NAUTILUS=>2021-06-09 22:07:26.657557: ========> Active learning cycle: 9
NAUTILUS=>2021-06-09 22:07:26.657561: Starting data loading
NAUTILUS=>2021-06-09 22:07:55.877471: Completed data loading. Elapsed time: 0:00:29.219910
NAUTILUS=>2021-06-09 22:07:55.877488: Starting model selection
NAUTILUS=>2021-06-09 22:07:55.877503: Materializing training data
NAUTILUS=>2021-06-09 22:07:56.103340: Completed materializing training data. Elapsed time: 0:00:00.225837
NAUTILUS=>2021-06-09 22:07:56.103349: Generating intermediate features
NAUTILUS=>2021-06-09 22:08:04.675533: Completed generating intermediate features. Elapsed time: 0:00:08.572184
NAUTILUS=>2021-06-09 22:08:04.675553: Starting model training
NAUTILUS=>2021-06-09 22:09:50.861801: Completed model training. Elapsed time: 0:01:46.186248
NAUTILUS=>2021-06-09 22:09:50.861801: Cycle: 9, Model: 0, loss: [0.611624002456665, 0.3486613929271698, 0.26413965225219727, 0.19063659012317657, 0.12991081178188324]
NAUTILUS=>2021-06-09 22:09:50.861801: Cycle: 9, Model: 0, accuracy: [0.7825702428817749, 0.8755037188529968, 0.9074695706367493, 0.9332244992256165, 0.9567611217498779]
NAUTILUS=>2021-06-09 22:09:50.861801: Cycle: 9, Model: 0, val_loss: [0.2357112318277359, 0.21504054963588715, 0.17899782955646515, 0.1918724924325943, 0.16910089552402496]
NAUTILUS=>2021-06-09 22:09:50.861801: Cycle: 9, Model: 0, val_accuracy: [0.9131903052330017, 0.928396463394165, 0.9330711960792542, 0.9381159543991089, 0.9455246329307556]
NAUTILUS=>2021-06-09 22:09:50.861801: Cycle: 9, Model: 1, loss: [0.6234952807426453, 0.3655271828174591, 0.2913767397403717, 0.23291565477848053, 0.1857086718082428]
NAUTILUS=>2021-06-09 22:09:50.861801: Cycle: 9, Model: 1, accuracy: [0.7785573601722717, 0.8675858378410339, 0.8972964882850647, 0.918847918510437, 0.937685489654541]
NAUTILUS=>2021-06-09 22:09:50.861801: Cycle: 9, Model: 1, val_loss: [0.2521664500236511, 0.21522849798202515, 0.1876622885465622, 0.19347447156906128, 0.17751027643680573]
NAUTILUS=>2021-06-09 22:09:50.861801: Cycle: 9, Model: 1, val_accuracy: [0.9039590358734131, 0.9253221750259399, 0.930641770362854, 0.9330915808677673, 0.9381265640258789]
NAUTILUS=>2021-06-09 22:09:50.861860: Starting to generating the best model
NAUTILUS=>2021-06-09 22:09:56.729767: Completed generating the best model. Elapsed time: 0:00:05.867907
NAUTILUS=>2021-06-09 22:09:56.729767: Cycle: 9, Best Model: 0
NAUTILUS=>2021-06-09 22:09:56.729767: Cycle: 9, Best model loss: [0.611624002456665, 0.3486613929271698, 0.26413965225219727, 0.19063659012317657, 0.12991081178188324]
NAUTILUS=>2021-06-09 22:09:56.729767: Cycle: 9, Best model accuracy: [0.7825702428817749, 0.8755037188529968, 0.9074695706367493, 0.9332244992256165, 0.9567611217498779]
NAUTILUS=>2021-06-09 22:09:56.729767: Cycle: 9, Best model val_loss: [0.2357112318277359, 0.21504054963588715, 0.17899782955646515, 0.1918724924325943, 0.16910089552402496]
NAUTILUS=>2021-06-09 22:09:56.729767: Cycle: 9, Best model val_accuracy: [0.9131903052330017, 0.928396463394165, 0.9330711960792542, 0.9381159543991089, 0.9455246329307556]
NAUTILUS=>2021-06-09 22:09:57.022539: Completed active learning cycle. Elapsed time: 0:02:01.145051
NAUTILUS=>2021-06-09 22:09:57.022556: ========> Active learning cycle: 10
NAUTILUS=>2021-06-09 22:09:57.022560: Starting data loading
NAUTILUS=>2021-06-09 22:10:28.979995: Completed data loading. Elapsed time: 0:00:31.957435
NAUTILUS=>2021-06-09 22:10:28.980012: Starting model selection
NAUTILUS=>2021-06-09 22:10:28.980026: Materializing training data
NAUTILUS=>2021-06-09 22:10:29.206437: Completed materializing training data. Elapsed time: 0:00:00.226411
NAUTILUS=>2021-06-09 22:10:29.206450: Generating intermediate features
NAUTILUS=>2021-06-09 22:10:37.830396: Completed generating intermediate features. Elapsed time: 0:00:08.623946
NAUTILUS=>2021-06-09 22:10:37.830415: Starting model training
NAUTILUS=>2021-06-09 22:12:35.261164: Completed model training. Elapsed time: 0:01:57.430749
NAUTILUS=>2021-06-09 22:12:35.261164: Cycle: 10, Model: 0, loss: [0.5465570688247681, 0.32476088404655457, 0.24085170030593872, 0.17992667853832245, 0.12033199518918991]
NAUTILUS=>2021-06-09 22:12:35.261164: Cycle: 10, Model: 0, accuracy: [0.8085322380065918, 0.8821210861206055, 0.9156398773193359, 0.9386711716651917, 0.9607993364334106]
NAUTILUS=>2021-06-09 22:12:35.261164: Cycle: 10, Model: 0, val_loss: [0.23527584969997406, 0.20794418454170227, 0.17057421803474426, 0.1884724646806717, 0.16957499086856842]
NAUTILUS=>2021-06-09 22:12:35.261164: Cycle: 10, Model: 0, val_accuracy: [0.9204859137535095, 0.9261510372161865, 0.9435020089149475, 0.943476676940918, 0.9490193128585815]
NAUTILUS=>2021-06-09 22:12:35.261164: Cycle: 10, Model: 1, loss: [0.5790716409683228, 0.33984026312828064, 0.26756346225738525, 0.22142139077186584, 0.17341715097427368]
NAUTILUS=>2021-06-09 22:12:35.261164: Cycle: 10, Model: 1, accuracy: [0.7941977381706238, 0.8761575222015381, 0.906022310256958, 0.9243952631950378, 0.9430428147315979]
NAUTILUS=>2021-06-09 22:12:35.261164: Cycle: 10, Model: 1, val_loss: [0.235660120844841, 0.1989777535200119, 0.1796579658985138, 0.1785089075565338, 0.16424281895160675]
NAUTILUS=>2021-06-09 22:12:35.261164: Cycle: 10, Model: 1, val_accuracy: [0.9180216789245605, 0.9282292723655701, 0.9375193119049072, 0.9407456517219543, 0.9473972320556641]
NAUTILUS=>2021-06-09 22:12:35.261225: Starting to generating the best model
NAUTILUS=>2021-06-09 22:12:41.196116: Completed generating the best model. Elapsed time: 0:00:05.934891
NAUTILUS=>2021-06-09 22:12:41.196116: Cycle: 10, Best Model: 0
NAUTILUS=>2021-06-09 22:12:41.196116: Cycle: 10, Best model loss: [0.5465570688247681, 0.32476088404655457, 0.24085170030593872, 0.17992667853832245, 0.12033199518918991]
NAUTILUS=>2021-06-09 22:12:41.196116: Cycle: 10, Best model accuracy: [0.8085322380065918, 0.8821210861206055, 0.9156398773193359, 0.9386711716651917, 0.9607993364334106]
NAUTILUS=>2021-06-09 22:12:41.196116: Cycle: 10, Best model val_loss: [0.23527584969997406, 0.20794418454170227, 0.17057421803474426, 0.1884724646806717, 0.16957499086856842]
NAUTILUS=>2021-06-09 22:12:41.196116: Cycle: 10, Best model val_accuracy: [0.9204859137535095, 0.9261510372161865, 0.9435020089149475, 0.943476676940918, 0.9490193128585815]
NAUTILUS=>2021-06-09 22:12:41.483456: Completed active learning cycle. Elapsed time: 0:02:12.503444
NAUTILUS=>2021-06-09 22:12:41.483473: Workload completed. Elapsed time: 0:20:29.319568
