NAUTILUS=>2021-06-09 23:33:57.564883: Starting workload
NAUTILUS=>2021-06-09 23:33:57.564883: RANDOM_SEED: 2020
NAUTILUS=>2021-06-09 23:33:57.564883: VERY_LARGE_VALUE: 1000000000000000.0
NAUTILUS=>2021-06-09 23:33:57.564883: NO_MAT_OPT: True
NAUTILUS=>2021-06-09 23:33:57.564883: MODE: ftr3-3
NAUTILUS=>2021-06-09 23:33:57.564883: STORAGE_PATH: ./storage
NAUTILUS=>2021-06-09 23:33:57.564883: NO_FUSE_OPT: False
NAUTILUS=>2021-06-09 23:33:57.564883: NUM_EPOCHS: 5
NAUTILUS=>2021-06-09 23:33:57.564883: MAX_NUM_RECORDS: 5000
NAUTILUS=>2021-06-09 23:33:57.564883: ACTIVE_LEARNING_BATCH_SIZE: 500
NAUTILUS=>2021-06-09 23:33:57.564883: VALID_FRACTION: 0.2
NAUTILUS=>2021-06-09 23:33:57.564883: SAMPLING_STRATERGY: uncertainty
NAUTILUS=>2021-06-09 23:33:57.564883: NO_PRETRAINING: False
NAUTILUS=>2021-06-09 23:33:57.564883: STORAGE_BUDGET: 25
NAUTILUS=>2021-06-09 23:33:57.564883: MEMORY_BUDGET: 10
NAUTILUS=>2021-06-09 23:33:57.564883: WORKSPACE_MEMORY: 1
NAUTILUS=>2021-06-09 23:33:57.564883: COMPUTE_THROUGHPUT: 6
NAUTILUS=>2021-06-09 23:33:57.564883: DISK_THROUGHPUT: 500
NAUTILUS=>2021-06-09 23:33:57.564883: SHUFFLE_BUFFER_SIZE: 10000
NAUTILUS=>2021-06-09 23:33:57.564932: Starting system initialization
NAUTILUS=>2021-06-09 23:33:58.249220: Starting model profiling
NAUTILUS=>2021-06-09 23:34:28.774879: Completed model profiling. Elapsed time: 0:00:30.525656
NAUTILUS=>2021-06-09 23:34:28.774879: Model parameters
NAUTILUS=>2021-06-09 23:34:28.774946: Generating optimized model selection plan
NAUTILUS=>2021-06-09 23:34:28.865057: Used materialized layers: 
NAUTILUS=>2021-06-09 23:34:28.865057: Model training plan: {"2_0_1": {"models": ["2", "0", "1"], "output_layers": ["2/classifier", "0/classifier", "1/classifier"], "flops_consumption": 1117099705925000.0, "compute_flops": 1116660252800000.0, "load_flops": 439453125000.0, "memory_consumption": 2.9365869238972664, "used_materialized_layers": [], "batch_size": 16, "num_epochs": [5, 5, 5], "flops_reduction": 560644624325000.0, "merged_models": ["2", "0_1"]}}
NAUTILUS=>2021-06-09 23:34:28.865166: Completed generating optimized model selection plan. Elapsed time: 0:00:00.090219
NAUTILUS=>2021-06-09 23:34:28.865173: Generating fused models
NAUTILUS=>2021-06-09 23:34:39.469244: Completed generating fused models. Elapsed time: 0:00:10.604071
NAUTILUS=>2021-06-09 23:34:39.469244: Current Practice FLOPs: 447414119040.0
NAUTILUS=>2021-06-09 23:34:39.469244: Optimal FLOPs: 111291016320.0
NAUTILUS=>2021-06-09 23:34:39.469244: Theoretical Speedup: 4.020217748335861
NAUTILUS=>2021-06-09 23:34:39.522192: Completed system initialization. Elapsed time: 0:00:41.957260
NAUTILUS=>2021-06-09 23:34:39.522216: ========> Active learning cycle: 1
NAUTILUS=>2021-06-09 23:34:39.522220: Starting data loading
NAUTILUS=>2021-06-09 23:34:55.906941: Completed data loading. Elapsed time: 0:00:16.384721
NAUTILUS=>2021-06-09 23:34:55.906967: Starting model selection
NAUTILUS=>2021-06-09 23:34:55.906986: Materializing training data
NAUTILUS=>2021-06-09 23:34:56.147569: Completed materializing training data. Elapsed time: 0:00:00.240583
NAUTILUS=>2021-06-09 23:34:56.147580: Starting model training
NAUTILUS=>2021-06-09 23:35:36.870242: Completed model training. Elapsed time: 0:00:40.722662
NAUTILUS=>2021-06-09 23:35:36.870242: Cycle: 1, Model: 2, loss: [1.10059654712677, 0.47445783019065857, 0.3396696448326111, 0.2579960823059082, 0.2015160620212555]
NAUTILUS=>2021-06-09 23:35:36.870242: Cycle: 1, Model: 2, accuracy: [0.6883387565612793, 0.8442584276199341, 0.8858430981636047, 0.9036238193511963, 0.9335419535636902]
NAUTILUS=>2021-06-09 23:35:36.870242: Cycle: 1, Model: 2, val_loss: [0.6876409649848938, 0.47299858927726746, 0.41176071763038635, 0.3972280025482178, 0.38042232394218445]
NAUTILUS=>2021-06-09 23:35:36.870242: Cycle: 1, Model: 2, val_accuracy: [0.7769367694854736, 0.828457236289978, 0.848990797996521, 0.8405357599258423, 0.8534486889839172]
NAUTILUS=>2021-06-09 23:35:36.870242: Cycle: 1, Model: 0, loss: [0.828880786895752, 0.2970868945121765, 0.1905224621295929, 0.12513619661331177, 0.08048415929079056]
NAUTILUS=>2021-06-09 23:35:36.870242: Cycle: 1, Model: 0, accuracy: [0.7468414902687073, 0.8900124430656433, 0.9346765279769897, 0.9563759565353394, 0.9700300097465515]
NAUTILUS=>2021-06-09 23:35:36.870242: Cycle: 1, Model: 0, val_loss: [0.46392127871513367, 0.41468507051467896, 0.35327720642089844, 0.3933575451374054, 0.37415364384651184]
NAUTILUS=>2021-06-09 23:35:36.870242: Cycle: 1, Model: 0, val_accuracy: [0.8359349966049194, 0.8561877608299255, 0.8714163899421692, 0.8704221248626709, 0.8852939605712891]
NAUTILUS=>2021-06-09 23:35:36.870242: Cycle: 1, Model: 1, loss: [1.004594087600708, 0.4065803587436676, 0.28088250756263733, 0.1944686472415924, 0.1432686597108841]
NAUTILUS=>2021-06-09 23:35:36.870242: Cycle: 1, Model: 1, accuracy: [0.7063083052635193, 0.8641493320465088, 0.9058865904808044, 0.9262921214103699, 0.9485536217689514]
NAUTILUS=>2021-06-09 23:35:36.870242: Cycle: 1, Model: 1, val_loss: [0.5762648582458496, 0.4119471609592438, 0.3756779432296753, 0.36078953742980957, 0.36561131477355957]
NAUTILUS=>2021-06-09 23:35:36.870242: Cycle: 1, Model: 1, val_accuracy: [0.8098840117454529, 0.8507524728775024, 0.8563680052757263, 0.869193971157074, 0.8720411062240601]
NAUTILUS=>2021-06-09 23:35:36.870321: Starting to generating the best model
NAUTILUS=>2021-06-09 23:35:44.281366: Completed generating the best model. Elapsed time: 0:00:07.411045
NAUTILUS=>2021-06-09 23:35:44.281366: Cycle: 1, Best Model: 0
NAUTILUS=>2021-06-09 23:35:44.281366: Cycle: 1, Best model loss: [0.828880786895752, 0.2970868945121765, 0.1905224621295929, 0.12513619661331177, 0.08048415929079056]
NAUTILUS=>2021-06-09 23:35:44.281366: Cycle: 1, Best model accuracy: [0.7468414902687073, 0.8900124430656433, 0.9346765279769897, 0.9563759565353394, 0.9700300097465515]
NAUTILUS=>2021-06-09 23:35:44.281366: Cycle: 1, Best model val_loss: [0.46392127871513367, 0.41468507051467896, 0.35327720642089844, 0.3933575451374054, 0.37415364384651184]
NAUTILUS=>2021-06-09 23:35:44.281366: Cycle: 1, Best model val_accuracy: [0.8359349966049194, 0.8561877608299255, 0.8714163899421692, 0.8704221248626709, 0.8852939605712891]
NAUTILUS=>2021-06-09 23:35:44.569907: Completed active learning cycle. Elapsed time: 0:00:48.662940
NAUTILUS=>2021-06-09 23:35:44.569924: ========> Active learning cycle: 2
NAUTILUS=>2021-06-09 23:35:44.569928: Starting data loading
NAUTILUS=>2021-06-09 23:36:33.153579: Completed data loading. Elapsed time: 0:00:48.583651
NAUTILUS=>2021-06-09 23:36:33.153597: Starting model selection
NAUTILUS=>2021-06-09 23:36:33.153612: Materializing training data
NAUTILUS=>2021-06-09 23:36:33.382158: Completed materializing training data. Elapsed time: 0:00:00.228546
NAUTILUS=>2021-06-09 23:36:33.382169: Starting model training
NAUTILUS=>2021-06-09 23:37:38.404583: Completed model training. Elapsed time: 0:01:05.022414
NAUTILUS=>2021-06-09 23:37:38.404583: Cycle: 2, Model: 2, loss: [1.1710573434829712, 0.5940357446670532, 0.4166698455810547, 0.3269308805465698, 0.24684351682662964]
NAUTILUS=>2021-06-09 23:37:38.404583: Cycle: 2, Model: 2, accuracy: [0.5746650695800781, 0.7590763568878174, 0.8437793850898743, 0.8772196769714355, 0.906093418598175]
NAUTILUS=>2021-06-09 23:37:38.404583: Cycle: 2, Model: 2, val_loss: [0.5098970532417297, 0.384104460477829, 0.3192782402038574, 0.3005669414997101, 0.27994731068611145]
NAUTILUS=>2021-06-09 23:37:38.404583: Cycle: 2, Model: 2, val_accuracy: [0.8162043690681458, 0.8690874576568604, 0.8832870721817017, 0.9080027937889099, 0.9080075621604919]
NAUTILUS=>2021-06-09 23:37:38.404583: Cycle: 2, Model: 0, loss: [0.9820088148117065, 0.4282233417034149, 0.27448874711990356, 0.19114281237125397, 0.12522214651107788]
NAUTILUS=>2021-06-09 23:37:38.404583: Cycle: 2, Model: 0, accuracy: [0.6411345601081848, 0.8296785950660706, 0.8881787657737732, 0.9303540587425232, 0.9543465375900269]
NAUTILUS=>2021-06-09 23:37:38.404583: Cycle: 2, Model: 0, val_loss: [0.378217875957489, 0.3470527231693268, 0.29616519808769226, 0.28355538845062256, 0.3051360249519348]
NAUTILUS=>2021-06-09 23:37:38.404583: Cycle: 2, Model: 0, val_accuracy: [0.8639460802078247, 0.8841715455055237, 0.9048786163330078, 0.9142364263534546, 0.9139883518218994]
NAUTILUS=>2021-06-09 23:37:38.404583: Cycle: 2, Model: 1, loss: [1.0316306352615356, 0.49598369002342224, 0.33836865425109863, 0.2519089877605438, 0.17347855865955353]
NAUTILUS=>2021-06-09 23:37:38.404583: Cycle: 2, Model: 1, accuracy: [0.6214208006858826, 0.8046935200691223, 0.8720493316650391, 0.9077181816101074, 0.9331250190734863]
NAUTILUS=>2021-06-09 23:37:38.404583: Cycle: 2, Model: 1, val_loss: [0.4488494396209717, 0.3552570044994354, 0.2943028509616852, 0.2883753776550293, 0.2760796844959259]
NAUTILUS=>2021-06-09 23:37:38.404583: Cycle: 2, Model: 1, val_accuracy: [0.8425663709640503, 0.8833434581756592, 0.8984968066215515, 0.9134674668312073, 0.9148668646812439]
NAUTILUS=>2021-06-09 23:37:38.404662: Starting to generating the best model
NAUTILUS=>2021-06-09 23:37:45.765053: Completed generating the best model. Elapsed time: 0:00:07.360391
NAUTILUS=>2021-06-09 23:37:45.765053: Cycle: 2, Best Model: 1
NAUTILUS=>2021-06-09 23:37:45.765053: Cycle: 2, Best model loss: [1.0316306352615356, 0.49598369002342224, 0.33836865425109863, 0.2519089877605438, 0.17347855865955353]
NAUTILUS=>2021-06-09 23:37:45.765053: Cycle: 2, Best model accuracy: [0.6214208006858826, 0.8046935200691223, 0.8720493316650391, 0.9077181816101074, 0.9331250190734863]
NAUTILUS=>2021-06-09 23:37:45.765053: Cycle: 2, Best model val_loss: [0.4488494396209717, 0.3552570044994354, 0.2943028509616852, 0.2883753776550293, 0.2760796844959259]
NAUTILUS=>2021-06-09 23:37:45.765053: Cycle: 2, Best model val_accuracy: [0.8425663709640503, 0.8833434581756592, 0.8984968066215515, 0.9134674668312073, 0.9148668646812439]
NAUTILUS=>2021-06-09 23:37:46.053203: Completed active learning cycle. Elapsed time: 0:01:12.899606
NAUTILUS=>2021-06-09 23:37:46.053220: ========> Active learning cycle: 3
NAUTILUS=>2021-06-09 23:37:46.053224: Starting data loading
NAUTILUS=>2021-06-09 23:38:25.898897: Completed data loading. Elapsed time: 0:00:39.845673
NAUTILUS=>2021-06-09 23:38:25.898915: Starting model selection
NAUTILUS=>2021-06-09 23:38:25.898931: Materializing training data
NAUTILUS=>2021-06-09 23:38:26.125467: Completed materializing training data. Elapsed time: 0:00:00.226536
NAUTILUS=>2021-06-09 23:38:26.125476: Starting model training
NAUTILUS=>2021-06-09 23:39:54.353000: Completed model training. Elapsed time: 0:01:28.227524
NAUTILUS=>2021-06-09 23:39:54.353000: Cycle: 3, Model: 2, loss: [1.1735774278640747, 0.641319215297699, 0.4948524534702301, 0.40294119715690613, 0.32845833897590637]
NAUTILUS=>2021-06-09 23:39:54.353000: Cycle: 3, Model: 2, accuracy: [0.5799587965011597, 0.7489868998527527, 0.8102654814720154, 0.8545003533363342, 0.8838516473770142]
NAUTILUS=>2021-06-09 23:39:54.353000: Cycle: 3, Model: 2, val_loss: [0.4711654782295227, 0.3578032851219177, 0.30111512541770935, 0.27222421765327454, 0.2651253640651703]
NAUTILUS=>2021-06-09 23:39:54.353000: Cycle: 3, Model: 2, val_accuracy: [0.8245394229888916, 0.8735413551330566, 0.8958663940429688, 0.908065915107727, 0.9127779006958008]
NAUTILUS=>2021-06-09 23:39:54.353000: Cycle: 3, Model: 0, loss: [1.050710916519165, 0.5033090710639954, 0.3407381474971771, 0.2735863924026489, 0.1836095005273819]
NAUTILUS=>2021-06-09 23:39:54.353000: Cycle: 3, Model: 0, accuracy: [0.6389156579971313, 0.8102914094924927, 0.8764285445213318, 0.9025121331214905, 0.9408676028251648]
NAUTILUS=>2021-06-09 23:39:54.353000: Cycle: 3, Model: 0, val_loss: [0.36430713534355164, 0.25770995020866394, 0.28084877133369446, 0.30716580152511597, 0.29371631145477295]
NAUTILUS=>2021-06-09 23:39:54.353000: Cycle: 3, Model: 0, val_accuracy: [0.866638720035553, 0.9088951349258423, 0.9155575633049011, 0.9189569354057312, 0.9139968752861023]
NAUTILUS=>2021-06-09 23:39:54.353000: Cycle: 3, Model: 1, loss: [1.0783882141113281, 0.5539801120758057, 0.41034072637557983, 0.3224407732486725, 0.24361225962638855]
NAUTILUS=>2021-06-09 23:39:54.353000: Cycle: 3, Model: 1, accuracy: [0.6114398241043091, 0.7815563082695007, 0.8466833233833313, 0.8862652778625488, 0.9209495186805725]
NAUTILUS=>2021-06-09 23:39:54.353000: Cycle: 3, Model: 1, val_loss: [0.3908446729183197, 0.3065914511680603, 0.262494832277298, 0.2744654715061188, 0.25558269023895264]
NAUTILUS=>2021-06-09 23:39:54.353000: Cycle: 3, Model: 1, val_accuracy: [0.8673787713050842, 0.8960530757904053, 0.910903811454773, 0.9131661057472229, 0.9138773679733276]
NAUTILUS=>2021-06-09 23:39:54.353079: Starting to generating the best model
NAUTILUS=>2021-06-09 23:40:01.690661: Completed generating the best model. Elapsed time: 0:00:07.337582
NAUTILUS=>2021-06-09 23:40:01.690661: Cycle: 3, Best Model: 0
NAUTILUS=>2021-06-09 23:40:01.690661: Cycle: 3, Best model loss: [1.050710916519165, 0.5033090710639954, 0.3407381474971771, 0.2735863924026489, 0.1836095005273819]
NAUTILUS=>2021-06-09 23:40:01.690661: Cycle: 3, Best model accuracy: [0.6389156579971313, 0.8102914094924927, 0.8764285445213318, 0.9025121331214905, 0.9408676028251648]
NAUTILUS=>2021-06-09 23:40:01.690661: Cycle: 3, Best model val_loss: [0.36430713534355164, 0.25770995020866394, 0.28084877133369446, 0.30716580152511597, 0.29371631145477295]
NAUTILUS=>2021-06-09 23:40:01.690661: Cycle: 3, Best model val_accuracy: [0.866638720035553, 0.9088951349258423, 0.9155575633049011, 0.9189569354057312, 0.9139968752861023]
NAUTILUS=>2021-06-09 23:40:01.979014: Completed active learning cycle. Elapsed time: 0:01:36.080099
NAUTILUS=>2021-06-09 23:40:01.979031: ========> Active learning cycle: 4
NAUTILUS=>2021-06-09 23:40:01.979035: Starting data loading
NAUTILUS=>2021-06-09 23:40:46.819529: Completed data loading. Elapsed time: 0:00:44.840494
NAUTILUS=>2021-06-09 23:40:46.819546: Starting model selection
NAUTILUS=>2021-06-09 23:40:46.819562: Materializing training data
NAUTILUS=>2021-06-09 23:40:47.054428: Completed materializing training data. Elapsed time: 0:00:00.234866
NAUTILUS=>2021-06-09 23:40:47.054440: Starting model training
NAUTILUS=>2021-06-09 23:42:39.226335: Completed model training. Elapsed time: 0:01:52.171895
NAUTILUS=>2021-06-09 23:42:39.226335: Cycle: 4, Model: 2, loss: [1.0899462699890137, 0.6413844227790833, 0.4948538839817047, 0.41406792402267456, 0.344333291053772]
NAUTILUS=>2021-06-09 23:42:39.226335: Cycle: 4, Model: 2, accuracy: [0.6264644265174866, 0.765727162361145, 0.8239339590072632, 0.8567831516265869, 0.8847637176513672]
NAUTILUS=>2021-06-09 23:42:39.226335: Cycle: 4, Model: 2, val_loss: [0.3959845304489136, 0.31839990615844727, 0.2684658169746399, 0.25137320160865784, 0.2544252872467041]
NAUTILUS=>2021-06-09 23:42:39.226335: Cycle: 4, Model: 2, val_accuracy: [0.8549231886863708, 0.8806942701339722, 0.9059680104255676, 0.9148151278495789, 0.9107865691184998]
NAUTILUS=>2021-06-09 23:42:39.226335: Cycle: 4, Model: 0, loss: [0.9954246282577515, 0.5512508749961853, 0.40315356850624084, 0.30540013313293457, 0.2146904319524765]
NAUTILUS=>2021-06-09 23:42:39.226335: Cycle: 4, Model: 0, accuracy: [0.6607085466384888, 0.8087973594665527, 0.8626412749290466, 0.9007800221443176, 0.9326201677322388]
NAUTILUS=>2021-06-09 23:42:39.226335: Cycle: 4, Model: 0, val_loss: [0.33241569995880127, 0.2548426389694214, 0.2528800666332245, 0.23583447933197021, 0.23320510983467102]
NAUTILUS=>2021-06-09 23:42:39.226335: Cycle: 4, Model: 0, val_accuracy: [0.8836964964866638, 0.9098818302154541, 0.9095988273620605, 0.9224218726158142, 0.9229169487953186]
NAUTILUS=>2021-06-09 23:42:39.226335: Cycle: 4, Model: 1, loss: [1.001509428024292, 0.583232581615448, 0.43986424803733826, 0.3569352626800537, 0.2737649381160736]
NAUTILUS=>2021-06-09 23:42:39.226335: Cycle: 4, Model: 1, accuracy: [0.6574764251708984, 0.7933529019355774, 0.8438103199005127, 0.8796484470367432, 0.9128134846687317]
NAUTILUS=>2021-06-09 23:42:39.226335: Cycle: 4, Model: 1, val_loss: [0.34195423126220703, 0.26726189255714417, 0.25359395146369934, 0.23509535193443298, 0.23659701645374298]
NAUTILUS=>2021-06-09 23:42:39.226335: Cycle: 4, Model: 1, val_accuracy: [0.8801698088645935, 0.9056617617607117, 0.912513256072998, 0.9193992614746094, 0.9166221618652344]
NAUTILUS=>2021-06-09 23:42:39.226414: Starting to generating the best model
NAUTILUS=>2021-06-09 23:42:46.600880: Completed generating the best model. Elapsed time: 0:00:07.374466
NAUTILUS=>2021-06-09 23:42:46.600880: Cycle: 4, Best Model: 0
NAUTILUS=>2021-06-09 23:42:46.600880: Cycle: 4, Best model loss: [0.9954246282577515, 0.5512508749961853, 0.40315356850624084, 0.30540013313293457, 0.2146904319524765]
NAUTILUS=>2021-06-09 23:42:46.600880: Cycle: 4, Best model accuracy: [0.6607085466384888, 0.8087973594665527, 0.8626412749290466, 0.9007800221443176, 0.9326201677322388]
NAUTILUS=>2021-06-09 23:42:46.600880: Cycle: 4, Best model val_loss: [0.33241569995880127, 0.2548426389694214, 0.2528800666332245, 0.23583447933197021, 0.23320510983467102]
NAUTILUS=>2021-06-09 23:42:46.600880: Cycle: 4, Best model val_accuracy: [0.8836964964866638, 0.9098818302154541, 0.9095988273620605, 0.9224218726158142, 0.9229169487953186]
NAUTILUS=>2021-06-09 23:42:46.891411: Completed active learning cycle. Elapsed time: 0:02:00.071865
NAUTILUS=>2021-06-09 23:42:46.891428: ========> Active learning cycle: 5
NAUTILUS=>2021-06-09 23:42:46.891431: Starting data loading
NAUTILUS=>2021-06-09 23:43:23.297379: Completed data loading. Elapsed time: 0:00:36.405948
NAUTILUS=>2021-06-09 23:43:23.297396: Starting model selection
NAUTILUS=>2021-06-09 23:43:23.297411: Materializing training data
NAUTILUS=>2021-06-09 23:43:23.526005: Completed materializing training data. Elapsed time: 0:00:00.228594
NAUTILUS=>2021-06-09 23:43:23.526014: Starting model training
NAUTILUS=>2021-06-09 23:45:39.195805: Completed model training. Elapsed time: 0:02:15.669791
NAUTILUS=>2021-06-09 23:45:39.195805: Cycle: 5, Model: 2, loss: [0.9837369322776794, 0.5928076505661011, 0.46222618222236633, 0.38326603174209595, 0.3335665464401245]
NAUTILUS=>2021-06-09 23:45:39.195805: Cycle: 5, Model: 2, accuracy: [0.6523900628089905, 0.7841020226478577, 0.8357023000717163, 0.8674660325050354, 0.8877460956573486]
NAUTILUS=>2021-06-09 23:45:39.195805: Cycle: 5, Model: 2, val_loss: [0.38178542256355286, 0.30296090245246887, 0.25303134322166443, 0.23128250241279602, 0.22552986443042755]
NAUTILUS=>2021-06-09 23:45:39.195805: Cycle: 5, Model: 2, val_accuracy: [0.8667240738868713, 0.8918328285217285, 0.9155842661857605, 0.9192699193954468, 0.9214889407157898]
NAUTILUS=>2021-06-09 23:45:39.195805: Cycle: 5, Model: 0, loss: [0.904207170009613, 0.505036473274231, 0.3840261399745941, 0.2748444080352783, 0.19488272070884705]
NAUTILUS=>2021-06-09 23:45:39.195805: Cycle: 5, Model: 0, accuracy: [0.6921955347061157, 0.8266817331314087, 0.8685885667800903, 0.9107164740562439, 0.9354862570762634]
NAUTILUS=>2021-06-09 23:45:39.195805: Cycle: 5, Model: 0, val_loss: [0.3013412356376648, 0.2644602656364441, 0.23622345924377441, 0.2224932610988617, 0.23127955198287964]
NAUTILUS=>2021-06-09 23:45:39.195805: Cycle: 5, Model: 0, val_accuracy: [0.8966397643089294, 0.9116717576980591, 0.9236247539520264, 0.9244238138198853, 0.9264432191848755]
NAUTILUS=>2021-06-09 23:45:39.195805: Cycle: 5, Model: 1, loss: [0.9218186736106873, 0.5378509163856506, 0.41086679697036743, 0.325893759727478, 0.267581045627594]
NAUTILUS=>2021-06-09 23:45:39.195805: Cycle: 5, Model: 1, accuracy: [0.6786155104637146, 0.808452308177948, 0.8559844493865967, 0.8916692137718201, 0.9123297333717346]
NAUTILUS=>2021-06-09 23:45:39.195805: Cycle: 5, Model: 1, val_loss: [0.32943612337112427, 0.25770819187164307, 0.24129052460193634, 0.22307893633842468, 0.22264160215854645]
NAUTILUS=>2021-06-09 23:45:39.195805: Cycle: 5, Model: 1, val_accuracy: [0.884997546672821, 0.9141061902046204, 0.9190099239349365, 0.9170877933502197, 0.9235996603965759]
NAUTILUS=>2021-06-09 23:45:39.195885: Starting to generating the best model
NAUTILUS=>2021-06-09 23:45:46.538635: Completed generating the best model. Elapsed time: 0:00:07.342750
NAUTILUS=>2021-06-09 23:45:46.538635: Cycle: 5, Best Model: 0
NAUTILUS=>2021-06-09 23:45:46.538635: Cycle: 5, Best model loss: [0.904207170009613, 0.505036473274231, 0.3840261399745941, 0.2748444080352783, 0.19488272070884705]
NAUTILUS=>2021-06-09 23:45:46.538635: Cycle: 5, Best model accuracy: [0.6921955347061157, 0.8266817331314087, 0.8685885667800903, 0.9107164740562439, 0.9354862570762634]
NAUTILUS=>2021-06-09 23:45:46.538635: Cycle: 5, Best model val_loss: [0.3013412356376648, 0.2644602656364441, 0.23622345924377441, 0.2224932610988617, 0.23127955198287964]
NAUTILUS=>2021-06-09 23:45:46.538635: Cycle: 5, Best model val_accuracy: [0.8966397643089294, 0.9116717576980591, 0.9236247539520264, 0.9244238138198853, 0.9264432191848755]
NAUTILUS=>2021-06-09 23:45:46.829079: Completed active learning cycle. Elapsed time: 0:02:23.531683
NAUTILUS=>2021-06-09 23:45:46.829095: ========> Active learning cycle: 6
NAUTILUS=>2021-06-09 23:45:46.829099: Starting data loading
NAUTILUS=>2021-06-09 23:46:27.397904: Completed data loading. Elapsed time: 0:00:40.568805
NAUTILUS=>2021-06-09 23:46:27.397921: Starting model selection
NAUTILUS=>2021-06-09 23:46:27.397937: Materializing training data
NAUTILUS=>2021-06-09 23:46:27.628109: Completed materializing training data. Elapsed time: 0:00:00.230172
NAUTILUS=>2021-06-09 23:46:27.628119: Starting model training
NAUTILUS=>2021-06-09 23:49:07.149014: Completed model training. Elapsed time: 0:02:39.520895
NAUTILUS=>2021-06-09 23:49:07.149014: Cycle: 6, Model: 2, loss: [0.9069139361381531, 0.5295904874801636, 0.41797053813934326, 0.34575796127319336, 0.2937031388282776]
NAUTILUS=>2021-06-09 23:49:07.149014: Cycle: 6, Model: 2, accuracy: [0.6872712969779968, 0.8096516728401184, 0.8515231609344482, 0.8826602101325989, 0.9040920734405518]
NAUTILUS=>2021-06-09 23:49:07.149014: Cycle: 6, Model: 2, val_loss: [0.3230386972427368, 0.2646660804748535, 0.24340209364891052, 0.20541411638259888, 0.2014097422361374]
NAUTILUS=>2021-06-09 23:49:07.149014: Cycle: 6, Model: 2, val_accuracy: [0.8918176293373108, 0.9014596343040466, 0.9184983372688293, 0.9287207126617432, 0.9271856546401978]
NAUTILUS=>2021-06-09 23:49:07.149014: Cycle: 6, Model: 0, loss: [0.7858965992927551, 0.46928679943084717, 0.3396730422973633, 0.25560060143470764, 0.18200817704200745]
NAUTILUS=>2021-06-09 23:49:07.149014: Cycle: 6, Model: 0, accuracy: [0.7292013764381409, 0.8368784785270691, 0.8828925490379333, 0.9143738746643066, 0.9425364136695862]
NAUTILUS=>2021-06-09 23:49:07.149014: Cycle: 6, Model: 0, val_loss: [0.2636231780052185, 0.2664879858493805, 0.22213777899742126, 0.19965173304080963, 0.20571690797805786]
NAUTILUS=>2021-06-09 23:49:07.149014: Cycle: 6, Model: 0, val_accuracy: [0.9048028588294983, 0.9146237373352051, 0.9229474663734436, 0.9323388934135437, 0.9358837604522705]
NAUTILUS=>2021-06-09 23:49:07.149014: Cycle: 6, Model: 1, loss: [0.8295163512229919, 0.48642709851264954, 0.3765503466129303, 0.29941830039024353, 0.23733264207839966]
NAUTILUS=>2021-06-09 23:49:07.149014: Cycle: 6, Model: 1, accuracy: [0.7132124304771423, 0.8294124603271484, 0.8680835962295532, 0.8998165726661682, 0.9244931936264038]
NAUTILUS=>2021-06-09 23:49:07.149014: Cycle: 6, Model: 1, val_loss: [0.2901887893676758, 0.27006256580352783, 0.22178149223327637, 0.19706855714321136, 0.19839927554130554]
NAUTILUS=>2021-06-09 23:49:07.149014: Cycle: 6, Model: 1, val_accuracy: [0.9004414081573486, 0.9022248387336731, 0.9253427982330322, 0.9335129857063293, 0.9337576031684875]
NAUTILUS=>2021-06-09 23:49:07.149094: Starting to generating the best model
NAUTILUS=>2021-06-09 23:49:14.517836: Completed generating the best model. Elapsed time: 0:00:07.368742
NAUTILUS=>2021-06-09 23:49:14.517836: Cycle: 6, Best Model: 0
NAUTILUS=>2021-06-09 23:49:14.517836: Cycle: 6, Best model loss: [0.7858965992927551, 0.46928679943084717, 0.3396730422973633, 0.25560060143470764, 0.18200817704200745]
NAUTILUS=>2021-06-09 23:49:14.517836: Cycle: 6, Best model accuracy: [0.7292013764381409, 0.8368784785270691, 0.8828925490379333, 0.9143738746643066, 0.9425364136695862]
NAUTILUS=>2021-06-09 23:49:14.517836: Cycle: 6, Best model val_loss: [0.2636231780052185, 0.2664879858493805, 0.22213777899742126, 0.19965173304080963, 0.20571690797805786]
NAUTILUS=>2021-06-09 23:49:14.517836: Cycle: 6, Best model val_accuracy: [0.9048028588294983, 0.9146237373352051, 0.9229474663734436, 0.9323388934135437, 0.9358837604522705]
NAUTILUS=>2021-06-09 23:49:14.808420: Completed active learning cycle. Elapsed time: 0:02:47.410499
NAUTILUS=>2021-06-09 23:49:14.808437: ========> Active learning cycle: 7
NAUTILUS=>2021-06-09 23:49:14.808441: Starting data loading
NAUTILUS=>2021-06-09 23:49:47.462583: Completed data loading. Elapsed time: 0:00:32.654142
NAUTILUS=>2021-06-09 23:49:47.462601: Starting model selection
NAUTILUS=>2021-06-09 23:49:47.462617: Materializing training data
NAUTILUS=>2021-06-09 23:49:47.697348: Completed materializing training data. Elapsed time: 0:00:00.234731
NAUTILUS=>2021-06-09 23:49:47.697362: Starting model training
NAUTILUS=>2021-06-09 23:52:50.661814: Completed model training. Elapsed time: 0:03:02.964452
NAUTILUS=>2021-06-09 23:52:50.661814: Cycle: 7, Model: 2, loss: [0.8325601816177368, 0.4787176847457886, 0.3846295475959778, 0.3226659595966339, 0.2804390490055084]
NAUTILUS=>2021-06-09 23:52:50.661814: Cycle: 7, Model: 2, accuracy: [0.7080413103103638, 0.8272832632064819, 0.8645277619361877, 0.8886824250221252, 0.9047516584396362]
NAUTILUS=>2021-06-09 23:52:50.661814: Cycle: 7, Model: 2, val_loss: [0.2913864254951477, 0.2345321625471115, 0.20736035704612732, 0.20999424159526825, 0.19480516016483307]
NAUTILUS=>2021-06-09 23:52:50.661814: Cycle: 7, Model: 2, val_accuracy: [0.8981311321258545, 0.9190640449523926, 0.9285213947296143, 0.9301580786705017, 0.9333776235580444]
NAUTILUS=>2021-06-09 23:52:50.661814: Cycle: 7, Model: 0, loss: [0.727860689163208, 0.4164999723434448, 0.323190301656723, 0.23259274661540985, 0.167185977101326]
NAUTILUS=>2021-06-09 23:52:50.661814: Cycle: 7, Model: 0, accuracy: [0.7474967837333679, 0.8550359010696411, 0.8872821927070618, 0.9195929765701294, 0.9432539343833923]
NAUTILUS=>2021-06-09 23:52:50.661814: Cycle: 7, Model: 0, val_loss: [0.2582947015762329, 0.20768672227859497, 0.19539199769496918, 0.2031312733888626, 0.2002348154783249]
NAUTILUS=>2021-06-09 23:52:50.661814: Cycle: 7, Model: 0, val_accuracy: [0.9086786508560181, 0.9296627640724182, 0.932969868183136, 0.9357430338859558, 0.939337968826294]
NAUTILUS=>2021-06-09 23:52:50.661814: Cycle: 7, Model: 1, loss: [0.7676295042037964, 0.4417216181755066, 0.349344938993454, 0.27965351939201355, 0.22965286672115326]
NAUTILUS=>2021-06-09 23:52:50.661814: Cycle: 7, Model: 1, accuracy: [0.7321515679359436, 0.8417808413505554, 0.8786600828170776, 0.903868556022644, 0.9232533574104309]
NAUTILUS=>2021-06-09 23:52:50.661814: Cycle: 7, Model: 1, val_loss: [0.26819223165512085, 0.2150886505842209, 0.19895952939987183, 0.20358355343341827, 0.19255846738815308]
NAUTILUS=>2021-06-09 23:52:50.661814: Cycle: 7, Model: 1, val_accuracy: [0.9045039415359497, 0.9246193766593933, 0.9316587448120117, 0.9346312880516052, 0.9357239007949829]
NAUTILUS=>2021-06-09 23:52:50.661893: Starting to generating the best model
NAUTILUS=>2021-06-09 23:52:58.000613: Completed generating the best model. Elapsed time: 0:00:07.338720
NAUTILUS=>2021-06-09 23:52:58.000613: Cycle: 7, Best Model: 0
NAUTILUS=>2021-06-09 23:52:58.000613: Cycle: 7, Best model loss: [0.727860689163208, 0.4164999723434448, 0.323190301656723, 0.23259274661540985, 0.167185977101326]
NAUTILUS=>2021-06-09 23:52:58.000613: Cycle: 7, Best model accuracy: [0.7474967837333679, 0.8550359010696411, 0.8872821927070618, 0.9195929765701294, 0.9432539343833923]
NAUTILUS=>2021-06-09 23:52:58.000613: Cycle: 7, Best model val_loss: [0.2582947015762329, 0.20768672227859497, 0.19539199769496918, 0.2031312733888626, 0.2002348154783249]
NAUTILUS=>2021-06-09 23:52:58.000613: Cycle: 7, Best model val_accuracy: [0.9086786508560181, 0.9296627640724182, 0.932969868183136, 0.9357430338859558, 0.939337968826294]
NAUTILUS=>2021-06-09 23:52:58.290399: Completed active learning cycle. Elapsed time: 0:03:10.827798
NAUTILUS=>2021-06-09 23:52:58.290417: ========> Active learning cycle: 8
NAUTILUS=>2021-06-09 23:52:58.290421: Starting data loading
NAUTILUS=>2021-06-09 23:53:34.519532: Completed data loading. Elapsed time: 0:00:36.229111
NAUTILUS=>2021-06-09 23:53:34.519549: Starting model selection
NAUTILUS=>2021-06-09 23:53:34.519564: Materializing training data
NAUTILUS=>2021-06-09 23:53:34.748493: Completed materializing training data. Elapsed time: 0:00:00.228929
NAUTILUS=>2021-06-09 23:53:34.748502: Starting model training
NAUTILUS=>2021-06-09 23:57:01.798119: Completed model training. Elapsed time: 0:03:27.049617
NAUTILUS=>2021-06-09 23:57:01.798119: Cycle: 8, Model: 2, loss: [0.7569906115531921, 0.43128645420074463, 0.35076355934143066, 0.29553356766700745, 0.25245344638824463]
NAUTILUS=>2021-06-09 23:57:01.798119: Cycle: 8, Model: 2, accuracy: [0.7344667315483093, 0.8427128791809082, 0.8715739250183105, 0.8999063372612, 0.912773072719574]
NAUTILUS=>2021-06-09 23:57:01.798119: Cycle: 8, Model: 2, val_loss: [0.30495238304138184, 0.25893619656562805, 0.1957562267780304, 0.21617475152015686, 0.18983396887779236]
NAUTILUS=>2021-06-09 23:57:01.798119: Cycle: 8, Model: 2, val_accuracy: [0.8926448822021484, 0.9075044393539429, 0.9312471151351929, 0.919981837272644, 0.9349198341369629]
NAUTILUS=>2021-06-09 23:57:01.798119: Cycle: 8, Model: 0, loss: [0.6416022777557373, 0.38767874240875244, 0.28530871868133545, 0.21495990455150604, 0.14892233908176422]
NAUTILUS=>2021-06-09 23:57:01.798119: Cycle: 8, Model: 0, accuracy: [0.7725809216499329, 0.8639745116233826, 0.8996830582618713, 0.9269807934761047, 0.9489004611968994]
NAUTILUS=>2021-06-09 23:57:01.798119: Cycle: 8, Model: 0, val_loss: [0.3664376139640808, 0.21620513498783112, 0.1763685643672943, 0.2041420340538025, 0.19153256714344025]
NAUTILUS=>2021-06-09 23:57:01.798119: Cycle: 8, Model: 0, val_accuracy: [0.8691384792327881, 0.9229686260223389, 0.9376024603843689, 0.9336561560630798, 0.9430793523788452]
NAUTILUS=>2021-06-09 23:57:01.798119: Cycle: 8, Model: 1, loss: [0.6897653937339783, 0.4040166437625885, 0.3182539641857147, 0.25805264711380005, 0.2078639268875122]
NAUTILUS=>2021-06-09 23:57:01.798119: Cycle: 8, Model: 1, accuracy: [0.7564001679420471, 0.8544498682022095, 0.8864397406578064, 0.9145702123641968, 0.9294607043266296]
NAUTILUS=>2021-06-09 23:57:01.798119: Cycle: 8, Model: 1, val_loss: [0.36923348903656006, 0.23548901081085205, 0.18663085997104645, 0.21259157359600067, 0.19473566114902496]
NAUTILUS=>2021-06-09 23:57:01.798119: Cycle: 8, Model: 1, val_accuracy: [0.8639354109764099, 0.918850302696228, 0.9334433078765869, 0.9232632517814636, 0.9336201548576355]
NAUTILUS=>2021-06-09 23:57:01.798199: Starting to generating the best model
NAUTILUS=>2021-06-09 23:57:09.066322: Completed generating the best model. Elapsed time: 0:00:07.268123
NAUTILUS=>2021-06-09 23:57:09.066322: Cycle: 8, Best Model: 0
NAUTILUS=>2021-06-09 23:57:09.066322: Cycle: 8, Best model loss: [0.6416022777557373, 0.38767874240875244, 0.28530871868133545, 0.21495990455150604, 0.14892233908176422]
NAUTILUS=>2021-06-09 23:57:09.066322: Cycle: 8, Best model accuracy: [0.7725809216499329, 0.8639745116233826, 0.8996830582618713, 0.9269807934761047, 0.9489004611968994]
NAUTILUS=>2021-06-09 23:57:09.066322: Cycle: 8, Best model val_loss: [0.3664376139640808, 0.21620513498783112, 0.1763685643672943, 0.2041420340538025, 0.19153256714344025]
NAUTILUS=>2021-06-09 23:57:09.066322: Cycle: 8, Best model val_accuracy: [0.8691384792327881, 0.9229686260223389, 0.9376024603843689, 0.9336561560630798, 0.9430793523788452]
NAUTILUS=>2021-06-09 23:57:09.361064: Completed active learning cycle. Elapsed time: 0:03:34.841515
NAUTILUS=>2021-06-09 23:57:09.361081: ========> Active learning cycle: 9
NAUTILUS=>2021-06-09 23:57:09.361085: Starting data loading
NAUTILUS=>2021-06-09 23:57:38.651081: Completed data loading. Elapsed time: 0:00:29.289996
NAUTILUS=>2021-06-09 23:57:38.651097: Starting model selection
NAUTILUS=>2021-06-09 23:57:38.651113: Materializing training data
NAUTILUS=>2021-06-09 23:57:38.881513: Completed materializing training data. Elapsed time: 0:00:00.230400
NAUTILUS=>2021-06-09 23:57:38.881524: Starting model training
NAUTILUS=>2021-06-10 00:01:29.832645: Completed model training. Elapsed time: 0:03:50.951121
NAUTILUS=>2021-06-10 00:01:29.832645: Cycle: 9, Model: 2, loss: [0.6989766359329224, 0.39592432975769043, 0.3223850727081299, 0.266518235206604, 0.2298346608877182]
NAUTILUS=>2021-06-10 00:01:29.832645: Cycle: 9, Model: 2, accuracy: [0.7562737464904785, 0.8548861742019653, 0.8848767876625061, 0.9066048264503479, 0.9218853712081909]
NAUTILUS=>2021-06-10 00:01:29.832645: Cycle: 9, Model: 2, val_loss: [0.25024062395095825, 0.21525482833385468, 0.19368070363998413, 0.1855098307132721, 0.176408052444458]
NAUTILUS=>2021-06-10 00:01:29.832645: Cycle: 9, Model: 2, val_accuracy: [0.9099962115287781, 0.9257113933563232, 0.9355753064155579, 0.93514484167099, 0.9425966143608093]
NAUTILUS=>2021-06-10 00:01:29.832645: Cycle: 9, Model: 0, loss: [0.6061849594116211, 0.34650689363479614, 0.26067447662353516, 0.18415135145187378, 0.12161292880773544]
NAUTILUS=>2021-06-10 00:01:29.832645: Cycle: 9, Model: 0, accuracy: [0.7868390679359436, 0.8792059421539307, 0.9093183279037476, 0.9353203177452087, 0.9586443305015564]
NAUTILUS=>2021-06-10 00:01:29.832645: Cycle: 9, Model: 0, val_loss: [0.21944208443164825, 0.1929270327091217, 0.18486419320106506, 0.1769891381263733, 0.18173104524612427]
NAUTILUS=>2021-06-10 00:01:29.832645: Cycle: 9, Model: 0, val_accuracy: [0.9173336029052734, 0.9336378574371338, 0.9390407800674438, 0.94572514295578, 0.9459174275398254]
NAUTILUS=>2021-06-10 00:01:29.832645: Cycle: 9, Model: 1, loss: [0.646568238735199, 0.3674544394016266, 0.291130006313324, 0.23001627624034882, 0.18281719088554382]
NAUTILUS=>2021-06-10 00:01:29.832645: Cycle: 9, Model: 1, accuracy: [0.7741162776947021, 0.8668545484542847, 0.8983044028282166, 0.9209556579589844, 0.9392507076263428]
NAUTILUS=>2021-06-10 00:01:29.832645: Cycle: 9, Model: 1, val_loss: [0.2294655293226242, 0.2097168117761612, 0.1877196729183197, 0.18205438554286957, 0.1764553189277649]
NAUTILUS=>2021-06-10 00:01:29.832645: Cycle: 9, Model: 1, val_accuracy: [0.9144431352615356, 0.928695023059845, 0.9369106888771057, 0.9363304376602173, 0.9424831867218018]
NAUTILUS=>2021-06-10 00:01:29.832746: Starting to generating the best model
NAUTILUS=>2021-06-10 00:01:37.205616: Completed generating the best model. Elapsed time: 0:00:07.372870
NAUTILUS=>2021-06-10 00:01:37.205616: Cycle: 9, Best Model: 0
NAUTILUS=>2021-06-10 00:01:37.205616: Cycle: 9, Best model loss: [0.6061849594116211, 0.34650689363479614, 0.26067447662353516, 0.18415135145187378, 0.12161292880773544]
NAUTILUS=>2021-06-10 00:01:37.205616: Cycle: 9, Best model accuracy: [0.7868390679359436, 0.8792059421539307, 0.9093183279037476, 0.9353203177452087, 0.9586443305015564]
NAUTILUS=>2021-06-10 00:01:37.205616: Cycle: 9, Best model val_loss: [0.21944208443164825, 0.1929270327091217, 0.18486419320106506, 0.1769891381263733, 0.18173104524612427]
NAUTILUS=>2021-06-10 00:01:37.205616: Cycle: 9, Best model val_accuracy: [0.9173336029052734, 0.9336378574371338, 0.9390407800674438, 0.94572514295578, 0.9459174275398254]
NAUTILUS=>2021-06-10 00:01:37.497990: Completed active learning cycle. Elapsed time: 0:03:58.846893
NAUTILUS=>2021-06-10 00:01:37.498007: ========> Active learning cycle: 10
NAUTILUS=>2021-06-10 00:01:37.498011: Starting data loading
NAUTILUS=>2021-06-10 00:02:09.571462: Completed data loading. Elapsed time: 0:00:32.073451
NAUTILUS=>2021-06-10 00:02:09.571478: Starting model selection
NAUTILUS=>2021-06-10 00:02:09.571493: Materializing training data
NAUTILUS=>2021-06-10 00:02:09.802470: Completed materializing training data. Elapsed time: 0:00:00.230977
NAUTILUS=>2021-06-10 00:02:09.802481: Starting model training
NAUTILUS=>2021-06-10 00:06:24.015963: Completed model training. Elapsed time: 0:04:14.213482
NAUTILUS=>2021-06-10 00:06:24.015963: Cycle: 10, Model: 2, loss: [0.6307854056358337, 0.3606480062007904, 0.29120296239852905, 0.2497153878211975, 0.2100275158882141]
NAUTILUS=>2021-06-10 00:06:24.015963: Cycle: 10, Model: 2, accuracy: [0.7736611366271973, 0.8628943562507629, 0.8938039541244507, 0.9127709269523621, 0.9279148578643799]
NAUTILUS=>2021-06-10 00:06:24.015963: Cycle: 10, Model: 2, val_loss: [0.25974559783935547, 0.2226674109697342, 0.19371815025806427, 0.18170228600502014, 0.1718117743730545]
NAUTILUS=>2021-06-10 00:06:24.015963: Cycle: 10, Model: 2, val_accuracy: [0.9080506563186646, 0.9201542735099792, 0.9350417256355286, 0.9392967820167542, 0.94163978099823]
NAUTILUS=>2021-06-10 00:06:24.015963: Cycle: 10, Model: 0, loss: [0.5470329523086548, 0.32062554359436035, 0.24280548095703125, 0.17647495865821838, 0.11210525035858154]
NAUTILUS=>2021-06-10 00:06:24.015963: Cycle: 10, Model: 0, accuracy: [0.8036273717880249, 0.883213996887207, 0.9148218631744385, 0.9382187128067017, 0.9618856906890869]
NAUTILUS=>2021-06-10 00:06:24.015963: Cycle: 10, Model: 0, val_loss: [0.2055002599954605, 0.2214675396680832, 0.20576424896717072, 0.1784619390964508, 0.17629829049110413]
NAUTILUS=>2021-06-10 00:06:24.015963: Cycle: 10, Model: 0, val_accuracy: [0.9283852577209473, 0.9179961681365967, 0.9317036271095276, 0.9491046071052551, 0.9527917504310608]
NAUTILUS=>2021-06-10 00:06:24.015963: Cycle: 10, Model: 1, loss: [0.5713332891464233, 0.33551692962646484, 0.2650308609008789, 0.2162732183933258, 0.16671554744243622]
NAUTILUS=>2021-06-10 00:06:24.015963: Cycle: 10, Model: 1, accuracy: [0.7920353412628174, 0.8760107159614563, 0.9055325388908386, 0.9261027574539185, 0.9434581995010376]
NAUTILUS=>2021-06-10 00:06:24.015963: Cycle: 10, Model: 1, val_loss: [0.22654159367084503, 0.2202642858028412, 0.19145770370960236, 0.17842376232147217, 0.1675945669412613]
NAUTILUS=>2021-06-10 00:06:24.015963: Cycle: 10, Model: 1, val_accuracy: [0.9203822612762451, 0.9192319512367249, 0.9356856346130371, 0.9427816271781921, 0.9467678666114807]
NAUTILUS=>2021-06-10 00:06:24.016042: Starting to generating the best model
NAUTILUS=>2021-06-10 00:06:31.422562: Completed generating the best model. Elapsed time: 0:00:07.406520
NAUTILUS=>2021-06-10 00:06:31.422562: Cycle: 10, Best Model: 0
NAUTILUS=>2021-06-10 00:06:31.422562: Cycle: 10, Best model loss: [0.5470329523086548, 0.32062554359436035, 0.24280548095703125, 0.17647495865821838, 0.11210525035858154]
NAUTILUS=>2021-06-10 00:06:31.422562: Cycle: 10, Best model accuracy: [0.8036273717880249, 0.883213996887207, 0.9148218631744385, 0.9382187128067017, 0.9618856906890869]
NAUTILUS=>2021-06-10 00:06:31.422562: Cycle: 10, Best model val_loss: [0.2055002599954605, 0.2214675396680832, 0.20576424896717072, 0.1784619390964508, 0.17629829049110413]
NAUTILUS=>2021-06-10 00:06:31.422562: Cycle: 10, Best model val_accuracy: [0.9283852577209473, 0.9179961681365967, 0.9317036271095276, 0.9491046071052551, 0.9527917504310608]
NAUTILUS=>2021-06-10 00:06:31.708905: Completed active learning cycle. Elapsed time: 0:04:22.137427
NAUTILUS=>2021-06-10 00:06:31.708923: Workload completed. Elapsed time: 0:32:34.144040
