NAUTILUS=>2021-06-09 21:33:49.460848: Starting workload
NAUTILUS=>2021-06-09 21:33:49.460848: RANDOM_SEED: 2020
NAUTILUS=>2021-06-09 21:33:49.460848: VERY_LARGE_VALUE: 1000000000000000.0
NAUTILUS=>2021-06-09 21:33:49.460848: NO_MAT_OPT: False
NAUTILUS=>2021-06-09 21:33:49.460848: MODE: ftr3-1
NAUTILUS=>2021-06-09 21:33:49.460848: STORAGE_PATH: ./storage
NAUTILUS=>2021-06-09 21:33:49.460848: NO_FUSE_OPT: True
NAUTILUS=>2021-06-09 21:33:49.460848: NUM_EPOCHS: 5
NAUTILUS=>2021-06-09 21:33:49.460848: MAX_NUM_RECORDS: 5000
NAUTILUS=>2021-06-09 21:33:49.460848: ACTIVE_LEARNING_BATCH_SIZE: 500
NAUTILUS=>2021-06-09 21:33:49.460848: VALID_FRACTION: 0.2
NAUTILUS=>2021-06-09 21:33:49.460848: SAMPLING_STRATERGY: uncertainty
NAUTILUS=>2021-06-09 21:33:49.460848: NO_PRETRAINING: False
NAUTILUS=>2021-06-09 21:33:49.460848: STORAGE_BUDGET: 25
NAUTILUS=>2021-06-09 21:33:49.460848: MEMORY_BUDGET: 10
NAUTILUS=>2021-06-09 21:33:49.460848: WORKSPACE_MEMORY: 1
NAUTILUS=>2021-06-09 21:33:49.460848: COMPUTE_THROUGHPUT: 6
NAUTILUS=>2021-06-09 21:33:49.460848: DISK_THROUGHPUT: 500
NAUTILUS=>2021-06-09 21:33:49.460848: SHUFFLE_BUFFER_SIZE: 10000
NAUTILUS=>2021-06-09 21:33:49.460898: Starting system initialization
NAUTILUS=>2021-06-09 21:33:49.928244: Starting model profiling
NAUTILUS=>2021-06-09 21:34:06.024741: Completed model profiling. Elapsed time: 0:00:16.096494
NAUTILUS=>2021-06-09 21:34:06.024741: Model parameters
NAUTILUS=>2021-06-09 21:34:06.024787: Generating optimized model selection plan
NAUTILUS=>2021-06-09 21:34:06.033726: Materialized layers candidates: tf_op_layer_strided_slice,tf_op_layer_Cast,tf_op_layer_Sub,tf_op_layer_Mul,layer_9
NAUTILUS=>2021-06-09 21:34:06.040831: Used materialized layers: layer_9
NAUTILUS=>2021-06-09 21:34:06.040831: Model training plan: {"0": {"models": ["0"], "output_layers": ["0/classifier"], "flops_consumption": 438177892375000.0, "compute_flops": 325531408000000.0, "load_flops": 112646484375000.0, "memory_consumption": 1.8776347935199738, "used_materialized_layers": ["layer_9"], "batch_size": 16, "num_epochs": [5]}}
NAUTILUS=>2021-06-09 21:34:06.040929: Completed generating optimized model selection plan. Elapsed time: 0:00:00.016141
NAUTILUS=>2021-06-09 21:34:06.040936: Generating fused models
NAUTILUS=>2021-06-09 21:34:12.382590: Completed generating fused models. Elapsed time: 0:00:06.341653
NAUTILUS=>2021-06-09 21:34:12.382590: Current Practice FLOPs: 149138039680.0
NAUTILUS=>2021-06-09 21:34:12.382590: Optimal FLOPs: 37097005440.0
NAUTILUS=>2021-06-09 21:34:12.382590: Theoretical Speedup: 4.020217748335861
NAUTILUS=>2021-06-09 21:34:12.434352: Completed system initialization. Elapsed time: 0:00:22.973454
NAUTILUS=>2021-06-09 21:34:12.434373: ========> Active learning cycle: 1
NAUTILUS=>2021-06-09 21:34:12.434376: Starting data loading
NAUTILUS=>2021-06-09 21:34:28.955559: Completed data loading. Elapsed time: 0:00:16.521183
NAUTILUS=>2021-06-09 21:34:28.955584: Starting model selection
NAUTILUS=>2021-06-09 21:34:28.955602: Materializing training data
NAUTILUS=>2021-06-09 21:34:29.194085: Completed materializing training data. Elapsed time: 0:00:00.238483
NAUTILUS=>2021-06-09 21:34:29.194098: Generating intermediate features
NAUTILUS=>2021-06-09 21:34:37.783016: Completed generating intermediate features. Elapsed time: 0:00:08.588918
NAUTILUS=>2021-06-09 21:34:37.783036: Starting model training
NAUTILUS=>2021-06-09 21:34:56.021581: Completed model training. Elapsed time: 0:00:18.238545
NAUTILUS=>2021-06-09 21:34:56.021581: Cycle: 1, Model: 0, loss: [0.828880786895752, 0.2970869541168213, 0.19052249193191528, 0.12513619661331177, 0.08048417419195175]
NAUTILUS=>2021-06-09 21:34:56.021581: Cycle: 1, Model: 0, accuracy: [0.7468414902687073, 0.8900124430656433, 0.9346765279769897, 0.9563759565353394, 0.9700300097465515]
NAUTILUS=>2021-06-09 21:34:56.021581: Cycle: 1, Model: 0, val_loss: [0.4639214277267456, 0.41468513011932373, 0.3532772362232208, 0.39335745573043823, 0.37415385246276855]
NAUTILUS=>2021-06-09 21:34:56.021581: Cycle: 1, Model: 0, val_accuracy: [0.8359349966049194, 0.8561877608299255, 0.8714163899421692, 0.8704221248626709, 0.8852939605712891]
NAUTILUS=>2021-06-09 21:34:56.021624: Starting to generating the best model
NAUTILUS=>2021-06-09 21:35:01.666546: Completed generating the best model. Elapsed time: 0:00:05.644922
NAUTILUS=>2021-06-09 21:35:01.666546: Cycle: 1, Best Model: 0
NAUTILUS=>2021-06-09 21:35:01.666546: Cycle: 1, Best model loss: [0.828880786895752, 0.2970869541168213, 0.19052249193191528, 0.12513619661331177, 0.08048417419195175]
NAUTILUS=>2021-06-09 21:35:01.666546: Cycle: 1, Best model accuracy: [0.7468414902687073, 0.8900124430656433, 0.9346765279769897, 0.9563759565353394, 0.9700300097465515]
NAUTILUS=>2021-06-09 21:35:01.666546: Cycle: 1, Best model val_loss: [0.4639214277267456, 0.41468513011932373, 0.3532772362232208, 0.39335745573043823, 0.37415385246276855]
NAUTILUS=>2021-06-09 21:35:01.666546: Cycle: 1, Best model val_accuracy: [0.8359349966049194, 0.8561877608299255, 0.8714163899421692, 0.8704221248626709, 0.8852939605712891]
NAUTILUS=>2021-06-09 21:35:01.958242: Completed active learning cycle. Elapsed time: 0:00:33.002658
NAUTILUS=>2021-06-09 21:35:01.958259: ========> Active learning cycle: 2
NAUTILUS=>2021-06-09 21:35:01.958263: Starting data loading
NAUTILUS=>2021-06-09 21:35:50.450932: Completed data loading. Elapsed time: 0:00:48.492669
NAUTILUS=>2021-06-09 21:35:50.450949: Starting model selection
NAUTILUS=>2021-06-09 21:35:50.450964: Materializing training data
NAUTILUS=>2021-06-09 21:35:50.686726: Completed materializing training data. Elapsed time: 0:00:00.235762
NAUTILUS=>2021-06-09 21:35:50.686738: Generating intermediate features
NAUTILUS=>2021-06-09 21:35:59.263917: Completed generating intermediate features. Elapsed time: 0:00:08.577179
NAUTILUS=>2021-06-09 21:35:59.263935: Starting model training
NAUTILUS=>2021-06-09 21:36:26.080330: Completed model training. Elapsed time: 0:00:26.816395
NAUTILUS=>2021-06-09 21:36:26.080330: Cycle: 2, Model: 0, loss: [0.9820089936256409, 0.42822322249412537, 0.274488627910614, 0.19114264845848083, 0.12522202730178833]
NAUTILUS=>2021-06-09 21:36:26.080330: Cycle: 2, Model: 0, accuracy: [0.6411345601081848, 0.8296785950660706, 0.8881787657737732, 0.9303540587425232, 0.9543465375900269]
NAUTILUS=>2021-06-09 21:36:26.080330: Cycle: 2, Model: 0, val_loss: [0.3782179355621338, 0.34705260396003723, 0.2961651086807251, 0.2835554778575897, 0.305136114358902]
NAUTILUS=>2021-06-09 21:36:26.080330: Cycle: 2, Model: 0, val_accuracy: [0.8639460802078247, 0.8841715455055237, 0.9048786163330078, 0.9142364263534546, 0.9139883518218994]
NAUTILUS=>2021-06-09 21:36:26.080375: Starting to generating the best model
NAUTILUS=>2021-06-09 21:36:31.776654: Completed generating the best model. Elapsed time: 0:00:05.696279
NAUTILUS=>2021-06-09 21:36:31.776654: Cycle: 2, Best Model: 0
NAUTILUS=>2021-06-09 21:36:31.776654: Cycle: 2, Best model loss: [0.9820089936256409, 0.42822322249412537, 0.274488627910614, 0.19114264845848083, 0.12522202730178833]
NAUTILUS=>2021-06-09 21:36:31.776654: Cycle: 2, Best model accuracy: [0.6411345601081848, 0.8296785950660706, 0.8881787657737732, 0.9303540587425232, 0.9543465375900269]
NAUTILUS=>2021-06-09 21:36:31.776654: Cycle: 2, Best model val_loss: [0.3782179355621338, 0.34705260396003723, 0.2961651086807251, 0.2835554778575897, 0.305136114358902]
NAUTILUS=>2021-06-09 21:36:31.776654: Cycle: 2, Best model val_accuracy: [0.8639460802078247, 0.8841715455055237, 0.9048786163330078, 0.9142364263534546, 0.9139883518218994]
NAUTILUS=>2021-06-09 21:36:32.068399: Completed active learning cycle. Elapsed time: 0:00:41.617450
NAUTILUS=>2021-06-09 21:36:32.068416: ========> Active learning cycle: 3
NAUTILUS=>2021-06-09 21:36:32.068420: Starting data loading
NAUTILUS=>2021-06-09 21:37:11.769623: Completed data loading. Elapsed time: 0:00:39.701203
NAUTILUS=>2021-06-09 21:37:11.769641: Starting model selection
NAUTILUS=>2021-06-09 21:37:11.769656: Materializing training data
NAUTILUS=>2021-06-09 21:37:12.000221: Completed materializing training data. Elapsed time: 0:00:00.230565
NAUTILUS=>2021-06-09 21:37:12.000231: Generating intermediate features
NAUTILUS=>2021-06-09 21:37:20.591086: Completed generating intermediate features. Elapsed time: 0:00:08.590855
NAUTILUS=>2021-06-09 21:37:20.591105: Starting model training
NAUTILUS=>2021-06-09 21:37:56.258056: Completed model training. Elapsed time: 0:00:35.666951
NAUTILUS=>2021-06-09 21:37:56.258056: Cycle: 3, Model: 0, loss: [1.0063163042068481, 0.4999840259552002, 0.3948511481285095, 0.2816697657108307, 0.1911241114139557]
NAUTILUS=>2021-06-09 21:37:56.258056: Cycle: 3, Model: 0, accuracy: [0.6474918723106384, 0.822386622428894, 0.8614680171012878, 0.8976647853851318, 0.9396132230758667]
NAUTILUS=>2021-06-09 21:37:56.258056: Cycle: 3, Model: 0, val_loss: [0.34778422117233276, 0.3086806535720825, 0.29269206523895264, 0.2907284200191498, 0.2851918339729309]
NAUTILUS=>2021-06-09 21:37:56.258056: Cycle: 3, Model: 0, val_accuracy: [0.8800451755523682, 0.8960058689117432, 0.8998598456382751, 0.9089407324790955, 0.9154126048088074]
NAUTILUS=>2021-06-09 21:37:56.258099: Starting to generating the best model
NAUTILUS=>2021-06-09 21:38:01.919993: Completed generating the best model. Elapsed time: 0:00:05.661894
NAUTILUS=>2021-06-09 21:38:01.919993: Cycle: 3, Best Model: 0
NAUTILUS=>2021-06-09 21:38:01.919993: Cycle: 3, Best model loss: [1.0063163042068481, 0.4999840259552002, 0.3948511481285095, 0.2816697657108307, 0.1911241114139557]
NAUTILUS=>2021-06-09 21:38:01.919993: Cycle: 3, Best model accuracy: [0.6474918723106384, 0.822386622428894, 0.8614680171012878, 0.8976647853851318, 0.9396132230758667]
NAUTILUS=>2021-06-09 21:38:01.919993: Cycle: 3, Best model val_loss: [0.34778422117233276, 0.3086806535720825, 0.29269206523895264, 0.2907284200191498, 0.2851918339729309]
NAUTILUS=>2021-06-09 21:38:01.919993: Cycle: 3, Best model val_accuracy: [0.8800451755523682, 0.8960058689117432, 0.8998598456382751, 0.9089407324790955, 0.9154126048088074]
NAUTILUS=>2021-06-09 21:38:02.212221: Completed active learning cycle. Elapsed time: 0:00:50.442580
NAUTILUS=>2021-06-09 21:38:02.212239: ========> Active learning cycle: 4
NAUTILUS=>2021-06-09 21:38:02.212243: Starting data loading
NAUTILUS=>2021-06-09 21:38:46.802364: Completed data loading. Elapsed time: 0:00:44.590121
NAUTILUS=>2021-06-09 21:38:46.802382: Starting model selection
NAUTILUS=>2021-06-09 21:38:46.802396: Materializing training data
NAUTILUS=>2021-06-09 21:38:47.041045: Completed materializing training data. Elapsed time: 0:00:00.238649
NAUTILUS=>2021-06-09 21:38:47.041057: Generating intermediate features
NAUTILUS=>2021-06-09 21:38:55.598486: Completed generating intermediate features. Elapsed time: 0:00:08.557429
NAUTILUS=>2021-06-09 21:38:55.598506: Starting model training
NAUTILUS=>2021-06-09 21:39:40.255961: Completed model training. Elapsed time: 0:00:44.657455
NAUTILUS=>2021-06-09 21:39:40.255961: Cycle: 4, Model: 0, loss: [0.9499955773353577, 0.5068971514701843, 0.387218177318573, 0.28203490376472473, 0.21597915887832642]
NAUTILUS=>2021-06-09 21:39:40.255961: Cycle: 4, Model: 0, accuracy: [0.6788349747657776, 0.8223828077316284, 0.8686643242835999, 0.9067349433898926, 0.9322727918624878]
NAUTILUS=>2021-06-09 21:39:40.255961: Cycle: 4, Model: 0, val_loss: [0.31305474042892456, 0.26508474349975586, 0.26560378074645996, 0.25667670369148254, 0.24762043356895447]
NAUTILUS=>2021-06-09 21:39:40.255961: Cycle: 4, Model: 0, val_accuracy: [0.8938422203063965, 0.9098861813545227, 0.9134581089019775, 0.9191715121269226, 0.9263003468513489]
NAUTILUS=>2021-06-09 21:39:40.256004: Starting to generating the best model
NAUTILUS=>2021-06-09 21:39:45.878598: Completed generating the best model. Elapsed time: 0:00:05.622594
NAUTILUS=>2021-06-09 21:39:45.878598: Cycle: 4, Best Model: 0
NAUTILUS=>2021-06-09 21:39:45.878598: Cycle: 4, Best model loss: [0.9499955773353577, 0.5068971514701843, 0.387218177318573, 0.28203490376472473, 0.21597915887832642]
NAUTILUS=>2021-06-09 21:39:45.878598: Cycle: 4, Best model accuracy: [0.6788349747657776, 0.8223828077316284, 0.8686643242835999, 0.9067349433898926, 0.9322727918624878]
NAUTILUS=>2021-06-09 21:39:45.878598: Cycle: 4, Best model val_loss: [0.31305474042892456, 0.26508474349975586, 0.26560378074645996, 0.25667670369148254, 0.24762043356895447]
NAUTILUS=>2021-06-09 21:39:45.878598: Cycle: 4, Best model val_accuracy: [0.8938422203063965, 0.9098861813545227, 0.9134581089019775, 0.9191715121269226, 0.9263003468513489]
NAUTILUS=>2021-06-09 21:39:46.163930: Completed active learning cycle. Elapsed time: 0:00:59.361548
NAUTILUS=>2021-06-09 21:39:46.163948: ========> Active learning cycle: 5
NAUTILUS=>2021-06-09 21:39:46.163952: Starting data loading
NAUTILUS=>2021-06-09 21:40:22.247025: Completed data loading. Elapsed time: 0:00:36.083073
NAUTILUS=>2021-06-09 21:40:22.247043: Starting model selection
NAUTILUS=>2021-06-09 21:40:22.247059: Materializing training data
NAUTILUS=>2021-06-09 21:40:22.476912: Completed materializing training data. Elapsed time: 0:00:00.229853
NAUTILUS=>2021-06-09 21:40:22.476924: Generating intermediate features
NAUTILUS=>2021-06-09 21:40:31.019720: Completed generating intermediate features. Elapsed time: 0:00:08.542796
NAUTILUS=>2021-06-09 21:40:31.019740: Starting model training
NAUTILUS=>2021-06-09 21:41:24.109853: Completed model training. Elapsed time: 0:00:53.090113
NAUTILUS=>2021-06-09 21:41:24.109853: Cycle: 5, Model: 0, loss: [0.8506500720977783, 0.4972846806049347, 0.3705686628818512, 0.2967703938484192, 0.21695499122142792]
NAUTILUS=>2021-06-09 21:41:24.109853: Cycle: 5, Model: 0, accuracy: [0.7022437453269958, 0.822123110294342, 0.8715841770172119, 0.9016595482826233, 0.9301923513412476]
NAUTILUS=>2021-06-09 21:41:24.109853: Cycle: 5, Model: 0, val_loss: [0.2921486496925354, 0.2476973980665207, 0.2452363669872284, 0.22789159417152405, 0.21964070200920105]
NAUTILUS=>2021-06-09 21:41:24.109853: Cycle: 5, Model: 0, val_accuracy: [0.8939239382743835, 0.914084792137146, 0.9199807047843933, 0.9187692403793335, 0.9266788363456726]
NAUTILUS=>2021-06-09 21:41:24.109895: Starting to generating the best model
NAUTILUS=>2021-06-09 21:41:29.752154: Completed generating the best model. Elapsed time: 0:00:05.642259
NAUTILUS=>2021-06-09 21:41:29.752154: Cycle: 5, Best Model: 0
NAUTILUS=>2021-06-09 21:41:29.752154: Cycle: 5, Best model loss: [0.8506500720977783, 0.4972846806049347, 0.3705686628818512, 0.2967703938484192, 0.21695499122142792]
NAUTILUS=>2021-06-09 21:41:29.752154: Cycle: 5, Best model accuracy: [0.7022437453269958, 0.822123110294342, 0.8715841770172119, 0.9016595482826233, 0.9301923513412476]
NAUTILUS=>2021-06-09 21:41:29.752154: Cycle: 5, Best model val_loss: [0.2921486496925354, 0.2476973980665207, 0.2452363669872284, 0.22789159417152405, 0.21964070200920105]
NAUTILUS=>2021-06-09 21:41:29.752154: Cycle: 5, Best model val_accuracy: [0.8939239382743835, 0.914084792137146, 0.9199807047843933, 0.9187692403793335, 0.9266788363456726]
NAUTILUS=>2021-06-09 21:41:30.039425: Completed active learning cycle. Elapsed time: 0:01:07.792382
NAUTILUS=>2021-06-09 21:41:30.039443: ========> Active learning cycle: 6
NAUTILUS=>2021-06-09 21:41:30.039446: Starting data loading
NAUTILUS=>2021-06-09 21:42:10.570723: Completed data loading. Elapsed time: 0:00:40.531277
NAUTILUS=>2021-06-09 21:42:10.570742: Starting model selection
NAUTILUS=>2021-06-09 21:42:10.570756: Materializing training data
NAUTILUS=>2021-06-09 21:42:10.805005: Completed materializing training data. Elapsed time: 0:00:00.234249
NAUTILUS=>2021-06-09 21:42:10.805020: Generating intermediate features
NAUTILUS=>2021-06-09 21:42:19.397002: Completed generating intermediate features. Elapsed time: 0:00:08.591982
NAUTILUS=>2021-06-09 21:42:19.397021: Starting model training
NAUTILUS=>2021-06-09 21:43:21.438039: Completed model training. Elapsed time: 0:01:02.041018
NAUTILUS=>2021-06-09 21:43:21.438039: Cycle: 6, Model: 0, loss: [0.799095630645752, 0.44768255949020386, 0.3494685888290405, 0.2595919072628021, 0.1752868890762329]
NAUTILUS=>2021-06-09 21:43:21.438039: Cycle: 6, Model: 0, accuracy: [0.7260147333145142, 0.8441426157951355, 0.8842698931694031, 0.9100704789161682, 0.941328763961792]
NAUTILUS=>2021-06-09 21:43:21.438039: Cycle: 6, Model: 0, val_loss: [0.27200403809547424, 0.21592946350574493, 0.2207646369934082, 0.18842561542987823, 0.2022794783115387]
NAUTILUS=>2021-06-09 21:43:21.438039: Cycle: 6, Model: 0, val_accuracy: [0.8981900215148926, 0.9234164357185364, 0.9222761988639832, 0.9348592162132263, 0.9328954815864563]
NAUTILUS=>2021-06-09 21:43:21.438081: Starting to generating the best model
NAUTILUS=>2021-06-09 21:43:27.116709: Completed generating the best model. Elapsed time: 0:00:05.678628
NAUTILUS=>2021-06-09 21:43:27.116709: Cycle: 6, Best Model: 0
NAUTILUS=>2021-06-09 21:43:27.116709: Cycle: 6, Best model loss: [0.799095630645752, 0.44768255949020386, 0.3494685888290405, 0.2595919072628021, 0.1752868890762329]
NAUTILUS=>2021-06-09 21:43:27.116709: Cycle: 6, Best model accuracy: [0.7260147333145142, 0.8441426157951355, 0.8842698931694031, 0.9100704789161682, 0.941328763961792]
NAUTILUS=>2021-06-09 21:43:27.116709: Cycle: 6, Best model val_loss: [0.27200403809547424, 0.21592946350574493, 0.2207646369934082, 0.18842561542987823, 0.2022794783115387]
NAUTILUS=>2021-06-09 21:43:27.116709: Cycle: 6, Best model val_accuracy: [0.8981900215148926, 0.9234164357185364, 0.9222761988639832, 0.9348592162132263, 0.9328954815864563]
NAUTILUS=>2021-06-09 21:43:27.403641: Completed active learning cycle. Elapsed time: 0:01:16.832899
NAUTILUS=>2021-06-09 21:43:27.403665: ========> Active learning cycle: 7
NAUTILUS=>2021-06-09 21:43:27.403682: Starting data loading
NAUTILUS=>2021-06-09 21:44:00.111509: Completed data loading. Elapsed time: 0:00:32.707827
NAUTILUS=>2021-06-09 21:44:00.111528: Starting model selection
NAUTILUS=>2021-06-09 21:44:00.111543: Materializing training data
NAUTILUS=>2021-06-09 21:44:00.344688: Completed materializing training data. Elapsed time: 0:00:00.233145
NAUTILUS=>2021-06-09 21:44:00.344702: Generating intermediate features
NAUTILUS=>2021-06-09 21:44:08.963227: Completed generating intermediate features. Elapsed time: 0:00:08.618525
NAUTILUS=>2021-06-09 21:44:08.963246: Starting model training
NAUTILUS=>2021-06-09 21:45:18.704884: Completed model training. Elapsed time: 0:01:09.741638
NAUTILUS=>2021-06-09 21:45:18.704884: Cycle: 7, Model: 0, loss: [0.7481085062026978, 0.42182090878486633, 0.309864342212677, 0.22248294949531555, 0.1598997563123703]
NAUTILUS=>2021-06-09 21:45:18.704884: Cycle: 7, Model: 0, accuracy: [0.7428677082061768, 0.8537191152572632, 0.892896831035614, 0.9256904721260071, 0.9470704793930054]
NAUTILUS=>2021-06-09 21:45:18.704884: Cycle: 7, Model: 0, val_loss: [0.26151031255722046, 0.21143421530723572, 0.21046842634677887, 0.2037501037120819, 0.19459989666938782]
NAUTILUS=>2021-06-09 21:45:18.704884: Cycle: 7, Model: 0, val_accuracy: [0.9015042781829834, 0.9218367338180542, 0.9258263111114502, 0.9293392300605774, 0.9355767965316772]
NAUTILUS=>2021-06-09 21:45:18.704926: Starting to generating the best model
NAUTILUS=>2021-06-09 21:45:24.504793: Completed generating the best model. Elapsed time: 0:00:05.799867
NAUTILUS=>2021-06-09 21:45:24.504793: Cycle: 7, Best Model: 0
NAUTILUS=>2021-06-09 21:45:24.504793: Cycle: 7, Best model loss: [0.7481085062026978, 0.42182090878486633, 0.309864342212677, 0.22248294949531555, 0.1598997563123703]
NAUTILUS=>2021-06-09 21:45:24.504793: Cycle: 7, Best model accuracy: [0.7428677082061768, 0.8537191152572632, 0.892896831035614, 0.9256904721260071, 0.9470704793930054]
NAUTILUS=>2021-06-09 21:45:24.504793: Cycle: 7, Best model val_loss: [0.26151031255722046, 0.21143421530723572, 0.21046842634677887, 0.2037501037120819, 0.19459989666938782]
NAUTILUS=>2021-06-09 21:45:24.504793: Cycle: 7, Best model val_accuracy: [0.9015042781829834, 0.9218367338180542, 0.9258263111114502, 0.9293392300605774, 0.9355767965316772]
NAUTILUS=>2021-06-09 21:45:24.791610: Completed active learning cycle. Elapsed time: 0:01:24.680082
NAUTILUS=>2021-06-09 21:45:24.791629: ========> Active learning cycle: 8
NAUTILUS=>2021-06-09 21:45:24.791632: Starting data loading
NAUTILUS=>2021-06-09 21:46:01.009121: Completed data loading. Elapsed time: 0:00:36.217489
NAUTILUS=>2021-06-09 21:46:01.009140: Starting model selection
NAUTILUS=>2021-06-09 21:46:01.009154: Materializing training data
NAUTILUS=>2021-06-09 21:46:01.240211: Completed materializing training data. Elapsed time: 0:00:00.231057
NAUTILUS=>2021-06-09 21:46:01.240222: Generating intermediate features
NAUTILUS=>2021-06-09 21:46:09.883410: Completed generating intermediate features. Elapsed time: 0:00:08.643188
NAUTILUS=>2021-06-09 21:46:09.883429: Starting model training
NAUTILUS=>2021-06-09 21:47:28.930224: Completed model training. Elapsed time: 0:01:19.046795
NAUTILUS=>2021-06-09 21:47:28.930224: Cycle: 8, Model: 0, loss: [0.6535820960998535, 0.3810775876045227, 0.28666090965270996, 0.208492711186409, 0.1490236073732376]
NAUTILUS=>2021-06-09 21:47:28.930224: Cycle: 8, Model: 0, accuracy: [0.7765576243400574, 0.8676365613937378, 0.9002391695976257, 0.9279411435127258, 0.9505918622016907]
NAUTILUS=>2021-06-09 21:47:28.930224: Cycle: 8, Model: 0, val_loss: [0.24377426505088806, 0.20813800394535065, 0.18465778231620789, 0.18304625153541565, 0.17468281090259552]
NAUTILUS=>2021-06-09 21:47:28.930224: Cycle: 8, Model: 0, val_accuracy: [0.9118196368217468, 0.9233891367912292, 0.9335801601409912, 0.9373338222503662, 0.943854570388794]
NAUTILUS=>2021-06-09 21:47:28.930267: Starting to generating the best model
NAUTILUS=>2021-06-09 21:47:34.555062: Completed generating the best model. Elapsed time: 0:00:05.624795
NAUTILUS=>2021-06-09 21:47:34.555062: Cycle: 8, Best Model: 0
NAUTILUS=>2021-06-09 21:47:34.555062: Cycle: 8, Best model loss: [0.6535820960998535, 0.3810775876045227, 0.28666090965270996, 0.208492711186409, 0.1490236073732376]
NAUTILUS=>2021-06-09 21:47:34.555062: Cycle: 8, Best model accuracy: [0.7765576243400574, 0.8676365613937378, 0.9002391695976257, 0.9279411435127258, 0.9505918622016907]
NAUTILUS=>2021-06-09 21:47:34.555062: Cycle: 8, Best model val_loss: [0.24377426505088806, 0.20813800394535065, 0.18465778231620789, 0.18304625153541565, 0.17468281090259552]
NAUTILUS=>2021-06-09 21:47:34.555062: Cycle: 8, Best model val_accuracy: [0.9118196368217468, 0.9233891367912292, 0.9335801601409912, 0.9373338222503662, 0.943854570388794]
NAUTILUS=>2021-06-09 21:47:34.847561: Completed active learning cycle. Elapsed time: 0:01:33.838421
NAUTILUS=>2021-06-09 21:47:34.847578: ========> Active learning cycle: 9
NAUTILUS=>2021-06-09 21:47:34.847582: Starting data loading
NAUTILUS=>2021-06-09 21:48:04.018080: Completed data loading. Elapsed time: 0:00:29.170498
NAUTILUS=>2021-06-09 21:48:04.018099: Starting model selection
NAUTILUS=>2021-06-09 21:48:04.018114: Materializing training data
NAUTILUS=>2021-06-09 21:48:04.250932: Completed materializing training data. Elapsed time: 0:00:00.232818
NAUTILUS=>2021-06-09 21:48:04.250943: Generating intermediate features
NAUTILUS=>2021-06-09 21:48:12.885058: Completed generating intermediate features. Elapsed time: 0:00:08.634115
NAUTILUS=>2021-06-09 21:48:12.885078: Starting model training
NAUTILUS=>2021-06-09 21:49:40.546613: Completed model training. Elapsed time: 0:01:27.661535
NAUTILUS=>2021-06-09 21:49:40.546613: Cycle: 9, Model: 0, loss: [0.5909554958343506, 0.3518974781036377, 0.26720380783081055, 0.19064782559871674, 0.13617388904094696]
NAUTILUS=>2021-06-09 21:49:40.546613: Cycle: 9, Model: 0, accuracy: [0.7940404415130615, 0.8734995126724243, 0.9067447781562805, 0.933533787727356, 0.9552224278450012]
NAUTILUS=>2021-06-09 21:49:40.546613: Cycle: 9, Model: 0, val_loss: [0.26100778579711914, 0.21437886357307434, 0.17542116343975067, 0.1734769642353058, 0.16712789237499237]
NAUTILUS=>2021-06-09 21:49:40.546613: Cycle: 9, Model: 0, val_accuracy: [0.9083591103553772, 0.9275339841842651, 0.9394904375076294, 0.9416313171386719, 0.9474615454673767]
NAUTILUS=>2021-06-09 21:49:40.546655: Starting to generating the best model
NAUTILUS=>2021-06-09 21:49:46.197219: Completed generating the best model. Elapsed time: 0:00:05.650564
NAUTILUS=>2021-06-09 21:49:46.197219: Cycle: 9, Best Model: 0
NAUTILUS=>2021-06-09 21:49:46.197219: Cycle: 9, Best model loss: [0.5909554958343506, 0.3518974781036377, 0.26720380783081055, 0.19064782559871674, 0.13617388904094696]
NAUTILUS=>2021-06-09 21:49:46.197219: Cycle: 9, Best model accuracy: [0.7940404415130615, 0.8734995126724243, 0.9067447781562805, 0.933533787727356, 0.9552224278450012]
NAUTILUS=>2021-06-09 21:49:46.197219: Cycle: 9, Best model val_loss: [0.26100778579711914, 0.21437886357307434, 0.17542116343975067, 0.1734769642353058, 0.16712789237499237]
NAUTILUS=>2021-06-09 21:49:46.197219: Cycle: 9, Best model val_accuracy: [0.9083591103553772, 0.9275339841842651, 0.9394904375076294, 0.9416313171386719, 0.9474615454673767]
NAUTILUS=>2021-06-09 21:49:46.484873: Completed active learning cycle. Elapsed time: 0:01:42.466774
NAUTILUS=>2021-06-09 21:49:46.484890: ========> Active learning cycle: 10
NAUTILUS=>2021-06-09 21:49:46.484894: Starting data loading
NAUTILUS=>2021-06-09 21:50:18.495443: Completed data loading. Elapsed time: 0:00:32.010549
NAUTILUS=>2021-06-09 21:50:18.495461: Starting model selection
NAUTILUS=>2021-06-09 21:50:18.495475: Materializing training data
NAUTILUS=>2021-06-09 21:50:18.724892: Completed materializing training data. Elapsed time: 0:00:00.229417
NAUTILUS=>2021-06-09 21:50:18.724904: Generating intermediate features
NAUTILUS=>2021-06-09 21:50:27.312109: Completed generating intermediate features. Elapsed time: 0:00:08.587205
NAUTILUS=>2021-06-09 21:50:27.312128: Starting model training
NAUTILUS=>2021-06-09 21:52:03.446948: Completed model training. Elapsed time: 0:01:36.134820
NAUTILUS=>2021-06-09 21:52:03.446948: Cycle: 10, Model: 0, loss: [0.5610118508338928, 0.31679481267929077, 0.24163012206554413, 0.16957181692123413, 0.11318784952163696]
NAUTILUS=>2021-06-09 21:52:03.446948: Cycle: 10, Model: 0, accuracy: [0.8009749054908752, 0.8845130801200867, 0.9131182432174683, 0.9407399296760559, 0.9617505073547363]
NAUTILUS=>2021-06-09 21:52:03.446948: Cycle: 10, Model: 0, val_loss: [0.22298531234264374, 0.19189216196537018, 0.17356561124324799, 0.16823360323905945, 0.1764957457780838]
NAUTILUS=>2021-06-09 21:52:03.446948: Cycle: 10, Model: 0, val_accuracy: [0.9235497117042542, 0.933794379234314, 0.9424549341201782, 0.9496152400970459, 0.9504993557929993]
NAUTILUS=>2021-06-09 21:52:03.446991: Starting to generating the best model
NAUTILUS=>2021-06-09 21:52:09.095930: Completed generating the best model. Elapsed time: 0:00:05.648939
NAUTILUS=>2021-06-09 21:52:09.095930: Cycle: 10, Best Model: 0
NAUTILUS=>2021-06-09 21:52:09.095930: Cycle: 10, Best model loss: [0.5610118508338928, 0.31679481267929077, 0.24163012206554413, 0.16957181692123413, 0.11318784952163696]
NAUTILUS=>2021-06-09 21:52:09.095930: Cycle: 10, Best model accuracy: [0.8009749054908752, 0.8845130801200867, 0.9131182432174683, 0.9407399296760559, 0.9617505073547363]
NAUTILUS=>2021-06-09 21:52:09.095930: Cycle: 10, Best model val_loss: [0.22298531234264374, 0.19189216196537018, 0.17356561124324799, 0.16823360323905945, 0.1764957457780838]
NAUTILUS=>2021-06-09 21:52:09.095930: Cycle: 10, Best model val_accuracy: [0.9235497117042542, 0.933794379234314, 0.9424549341201782, 0.9496152400970459, 0.9504993557929993]
NAUTILUS=>2021-06-09 21:52:09.387540: Completed active learning cycle. Elapsed time: 0:01:50.892079
NAUTILUS=>2021-06-09 21:52:09.387558: Workload completed. Elapsed time: 0:18:19.926710
