NAUTILUS=>2021-06-09 22:12:44.269315: Starting workload
NAUTILUS=>2021-06-09 22:12:44.269315: RANDOM_SEED: 2020
NAUTILUS=>2021-06-09 22:12:44.269315: VERY_LARGE_VALUE: 1000000000000000.0
NAUTILUS=>2021-06-09 22:12:44.269315: NO_MAT_OPT: True
NAUTILUS=>2021-06-09 22:12:44.269315: MODE: ftr3-2
NAUTILUS=>2021-06-09 22:12:44.269315: STORAGE_PATH: ./storage
NAUTILUS=>2021-06-09 22:12:44.269315: NO_FUSE_OPT: False
NAUTILUS=>2021-06-09 22:12:44.269315: NUM_EPOCHS: 5
NAUTILUS=>2021-06-09 22:12:44.269315: MAX_NUM_RECORDS: 5000
NAUTILUS=>2021-06-09 22:12:44.269315: ACTIVE_LEARNING_BATCH_SIZE: 500
NAUTILUS=>2021-06-09 22:12:44.269315: VALID_FRACTION: 0.2
NAUTILUS=>2021-06-09 22:12:44.269315: SAMPLING_STRATERGY: uncertainty
NAUTILUS=>2021-06-09 22:12:44.269315: NO_PRETRAINING: False
NAUTILUS=>2021-06-09 22:12:44.269315: STORAGE_BUDGET: 25
NAUTILUS=>2021-06-09 22:12:44.269315: MEMORY_BUDGET: 10
NAUTILUS=>2021-06-09 22:12:44.269315: WORKSPACE_MEMORY: 1
NAUTILUS=>2021-06-09 22:12:44.269315: COMPUTE_THROUGHPUT: 6
NAUTILUS=>2021-06-09 22:12:44.269315: DISK_THROUGHPUT: 500
NAUTILUS=>2021-06-09 22:12:44.269315: SHUFFLE_BUFFER_SIZE: 10000
NAUTILUS=>2021-06-09 22:12:44.269363: Starting system initialization
NAUTILUS=>2021-06-09 22:12:44.907333: Starting model profiling
NAUTILUS=>2021-06-09 22:13:07.863372: Completed model profiling. Elapsed time: 0:00:22.956036
NAUTILUS=>2021-06-09 22:13:07.863372: Model parameters
NAUTILUS=>2021-06-09 22:13:07.863432: Generating optimized model selection plan
NAUTILUS=>2021-06-09 22:13:07.907468: Used materialized layers: 
NAUTILUS=>2021-06-09 22:13:07.907468: Model training plan: {"0_1": {"models": ["0", "1"], "output_layers": ["0/classifier", "1/classifier"], "flops_consumption": 931614678725000.0, "compute_flops": 931175225600000.0, "load_flops": 439453125000.0, "memory_consumption": 2.5131014324724674, "used_materialized_layers": [], "batch_size": 16, "num_epochs": [5, 5], "flops_reduction": 560644624325000.0, "merged_models": ["0", "1"]}}
NAUTILUS=>2021-06-09 22:13:07.907568: Completed generating optimized model selection plan. Elapsed time: 0:00:00.044135
NAUTILUS=>2021-06-09 22:13:07.907574: Generating fused models
NAUTILUS=>2021-06-09 22:13:16.290733: Completed generating fused models. Elapsed time: 0:00:08.383158
NAUTILUS=>2021-06-09 22:13:16.290733: Current Practice FLOPs: 298276079360.0
NAUTILUS=>2021-06-09 22:13:16.290733: Optimal FLOPs: 74194010880.0
NAUTILUS=>2021-06-09 22:13:16.290733: Theoretical Speedup: 4.020217748335861
NAUTILUS=>2021-06-09 22:13:16.343741: Completed system initialization. Elapsed time: 0:00:32.074378
NAUTILUS=>2021-06-09 22:13:16.343765: ========> Active learning cycle: 1
NAUTILUS=>2021-06-09 22:13:16.343769: Starting data loading
NAUTILUS=>2021-06-09 22:13:32.568807: Completed data loading. Elapsed time: 0:00:16.225038
NAUTILUS=>2021-06-09 22:13:32.568833: Starting model selection
NAUTILUS=>2021-06-09 22:13:32.568853: Materializing training data
NAUTILUS=>2021-06-09 22:13:32.801623: Completed materializing training data. Elapsed time: 0:00:00.232770
NAUTILUS=>2021-06-09 22:13:32.801632: Starting model training
NAUTILUS=>2021-06-09 22:14:10.117884: Completed model training. Elapsed time: 0:00:37.316252
NAUTILUS=>2021-06-09 22:14:10.117884: Cycle: 1, Model: 0, loss: [0.828880786895752, 0.2970868945121765, 0.1905224621295929, 0.12513619661331177, 0.08048415929079056]
NAUTILUS=>2021-06-09 22:14:10.117884: Cycle: 1, Model: 0, accuracy: [0.7468414902687073, 0.8900124430656433, 0.9346765279769897, 0.9563759565353394, 0.9700300097465515]
NAUTILUS=>2021-06-09 22:14:10.117884: Cycle: 1, Model: 0, val_loss: [0.46392127871513367, 0.41468507051467896, 0.35327720642089844, 0.3933575451374054, 0.37415358424186707]
NAUTILUS=>2021-06-09 22:14:10.117884: Cycle: 1, Model: 0, val_accuracy: [0.8359349966049194, 0.8561877608299255, 0.8714163899421692, 0.8704221248626709, 0.8852939605712891]
NAUTILUS=>2021-06-09 22:14:10.117884: Cycle: 1, Model: 1, loss: [1.004594087600708, 0.4065803587436676, 0.28088250756263733, 0.1944686472415924, 0.1432686597108841]
NAUTILUS=>2021-06-09 22:14:10.117884: Cycle: 1, Model: 1, accuracy: [0.7063083052635193, 0.8641493320465088, 0.9058865904808044, 0.9262921214103699, 0.9485536217689514]
NAUTILUS=>2021-06-09 22:14:10.117884: Cycle: 1, Model: 1, val_loss: [0.5762648582458496, 0.4119471609592438, 0.3756779432296753, 0.36078953742980957, 0.36561131477355957]
NAUTILUS=>2021-06-09 22:14:10.117884: Cycle: 1, Model: 1, val_accuracy: [0.8098840117454529, 0.8507524728775024, 0.8563680052757263, 0.869193971157074, 0.8720411062240601]
NAUTILUS=>2021-06-09 22:14:10.117946: Starting to generating the best model
NAUTILUS=>2021-06-09 22:14:17.285122: Completed generating the best model. Elapsed time: 0:00:07.167176
NAUTILUS=>2021-06-09 22:14:17.285122: Cycle: 1, Best Model: 0
NAUTILUS=>2021-06-09 22:14:17.285122: Cycle: 1, Best model loss: [0.828880786895752, 0.2970868945121765, 0.1905224621295929, 0.12513619661331177, 0.08048415929079056]
NAUTILUS=>2021-06-09 22:14:17.285122: Cycle: 1, Best model accuracy: [0.7468414902687073, 0.8900124430656433, 0.9346765279769897, 0.9563759565353394, 0.9700300097465515]
NAUTILUS=>2021-06-09 22:14:17.285122: Cycle: 1, Best model val_loss: [0.46392127871513367, 0.41468507051467896, 0.35327720642089844, 0.3933575451374054, 0.37415358424186707]
NAUTILUS=>2021-06-09 22:14:17.285122: Cycle: 1, Best model val_accuracy: [0.8359349966049194, 0.8561877608299255, 0.8714163899421692, 0.8704221248626709, 0.8852939605712891]
NAUTILUS=>2021-06-09 22:14:17.575546: Completed active learning cycle. Elapsed time: 0:00:45.006713
NAUTILUS=>2021-06-09 22:14:17.575564: ========> Active learning cycle: 2
NAUTILUS=>2021-06-09 22:14:17.575567: Starting data loading
NAUTILUS=>2021-06-09 22:15:06.449393: Completed data loading. Elapsed time: 0:00:48.873826
NAUTILUS=>2021-06-09 22:15:06.449410: Starting model selection
NAUTILUS=>2021-06-09 22:15:06.449425: Materializing training data
NAUTILUS=>2021-06-09 22:15:06.684226: Completed materializing training data. Elapsed time: 0:00:00.234801
NAUTILUS=>2021-06-09 22:15:06.684236: Starting model training
NAUTILUS=>2021-06-09 22:16:06.014127: Completed model training. Elapsed time: 0:00:59.329891
NAUTILUS=>2021-06-09 22:16:06.014127: Cycle: 2, Model: 0, loss: [0.9820088148117065, 0.42822325229644775, 0.27448880672454834, 0.19114276766777039, 0.1252221316099167]
NAUTILUS=>2021-06-09 22:16:06.014127: Cycle: 2, Model: 0, accuracy: [0.6411345601081848, 0.8296785950660706, 0.8881787657737732, 0.9303540587425232, 0.9543465375900269]
NAUTILUS=>2021-06-09 22:16:06.014127: Cycle: 2, Model: 0, val_loss: [0.378217875957489, 0.3470526933670044, 0.29616519808769226, 0.28355541825294495, 0.3051360249519348]
NAUTILUS=>2021-06-09 22:16:06.014127: Cycle: 2, Model: 0, val_accuracy: [0.8639460802078247, 0.8841715455055237, 0.9048786163330078, 0.9142364263534546, 0.9139883518218994]
NAUTILUS=>2021-06-09 22:16:06.014127: Cycle: 2, Model: 1, loss: [1.0316306352615356, 0.49598369002342224, 0.33836859464645386, 0.2519089877605438, 0.17347858846187592]
NAUTILUS=>2021-06-09 22:16:06.014127: Cycle: 2, Model: 1, accuracy: [0.6214208006858826, 0.8046935200691223, 0.8720493316650391, 0.9077181816101074, 0.9331250190734863]
NAUTILUS=>2021-06-09 22:16:06.014127: Cycle: 2, Model: 1, val_loss: [0.4488494396209717, 0.35525694489479065, 0.2943028509616852, 0.2883753776550293, 0.2760796844959259]
NAUTILUS=>2021-06-09 22:16:06.014127: Cycle: 2, Model: 1, val_accuracy: [0.8425663709640503, 0.8833434581756592, 0.8984968066215515, 0.9134674668312073, 0.9148668646812439]
NAUTILUS=>2021-06-09 22:16:06.014189: Starting to generating the best model
NAUTILUS=>2021-06-09 22:16:13.228577: Completed generating the best model. Elapsed time: 0:00:07.214388
NAUTILUS=>2021-06-09 22:16:13.228577: Cycle: 2, Best Model: 1
NAUTILUS=>2021-06-09 22:16:13.228577: Cycle: 2, Best model loss: [1.0316306352615356, 0.49598369002342224, 0.33836859464645386, 0.2519089877605438, 0.17347858846187592]
NAUTILUS=>2021-06-09 22:16:13.228577: Cycle: 2, Best model accuracy: [0.6214208006858826, 0.8046935200691223, 0.8720493316650391, 0.9077181816101074, 0.9331250190734863]
NAUTILUS=>2021-06-09 22:16:13.228577: Cycle: 2, Best model val_loss: [0.4488494396209717, 0.35525694489479065, 0.2943028509616852, 0.2883753776550293, 0.2760796844959259]
NAUTILUS=>2021-06-09 22:16:13.228577: Cycle: 2, Best model val_accuracy: [0.8425663709640503, 0.8833434581756592, 0.8984968066215515, 0.9134674668312073, 0.9148668646812439]
NAUTILUS=>2021-06-09 22:16:13.514794: Completed active learning cycle. Elapsed time: 0:01:07.065384
NAUTILUS=>2021-06-09 22:16:13.514810: ========> Active learning cycle: 3
NAUTILUS=>2021-06-09 22:16:13.514813: Starting data loading
NAUTILUS=>2021-06-09 22:16:53.271727: Completed data loading. Elapsed time: 0:00:39.756914
NAUTILUS=>2021-06-09 22:16:53.271744: Starting model selection
NAUTILUS=>2021-06-09 22:16:53.271760: Materializing training data
NAUTILUS=>2021-06-09 22:16:53.506134: Completed materializing training data. Elapsed time: 0:00:00.234374
NAUTILUS=>2021-06-09 22:16:53.506144: Starting model training
NAUTILUS=>2021-06-09 22:18:14.718092: Completed model training. Elapsed time: 0:01:21.211948
NAUTILUS=>2021-06-09 22:18:14.718092: Cycle: 3, Model: 0, loss: [1.050710916519165, 0.5033090114593506, 0.3407381474971771, 0.2735863924026489, 0.1836095005273819]
NAUTILUS=>2021-06-09 22:18:14.718092: Cycle: 3, Model: 0, accuracy: [0.6389156579971313, 0.8102914094924927, 0.8764285445213318, 0.9025121331214905, 0.9408676028251648]
NAUTILUS=>2021-06-09 22:18:14.718092: Cycle: 3, Model: 0, val_loss: [0.36430713534355164, 0.25770995020866394, 0.28084874153137207, 0.3071657717227936, 0.29371631145477295]
NAUTILUS=>2021-06-09 22:18:14.718092: Cycle: 3, Model: 0, val_accuracy: [0.866638720035553, 0.9088951349258423, 0.9155575633049011, 0.9189569354057312, 0.9139968752861023]
NAUTILUS=>2021-06-09 22:18:14.718092: Cycle: 3, Model: 1, loss: [1.0783882141113281, 0.5539801120758057, 0.41034072637557983, 0.3224407434463501, 0.24361225962638855]
NAUTILUS=>2021-06-09 22:18:14.718092: Cycle: 3, Model: 1, accuracy: [0.6114398241043091, 0.7815563082695007, 0.8466833233833313, 0.8862652778625488, 0.9209495186805725]
NAUTILUS=>2021-06-09 22:18:14.718092: Cycle: 3, Model: 1, val_loss: [0.3908446729183197, 0.3065914809703827, 0.262494832277298, 0.2744654715061188, 0.25558266043663025]
NAUTILUS=>2021-06-09 22:18:14.718092: Cycle: 3, Model: 1, val_accuracy: [0.8673787713050842, 0.8960530757904053, 0.910903811454773, 0.9131661057472229, 0.9138773679733276]
NAUTILUS=>2021-06-09 22:18:14.718153: Starting to generating the best model
NAUTILUS=>2021-06-09 22:18:21.911126: Completed generating the best model. Elapsed time: 0:00:07.192973
NAUTILUS=>2021-06-09 22:18:21.911126: Cycle: 3, Best Model: 0
NAUTILUS=>2021-06-09 22:18:21.911126: Cycle: 3, Best model loss: [1.050710916519165, 0.5033090114593506, 0.3407381474971771, 0.2735863924026489, 0.1836095005273819]
NAUTILUS=>2021-06-09 22:18:21.911126: Cycle: 3, Best model accuracy: [0.6389156579971313, 0.8102914094924927, 0.8764285445213318, 0.9025121331214905, 0.9408676028251648]
NAUTILUS=>2021-06-09 22:18:21.911126: Cycle: 3, Best model val_loss: [0.36430713534355164, 0.25770995020866394, 0.28084874153137207, 0.3071657717227936, 0.29371631145477295]
NAUTILUS=>2021-06-09 22:18:21.911126: Cycle: 3, Best model val_accuracy: [0.866638720035553, 0.9088951349258423, 0.9155575633049011, 0.9189569354057312, 0.9139968752861023]
NAUTILUS=>2021-06-09 22:18:22.197307: Completed active learning cycle. Elapsed time: 0:01:28.925563
NAUTILUS=>2021-06-09 22:18:22.197328: ========> Active learning cycle: 4
NAUTILUS=>2021-06-09 22:18:22.197333: Starting data loading
NAUTILUS=>2021-06-09 22:19:06.960365: Completed data loading. Elapsed time: 0:00:44.763032
NAUTILUS=>2021-06-09 22:19:06.960382: Starting model selection
NAUTILUS=>2021-06-09 22:19:06.960397: Materializing training data
NAUTILUS=>2021-06-09 22:19:07.198465: Completed materializing training data. Elapsed time: 0:00:00.238068
NAUTILUS=>2021-06-09 22:19:07.198476: Starting model training
NAUTILUS=>2021-06-09 22:20:49.817108: Completed model training. Elapsed time: 0:01:42.618632
NAUTILUS=>2021-06-09 22:20:49.817108: Cycle: 4, Model: 0, loss: [0.9954246282577515, 0.5512509346008301, 0.40315353870391846, 0.30540019273757935, 0.2146904170513153]
NAUTILUS=>2021-06-09 22:20:49.817108: Cycle: 4, Model: 0, accuracy: [0.6607085466384888, 0.8087973594665527, 0.8626412749290466, 0.9007800221443176, 0.9326201677322388]
NAUTILUS=>2021-06-09 22:20:49.817108: Cycle: 4, Model: 0, val_loss: [0.3324156701564789, 0.2548426389694214, 0.2528800666332245, 0.23583447933197021, 0.23320510983467102]
NAUTILUS=>2021-06-09 22:20:49.817108: Cycle: 4, Model: 0, val_accuracy: [0.8836964964866638, 0.9098818302154541, 0.9095988273620605, 0.9224218726158142, 0.9229169487953186]
NAUTILUS=>2021-06-09 22:20:49.817108: Cycle: 4, Model: 1, loss: [1.001509666442871, 0.5832325220108032, 0.43986427783966064, 0.3569352626800537, 0.2737649381160736]
NAUTILUS=>2021-06-09 22:20:49.817108: Cycle: 4, Model: 1, accuracy: [0.6574764251708984, 0.7933529019355774, 0.8438103199005127, 0.8796484470367432, 0.9128134846687317]
NAUTILUS=>2021-06-09 22:20:49.817108: Cycle: 4, Model: 1, val_loss: [0.34195423126220703, 0.26726189255714417, 0.25359395146369934, 0.2350953221321106, 0.23659701645374298]
NAUTILUS=>2021-06-09 22:20:49.817108: Cycle: 4, Model: 1, val_accuracy: [0.8801698088645935, 0.9056617617607117, 0.912513256072998, 0.9193992614746094, 0.9166221618652344]
NAUTILUS=>2021-06-09 22:20:49.817170: Starting to generating the best model
NAUTILUS=>2021-06-09 22:20:56.980674: Completed generating the best model. Elapsed time: 0:00:07.163504
NAUTILUS=>2021-06-09 22:20:56.980674: Cycle: 4, Best Model: 0
NAUTILUS=>2021-06-09 22:20:56.980674: Cycle: 4, Best model loss: [0.9954246282577515, 0.5512509346008301, 0.40315353870391846, 0.30540019273757935, 0.2146904170513153]
NAUTILUS=>2021-06-09 22:20:56.980674: Cycle: 4, Best model accuracy: [0.6607085466384888, 0.8087973594665527, 0.8626412749290466, 0.9007800221443176, 0.9326201677322388]
NAUTILUS=>2021-06-09 22:20:56.980674: Cycle: 4, Best model val_loss: [0.3324156701564789, 0.2548426389694214, 0.2528800666332245, 0.23583447933197021, 0.23320510983467102]
NAUTILUS=>2021-06-09 22:20:56.980674: Cycle: 4, Best model val_accuracy: [0.8836964964866638, 0.9098818302154541, 0.9095988273620605, 0.9224218726158142, 0.9229169487953186]
NAUTILUS=>2021-06-09 22:20:57.270276: Completed active learning cycle. Elapsed time: 0:01:50.309894
NAUTILUS=>2021-06-09 22:20:57.270293: ========> Active learning cycle: 5
NAUTILUS=>2021-06-09 22:20:57.270296: Starting data loading
NAUTILUS=>2021-06-09 22:21:33.565925: Completed data loading. Elapsed time: 0:00:36.295629
NAUTILUS=>2021-06-09 22:21:33.565942: Starting model selection
NAUTILUS=>2021-06-09 22:21:33.565956: Materializing training data
NAUTILUS=>2021-06-09 22:21:33.799784: Completed materializing training data. Elapsed time: 0:00:00.233828
NAUTILUS=>2021-06-09 22:21:33.799798: Starting model training
NAUTILUS=>2021-06-09 22:23:37.995674: Completed model training. Elapsed time: 0:02:04.195876
NAUTILUS=>2021-06-09 22:23:37.995674: Cycle: 5, Model: 0, loss: [0.904207170009613, 0.5050365328788757, 0.3840261697769165, 0.2748444080352783, 0.19488276541233063]
NAUTILUS=>2021-06-09 22:23:37.995674: Cycle: 5, Model: 0, accuracy: [0.6921955347061157, 0.8266817331314087, 0.8685885667800903, 0.9107164740562439, 0.9354862570762634]
NAUTILUS=>2021-06-09 22:23:37.995674: Cycle: 5, Model: 0, val_loss: [0.3013412356376648, 0.2644602358341217, 0.23622344434261322, 0.2224932610988617, 0.23127955198287964]
NAUTILUS=>2021-06-09 22:23:37.995674: Cycle: 5, Model: 0, val_accuracy: [0.8966397643089294, 0.9116717576980591, 0.9236247539520264, 0.9244238138198853, 0.9264432191848755]
NAUTILUS=>2021-06-09 22:23:37.995674: Cycle: 5, Model: 1, loss: [0.9218186736106873, 0.5378509163856506, 0.41086679697036743, 0.32589367032051086, 0.267581045627594]
NAUTILUS=>2021-06-09 22:23:37.995674: Cycle: 5, Model: 1, accuracy: [0.6786155104637146, 0.808452308177948, 0.8559844493865967, 0.8916692137718201, 0.9123297333717346]
NAUTILUS=>2021-06-09 22:23:37.995674: Cycle: 5, Model: 1, val_loss: [0.32943615317344666, 0.25770819187164307, 0.24129055440425873, 0.22307893633842468, 0.22264157235622406]
NAUTILUS=>2021-06-09 22:23:37.995674: Cycle: 5, Model: 1, val_accuracy: [0.884997546672821, 0.9141061902046204, 0.9190099239349365, 0.9170877933502197, 0.9235996603965759]
NAUTILUS=>2021-06-09 22:23:37.995736: Starting to generating the best model
NAUTILUS=>2021-06-09 22:23:45.245462: Completed generating the best model. Elapsed time: 0:00:07.249726
NAUTILUS=>2021-06-09 22:23:45.245462: Cycle: 5, Best Model: 0
NAUTILUS=>2021-06-09 22:23:45.245462: Cycle: 5, Best model loss: [0.904207170009613, 0.5050365328788757, 0.3840261697769165, 0.2748444080352783, 0.19488276541233063]
NAUTILUS=>2021-06-09 22:23:45.245462: Cycle: 5, Best model accuracy: [0.6921955347061157, 0.8266817331314087, 0.8685885667800903, 0.9107164740562439, 0.9354862570762634]
NAUTILUS=>2021-06-09 22:23:45.245462: Cycle: 5, Best model val_loss: [0.3013412356376648, 0.2644602358341217, 0.23622344434261322, 0.2224932610988617, 0.23127955198287964]
NAUTILUS=>2021-06-09 22:23:45.245462: Cycle: 5, Best model val_accuracy: [0.8966397643089294, 0.9116717576980591, 0.9236247539520264, 0.9244238138198853, 0.9264432191848755]
NAUTILUS=>2021-06-09 22:23:45.534918: Completed active learning cycle. Elapsed time: 0:02:11.968976
NAUTILUS=>2021-06-09 22:23:45.534934: ========> Active learning cycle: 6
NAUTILUS=>2021-06-09 22:23:45.534938: Starting data loading
NAUTILUS=>2021-06-09 22:24:25.970964: Completed data loading. Elapsed time: 0:00:40.436026
NAUTILUS=>2021-06-09 22:24:25.970982: Starting model selection
NAUTILUS=>2021-06-09 22:24:25.970998: Materializing training data
NAUTILUS=>2021-06-09 22:24:26.214604: Completed materializing training data. Elapsed time: 0:00:00.243606
NAUTILUS=>2021-06-09 22:24:26.214618: Starting model training
NAUTILUS=>2021-06-09 22:26:52.228824: Completed model training. Elapsed time: 0:02:26.014206
NAUTILUS=>2021-06-09 22:26:52.228824: Cycle: 6, Model: 0, loss: [0.7858965396881104, 0.46928679943084717, 0.3396730422973633, 0.25560057163238525, 0.18200817704200745]
NAUTILUS=>2021-06-09 22:26:52.228824: Cycle: 6, Model: 0, accuracy: [0.7292013764381409, 0.8368784785270691, 0.8828925490379333, 0.9143738746643066, 0.9425364136695862]
NAUTILUS=>2021-06-09 22:26:52.228824: Cycle: 6, Model: 0, val_loss: [0.2636231780052185, 0.2664879560470581, 0.22213777899742126, 0.19965173304080963, 0.20571689307689667]
NAUTILUS=>2021-06-09 22:26:52.228824: Cycle: 6, Model: 0, val_accuracy: [0.9048028588294983, 0.9146237373352051, 0.9229474663734436, 0.9323388934135437, 0.9358837604522705]
NAUTILUS=>2021-06-09 22:26:52.228824: Cycle: 6, Model: 1, loss: [0.8295163512229919, 0.4864271581172943, 0.3765503466129303, 0.29941830039024353, 0.23733264207839966]
NAUTILUS=>2021-06-09 22:26:52.228824: Cycle: 6, Model: 1, accuracy: [0.7132124304771423, 0.8294124603271484, 0.8680835962295532, 0.8998165726661682, 0.9244931936264038]
NAUTILUS=>2021-06-09 22:26:52.228824: Cycle: 6, Model: 1, val_loss: [0.2901887893676758, 0.2700625956058502, 0.22178149223327637, 0.19706855714321136, 0.19839929044246674]
NAUTILUS=>2021-06-09 22:26:52.228824: Cycle: 6, Model: 1, val_accuracy: [0.9004414081573486, 0.9022248387336731, 0.9253427982330322, 0.9335129857063293, 0.9337576031684875]
NAUTILUS=>2021-06-09 22:26:52.228885: Starting to generating the best model
NAUTILUS=>2021-06-09 22:26:59.414318: Completed generating the best model. Elapsed time: 0:00:07.185433
NAUTILUS=>2021-06-09 22:26:59.414318: Cycle: 6, Best Model: 0
NAUTILUS=>2021-06-09 22:26:59.414318: Cycle: 6, Best model loss: [0.7858965396881104, 0.46928679943084717, 0.3396730422973633, 0.25560057163238525, 0.18200817704200745]
NAUTILUS=>2021-06-09 22:26:59.414318: Cycle: 6, Best model accuracy: [0.7292013764381409, 0.8368784785270691, 0.8828925490379333, 0.9143738746643066, 0.9425364136695862]
NAUTILUS=>2021-06-09 22:26:59.414318: Cycle: 6, Best model val_loss: [0.2636231780052185, 0.2664879560470581, 0.22213777899742126, 0.19965173304080963, 0.20571689307689667]
NAUTILUS=>2021-06-09 22:26:59.414318: Cycle: 6, Best model val_accuracy: [0.9048028588294983, 0.9146237373352051, 0.9229474663734436, 0.9323388934135437, 0.9358837604522705]
NAUTILUS=>2021-06-09 22:26:59.704076: Completed active learning cycle. Elapsed time: 0:02:33.733094
NAUTILUS=>2021-06-09 22:26:59.704094: ========> Active learning cycle: 7
NAUTILUS=>2021-06-09 22:26:59.704098: Starting data loading
NAUTILUS=>2021-06-09 22:27:32.467931: Completed data loading. Elapsed time: 0:00:32.763833
NAUTILUS=>2021-06-09 22:27:32.467949: Starting model selection
NAUTILUS=>2021-06-09 22:27:32.467964: Materializing training data
NAUTILUS=>2021-06-09 22:27:32.697189: Completed materializing training data. Elapsed time: 0:00:00.229225
NAUTILUS=>2021-06-09 22:27:32.697198: Starting model training
NAUTILUS=>2021-06-09 22:30:19.977426: Completed model training. Elapsed time: 0:02:47.280228
NAUTILUS=>2021-06-09 22:30:19.977426: Cycle: 7, Model: 0, loss: [0.727860689163208, 0.4165000319480896, 0.323190301656723, 0.23259273171424866, 0.167185977101326]
NAUTILUS=>2021-06-09 22:30:19.977426: Cycle: 7, Model: 0, accuracy: [0.7474967837333679, 0.8550359010696411, 0.8872821927070618, 0.9195929765701294, 0.9432539343833923]
NAUTILUS=>2021-06-09 22:30:19.977426: Cycle: 7, Model: 0, val_loss: [0.2582946717739105, 0.20768670737743378, 0.19539199769496918, 0.203131303191185, 0.20023483037948608]
NAUTILUS=>2021-06-09 22:30:19.977426: Cycle: 7, Model: 0, val_accuracy: [0.9086786508560181, 0.9296627640724182, 0.932969868183136, 0.9357430338859558, 0.939337968826294]
NAUTILUS=>2021-06-09 22:30:19.977426: Cycle: 7, Model: 1, loss: [0.7676295042037964, 0.4417216181755066, 0.349344938993454, 0.27965351939201355, 0.22965288162231445]
NAUTILUS=>2021-06-09 22:30:19.977426: Cycle: 7, Model: 1, accuracy: [0.7321515679359436, 0.8417808413505554, 0.8786600828170776, 0.903868556022644, 0.9232533574104309]
NAUTILUS=>2021-06-09 22:30:19.977426: Cycle: 7, Model: 1, val_loss: [0.26819223165512085, 0.2150886505842209, 0.19895949959754944, 0.2035835236310959, 0.1925584375858307]
NAUTILUS=>2021-06-09 22:30:19.977426: Cycle: 7, Model: 1, val_accuracy: [0.9045039415359497, 0.9246193766593933, 0.9316587448120117, 0.9346312880516052, 0.9357239007949829]
NAUTILUS=>2021-06-09 22:30:19.977486: Starting to generating the best model
NAUTILUS=>2021-06-09 22:30:27.206929: Completed generating the best model. Elapsed time: 0:00:07.229443
NAUTILUS=>2021-06-09 22:30:27.206929: Cycle: 7, Best Model: 0
NAUTILUS=>2021-06-09 22:30:27.206929: Cycle: 7, Best model loss: [0.727860689163208, 0.4165000319480896, 0.323190301656723, 0.23259273171424866, 0.167185977101326]
NAUTILUS=>2021-06-09 22:30:27.206929: Cycle: 7, Best model accuracy: [0.7474967837333679, 0.8550359010696411, 0.8872821927070618, 0.9195929765701294, 0.9432539343833923]
NAUTILUS=>2021-06-09 22:30:27.206929: Cycle: 7, Best model val_loss: [0.2582946717739105, 0.20768670737743378, 0.19539199769496918, 0.203131303191185, 0.20023483037948608]
NAUTILUS=>2021-06-09 22:30:27.206929: Cycle: 7, Best model val_accuracy: [0.9086786508560181, 0.9296627640724182, 0.932969868183136, 0.9357430338859558, 0.939337968826294]
NAUTILUS=>2021-06-09 22:30:27.494536: Completed active learning cycle. Elapsed time: 0:02:55.026587
NAUTILUS=>2021-06-09 22:30:27.494553: ========> Active learning cycle: 8
NAUTILUS=>2021-06-09 22:30:27.494556: Starting data loading
NAUTILUS=>2021-06-09 22:31:03.725896: Completed data loading. Elapsed time: 0:00:36.231340
NAUTILUS=>2021-06-09 22:31:03.725914: Starting model selection
NAUTILUS=>2021-06-09 22:31:03.725929: Materializing training data
NAUTILUS=>2021-06-09 22:31:03.953994: Completed materializing training data. Elapsed time: 0:00:00.228065
NAUTILUS=>2021-06-09 22:31:03.954004: Starting model training
NAUTILUS=>2021-06-09 22:34:13.934219: Completed model training. Elapsed time: 0:03:09.980215
NAUTILUS=>2021-06-09 22:34:13.934219: Cycle: 8, Model: 0, loss: [0.6416021585464478, 0.38767868280410767, 0.28530871868133545, 0.21495990455150604, 0.14892235398292542]
NAUTILUS=>2021-06-09 22:34:13.934219: Cycle: 8, Model: 0, accuracy: [0.7725809216499329, 0.8639745116233826, 0.8996830582618713, 0.9269807934761047, 0.9489004611968994]
NAUTILUS=>2021-06-09 22:34:13.934219: Cycle: 8, Model: 0, val_loss: [0.3664376437664032, 0.21620510518550873, 0.1763685792684555, 0.20414204895496368, 0.19153253734111786]
NAUTILUS=>2021-06-09 22:34:13.934219: Cycle: 8, Model: 0, val_accuracy: [0.8691384792327881, 0.9229686260223389, 0.9376024603843689, 0.9336561560630798, 0.9430793523788452]
NAUTILUS=>2021-06-09 22:34:13.934219: Cycle: 8, Model: 1, loss: [0.6897653937339783, 0.4040166139602661, 0.31825390458106995, 0.25805264711380005, 0.2078639268875122]
NAUTILUS=>2021-06-09 22:34:13.934219: Cycle: 8, Model: 1, accuracy: [0.7564001679420471, 0.8544498682022095, 0.8864397406578064, 0.9145702123641968, 0.9294607043266296]
NAUTILUS=>2021-06-09 22:34:13.934219: Cycle: 8, Model: 1, val_loss: [0.36923351883888245, 0.23548901081085205, 0.18663085997104645, 0.21259157359600067, 0.19473564624786377]
NAUTILUS=>2021-06-09 22:34:13.934219: Cycle: 8, Model: 1, val_accuracy: [0.8639354109764099, 0.918850302696228, 0.9334433078765869, 0.9232632517814636, 0.9336201548576355]
NAUTILUS=>2021-06-09 22:34:13.934281: Starting to generating the best model
NAUTILUS=>2021-06-09 22:34:21.165039: Completed generating the best model. Elapsed time: 0:00:07.230758
NAUTILUS=>2021-06-09 22:34:21.165039: Cycle: 8, Best Model: 0
NAUTILUS=>2021-06-09 22:34:21.165039: Cycle: 8, Best model loss: [0.6416021585464478, 0.38767868280410767, 0.28530871868133545, 0.21495990455150604, 0.14892235398292542]
NAUTILUS=>2021-06-09 22:34:21.165039: Cycle: 8, Best model accuracy: [0.7725809216499329, 0.8639745116233826, 0.8996830582618713, 0.9269807934761047, 0.9489004611968994]
NAUTILUS=>2021-06-09 22:34:21.165039: Cycle: 8, Best model val_loss: [0.3664376437664032, 0.21620510518550873, 0.1763685792684555, 0.20414204895496368, 0.19153253734111786]
NAUTILUS=>2021-06-09 22:34:21.165039: Cycle: 8, Best model val_accuracy: [0.8691384792327881, 0.9229686260223389, 0.9376024603843689, 0.9336561560630798, 0.9430793523788452]
NAUTILUS=>2021-06-09 22:34:21.456417: Completed active learning cycle. Elapsed time: 0:03:17.730503
NAUTILUS=>2021-06-09 22:34:21.456433: ========> Active learning cycle: 9
NAUTILUS=>2021-06-09 22:34:21.456437: Starting data loading
NAUTILUS=>2021-06-09 22:34:50.690354: Completed data loading. Elapsed time: 0:00:29.233917
NAUTILUS=>2021-06-09 22:34:50.690372: Starting model selection
NAUTILUS=>2021-06-09 22:34:50.690386: Materializing training data
NAUTILUS=>2021-06-09 22:34:50.920566: Completed materializing training data. Elapsed time: 0:00:00.230180
NAUTILUS=>2021-06-09 22:34:50.920577: Starting model training
NAUTILUS=>2021-06-09 22:38:22.550272: Completed model training. Elapsed time: 0:03:31.629695
NAUTILUS=>2021-06-09 22:38:22.550272: Cycle: 9, Model: 0, loss: [0.6061850190162659, 0.34650692343711853, 0.26067447662353516, 0.18415135145187378, 0.12161293625831604]
NAUTILUS=>2021-06-09 22:38:22.550272: Cycle: 9, Model: 0, accuracy: [0.7868390679359436, 0.8792059421539307, 0.9093183279037476, 0.9353203177452087, 0.9586443305015564]
NAUTILUS=>2021-06-09 22:38:22.550272: Cycle: 9, Model: 0, val_loss: [0.21944209933280945, 0.19292700290679932, 0.18486419320106506, 0.1769891232252121, 0.18173104524612427]
NAUTILUS=>2021-06-09 22:38:22.550272: Cycle: 9, Model: 0, val_accuracy: [0.9173336029052734, 0.9336378574371338, 0.9390407800674438, 0.94572514295578, 0.9459174275398254]
NAUTILUS=>2021-06-09 22:38:22.550272: Cycle: 9, Model: 1, loss: [0.646568238735199, 0.3674543797969818, 0.29113003611564636, 0.23001629114151, 0.18281719088554382]
NAUTILUS=>2021-06-09 22:38:22.550272: Cycle: 9, Model: 1, accuracy: [0.7741162776947021, 0.8668545484542847, 0.8983044028282166, 0.9209556579589844, 0.9392507076263428]
NAUTILUS=>2021-06-09 22:38:22.550272: Cycle: 9, Model: 1, val_loss: [0.2294655293226242, 0.2097168117761612, 0.1877196729183197, 0.18205438554286957, 0.1764553189277649]
NAUTILUS=>2021-06-09 22:38:22.550272: Cycle: 9, Model: 1, val_accuracy: [0.9144431352615356, 0.928695023059845, 0.9369106888771057, 0.9363304376602173, 0.9424831867218018]
NAUTILUS=>2021-06-09 22:38:22.550334: Starting to generating the best model
NAUTILUS=>2021-06-09 22:38:29.738745: Completed generating the best model. Elapsed time: 0:00:07.188411
NAUTILUS=>2021-06-09 22:38:29.738745: Cycle: 9, Best Model: 0
NAUTILUS=>2021-06-09 22:38:29.738745: Cycle: 9, Best model loss: [0.6061850190162659, 0.34650692343711853, 0.26067447662353516, 0.18415135145187378, 0.12161293625831604]
NAUTILUS=>2021-06-09 22:38:29.738745: Cycle: 9, Best model accuracy: [0.7868390679359436, 0.8792059421539307, 0.9093183279037476, 0.9353203177452087, 0.9586443305015564]
NAUTILUS=>2021-06-09 22:38:29.738745: Cycle: 9, Best model val_loss: [0.21944209933280945, 0.19292700290679932, 0.18486419320106506, 0.1769891232252121, 0.18173104524612427]
NAUTILUS=>2021-06-09 22:38:29.738745: Cycle: 9, Best model val_accuracy: [0.9173336029052734, 0.9336378574371338, 0.9390407800674438, 0.94572514295578, 0.9459174275398254]
NAUTILUS=>2021-06-09 22:38:30.031187: Completed active learning cycle. Elapsed time: 0:03:39.340815
NAUTILUS=>2021-06-09 22:38:30.031204: ========> Active learning cycle: 10
NAUTILUS=>2021-06-09 22:38:30.031208: Starting data loading
NAUTILUS=>2021-06-09 22:39:02.114730: Completed data loading. Elapsed time: 0:00:32.083522
NAUTILUS=>2021-06-09 22:39:02.114747: Starting model selection
NAUTILUS=>2021-06-09 22:39:02.114763: Materializing training data
NAUTILUS=>2021-06-09 22:39:02.344252: Completed materializing training data. Elapsed time: 0:00:00.229489
NAUTILUS=>2021-06-09 22:39:02.344262: Starting model training
NAUTILUS=>2021-06-09 22:42:55.336074: Completed model training. Elapsed time: 0:03:52.991812
NAUTILUS=>2021-06-09 22:42:55.336074: Cycle: 10, Model: 0, loss: [0.5470329523086548, 0.32062554359436035, 0.24280546605587006, 0.1764749437570572, 0.11210525035858154]
NAUTILUS=>2021-06-09 22:42:55.336074: Cycle: 10, Model: 0, accuracy: [0.8036273717880249, 0.883213996887207, 0.9148218631744385, 0.9382187128067017, 0.9618856906890869]
NAUTILUS=>2021-06-09 22:42:55.336074: Cycle: 10, Model: 0, val_loss: [0.2055002599954605, 0.22146755456924438, 0.20576420426368713, 0.1784619390964508, 0.17629829049110413]
NAUTILUS=>2021-06-09 22:42:55.336074: Cycle: 10, Model: 0, val_accuracy: [0.9283852577209473, 0.9179961681365967, 0.9317036271095276, 0.9491046071052551, 0.9527917504310608]
NAUTILUS=>2021-06-09 22:42:55.336074: Cycle: 10, Model: 1, loss: [0.5713332891464233, 0.33551692962646484, 0.2650308609008789, 0.2162732034921646, 0.1667155623435974]
NAUTILUS=>2021-06-09 22:42:55.336074: Cycle: 10, Model: 1, accuracy: [0.7920353412628174, 0.8760107159614563, 0.9055325388908386, 0.9261027574539185, 0.9434581995010376]
NAUTILUS=>2021-06-09 22:42:55.336074: Cycle: 10, Model: 1, val_loss: [0.22654157876968384, 0.22026431560516357, 0.19145770370960236, 0.17842376232147217, 0.1675945520401001]
NAUTILUS=>2021-06-09 22:42:55.336074: Cycle: 10, Model: 1, val_accuracy: [0.9203822612762451, 0.9192319512367249, 0.9356856346130371, 0.9427816271781921, 0.9467678666114807]
NAUTILUS=>2021-06-09 22:42:55.336137: Starting to generating the best model
NAUTILUS=>2021-06-09 22:43:02.575220: Completed generating the best model. Elapsed time: 0:00:07.239083
NAUTILUS=>2021-06-09 22:43:02.575220: Cycle: 10, Best Model: 0
NAUTILUS=>2021-06-09 22:43:02.575220: Cycle: 10, Best model loss: [0.5470329523086548, 0.32062554359436035, 0.24280546605587006, 0.1764749437570572, 0.11210525035858154]
NAUTILUS=>2021-06-09 22:43:02.575220: Cycle: 10, Best model accuracy: [0.8036273717880249, 0.883213996887207, 0.9148218631744385, 0.9382187128067017, 0.9618856906890869]
NAUTILUS=>2021-06-09 22:43:02.575220: Cycle: 10, Best model val_loss: [0.2055002599954605, 0.22146755456924438, 0.20576420426368713, 0.1784619390964508, 0.17629829049110413]
NAUTILUS=>2021-06-09 22:43:02.575220: Cycle: 10, Best model val_accuracy: [0.9283852577209473, 0.9179961681365967, 0.9317036271095276, 0.9491046071052551, 0.9527917504310608]
NAUTILUS=>2021-06-09 22:43:02.869520: Completed active learning cycle. Elapsed time: 0:04:00.754773
NAUTILUS=>2021-06-09 22:43:02.869536: Workload completed. Elapsed time: 0:30:18.600221
