NAUTILUS=>2021-06-09 22:43:05.664694: Starting workload
NAUTILUS=>2021-06-09 22:43:05.664694: RANDOM_SEED: 2020
NAUTILUS=>2021-06-09 22:43:05.664694: VERY_LARGE_VALUE: 1000000000000000.0
NAUTILUS=>2021-06-09 22:43:05.664694: NO_MAT_OPT: False
NAUTILUS=>2021-06-09 22:43:05.664694: MODE: ftr3-2
NAUTILUS=>2021-06-09 22:43:05.664694: STORAGE_PATH: ./storage
NAUTILUS=>2021-06-09 22:43:05.664694: NO_FUSE_OPT: True
NAUTILUS=>2021-06-09 22:43:05.664694: NUM_EPOCHS: 5
NAUTILUS=>2021-06-09 22:43:05.664694: MAX_NUM_RECORDS: 5000
NAUTILUS=>2021-06-09 22:43:05.664694: ACTIVE_LEARNING_BATCH_SIZE: 500
NAUTILUS=>2021-06-09 22:43:05.664694: VALID_FRACTION: 0.2
NAUTILUS=>2021-06-09 22:43:05.664694: SAMPLING_STRATERGY: uncertainty
NAUTILUS=>2021-06-09 22:43:05.664694: NO_PRETRAINING: False
NAUTILUS=>2021-06-09 22:43:05.664694: STORAGE_BUDGET: 25
NAUTILUS=>2021-06-09 22:43:05.664694: MEMORY_BUDGET: 10
NAUTILUS=>2021-06-09 22:43:05.664694: WORKSPACE_MEMORY: 1
NAUTILUS=>2021-06-09 22:43:05.664694: COMPUTE_THROUGHPUT: 6
NAUTILUS=>2021-06-09 22:43:05.664694: DISK_THROUGHPUT: 500
NAUTILUS=>2021-06-09 22:43:05.664694: SHUFFLE_BUFFER_SIZE: 10000
NAUTILUS=>2021-06-09 22:43:05.664746: Starting system initialization
NAUTILUS=>2021-06-09 22:43:06.173037: Starting model profiling
NAUTILUS=>2021-06-09 22:43:30.112215: Completed model profiling. Elapsed time: 0:00:23.939176
NAUTILUS=>2021-06-09 22:43:30.112215: Model parameters
NAUTILUS=>2021-06-09 22:43:30.112272: Generating optimized model selection plan
NAUTILUS=>2021-06-09 22:43:30.143030: Materialized layers candidates: tf_op_layer_strided_slice,tf_op_layer_Cast,tf_op_layer_Sub,tf_op_layer_Mul,layer_9
NAUTILUS=>2021-06-09 22:43:30.154083: Used materialized layers: layer_9
NAUTILUS=>2021-06-09 22:43:30.154083: Model training plan: {"0": {"models": ["0"], "output_layers": ["0/classifier"], "flops_consumption": 438177892375000.0, "compute_flops": 325531408000000.0, "load_flops": 112646484375000.0, "memory_consumption": 1.8776347935199738, "used_materialized_layers": ["layer_9"], "batch_size": 16, "num_epochs": [5]}, "1": {"models": ["1"], "output_layers": ["1/classifier"], "flops_consumption": 438177892375000.0, "compute_flops": 325531408000000.0, "load_flops": 112646484375000.0, "memory_consumption": 1.8776347935199738, "used_materialized_layers": ["layer_9"], "batch_size": 16, "num_epochs": [5]}}
NAUTILUS=>2021-06-09 22:43:30.154194: Completed generating optimized model selection plan. Elapsed time: 0:00:00.041921
NAUTILUS=>2021-06-09 22:43:30.154199: Generating fused models
NAUTILUS=>2021-06-09 22:43:38.869479: Completed generating fused models. Elapsed time: 0:00:08.715279
NAUTILUS=>2021-06-09 22:43:38.869479: Current Practice FLOPs: 298276079360.0
NAUTILUS=>2021-06-09 22:43:38.869479: Optimal FLOPs: 74194010880.0
NAUTILUS=>2021-06-09 22:43:38.869479: Theoretical Speedup: 4.020217748335861
NAUTILUS=>2021-06-09 22:43:38.922089: Completed system initialization. Elapsed time: 0:00:33.257343
NAUTILUS=>2021-06-09 22:43:38.922114: ========> Active learning cycle: 1
NAUTILUS=>2021-06-09 22:43:38.922118: Starting data loading
NAUTILUS=>2021-06-09 22:43:54.760050: Completed data loading. Elapsed time: 0:00:15.837932
NAUTILUS=>2021-06-09 22:43:54.760075: Starting model selection
NAUTILUS=>2021-06-09 22:43:54.760095: Materializing training data
NAUTILUS=>2021-06-09 22:43:54.998617: Completed materializing training data. Elapsed time: 0:00:00.238522
NAUTILUS=>2021-06-09 22:43:54.998627: Generating intermediate features
NAUTILUS=>2021-06-09 22:44:03.583652: Completed generating intermediate features. Elapsed time: 0:00:08.585025
NAUTILUS=>2021-06-09 22:44:03.583686: Starting model training
NAUTILUS=>2021-06-09 22:44:37.977847: Completed model training. Elapsed time: 0:00:34.394161
NAUTILUS=>2021-06-09 22:44:37.977847: Cycle: 1, Model: 0, loss: [0.828880786895752, 0.2970869541168213, 0.19052249193191528, 0.12513619661331177, 0.08048417419195175]
NAUTILUS=>2021-06-09 22:44:37.977847: Cycle: 1, Model: 0, accuracy: [0.7468414902687073, 0.8900124430656433, 0.9346765279769897, 0.9563759565353394, 0.9700300097465515]
NAUTILUS=>2021-06-09 22:44:37.977847: Cycle: 1, Model: 0, val_loss: [0.4639214277267456, 0.41468513011932373, 0.3532772362232208, 0.39335745573043823, 0.37415385246276855]
NAUTILUS=>2021-06-09 22:44:37.977847: Cycle: 1, Model: 0, val_accuracy: [0.8359349966049194, 0.8561877608299255, 0.8714163899421692, 0.8704221248626709, 0.8852939605712891]
NAUTILUS=>2021-06-09 22:44:37.977847: Cycle: 1, Model: 1, loss: [1.004594087600708, 0.4065803289413452, 0.28088250756263733, 0.1944686472415924, 0.1432686597108841]
NAUTILUS=>2021-06-09 22:44:37.977847: Cycle: 1, Model: 1, accuracy: [0.7063083052635193, 0.8641493320465088, 0.9058865904808044, 0.9262921214103699, 0.9485536217689514]
NAUTILUS=>2021-06-09 22:44:37.977847: Cycle: 1, Model: 1, val_loss: [0.5762648582458496, 0.4119472801685333, 0.3756779432296753, 0.36078959703445435, 0.3656114339828491]
NAUTILUS=>2021-06-09 22:44:37.977847: Cycle: 1, Model: 1, val_accuracy: [0.8098840117454529, 0.8507524728775024, 0.8563680052757263, 0.869193971157074, 0.8720411062240601]
NAUTILUS=>2021-06-09 22:44:37.977913: Starting to generating the best model
NAUTILUS=>2021-06-09 22:44:43.637560: Completed generating the best model. Elapsed time: 0:00:05.659647
NAUTILUS=>2021-06-09 22:44:43.637560: Cycle: 1, Best Model: 0
NAUTILUS=>2021-06-09 22:44:43.637560: Cycle: 1, Best model loss: [0.828880786895752, 0.2970869541168213, 0.19052249193191528, 0.12513619661331177, 0.08048417419195175]
NAUTILUS=>2021-06-09 22:44:43.637560: Cycle: 1, Best model accuracy: [0.7468414902687073, 0.8900124430656433, 0.9346765279769897, 0.9563759565353394, 0.9700300097465515]
NAUTILUS=>2021-06-09 22:44:43.637560: Cycle: 1, Best model val_loss: [0.4639214277267456, 0.41468513011932373, 0.3532772362232208, 0.39335745573043823, 0.37415385246276855]
NAUTILUS=>2021-06-09 22:44:43.637560: Cycle: 1, Best model val_accuracy: [0.8359349966049194, 0.8561877608299255, 0.8714163899421692, 0.8704221248626709, 0.8852939605712891]
NAUTILUS=>2021-06-09 22:44:43.925121: Completed active learning cycle. Elapsed time: 0:00:49.165046
NAUTILUS=>2021-06-09 22:44:43.925139: ========> Active learning cycle: 2
NAUTILUS=>2021-06-09 22:44:43.925143: Starting data loading
NAUTILUS=>2021-06-09 22:45:32.351909: Completed data loading. Elapsed time: 0:00:48.426766
NAUTILUS=>2021-06-09 22:45:32.351927: Starting model selection
NAUTILUS=>2021-06-09 22:45:32.351943: Materializing training data
NAUTILUS=>2021-06-09 22:45:32.579245: Completed materializing training data. Elapsed time: 0:00:00.227302
NAUTILUS=>2021-06-09 22:45:32.579259: Generating intermediate features
NAUTILUS=>2021-06-09 22:45:41.174311: Completed generating intermediate features. Elapsed time: 0:00:08.595052
NAUTILUS=>2021-06-09 22:45:41.174331: Starting model training
NAUTILUS=>2021-06-09 22:46:32.658612: Completed model training. Elapsed time: 0:00:51.484281
NAUTILUS=>2021-06-09 22:46:32.658612: Cycle: 2, Model: 0, loss: [0.9820089936256409, 0.42822322249412537, 0.274488627910614, 0.19114267826080322, 0.12522202730178833]
NAUTILUS=>2021-06-09 22:46:32.658612: Cycle: 2, Model: 0, accuracy: [0.6411345601081848, 0.8296785950660706, 0.8881787657737732, 0.9303540587425232, 0.9543465375900269]
NAUTILUS=>2021-06-09 22:46:32.658612: Cycle: 2, Model: 0, val_loss: [0.378217875957489, 0.347052663564682, 0.2961650788784027, 0.2835554778575897, 0.3051360845565796]
NAUTILUS=>2021-06-09 22:46:32.658612: Cycle: 2, Model: 0, val_accuracy: [0.8639460802078247, 0.8841715455055237, 0.9048786163330078, 0.9142364263534546, 0.9139883518218994]
NAUTILUS=>2021-06-09 22:46:32.658612: Cycle: 2, Model: 1, loss: [1.031630516052246, 0.49598366022109985, 0.33836865425109863, 0.2519090175628662, 0.17347869277000427]
NAUTILUS=>2021-06-09 22:46:32.658612: Cycle: 2, Model: 1, accuracy: [0.6214208006858826, 0.8046935200691223, 0.8720493316650391, 0.9077181816101074, 0.9331250190734863]
NAUTILUS=>2021-06-09 22:46:32.658612: Cycle: 2, Model: 1, val_loss: [0.4488494098186493, 0.3552568852901459, 0.2943028509616852, 0.28837546706199646, 0.27607956528663635]
NAUTILUS=>2021-06-09 22:46:32.658612: Cycle: 2, Model: 1, val_accuracy: [0.8425663709640503, 0.8833434581756592, 0.8984968066215515, 0.9134674668312073, 0.9148668646812439]
NAUTILUS=>2021-06-09 22:46:32.658676: Starting to generating the best model
NAUTILUS=>2021-06-09 22:46:38.335957: Completed generating the best model. Elapsed time: 0:00:05.677281
NAUTILUS=>2021-06-09 22:46:38.335957: Cycle: 2, Best Model: 1
NAUTILUS=>2021-06-09 22:46:38.335957: Cycle: 2, Best model loss: [1.031630516052246, 0.49598366022109985, 0.33836865425109863, 0.2519090175628662, 0.17347869277000427]
NAUTILUS=>2021-06-09 22:46:38.335957: Cycle: 2, Best model accuracy: [0.6214208006858826, 0.8046935200691223, 0.8720493316650391, 0.9077181816101074, 0.9331250190734863]
NAUTILUS=>2021-06-09 22:46:38.335957: Cycle: 2, Best model val_loss: [0.4488494098186493, 0.3552568852901459, 0.2943028509616852, 0.28837546706199646, 0.27607956528663635]
NAUTILUS=>2021-06-09 22:46:38.335957: Cycle: 2, Best model val_accuracy: [0.8425663709640503, 0.8833434581756592, 0.8984968066215515, 0.9134674668312073, 0.9148668646812439]
NAUTILUS=>2021-06-09 22:46:38.624312: Completed active learning cycle. Elapsed time: 0:01:06.272385
NAUTILUS=>2021-06-09 22:46:38.624330: ========> Active learning cycle: 3
NAUTILUS=>2021-06-09 22:46:38.624334: Starting data loading
NAUTILUS=>2021-06-09 22:47:18.113711: Completed data loading. Elapsed time: 0:00:39.489377
NAUTILUS=>2021-06-09 22:47:18.113729: Starting model selection
NAUTILUS=>2021-06-09 22:47:18.113744: Materializing training data
NAUTILUS=>2021-06-09 22:47:18.341640: Completed materializing training data. Elapsed time: 0:00:00.227896
NAUTILUS=>2021-06-09 22:47:18.341650: Generating intermediate features
NAUTILUS=>2021-06-09 22:47:26.931786: Completed generating intermediate features. Elapsed time: 0:00:08.590136
NAUTILUS=>2021-06-09 22:47:26.931806: Starting model training
NAUTILUS=>2021-06-09 22:48:35.547248: Completed model training. Elapsed time: 0:01:08.615442
NAUTILUS=>2021-06-09 22:48:35.547248: Cycle: 3, Model: 0, loss: [1.0503240823745728, 0.5038192272186279, 0.34329548478126526, 0.27409422397613525, 0.18432030081748962]
NAUTILUS=>2021-06-09 22:48:35.547248: Cycle: 3, Model: 0, accuracy: [0.6394216418266296, 0.8110025525093079, 0.8757426142692566, 0.9025945067405701, 0.9401528835296631]
NAUTILUS=>2021-06-09 22:48:35.547248: Cycle: 3, Model: 0, val_loss: [0.36566832661628723, 0.2560340464115143, 0.27582311630249023, 0.31012749671936035, 0.2955993115901947]
NAUTILUS=>2021-06-09 22:48:35.547248: Cycle: 3, Model: 0, val_accuracy: [0.8686020970344543, 0.9100136160850525, 0.9169734716415405, 0.9171760082244873, 0.9122934937477112]
NAUTILUS=>2021-06-09 22:48:35.547248: Cycle: 3, Model: 1, loss: [1.0786219835281372, 0.5533128380775452, 0.41141536831855774, 0.3229483664035797, 0.24406537413597107]
NAUTILUS=>2021-06-09 22:48:35.547248: Cycle: 3, Model: 1, accuracy: [0.6122634410858154, 0.7813418507575989, 0.846768319606781, 0.8865628838539124, 0.9208267331123352]
NAUTILUS=>2021-06-09 22:48:35.547248: Cycle: 3, Model: 1, val_loss: [0.38938483595848083, 0.3041931986808777, 0.2628311812877655, 0.27452102303504944, 0.25541338324546814]
NAUTILUS=>2021-06-09 22:48:35.547248: Cycle: 3, Model: 1, val_accuracy: [0.8718843460083008, 0.8965688347816467, 0.9098889231681824, 0.9124472141265869, 0.9129377007484436]
NAUTILUS=>2021-06-09 22:48:35.547312: Starting to generating the best model
NAUTILUS=>2021-06-09 22:48:41.189859: Completed generating the best model. Elapsed time: 0:00:05.642547
NAUTILUS=>2021-06-09 22:48:41.189859: Cycle: 3, Best Model: 1
NAUTILUS=>2021-06-09 22:48:41.189859: Cycle: 3, Best model loss: [1.0786219835281372, 0.5533128380775452, 0.41141536831855774, 0.3229483664035797, 0.24406537413597107]
NAUTILUS=>2021-06-09 22:48:41.189859: Cycle: 3, Best model accuracy: [0.6122634410858154, 0.7813418507575989, 0.846768319606781, 0.8865628838539124, 0.9208267331123352]
NAUTILUS=>2021-06-09 22:48:41.189859: Cycle: 3, Best model val_loss: [0.38938483595848083, 0.3041931986808777, 0.2628311812877655, 0.27452102303504944, 0.25541338324546814]
NAUTILUS=>2021-06-09 22:48:41.189859: Cycle: 3, Best model val_accuracy: [0.8718843460083008, 0.8965688347816467, 0.9098889231681824, 0.9124472141265869, 0.9129377007484436]
NAUTILUS=>2021-06-09 22:48:41.484104: Completed active learning cycle. Elapsed time: 0:01:23.370375
NAUTILUS=>2021-06-09 22:48:41.484122: ========> Active learning cycle: 4
NAUTILUS=>2021-06-09 22:48:41.484126: Starting data loading
NAUTILUS=>2021-06-09 22:49:26.079023: Completed data loading. Elapsed time: 0:00:44.594897
NAUTILUS=>2021-06-09 22:49:26.079040: Starting model selection
NAUTILUS=>2021-06-09 22:49:26.079056: Materializing training data
NAUTILUS=>2021-06-09 22:49:26.311307: Completed materializing training data. Elapsed time: 0:00:00.232251
NAUTILUS=>2021-06-09 22:49:26.311319: Generating intermediate features
NAUTILUS=>2021-06-09 22:49:34.875521: Completed generating intermediate features. Elapsed time: 0:00:08.564202
NAUTILUS=>2021-06-09 22:49:34.875541: Starting model training
NAUTILUS=>2021-06-09 22:51:01.921658: Completed model training. Elapsed time: 0:01:27.046117
NAUTILUS=>2021-06-09 22:51:01.921658: Cycle: 4, Model: 0, loss: [0.9596703052520752, 0.5426236391067505, 0.3906387388706207, 0.297364205121994, 0.2247869372367859]
NAUTILUS=>2021-06-09 22:51:01.921658: Cycle: 4, Model: 0, accuracy: [0.6750210523605347, 0.8064690232276917, 0.8671517968177795, 0.9003514647483826, 0.9240975379943848]
NAUTILUS=>2021-06-09 22:51:01.921658: Cycle: 4, Model: 0, val_loss: [0.2978786528110504, 0.24785315990447998, 0.2531643211841583, 0.23843097686767578, 0.2697615325450897]
NAUTILUS=>2021-06-09 22:51:01.921658: Cycle: 4, Model: 0, val_accuracy: [0.8886531591415405, 0.9110644459724426, 0.9120538234710693, 0.9211224317550659, 0.916496992111206]
NAUTILUS=>2021-06-09 22:51:01.921658: Cycle: 4, Model: 1, loss: [0.9946258068084717, 0.5856354236602783, 0.43250057101249695, 0.349101185798645, 0.28593164682388306]
NAUTILUS=>2021-06-09 22:51:01.921658: Cycle: 4, Model: 1, accuracy: [0.6595574021339417, 0.7876559495925903, 0.8466192483901978, 0.882932722568512, 0.9077975749969482]
NAUTILUS=>2021-06-09 22:51:01.921658: Cycle: 4, Model: 1, val_loss: [0.3343241512775421, 0.26386570930480957, 0.23571373522281647, 0.23574811220169067, 0.2593853771686554]
NAUTILUS=>2021-06-09 22:51:01.921658: Cycle: 4, Model: 1, val_accuracy: [0.8835048675537109, 0.9073882102966309, 0.9193393588066101, 0.9188845157623291, 0.9140254259109497]
NAUTILUS=>2021-06-09 22:51:01.921722: Starting to generating the best model
NAUTILUS=>2021-06-09 22:51:07.627180: Completed generating the best model. Elapsed time: 0:00:05.705458
NAUTILUS=>2021-06-09 22:51:07.627180: Cycle: 4, Best Model: 0
NAUTILUS=>2021-06-09 22:51:07.627180: Cycle: 4, Best model loss: [0.9596703052520752, 0.5426236391067505, 0.3906387388706207, 0.297364205121994, 0.2247869372367859]
NAUTILUS=>2021-06-09 22:51:07.627180: Cycle: 4, Best model accuracy: [0.6750210523605347, 0.8064690232276917, 0.8671517968177795, 0.9003514647483826, 0.9240975379943848]
NAUTILUS=>2021-06-09 22:51:07.627180: Cycle: 4, Best model val_loss: [0.2978786528110504, 0.24785315990447998, 0.2531643211841583, 0.23843097686767578, 0.2697615325450897]
NAUTILUS=>2021-06-09 22:51:07.627180: Cycle: 4, Best model val_accuracy: [0.8886531591415405, 0.9110644459724426, 0.9120538234710693, 0.9211224317550659, 0.916496992111206]
NAUTILUS=>2021-06-09 22:51:07.915120: Completed active learning cycle. Elapsed time: 0:01:41.836080
NAUTILUS=>2021-06-09 22:51:07.915138: ========> Active learning cycle: 5
NAUTILUS=>2021-06-09 22:51:07.915141: Starting data loading
NAUTILUS=>2021-06-09 22:51:44.061341: Completed data loading. Elapsed time: 0:00:36.146200
NAUTILUS=>2021-06-09 22:51:44.061359: Starting model selection
NAUTILUS=>2021-06-09 22:51:44.061375: Materializing training data
NAUTILUS=>2021-06-09 22:51:44.287423: Completed materializing training data. Elapsed time: 0:00:00.226048
NAUTILUS=>2021-06-09 22:51:44.287432: Generating intermediate features
NAUTILUS=>2021-06-09 22:51:52.787328: Completed generating intermediate features. Elapsed time: 0:00:08.499896
NAUTILUS=>2021-06-09 22:51:52.787348: Starting model training
NAUTILUS=>2021-06-09 22:53:36.000028: Completed model training. Elapsed time: 0:01:43.212680
NAUTILUS=>2021-06-09 22:53:36.000028: Cycle: 5, Model: 0, loss: [0.8853709101676941, 0.4929724633693695, 0.3741864264011383, 0.2910918891429901, 0.20187336206436157]
NAUTILUS=>2021-06-09 22:53:36.000028: Cycle: 5, Model: 0, accuracy: [0.6910943984985352, 0.8278357982635498, 0.8678032159805298, 0.8984032273292542, 0.9364449977874756]
NAUTILUS=>2021-06-09 22:53:36.000028: Cycle: 5, Model: 0, val_loss: [0.29666343331336975, 0.2761925458908081, 0.23641596734523773, 0.22268256545066833, 0.22447092831134796]
NAUTILUS=>2021-06-09 22:53:36.000028: Cycle: 5, Model: 0, val_accuracy: [0.9021756649017334, 0.9035031199455261, 0.9187992215156555, 0.9251033067703247, 0.9289624094963074]
NAUTILUS=>2021-06-09 22:53:36.000028: Cycle: 5, Model: 1, loss: [0.9172696471214294, 0.5236732959747314, 0.40861284732818604, 0.3335857689380646, 0.26243314146995544]
NAUTILUS=>2021-06-09 22:53:36.000028: Cycle: 5, Model: 1, accuracy: [0.6801789999008179, 0.8120443820953369, 0.8575568199157715, 0.8861221671104431, 0.9159056544303894]
NAUTILUS=>2021-06-09 22:53:36.000028: Cycle: 5, Model: 1, val_loss: [0.32242444157600403, 0.2658641040325165, 0.24590930342674255, 0.22186531126499176, 0.22074244916439056]
NAUTILUS=>2021-06-09 22:53:36.000028: Cycle: 5, Model: 1, val_accuracy: [0.8974747061729431, 0.9082103967666626, 0.9177258014678955, 0.9220165014266968, 0.924018383026123]
NAUTILUS=>2021-06-09 22:53:36.000091: Starting to generating the best model
NAUTILUS=>2021-06-09 22:53:41.682103: Completed generating the best model. Elapsed time: 0:00:05.682012
NAUTILUS=>2021-06-09 22:53:41.682103: Cycle: 5, Best Model: 0
NAUTILUS=>2021-06-09 22:53:41.682103: Cycle: 5, Best model loss: [0.8853709101676941, 0.4929724633693695, 0.3741864264011383, 0.2910918891429901, 0.20187336206436157]
NAUTILUS=>2021-06-09 22:53:41.682103: Cycle: 5, Best model accuracy: [0.6910943984985352, 0.8278357982635498, 0.8678032159805298, 0.8984032273292542, 0.9364449977874756]
NAUTILUS=>2021-06-09 22:53:41.682103: Cycle: 5, Best model val_loss: [0.29666343331336975, 0.2761925458908081, 0.23641596734523773, 0.22268256545066833, 0.22447092831134796]
NAUTILUS=>2021-06-09 22:53:41.682103: Cycle: 5, Best model val_accuracy: [0.9021756649017334, 0.9035031199455261, 0.9187992215156555, 0.9251033067703247, 0.9289624094963074]
NAUTILUS=>2021-06-09 22:53:41.970187: Completed active learning cycle. Elapsed time: 0:01:57.908828
NAUTILUS=>2021-06-09 22:53:41.970204: ========> Active learning cycle: 6
NAUTILUS=>2021-06-09 22:53:41.970208: Starting data loading
NAUTILUS=>2021-06-09 22:54:22.509752: Completed data loading. Elapsed time: 0:00:40.539544
NAUTILUS=>2021-06-09 22:54:22.509769: Starting model selection
NAUTILUS=>2021-06-09 22:54:22.509784: Materializing training data
NAUTILUS=>2021-06-09 22:54:22.741929: Completed materializing training data. Elapsed time: 0:00:00.232145
NAUTILUS=>2021-06-09 22:54:22.741940: Generating intermediate features
NAUTILUS=>2021-06-09 22:54:31.309102: Completed generating intermediate features. Elapsed time: 0:00:08.567162
NAUTILUS=>2021-06-09 22:54:31.309121: Starting model training
NAUTILUS=>2021-06-09 22:56:32.375112: Completed model training. Elapsed time: 0:02:01.065991
NAUTILUS=>2021-06-09 22:56:32.375112: Cycle: 6, Model: 0, loss: [0.7816019654273987, 0.45842599868774414, 0.34616202116012573, 0.2614232897758484, 0.17335258424282074]
NAUTILUS=>2021-06-09 22:56:32.375112: Cycle: 6, Model: 0, accuracy: [0.731797993183136, 0.8392515182495117, 0.8807676434516907, 0.909263014793396, 0.9427666068077087]
NAUTILUS=>2021-06-09 22:56:32.375112: Cycle: 6, Model: 0, val_loss: [0.2611139714717865, 0.23148374259471893, 0.21995753049850464, 0.19530965387821198, 0.20256081223487854]
NAUTILUS=>2021-06-09 22:56:32.375112: Cycle: 6, Model: 0, val_accuracy: [0.9069599509239197, 0.9146952033042908, 0.9238062500953674, 0.932925820350647, 0.932982861995697]
NAUTILUS=>2021-06-09 22:56:32.375112: Cycle: 6, Model: 1, loss: [0.8246988654136658, 0.48053956031799316, 0.38363537192344666, 0.3041907250881195, 0.23908819258213043]
NAUTILUS=>2021-06-09 22:56:32.375112: Cycle: 6, Model: 1, accuracy: [0.7125089764595032, 0.8310571908950806, 0.864337682723999, 0.8957840204238892, 0.922522783279419]
NAUTILUS=>2021-06-09 22:56:32.375112: Cycle: 6, Model: 1, val_loss: [0.2823687195777893, 0.23432789742946625, 0.21511845290660858, 0.1931554079055786, 0.2013426274061203]
NAUTILUS=>2021-06-09 22:56:32.375112: Cycle: 6, Model: 1, val_accuracy: [0.8986539840698242, 0.9157578349113464, 0.9267829656600952, 0.9322687983512878, 0.930157482624054]
NAUTILUS=>2021-06-09 22:56:32.375176: Starting to generating the best model
NAUTILUS=>2021-06-09 22:56:38.053501: Completed generating the best model. Elapsed time: 0:00:05.678325
NAUTILUS=>2021-06-09 22:56:38.053501: Cycle: 6, Best Model: 0
NAUTILUS=>2021-06-09 22:56:38.053501: Cycle: 6, Best model loss: [0.7816019654273987, 0.45842599868774414, 0.34616202116012573, 0.2614232897758484, 0.17335258424282074]
NAUTILUS=>2021-06-09 22:56:38.053501: Cycle: 6, Best model accuracy: [0.731797993183136, 0.8392515182495117, 0.8807676434516907, 0.909263014793396, 0.9427666068077087]
NAUTILUS=>2021-06-09 22:56:38.053501: Cycle: 6, Best model val_loss: [0.2611139714717865, 0.23148374259471893, 0.21995753049850464, 0.19530965387821198, 0.20256081223487854]
NAUTILUS=>2021-06-09 22:56:38.053501: Cycle: 6, Best model val_accuracy: [0.9069599509239197, 0.9146952033042908, 0.9238062500953674, 0.932925820350647, 0.932982861995697]
NAUTILUS=>2021-06-09 22:56:38.343778: Completed active learning cycle. Elapsed time: 0:02:15.834009
NAUTILUS=>2021-06-09 22:56:38.343796: ========> Active learning cycle: 7
NAUTILUS=>2021-06-09 22:56:38.343800: Starting data loading
NAUTILUS=>2021-06-09 22:57:11.078018: Completed data loading. Elapsed time: 0:00:32.734218
NAUTILUS=>2021-06-09 22:57:11.078036: Starting model selection
NAUTILUS=>2021-06-09 22:57:11.078052: Materializing training data
NAUTILUS=>2021-06-09 22:57:11.305899: Completed materializing training data. Elapsed time: 0:00:00.227847
NAUTILUS=>2021-06-09 22:57:11.305908: Generating intermediate features
NAUTILUS=>2021-06-09 22:57:19.841185: Completed generating intermediate features. Elapsed time: 0:00:08.535277
NAUTILUS=>2021-06-09 22:57:19.841204: Starting model training
NAUTILUS=>2021-06-09 22:59:38.444195: Completed model training. Elapsed time: 0:02:18.602991
NAUTILUS=>2021-06-09 22:59:38.444195: Cycle: 7, Model: 0, loss: [0.7429406046867371, 0.41617387533187866, 0.3141155242919922, 0.2321396768093109, 0.16836190223693848]
NAUTILUS=>2021-06-09 22:59:38.444195: Cycle: 7, Model: 0, accuracy: [0.7450994849205017, 0.854579746723175, 0.8920932412147522, 0.919238269329071, 0.9440600872039795]
NAUTILUS=>2021-06-09 22:59:38.444195: Cycle: 7, Model: 0, val_loss: [0.2779669761657715, 0.21177010238170624, 0.20690412819385529, 0.19436658918857574, 0.19783905148506165]
NAUTILUS=>2021-06-09 22:59:38.444195: Cycle: 7, Model: 0, val_accuracy: [0.8999613523483276, 0.9270884394645691, 0.9292905926704407, 0.9360984563827515, 0.9413207173347473]
NAUTILUS=>2021-06-09 22:59:38.444195: Cycle: 7, Model: 1, loss: [0.7837805151939392, 0.44469311833381653, 0.348510205745697, 0.28804630041122437, 0.2342430055141449]
NAUTILUS=>2021-06-09 22:59:38.444195: Cycle: 7, Model: 1, accuracy: [0.7288990020751953, 0.8413757085800171, 0.8789231777191162, 0.9021744132041931, 0.9223880171775818]
NAUTILUS=>2021-06-09 22:59:38.444195: Cycle: 7, Model: 1, val_loss: [0.27567121386528015, 0.22593429684638977, 0.20767202973365784, 0.19219334423542023, 0.1974244862794876]
NAUTILUS=>2021-06-09 22:59:38.444195: Cycle: 7, Model: 1, val_accuracy: [0.8999620079994202, 0.9196134805679321, 0.9283897876739502, 0.9324830770492554, 0.9366925954818726]
NAUTILUS=>2021-06-09 22:59:38.444258: Starting to generating the best model
NAUTILUS=>2021-06-09 22:59:44.076310: Completed generating the best model. Elapsed time: 0:00:05.632052
NAUTILUS=>2021-06-09 22:59:44.076310: Cycle: 7, Best Model: 0
NAUTILUS=>2021-06-09 22:59:44.076310: Cycle: 7, Best model loss: [0.7429406046867371, 0.41617387533187866, 0.3141155242919922, 0.2321396768093109, 0.16836190223693848]
NAUTILUS=>2021-06-09 22:59:44.076310: Cycle: 7, Best model accuracy: [0.7450994849205017, 0.854579746723175, 0.8920932412147522, 0.919238269329071, 0.9440600872039795]
NAUTILUS=>2021-06-09 22:59:44.076310: Cycle: 7, Best model val_loss: [0.2779669761657715, 0.21177010238170624, 0.20690412819385529, 0.19436658918857574, 0.19783905148506165]
NAUTILUS=>2021-06-09 22:59:44.076310: Cycle: 7, Best model val_accuracy: [0.8999613523483276, 0.9270884394645691, 0.9292905926704407, 0.9360984563827515, 0.9413207173347473]
NAUTILUS=>2021-06-09 22:59:44.364387: Completed active learning cycle. Elapsed time: 0:02:33.286351
NAUTILUS=>2021-06-09 22:59:44.364405: ========> Active learning cycle: 8
NAUTILUS=>2021-06-09 22:59:44.364409: Starting data loading
NAUTILUS=>2021-06-09 23:00:20.584908: Completed data loading. Elapsed time: 0:00:36.220499
NAUTILUS=>2021-06-09 23:00:20.584926: Starting model selection
NAUTILUS=>2021-06-09 23:00:20.584941: Materializing training data
NAUTILUS=>2021-06-09 23:00:20.823931: Completed materializing training data. Elapsed time: 0:00:00.238990
NAUTILUS=>2021-06-09 23:00:20.823944: Generating intermediate features
NAUTILUS=>2021-06-09 23:00:29.356099: Completed generating intermediate features. Elapsed time: 0:00:08.532155
NAUTILUS=>2021-06-09 23:00:29.356119: Starting model training
NAUTILUS=>2021-06-09 23:03:02.865519: Completed model training. Elapsed time: 0:02:33.509400
NAUTILUS=>2021-06-09 23:03:02.865519: Cycle: 8, Model: 0, loss: [0.6422089338302612, 0.3844492733478546, 0.28908032178878784, 0.21263442933559418, 0.14633886516094208]
NAUTILUS=>2021-06-09 23:03:02.865519: Cycle: 8, Model: 0, accuracy: [0.7734244465827942, 0.8666433691978455, 0.8974207043647766, 0.9283207058906555, 0.9494595527648926]
NAUTILUS=>2021-06-09 23:03:02.865519: Cycle: 8, Model: 0, val_loss: [0.2406042218208313, 0.21425504982471466, 0.21277858316898346, 0.19411876797676086, 0.19193202257156372]
NAUTILUS=>2021-06-09 23:03:02.865519: Cycle: 8, Model: 0, val_accuracy: [0.9107753038406372, 0.9231066107749939, 0.9251222014427185, 0.9313637018203735, 0.9408921599388123]
NAUTILUS=>2021-06-09 23:03:02.865519: Cycle: 8, Model: 1, loss: [0.6691060662269592, 0.40268272161483765, 0.31815558671951294, 0.25770482420921326, 0.204195037484169]
NAUTILUS=>2021-06-09 23:03:02.865519: Cycle: 8, Model: 1, accuracy: [0.7611463069915771, 0.8572436571121216, 0.8874400854110718, 0.9109997749328613, 0.931080162525177]
NAUTILUS=>2021-06-09 23:03:02.865519: Cycle: 8, Model: 1, val_loss: [0.25698330998420715, 0.22478343546390533, 0.2072562575340271, 0.19976705312728882, 0.18766990303993225]
NAUTILUS=>2021-06-09 23:03:02.865519: Cycle: 8, Model: 1, val_accuracy: [0.9075404405593872, 0.9188306331634521, 0.9288438558578491, 0.9297025799751282, 0.9390575885772705]
NAUTILUS=>2021-06-09 23:03:02.865583: Starting to generating the best model
NAUTILUS=>2021-06-09 23:03:08.488137: Completed generating the best model. Elapsed time: 0:00:05.622554
NAUTILUS=>2021-06-09 23:03:08.488137: Cycle: 8, Best Model: 0
NAUTILUS=>2021-06-09 23:03:08.488137: Cycle: 8, Best model loss: [0.6422089338302612, 0.3844492733478546, 0.28908032178878784, 0.21263442933559418, 0.14633886516094208]
NAUTILUS=>2021-06-09 23:03:08.488137: Cycle: 8, Best model accuracy: [0.7734244465827942, 0.8666433691978455, 0.8974207043647766, 0.9283207058906555, 0.9494595527648926]
NAUTILUS=>2021-06-09 23:03:08.488137: Cycle: 8, Best model val_loss: [0.2406042218208313, 0.21425504982471466, 0.21277858316898346, 0.19411876797676086, 0.19193202257156372]
NAUTILUS=>2021-06-09 23:03:08.488137: Cycle: 8, Best model val_accuracy: [0.9107753038406372, 0.9231066107749939, 0.9251222014427185, 0.9313637018203735, 0.9408921599388123]
NAUTILUS=>2021-06-09 23:03:08.776394: Completed active learning cycle. Elapsed time: 0:02:48.191468
NAUTILUS=>2021-06-09 23:03:08.776412: ========> Active learning cycle: 9
NAUTILUS=>2021-06-09 23:03:08.776416: Starting data loading
NAUTILUS=>2021-06-09 23:03:37.947066: Completed data loading. Elapsed time: 0:00:29.170650
NAUTILUS=>2021-06-09 23:03:37.947084: Starting model selection
NAUTILUS=>2021-06-09 23:03:37.947101: Materializing training data
NAUTILUS=>2021-06-09 23:03:38.172841: Completed materializing training data. Elapsed time: 0:00:00.225740
NAUTILUS=>2021-06-09 23:03:38.172851: Generating intermediate features
NAUTILUS=>2021-06-09 23:03:46.752990: Completed generating intermediate features. Elapsed time: 0:00:08.580139
NAUTILUS=>2021-06-09 23:03:46.753009: Starting model training
NAUTILUS=>2021-06-09 23:06:38.989400: Completed model training. Elapsed time: 0:02:52.236391
NAUTILUS=>2021-06-09 23:06:38.989400: Cycle: 9, Model: 0, loss: [0.6126916408538818, 0.35159045457839966, 0.2652553915977478, 0.1846533715724945, 0.12959463894367218]
NAUTILUS=>2021-06-09 23:06:38.989400: Cycle: 9, Model: 0, accuracy: [0.782750129699707, 0.8743789196014404, 0.9060102105140686, 0.9351722002029419, 0.9566089510917664]
NAUTILUS=>2021-06-09 23:06:38.989400: Cycle: 9, Model: 0, val_loss: [0.22727499902248383, 0.22034218907356262, 0.1905757486820221, 0.18377068638801575, 0.1633635014295578]
NAUTILUS=>2021-06-09 23:06:38.989400: Cycle: 9, Model: 0, val_accuracy: [0.9151834845542908, 0.9244863986968994, 0.9283486008644104, 0.9416084289550781, 0.9477421641349792]
NAUTILUS=>2021-06-09 23:06:38.989400: Cycle: 9, Model: 1, loss: [0.6249964833259583, 0.3707815110683441, 0.29248443245887756, 0.23183183372020721, 0.18654267489910126]
NAUTILUS=>2021-06-09 23:06:38.989400: Cycle: 9, Model: 1, accuracy: [0.7771260142326355, 0.8655697703361511, 0.8967788815498352, 0.9194930195808411, 0.9382427334785461]
NAUTILUS=>2021-06-09 23:06:38.989400: Cycle: 9, Model: 1, val_loss: [0.244395911693573, 0.2182716727256775, 0.18948379158973694, 0.18671999871730804, 0.1788182556629181]
NAUTILUS=>2021-06-09 23:06:38.989400: Cycle: 9, Model: 1, val_accuracy: [0.9077920913696289, 0.9242942333221436, 0.930309534072876, 0.9360260963439941, 0.9390482306480408]
NAUTILUS=>2021-06-09 23:06:38.989463: Starting to generating the best model
NAUTILUS=>2021-06-09 23:06:44.640701: Completed generating the best model. Elapsed time: 0:00:05.651238
NAUTILUS=>2021-06-09 23:06:44.640701: Cycle: 9, Best Model: 0
NAUTILUS=>2021-06-09 23:06:44.640701: Cycle: 9, Best model loss: [0.6126916408538818, 0.35159045457839966, 0.2652553915977478, 0.1846533715724945, 0.12959463894367218]
NAUTILUS=>2021-06-09 23:06:44.640701: Cycle: 9, Best model accuracy: [0.782750129699707, 0.8743789196014404, 0.9060102105140686, 0.9351722002029419, 0.9566089510917664]
NAUTILUS=>2021-06-09 23:06:44.640701: Cycle: 9, Best model val_loss: [0.22727499902248383, 0.22034218907356262, 0.1905757486820221, 0.18377068638801575, 0.1633635014295578]
NAUTILUS=>2021-06-09 23:06:44.640701: Cycle: 9, Best model val_accuracy: [0.9151834845542908, 0.9244863986968994, 0.9283486008644104, 0.9416084289550781, 0.9477421641349792]
NAUTILUS=>2021-06-09 23:06:44.934497: Completed active learning cycle. Elapsed time: 0:03:06.987413
NAUTILUS=>2021-06-09 23:06:44.934514: ========> Active learning cycle: 10
NAUTILUS=>2021-06-09 23:06:44.934518: Starting data loading
NAUTILUS=>2021-06-09 23:07:16.906654: Completed data loading. Elapsed time: 0:00:31.972136
NAUTILUS=>2021-06-09 23:07:16.906673: Starting model selection
NAUTILUS=>2021-06-09 23:07:16.906689: Materializing training data
NAUTILUS=>2021-06-09 23:07:17.134571: Completed materializing training data. Elapsed time: 0:00:00.227882
NAUTILUS=>2021-06-09 23:07:17.134581: Generating intermediate features
NAUTILUS=>2021-06-09 23:07:25.697562: Completed generating intermediate features. Elapsed time: 0:00:08.562981
NAUTILUS=>2021-06-09 23:07:25.697582: Starting model training
NAUTILUS=>2021-06-09 23:10:34.358611: Completed model training. Elapsed time: 0:03:08.661029
NAUTILUS=>2021-06-09 23:10:34.358611: Cycle: 10, Model: 0, loss: [0.5474427342414856, 0.32159724831581116, 0.24021634459495544, 0.17613749206066132, 0.11363210529088974]
NAUTILUS=>2021-06-09 23:10:34.358611: Cycle: 10, Model: 0, accuracy: [0.8071882128715515, 0.8842640519142151, 0.9174933433532715, 0.9397501349449158, 0.962329089641571]
NAUTILUS=>2021-06-09 23:10:34.358611: Cycle: 10, Model: 0, val_loss: [0.22773052752017975, 0.19319269061088562, 0.16940858960151672, 0.17923419177532196, 0.1688823699951172]
NAUTILUS=>2021-06-09 23:10:34.358611: Cycle: 10, Model: 0, val_accuracy: [0.9203367233276367, 0.9337536096572876, 0.945194661617279, 0.9456009864807129, 0.9495337605476379]
NAUTILUS=>2021-06-09 23:10:34.358611: Cycle: 10, Model: 1, loss: [0.579147458076477, 0.33859261870384216, 0.2670433223247528, 0.2187303602695465, 0.17119431495666504]
NAUTILUS=>2021-06-09 23:10:34.358611: Cycle: 10, Model: 1, accuracy: [0.7935951948165894, 0.876946210861206, 0.9057857990264893, 0.9245325922966003, 0.9432145953178406]
NAUTILUS=>2021-06-09 23:10:34.358611: Cycle: 10, Model: 1, val_loss: [0.23370946943759918, 0.19887806475162506, 0.17897149920463562, 0.18271762132644653, 0.16796046495437622]
NAUTILUS=>2021-06-09 23:10:34.358611: Cycle: 10, Model: 1, val_accuracy: [0.9150077700614929, 0.9290444850921631, 0.9395113587379456, 0.9390177130699158, 0.9473192691802979]
NAUTILUS=>2021-06-09 23:10:34.358676: Starting to generating the best model
NAUTILUS=>2021-06-09 23:10:40.009853: Completed generating the best model. Elapsed time: 0:00:05.651177
NAUTILUS=>2021-06-09 23:10:40.009853: Cycle: 10, Best Model: 0
NAUTILUS=>2021-06-09 23:10:40.009853: Cycle: 10, Best model loss: [0.5474427342414856, 0.32159724831581116, 0.24021634459495544, 0.17613749206066132, 0.11363210529088974]
NAUTILUS=>2021-06-09 23:10:40.009853: Cycle: 10, Best model accuracy: [0.8071882128715515, 0.8842640519142151, 0.9174933433532715, 0.9397501349449158, 0.962329089641571]
NAUTILUS=>2021-06-09 23:10:40.009853: Cycle: 10, Best model val_loss: [0.22773052752017975, 0.19319269061088562, 0.16940858960151672, 0.17923419177532196, 0.1688823699951172]
NAUTILUS=>2021-06-09 23:10:40.009853: Cycle: 10, Best model val_accuracy: [0.9203367233276367, 0.9337536096572876, 0.945194661617279, 0.9456009864807129, 0.9495337605476379]
NAUTILUS=>2021-06-09 23:10:40.304858: Completed active learning cycle. Elapsed time: 0:03:23.398185
NAUTILUS=>2021-06-09 23:10:40.304876: Workload completed. Elapsed time: 0:27:34.640182
