NAUTILUS=>2021-06-10 00:06:34.492645: Starting workload
NAUTILUS=>2021-06-10 00:06:34.492645: RANDOM_SEED: 2020
NAUTILUS=>2021-06-10 00:06:34.492645: VERY_LARGE_VALUE: 1000000000000000.0
NAUTILUS=>2021-06-10 00:06:34.492645: NO_MAT_OPT: False
NAUTILUS=>2021-06-10 00:06:34.492645: MODE: ftr3-3
NAUTILUS=>2021-06-10 00:06:34.492645: STORAGE_PATH: ./storage
NAUTILUS=>2021-06-10 00:06:34.492645: NO_FUSE_OPT: True
NAUTILUS=>2021-06-10 00:06:34.492645: NUM_EPOCHS: 5
NAUTILUS=>2021-06-10 00:06:34.492645: MAX_NUM_RECORDS: 5000
NAUTILUS=>2021-06-10 00:06:34.492645: ACTIVE_LEARNING_BATCH_SIZE: 500
NAUTILUS=>2021-06-10 00:06:34.492645: VALID_FRACTION: 0.2
NAUTILUS=>2021-06-10 00:06:34.492645: SAMPLING_STRATERGY: uncertainty
NAUTILUS=>2021-06-10 00:06:34.492645: NO_PRETRAINING: False
NAUTILUS=>2021-06-10 00:06:34.492645: STORAGE_BUDGET: 25
NAUTILUS=>2021-06-10 00:06:34.492645: MEMORY_BUDGET: 10
NAUTILUS=>2021-06-10 00:06:34.492645: WORKSPACE_MEMORY: 1
NAUTILUS=>2021-06-10 00:06:34.492645: COMPUTE_THROUGHPUT: 6
NAUTILUS=>2021-06-10 00:06:34.492645: DISK_THROUGHPUT: 500
NAUTILUS=>2021-06-10 00:06:34.492645: SHUFFLE_BUFFER_SIZE: 10000
NAUTILUS=>2021-06-10 00:06:34.492693: Starting system initialization
NAUTILUS=>2021-06-10 00:06:35.047784: Starting model profiling
NAUTILUS=>2021-06-10 00:07:05.199017: Completed model profiling. Elapsed time: 0:00:30.151230
NAUTILUS=>2021-06-10 00:07:05.199017: Model parameters
NAUTILUS=>2021-06-10 00:07:05.199081: Generating optimized model selection plan
NAUTILUS=>2021-06-10 00:07:05.249550: Materialized layers candidates: tf_op_layer_strided_slice,tf_op_layer_Cast,tf_op_layer_Sub,tf_op_layer_Mul,layer_9
NAUTILUS=>2021-06-10 00:07:05.266213: Used materialized layers: layer_9
NAUTILUS=>2021-06-10 00:07:05.266213: Model training plan: {"0": {"models": ["0"], "output_layers": ["0/classifier"], "flops_consumption": 438177892375000.0, "compute_flops": 325531408000000.0, "load_flops": 112646484375000.0, "memory_consumption": 1.8776347935199738, "used_materialized_layers": ["layer_9"], "batch_size": 16, "num_epochs": [5]}, "1": {"models": ["1"], "output_layers": ["1/classifier"], "flops_consumption": 438177892375000.0, "compute_flops": 325531408000000.0, "load_flops": 112646484375000.0, "memory_consumption": 1.8776347935199738, "used_materialized_layers": ["layer_9"], "batch_size": 16, "num_epochs": [5]}, "2": {"models": ["2"], "output_layers": ["2/classifier"], "flops_consumption": 438177892375000.0, "compute_flops": 325531408000000.0, "load_flops": 112646484375000.0, "memory_consumption": 1.8776347935199738, "used_materialized_layers": ["layer_9"], "batch_size": 16, "num_epochs": [5]}}
NAUTILUS=>2021-06-10 00:07:05.266344: Completed generating optimized model selection plan. Elapsed time: 0:00:00.067262
NAUTILUS=>2021-06-10 00:07:05.266350: Generating fused models
NAUTILUS=>2021-06-10 00:07:16.529293: Completed generating fused models. Elapsed time: 0:00:11.262943
NAUTILUS=>2021-06-10 00:07:16.529293: Current Practice FLOPs: 447414119040.0
NAUTILUS=>2021-06-10 00:07:16.529293: Optimal FLOPs: 111291016320.0
NAUTILUS=>2021-06-10 00:07:16.529293: Theoretical Speedup: 4.020217748335861
NAUTILUS=>2021-06-10 00:07:16.584441: Completed system initialization. Elapsed time: 0:00:42.091748
NAUTILUS=>2021-06-10 00:07:16.584464: ========> Active learning cycle: 1
NAUTILUS=>2021-06-10 00:07:16.584468: Starting data loading
NAUTILUS=>2021-06-10 00:07:32.310128: Completed data loading. Elapsed time: 0:00:15.725660
NAUTILUS=>2021-06-10 00:07:32.310153: Starting model selection
NAUTILUS=>2021-06-10 00:07:32.310172: Materializing training data
NAUTILUS=>2021-06-10 00:07:32.556852: Completed materializing training data. Elapsed time: 0:00:00.246680
NAUTILUS=>2021-06-10 00:07:32.556867: Generating intermediate features
NAUTILUS=>2021-06-10 00:07:41.623903: Completed generating intermediate features. Elapsed time: 0:00:09.067036
NAUTILUS=>2021-06-10 00:07:41.623921: Starting model training
NAUTILUS=>2021-06-10 00:08:31.806100: Completed model training. Elapsed time: 0:00:50.182179
NAUTILUS=>2021-06-10 00:08:31.806100: Cycle: 1, Model: 0, loss: [0.828880786895752, 0.2970869541168213, 0.19052249193191528, 0.12513619661331177, 0.08048417419195175]
NAUTILUS=>2021-06-10 00:08:31.806100: Cycle: 1, Model: 0, accuracy: [0.7468414902687073, 0.8900124430656433, 0.9346765279769897, 0.9563759565353394, 0.9700300097465515]
NAUTILUS=>2021-06-10 00:08:31.806100: Cycle: 1, Model: 0, val_loss: [0.4639214277267456, 0.41468513011932373, 0.3532772362232208, 0.39335745573043823, 0.37415385246276855]
NAUTILUS=>2021-06-10 00:08:31.806100: Cycle: 1, Model: 0, val_accuracy: [0.8359349966049194, 0.8561877608299255, 0.8714163899421692, 0.8704221248626709, 0.8852939605712891]
NAUTILUS=>2021-06-10 00:08:31.806100: Cycle: 1, Model: 1, loss: [1.004594087600708, 0.4065803289413452, 0.28088250756263733, 0.1944686770439148, 0.1432686597108841]
NAUTILUS=>2021-06-10 00:08:31.806100: Cycle: 1, Model: 1, accuracy: [0.7063083052635193, 0.8641493320465088, 0.9058865904808044, 0.9262921214103699, 0.9485536217689514]
NAUTILUS=>2021-06-10 00:08:31.806100: Cycle: 1, Model: 1, val_loss: [0.5762648582458496, 0.4119472801685333, 0.3756779432296753, 0.36078959703445435, 0.36561137437820435]
NAUTILUS=>2021-06-10 00:08:31.806100: Cycle: 1, Model: 1, val_accuracy: [0.8098840117454529, 0.8507524728775024, 0.8563680052757263, 0.869193971157074, 0.8720411062240601]
NAUTILUS=>2021-06-10 00:08:31.806100: Cycle: 1, Model: 2, loss: [1.10059654712677, 0.4744577705860138, 0.3396696150302887, 0.2579961121082306, 0.2015160620212555]
NAUTILUS=>2021-06-10 00:08:31.806100: Cycle: 1, Model: 2, accuracy: [0.6883387565612793, 0.8442584276199341, 0.8858430981636047, 0.9036238193511963, 0.9335419535636902]
NAUTILUS=>2021-06-10 00:08:31.806100: Cycle: 1, Model: 2, val_loss: [0.6876410841941833, 0.472998708486557, 0.4117608368396759, 0.39722809195518494, 0.3804224133491516]
NAUTILUS=>2021-06-10 00:08:31.806100: Cycle: 1, Model: 2, val_accuracy: [0.7769367694854736, 0.828457236289978, 0.848990797996521, 0.8405357599258423, 0.8534486889839172]
NAUTILUS=>2021-06-10 00:08:31.806179: Starting to generating the best model
NAUTILUS=>2021-06-10 00:08:37.607781: Completed generating the best model. Elapsed time: 0:00:05.801602
NAUTILUS=>2021-06-10 00:08:37.607781: Cycle: 1, Best Model: 0
NAUTILUS=>2021-06-10 00:08:37.607781: Cycle: 1, Best model loss: [0.828880786895752, 0.2970869541168213, 0.19052249193191528, 0.12513619661331177, 0.08048417419195175]
NAUTILUS=>2021-06-10 00:08:37.607781: Cycle: 1, Best model accuracy: [0.7468414902687073, 0.8900124430656433, 0.9346765279769897, 0.9563759565353394, 0.9700300097465515]
NAUTILUS=>2021-06-10 00:08:37.607781: Cycle: 1, Best model val_loss: [0.4639214277267456, 0.41468513011932373, 0.3532772362232208, 0.39335745573043823, 0.37415385246276855]
NAUTILUS=>2021-06-10 00:08:37.607781: Cycle: 1, Best model val_accuracy: [0.8359349966049194, 0.8561877608299255, 0.8714163899421692, 0.8704221248626709, 0.8852939605712891]
NAUTILUS=>2021-06-10 00:08:37.903394: Completed active learning cycle. Elapsed time: 0:01:05.593241
NAUTILUS=>2021-06-10 00:08:37.903411: ========> Active learning cycle: 2
NAUTILUS=>2021-06-10 00:08:37.903415: Starting data loading
NAUTILUS=>2021-06-10 00:09:26.493970: Completed data loading. Elapsed time: 0:00:48.590555
NAUTILUS=>2021-06-10 00:09:26.493988: Starting model selection
NAUTILUS=>2021-06-10 00:09:26.494004: Materializing training data
NAUTILUS=>2021-06-10 00:09:26.723511: Completed materializing training data. Elapsed time: 0:00:00.229507
NAUTILUS=>2021-06-10 00:09:26.723524: Generating intermediate features
NAUTILUS=>2021-06-10 00:09:35.335067: Completed generating intermediate features. Elapsed time: 0:00:08.611543
NAUTILUS=>2021-06-10 00:09:35.335087: Starting model training
NAUTILUS=>2021-06-10 00:10:52.025202: Completed model training. Elapsed time: 0:01:16.690115
NAUTILUS=>2021-06-10 00:10:52.025202: Cycle: 2, Model: 0, loss: [0.9820089936256409, 0.42822322249412537, 0.274488627910614, 0.19114264845848083, 0.12522202730178833]
NAUTILUS=>2021-06-10 00:10:52.025202: Cycle: 2, Model: 0, accuracy: [0.6411345601081848, 0.8296785950660706, 0.8881787657737732, 0.9303540587425232, 0.9543465375900269]
NAUTILUS=>2021-06-10 00:10:52.025202: Cycle: 2, Model: 0, val_loss: [0.3782179355621338, 0.34705260396003723, 0.2961651086807251, 0.2835554778575897, 0.305136114358902]
NAUTILUS=>2021-06-10 00:10:52.025202: Cycle: 2, Model: 0, val_accuracy: [0.8639460802078247, 0.8841715455055237, 0.9048786163330078, 0.9142364263534546, 0.9139883518218994]
NAUTILUS=>2021-06-10 00:10:52.025202: Cycle: 2, Model: 1, loss: [1.031630516052246, 0.49598366022109985, 0.33836865425109863, 0.2519090175628662, 0.17347869277000427]
NAUTILUS=>2021-06-10 00:10:52.025202: Cycle: 2, Model: 1, accuracy: [0.6214208006858826, 0.8046935200691223, 0.8720493316650391, 0.9077181816101074, 0.9331250190734863]
NAUTILUS=>2021-06-10 00:10:52.025202: Cycle: 2, Model: 1, val_loss: [0.4488494098186493, 0.3552568852901459, 0.2943028509616852, 0.28837546706199646, 0.27607956528663635]
NAUTILUS=>2021-06-10 00:10:52.025202: Cycle: 2, Model: 1, val_accuracy: [0.8425663709640503, 0.8833434581756592, 0.8984968066215515, 0.9134674668312073, 0.9148668646812439]
NAUTILUS=>2021-06-10 00:10:52.025202: Cycle: 2, Model: 2, loss: [1.1710573434829712, 0.594035804271698, 0.4166698455810547, 0.3269309103488922, 0.24684353172779083]
NAUTILUS=>2021-06-10 00:10:52.025202: Cycle: 2, Model: 2, accuracy: [0.5746650695800781, 0.7590763568878174, 0.8437793850898743, 0.8772196769714355, 0.906093418598175]
NAUTILUS=>2021-06-10 00:10:52.025202: Cycle: 2, Model: 2, val_loss: [0.5098970532417297, 0.3841044306755066, 0.3192782700061798, 0.3005669116973877, 0.27994734048843384]
NAUTILUS=>2021-06-10 00:10:52.025202: Cycle: 2, Model: 2, val_accuracy: [0.8162043690681458, 0.8690874576568604, 0.8832870721817017, 0.9080027937889099, 0.9080075621604919]
NAUTILUS=>2021-06-10 00:10:52.025285: Starting to generating the best model
NAUTILUS=>2021-06-10 00:10:57.661653: Completed generating the best model. Elapsed time: 0:00:05.636368
NAUTILUS=>2021-06-10 00:10:57.661653: Cycle: 2, Best Model: 1
NAUTILUS=>2021-06-10 00:10:57.661653: Cycle: 2, Best model loss: [1.031630516052246, 0.49598366022109985, 0.33836865425109863, 0.2519090175628662, 0.17347869277000427]
NAUTILUS=>2021-06-10 00:10:57.661653: Cycle: 2, Best model accuracy: [0.6214208006858826, 0.8046935200691223, 0.8720493316650391, 0.9077181816101074, 0.9331250190734863]
NAUTILUS=>2021-06-10 00:10:57.661653: Cycle: 2, Best model val_loss: [0.4488494098186493, 0.3552568852901459, 0.2943028509616852, 0.28837546706199646, 0.27607956528663635]
NAUTILUS=>2021-06-10 00:10:57.661653: Cycle: 2, Best model val_accuracy: [0.8425663709640503, 0.8833434581756592, 0.8984968066215515, 0.9134674668312073, 0.9148668646812439]
NAUTILUS=>2021-06-10 00:10:57.952491: Completed active learning cycle. Elapsed time: 0:01:31.458503
NAUTILUS=>2021-06-10 00:10:57.952509: ========> Active learning cycle: 3
NAUTILUS=>2021-06-10 00:10:57.952513: Starting data loading
NAUTILUS=>2021-06-10 00:11:37.586951: Completed data loading. Elapsed time: 0:00:39.634438
NAUTILUS=>2021-06-10 00:11:37.586968: Starting model selection
NAUTILUS=>2021-06-10 00:11:37.586984: Materializing training data
NAUTILUS=>2021-06-10 00:11:37.814540: Completed materializing training data. Elapsed time: 0:00:00.227556
NAUTILUS=>2021-06-10 00:11:37.814552: Generating intermediate features
NAUTILUS=>2021-06-10 00:11:46.390690: Completed generating intermediate features. Elapsed time: 0:00:08.576138
NAUTILUS=>2021-06-10 00:11:46.390708: Starting model training
NAUTILUS=>2021-06-10 00:13:30.381017: Completed model training. Elapsed time: 0:01:43.990309
NAUTILUS=>2021-06-10 00:13:30.381017: Cycle: 3, Model: 0, loss: [1.0503240823745728, 0.5038192272186279, 0.34329548478126526, 0.27409422397613525, 0.18432030081748962]
NAUTILUS=>2021-06-10 00:13:30.381017: Cycle: 3, Model: 0, accuracy: [0.6394216418266296, 0.8110025525093079, 0.8757426142692566, 0.9025945067405701, 0.9401528835296631]
NAUTILUS=>2021-06-10 00:13:30.381017: Cycle: 3, Model: 0, val_loss: [0.36566832661628723, 0.2560340464115143, 0.27582311630249023, 0.31012749671936035, 0.2955993115901947]
NAUTILUS=>2021-06-10 00:13:30.381017: Cycle: 3, Model: 0, val_accuracy: [0.8686020970344543, 0.9100136160850525, 0.9169734716415405, 0.9171760082244873, 0.9122934937477112]
NAUTILUS=>2021-06-10 00:13:30.381017: Cycle: 3, Model: 1, loss: [1.0786219835281372, 0.5533127784729004, 0.41141536831855774, 0.3229483664035797, 0.24406534433364868]
NAUTILUS=>2021-06-10 00:13:30.381017: Cycle: 3, Model: 1, accuracy: [0.6122634410858154, 0.7813418507575989, 0.846768319606781, 0.8865628838539124, 0.9208267331123352]
NAUTILUS=>2021-06-10 00:13:30.381017: Cycle: 3, Model: 1, val_loss: [0.38938483595848083, 0.3041931986808777, 0.2628311812877655, 0.2745210528373718, 0.25541332364082336]
NAUTILUS=>2021-06-10 00:13:30.381017: Cycle: 3, Model: 1, val_accuracy: [0.8718843460083008, 0.8965688347816467, 0.9098889231681824, 0.9124472141265869, 0.9129377007484436]
NAUTILUS=>2021-06-10 00:13:30.381017: Cycle: 3, Model: 2, loss: [1.1734111309051514, 0.6405545473098755, 0.4942150413990021, 0.40278419852256775, 0.3289356529712677]
NAUTILUS=>2021-06-10 00:13:30.381017: Cycle: 3, Model: 2, accuracy: [0.580635666847229, 0.7494320273399353, 0.8104904890060425, 0.8541501760482788, 0.8839531540870667]
NAUTILUS=>2021-06-10 00:13:30.381017: Cycle: 3, Model: 2, val_loss: [0.47131678462028503, 0.35854095220565796, 0.3004438579082489, 0.27271783351898193, 0.26489606499671936]
NAUTILUS=>2021-06-10 00:13:30.381017: Cycle: 3, Model: 2, val_accuracy: [0.8249059915542603, 0.8742010593414307, 0.8958098292350769, 0.9077868461608887, 0.9134292602539062]
NAUTILUS=>2021-06-10 00:13:30.381098: Starting to generating the best model
NAUTILUS=>2021-06-10 00:13:36.037593: Completed generating the best model. Elapsed time: 0:00:05.656495
NAUTILUS=>2021-06-10 00:13:36.037593: Cycle: 3, Best Model: 2
NAUTILUS=>2021-06-10 00:13:36.037593: Cycle: 3, Best model loss: [1.1734111309051514, 0.6405545473098755, 0.4942150413990021, 0.40278419852256775, 0.3289356529712677]
NAUTILUS=>2021-06-10 00:13:36.037593: Cycle: 3, Best model accuracy: [0.580635666847229, 0.7494320273399353, 0.8104904890060425, 0.8541501760482788, 0.8839531540870667]
NAUTILUS=>2021-06-10 00:13:36.037593: Cycle: 3, Best model val_loss: [0.47131678462028503, 0.35854095220565796, 0.3004438579082489, 0.27271783351898193, 0.26489606499671936]
NAUTILUS=>2021-06-10 00:13:36.037593: Cycle: 3, Best model val_accuracy: [0.8249059915542603, 0.8742010593414307, 0.8958098292350769, 0.9077868461608887, 0.9134292602539062]
NAUTILUS=>2021-06-10 00:13:36.321511: Completed active learning cycle. Elapsed time: 0:01:58.734543
NAUTILUS=>2021-06-10 00:13:36.321529: ========> Active learning cycle: 4
NAUTILUS=>2021-06-10 00:13:36.321533: Starting data loading
NAUTILUS=>2021-06-10 00:14:20.939021: Completed data loading. Elapsed time: 0:00:44.617488
NAUTILUS=>2021-06-10 00:14:20.939038: Starting model selection
NAUTILUS=>2021-06-10 00:14:20.939053: Materializing training data
NAUTILUS=>2021-06-10 00:14:21.164236: Completed materializing training data. Elapsed time: 0:00:00.225183
NAUTILUS=>2021-06-10 00:14:21.164246: Generating intermediate features
NAUTILUS=>2021-06-10 00:14:29.782186: Completed generating intermediate features. Elapsed time: 0:00:08.617940
NAUTILUS=>2021-06-10 00:14:29.782206: Starting model training
NAUTILUS=>2021-06-10 00:16:37.732633: Completed model training. Elapsed time: 0:02:07.950427
NAUTILUS=>2021-06-10 00:16:37.732633: Cycle: 4, Model: 0, loss: [1.0007450580596924, 0.5386736392974854, 0.38935208320617676, 0.28623178601264954, 0.19687119126319885]
NAUTILUS=>2021-06-10 00:16:37.732633: Cycle: 4, Model: 0, accuracy: [0.6615559458732605, 0.813633143901825, 0.8663817048072815, 0.9032334089279175, 0.9374695420265198]
NAUTILUS=>2021-06-10 00:16:37.732633: Cycle: 4, Model: 0, val_loss: [0.35358813405036926, 0.28872406482696533, 0.26977840065956116, 0.24321214854717255, 0.24553954601287842]
NAUTILUS=>2021-06-10 00:16:37.732633: Cycle: 4, Model: 0, val_accuracy: [0.8783340454101562, 0.8984920382499695, 0.906108021736145, 0.9223610758781433, 0.9265408515930176]
NAUTILUS=>2021-06-10 00:16:37.732633: Cycle: 4, Model: 1, loss: [1.0142467021942139, 0.5698196291923523, 0.43418461084365845, 0.3525908291339874, 0.2743302285671234]
NAUTILUS=>2021-06-10 00:16:37.732633: Cycle: 4, Model: 1, accuracy: [0.6520774960517883, 0.7998597025871277, 0.8527160882949829, 0.8819565773010254, 0.9148235321044922]
NAUTILUS=>2021-06-10 00:16:37.732633: Cycle: 4, Model: 1, val_loss: [0.357993483543396, 0.2813897430896759, 0.24565917253494263, 0.23920086026191711, 0.23523733019828796]
NAUTILUS=>2021-06-10 00:16:37.732633: Cycle: 4, Model: 1, val_accuracy: [0.883351743221283, 0.8983660340309143, 0.9147924184799194, 0.9203234314918518, 0.9223295450210571]
NAUTILUS=>2021-06-10 00:16:37.732633: Cycle: 4, Model: 2, loss: [1.088930368423462, 0.6305785179138184, 0.495967835187912, 0.4107176959514618, 0.34650394320487976]
NAUTILUS=>2021-06-10 00:16:37.732633: Cycle: 4, Model: 2, accuracy: [0.6281378269195557, 0.7715151309967041, 0.8276664614677429, 0.8608231544494629, 0.8871836066246033]
NAUTILUS=>2021-06-10 00:16:37.732633: Cycle: 4, Model: 2, val_loss: [0.4040851593017578, 0.29758158326148987, 0.2775493860244751, 0.24165937304496765, 0.24623627960681915]
NAUTILUS=>2021-06-10 00:16:37.732633: Cycle: 4, Model: 2, val_accuracy: [0.8620694875717163, 0.8995107412338257, 0.9048641324043274, 0.917738676071167, 0.9149627685546875]
NAUTILUS=>2021-06-10 00:16:37.732716: Starting to generating the best model
NAUTILUS=>2021-06-10 00:16:43.413064: Completed generating the best model. Elapsed time: 0:00:05.680348
NAUTILUS=>2021-06-10 00:16:43.413064: Cycle: 4, Best Model: 0
NAUTILUS=>2021-06-10 00:16:43.413064: Cycle: 4, Best model loss: [1.0007450580596924, 0.5386736392974854, 0.38935208320617676, 0.28623178601264954, 0.19687119126319885]
NAUTILUS=>2021-06-10 00:16:43.413064: Cycle: 4, Best model accuracy: [0.6615559458732605, 0.813633143901825, 0.8663817048072815, 0.9032334089279175, 0.9374695420265198]
NAUTILUS=>2021-06-10 00:16:43.413064: Cycle: 4, Best model val_loss: [0.35358813405036926, 0.28872406482696533, 0.26977840065956116, 0.24321214854717255, 0.24553954601287842]
NAUTILUS=>2021-06-10 00:16:43.413064: Cycle: 4, Best model val_accuracy: [0.8783340454101562, 0.8984920382499695, 0.906108021736145, 0.9223610758781433, 0.9265408515930176]
NAUTILUS=>2021-06-10 00:16:43.703385: Completed active learning cycle. Elapsed time: 0:02:22.764347
NAUTILUS=>2021-06-10 00:16:43.703404: ========> Active learning cycle: 5
NAUTILUS=>2021-06-10 00:16:43.703407: Starting data loading
NAUTILUS=>2021-06-10 00:17:20.073969: Completed data loading. Elapsed time: 0:00:36.370562
NAUTILUS=>2021-06-10 00:17:20.073987: Starting model selection
NAUTILUS=>2021-06-10 00:17:20.074002: Materializing training data
NAUTILUS=>2021-06-10 00:17:20.300705: Completed materializing training data. Elapsed time: 0:00:00.226703
NAUTILUS=>2021-06-10 00:17:20.300716: Generating intermediate features
NAUTILUS=>2021-06-10 00:17:28.806099: Completed generating intermediate features. Elapsed time: 0:00:08.505383
NAUTILUS=>2021-06-10 00:17:28.806117: Starting model training
NAUTILUS=>2021-06-10 00:20:02.241556: Completed model training. Elapsed time: 0:02:33.435439
NAUTILUS=>2021-06-10 00:20:02.241556: Cycle: 5, Model: 0, loss: [0.8848877549171448, 0.48879092931747437, 0.3627718389034271, 0.2721859812736511, 0.2061728835105896]
NAUTILUS=>2021-06-10 00:20:02.241556: Cycle: 5, Model: 0, accuracy: [0.697338879108429, 0.8288840651512146, 0.8729316592216492, 0.9055098295211792, 0.9343339800834656]
NAUTILUS=>2021-06-10 00:20:02.241556: Cycle: 5, Model: 0, val_loss: [0.3129018545150757, 0.25376373529434204, 0.23948748409748077, 0.2234102487564087, 0.2342166155576706]
NAUTILUS=>2021-06-10 00:20:02.241556: Cycle: 5, Model: 0, val_accuracy: [0.8828927874565125, 0.9140087366104126, 0.920835554599762, 0.9284613132476807, 0.9284204244613647]
NAUTILUS=>2021-06-10 00:20:02.241556: Cycle: 5, Model: 1, loss: [0.931462824344635, 0.5267236828804016, 0.405816912651062, 0.32352134585380554, 0.26926350593566895]
NAUTILUS=>2021-06-10 00:20:02.241556: Cycle: 5, Model: 1, accuracy: [0.6760247945785522, 0.812559962272644, 0.8585521578788757, 0.890867292881012, 0.913202166557312]
NAUTILUS=>2021-06-10 00:20:02.241556: Cycle: 5, Model: 1, val_loss: [0.3221791088581085, 0.256032258272171, 0.23639313876628876, 0.21526898443698883, 0.21449017524719238]
NAUTILUS=>2021-06-10 00:20:02.241556: Cycle: 5, Model: 1, val_accuracy: [0.8834271430969238, 0.9131736159324646, 0.9191558361053467, 0.9234687685966492, 0.927733838558197]
NAUTILUS=>2021-06-10 00:20:02.241556: Cycle: 5, Model: 2, loss: [0.9871426224708557, 0.5766896605491638, 0.45632657408714294, 0.37810710072517395, 0.3249005079269409]
NAUTILUS=>2021-06-10 00:20:02.241556: Cycle: 5, Model: 2, accuracy: [0.6508467197418213, 0.7911696434020996, 0.8388306498527527, 0.8714576959609985, 0.893989622592926]
NAUTILUS=>2021-06-10 00:20:02.241556: Cycle: 5, Model: 2, val_loss: [0.36145877838134766, 0.28238633275032043, 0.248015895485878, 0.22655877470970154, 0.21870160102844238]
NAUTILUS=>2021-06-10 00:20:02.241556: Cycle: 5, Model: 2, val_accuracy: [0.8718570470809937, 0.9073320031166077, 0.9183659553527832, 0.9207580089569092, 0.9231885671615601]
NAUTILUS=>2021-06-10 00:20:02.241635: Starting to generating the best model
NAUTILUS=>2021-06-10 00:20:07.892471: Completed generating the best model. Elapsed time: 0:00:05.650836
NAUTILUS=>2021-06-10 00:20:07.892471: Cycle: 5, Best Model: 0
NAUTILUS=>2021-06-10 00:20:07.892471: Cycle: 5, Best model loss: [0.8848877549171448, 0.48879092931747437, 0.3627718389034271, 0.2721859812736511, 0.2061728835105896]
NAUTILUS=>2021-06-10 00:20:07.892471: Cycle: 5, Best model accuracy: [0.697338879108429, 0.8288840651512146, 0.8729316592216492, 0.9055098295211792, 0.9343339800834656]
NAUTILUS=>2021-06-10 00:20:07.892471: Cycle: 5, Best model val_loss: [0.3129018545150757, 0.25376373529434204, 0.23948748409748077, 0.2234102487564087, 0.2342166155576706]
NAUTILUS=>2021-06-10 00:20:07.892471: Cycle: 5, Best model val_accuracy: [0.8828927874565125, 0.9140087366104126, 0.920835554599762, 0.9284613132476807, 0.9284204244613647]
NAUTILUS=>2021-06-10 00:20:08.178724: Completed active learning cycle. Elapsed time: 0:02:48.104737
NAUTILUS=>2021-06-10 00:20:08.178742: ========> Active learning cycle: 6
NAUTILUS=>2021-06-10 00:20:08.178746: Starting data loading
NAUTILUS=>2021-06-10 00:20:48.789176: Completed data loading. Elapsed time: 0:00:40.610430
NAUTILUS=>2021-06-10 00:20:48.789194: Starting model selection
NAUTILUS=>2021-06-10 00:20:48.789209: Materializing training data
NAUTILUS=>2021-06-10 00:20:49.015845: Completed materializing training data. Elapsed time: 0:00:00.226636
NAUTILUS=>2021-06-10 00:20:49.015856: Generating intermediate features
NAUTILUS=>2021-06-10 00:20:57.564899: Completed generating intermediate features. Elapsed time: 0:00:08.549043
NAUTILUS=>2021-06-10 00:20:57.564918: Starting model training
NAUTILUS=>2021-06-10 00:23:57.286020: Completed model training. Elapsed time: 0:02:59.721102
NAUTILUS=>2021-06-10 00:23:57.286020: Cycle: 6, Model: 0, loss: [0.7799059748649597, 0.44751977920532227, 0.3352033495903015, 0.2527945339679718, 0.17626158893108368]
NAUTILUS=>2021-06-10 00:23:57.286020: Cycle: 6, Model: 0, accuracy: [0.732487142086029, 0.8406215310096741, 0.8847308158874512, 0.9127742648124695, 0.9426755905151367]
NAUTILUS=>2021-06-10 00:23:57.286020: Cycle: 6, Model: 0, val_loss: [0.2617006301879883, 0.2251167595386505, 0.22748517990112305, 0.21376167237758636, 0.206168994307518]
NAUTILUS=>2021-06-10 00:23:57.286020: Cycle: 6, Model: 0, val_accuracy: [0.9085649847984314, 0.9225978851318359, 0.9225368499755859, 0.9260216355323792, 0.9396024346351624]
NAUTILUS=>2021-06-10 00:23:57.286020: Cycle: 6, Model: 1, loss: [0.8577334880828857, 0.47697022557258606, 0.36819326877593994, 0.29865533113479614, 0.23830866813659668]
NAUTILUS=>2021-06-10 00:23:57.286020: Cycle: 6, Model: 1, accuracy: [0.7027397155761719, 0.8298553824424744, 0.8731132745742798, 0.8976854681968689, 0.9217761158943176]
NAUTILUS=>2021-06-10 00:23:57.286020: Cycle: 6, Model: 1, val_loss: [0.2994542121887207, 0.23533648252487183, 0.23076215386390686, 0.2149992138147354, 0.1996792107820511]
NAUTILUS=>2021-06-10 00:23:57.286020: Cycle: 6, Model: 1, val_accuracy: [0.8887873291969299, 0.9165675044059753, 0.9221133589744568, 0.9264320135116577, 0.932578444480896]
NAUTILUS=>2021-06-10 00:23:57.286020: Cycle: 6, Model: 2, loss: [0.9080008864402771, 0.5181938409805298, 0.416238009929657, 0.3497507870197296, 0.29401424527168274]
NAUTILUS=>2021-06-10 00:23:57.286020: Cycle: 6, Model: 2, accuracy: [0.68609219789505, 0.812924325466156, 0.8533921241760254, 0.8781057596206665, 0.9023430347442627]
NAUTILUS=>2021-06-10 00:23:57.286020: Cycle: 6, Model: 2, val_loss: [0.3255128860473633, 0.24867965281009674, 0.2447500079870224, 0.21283544600009918, 0.2095867544412613]
NAUTILUS=>2021-06-10 00:23:57.286020: Cycle: 6, Model: 2, val_accuracy: [0.8861247897148132, 0.9106525778770447, 0.9180237054824829, 0.9212964773178101, 0.9266910552978516]
NAUTILUS=>2021-06-10 00:23:57.286099: Starting to generating the best model
NAUTILUS=>2021-06-10 00:24:02.943381: Completed generating the best model. Elapsed time: 0:00:05.657282
NAUTILUS=>2021-06-10 00:24:02.943381: Cycle: 6, Best Model: 0
NAUTILUS=>2021-06-10 00:24:02.943381: Cycle: 6, Best model loss: [0.7799059748649597, 0.44751977920532227, 0.3352033495903015, 0.2527945339679718, 0.17626158893108368]
NAUTILUS=>2021-06-10 00:24:02.943381: Cycle: 6, Best model accuracy: [0.732487142086029, 0.8406215310096741, 0.8847308158874512, 0.9127742648124695, 0.9426755905151367]
NAUTILUS=>2021-06-10 00:24:02.943381: Cycle: 6, Best model val_loss: [0.2617006301879883, 0.2251167595386505, 0.22748517990112305, 0.21376167237758636, 0.206168994307518]
NAUTILUS=>2021-06-10 00:24:02.943381: Cycle: 6, Best model val_accuracy: [0.9085649847984314, 0.9225978851318359, 0.9225368499755859, 0.9260216355323792, 0.9396024346351624]
NAUTILUS=>2021-06-10 00:24:03.228034: Completed active learning cycle. Elapsed time: 0:03:14.438840
NAUTILUS=>2021-06-10 00:24:03.228052: ========> Active learning cycle: 7
NAUTILUS=>2021-06-10 00:24:03.228055: Starting data loading
NAUTILUS=>2021-06-10 00:24:36.003208: Completed data loading. Elapsed time: 0:00:32.775153
NAUTILUS=>2021-06-10 00:24:36.003225: Starting model selection
NAUTILUS=>2021-06-10 00:24:36.003241: Materializing training data
NAUTILUS=>2021-06-10 00:24:36.233146: Completed materializing training data. Elapsed time: 0:00:00.229905
NAUTILUS=>2021-06-10 00:24:36.233160: Generating intermediate features
NAUTILUS=>2021-06-10 00:24:44.781299: Completed generating intermediate features. Elapsed time: 0:00:08.548139
NAUTILUS=>2021-06-10 00:24:44.781318: Starting model training
NAUTILUS=>2021-06-10 00:28:11.333333: Completed model training. Elapsed time: 0:03:26.552015
NAUTILUS=>2021-06-10 00:28:11.333333: Cycle: 7, Model: 0, loss: [0.7210489511489868, 0.4092576503753662, 0.30445170402526855, 0.2211378663778305, 0.15454119443893433]
NAUTILUS=>2021-06-10 00:28:11.333333: Cycle: 7, Model: 0, accuracy: [0.7428813576698303, 0.8553975224494934, 0.8921898603439331, 0.9242388010025024, 0.9469484090805054]
NAUTILUS=>2021-06-10 00:28:11.333333: Cycle: 7, Model: 0, val_loss: [0.2707756757736206, 0.24026009440422058, 0.21184054017066956, 0.19838587939739227, 0.20356407761573792]
NAUTILUS=>2021-06-10 00:28:11.333333: Cycle: 7, Model: 0, val_accuracy: [0.9040488004684448, 0.9125903248786926, 0.9240053296089172, 0.9326165914535522, 0.938501238822937]
NAUTILUS=>2021-06-10 00:28:11.333333: Cycle: 7, Model: 1, loss: [0.7434539198875427, 0.4337294101715088, 0.34241706132888794, 0.2751854658126831, 0.21608343720436096]
NAUTILUS=>2021-06-10 00:28:11.333333: Cycle: 7, Model: 1, accuracy: [0.7365965247154236, 0.8461467027664185, 0.8774643540382385, 0.9037654399871826, 0.9280001521110535]
NAUTILUS=>2021-06-10 00:28:11.333333: Cycle: 7, Model: 1, val_loss: [0.27121761441230774, 0.23520317673683167, 0.20953543484210968, 0.19085301458835602, 0.20605695247650146]
NAUTILUS=>2021-06-10 00:28:11.333333: Cycle: 7, Model: 1, val_accuracy: [0.8990492224693298, 0.911944568157196, 0.9277746677398682, 0.934415876865387, 0.9318259954452515]
NAUTILUS=>2021-06-10 00:28:11.333333: Cycle: 7, Model: 2, loss: [0.8064925074577332, 0.46961572766304016, 0.3784085214138031, 0.31999391317367554, 0.2689339220523834]
NAUTILUS=>2021-06-10 00:28:11.333333: Cycle: 7, Model: 2, accuracy: [0.7110469937324524, 0.825434684753418, 0.8634249567985535, 0.8862703442573547, 0.9094283580780029]
NAUTILUS=>2021-06-10 00:28:11.333333: Cycle: 7, Model: 2, val_loss: [0.287257581949234, 0.25581061840057373, 0.21671973168849945, 0.19970209896564484, 0.19689823687076569]
NAUTILUS=>2021-06-10 00:28:11.333333: Cycle: 7, Model: 2, val_accuracy: [0.8976507782936096, 0.9059022665023804, 0.9251323342323303, 0.9306334853172302, 0.9324584007263184]
NAUTILUS=>2021-06-10 00:28:11.333413: Starting to generating the best model
NAUTILUS=>2021-06-10 00:28:16.997532: Completed generating the best model. Elapsed time: 0:00:05.664119
NAUTILUS=>2021-06-10 00:28:16.997532: Cycle: 7, Best Model: 0
NAUTILUS=>2021-06-10 00:28:16.997532: Cycle: 7, Best model loss: [0.7210489511489868, 0.4092576503753662, 0.30445170402526855, 0.2211378663778305, 0.15454119443893433]
NAUTILUS=>2021-06-10 00:28:16.997532: Cycle: 7, Best model accuracy: [0.7428813576698303, 0.8553975224494934, 0.8921898603439331, 0.9242388010025024, 0.9469484090805054]
NAUTILUS=>2021-06-10 00:28:16.997532: Cycle: 7, Best model val_loss: [0.2707756757736206, 0.24026009440422058, 0.21184054017066956, 0.19838587939739227, 0.20356407761573792]
NAUTILUS=>2021-06-10 00:28:16.997532: Cycle: 7, Best model val_accuracy: [0.9040488004684448, 0.9125903248786926, 0.9240053296089172, 0.9326165914535522, 0.938501238822937]
NAUTILUS=>2021-06-10 00:28:17.282036: Completed active learning cycle. Elapsed time: 0:03:41.278811
NAUTILUS=>2021-06-10 00:28:17.282054: ========> Active learning cycle: 8
NAUTILUS=>2021-06-10 00:28:17.282058: Starting data loading
NAUTILUS=>2021-06-10 00:28:53.474252: Completed data loading. Elapsed time: 0:00:36.192194
NAUTILUS=>2021-06-10 00:28:53.474269: Starting model selection
NAUTILUS=>2021-06-10 00:28:53.474283: Materializing training data
NAUTILUS=>2021-06-10 00:28:53.701972: Completed materializing training data. Elapsed time: 0:00:00.227689
NAUTILUS=>2021-06-10 00:28:53.701984: Generating intermediate features
NAUTILUS=>2021-06-10 00:29:02.226249: Completed generating intermediate features. Elapsed time: 0:00:08.524265
NAUTILUS=>2021-06-10 00:29:02.226268: Starting model training
NAUTILUS=>2021-06-10 00:32:53.022947: Completed model training. Elapsed time: 0:03:50.796679
NAUTILUS=>2021-06-10 00:32:53.022947: Cycle: 8, Model: 0, loss: [0.6718448400497437, 0.3807009160518646, 0.2823652923107147, 0.2076112926006317, 0.14397749304771423]
NAUTILUS=>2021-06-10 00:32:53.022947: Cycle: 8, Model: 0, accuracy: [0.7587196826934814, 0.8660128712654114, 0.8980731964111328, 0.9282039403915405, 0.9491518139839172]
NAUTILUS=>2021-06-10 00:32:53.022947: Cycle: 8, Model: 0, val_loss: [0.22863587737083435, 0.2030155062675476, 0.18493080139160156, 0.18176321685314178, 0.17416447401046753]
NAUTILUS=>2021-06-10 00:32:53.022947: Cycle: 8, Model: 0, val_accuracy: [0.915519118309021, 0.9282082915306091, 0.9356071352958679, 0.9361710548400879, 0.9417523145675659]
NAUTILUS=>2021-06-10 00:32:53.022947: Cycle: 8, Model: 1, loss: [0.6902695298194885, 0.39783990383148193, 0.315409779548645, 0.2507399618625641, 0.20231473445892334]
NAUTILUS=>2021-06-10 00:32:53.022947: Cycle: 8, Model: 1, accuracy: [0.753304660320282, 0.8575289845466614, 0.8884945511817932, 0.9145820736885071, 0.9287827014923096]
NAUTILUS=>2021-06-10 00:32:53.022947: Cycle: 8, Model: 1, val_loss: [0.2558402717113495, 0.21755363047122955, 0.19007211923599243, 0.2072482705116272, 0.1817731261253357]
NAUTILUS=>2021-06-10 00:32:53.022947: Cycle: 8, Model: 1, val_accuracy: [0.9043871164321899, 0.9253643751144409, 0.9292773604393005, 0.9284062385559082, 0.9338024854660034]
NAUTILUS=>2021-06-10 00:32:53.022947: Cycle: 8, Model: 2, loss: [0.7524764537811279, 0.4288865923881531, 0.348734974861145, 0.2905641496181488, 0.24767270684242249]
NAUTILUS=>2021-06-10 00:32:53.022947: Cycle: 8, Model: 2, accuracy: [0.7313785552978516, 0.8412048816680908, 0.8743583559989929, 0.8988536596298218, 0.9137240648269653]
NAUTILUS=>2021-06-10 00:32:53.022947: Cycle: 8, Model: 2, val_loss: [0.28271210193634033, 0.23825085163116455, 0.20550088584423065, 0.22930750250816345, 0.18564723432064056]
NAUTILUS=>2021-06-10 00:32:53.022947: Cycle: 8, Model: 2, val_accuracy: [0.8967980146408081, 0.9163406491279602, 0.9278138875961304, 0.9193829894065857, 0.9301071763038635]
NAUTILUS=>2021-06-10 00:32:53.023028: Starting to generating the best model
NAUTILUS=>2021-06-10 00:32:58.670871: Completed generating the best model. Elapsed time: 0:00:05.647843
NAUTILUS=>2021-06-10 00:32:58.670871: Cycle: 8, Best Model: 0
NAUTILUS=>2021-06-10 00:32:58.670871: Cycle: 8, Best model loss: [0.6718448400497437, 0.3807009160518646, 0.2823652923107147, 0.2076112926006317, 0.14397749304771423]
NAUTILUS=>2021-06-10 00:32:58.670871: Cycle: 8, Best model accuracy: [0.7587196826934814, 0.8660128712654114, 0.8980731964111328, 0.9282039403915405, 0.9491518139839172]
NAUTILUS=>2021-06-10 00:32:58.670871: Cycle: 8, Best model val_loss: [0.22863587737083435, 0.2030155062675476, 0.18493080139160156, 0.18176321685314178, 0.17416447401046753]
NAUTILUS=>2021-06-10 00:32:58.670871: Cycle: 8, Best model val_accuracy: [0.915519118309021, 0.9282082915306091, 0.9356071352958679, 0.9361710548400879, 0.9417523145675659]
NAUTILUS=>2021-06-10 00:32:58.961226: Completed active learning cycle. Elapsed time: 0:04:05.486957
NAUTILUS=>2021-06-10 00:32:58.961244: ========> Active learning cycle: 9
NAUTILUS=>2021-06-10 00:32:58.961248: Starting data loading
NAUTILUS=>2021-06-10 00:33:28.147836: Completed data loading. Elapsed time: 0:00:29.186588
NAUTILUS=>2021-06-10 00:33:28.147854: Starting model selection
NAUTILUS=>2021-06-10 00:33:28.147869: Materializing training data
NAUTILUS=>2021-06-10 00:33:28.378974: Completed materializing training data. Elapsed time: 0:00:00.231105
NAUTILUS=>2021-06-10 00:33:28.378986: Generating intermediate features
NAUTILUS=>2021-06-10 00:33:36.986051: Completed generating intermediate features. Elapsed time: 0:00:08.607065
NAUTILUS=>2021-06-10 00:33:36.986070: Starting model training
NAUTILUS=>2021-06-10 00:37:54.102629: Completed model training. Elapsed time: 0:04:17.116559
NAUTILUS=>2021-06-10 00:37:54.102629: Cycle: 9, Model: 0, loss: [0.5994001030921936, 0.34691840410232544, 0.25637686252593994, 0.1871970295906067, 0.12991678714752197]
NAUTILUS=>2021-06-10 00:37:54.102629: Cycle: 9, Model: 0, accuracy: [0.7850269675254822, 0.8763583898544312, 0.9091951251029968, 0.9382106065750122, 0.9586482644081116]
NAUTILUS=>2021-06-10 00:37:54.102629: Cycle: 9, Model: 0, val_loss: [0.2532639801502228, 0.20106619596481323, 0.21742025017738342, 0.2034749686717987, 0.15851855278015137]
NAUTILUS=>2021-06-10 00:37:54.102629: Cycle: 9, Model: 0, val_accuracy: [0.9074808359146118, 0.9269320964813232, 0.9227011203765869, 0.9341027140617371, 0.9529892802238464]
NAUTILUS=>2021-06-10 00:37:54.102629: Cycle: 9, Model: 1, loss: [0.633196234703064, 0.36707428097724915, 0.28609606623649597, 0.2328377515077591, 0.18655723333358765]
NAUTILUS=>2021-06-10 00:37:54.102629: Cycle: 9, Model: 1, accuracy: [0.7736384868621826, 0.8667924404144287, 0.8987037539482117, 0.922006368637085, 0.9387070536613464]
NAUTILUS=>2021-06-10 00:37:54.102629: Cycle: 9, Model: 1, val_loss: [0.26313039660453796, 0.2094380408525467, 0.2199176549911499, 0.18535757064819336, 0.16279327869415283]
NAUTILUS=>2021-06-10 00:37:54.102629: Cycle: 9, Model: 1, val_accuracy: [0.9046743512153625, 0.9249738454818726, 0.9212781190872192, 0.9381538033485413, 0.9470577239990234]
NAUTILUS=>2021-06-10 00:37:54.102629: Cycle: 9, Model: 2, loss: [0.678204357624054, 0.39580824971199036, 0.3182631731033325, 0.2711067795753479, 0.2346578985452652]
NAUTILUS=>2021-06-10 00:37:54.102629: Cycle: 9, Model: 2, accuracy: [0.7603383660316467, 0.8549362421035767, 0.8845474720001221, 0.9051306247711182, 0.9221205115318298]
NAUTILUS=>2021-06-10 00:37:54.102629: Cycle: 9, Model: 2, val_loss: [0.2657715380191803, 0.21907731890678406, 0.20843039453029633, 0.18419991433620453, 0.16948215663433075]
NAUTILUS=>2021-06-10 00:37:54.102629: Cycle: 9, Model: 2, val_accuracy: [0.9059364795684814, 0.9250432848930359, 0.9280872941017151, 0.9385952353477478, 0.9416543841362]
NAUTILUS=>2021-06-10 00:37:54.102709: Starting to generating the best model
NAUTILUS=>2021-06-10 00:37:59.736503: Completed generating the best model. Elapsed time: 0:00:05.633794
NAUTILUS=>2021-06-10 00:37:59.736503: Cycle: 9, Best Model: 0
NAUTILUS=>2021-06-10 00:37:59.736503: Cycle: 9, Best model loss: [0.5994001030921936, 0.34691840410232544, 0.25637686252593994, 0.1871970295906067, 0.12991678714752197]
NAUTILUS=>2021-06-10 00:37:59.736503: Cycle: 9, Best model accuracy: [0.7850269675254822, 0.8763583898544312, 0.9091951251029968, 0.9382106065750122, 0.9586482644081116]
NAUTILUS=>2021-06-10 00:37:59.736503: Cycle: 9, Best model val_loss: [0.2532639801502228, 0.20106619596481323, 0.21742025017738342, 0.2034749686717987, 0.15851855278015137]
NAUTILUS=>2021-06-10 00:37:59.736503: Cycle: 9, Best model val_accuracy: [0.9074808359146118, 0.9269320964813232, 0.9227011203765869, 0.9341027140617371, 0.9529892802238464]
NAUTILUS=>2021-06-10 00:38:00.027878: Completed active learning cycle. Elapsed time: 0:04:31.880024
NAUTILUS=>2021-06-10 00:38:00.027895: ========> Active learning cycle: 10
NAUTILUS=>2021-06-10 00:38:00.027899: Starting data loading
NAUTILUS=>2021-06-10 00:38:31.942438: Completed data loading. Elapsed time: 0:00:31.914539
NAUTILUS=>2021-06-10 00:38:31.942455: Starting model selection
NAUTILUS=>2021-06-10 00:38:31.942471: Materializing training data
NAUTILUS=>2021-06-10 00:38:32.168324: Completed materializing training data. Elapsed time: 0:00:00.225853
NAUTILUS=>2021-06-10 00:38:32.168335: Generating intermediate features
NAUTILUS=>2021-06-10 00:38:40.724368: Completed generating intermediate features. Elapsed time: 0:00:08.556033
NAUTILUS=>2021-06-10 00:38:40.724386: Starting model training
NAUTILUS=>2021-06-10 00:43:22.942702: Completed model training. Elapsed time: 0:04:42.218316
NAUTILUS=>2021-06-10 00:43:22.942702: Cycle: 10, Model: 0, loss: [0.5424039959907532, 0.3179537057876587, 0.23686347901821136, 0.17325758934020996, 0.11653103679418564]
NAUTILUS=>2021-06-10 00:43:22.942702: Cycle: 10, Model: 0, accuracy: [0.8078020215034485, 0.8830544352531433, 0.9165287613868713, 0.940236508846283, 0.959884524345398]
NAUTILUS=>2021-06-10 00:43:22.942702: Cycle: 10, Model: 0, val_loss: [0.22863295674324036, 0.20842617750167847, 0.18285053968429565, 0.19213126599788666, 0.1774524301290512]
NAUTILUS=>2021-06-10 00:43:22.942702: Cycle: 10, Model: 0, val_accuracy: [0.9162759780883789, 0.9302547574043274, 0.941116452217102, 0.9473493099212646, 0.9478427767753601]
NAUTILUS=>2021-06-10 00:43:22.942702: Cycle: 10, Model: 1, loss: [0.5823196768760681, 0.3342656195163727, 0.26608580350875854, 0.21616216003894806, 0.168461412191391]
NAUTILUS=>2021-06-10 00:43:22.942702: Cycle: 10, Model: 1, accuracy: [0.7911154627799988, 0.8763619065284729, 0.9056137800216675, 0.9244393110275269, 0.9427660703659058]
NAUTILUS=>2021-06-10 00:43:22.942702: Cycle: 10, Model: 1, val_loss: [0.24104608595371246, 0.2072170376777649, 0.18436476588249207, 0.18791772425174713, 0.17437055706977844]
NAUTILUS=>2021-06-10 00:43:22.942702: Cycle: 10, Model: 1, val_accuracy: [0.9085873961448669, 0.9282183051109314, 0.9380381107330322, 0.9416784644126892, 0.944671630859375]
NAUTILUS=>2021-06-10 00:43:22.942702: Cycle: 10, Model: 2, loss: [0.6288970708847046, 0.3620333671569824, 0.2933414876461029, 0.25143420696258545, 0.21222616732120514]
NAUTILUS=>2021-06-10 00:43:22.942702: Cycle: 10, Model: 2, accuracy: [0.7747762203216553, 0.8652350306510925, 0.8958092927932739, 0.9108414053916931, 0.9258469939231873]
NAUTILUS=>2021-06-10 00:43:22.942702: Cycle: 10, Model: 2, val_loss: [0.2623277008533478, 0.2132718563079834, 0.18863065540790558, 0.1856834441423416, 0.1788203865289688]
NAUTILUS=>2021-06-10 00:43:22.942702: Cycle: 10, Model: 2, val_accuracy: [0.9048997759819031, 0.9260978102684021, 0.9366419315338135, 0.9397688508033752, 0.9402225017547607]
NAUTILUS=>2021-06-10 00:43:22.942782: Starting to generating the best model
NAUTILUS=>2021-06-10 00:43:28.574877: Completed generating the best model. Elapsed time: 0:00:05.632095
NAUTILUS=>2021-06-10 00:43:28.574877: Cycle: 10, Best Model: 0
NAUTILUS=>2021-06-10 00:43:28.574877: Cycle: 10, Best model loss: [0.5424039959907532, 0.3179537057876587, 0.23686347901821136, 0.17325758934020996, 0.11653103679418564]
NAUTILUS=>2021-06-10 00:43:28.574877: Cycle: 10, Best model accuracy: [0.8078020215034485, 0.8830544352531433, 0.9165287613868713, 0.940236508846283, 0.959884524345398]
NAUTILUS=>2021-06-10 00:43:28.574877: Cycle: 10, Best model val_loss: [0.22863295674324036, 0.20842617750167847, 0.18285053968429565, 0.19213126599788666, 0.1774524301290512]
NAUTILUS=>2021-06-10 00:43:28.574877: Cycle: 10, Best model val_accuracy: [0.9162759780883789, 0.9302547574043274, 0.941116452217102, 0.9473493099212646, 0.9478427767753601]
NAUTILUS=>2021-06-10 00:43:28.865546: Completed active learning cycle. Elapsed time: 0:04:56.923091
NAUTILUS=>2021-06-10 00:43:28.865564: Workload completed. Elapsed time: 0:36:54.372919
