NAUTILUS=>2021-06-09 21:05:38.123528: Starting workload
NAUTILUS=>2021-06-09 21:05:38.123528: RANDOM_SEED: 2020
NAUTILUS=>2021-06-09 21:05:38.123528: VERY_LARGE_VALUE: 1000000000000000.0
NAUTILUS=>2021-06-09 21:05:38.123528: NO_MAT_OPT: True
NAUTILUS=>2021-06-09 21:05:38.123528: MODE: ftr3-1
NAUTILUS=>2021-06-09 21:05:38.123528: STORAGE_PATH: ./storage
NAUTILUS=>2021-06-09 21:05:38.123528: NO_FUSE_OPT: False
NAUTILUS=>2021-06-09 21:05:38.123528: NUM_EPOCHS: 5
NAUTILUS=>2021-06-09 21:05:38.123528: MAX_NUM_RECORDS: 5000
NAUTILUS=>2021-06-09 21:05:38.123528: ACTIVE_LEARNING_BATCH_SIZE: 500
NAUTILUS=>2021-06-09 21:05:38.123528: VALID_FRACTION: 0.2
NAUTILUS=>2021-06-09 21:05:38.123528: SAMPLING_STRATERGY: uncertainty
NAUTILUS=>2021-06-09 21:05:38.123528: NO_PRETRAINING: False
NAUTILUS=>2021-06-09 21:05:38.123528: STORAGE_BUDGET: 25
NAUTILUS=>2021-06-09 21:05:38.123528: MEMORY_BUDGET: 10
NAUTILUS=>2021-06-09 21:05:38.123528: WORKSPACE_MEMORY: 1
NAUTILUS=>2021-06-09 21:05:38.123528: COMPUTE_THROUGHPUT: 6
NAUTILUS=>2021-06-09 21:05:38.123528: DISK_THROUGHPUT: 500
NAUTILUS=>2021-06-09 21:05:38.123528: SHUFFLE_BUFFER_SIZE: 10000
NAUTILUS=>2021-06-09 21:05:38.123578: Starting system initialization
NAUTILUS=>2021-06-09 21:05:38.716985: Starting model profiling
NAUTILUS=>2021-06-09 21:05:54.782710: Completed model profiling. Elapsed time: 0:00:16.065722
NAUTILUS=>2021-06-09 21:05:54.782710: Model parameters
NAUTILUS=>2021-06-09 21:05:54.782760: Generating optimized model selection plan
NAUTILUS=>2021-06-09 21:05:54.795976: Used materialized layers: 
NAUTILUS=>2021-06-09 21:05:54.795976: Model training plan: {"0": {"models": ["0"], "output_layers": ["0/classifier"], "flops_consumption": 746129651525000.0, "compute_flops": 745690198400000.0, "load_flops": 439453125000.0, "memory_consumption": 2.0896159410476685, "used_materialized_layers": [], "batch_size": 16, "num_epochs": [5]}}
NAUTILUS=>2021-06-09 21:05:54.796076: Completed generating optimized model selection plan. Elapsed time: 0:00:00.013315
NAUTILUS=>2021-06-09 21:05:54.796082: Generating fused models
NAUTILUS=>2021-06-09 21:06:01.101844: Completed generating fused models. Elapsed time: 0:00:06.305761
NAUTILUS=>2021-06-09 21:06:01.101844: Current Practice FLOPs: 149138039680.0
NAUTILUS=>2021-06-09 21:06:01.101844: Optimal FLOPs: 37097005440.0
NAUTILUS=>2021-06-09 21:06:01.101844: Theoretical Speedup: 4.020217748335861
NAUTILUS=>2021-06-09 21:06:01.153098: Completed system initialization. Elapsed time: 0:00:23.029520
NAUTILUS=>2021-06-09 21:06:01.153118: ========> Active learning cycle: 1
NAUTILUS=>2021-06-09 21:06:01.153123: Starting data loading
NAUTILUS=>2021-06-09 21:06:16.474619: Completed data loading. Elapsed time: 0:00:15.321496
NAUTILUS=>2021-06-09 21:06:16.474645: Starting model selection
NAUTILUS=>2021-06-09 21:06:16.474665: Materializing training data
NAUTILUS=>2021-06-09 21:06:16.731613: Completed materializing training data. Elapsed time: 0:00:00.256948
NAUTILUS=>2021-06-09 21:06:16.731625: Starting model training
NAUTILUS=>2021-06-09 21:06:53.129427: Completed model training. Elapsed time: 0:00:36.397802
NAUTILUS=>2021-06-09 21:06:53.129427: Cycle: 1, Model: 0, loss: [0.828880786895752, 0.2970868945121765, 0.1905224621295929, 0.12513619661331177, 0.08048417419195175]
NAUTILUS=>2021-06-09 21:06:53.129427: Cycle: 1, Model: 0, accuracy: [0.7468414902687073, 0.8900124430656433, 0.9346765279769897, 0.9563759565353394, 0.9700300097465515]
NAUTILUS=>2021-06-09 21:06:53.129427: Cycle: 1, Model: 0, val_loss: [0.46392127871513367, 0.41468507051467896, 0.35327720642089844, 0.3933575451374054, 0.37415364384651184]
NAUTILUS=>2021-06-09 21:06:53.129427: Cycle: 1, Model: 0, val_accuracy: [0.8359349966049194, 0.8561877608299255, 0.8714163899421692, 0.8704221248626709, 0.8852939605712891]
NAUTILUS=>2021-06-09 21:06:53.129471: Starting to generating the best model
NAUTILUS=>2021-06-09 21:07:00.151430: Completed generating the best model. Elapsed time: 0:00:07.021959
NAUTILUS=>2021-06-09 21:07:00.151430: Cycle: 1, Best Model: 0
NAUTILUS=>2021-06-09 21:07:00.151430: Cycle: 1, Best model loss: [0.828880786895752, 0.2970868945121765, 0.1905224621295929, 0.12513619661331177, 0.08048417419195175]
NAUTILUS=>2021-06-09 21:07:00.151430: Cycle: 1, Best model accuracy: [0.7468414902687073, 0.8900124430656433, 0.9346765279769897, 0.9563759565353394, 0.9700300097465515]
NAUTILUS=>2021-06-09 21:07:00.151430: Cycle: 1, Best model val_loss: [0.46392127871513367, 0.41468507051467896, 0.35327720642089844, 0.3933575451374054, 0.37415364384651184]
NAUTILUS=>2021-06-09 21:07:00.151430: Cycle: 1, Best model val_accuracy: [0.8359349966049194, 0.8561877608299255, 0.8714163899421692, 0.8704221248626709, 0.8852939605712891]
NAUTILUS=>2021-06-09 21:07:00.438080: Completed active learning cycle. Elapsed time: 0:00:43.963435
NAUTILUS=>2021-06-09 21:07:00.438098: ========> Active learning cycle: 2
NAUTILUS=>2021-06-09 21:07:00.438102: Starting data loading
NAUTILUS=>2021-06-09 21:07:48.953771: Completed data loading. Elapsed time: 0:00:48.515669
NAUTILUS=>2021-06-09 21:07:48.953788: Starting model selection
NAUTILUS=>2021-06-09 21:07:48.953802: Materializing training data
NAUTILUS=>2021-06-09 21:07:49.189026: Completed materializing training data. Elapsed time: 0:00:00.235224
NAUTILUS=>2021-06-09 21:07:49.189038: Starting model training
NAUTILUS=>2021-06-09 21:08:45.570633: Completed model training. Elapsed time: 0:00:56.381595
NAUTILUS=>2021-06-09 21:08:45.570633: Cycle: 2, Model: 0, loss: [0.9820088148117065, 0.42822325229644775, 0.27448880672454834, 0.19114278256893158, 0.1252221316099167]
NAUTILUS=>2021-06-09 21:08:45.570633: Cycle: 2, Model: 0, accuracy: [0.6411345601081848, 0.8296785950660706, 0.8881787657737732, 0.9303540587425232, 0.9543465375900269]
NAUTILUS=>2021-06-09 21:08:45.570633: Cycle: 2, Model: 0, val_loss: [0.3782179355621338, 0.3470526933670044, 0.29616522789001465, 0.28355538845062256, 0.3051360249519348]
NAUTILUS=>2021-06-09 21:08:45.570633: Cycle: 2, Model: 0, val_accuracy: [0.8639460802078247, 0.8841715455055237, 0.9048786163330078, 0.9142364263534546, 0.9139883518218994]
NAUTILUS=>2021-06-09 21:08:45.570678: Starting to generating the best model
NAUTILUS=>2021-06-09 21:08:52.621222: Completed generating the best model. Elapsed time: 0:00:07.050544
NAUTILUS=>2021-06-09 21:08:52.621222: Cycle: 2, Best Model: 0
NAUTILUS=>2021-06-09 21:08:52.621222: Cycle: 2, Best model loss: [0.9820088148117065, 0.42822325229644775, 0.27448880672454834, 0.19114278256893158, 0.1252221316099167]
NAUTILUS=>2021-06-09 21:08:52.621222: Cycle: 2, Best model accuracy: [0.6411345601081848, 0.8296785950660706, 0.8881787657737732, 0.9303540587425232, 0.9543465375900269]
NAUTILUS=>2021-06-09 21:08:52.621222: Cycle: 2, Best model val_loss: [0.3782179355621338, 0.3470526933670044, 0.29616522789001465, 0.28355538845062256, 0.3051360249519348]
NAUTILUS=>2021-06-09 21:08:52.621222: Cycle: 2, Best model val_accuracy: [0.8639460802078247, 0.8841715455055237, 0.9048786163330078, 0.9142364263534546, 0.9139883518218994]
NAUTILUS=>2021-06-09 21:08:52.908309: Completed active learning cycle. Elapsed time: 0:01:03.954521
NAUTILUS=>2021-06-09 21:08:52.908328: ========> Active learning cycle: 3
NAUTILUS=>2021-06-09 21:08:52.908331: Starting data loading
NAUTILUS=>2021-06-09 21:09:32.531894: Completed data loading. Elapsed time: 0:00:39.623563
NAUTILUS=>2021-06-09 21:09:32.531912: Starting model selection
NAUTILUS=>2021-06-09 21:09:32.531926: Materializing training data
NAUTILUS=>2021-06-09 21:09:32.760408: Completed materializing training data. Elapsed time: 0:00:00.228482
NAUTILUS=>2021-06-09 21:09:32.760420: Starting model training
NAUTILUS=>2021-06-09 21:10:48.294383: Completed model training. Elapsed time: 0:01:15.533963
NAUTILUS=>2021-06-09 21:10:48.294383: Cycle: 3, Model: 0, loss: [1.0116957426071167, 0.5012407898902893, 0.3956834673881531, 0.28128015995025635, 0.19000856578350067]
NAUTILUS=>2021-06-09 21:10:48.294383: Cycle: 3, Model: 0, accuracy: [0.6445509195327759, 0.8220116496086121, 0.8616120219230652, 0.8997690677642822, 0.9390742182731628]
NAUTILUS=>2021-06-09 21:10:48.294383: Cycle: 3, Model: 0, val_loss: [0.34767022728919983, 0.30817025899887085, 0.29628774523735046, 0.29296040534973145, 0.28563958406448364]
NAUTILUS=>2021-06-09 21:10:48.294383: Cycle: 3, Model: 0, val_accuracy: [0.8828522562980652, 0.8950701951980591, 0.8995355367660522, 0.9069330096244812, 0.9136077761650085]
NAUTILUS=>2021-06-09 21:10:48.294427: Starting to generating the best model
NAUTILUS=>2021-06-09 21:10:55.317515: Completed generating the best model. Elapsed time: 0:00:07.023088
NAUTILUS=>2021-06-09 21:10:55.317515: Cycle: 3, Best Model: 0
NAUTILUS=>2021-06-09 21:10:55.317515: Cycle: 3, Best model loss: [1.0116957426071167, 0.5012407898902893, 0.3956834673881531, 0.28128015995025635, 0.19000856578350067]
NAUTILUS=>2021-06-09 21:10:55.317515: Cycle: 3, Best model accuracy: [0.6445509195327759, 0.8220116496086121, 0.8616120219230652, 0.8997690677642822, 0.9390742182731628]
NAUTILUS=>2021-06-09 21:10:55.317515: Cycle: 3, Best model val_loss: [0.34767022728919983, 0.30817025899887085, 0.29628774523735046, 0.29296040534973145, 0.28563958406448364]
NAUTILUS=>2021-06-09 21:10:55.317515: Cycle: 3, Best model val_accuracy: [0.8828522562980652, 0.8950701951980591, 0.8995355367660522, 0.9069330096244812, 0.9136077761650085]
NAUTILUS=>2021-06-09 21:10:55.605646: Completed active learning cycle. Elapsed time: 0:01:23.073734
NAUTILUS=>2021-06-09 21:10:55.605663: ========> Active learning cycle: 4
NAUTILUS=>2021-06-09 21:10:55.605667: Starting data loading
NAUTILUS=>2021-06-09 21:11:40.018709: Completed data loading. Elapsed time: 0:00:44.413042
NAUTILUS=>2021-06-09 21:11:40.018726: Starting model selection
NAUTILUS=>2021-06-09 21:11:40.018742: Materializing training data
NAUTILUS=>2021-06-09 21:11:40.247329: Completed materializing training data. Elapsed time: 0:00:00.228587
NAUTILUS=>2021-06-09 21:11:40.247339: Starting model training
NAUTILUS=>2021-06-09 21:13:14.845573: Completed model training. Elapsed time: 0:01:34.598234
NAUTILUS=>2021-06-09 21:13:14.845573: Cycle: 4, Model: 0, loss: [0.9310351610183716, 0.5274353623390198, 0.37478721141815186, 0.28210583329200745, 0.2220424860715866]
NAUTILUS=>2021-06-09 21:13:14.845573: Cycle: 4, Model: 0, accuracy: [0.6820001006126404, 0.8084259629249573, 0.8710758686065674, 0.9058571457862854, 0.9274370670318604]
NAUTILUS=>2021-06-09 21:13:14.845573: Cycle: 4, Model: 0, val_loss: [0.3199591338634491, 0.252529501914978, 0.2687457799911499, 0.2459704577922821, 0.24149514734745026]
NAUTILUS=>2021-06-09 21:13:14.845573: Cycle: 4, Model: 0, val_accuracy: [0.881357729434967, 0.9091299176216125, 0.9156813025474548, 0.9164987206459045, 0.9243326783180237]
NAUTILUS=>2021-06-09 21:13:14.845617: Starting to generating the best model
NAUTILUS=>2021-06-09 21:13:21.892151: Completed generating the best model. Elapsed time: 0:00:07.046534
NAUTILUS=>2021-06-09 21:13:21.892151: Cycle: 4, Best Model: 0
NAUTILUS=>2021-06-09 21:13:21.892151: Cycle: 4, Best model loss: [0.9310351610183716, 0.5274353623390198, 0.37478721141815186, 0.28210583329200745, 0.2220424860715866]
NAUTILUS=>2021-06-09 21:13:21.892151: Cycle: 4, Best model accuracy: [0.6820001006126404, 0.8084259629249573, 0.8710758686065674, 0.9058571457862854, 0.9274370670318604]
NAUTILUS=>2021-06-09 21:13:21.892151: Cycle: 4, Best model val_loss: [0.3199591338634491, 0.252529501914978, 0.2687457799911499, 0.2459704577922821, 0.24149514734745026]
NAUTILUS=>2021-06-09 21:13:21.892151: Cycle: 4, Best model val_accuracy: [0.881357729434967, 0.9091299176216125, 0.9156813025474548, 0.9164987206459045, 0.9243326783180237]
NAUTILUS=>2021-06-09 21:13:22.178273: Completed active learning cycle. Elapsed time: 0:01:42.159547
NAUTILUS=>2021-06-09 21:13:22.178290: ========> Active learning cycle: 5
NAUTILUS=>2021-06-09 21:13:22.178294: Starting data loading
NAUTILUS=>2021-06-09 21:13:58.252495: Completed data loading. Elapsed time: 0:00:36.074201
NAUTILUS=>2021-06-09 21:13:58.252511: Starting model selection
NAUTILUS=>2021-06-09 21:13:58.252526: Materializing training data
NAUTILUS=>2021-06-09 21:13:58.477988: Completed materializing training data. Elapsed time: 0:00:00.225462
NAUTILUS=>2021-06-09 21:13:58.477998: Starting model training
NAUTILUS=>2021-06-09 21:15:51.807670: Completed model training. Elapsed time: 0:01:53.329672
NAUTILUS=>2021-06-09 21:15:51.807670: Cycle: 5, Model: 0, loss: [0.8705782294273376, 0.4843384325504303, 0.3648372292518616, 0.2630650997161865, 0.1942426860332489]
NAUTILUS=>2021-06-09 21:15:51.807670: Cycle: 5, Model: 0, accuracy: [0.6950788497924805, 0.832629382610321, 0.8735767602920532, 0.9103432297706604, 0.9395706653594971]
NAUTILUS=>2021-06-09 21:15:51.807670: Cycle: 5, Model: 0, val_loss: [0.2951664626598358, 0.2522805333137512, 0.23962315917015076, 0.23564544320106506, 0.25555771589279175]
NAUTILUS=>2021-06-09 21:15:51.807670: Cycle: 5, Model: 0, val_accuracy: [0.8916879296302795, 0.9133204817771912, 0.9215137362480164, 0.9173468351364136, 0.9187820553779602]
NAUTILUS=>2021-06-09 21:15:51.807715: Starting to generating the best model
NAUTILUS=>2021-06-09 21:15:58.862625: Completed generating the best model. Elapsed time: 0:00:07.054910
NAUTILUS=>2021-06-09 21:15:58.862625: Cycle: 5, Best Model: 0
NAUTILUS=>2021-06-09 21:15:58.862625: Cycle: 5, Best model loss: [0.8705782294273376, 0.4843384325504303, 0.3648372292518616, 0.2630650997161865, 0.1942426860332489]
NAUTILUS=>2021-06-09 21:15:58.862625: Cycle: 5, Best model accuracy: [0.6950788497924805, 0.832629382610321, 0.8735767602920532, 0.9103432297706604, 0.9395706653594971]
NAUTILUS=>2021-06-09 21:15:58.862625: Cycle: 5, Best model val_loss: [0.2951664626598358, 0.2522805333137512, 0.23962315917015076, 0.23564544320106506, 0.25555771589279175]
NAUTILUS=>2021-06-09 21:15:58.862625: Cycle: 5, Best model val_accuracy: [0.8916879296302795, 0.9133204817771912, 0.9215137362480164, 0.9173468351364136, 0.9187820553779602]
NAUTILUS=>2021-06-09 21:15:59.148239: Completed active learning cycle. Elapsed time: 0:02:00.895728
NAUTILUS=>2021-06-09 21:15:59.148256: ========> Active learning cycle: 6
NAUTILUS=>2021-06-09 21:15:59.148260: Starting data loading
NAUTILUS=>2021-06-09 21:16:39.508229: Completed data loading. Elapsed time: 0:00:40.359969
NAUTILUS=>2021-06-09 21:16:39.508246: Starting model selection
NAUTILUS=>2021-06-09 21:16:39.508260: Materializing training data
NAUTILUS=>2021-06-09 21:16:39.735272: Completed materializing training data. Elapsed time: 0:00:00.227012
NAUTILUS=>2021-06-09 21:16:39.735283: Starting model training
NAUTILUS=>2021-06-09 21:18:53.318365: Completed model training. Elapsed time: 0:02:13.583082
NAUTILUS=>2021-06-09 21:18:53.318365: Cycle: 6, Model: 0, loss: [0.7821237444877625, 0.4560748338699341, 0.34146201610565186, 0.24054598808288574, 0.17656312882900238]
NAUTILUS=>2021-06-09 21:18:53.318365: Cycle: 6, Model: 0, accuracy: [0.7363547086715698, 0.8426153063774109, 0.8838358521461487, 0.9188840985298157, 0.9418019652366638]
NAUTILUS=>2021-06-09 21:18:53.318365: Cycle: 6, Model: 0, val_loss: [0.30053067207336426, 0.22791053354740143, 0.2053675651550293, 0.24172411859035492, 0.21723775565624237]
NAUTILUS=>2021-06-09 21:18:53.318365: Cycle: 6, Model: 0, val_accuracy: [0.8945505619049072, 0.9243260622024536, 0.9291353225708008, 0.9271458983421326, 0.9356260299682617]
NAUTILUS=>2021-06-09 21:18:53.318409: Starting to generating the best model
NAUTILUS=>2021-06-09 21:19:00.317498: Completed generating the best model. Elapsed time: 0:00:06.999089
NAUTILUS=>2021-06-09 21:19:00.317498: Cycle: 6, Best Model: 0
NAUTILUS=>2021-06-09 21:19:00.317498: Cycle: 6, Best model loss: [0.7821237444877625, 0.4560748338699341, 0.34146201610565186, 0.24054598808288574, 0.17656312882900238]
NAUTILUS=>2021-06-09 21:19:00.317498: Cycle: 6, Best model accuracy: [0.7363547086715698, 0.8426153063774109, 0.8838358521461487, 0.9188840985298157, 0.9418019652366638]
NAUTILUS=>2021-06-09 21:19:00.317498: Cycle: 6, Best model val_loss: [0.30053067207336426, 0.22791053354740143, 0.2053675651550293, 0.24172411859035492, 0.21723775565624237]
NAUTILUS=>2021-06-09 21:19:00.317498: Cycle: 6, Best model val_accuracy: [0.8945505619049072, 0.9243260622024536, 0.9291353225708008, 0.9271458983421326, 0.9356260299682617]
NAUTILUS=>2021-06-09 21:19:00.604794: Completed active learning cycle. Elapsed time: 0:02:21.096548
NAUTILUS=>2021-06-09 21:19:00.604812: ========> Active learning cycle: 7
NAUTILUS=>2021-06-09 21:19:00.604816: Starting data loading
NAUTILUS=>2021-06-09 21:19:33.229964: Completed data loading. Elapsed time: 0:00:32.625148
NAUTILUS=>2021-06-09 21:19:33.229981: Starting model selection
NAUTILUS=>2021-06-09 21:19:33.229995: Materializing training data
NAUTILUS=>2021-06-09 21:19:33.456970: Completed materializing training data. Elapsed time: 0:00:00.226975
NAUTILUS=>2021-06-09 21:19:33.456981: Starting model training
NAUTILUS=>2021-06-09 21:22:05.404969: Completed model training. Elapsed time: 0:02:31.947988
NAUTILUS=>2021-06-09 21:22:05.404969: Cycle: 7, Model: 0, loss: [0.7158113121986389, 0.4145285487174988, 0.30184072256088257, 0.2144135981798172, 0.15639635920524597]
NAUTILUS=>2021-06-09 21:22:05.404969: Cycle: 7, Model: 0, accuracy: [0.7478106617927551, 0.8519712686538696, 0.8949820399284363, 0.9273908138275146, 0.9487240314483643]
NAUTILUS=>2021-06-09 21:22:05.404969: Cycle: 7, Model: 0, val_loss: [0.24255409836769104, 0.2063114494085312, 0.204238623380661, 0.20280663669109344, 0.204558864235878]
NAUTILUS=>2021-06-09 21:22:05.404969: Cycle: 7, Model: 0, val_accuracy: [0.9124501943588257, 0.9288287162780762, 0.9348369240760803, 0.9387280941009521, 0.935883104801178]
NAUTILUS=>2021-06-09 21:22:05.405013: Starting to generating the best model
NAUTILUS=>2021-06-09 21:22:12.407241: Completed generating the best model. Elapsed time: 0:00:07.002228
NAUTILUS=>2021-06-09 21:22:12.407241: Cycle: 7, Best Model: 0
NAUTILUS=>2021-06-09 21:22:12.407241: Cycle: 7, Best model loss: [0.7158113121986389, 0.4145285487174988, 0.30184072256088257, 0.2144135981798172, 0.15639635920524597]
NAUTILUS=>2021-06-09 21:22:12.407241: Cycle: 7, Best model accuracy: [0.7478106617927551, 0.8519712686538696, 0.8949820399284363, 0.9273908138275146, 0.9487240314483643]
NAUTILUS=>2021-06-09 21:22:12.407241: Cycle: 7, Best model val_loss: [0.24255409836769104, 0.2063114494085312, 0.204238623380661, 0.20280663669109344, 0.204558864235878]
NAUTILUS=>2021-06-09 21:22:12.407241: Cycle: 7, Best model val_accuracy: [0.9124501943588257, 0.9288287162780762, 0.9348369240760803, 0.9387280941009521, 0.935883104801178]
NAUTILUS=>2021-06-09 21:22:12.702794: Completed active learning cycle. Elapsed time: 0:02:39.472813
NAUTILUS=>2021-06-09 21:22:12.702811: ========> Active learning cycle: 8
NAUTILUS=>2021-06-09 21:22:12.702815: Starting data loading
NAUTILUS=>2021-06-09 21:22:48.835936: Completed data loading. Elapsed time: 0:00:36.133121
NAUTILUS=>2021-06-09 21:22:48.835954: Starting model selection
NAUTILUS=>2021-06-09 21:22:48.835969: Materializing training data
NAUTILUS=>2021-06-09 21:22:49.068309: Completed materializing training data. Elapsed time: 0:00:00.232340
NAUTILUS=>2021-06-09 21:22:49.068321: Starting model training
NAUTILUS=>2021-06-09 21:25:41.549969: Completed model training. Elapsed time: 0:02:52.481648
NAUTILUS=>2021-06-09 21:25:41.549969: Cycle: 8, Model: 0, loss: [0.6679090857505798, 0.3832748532295227, 0.28893089294433594, 0.21026381850242615, 0.14816033840179443]
NAUTILUS=>2021-06-09 21:25:41.549969: Cycle: 8, Model: 0, accuracy: [0.7660524249076843, 0.8662323951721191, 0.898578941822052, 0.9302430748939514, 0.9494640827178955]
NAUTILUS=>2021-06-09 21:25:41.549969: Cycle: 8, Model: 0, val_loss: [0.24139820039272308, 0.20534472167491913, 0.180109903216362, 0.1987348198890686, 0.18595322966575623]
NAUTILUS=>2021-06-09 21:25:41.549969: Cycle: 8, Model: 0, val_accuracy: [0.9110164046287537, 0.9237481951713562, 0.9376458525657654, 0.9307477474212646, 0.9432650208473206]
NAUTILUS=>2021-06-09 21:25:41.550025: Starting to generating the best model
NAUTILUS=>2021-06-09 21:25:48.665646: Completed generating the best model. Elapsed time: 0:00:07.115621
NAUTILUS=>2021-06-09 21:25:48.665646: Cycle: 8, Best Model: 0
NAUTILUS=>2021-06-09 21:25:48.665646: Cycle: 8, Best model loss: [0.6679090857505798, 0.3832748532295227, 0.28893089294433594, 0.21026381850242615, 0.14816033840179443]
NAUTILUS=>2021-06-09 21:25:48.665646: Cycle: 8, Best model accuracy: [0.7660524249076843, 0.8662323951721191, 0.898578941822052, 0.9302430748939514, 0.9494640827178955]
NAUTILUS=>2021-06-09 21:25:48.665646: Cycle: 8, Best model val_loss: [0.24139820039272308, 0.20534472167491913, 0.180109903216362, 0.1987348198890686, 0.18595322966575623]
NAUTILUS=>2021-06-09 21:25:48.665646: Cycle: 8, Best model val_accuracy: [0.9110164046287537, 0.9237481951713562, 0.9376458525657654, 0.9307477474212646, 0.9432650208473206]
NAUTILUS=>2021-06-09 21:25:48.954500: Completed active learning cycle. Elapsed time: 0:03:00.118546
NAUTILUS=>2021-06-09 21:25:48.954518: ========> Active learning cycle: 9
NAUTILUS=>2021-06-09 21:25:48.954521: Starting data loading
NAUTILUS=>2021-06-09 21:26:18.120260: Completed data loading. Elapsed time: 0:00:29.165739
NAUTILUS=>2021-06-09 21:26:18.120278: Starting model selection
NAUTILUS=>2021-06-09 21:26:18.120292: Materializing training data
NAUTILUS=>2021-06-09 21:26:18.352844: Completed materializing training data. Elapsed time: 0:00:00.232552
NAUTILUS=>2021-06-09 21:26:18.352857: Starting model training
NAUTILUS=>2021-06-09 21:29:29.749316: Completed model training. Elapsed time: 0:03:11.396459
NAUTILUS=>2021-06-09 21:29:29.749316: Cycle: 9, Model: 0, loss: [0.6054337620735168, 0.3618113398551941, 0.2659361958503723, 0.1938260793685913, 0.1346411108970642]
NAUTILUS=>2021-06-09 21:29:29.749316: Cycle: 9, Model: 0, accuracy: [0.7888908982276917, 0.8712850213050842, 0.9111747741699219, 0.9365867376327515, 0.9576254487037659]
NAUTILUS=>2021-06-09 21:29:29.749316: Cycle: 9, Model: 0, val_loss: [0.23554053902626038, 0.23208054900169373, 0.18186835944652557, 0.1888277381658554, 0.17959259450435638]
NAUTILUS=>2021-06-09 21:29:29.749316: Cycle: 9, Model: 0, val_accuracy: [0.912839412689209, 0.9194891452789307, 0.940822958946228, 0.9435871243476868, 0.9464356899261475]
NAUTILUS=>2021-06-09 21:29:29.749360: Starting to generating the best model
NAUTILUS=>2021-06-09 21:29:36.769428: Completed generating the best model. Elapsed time: 0:00:07.020068
NAUTILUS=>2021-06-09 21:29:36.769428: Cycle: 9, Best Model: 0
NAUTILUS=>2021-06-09 21:29:36.769428: Cycle: 9, Best model loss: [0.6054337620735168, 0.3618113398551941, 0.2659361958503723, 0.1938260793685913, 0.1346411108970642]
NAUTILUS=>2021-06-09 21:29:36.769428: Cycle: 9, Best model accuracy: [0.7888908982276917, 0.8712850213050842, 0.9111747741699219, 0.9365867376327515, 0.9576254487037659]
NAUTILUS=>2021-06-09 21:29:36.769428: Cycle: 9, Best model val_loss: [0.23554053902626038, 0.23208054900169373, 0.18186835944652557, 0.1888277381658554, 0.17959259450435638]
NAUTILUS=>2021-06-09 21:29:36.769428: Cycle: 9, Best model val_accuracy: [0.912839412689209, 0.9194891452789307, 0.940822958946228, 0.9435871243476868, 0.9464356899261475]
NAUTILUS=>2021-06-09 21:29:37.064140: Completed active learning cycle. Elapsed time: 0:03:18.943862
NAUTILUS=>2021-06-09 21:29:37.064158: ========> Active learning cycle: 10
NAUTILUS=>2021-06-09 21:29:37.064162: Starting data loading
NAUTILUS=>2021-06-09 21:30:08.988589: Completed data loading. Elapsed time: 0:00:31.924427
NAUTILUS=>2021-06-09 21:30:08.988606: Starting model selection
NAUTILUS=>2021-06-09 21:30:08.988620: Materializing training data
NAUTILUS=>2021-06-09 21:30:09.217923: Completed materializing training data. Elapsed time: 0:00:00.229303
NAUTILUS=>2021-06-09 21:30:09.217934: Starting model training
NAUTILUS=>2021-06-09 21:33:39.386556: Completed model training. Elapsed time: 0:03:30.168622
NAUTILUS=>2021-06-09 21:33:39.386556: Cycle: 10, Model: 0, loss: [0.5417057275772095, 0.3222842216491699, 0.2414543181657791, 0.16831830143928528, 0.11159244179725647]
NAUTILUS=>2021-06-09 21:33:39.386556: Cycle: 10, Model: 0, accuracy: [0.8062642812728882, 0.883224606513977, 0.9154291749000549, 0.9437541365623474, 0.9636660814285278]
NAUTILUS=>2021-06-09 21:33:39.386556: Cycle: 10, Model: 0, val_loss: [0.24725204706192017, 0.1965125948190689, 0.17264673113822937, 0.17684119939804077, 0.1767808198928833]
NAUTILUS=>2021-06-09 21:33:39.386556: Cycle: 10, Model: 0, val_accuracy: [0.9139606952667236, 0.9292172789573669, 0.9437271356582642, 0.9449101090431213, 0.9465836882591248]
NAUTILUS=>2021-06-09 21:33:39.386600: Starting to generating the best model
NAUTILUS=>2021-06-09 21:33:46.370036: Completed generating the best model. Elapsed time: 0:00:06.983436
NAUTILUS=>2021-06-09 21:33:46.370036: Cycle: 10, Best Model: 0
NAUTILUS=>2021-06-09 21:33:46.370036: Cycle: 10, Best model loss: [0.5417057275772095, 0.3222842216491699, 0.2414543181657791, 0.16831830143928528, 0.11159244179725647]
NAUTILUS=>2021-06-09 21:33:46.370036: Cycle: 10, Best model accuracy: [0.8062642812728882, 0.883224606513977, 0.9154291749000549, 0.9437541365623474, 0.9636660814285278]
NAUTILUS=>2021-06-09 21:33:46.370036: Cycle: 10, Best model val_loss: [0.24725204706192017, 0.1965125948190689, 0.17264673113822937, 0.17684119939804077, 0.1767808198928833]
NAUTILUS=>2021-06-09 21:33:46.370036: Cycle: 10, Best model val_accuracy: [0.9139606952667236, 0.9292172789573669, 0.9437271356582642, 0.9449101090431213, 0.9465836882591248]
NAUTILUS=>2021-06-09 21:33:46.657456: Completed active learning cycle. Elapsed time: 0:03:37.668850
NAUTILUS=>2021-06-09 21:33:46.657474: Workload completed. Elapsed time: 0:28:08.533946
