NAUTILUS=>2021-06-10 15:00:32.875212: Starting workload
NAUTILUS=>2021-06-10 15:00:32.875212: RANDOM_SEED: 2020
NAUTILUS=>2021-06-10 15:00:32.875212: VERY_LARGE_VALUE: 1000000000000000.0
NAUTILUS=>2021-06-10 15:00:32.875212: NO_MAT_OPT: False
NAUTILUS=>2021-06-10 15:00:32.875212: MODE: ftr3-2
NAUTILUS=>2021-06-10 15:00:32.875212: STORAGE_PATH: ./storage
NAUTILUS=>2021-06-10 15:00:32.875212: NO_FUSE_OPT: False
NAUTILUS=>2021-06-10 15:00:32.875212: NUM_EPOCHS: 5
NAUTILUS=>2021-06-10 15:00:32.875212: MAX_NUM_RECORDS: 5000
NAUTILUS=>2021-06-10 15:00:32.875212: ACTIVE_LEARNING_BATCH_SIZE: 500
NAUTILUS=>2021-06-10 15:00:32.875212: VALID_FRACTION: 0.2
NAUTILUS=>2021-06-10 15:00:32.875212: SAMPLING_STRATERGY: uncertainty
NAUTILUS=>2021-06-10 15:00:32.875212: NO_PRETRAINING: False
NAUTILUS=>2021-06-10 15:00:32.875212: STORAGE_BUDGET: 25
NAUTILUS=>2021-06-10 15:00:32.875212: MEMORY_BUDGET: 10
NAUTILUS=>2021-06-10 15:00:32.875212: WORKSPACE_MEMORY: 1
NAUTILUS=>2021-06-10 15:00:32.875212: COMPUTE_THROUGHPUT: 6
NAUTILUS=>2021-06-10 15:00:32.875212: DISK_THROUGHPUT: 500
NAUTILUS=>2021-06-10 15:00:32.875212: SHUFFLE_BUFFER_SIZE: 10000
NAUTILUS=>2021-06-10 15:00:32.875260: Starting system initialization
NAUTILUS=>2021-06-10 15:00:33.466552: Starting model profiling
NAUTILUS=>2021-06-10 15:00:56.707460: Completed model profiling. Elapsed time: 0:00:23.240905
NAUTILUS=>2021-06-10 15:00:56.707460: Model parameters
NAUTILUS=>2021-06-10 15:00:56.707518: Generating optimized model selection plan
NAUTILUS=>2021-06-10 15:00:56.738721: Materialized layers candidates: tf_op_layer_strided_slice,tf_op_layer_Cast,tf_op_layer_Sub,tf_op_layer_Mul,layer_9
NAUTILUS=>2021-06-10 15:00:56.755911: Used materialized layers: layer_9
NAUTILUS=>2021-06-10 15:00:56.755911: Model training plan: {"0_1": {"models": ["0", "1"], "output_layers": ["0/classifier", "1/classifier"], "flops_consumption": 623662919575000.0, "compute_flops": 511016435200000.0, "load_flops": 112646484375000.0, "memory_consumption": 2.3011202849447727, "used_materialized_layers": ["layer_9"], "batch_size": 16, "num_epochs": [5, 5], "flops_reduction": 252692865175000.0, "merged_models": ["0", "1"]}}
NAUTILUS=>2021-06-10 15:00:56.756008: Completed generating optimized model selection plan. Elapsed time: 0:00:00.048490
NAUTILUS=>2021-06-10 15:00:56.756015: Generating fused models
NAUTILUS=>2021-06-10 15:01:05.159334: Completed generating fused models. Elapsed time: 0:00:08.403318
NAUTILUS=>2021-06-10 15:01:05.159334: Current Practice FLOPs: 298276079360.0
NAUTILUS=>2021-06-10 15:01:05.159334: Optimal FLOPs: 74194010880.0
NAUTILUS=>2021-06-10 15:01:05.159334: Theoretical Speedup: 4.020217748335861
NAUTILUS=>2021-06-10 15:01:05.209425: Completed system initialization. Elapsed time: 0:00:32.334165
NAUTILUS=>2021-06-10 15:01:05.209448: ========> Active learning cycle: 1
NAUTILUS=>2021-06-10 15:01:05.209453: Starting data loading
NAUTILUS=>2021-06-10 15:01:21.821849: Completed data loading. Elapsed time: 0:00:16.612396
NAUTILUS=>2021-06-10 15:01:21.821873: Starting model selection
NAUTILUS=>2021-06-10 15:01:21.821893: Materializing training data
NAUTILUS=>2021-06-10 15:01:22.063857: Completed materializing training data. Elapsed time: 0:00:00.241964
NAUTILUS=>2021-06-10 15:01:22.063872: Generating intermediate features
NAUTILUS=>2021-06-10 15:01:30.629589: Completed generating intermediate features. Elapsed time: 0:00:08.565717
NAUTILUS=>2021-06-10 15:01:30.629608: Starting model training
NAUTILUS=>2021-06-10 15:01:52.048838: Completed model training. Elapsed time: 0:00:21.419230
NAUTILUS=>2021-06-10 15:01:52.048838: Cycle: 1, Model: 0, loss: [0.828880786895752, 0.2970869839191437, 0.19052249193191528, 0.12513619661331177, 0.08048415929079056]
NAUTILUS=>2021-06-10 15:01:52.048838: Cycle: 1, Model: 0, accuracy: [0.7468414902687073, 0.8900124430656433, 0.9346765279769897, 0.9563759565353394, 0.9700300097465515]
NAUTILUS=>2021-06-10 15:01:52.048838: Cycle: 1, Model: 0, val_loss: [0.4639214277267456, 0.41468510031700134, 0.3532772362232208, 0.393357515335083, 0.37415382266044617]
NAUTILUS=>2021-06-10 15:01:52.048838: Cycle: 1, Model: 0, val_accuracy: [0.8359349966049194, 0.8561877608299255, 0.8714163899421692, 0.8704221248626709, 0.8852939605712891]
NAUTILUS=>2021-06-10 15:01:52.048838: Cycle: 1, Model: 1, loss: [1.004594087600708, 0.4065803289413452, 0.28088250756263733, 0.1944686472415924, 0.1432686597108841]
NAUTILUS=>2021-06-10 15:01:52.048838: Cycle: 1, Model: 1, accuracy: [0.7063083052635193, 0.8641493320465088, 0.9058865904808044, 0.9262921214103699, 0.9485536217689514]
NAUTILUS=>2021-06-10 15:01:52.048838: Cycle: 1, Model: 1, val_loss: [0.5762648582458496, 0.4119472801685333, 0.3756779432296753, 0.36078959703445435, 0.3656114339828491]
NAUTILUS=>2021-06-10 15:01:52.048838: Cycle: 1, Model: 1, val_accuracy: [0.8098840117454529, 0.8507524728775024, 0.8563680052757263, 0.869193971157074, 0.8720411062240601]
NAUTILUS=>2021-06-10 15:01:52.048902: Starting to generating the best model
NAUTILUS=>2021-06-10 15:01:57.960889: Completed generating the best model. Elapsed time: 0:00:05.911987
NAUTILUS=>2021-06-10 15:01:57.960889: Cycle: 1, Best Model: 0
NAUTILUS=>2021-06-10 15:01:57.960889: Cycle: 1, Best model loss: [0.828880786895752, 0.2970869839191437, 0.19052249193191528, 0.12513619661331177, 0.08048415929079056]
NAUTILUS=>2021-06-10 15:01:57.960889: Cycle: 1, Best model accuracy: [0.7468414902687073, 0.8900124430656433, 0.9346765279769897, 0.9563759565353394, 0.9700300097465515]
NAUTILUS=>2021-06-10 15:01:57.960889: Cycle: 1, Best model val_loss: [0.4639214277267456, 0.41468510031700134, 0.3532772362232208, 0.393357515335083, 0.37415382266044617]
NAUTILUS=>2021-06-10 15:01:57.960889: Cycle: 1, Best model val_accuracy: [0.8359349966049194, 0.8561877608299255, 0.8714163899421692, 0.8704221248626709, 0.8852939605712891]
NAUTILUS=>2021-06-10 15:01:58.253332: Completed active learning cycle. Elapsed time: 0:00:36.431459
NAUTILUS=>2021-06-10 15:01:58.253354: ========> Active learning cycle: 2
NAUTILUS=>2021-06-10 15:01:58.253359: Starting data loading
NAUTILUS=>2021-06-10 15:02:46.771892: Completed data loading. Elapsed time: 0:00:48.518533
NAUTILUS=>2021-06-10 15:02:46.771910: Starting model selection
NAUTILUS=>2021-06-10 15:02:46.771923: Materializing training data
NAUTILUS=>2021-06-10 15:02:47.005433: Completed materializing training data. Elapsed time: 0:00:00.233510
NAUTILUS=>2021-06-10 15:02:47.005443: Generating intermediate features
NAUTILUS=>2021-06-10 15:02:55.569025: Completed generating intermediate features. Elapsed time: 0:00:08.563582
NAUTILUS=>2021-06-10 15:02:55.569044: Starting model training
NAUTILUS=>2021-06-10 15:03:27.357783: Completed model training. Elapsed time: 0:00:31.788739
NAUTILUS=>2021-06-10 15:03:27.357783: Cycle: 2, Model: 0, loss: [0.9820089936256409, 0.42822322249412537, 0.274488627910614, 0.19114267826080322, 0.12522202730178833]
NAUTILUS=>2021-06-10 15:03:27.357783: Cycle: 2, Model: 0, accuracy: [0.6411345601081848, 0.8296785950660706, 0.8881787657737732, 0.9303540587425232, 0.9543465375900269]
NAUTILUS=>2021-06-10 15:03:27.357783: Cycle: 2, Model: 0, val_loss: [0.3782179355621338, 0.347052663564682, 0.2961651086807251, 0.28355544805526733, 0.3051360845565796]
NAUTILUS=>2021-06-10 15:03:27.357783: Cycle: 2, Model: 0, val_accuracy: [0.8639460802078247, 0.8841715455055237, 0.9048786163330078, 0.9142364263534546, 0.9139883518218994]
NAUTILUS=>2021-06-10 15:03:27.357783: Cycle: 2, Model: 1, loss: [1.031630516052246, 0.49598366022109985, 0.338368684053421, 0.2519090175628662, 0.17347869277000427]
NAUTILUS=>2021-06-10 15:03:27.357783: Cycle: 2, Model: 1, accuracy: [0.6214208006858826, 0.8046935200691223, 0.8720493316650391, 0.9077181816101074, 0.9331250190734863]
NAUTILUS=>2021-06-10 15:03:27.357783: Cycle: 2, Model: 1, val_loss: [0.4488494098186493, 0.3552568852901459, 0.2943028211593628, 0.28837546706199646, 0.27607962489128113]
NAUTILUS=>2021-06-10 15:03:27.357783: Cycle: 2, Model: 1, val_accuracy: [0.8425663709640503, 0.8833434581756592, 0.8984968066215515, 0.9134674668312073, 0.9148668646812439]
NAUTILUS=>2021-06-10 15:03:27.357844: Starting to generating the best model
NAUTILUS=>2021-06-10 15:03:33.232497: Completed generating the best model. Elapsed time: 0:00:05.874653
NAUTILUS=>2021-06-10 15:03:33.232497: Cycle: 2, Best Model: 1
NAUTILUS=>2021-06-10 15:03:33.232497: Cycle: 2, Best model loss: [1.031630516052246, 0.49598366022109985, 0.338368684053421, 0.2519090175628662, 0.17347869277000427]
NAUTILUS=>2021-06-10 15:03:33.232497: Cycle: 2, Best model accuracy: [0.6214208006858826, 0.8046935200691223, 0.8720493316650391, 0.9077181816101074, 0.9331250190734863]
NAUTILUS=>2021-06-10 15:03:33.232497: Cycle: 2, Best model val_loss: [0.4488494098186493, 0.3552568852901459, 0.2943028211593628, 0.28837546706199646, 0.27607962489128113]
NAUTILUS=>2021-06-10 15:03:33.232497: Cycle: 2, Best model val_accuracy: [0.8425663709640503, 0.8833434581756592, 0.8984968066215515, 0.9134674668312073, 0.9148668646812439]
NAUTILUS=>2021-06-10 15:03:33.525329: Completed active learning cycle. Elapsed time: 0:00:46.753419
NAUTILUS=>2021-06-10 15:03:33.525348: ========> Active learning cycle: 3
NAUTILUS=>2021-06-10 15:03:33.525352: Starting data loading
NAUTILUS=>2021-06-10 15:04:13.118543: Completed data loading. Elapsed time: 0:00:39.593191
NAUTILUS=>2021-06-10 15:04:13.118561: Starting model selection
NAUTILUS=>2021-06-10 15:04:13.118576: Materializing training data
NAUTILUS=>2021-06-10 15:04:13.353667: Completed materializing training data. Elapsed time: 0:00:00.235091
NAUTILUS=>2021-06-10 15:04:13.353678: Generating intermediate features
NAUTILUS=>2021-06-10 15:04:21.890120: Completed generating intermediate features. Elapsed time: 0:00:08.536442
NAUTILUS=>2021-06-10 15:04:21.890139: Starting model training
NAUTILUS=>2021-06-10 15:05:04.171320: Completed model training. Elapsed time: 0:00:42.281181
NAUTILUS=>2021-06-10 15:05:04.171320: Cycle: 3, Model: 0, loss: [1.0503240823745728, 0.5038192272186279, 0.34329545497894287, 0.27409419417381287, 0.18432031571865082]
NAUTILUS=>2021-06-10 15:05:04.171320: Cycle: 3, Model: 0, accuracy: [0.6394216418266296, 0.8110025525093079, 0.8757426142692566, 0.9025945067405701, 0.9401528835296631]
NAUTILUS=>2021-06-10 15:05:04.171320: Cycle: 3, Model: 0, val_loss: [0.36566832661628723, 0.2560340464115143, 0.27582311630249023, 0.31012752652168274, 0.2955993115901947]
NAUTILUS=>2021-06-10 15:05:04.171320: Cycle: 3, Model: 0, val_accuracy: [0.8686020970344543, 0.9100136160850525, 0.9169734716415405, 0.9171760082244873, 0.9122934937477112]
NAUTILUS=>2021-06-10 15:05:04.171320: Cycle: 3, Model: 1, loss: [1.0786219835281372, 0.5533127784729004, 0.4114153981208801, 0.3229483664035797, 0.24406537413597107]
NAUTILUS=>2021-06-10 15:05:04.171320: Cycle: 3, Model: 1, accuracy: [0.6122634410858154, 0.7813418507575989, 0.846768319606781, 0.8865628838539124, 0.9208267331123352]
NAUTILUS=>2021-06-10 15:05:04.171320: Cycle: 3, Model: 1, val_loss: [0.38938480615615845, 0.3041931986808777, 0.2628311812877655, 0.2745210826396942, 0.25541335344314575]
NAUTILUS=>2021-06-10 15:05:04.171320: Cycle: 3, Model: 1, val_accuracy: [0.8718843460083008, 0.8965688347816467, 0.9098889231681824, 0.9124472141265869, 0.9129377007484436]
NAUTILUS=>2021-06-10 15:05:04.171380: Starting to generating the best model
NAUTILUS=>2021-06-10 15:05:10.064488: Completed generating the best model. Elapsed time: 0:00:05.893108
NAUTILUS=>2021-06-10 15:05:10.064488: Cycle: 3, Best Model: 1
NAUTILUS=>2021-06-10 15:05:10.064488: Cycle: 3, Best model loss: [1.0786219835281372, 0.5533127784729004, 0.4114153981208801, 0.3229483664035797, 0.24406537413597107]
NAUTILUS=>2021-06-10 15:05:10.064488: Cycle: 3, Best model accuracy: [0.6122634410858154, 0.7813418507575989, 0.846768319606781, 0.8865628838539124, 0.9208267331123352]
NAUTILUS=>2021-06-10 15:05:10.064488: Cycle: 3, Best model val_loss: [0.38938480615615845, 0.3041931986808777, 0.2628311812877655, 0.2745210826396942, 0.25541335344314575]
NAUTILUS=>2021-06-10 15:05:10.064488: Cycle: 3, Best model val_accuracy: [0.8718843460083008, 0.8965688347816467, 0.9098889231681824, 0.9124472141265869, 0.9129377007484436]
NAUTILUS=>2021-06-10 15:05:10.353897: Completed active learning cycle. Elapsed time: 0:00:57.235336
NAUTILUS=>2021-06-10 15:05:10.353914: ========> Active learning cycle: 4
NAUTILUS=>2021-06-10 15:05:10.353917: Starting data loading
NAUTILUS=>2021-06-10 15:05:54.906081: Completed data loading. Elapsed time: 0:00:44.552164
NAUTILUS=>2021-06-10 15:05:54.906099: Starting model selection
NAUTILUS=>2021-06-10 15:05:54.906114: Materializing training data
NAUTILUS=>2021-06-10 15:05:55.146949: Completed materializing training data. Elapsed time: 0:00:00.240835
NAUTILUS=>2021-06-10 15:05:55.146961: Generating intermediate features
NAUTILUS=>2021-06-10 15:06:03.764983: Completed generating intermediate features. Elapsed time: 0:00:08.618022
NAUTILUS=>2021-06-10 15:06:03.765001: Starting model training
NAUTILUS=>2021-06-10 15:06:57.628746: Completed model training. Elapsed time: 0:00:53.863745
NAUTILUS=>2021-06-10 15:06:57.628746: Cycle: 4, Model: 0, loss: [0.9596703052520752, 0.5426236391067505, 0.3906387388706207, 0.297364205121994, 0.2247869372367859]
NAUTILUS=>2021-06-10 15:06:57.628746: Cycle: 4, Model: 0, accuracy: [0.6750210523605347, 0.8064690232276917, 0.8671517968177795, 0.9003514647483826, 0.9240975379943848]
NAUTILUS=>2021-06-10 15:06:57.628746: Cycle: 4, Model: 0, val_loss: [0.2978786528110504, 0.24785315990447998, 0.2531643211841583, 0.23843097686767578, 0.2697615325450897]
NAUTILUS=>2021-06-10 15:06:57.628746: Cycle: 4, Model: 0, val_accuracy: [0.8886531591415405, 0.9110644459724426, 0.9120538234710693, 0.9211224317550659, 0.916496992111206]
NAUTILUS=>2021-06-10 15:06:57.628746: Cycle: 4, Model: 1, loss: [0.9946258068084717, 0.5856354236602783, 0.43250057101249695, 0.349101185798645, 0.28593164682388306]
NAUTILUS=>2021-06-10 15:06:57.628746: Cycle: 4, Model: 1, accuracy: [0.6595574021339417, 0.7876559495925903, 0.8466192483901978, 0.882932722568512, 0.9077975749969482]
NAUTILUS=>2021-06-10 15:06:57.628746: Cycle: 4, Model: 1, val_loss: [0.3343241512775421, 0.26386570930480957, 0.23571373522281647, 0.23574811220169067, 0.2593853771686554]
NAUTILUS=>2021-06-10 15:06:57.628746: Cycle: 4, Model: 1, val_accuracy: [0.8835048675537109, 0.9073882102966309, 0.9193393588066101, 0.9188845157623291, 0.9140254259109497]
NAUTILUS=>2021-06-10 15:06:57.628807: Starting to generating the best model
NAUTILUS=>2021-06-10 15:07:03.557843: Completed generating the best model. Elapsed time: 0:00:05.929036
NAUTILUS=>2021-06-10 15:07:03.557843: Cycle: 4, Best Model: 0
NAUTILUS=>2021-06-10 15:07:03.557843: Cycle: 4, Best model loss: [0.9596703052520752, 0.5426236391067505, 0.3906387388706207, 0.297364205121994, 0.2247869372367859]
NAUTILUS=>2021-06-10 15:07:03.557843: Cycle: 4, Best model accuracy: [0.6750210523605347, 0.8064690232276917, 0.8671517968177795, 0.9003514647483826, 0.9240975379943848]
NAUTILUS=>2021-06-10 15:07:03.557843: Cycle: 4, Best model val_loss: [0.2978786528110504, 0.24785315990447998, 0.2531643211841583, 0.23843097686767578, 0.2697615325450897]
NAUTILUS=>2021-06-10 15:07:03.557843: Cycle: 4, Best model val_accuracy: [0.8886531591415405, 0.9110644459724426, 0.9120538234710693, 0.9211224317550659, 0.916496992111206]
NAUTILUS=>2021-06-10 15:07:03.853089: Completed active learning cycle. Elapsed time: 0:01:08.946990
NAUTILUS=>2021-06-10 15:07:03.853106: ========> Active learning cycle: 5
NAUTILUS=>2021-06-10 15:07:03.853110: Starting data loading
NAUTILUS=>2021-06-10 15:07:40.005397: Completed data loading. Elapsed time: 0:00:36.152287
NAUTILUS=>2021-06-10 15:07:40.005415: Starting model selection
NAUTILUS=>2021-06-10 15:07:40.005431: Materializing training data
NAUTILUS=>2021-06-10 15:07:40.243637: Completed materializing training data. Elapsed time: 0:00:00.238206
NAUTILUS=>2021-06-10 15:07:40.243653: Generating intermediate features
NAUTILUS=>2021-06-10 15:07:48.800566: Completed generating intermediate features. Elapsed time: 0:00:08.556913
NAUTILUS=>2021-06-10 15:07:48.800585: Starting model training
NAUTILUS=>2021-06-10 15:08:52.327214: Completed model training. Elapsed time: 0:01:03.526629
NAUTILUS=>2021-06-10 15:08:52.327214: Cycle: 5, Model: 0, loss: [0.8853709101676941, 0.4929724633693695, 0.3741864264011383, 0.2910918891429901, 0.20187334716320038]
NAUTILUS=>2021-06-10 15:08:52.327214: Cycle: 5, Model: 0, accuracy: [0.6910943984985352, 0.8278357982635498, 0.8678032159805298, 0.8984032273292542, 0.9364449977874756]
NAUTILUS=>2021-06-10 15:08:52.327214: Cycle: 5, Model: 0, val_loss: [0.29666340351104736, 0.2761925458908081, 0.23641595244407654, 0.22268258035182953, 0.22447094321250916]
NAUTILUS=>2021-06-10 15:08:52.327214: Cycle: 5, Model: 0, val_accuracy: [0.9021756649017334, 0.9035031199455261, 0.9187992215156555, 0.9251033067703247, 0.9289624094963074]
NAUTILUS=>2021-06-10 15:08:52.327214: Cycle: 5, Model: 1, loss: [0.9172696471214294, 0.5236733555793762, 0.40861284732818604, 0.3335857689380646, 0.26243314146995544]
NAUTILUS=>2021-06-10 15:08:52.327214: Cycle: 5, Model: 1, accuracy: [0.6801789999008179, 0.8120443820953369, 0.8575568199157715, 0.8861221671104431, 0.9159056544303894]
NAUTILUS=>2021-06-10 15:08:52.327214: Cycle: 5, Model: 1, val_loss: [0.32242444157600403, 0.2658641040325165, 0.24590930342674255, 0.22186532616615295, 0.22074246406555176]
NAUTILUS=>2021-06-10 15:08:52.327214: Cycle: 5, Model: 1, val_accuracy: [0.8974747061729431, 0.9082103967666626, 0.9177258014678955, 0.9220165014266968, 0.924018383026123]
NAUTILUS=>2021-06-10 15:08:52.327274: Starting to generating the best model
NAUTILUS=>2021-06-10 15:08:58.265565: Completed generating the best model. Elapsed time: 0:00:05.938291
NAUTILUS=>2021-06-10 15:08:58.265565: Cycle: 5, Best Model: 0
NAUTILUS=>2021-06-10 15:08:58.265565: Cycle: 5, Best model loss: [0.8853709101676941, 0.4929724633693695, 0.3741864264011383, 0.2910918891429901, 0.20187334716320038]
NAUTILUS=>2021-06-10 15:08:58.265565: Cycle: 5, Best model accuracy: [0.6910943984985352, 0.8278357982635498, 0.8678032159805298, 0.8984032273292542, 0.9364449977874756]
NAUTILUS=>2021-06-10 15:08:58.265565: Cycle: 5, Best model val_loss: [0.29666340351104736, 0.2761925458908081, 0.23641595244407654, 0.22268258035182953, 0.22447094321250916]
NAUTILUS=>2021-06-10 15:08:58.265565: Cycle: 5, Best model val_accuracy: [0.9021756649017334, 0.9035031199455261, 0.9187992215156555, 0.9251033067703247, 0.9289624094963074]
NAUTILUS=>2021-06-10 15:08:58.551722: Completed active learning cycle. Elapsed time: 0:01:18.546307
NAUTILUS=>2021-06-10 15:08:58.551739: ========> Active learning cycle: 6
NAUTILUS=>2021-06-10 15:08:58.551756: Starting data loading
NAUTILUS=>2021-06-10 15:09:39.002056: Completed data loading. Elapsed time: 0:00:40.450300
NAUTILUS=>2021-06-10 15:09:39.002074: Starting model selection
NAUTILUS=>2021-06-10 15:09:39.002088: Materializing training data
NAUTILUS=>2021-06-10 15:09:39.237326: Completed materializing training data. Elapsed time: 0:00:00.235238
NAUTILUS=>2021-06-10 15:09:39.237337: Generating intermediate features
NAUTILUS=>2021-06-10 15:09:47.740201: Completed generating intermediate features. Elapsed time: 0:00:08.502864
NAUTILUS=>2021-06-10 15:09:47.740220: Starting model training
NAUTILUS=>2021-06-10 15:11:02.013093: Completed model training. Elapsed time: 0:01:14.272873
NAUTILUS=>2021-06-10 15:11:02.013093: Cycle: 6, Model: 0, loss: [0.7816019654273987, 0.45842599868774414, 0.34616202116012573, 0.2614232897758484, 0.17335258424282074]
NAUTILUS=>2021-06-10 15:11:02.013093: Cycle: 6, Model: 0, accuracy: [0.731797993183136, 0.8392515182495117, 0.8807676434516907, 0.909263014793396, 0.9427666068077087]
NAUTILUS=>2021-06-10 15:11:02.013093: Cycle: 6, Model: 0, val_loss: [0.2611139714717865, 0.23148374259471893, 0.21995753049850464, 0.19530965387821198, 0.20256081223487854]
NAUTILUS=>2021-06-10 15:11:02.013093: Cycle: 6, Model: 0, val_accuracy: [0.9069599509239197, 0.9146952033042908, 0.9238062500953674, 0.932925820350647, 0.932982861995697]
NAUTILUS=>2021-06-10 15:11:02.013093: Cycle: 6, Model: 1, loss: [0.8246988654136658, 0.48053959012031555, 0.38363537192344666, 0.3041907548904419, 0.23908819258213043]
NAUTILUS=>2021-06-10 15:11:02.013093: Cycle: 6, Model: 1, accuracy: [0.7125089764595032, 0.8310571908950806, 0.864337682723999, 0.8957840204238892, 0.922522783279419]
NAUTILUS=>2021-06-10 15:11:02.013093: Cycle: 6, Model: 1, val_loss: [0.2823687195777893, 0.23432788252830505, 0.21511845290660858, 0.19315537810325623, 0.2013426274061203]
NAUTILUS=>2021-06-10 15:11:02.013093: Cycle: 6, Model: 1, val_accuracy: [0.8986539840698242, 0.9157578349113464, 0.9267829656600952, 0.9322687983512878, 0.930157482624054]
NAUTILUS=>2021-06-10 15:11:02.013154: Starting to generating the best model
NAUTILUS=>2021-06-10 15:11:07.879812: Completed generating the best model. Elapsed time: 0:00:05.866658
NAUTILUS=>2021-06-10 15:11:07.879812: Cycle: 6, Best Model: 0
NAUTILUS=>2021-06-10 15:11:07.879812: Cycle: 6, Best model loss: [0.7816019654273987, 0.45842599868774414, 0.34616202116012573, 0.2614232897758484, 0.17335258424282074]
NAUTILUS=>2021-06-10 15:11:07.879812: Cycle: 6, Best model accuracy: [0.731797993183136, 0.8392515182495117, 0.8807676434516907, 0.909263014793396, 0.9427666068077087]
NAUTILUS=>2021-06-10 15:11:07.879812: Cycle: 6, Best model val_loss: [0.2611139714717865, 0.23148374259471893, 0.21995753049850464, 0.19530965387821198, 0.20256081223487854]
NAUTILUS=>2021-06-10 15:11:07.879812: Cycle: 6, Best model val_accuracy: [0.9069599509239197, 0.9146952033042908, 0.9238062500953674, 0.932925820350647, 0.932982861995697]
NAUTILUS=>2021-06-10 15:11:08.168518: Completed active learning cycle. Elapsed time: 0:01:29.166444
NAUTILUS=>2021-06-10 15:11:08.168535: ========> Active learning cycle: 7
NAUTILUS=>2021-06-10 15:11:08.168538: Starting data loading
NAUTILUS=>2021-06-10 15:11:40.762704: Completed data loading. Elapsed time: 0:00:32.594166
NAUTILUS=>2021-06-10 15:11:40.762723: Starting model selection
NAUTILUS=>2021-06-10 15:11:40.762738: Materializing training data
NAUTILUS=>2021-06-10 15:11:40.999787: Completed materializing training data. Elapsed time: 0:00:00.237049
NAUTILUS=>2021-06-10 15:11:40.999797: Generating intermediate features
NAUTILUS=>2021-06-10 15:11:49.544821: Completed generating intermediate features. Elapsed time: 0:00:08.545024
NAUTILUS=>2021-06-10 15:11:49.544838: Starting model training
NAUTILUS=>2021-06-10 15:13:14.330653: Completed model training. Elapsed time: 0:01:24.785815
NAUTILUS=>2021-06-10 15:13:14.330653: Cycle: 7, Model: 0, loss: [0.7429406046867371, 0.4161738455295563, 0.3141155242919922, 0.23213964700698853, 0.16836191713809967]
NAUTILUS=>2021-06-10 15:13:14.330653: Cycle: 7, Model: 0, accuracy: [0.7450994849205017, 0.854579746723175, 0.8920932412147522, 0.919238269329071, 0.9440600872039795]
NAUTILUS=>2021-06-10 15:13:14.330653: Cycle: 7, Model: 0, val_loss: [0.2779669761657715, 0.21177008748054504, 0.20690412819385529, 0.19436658918857574, 0.19783905148506165]
NAUTILUS=>2021-06-10 15:13:14.330653: Cycle: 7, Model: 0, val_accuracy: [0.8999613523483276, 0.9270884394645691, 0.9292905926704407, 0.9360984563827515, 0.9413207173347473]
NAUTILUS=>2021-06-10 15:13:14.330653: Cycle: 7, Model: 1, loss: [0.7837805151939392, 0.44469311833381653, 0.348510205745697, 0.28804630041122437, 0.2342429906129837]
NAUTILUS=>2021-06-10 15:13:14.330653: Cycle: 7, Model: 1, accuracy: [0.7288990020751953, 0.8413757085800171, 0.8789231777191162, 0.9021744132041931, 0.9223880171775818]
NAUTILUS=>2021-06-10 15:13:14.330653: Cycle: 7, Model: 1, val_loss: [0.27567118406295776, 0.22593429684638977, 0.20767202973365784, 0.19219334423542023, 0.1974244862794876]
NAUTILUS=>2021-06-10 15:13:14.330653: Cycle: 7, Model: 1, val_accuracy: [0.8999620079994202, 0.9196134805679321, 0.9283897876739502, 0.9324830770492554, 0.9366925954818726]
NAUTILUS=>2021-06-10 15:13:14.330713: Starting to generating the best model
NAUTILUS=>2021-06-10 15:13:20.257341: Completed generating the best model. Elapsed time: 0:00:05.926628
NAUTILUS=>2021-06-10 15:13:20.257341: Cycle: 7, Best Model: 0
NAUTILUS=>2021-06-10 15:13:20.257341: Cycle: 7, Best model loss: [0.7429406046867371, 0.4161738455295563, 0.3141155242919922, 0.23213964700698853, 0.16836191713809967]
NAUTILUS=>2021-06-10 15:13:20.257341: Cycle: 7, Best model accuracy: [0.7450994849205017, 0.854579746723175, 0.8920932412147522, 0.919238269329071, 0.9440600872039795]
NAUTILUS=>2021-06-10 15:13:20.257341: Cycle: 7, Best model val_loss: [0.2779669761657715, 0.21177008748054504, 0.20690412819385529, 0.19436658918857574, 0.19783905148506165]
NAUTILUS=>2021-06-10 15:13:20.257341: Cycle: 7, Best model val_accuracy: [0.8999613523483276, 0.9270884394645691, 0.9292905926704407, 0.9360984563827515, 0.9413207173347473]
NAUTILUS=>2021-06-10 15:13:20.544157: Completed active learning cycle. Elapsed time: 0:01:39.781434
NAUTILUS=>2021-06-10 15:13:20.544174: ========> Active learning cycle: 8
NAUTILUS=>2021-06-10 15:13:20.544178: Starting data loading
NAUTILUS=>2021-06-10 15:13:56.646028: Completed data loading. Elapsed time: 0:00:36.101850
NAUTILUS=>2021-06-10 15:13:56.646045: Starting model selection
NAUTILUS=>2021-06-10 15:13:56.646061: Materializing training data
NAUTILUS=>2021-06-10 15:13:56.880981: Completed materializing training data. Elapsed time: 0:00:00.234920
NAUTILUS=>2021-06-10 15:13:56.880995: Generating intermediate features
NAUTILUS=>2021-06-10 15:14:05.418258: Completed generating intermediate features. Elapsed time: 0:00:08.537263
NAUTILUS=>2021-06-10 15:14:05.418278: Starting model training
NAUTILUS=>2021-06-10 15:15:40.982170: Completed model training. Elapsed time: 0:01:35.563892
NAUTILUS=>2021-06-10 15:15:40.982170: Cycle: 8, Model: 0, loss: [0.6418262720108032, 0.38407638669013977, 0.289103627204895, 0.21253424882888794, 0.14622078835964203]
NAUTILUS=>2021-06-10 15:15:40.982170: Cycle: 8, Model: 0, accuracy: [0.7731170654296875, 0.8663904666900635, 0.8969563841819763, 0.9286255836486816, 0.9497362375259399]
NAUTILUS=>2021-06-10 15:15:40.982170: Cycle: 8, Model: 0, val_loss: [0.23799537122249603, 0.21341706812381744, 0.2161562740802765, 0.19460254907608032, 0.19177091121673584]
NAUTILUS=>2021-06-10 15:15:40.982170: Cycle: 8, Model: 0, val_accuracy: [0.9126839637756348, 0.9226272702217102, 0.9235711097717285, 0.9313924312591553, 0.941038191318512]
NAUTILUS=>2021-06-10 15:15:40.982170: Cycle: 8, Model: 1, loss: [0.6690360307693481, 0.40230315923690796, 0.3182013928890228, 0.25763192772865295, 0.20425400137901306]
NAUTILUS=>2021-06-10 15:15:40.982170: Cycle: 8, Model: 1, accuracy: [0.7612127065658569, 0.8570829033851624, 0.8871929049491882, 0.9115144610404968, 0.9310402870178223]
NAUTILUS=>2021-06-10 15:15:40.982170: Cycle: 8, Model: 1, val_loss: [0.25682705640792847, 0.2243049293756485, 0.2076529562473297, 0.1996859312057495, 0.18743333220481873]
NAUTILUS=>2021-06-10 15:15:40.982170: Cycle: 8, Model: 1, val_accuracy: [0.9083133935928345, 0.9188007116317749, 0.9284810423851013, 0.9293174743652344, 0.9393224120140076]
NAUTILUS=>2021-06-10 15:15:40.982230: Starting to generating the best model
NAUTILUS=>2021-06-10 15:15:46.923604: Completed generating the best model. Elapsed time: 0:00:05.941374
NAUTILUS=>2021-06-10 15:15:46.923604: Cycle: 8, Best Model: 0
NAUTILUS=>2021-06-10 15:15:46.923604: Cycle: 8, Best model loss: [0.6418262720108032, 0.38407638669013977, 0.289103627204895, 0.21253424882888794, 0.14622078835964203]
NAUTILUS=>2021-06-10 15:15:46.923604: Cycle: 8, Best model accuracy: [0.7731170654296875, 0.8663904666900635, 0.8969563841819763, 0.9286255836486816, 0.9497362375259399]
NAUTILUS=>2021-06-10 15:15:46.923604: Cycle: 8, Best model val_loss: [0.23799537122249603, 0.21341706812381744, 0.2161562740802765, 0.19460254907608032, 0.19177091121673584]
NAUTILUS=>2021-06-10 15:15:46.923604: Cycle: 8, Best model val_accuracy: [0.9126839637756348, 0.9226272702217102, 0.9235711097717285, 0.9313924312591553, 0.941038191318512]
NAUTILUS=>2021-06-10 15:15:47.216405: Completed active learning cycle. Elapsed time: 0:01:50.570360
NAUTILUS=>2021-06-10 15:15:47.216423: ========> Active learning cycle: 9
NAUTILUS=>2021-06-10 15:15:47.216427: Starting data loading
NAUTILUS=>2021-06-10 15:16:16.470528: Completed data loading. Elapsed time: 0:00:29.254101
NAUTILUS=>2021-06-10 15:16:16.470545: Starting model selection
NAUTILUS=>2021-06-10 15:16:16.470559: Materializing training data
NAUTILUS=>2021-06-10 15:16:16.702516: Completed materializing training data. Elapsed time: 0:00:00.231957
NAUTILUS=>2021-06-10 15:16:16.702526: Generating intermediate features
NAUTILUS=>2021-06-10 15:16:25.265277: Completed generating intermediate features. Elapsed time: 0:00:08.562751
NAUTILUS=>2021-06-10 15:16:25.265295: Starting model training
NAUTILUS=>2021-06-10 15:18:11.428177: Completed model training. Elapsed time: 0:01:46.162882
NAUTILUS=>2021-06-10 15:18:11.428177: Cycle: 9, Model: 0, loss: [0.611624002456665, 0.3486613929271698, 0.2641396224498749, 0.19063663482666016, 0.12991078197956085]
NAUTILUS=>2021-06-10 15:18:11.428177: Cycle: 9, Model: 0, accuracy: [0.7825702428817749, 0.8755037188529968, 0.9074695706367493, 0.9332244992256165, 0.9567611217498779]
NAUTILUS=>2021-06-10 15:18:11.428177: Cycle: 9, Model: 0, val_loss: [0.2357112467288971, 0.21504056453704834, 0.17899785935878754, 0.1918725073337555, 0.16910094022750854]
NAUTILUS=>2021-06-10 15:18:11.428177: Cycle: 9, Model: 0, val_accuracy: [0.9131903052330017, 0.928396463394165, 0.9330711960792542, 0.9381159543991089, 0.9455246329307556]
NAUTILUS=>2021-06-10 15:18:11.428177: Cycle: 9, Model: 1, loss: [0.6234952807426453, 0.3655271828174591, 0.2913767099380493, 0.23291566967964172, 0.1857086420059204]
NAUTILUS=>2021-06-10 15:18:11.428177: Cycle: 9, Model: 1, accuracy: [0.7785573601722717, 0.8675858378410339, 0.8972964882850647, 0.918847918510437, 0.937685489654541]
NAUTILUS=>2021-06-10 15:18:11.428177: Cycle: 9, Model: 1, val_loss: [0.2521664500236511, 0.21522851288318634, 0.1876623034477234, 0.19347447156906128, 0.17751027643680573]
NAUTILUS=>2021-06-10 15:18:11.428177: Cycle: 9, Model: 1, val_accuracy: [0.9039590358734131, 0.9253221750259399, 0.930641770362854, 0.9330915808677673, 0.9381265640258789]
NAUTILUS=>2021-06-10 15:18:11.428236: Starting to generating the best model
NAUTILUS=>2021-06-10 15:18:17.330350: Completed generating the best model. Elapsed time: 0:00:05.902114
NAUTILUS=>2021-06-10 15:18:17.330350: Cycle: 9, Best Model: 0
NAUTILUS=>2021-06-10 15:18:17.330350: Cycle: 9, Best model loss: [0.611624002456665, 0.3486613929271698, 0.2641396224498749, 0.19063663482666016, 0.12991078197956085]
NAUTILUS=>2021-06-10 15:18:17.330350: Cycle: 9, Best model accuracy: [0.7825702428817749, 0.8755037188529968, 0.9074695706367493, 0.9332244992256165, 0.9567611217498779]
NAUTILUS=>2021-06-10 15:18:17.330350: Cycle: 9, Best model val_loss: [0.2357112467288971, 0.21504056453704834, 0.17899785935878754, 0.1918725073337555, 0.16910094022750854]
NAUTILUS=>2021-06-10 15:18:17.330350: Cycle: 9, Best model val_accuracy: [0.9131903052330017, 0.928396463394165, 0.9330711960792542, 0.9381159543991089, 0.9455246329307556]
NAUTILUS=>2021-06-10 15:18:17.623168: Completed active learning cycle. Elapsed time: 0:02:01.152623
NAUTILUS=>2021-06-10 15:18:17.623185: ========> Active learning cycle: 10
NAUTILUS=>2021-06-10 15:18:17.623189: Starting data loading
NAUTILUS=>2021-06-10 15:18:49.711827: Completed data loading. Elapsed time: 0:00:32.088638
NAUTILUS=>2021-06-10 15:18:49.711845: Starting model selection
NAUTILUS=>2021-06-10 15:18:49.711861: Materializing training data
NAUTILUS=>2021-06-10 15:18:49.952314: Completed materializing training data. Elapsed time: 0:00:00.240453
NAUTILUS=>2021-06-10 15:18:49.952328: Generating intermediate features
NAUTILUS=>2021-06-10 15:18:58.568784: Completed generating intermediate features. Elapsed time: 0:00:08.616456
NAUTILUS=>2021-06-10 15:18:58.568803: Starting model training
NAUTILUS=>2021-06-10 15:20:54.677897: Completed model training. Elapsed time: 0:01:56.109094
NAUTILUS=>2021-06-10 15:20:54.677897: Cycle: 10, Model: 0, loss: [0.5465570092201233, 0.32476088404655457, 0.24085170030593872, 0.17992666363716125, 0.12033200263977051]
NAUTILUS=>2021-06-10 15:20:54.677897: Cycle: 10, Model: 0, accuracy: [0.8085322380065918, 0.8821210861206055, 0.9156398773193359, 0.9386711716651917, 0.9607993364334106]
NAUTILUS=>2021-06-10 15:20:54.677897: Cycle: 10, Model: 0, val_loss: [0.23527580499649048, 0.20794419944286346, 0.17057421803474426, 0.1884724199771881, 0.16957500576972961]
NAUTILUS=>2021-06-10 15:20:54.677897: Cycle: 10, Model: 0, val_accuracy: [0.9204859137535095, 0.9261510372161865, 0.9435020089149475, 0.943476676940918, 0.9490193128585815]
NAUTILUS=>2021-06-10 15:20:54.677897: Cycle: 10, Model: 1, loss: [0.5790716409683228, 0.33984023332595825, 0.26756346225738525, 0.22142140567302704, 0.17341715097427368]
NAUTILUS=>2021-06-10 15:20:54.677897: Cycle: 10, Model: 1, accuracy: [0.7941977381706238, 0.8761575222015381, 0.906022310256958, 0.9243952631950378, 0.9430428147315979]
NAUTILUS=>2021-06-10 15:20:54.677897: Cycle: 10, Model: 1, val_loss: [0.2356601059436798, 0.1989777535200119, 0.1796579509973526, 0.1785089075565338, 0.16424283385276794]
NAUTILUS=>2021-06-10 15:20:54.677897: Cycle: 10, Model: 1, val_accuracy: [0.9180216789245605, 0.9282292723655701, 0.9375193119049072, 0.9407456517219543, 0.9473972320556641]
NAUTILUS=>2021-06-10 15:20:54.677957: Starting to generating the best model
NAUTILUS=>2021-06-10 15:21:00.519721: Completed generating the best model. Elapsed time: 0:00:05.841764
NAUTILUS=>2021-06-10 15:21:00.519721: Cycle: 10, Best Model: 0
NAUTILUS=>2021-06-10 15:21:00.519721: Cycle: 10, Best model loss: [0.5465570092201233, 0.32476088404655457, 0.24085170030593872, 0.17992666363716125, 0.12033200263977051]
NAUTILUS=>2021-06-10 15:21:00.519721: Cycle: 10, Best model accuracy: [0.8085322380065918, 0.8821210861206055, 0.9156398773193359, 0.9386711716651917, 0.9607993364334106]
NAUTILUS=>2021-06-10 15:21:00.519721: Cycle: 10, Best model val_loss: [0.23527580499649048, 0.20794419944286346, 0.17057421803474426, 0.1884724199771881, 0.16957500576972961]
NAUTILUS=>2021-06-10 15:21:00.519721: Cycle: 10, Best model val_accuracy: [0.9204859137535095, 0.9261510372161865, 0.9435020089149475, 0.943476676940918, 0.9490193128585815]
NAUTILUS=>2021-06-10 15:21:00.806232: Completed active learning cycle. Elapsed time: 0:02:11.094387
NAUTILUS=>2021-06-10 15:21:00.806249: Workload completed. Elapsed time: 0:20:27.931037
