NAUTILUS=>2021-06-10 16:42:10.239902: Starting workload
NAUTILUS=>2021-06-10 16:42:10.239902: RANDOM_SEED: 2020
NAUTILUS=>2021-06-10 16:42:10.239902: VERY_LARGE_VALUE: 1000000000000000.0
NAUTILUS=>2021-06-10 16:42:10.239902: NO_MAT_OPT: True
NAUTILUS=>2021-06-10 16:42:10.239902: MODE: ftr3-3
NAUTILUS=>2021-06-10 16:42:10.239902: STORAGE_PATH: ./storage
NAUTILUS=>2021-06-10 16:42:10.239902: NO_FUSE_OPT: False
NAUTILUS=>2021-06-10 16:42:10.239902: NUM_EPOCHS: 5
NAUTILUS=>2021-06-10 16:42:10.239902: MAX_NUM_RECORDS: 5000
NAUTILUS=>2021-06-10 16:42:10.239902: ACTIVE_LEARNING_BATCH_SIZE: 500
NAUTILUS=>2021-06-10 16:42:10.239902: VALID_FRACTION: 0.2
NAUTILUS=>2021-06-10 16:42:10.239902: SAMPLING_STRATERGY: uncertainty
NAUTILUS=>2021-06-10 16:42:10.239902: NO_PRETRAINING: False
NAUTILUS=>2021-06-10 16:42:10.239902: STORAGE_BUDGET: 25
NAUTILUS=>2021-06-10 16:42:10.239902: MEMORY_BUDGET: 10
NAUTILUS=>2021-06-10 16:42:10.239902: WORKSPACE_MEMORY: 1
NAUTILUS=>2021-06-10 16:42:10.239902: COMPUTE_THROUGHPUT: 6
NAUTILUS=>2021-06-10 16:42:10.239902: DISK_THROUGHPUT: 500
NAUTILUS=>2021-06-10 16:42:10.239902: SHUFFLE_BUFFER_SIZE: 10000
NAUTILUS=>2021-06-10 16:42:10.239950: Starting system initialization
NAUTILUS=>2021-06-10 16:42:10.916052: Starting model profiling
NAUTILUS=>2021-06-10 16:42:40.953879: Completed model profiling. Elapsed time: 0:00:30.037825
NAUTILUS=>2021-06-10 16:42:40.953879: Model parameters
NAUTILUS=>2021-06-10 16:42:40.953945: Generating optimized model selection plan
NAUTILUS=>2021-06-10 16:42:41.043352: Used materialized layers: 
NAUTILUS=>2021-06-10 16:42:41.043352: Model training plan: {"2_0_1": {"models": ["2", "0", "1"], "output_layers": ["2/classifier", "0/classifier", "1/classifier"], "flops_consumption": 1117099705925000.0, "compute_flops": 1116660252800000.0, "load_flops": 439453125000.0, "memory_consumption": 2.9365869238972664, "used_materialized_layers": [], "batch_size": 16, "num_epochs": [5, 5, 5], "flops_reduction": 560644624325000.0, "merged_models": ["2", "0_1"]}}
NAUTILUS=>2021-06-10 16:42:41.043456: Completed generating optimized model selection plan. Elapsed time: 0:00:00.089511
NAUTILUS=>2021-06-10 16:42:41.043462: Generating fused models
NAUTILUS=>2021-06-10 16:42:51.692351: Completed generating fused models. Elapsed time: 0:00:10.648889
NAUTILUS=>2021-06-10 16:42:51.692351: Current Practice FLOPs: 447414119040.0
NAUTILUS=>2021-06-10 16:42:51.692351: Optimal FLOPs: 111291016320.0
NAUTILUS=>2021-06-10 16:42:51.692351: Theoretical Speedup: 4.020217748335861
NAUTILUS=>2021-06-10 16:42:51.744455: Completed system initialization. Elapsed time: 0:00:41.504505
NAUTILUS=>2021-06-10 16:42:51.744477: ========> Active learning cycle: 1
NAUTILUS=>2021-06-10 16:42:51.744480: Starting data loading
NAUTILUS=>2021-06-10 16:43:07.394794: Completed data loading. Elapsed time: 0:00:15.650314
NAUTILUS=>2021-06-10 16:43:07.394818: Starting model selection
NAUTILUS=>2021-06-10 16:43:07.394837: Materializing training data
NAUTILUS=>2021-06-10 16:43:07.628863: Completed materializing training data. Elapsed time: 0:00:00.234026
NAUTILUS=>2021-06-10 16:43:07.628873: Starting model training
NAUTILUS=>2021-06-10 16:43:48.310141: Completed model training. Elapsed time: 0:00:40.681268
NAUTILUS=>2021-06-10 16:43:48.310141: Cycle: 1, Model: 2, loss: [1.10059654712677, 0.47445783019065857, 0.3396696448326111, 0.2579960823059082, 0.2015160620212555]
NAUTILUS=>2021-06-10 16:43:48.310141: Cycle: 1, Model: 2, accuracy: [0.6883387565612793, 0.8442584276199341, 0.8858430981636047, 0.9036238193511963, 0.9335419535636902]
NAUTILUS=>2021-06-10 16:43:48.310141: Cycle: 1, Model: 2, val_loss: [0.6876409649848938, 0.47299858927726746, 0.41176071763038635, 0.39722806215286255, 0.38042232394218445]
NAUTILUS=>2021-06-10 16:43:48.310141: Cycle: 1, Model: 2, val_accuracy: [0.7769367694854736, 0.828457236289978, 0.848990797996521, 0.8405357599258423, 0.8534486889839172]
NAUTILUS=>2021-06-10 16:43:48.310141: Cycle: 1, Model: 0, loss: [0.828880786895752, 0.2970868945121765, 0.1905224621295929, 0.12513619661331177, 0.08048417419195175]
NAUTILUS=>2021-06-10 16:43:48.310141: Cycle: 1, Model: 0, accuracy: [0.7468414902687073, 0.8900124430656433, 0.9346765279769897, 0.9563759565353394, 0.9700300097465515]
NAUTILUS=>2021-06-10 16:43:48.310141: Cycle: 1, Model: 0, val_loss: [0.46392127871513367, 0.41468507051467896, 0.35327720642089844, 0.3933575451374054, 0.37415358424186707]
NAUTILUS=>2021-06-10 16:43:48.310141: Cycle: 1, Model: 0, val_accuracy: [0.8359349966049194, 0.8561877608299255, 0.8714163899421692, 0.8704221248626709, 0.8852939605712891]
NAUTILUS=>2021-06-10 16:43:48.310141: Cycle: 1, Model: 1, loss: [1.004594087600708, 0.4065803587436676, 0.28088250756263733, 0.1944686472415924, 0.1432686448097229]
NAUTILUS=>2021-06-10 16:43:48.310141: Cycle: 1, Model: 1, accuracy: [0.7063083052635193, 0.8641493320465088, 0.9058865904808044, 0.9262921214103699, 0.9485536217689514]
NAUTILUS=>2021-06-10 16:43:48.310141: Cycle: 1, Model: 1, val_loss: [0.5762648582458496, 0.4119471609592438, 0.3756779432296753, 0.36078953742980957, 0.36561131477355957]
NAUTILUS=>2021-06-10 16:43:48.310141: Cycle: 1, Model: 1, val_accuracy: [0.8098840117454529, 0.8507524728775024, 0.8563680052757263, 0.869193971157074, 0.8720411062240601]
NAUTILUS=>2021-06-10 16:43:48.310218: Starting to generating the best model
NAUTILUS=>2021-06-10 16:43:55.643318: Completed generating the best model. Elapsed time: 0:00:07.333100
NAUTILUS=>2021-06-10 16:43:55.643318: Cycle: 1, Best Model: 0
NAUTILUS=>2021-06-10 16:43:55.643318: Cycle: 1, Best model loss: [0.828880786895752, 0.2970868945121765, 0.1905224621295929, 0.12513619661331177, 0.08048417419195175]
NAUTILUS=>2021-06-10 16:43:55.643318: Cycle: 1, Best model accuracy: [0.7468414902687073, 0.8900124430656433, 0.9346765279769897, 0.9563759565353394, 0.9700300097465515]
NAUTILUS=>2021-06-10 16:43:55.643318: Cycle: 1, Best model val_loss: [0.46392127871513367, 0.41468507051467896, 0.35327720642089844, 0.3933575451374054, 0.37415358424186707]
NAUTILUS=>2021-06-10 16:43:55.643318: Cycle: 1, Best model val_accuracy: [0.8359349966049194, 0.8561877608299255, 0.8714163899421692, 0.8704221248626709, 0.8852939605712891]
NAUTILUS=>2021-06-10 16:43:55.931960: Completed active learning cycle. Elapsed time: 0:00:48.537142
NAUTILUS=>2021-06-10 16:43:55.931978: ========> Active learning cycle: 2
NAUTILUS=>2021-06-10 16:43:55.931981: Starting data loading
NAUTILUS=>2021-06-10 16:44:44.543999: Completed data loading. Elapsed time: 0:00:48.612018
NAUTILUS=>2021-06-10 16:44:44.544015: Starting model selection
NAUTILUS=>2021-06-10 16:44:44.544031: Materializing training data
NAUTILUS=>2021-06-10 16:44:44.774610: Completed materializing training data. Elapsed time: 0:00:00.230579
NAUTILUS=>2021-06-10 16:44:44.774620: Starting model training
NAUTILUS=>2021-06-10 16:45:49.560442: Completed model training. Elapsed time: 0:01:04.785822
NAUTILUS=>2021-06-10 16:45:49.560442: Cycle: 2, Model: 2, loss: [1.1710573434829712, 0.5940357446670532, 0.4166698157787323, 0.3269308805465698, 0.24684353172779083]
NAUTILUS=>2021-06-10 16:45:49.560442: Cycle: 2, Model: 2, accuracy: [0.5746650695800781, 0.7590763568878174, 0.8437793850898743, 0.8772196769714355, 0.906093418598175]
NAUTILUS=>2021-06-10 16:45:49.560442: Cycle: 2, Model: 2, val_loss: [0.5098970532417297, 0.384104460477829, 0.3192782700061798, 0.3005669414997101, 0.27994731068611145]
NAUTILUS=>2021-06-10 16:45:49.560442: Cycle: 2, Model: 2, val_accuracy: [0.8162043690681458, 0.8690874576568604, 0.8832870721817017, 0.9080027937889099, 0.9080075621604919]
NAUTILUS=>2021-06-10 16:45:49.560442: Cycle: 2, Model: 0, loss: [0.9820088148117065, 0.42822325229644775, 0.27448877692222595, 0.1911427527666092, 0.1252221316099167]
NAUTILUS=>2021-06-10 16:45:49.560442: Cycle: 2, Model: 0, accuracy: [0.6411345601081848, 0.8296785950660706, 0.8881787657737732, 0.9303540587425232, 0.9543465375900269]
NAUTILUS=>2021-06-10 16:45:49.560442: Cycle: 2, Model: 0, val_loss: [0.378217875957489, 0.3470527231693268, 0.29616519808769226, 0.28355538845062256, 0.3051360547542572]
NAUTILUS=>2021-06-10 16:45:49.560442: Cycle: 2, Model: 0, val_accuracy: [0.8639460802078247, 0.8841715455055237, 0.9048786163330078, 0.9142364263534546, 0.9139883518218994]
NAUTILUS=>2021-06-10 16:45:49.560442: Cycle: 2, Model: 1, loss: [1.0316306352615356, 0.49598366022109985, 0.33836865425109863, 0.2519089877605438, 0.17347855865955353]
NAUTILUS=>2021-06-10 16:45:49.560442: Cycle: 2, Model: 1, accuracy: [0.6214208006858826, 0.8046935200691223, 0.8720493316650391, 0.9077181816101074, 0.9331250190734863]
NAUTILUS=>2021-06-10 16:45:49.560442: Cycle: 2, Model: 1, val_loss: [0.4488494396209717, 0.35525694489479065, 0.2943028509616852, 0.2883753776550293, 0.2760796844959259]
NAUTILUS=>2021-06-10 16:45:49.560442: Cycle: 2, Model: 1, val_accuracy: [0.8425663709640503, 0.8833434581756592, 0.8984968066215515, 0.9134674668312073, 0.9148668646812439]
NAUTILUS=>2021-06-10 16:45:49.560520: Starting to generating the best model
NAUTILUS=>2021-06-10 16:45:56.844591: Completed generating the best model. Elapsed time: 0:00:07.284071
NAUTILUS=>2021-06-10 16:45:56.844591: Cycle: 2, Best Model: 1
NAUTILUS=>2021-06-10 16:45:56.844591: Cycle: 2, Best model loss: [1.0316306352615356, 0.49598366022109985, 0.33836865425109863, 0.2519089877605438, 0.17347855865955353]
NAUTILUS=>2021-06-10 16:45:56.844591: Cycle: 2, Best model accuracy: [0.6214208006858826, 0.8046935200691223, 0.8720493316650391, 0.9077181816101074, 0.9331250190734863]
NAUTILUS=>2021-06-10 16:45:56.844591: Cycle: 2, Best model val_loss: [0.4488494396209717, 0.35525694489479065, 0.2943028509616852, 0.2883753776550293, 0.2760796844959259]
NAUTILUS=>2021-06-10 16:45:56.844591: Cycle: 2, Best model val_accuracy: [0.8425663709640503, 0.8833434581756592, 0.8984968066215515, 0.9134674668312073, 0.9148668646812439]
NAUTILUS=>2021-06-10 16:45:57.132973: Completed active learning cycle. Elapsed time: 0:01:12.588958
NAUTILUS=>2021-06-10 16:45:57.132991: ========> Active learning cycle: 3
NAUTILUS=>2021-06-10 16:45:57.132994: Starting data loading
NAUTILUS=>2021-06-10 16:46:36.875550: Completed data loading. Elapsed time: 0:00:39.742556
NAUTILUS=>2021-06-10 16:46:36.875566: Starting model selection
NAUTILUS=>2021-06-10 16:46:36.875583: Materializing training data
NAUTILUS=>2021-06-10 16:46:37.100131: Completed materializing training data. Elapsed time: 0:00:00.224548
NAUTILUS=>2021-06-10 16:46:37.100140: Starting model training
NAUTILUS=>2021-06-10 16:48:05.725805: Completed model training. Elapsed time: 0:01:28.625665
NAUTILUS=>2021-06-10 16:48:05.725805: Cycle: 3, Model: 2, loss: [1.1735774278640747, 0.641319215297699, 0.4948525130748749, 0.40294119715690613, 0.32845833897590637]
NAUTILUS=>2021-06-10 16:48:05.725805: Cycle: 3, Model: 2, accuracy: [0.5799587965011597, 0.7489868998527527, 0.8102654814720154, 0.8545003533363342, 0.8838516473770142]
NAUTILUS=>2021-06-10 16:48:05.725805: Cycle: 3, Model: 2, val_loss: [0.4711654782295227, 0.3578032851219177, 0.30111512541770935, 0.2722242474555969, 0.2651253640651703]
NAUTILUS=>2021-06-10 16:48:05.725805: Cycle: 3, Model: 2, val_accuracy: [0.8245394229888916, 0.8735413551330566, 0.8958663940429688, 0.908065915107727, 0.9127779006958008]
NAUTILUS=>2021-06-10 16:48:05.725805: Cycle: 3, Model: 0, loss: [1.050710916519165, 0.5033090710639954, 0.3407381474971771, 0.2735863924026489, 0.1836095005273819]
NAUTILUS=>2021-06-10 16:48:05.725805: Cycle: 3, Model: 0, accuracy: [0.6389156579971313, 0.8102914094924927, 0.8764285445213318, 0.9025121331214905, 0.9408676028251648]
NAUTILUS=>2021-06-10 16:48:05.725805: Cycle: 3, Model: 0, val_loss: [0.36430713534355164, 0.25770995020866394, 0.28084877133369446, 0.30716583132743835, 0.29371634125709534]
NAUTILUS=>2021-06-10 16:48:05.725805: Cycle: 3, Model: 0, val_accuracy: [0.866638720035553, 0.9088951349258423, 0.9155575633049011, 0.9189569354057312, 0.9139968752861023]
NAUTILUS=>2021-06-10 16:48:05.725805: Cycle: 3, Model: 1, loss: [1.0783882141113281, 0.5539801120758057, 0.41034072637557983, 0.3224407434463501, 0.24361225962638855]
NAUTILUS=>2021-06-10 16:48:05.725805: Cycle: 3, Model: 1, accuracy: [0.6114398241043091, 0.7815563082695007, 0.8466833233833313, 0.8862652778625488, 0.9209495186805725]
NAUTILUS=>2021-06-10 16:48:05.725805: Cycle: 3, Model: 1, val_loss: [0.3908446729183197, 0.3065914809703827, 0.262494832277298, 0.2744654715061188, 0.25558269023895264]
NAUTILUS=>2021-06-10 16:48:05.725805: Cycle: 3, Model: 1, val_accuracy: [0.8673787713050842, 0.8960530757904053, 0.910903811454773, 0.9131661057472229, 0.9138773679733276]
NAUTILUS=>2021-06-10 16:48:05.725895: Starting to generating the best model
NAUTILUS=>2021-06-10 16:48:13.080352: Completed generating the best model. Elapsed time: 0:00:07.354457
NAUTILUS=>2021-06-10 16:48:13.080352: Cycle: 3, Best Model: 0
NAUTILUS=>2021-06-10 16:48:13.080352: Cycle: 3, Best model loss: [1.050710916519165, 0.5033090710639954, 0.3407381474971771, 0.2735863924026489, 0.1836095005273819]
NAUTILUS=>2021-06-10 16:48:13.080352: Cycle: 3, Best model accuracy: [0.6389156579971313, 0.8102914094924927, 0.8764285445213318, 0.9025121331214905, 0.9408676028251648]
NAUTILUS=>2021-06-10 16:48:13.080352: Cycle: 3, Best model val_loss: [0.36430713534355164, 0.25770995020866394, 0.28084877133369446, 0.30716583132743835, 0.29371634125709534]
NAUTILUS=>2021-06-10 16:48:13.080352: Cycle: 3, Best model val_accuracy: [0.866638720035553, 0.9088951349258423, 0.9155575633049011, 0.9189569354057312, 0.9139968752861023]
NAUTILUS=>2021-06-10 16:48:13.369056: Completed active learning cycle. Elapsed time: 0:01:36.493490
NAUTILUS=>2021-06-10 16:48:13.369073: ========> Active learning cycle: 4
NAUTILUS=>2021-06-10 16:48:13.369077: Starting data loading
NAUTILUS=>2021-06-10 16:48:58.132920: Completed data loading. Elapsed time: 0:00:44.763843
NAUTILUS=>2021-06-10 16:48:58.132937: Starting model selection
NAUTILUS=>2021-06-10 16:48:58.132952: Materializing training data
NAUTILUS=>2021-06-10 16:48:58.358630: Completed materializing training data. Elapsed time: 0:00:00.225678
NAUTILUS=>2021-06-10 16:48:58.358640: Starting model training
NAUTILUS=>2021-06-10 16:50:50.105423: Completed model training. Elapsed time: 0:01:51.746783
NAUTILUS=>2021-06-10 16:50:50.105423: Cycle: 4, Model: 2, loss: [1.0899462699890137, 0.6413844227790833, 0.4948538839817047, 0.41406792402267456, 0.34433335065841675]
NAUTILUS=>2021-06-10 16:50:50.105423: Cycle: 4, Model: 2, accuracy: [0.6264644265174866, 0.765727162361145, 0.8239339590072632, 0.8567831516265869, 0.8847637176513672]
NAUTILUS=>2021-06-10 16:50:50.105423: Cycle: 4, Model: 2, val_loss: [0.3959845304489136, 0.31839993596076965, 0.2684658169746399, 0.25137320160865784, 0.2544253170490265]
NAUTILUS=>2021-06-10 16:50:50.105423: Cycle: 4, Model: 2, val_accuracy: [0.8549231886863708, 0.8806942701339722, 0.9059680104255676, 0.9148151278495789, 0.9107865691184998]
NAUTILUS=>2021-06-10 16:50:50.105423: Cycle: 4, Model: 0, loss: [0.9954246282577515, 0.5512508749961853, 0.40315356850624084, 0.30540016293525696, 0.2146904170513153]
NAUTILUS=>2021-06-10 16:50:50.105423: Cycle: 4, Model: 0, accuracy: [0.6607085466384888, 0.8087973594665527, 0.8626412749290466, 0.9007800221443176, 0.9326201677322388]
NAUTILUS=>2021-06-10 16:50:50.105423: Cycle: 4, Model: 0, val_loss: [0.33241569995880127, 0.2548426389694214, 0.2528800666332245, 0.23583446443080902, 0.23320506513118744]
NAUTILUS=>2021-06-10 16:50:50.105423: Cycle: 4, Model: 0, val_accuracy: [0.8836964964866638, 0.9098818302154541, 0.9095988273620605, 0.9224218726158142, 0.9229169487953186]
NAUTILUS=>2021-06-10 16:50:50.105423: Cycle: 4, Model: 1, loss: [1.001509666442871, 0.5832324624061584, 0.43986427783966064, 0.3569353222846985, 0.2737649083137512]
NAUTILUS=>2021-06-10 16:50:50.105423: Cycle: 4, Model: 1, accuracy: [0.6574764251708984, 0.7933529019355774, 0.8438103199005127, 0.8796484470367432, 0.9128134846687317]
NAUTILUS=>2021-06-10 16:50:50.105423: Cycle: 4, Model: 1, val_loss: [0.34195423126220703, 0.2672618627548218, 0.25359395146369934, 0.23509535193443298, 0.2365970015525818]
NAUTILUS=>2021-06-10 16:50:50.105423: Cycle: 4, Model: 1, val_accuracy: [0.8801698088645935, 0.9056617617607117, 0.912513256072998, 0.9193992614746094, 0.9166221618652344]
NAUTILUS=>2021-06-10 16:50:50.105501: Starting to generating the best model
NAUTILUS=>2021-06-10 16:50:57.418743: Completed generating the best model. Elapsed time: 0:00:07.313242
NAUTILUS=>2021-06-10 16:50:57.418743: Cycle: 4, Best Model: 0
NAUTILUS=>2021-06-10 16:50:57.418743: Cycle: 4, Best model loss: [0.9954246282577515, 0.5512508749961853, 0.40315356850624084, 0.30540016293525696, 0.2146904170513153]
NAUTILUS=>2021-06-10 16:50:57.418743: Cycle: 4, Best model accuracy: [0.6607085466384888, 0.8087973594665527, 0.8626412749290466, 0.9007800221443176, 0.9326201677322388]
NAUTILUS=>2021-06-10 16:50:57.418743: Cycle: 4, Best model val_loss: [0.33241569995880127, 0.2548426389694214, 0.2528800666332245, 0.23583446443080902, 0.23320506513118744]
NAUTILUS=>2021-06-10 16:50:57.418743: Cycle: 4, Best model val_accuracy: [0.8836964964866638, 0.9098818302154541, 0.9095988273620605, 0.9224218726158142, 0.9229169487953186]
NAUTILUS=>2021-06-10 16:50:57.705289: Completed active learning cycle. Elapsed time: 0:01:59.572352
NAUTILUS=>2021-06-10 16:50:57.705306: ========> Active learning cycle: 5
NAUTILUS=>2021-06-10 16:50:57.705310: Starting data loading
NAUTILUS=>2021-06-10 16:51:33.970714: Completed data loading. Elapsed time: 0:00:36.265404
NAUTILUS=>2021-06-10 16:51:33.970731: Starting model selection
NAUTILUS=>2021-06-10 16:51:33.970746: Materializing training data
NAUTILUS=>2021-06-10 16:51:34.197420: Completed materializing training data. Elapsed time: 0:00:00.226674
NAUTILUS=>2021-06-10 16:51:34.197431: Starting model training
NAUTILUS=>2021-06-10 16:53:50.117601: Completed model training. Elapsed time: 0:02:15.920170
NAUTILUS=>2021-06-10 16:53:50.117601: Cycle: 5, Model: 2, loss: [0.9837369322776794, 0.5928076505661011, 0.46222618222236633, 0.38326600193977356, 0.3335665464401245]
NAUTILUS=>2021-06-10 16:53:50.117601: Cycle: 5, Model: 2, accuracy: [0.6523900628089905, 0.7841020226478577, 0.8357023000717163, 0.8674660325050354, 0.8877460956573486]
NAUTILUS=>2021-06-10 16:53:50.117601: Cycle: 5, Model: 2, val_loss: [0.38178548216819763, 0.30296090245246887, 0.25303134322166443, 0.23128250241279602, 0.22552983462810516]
NAUTILUS=>2021-06-10 16:53:50.117601: Cycle: 5, Model: 2, val_accuracy: [0.8667240738868713, 0.8918328285217285, 0.9155842661857605, 0.9192699193954468, 0.9214889407157898]
NAUTILUS=>2021-06-10 16:53:50.117601: Cycle: 5, Model: 0, loss: [0.904207170009613, 0.5050365328788757, 0.3840261697769165, 0.27484437823295593, 0.19488273561000824]
NAUTILUS=>2021-06-10 16:53:50.117601: Cycle: 5, Model: 0, accuracy: [0.6921955347061157, 0.8266817331314087, 0.8685885667800903, 0.9107164740562439, 0.9354862570762634]
NAUTILUS=>2021-06-10 16:53:50.117601: Cycle: 5, Model: 0, val_loss: [0.3013412356376648, 0.2644602358341217, 0.23622344434261322, 0.2224932610988617, 0.23127955198287964]
NAUTILUS=>2021-06-10 16:53:50.117601: Cycle: 5, Model: 0, val_accuracy: [0.8966397643089294, 0.9116717576980591, 0.9236247539520264, 0.9244238138198853, 0.9264432191848755]
NAUTILUS=>2021-06-10 16:53:50.117601: Cycle: 5, Model: 1, loss: [0.9218186736106873, 0.5378509163856506, 0.41086679697036743, 0.32589367032051086, 0.267581045627594]
NAUTILUS=>2021-06-10 16:53:50.117601: Cycle: 5, Model: 1, accuracy: [0.6786155104637146, 0.808452308177948, 0.8559844493865967, 0.8916692137718201, 0.9123297333717346]
NAUTILUS=>2021-06-10 16:53:50.117601: Cycle: 5, Model: 1, val_loss: [0.3294360935688019, 0.25770819187164307, 0.24129056930541992, 0.22307893633842468, 0.22264160215854645]
NAUTILUS=>2021-06-10 16:53:50.117601: Cycle: 5, Model: 1, val_accuracy: [0.884997546672821, 0.9141061902046204, 0.9190099239349365, 0.9170877933502197, 0.9235996603965759]
NAUTILUS=>2021-06-10 16:53:50.117677: Starting to generating the best model
NAUTILUS=>2021-06-10 16:53:57.461269: Completed generating the best model. Elapsed time: 0:00:07.343592
NAUTILUS=>2021-06-10 16:53:57.461269: Cycle: 5, Best Model: 0
NAUTILUS=>2021-06-10 16:53:57.461269: Cycle: 5, Best model loss: [0.904207170009613, 0.5050365328788757, 0.3840261697769165, 0.27484437823295593, 0.19488273561000824]
NAUTILUS=>2021-06-10 16:53:57.461269: Cycle: 5, Best model accuracy: [0.6921955347061157, 0.8266817331314087, 0.8685885667800903, 0.9107164740562439, 0.9354862570762634]
NAUTILUS=>2021-06-10 16:53:57.461269: Cycle: 5, Best model val_loss: [0.3013412356376648, 0.2644602358341217, 0.23622344434261322, 0.2224932610988617, 0.23127955198287964]
NAUTILUS=>2021-06-10 16:53:57.461269: Cycle: 5, Best model val_accuracy: [0.8966397643089294, 0.9116717576980591, 0.9236247539520264, 0.9244238138198853, 0.9264432191848755]
NAUTILUS=>2021-06-10 16:53:57.751418: Completed active learning cycle. Elapsed time: 0:02:23.780687
NAUTILUS=>2021-06-10 16:53:57.751434: ========> Active learning cycle: 6
NAUTILUS=>2021-06-10 16:53:57.751438: Starting data loading
NAUTILUS=>2021-06-10 16:54:38.187840: Completed data loading. Elapsed time: 0:00:40.436402
NAUTILUS=>2021-06-10 16:54:38.187856: Starting model selection
NAUTILUS=>2021-06-10 16:54:38.187872: Materializing training data
NAUTILUS=>2021-06-10 16:54:38.413568: Completed materializing training data. Elapsed time: 0:00:00.225696
NAUTILUS=>2021-06-10 16:54:38.413578: Starting model training
NAUTILUS=>2021-06-10 16:57:18.045266: Completed model training. Elapsed time: 0:02:39.631688
NAUTILUS=>2021-06-10 16:57:18.045266: Cycle: 6, Model: 2, loss: [0.9069139361381531, 0.5295904874801636, 0.41797059774398804, 0.34575796127319336, 0.2937031686306]
NAUTILUS=>2021-06-10 16:57:18.045266: Cycle: 6, Model: 2, accuracy: [0.6872712969779968, 0.8096516728401184, 0.8515231609344482, 0.8826602101325989, 0.9040920734405518]
NAUTILUS=>2021-06-10 16:57:18.045266: Cycle: 6, Model: 2, val_loss: [0.32303866744041443, 0.2646660804748535, 0.2434021234512329, 0.20541411638259888, 0.20140975713729858]
NAUTILUS=>2021-06-10 16:57:18.045266: Cycle: 6, Model: 2, val_accuracy: [0.8918176293373108, 0.9014596343040466, 0.9184983372688293, 0.9287207126617432, 0.9271856546401978]
NAUTILUS=>2021-06-10 16:57:18.045266: Cycle: 6, Model: 0, loss: [0.7858965396881104, 0.46928679943084717, 0.3396730422973633, 0.25560057163238525, 0.18200817704200745]
NAUTILUS=>2021-06-10 16:57:18.045266: Cycle: 6, Model: 0, accuracy: [0.7292013764381409, 0.8368784785270691, 0.8828925490379333, 0.9143738746643066, 0.9425364136695862]
NAUTILUS=>2021-06-10 16:57:18.045266: Cycle: 6, Model: 0, val_loss: [0.2636231780052185, 0.2664879560470581, 0.22213777899742126, 0.19965173304080963, 0.20571689307689667]
NAUTILUS=>2021-06-10 16:57:18.045266: Cycle: 6, Model: 0, val_accuracy: [0.9048028588294983, 0.9146237373352051, 0.9229474663734436, 0.9323388934135437, 0.9358837604522705]
NAUTILUS=>2021-06-10 16:57:18.045266: Cycle: 6, Model: 1, loss: [0.8295163512229919, 0.4864271581172943, 0.3765503466129303, 0.29941830039024353, 0.23733264207839966]
NAUTILUS=>2021-06-10 16:57:18.045266: Cycle: 6, Model: 1, accuracy: [0.7132124304771423, 0.8294124603271484, 0.8680835962295532, 0.8998165726661682, 0.9244931936264038]
NAUTILUS=>2021-06-10 16:57:18.045266: Cycle: 6, Model: 1, val_loss: [0.2901887893676758, 0.2700625956058502, 0.22178149223327637, 0.19706855714321136, 0.19839929044246674]
NAUTILUS=>2021-06-10 16:57:18.045266: Cycle: 6, Model: 1, val_accuracy: [0.9004414081573486, 0.9022248387336731, 0.9253427982330322, 0.9335129857063293, 0.9337576031684875]
NAUTILUS=>2021-06-10 16:57:18.045344: Starting to generating the best model
NAUTILUS=>2021-06-10 16:57:25.423853: Completed generating the best model. Elapsed time: 0:00:07.378509
NAUTILUS=>2021-06-10 16:57:25.423853: Cycle: 6, Best Model: 0
NAUTILUS=>2021-06-10 16:57:25.423853: Cycle: 6, Best model loss: [0.7858965396881104, 0.46928679943084717, 0.3396730422973633, 0.25560057163238525, 0.18200817704200745]
NAUTILUS=>2021-06-10 16:57:25.423853: Cycle: 6, Best model accuracy: [0.7292013764381409, 0.8368784785270691, 0.8828925490379333, 0.9143738746643066, 0.9425364136695862]
NAUTILUS=>2021-06-10 16:57:25.423853: Cycle: 6, Best model val_loss: [0.2636231780052185, 0.2664879560470581, 0.22213777899742126, 0.19965173304080963, 0.20571689307689667]
NAUTILUS=>2021-06-10 16:57:25.423853: Cycle: 6, Best model val_accuracy: [0.9048028588294983, 0.9146237373352051, 0.9229474663734436, 0.9323388934135437, 0.9358837604522705]
NAUTILUS=>2021-06-10 16:57:25.712119: Completed active learning cycle. Elapsed time: 0:02:47.524263
NAUTILUS=>2021-06-10 16:57:25.712135: ========> Active learning cycle: 7
NAUTILUS=>2021-06-10 16:57:25.712139: Starting data loading
NAUTILUS=>2021-06-10 16:57:58.418296: Completed data loading. Elapsed time: 0:00:32.706157
NAUTILUS=>2021-06-10 16:57:58.418313: Starting model selection
NAUTILUS=>2021-06-10 16:57:58.418329: Materializing training data
NAUTILUS=>2021-06-10 16:57:58.642664: Completed materializing training data. Elapsed time: 0:00:00.224335
NAUTILUS=>2021-06-10 16:57:58.642674: Starting model training
NAUTILUS=>2021-06-10 17:01:02.079130: Completed model training. Elapsed time: 0:03:03.436456
NAUTILUS=>2021-06-10 17:01:02.079130: Cycle: 7, Model: 2, loss: [0.8325601816177368, 0.4787176847457886, 0.3846295475959778, 0.3226659595966339, 0.2804390490055084]
NAUTILUS=>2021-06-10 17:01:02.079130: Cycle: 7, Model: 2, accuracy: [0.7080413103103638, 0.8272832632064819, 0.8645277619361877, 0.8886824250221252, 0.9047516584396362]
NAUTILUS=>2021-06-10 17:01:02.079130: Cycle: 7, Model: 2, val_loss: [0.2913864254951477, 0.2345321625471115, 0.20736034214496613, 0.20999424159526825, 0.19480520486831665]
NAUTILUS=>2021-06-10 17:01:02.079130: Cycle: 7, Model: 2, val_accuracy: [0.8981311321258545, 0.9190640449523926, 0.9285213947296143, 0.9301580786705017, 0.9333776235580444]
NAUTILUS=>2021-06-10 17:01:02.079130: Cycle: 7, Model: 0, loss: [0.727860689163208, 0.4165000319480896, 0.3231903314590454, 0.23259270191192627, 0.16718599200248718]
NAUTILUS=>2021-06-10 17:01:02.079130: Cycle: 7, Model: 0, accuracy: [0.7474967837333679, 0.8550359010696411, 0.8872821927070618, 0.9195929765701294, 0.9432539343833923]
NAUTILUS=>2021-06-10 17:01:02.079130: Cycle: 7, Model: 0, val_loss: [0.2582946717739105, 0.20768670737743378, 0.19539202749729156, 0.203131303191185, 0.2002348154783249]
NAUTILUS=>2021-06-10 17:01:02.079130: Cycle: 7, Model: 0, val_accuracy: [0.9086786508560181, 0.9296627640724182, 0.932969868183136, 0.9357430338859558, 0.939337968826294]
NAUTILUS=>2021-06-10 17:01:02.079130: Cycle: 7, Model: 1, loss: [0.7676295042037964, 0.4417216181755066, 0.349344938993454, 0.27965348958969116, 0.22965286672115326]
NAUTILUS=>2021-06-10 17:01:02.079130: Cycle: 7, Model: 1, accuracy: [0.7321515679359436, 0.8417808413505554, 0.8786600828170776, 0.903868556022644, 0.9232533574104309]
NAUTILUS=>2021-06-10 17:01:02.079130: Cycle: 7, Model: 1, val_loss: [0.26819223165512085, 0.2150886505842209, 0.19895952939987183, 0.2035835236310959, 0.19255846738815308]
NAUTILUS=>2021-06-10 17:01:02.079130: Cycle: 7, Model: 1, val_accuracy: [0.9045039415359497, 0.9246193766593933, 0.9316587448120117, 0.9346312880516052, 0.9357239007949829]
NAUTILUS=>2021-06-10 17:01:02.079207: Starting to generating the best model
NAUTILUS=>2021-06-10 17:01:09.974862: Completed generating the best model. Elapsed time: 0:00:07.895655
NAUTILUS=>2021-06-10 17:01:09.974862: Cycle: 7, Best Model: 0
NAUTILUS=>2021-06-10 17:01:09.974862: Cycle: 7, Best model loss: [0.727860689163208, 0.4165000319480896, 0.3231903314590454, 0.23259270191192627, 0.16718599200248718]
NAUTILUS=>2021-06-10 17:01:09.974862: Cycle: 7, Best model accuracy: [0.7474967837333679, 0.8550359010696411, 0.8872821927070618, 0.9195929765701294, 0.9432539343833923]
NAUTILUS=>2021-06-10 17:01:09.974862: Cycle: 7, Best model val_loss: [0.2582946717739105, 0.20768670737743378, 0.19539202749729156, 0.203131303191185, 0.2002348154783249]
NAUTILUS=>2021-06-10 17:01:09.974862: Cycle: 7, Best model val_accuracy: [0.9086786508560181, 0.9296627640724182, 0.932969868183136, 0.9357430338859558, 0.939337968826294]
NAUTILUS=>2021-06-10 17:01:10.268648: Completed active learning cycle. Elapsed time: 0:03:11.850335
NAUTILUS=>2021-06-10 17:01:10.268665: ========> Active learning cycle: 8
NAUTILUS=>2021-06-10 17:01:10.268669: Starting data loading
NAUTILUS=>2021-06-10 17:01:46.536773: Completed data loading. Elapsed time: 0:00:36.268104
NAUTILUS=>2021-06-10 17:01:46.536789: Starting model selection
NAUTILUS=>2021-06-10 17:01:46.536806: Materializing training data
NAUTILUS=>2021-06-10 17:01:46.762031: Completed materializing training data. Elapsed time: 0:00:00.225225
NAUTILUS=>2021-06-10 17:01:46.762041: Starting model training
NAUTILUS=>2021-06-10 17:05:13.297502: Completed model training. Elapsed time: 0:03:26.535461
NAUTILUS=>2021-06-10 17:05:13.297502: Cycle: 8, Model: 2, loss: [0.7569906115531921, 0.43128645420074463, 0.35076355934143066, 0.29553356766700745, 0.25245344638824463]
NAUTILUS=>2021-06-10 17:05:13.297502: Cycle: 8, Model: 2, accuracy: [0.7344667315483093, 0.8427128791809082, 0.8715739250183105, 0.8999063372612, 0.912773072719574]
NAUTILUS=>2021-06-10 17:05:13.297502: Cycle: 8, Model: 2, val_loss: [0.30495238304138184, 0.25893619656562805, 0.1957562267780304, 0.21617475152015686, 0.18983390927314758]
NAUTILUS=>2021-06-10 17:05:13.297502: Cycle: 8, Model: 2, val_accuracy: [0.8926448822021484, 0.9075044393539429, 0.9312471151351929, 0.919981837272644, 0.9349198341369629]
NAUTILUS=>2021-06-10 17:05:13.297502: Cycle: 8, Model: 0, loss: [0.6416021585464478, 0.38767874240875244, 0.28530871868133545, 0.21495990455150604, 0.14892233908176422]
NAUTILUS=>2021-06-10 17:05:13.297502: Cycle: 8, Model: 0, accuracy: [0.7725809216499329, 0.8639745116233826, 0.8996830582618713, 0.9269807934761047, 0.9489004611968994]
NAUTILUS=>2021-06-10 17:05:13.297502: Cycle: 8, Model: 0, val_loss: [0.3664376437664032, 0.21620510518550873, 0.1763685792684555, 0.20414204895496368, 0.19153256714344025]
NAUTILUS=>2021-06-10 17:05:13.297502: Cycle: 8, Model: 0, val_accuracy: [0.8691384792327881, 0.9229686260223389, 0.9376024603843689, 0.9336561560630798, 0.9430793523788452]
NAUTILUS=>2021-06-10 17:05:13.297502: Cycle: 8, Model: 1, loss: [0.6897653937339783, 0.4040166437625885, 0.31825390458106995, 0.2580525875091553, 0.20786388218402863]
NAUTILUS=>2021-06-10 17:05:13.297502: Cycle: 8, Model: 1, accuracy: [0.7564001679420471, 0.8544498682022095, 0.8864397406578064, 0.9145702123641968, 0.9294607043266296]
NAUTILUS=>2021-06-10 17:05:13.297502: Cycle: 8, Model: 1, val_loss: [0.36923348903656006, 0.23548901081085205, 0.18663087487220764, 0.21259157359600067, 0.19473566114902496]
NAUTILUS=>2021-06-10 17:05:13.297502: Cycle: 8, Model: 1, val_accuracy: [0.8639354109764099, 0.918850302696228, 0.9334433078765869, 0.9232632517814636, 0.9336201548576355]
NAUTILUS=>2021-06-10 17:05:13.297580: Starting to generating the best model
NAUTILUS=>2021-06-10 17:05:20.652569: Completed generating the best model. Elapsed time: 0:00:07.354989
NAUTILUS=>2021-06-10 17:05:20.652569: Cycle: 8, Best Model: 0
NAUTILUS=>2021-06-10 17:05:20.652569: Cycle: 8, Best model loss: [0.6416021585464478, 0.38767874240875244, 0.28530871868133545, 0.21495990455150604, 0.14892233908176422]
NAUTILUS=>2021-06-10 17:05:20.652569: Cycle: 8, Best model accuracy: [0.7725809216499329, 0.8639745116233826, 0.8996830582618713, 0.9269807934761047, 0.9489004611968994]
NAUTILUS=>2021-06-10 17:05:20.652569: Cycle: 8, Best model val_loss: [0.3664376437664032, 0.21620510518550873, 0.1763685792684555, 0.20414204895496368, 0.19153256714344025]
NAUTILUS=>2021-06-10 17:05:20.652569: Cycle: 8, Best model val_accuracy: [0.8691384792327881, 0.9229686260223389, 0.9376024603843689, 0.9336561560630798, 0.9430793523788452]
NAUTILUS=>2021-06-10 17:05:20.946573: Completed active learning cycle. Elapsed time: 0:03:34.409784
NAUTILUS=>2021-06-10 17:05:20.946590: ========> Active learning cycle: 9
NAUTILUS=>2021-06-10 17:05:20.946594: Starting data loading
NAUTILUS=>2021-06-10 17:05:50.186363: Completed data loading. Elapsed time: 0:00:29.239769
NAUTILUS=>2021-06-10 17:05:50.186380: Starting model selection
NAUTILUS=>2021-06-10 17:05:50.186396: Materializing training data
NAUTILUS=>2021-06-10 17:05:50.414897: Completed materializing training data. Elapsed time: 0:00:00.228501
NAUTILUS=>2021-06-10 17:05:50.414910: Starting model training
NAUTILUS=>2021-06-10 17:09:40.796481: Completed model training. Elapsed time: 0:03:50.381571
NAUTILUS=>2021-06-10 17:09:40.796481: Cycle: 9, Model: 2, loss: [0.6989765763282776, 0.39592432975769043, 0.3223850727081299, 0.266518235206604, 0.2298346757888794]
NAUTILUS=>2021-06-10 17:09:40.796481: Cycle: 9, Model: 2, accuracy: [0.7562737464904785, 0.8548861742019653, 0.8848767876625061, 0.9066048264503479, 0.9218853712081909]
NAUTILUS=>2021-06-10 17:09:40.796481: Cycle: 9, Model: 2, val_loss: [0.25024062395095825, 0.21525482833385468, 0.19368068873882294, 0.1855098456144333, 0.17640803754329681]
NAUTILUS=>2021-06-10 17:09:40.796481: Cycle: 9, Model: 2, val_accuracy: [0.9099962115287781, 0.9257113933563232, 0.9355753064155579, 0.93514484167099, 0.9425966143608093]
NAUTILUS=>2021-06-10 17:09:40.796481: Cycle: 9, Model: 0, loss: [0.6061850190162659, 0.34650689363479614, 0.26067447662353516, 0.18415135145187378, 0.12161293625831604]
NAUTILUS=>2021-06-10 17:09:40.796481: Cycle: 9, Model: 0, accuracy: [0.7868390679359436, 0.8792059421539307, 0.9093183279037476, 0.9353203177452087, 0.9586443305015564]
NAUTILUS=>2021-06-10 17:09:40.796481: Cycle: 9, Model: 0, val_loss: [0.21944208443164825, 0.19292698800563812, 0.18486419320106506, 0.17698915302753448, 0.18173103034496307]
NAUTILUS=>2021-06-10 17:09:40.796481: Cycle: 9, Model: 0, val_accuracy: [0.9173336029052734, 0.9336378574371338, 0.9390407800674438, 0.94572514295578, 0.9459174275398254]
NAUTILUS=>2021-06-10 17:09:40.796481: Cycle: 9, Model: 1, loss: [0.646568238735199, 0.3674543797969818, 0.29113003611564636, 0.23001627624034882, 0.18281719088554382]
NAUTILUS=>2021-06-10 17:09:40.796481: Cycle: 9, Model: 1, accuracy: [0.7741162776947021, 0.8668545484542847, 0.8983044028282166, 0.9209556579589844, 0.9392507076263428]
NAUTILUS=>2021-06-10 17:09:40.796481: Cycle: 9, Model: 1, val_loss: [0.229465514421463, 0.209716796875, 0.1877196729183197, 0.18205438554286957, 0.1764553189277649]
NAUTILUS=>2021-06-10 17:09:40.796481: Cycle: 9, Model: 1, val_accuracy: [0.9144431352615356, 0.928695023059845, 0.9369106888771057, 0.9363304376602173, 0.9424831867218018]
NAUTILUS=>2021-06-10 17:09:40.796561: Starting to generating the best model
NAUTILUS=>2021-06-10 17:09:48.150343: Completed generating the best model. Elapsed time: 0:00:07.353782
NAUTILUS=>2021-06-10 17:09:48.150343: Cycle: 9, Best Model: 0
NAUTILUS=>2021-06-10 17:09:48.150343: Cycle: 9, Best model loss: [0.6061850190162659, 0.34650689363479614, 0.26067447662353516, 0.18415135145187378, 0.12161293625831604]
NAUTILUS=>2021-06-10 17:09:48.150343: Cycle: 9, Best model accuracy: [0.7868390679359436, 0.8792059421539307, 0.9093183279037476, 0.9353203177452087, 0.9586443305015564]
NAUTILUS=>2021-06-10 17:09:48.150343: Cycle: 9, Best model val_loss: [0.21944208443164825, 0.19292698800563812, 0.18486419320106506, 0.17698915302753448, 0.18173103034496307]
NAUTILUS=>2021-06-10 17:09:48.150343: Cycle: 9, Best model val_accuracy: [0.9173336029052734, 0.9336378574371338, 0.9390407800674438, 0.94572514295578, 0.9459174275398254]
NAUTILUS=>2021-06-10 17:09:48.438273: Completed active learning cycle. Elapsed time: 0:03:58.251893
NAUTILUS=>2021-06-10 17:09:48.438291: ========> Active learning cycle: 10
NAUTILUS=>2021-06-10 17:09:48.438294: Starting data loading
NAUTILUS=>2021-06-10 17:10:20.448417: Completed data loading. Elapsed time: 0:00:32.010123
NAUTILUS=>2021-06-10 17:10:20.448433: Starting model selection
NAUTILUS=>2021-06-10 17:10:20.448448: Materializing training data
NAUTILUS=>2021-06-10 17:10:20.677345: Completed materializing training data. Elapsed time: 0:00:00.228897
NAUTILUS=>2021-06-10 17:10:20.677359: Starting model training
NAUTILUS=>2021-06-10 17:14:33.932767: Completed model training. Elapsed time: 0:04:13.255408
NAUTILUS=>2021-06-10 17:14:33.932767: Cycle: 10, Model: 2, loss: [0.6307854056358337, 0.3606480062007904, 0.29120293259620667, 0.2497153878211975, 0.2100275158882141]
NAUTILUS=>2021-06-10 17:14:33.932767: Cycle: 10, Model: 2, accuracy: [0.7736611366271973, 0.8628943562507629, 0.8938039541244507, 0.9127709269523621, 0.9279148578643799]
NAUTILUS=>2021-06-10 17:14:33.932767: Cycle: 10, Model: 2, val_loss: [0.2597455680370331, 0.22266742587089539, 0.19371815025806427, 0.18170228600502014, 0.1718117743730545]
NAUTILUS=>2021-06-10 17:14:33.932767: Cycle: 10, Model: 2, val_accuracy: [0.9080506563186646, 0.9201542735099792, 0.9350417256355286, 0.9392967820167542, 0.94163978099823]
NAUTILUS=>2021-06-10 17:14:33.932767: Cycle: 10, Model: 0, loss: [0.5470329523086548, 0.32062554359436035, 0.24280548095703125, 0.1764749437570572, 0.11210526525974274]
NAUTILUS=>2021-06-10 17:14:33.932767: Cycle: 10, Model: 0, accuracy: [0.8036273717880249, 0.883213996887207, 0.9148218631744385, 0.9382187128067017, 0.9618856906890869]
NAUTILUS=>2021-06-10 17:14:33.932767: Cycle: 10, Model: 0, val_loss: [0.2055002599954605, 0.2214675396680832, 0.20576420426368713, 0.1784619241952896, 0.17629830539226532]
NAUTILUS=>2021-06-10 17:14:33.932767: Cycle: 10, Model: 0, val_accuracy: [0.9283852577209473, 0.9179961681365967, 0.9317036271095276, 0.9491046071052551, 0.9527917504310608]
NAUTILUS=>2021-06-10 17:14:33.932767: Cycle: 10, Model: 1, loss: [0.5713332891464233, 0.33551689982414246, 0.2650308310985565, 0.2162732183933258, 0.1667155921459198]
NAUTILUS=>2021-06-10 17:14:33.932767: Cycle: 10, Model: 1, accuracy: [0.7920353412628174, 0.8760107159614563, 0.9055325388908386, 0.9261027574539185, 0.9434581995010376]
NAUTILUS=>2021-06-10 17:14:33.932767: Cycle: 10, Model: 1, val_loss: [0.22654159367084503, 0.2202642858028412, 0.19145770370960236, 0.17842376232147217, 0.1675945669412613]
NAUTILUS=>2021-06-10 17:14:33.932767: Cycle: 10, Model: 1, val_accuracy: [0.9203822612762451, 0.9192319512367249, 0.9356856346130371, 0.9427816271781921, 0.9467678666114807]
NAUTILUS=>2021-06-10 17:14:33.932846: Starting to generating the best model
NAUTILUS=>2021-06-10 17:14:41.333297: Completed generating the best model. Elapsed time: 0:00:07.400451
NAUTILUS=>2021-06-10 17:14:41.333297: Cycle: 10, Best Model: 0
NAUTILUS=>2021-06-10 17:14:41.333297: Cycle: 10, Best model loss: [0.5470329523086548, 0.32062554359436035, 0.24280548095703125, 0.1764749437570572, 0.11210526525974274]
NAUTILUS=>2021-06-10 17:14:41.333297: Cycle: 10, Best model accuracy: [0.8036273717880249, 0.883213996887207, 0.9148218631744385, 0.9382187128067017, 0.9618856906890869]
NAUTILUS=>2021-06-10 17:14:41.333297: Cycle: 10, Best model val_loss: [0.2055002599954605, 0.2214675396680832, 0.20576420426368713, 0.1784619241952896, 0.17629830539226532]
NAUTILUS=>2021-06-10 17:14:41.333297: Cycle: 10, Best model val_accuracy: [0.9283852577209473, 0.9179961681365967, 0.9317036271095276, 0.9491046071052551, 0.9527917504310608]
NAUTILUS=>2021-06-10 17:14:41.622543: Completed active learning cycle. Elapsed time: 0:04:21.174110
NAUTILUS=>2021-06-10 17:14:41.622560: Workload completed. Elapsed time: 0:32:31.382658
