NAUTILUS=>2021-06-10 15:21:03.613142: Starting workload
NAUTILUS=>2021-06-10 15:21:03.613142: RANDOM_SEED: 2020
NAUTILUS=>2021-06-10 15:21:03.613142: VERY_LARGE_VALUE: 1000000000000000.0
NAUTILUS=>2021-06-10 15:21:03.613142: NO_MAT_OPT: True
NAUTILUS=>2021-06-10 15:21:03.613142: MODE: ftr3-2
NAUTILUS=>2021-06-10 15:21:03.613142: STORAGE_PATH: ./storage
NAUTILUS=>2021-06-10 15:21:03.613142: NO_FUSE_OPT: False
NAUTILUS=>2021-06-10 15:21:03.613142: NUM_EPOCHS: 5
NAUTILUS=>2021-06-10 15:21:03.613142: MAX_NUM_RECORDS: 5000
NAUTILUS=>2021-06-10 15:21:03.613142: ACTIVE_LEARNING_BATCH_SIZE: 500
NAUTILUS=>2021-06-10 15:21:03.613142: VALID_FRACTION: 0.2
NAUTILUS=>2021-06-10 15:21:03.613142: SAMPLING_STRATERGY: uncertainty
NAUTILUS=>2021-06-10 15:21:03.613142: NO_PRETRAINING: False
NAUTILUS=>2021-06-10 15:21:03.613142: STORAGE_BUDGET: 25
NAUTILUS=>2021-06-10 15:21:03.613142: MEMORY_BUDGET: 10
NAUTILUS=>2021-06-10 15:21:03.613142: WORKSPACE_MEMORY: 1
NAUTILUS=>2021-06-10 15:21:03.613142: COMPUTE_THROUGHPUT: 6
NAUTILUS=>2021-06-10 15:21:03.613142: DISK_THROUGHPUT: 500
NAUTILUS=>2021-06-10 15:21:03.613142: SHUFFLE_BUFFER_SIZE: 10000
NAUTILUS=>2021-06-10 15:21:03.613191: Starting system initialization
NAUTILUS=>2021-06-10 15:21:04.256462: Starting model profiling
NAUTILUS=>2021-06-10 15:21:27.745925: Completed model profiling. Elapsed time: 0:00:23.489461
NAUTILUS=>2021-06-10 15:21:27.745925: Model parameters
NAUTILUS=>2021-06-10 15:21:27.745980: Generating optimized model selection plan
NAUTILUS=>2021-06-10 15:21:27.789434: Used materialized layers: 
NAUTILUS=>2021-06-10 15:21:27.789434: Model training plan: {"0_1": {"models": ["0", "1"], "output_layers": ["0/classifier", "1/classifier"], "flops_consumption": 931614678725000.0, "compute_flops": 931175225600000.0, "load_flops": 439453125000.0, "memory_consumption": 2.5131014324724674, "used_materialized_layers": [], "batch_size": 16, "num_epochs": [5, 5], "flops_reduction": 560644624325000.0, "merged_models": ["0", "1"]}}
NAUTILUS=>2021-06-10 15:21:27.789536: Completed generating optimized model selection plan. Elapsed time: 0:00:00.043555
NAUTILUS=>2021-06-10 15:21:27.789543: Generating fused models
NAUTILUS=>2021-06-10 15:21:36.210595: Completed generating fused models. Elapsed time: 0:00:08.421052
NAUTILUS=>2021-06-10 15:21:36.210595: Current Practice FLOPs: 298276079360.0
NAUTILUS=>2021-06-10 15:21:36.210595: Optimal FLOPs: 74194010880.0
NAUTILUS=>2021-06-10 15:21:36.210595: Theoretical Speedup: 4.020217748335861
NAUTILUS=>2021-06-10 15:21:36.260971: Completed system initialization. Elapsed time: 0:00:32.647780
NAUTILUS=>2021-06-10 15:21:36.260994: ========> Active learning cycle: 1
NAUTILUS=>2021-06-10 15:21:36.260998: Starting data loading
NAUTILUS=>2021-06-10 15:21:52.430059: Completed data loading. Elapsed time: 0:00:16.169061
NAUTILUS=>2021-06-10 15:21:52.430084: Starting model selection
NAUTILUS=>2021-06-10 15:21:52.430103: Materializing training data
NAUTILUS=>2021-06-10 15:21:52.670986: Completed materializing training data. Elapsed time: 0:00:00.240883
NAUTILUS=>2021-06-10 15:21:52.670997: Starting model training
NAUTILUS=>2021-06-10 15:22:29.743999: Completed model training. Elapsed time: 0:00:37.073002
NAUTILUS=>2021-06-10 15:22:29.743999: Cycle: 1, Model: 0, loss: [0.828880786895752, 0.2970868945121765, 0.1905224621295929, 0.12513619661331177, 0.08048418164253235]
NAUTILUS=>2021-06-10 15:22:29.743999: Cycle: 1, Model: 0, accuracy: [0.7468414902687073, 0.8900124430656433, 0.9346765279769897, 0.9563759565353394, 0.9700300097465515]
NAUTILUS=>2021-06-10 15:22:29.743999: Cycle: 1, Model: 0, val_loss: [0.46392127871513367, 0.41468507051467896, 0.35327720642089844, 0.3933575451374054, 0.37415364384651184]
NAUTILUS=>2021-06-10 15:22:29.743999: Cycle: 1, Model: 0, val_accuracy: [0.8359349966049194, 0.8561877608299255, 0.8714163899421692, 0.8704221248626709, 0.8852939605712891]
NAUTILUS=>2021-06-10 15:22:29.743999: Cycle: 1, Model: 1, loss: [1.004594087600708, 0.4065803587436676, 0.28088250756263733, 0.1944686472415924, 0.1432686448097229]
NAUTILUS=>2021-06-10 15:22:29.743999: Cycle: 1, Model: 1, accuracy: [0.7063083052635193, 0.8641493320465088, 0.9058865904808044, 0.9262921214103699, 0.9485536217689514]
NAUTILUS=>2021-06-10 15:22:29.743999: Cycle: 1, Model: 1, val_loss: [0.5762648582458496, 0.4119471609592438, 0.3756779432296753, 0.36078953742980957, 0.36561131477355957]
NAUTILUS=>2021-06-10 15:22:29.743999: Cycle: 1, Model: 1, val_accuracy: [0.8098840117454529, 0.8507524728775024, 0.8563680052757263, 0.869193971157074, 0.8720411062240601]
NAUTILUS=>2021-06-10 15:22:29.744073: Starting to generating the best model
NAUTILUS=>2021-06-10 15:22:36.940776: Completed generating the best model. Elapsed time: 0:00:07.196703
NAUTILUS=>2021-06-10 15:22:36.940776: Cycle: 1, Best Model: 0
NAUTILUS=>2021-06-10 15:22:36.940776: Cycle: 1, Best model loss: [0.828880786895752, 0.2970868945121765, 0.1905224621295929, 0.12513619661331177, 0.08048418164253235]
NAUTILUS=>2021-06-10 15:22:36.940776: Cycle: 1, Best model accuracy: [0.7468414902687073, 0.8900124430656433, 0.9346765279769897, 0.9563759565353394, 0.9700300097465515]
NAUTILUS=>2021-06-10 15:22:36.940776: Cycle: 1, Best model val_loss: [0.46392127871513367, 0.41468507051467896, 0.35327720642089844, 0.3933575451374054, 0.37415364384651184]
NAUTILUS=>2021-06-10 15:22:36.940776: Cycle: 1, Best model val_accuracy: [0.8359349966049194, 0.8561877608299255, 0.8714163899421692, 0.8704221248626709, 0.8852939605712891]
NAUTILUS=>2021-06-10 15:22:37.225081: Completed active learning cycle. Elapsed time: 0:00:44.794997
NAUTILUS=>2021-06-10 15:22:37.225098: ========> Active learning cycle: 2
NAUTILUS=>2021-06-10 15:22:37.225102: Starting data loading
NAUTILUS=>2021-06-10 15:23:25.895905: Completed data loading. Elapsed time: 0:00:48.670803
NAUTILUS=>2021-06-10 15:23:25.895923: Starting model selection
NAUTILUS=>2021-06-10 15:23:25.895936: Materializing training data
NAUTILUS=>2021-06-10 15:23:26.121556: Completed materializing training data. Elapsed time: 0:00:00.225620
NAUTILUS=>2021-06-10 15:23:26.121565: Starting model training
NAUTILUS=>2021-06-10 15:24:25.396079: Completed model training. Elapsed time: 0:00:59.274514
NAUTILUS=>2021-06-10 15:24:25.396079: Cycle: 2, Model: 0, loss: [0.9820088148117065, 0.42822325229644775, 0.27448874711990356, 0.19114278256893158, 0.12522214651107788]
NAUTILUS=>2021-06-10 15:24:25.396079: Cycle: 2, Model: 0, accuracy: [0.6411345601081848, 0.8296785950660706, 0.8881787657737732, 0.9303540587425232, 0.9543465375900269]
NAUTILUS=>2021-06-10 15:24:25.396079: Cycle: 2, Model: 0, val_loss: [0.378217875957489, 0.3470526933670044, 0.29616519808769226, 0.28355538845062256, 0.30513596534729004]
NAUTILUS=>2021-06-10 15:24:25.396079: Cycle: 2, Model: 0, val_accuracy: [0.8639460802078247, 0.8841715455055237, 0.9048786163330078, 0.9142364263534546, 0.9139883518218994]
NAUTILUS=>2021-06-10 15:24:25.396079: Cycle: 2, Model: 1, loss: [1.0316306352615356, 0.49598366022109985, 0.33836865425109863, 0.2519089877605438, 0.17347855865955353]
NAUTILUS=>2021-06-10 15:24:25.396079: Cycle: 2, Model: 1, accuracy: [0.6214208006858826, 0.8046935200691223, 0.8720493316650391, 0.9077181816101074, 0.9331250190734863]
NAUTILUS=>2021-06-10 15:24:25.396079: Cycle: 2, Model: 1, val_loss: [0.4488494098186493, 0.35525694489479065, 0.29430288076400757, 0.2883753776550293, 0.2760796844959259]
NAUTILUS=>2021-06-10 15:24:25.396079: Cycle: 2, Model: 1, val_accuracy: [0.8425663709640503, 0.8833434581756592, 0.8984968066215515, 0.9134674668312073, 0.9148668646812439]
NAUTILUS=>2021-06-10 15:24:25.396140: Starting to generating the best model
NAUTILUS=>2021-06-10 15:24:32.615227: Completed generating the best model. Elapsed time: 0:00:07.219087
NAUTILUS=>2021-06-10 15:24:32.615227: Cycle: 2, Best Model: 1
NAUTILUS=>2021-06-10 15:24:32.615227: Cycle: 2, Best model loss: [1.0316306352615356, 0.49598366022109985, 0.33836865425109863, 0.2519089877605438, 0.17347855865955353]
NAUTILUS=>2021-06-10 15:24:32.615227: Cycle: 2, Best model accuracy: [0.6214208006858826, 0.8046935200691223, 0.8720493316650391, 0.9077181816101074, 0.9331250190734863]
NAUTILUS=>2021-06-10 15:24:32.615227: Cycle: 2, Best model val_loss: [0.4488494098186493, 0.35525694489479065, 0.29430288076400757, 0.2883753776550293, 0.2760796844959259]
NAUTILUS=>2021-06-10 15:24:32.615227: Cycle: 2, Best model val_accuracy: [0.8425663709640503, 0.8833434581756592, 0.8984968066215515, 0.9134674668312073, 0.9148668646812439]
NAUTILUS=>2021-06-10 15:24:32.899363: Completed active learning cycle. Elapsed time: 0:01:07.003440
NAUTILUS=>2021-06-10 15:24:32.899381: ========> Active learning cycle: 3
NAUTILUS=>2021-06-10 15:24:32.899385: Starting data loading
NAUTILUS=>2021-06-10 15:25:12.605453: Completed data loading. Elapsed time: 0:00:39.706068
NAUTILUS=>2021-06-10 15:25:12.605470: Starting model selection
NAUTILUS=>2021-06-10 15:25:12.605485: Materializing training data
NAUTILUS=>2021-06-10 15:25:12.832905: Completed materializing training data. Elapsed time: 0:00:00.227420
NAUTILUS=>2021-06-10 15:25:12.832917: Starting model training
NAUTILUS=>2021-06-10 15:26:33.298288: Completed model training. Elapsed time: 0:01:20.465371
NAUTILUS=>2021-06-10 15:26:33.298288: Cycle: 3, Model: 0, loss: [1.050710916519165, 0.5033089518547058, 0.3407381474971771, 0.27358636260032654, 0.18360945582389832]
NAUTILUS=>2021-06-10 15:26:33.298288: Cycle: 3, Model: 0, accuracy: [0.6389156579971313, 0.8102914094924927, 0.8764285445213318, 0.9025121331214905, 0.9408676028251648]
NAUTILUS=>2021-06-10 15:26:33.298288: Cycle: 3, Model: 0, val_loss: [0.36430713534355164, 0.25770995020866394, 0.28084874153137207, 0.30716580152511597, 0.29371631145477295]
NAUTILUS=>2021-06-10 15:26:33.298288: Cycle: 3, Model: 0, val_accuracy: [0.866638720035553, 0.9088951349258423, 0.9155575633049011, 0.9189569354057312, 0.9139968752861023]
NAUTILUS=>2021-06-10 15:26:33.298288: Cycle: 3, Model: 1, loss: [1.0783882141113281, 0.5539801120758057, 0.41034072637557983, 0.3224407732486725, 0.24361228942871094]
NAUTILUS=>2021-06-10 15:26:33.298288: Cycle: 3, Model: 1, accuracy: [0.6114398241043091, 0.7815563082695007, 0.8466833233833313, 0.8862652778625488, 0.9209495186805725]
NAUTILUS=>2021-06-10 15:26:33.298288: Cycle: 3, Model: 1, val_loss: [0.3908446729183197, 0.3065914809703827, 0.262494832277298, 0.2744654715061188, 0.25558269023895264]
NAUTILUS=>2021-06-10 15:26:33.298288: Cycle: 3, Model: 1, val_accuracy: [0.8673787713050842, 0.8960530757904053, 0.910903811454773, 0.9131661057472229, 0.9138773679733276]
NAUTILUS=>2021-06-10 15:26:33.298347: Starting to generating the best model
NAUTILUS=>2021-06-10 15:26:40.539476: Completed generating the best model. Elapsed time: 0:00:07.241129
NAUTILUS=>2021-06-10 15:26:40.539476: Cycle: 3, Best Model: 0
NAUTILUS=>2021-06-10 15:26:40.539476: Cycle: 3, Best model loss: [1.050710916519165, 0.5033089518547058, 0.3407381474971771, 0.27358636260032654, 0.18360945582389832]
NAUTILUS=>2021-06-10 15:26:40.539476: Cycle: 3, Best model accuracy: [0.6389156579971313, 0.8102914094924927, 0.8764285445213318, 0.9025121331214905, 0.9408676028251648]
NAUTILUS=>2021-06-10 15:26:40.539476: Cycle: 3, Best model val_loss: [0.36430713534355164, 0.25770995020866394, 0.28084874153137207, 0.30716580152511597, 0.29371631145477295]
NAUTILUS=>2021-06-10 15:26:40.539476: Cycle: 3, Best model val_accuracy: [0.866638720035553, 0.9088951349258423, 0.9155575633049011, 0.9189569354057312, 0.9139968752861023]
NAUTILUS=>2021-06-10 15:26:40.829587: Completed active learning cycle. Elapsed time: 0:01:28.224117
NAUTILUS=>2021-06-10 15:26:40.829604: ========> Active learning cycle: 4
NAUTILUS=>2021-06-10 15:26:40.829608: Starting data loading
NAUTILUS=>2021-06-10 15:27:25.678508: Completed data loading. Elapsed time: 0:00:44.848900
NAUTILUS=>2021-06-10 15:27:25.678525: Starting model selection
NAUTILUS=>2021-06-10 15:27:25.678540: Materializing training data
NAUTILUS=>2021-06-10 15:27:25.905909: Completed materializing training data. Elapsed time: 0:00:00.227369
NAUTILUS=>2021-06-10 15:27:25.905918: Starting model training
NAUTILUS=>2021-06-10 15:29:08.341270: Completed model training. Elapsed time: 0:01:42.435352
NAUTILUS=>2021-06-10 15:29:08.341270: Cycle: 4, Model: 0, loss: [0.9954246282577515, 0.5512508153915405, 0.40315356850624084, 0.3054001033306122, 0.2146904170513153]
NAUTILUS=>2021-06-10 15:29:08.341270: Cycle: 4, Model: 0, accuracy: [0.6607085466384888, 0.8087973594665527, 0.8626412749290466, 0.9007800221443176, 0.9326201677322388]
NAUTILUS=>2021-06-10 15:29:08.341270: Cycle: 4, Model: 0, val_loss: [0.33241569995880127, 0.2548426389694214, 0.2528800368309021, 0.23583447933197021, 0.23320509493350983]
NAUTILUS=>2021-06-10 15:29:08.341270: Cycle: 4, Model: 0, val_accuracy: [0.8836964964866638, 0.9098818302154541, 0.9095988273620605, 0.9224218726158142, 0.9229169487953186]
NAUTILUS=>2021-06-10 15:29:08.341270: Cycle: 4, Model: 1, loss: [1.001509428024292, 0.5832325220108032, 0.43986427783966064, 0.3569352626800537, 0.2737649381160736]
NAUTILUS=>2021-06-10 15:29:08.341270: Cycle: 4, Model: 1, accuracy: [0.6574764251708984, 0.7933529019355774, 0.8438103199005127, 0.8796484470367432, 0.9128134846687317]
NAUTILUS=>2021-06-10 15:29:08.341270: Cycle: 4, Model: 1, val_loss: [0.34195423126220703, 0.2672618627548218, 0.25359395146369934, 0.23509535193443298, 0.23659701645374298]
NAUTILUS=>2021-06-10 15:29:08.341270: Cycle: 4, Model: 1, val_accuracy: [0.8801698088645935, 0.9056617617607117, 0.912513256072998, 0.9193992614746094, 0.9166221618652344]
NAUTILUS=>2021-06-10 15:29:08.341331: Starting to generating the best model
NAUTILUS=>2021-06-10 15:29:15.546975: Completed generating the best model. Elapsed time: 0:00:07.205644
NAUTILUS=>2021-06-10 15:29:15.546975: Cycle: 4, Best Model: 0
NAUTILUS=>2021-06-10 15:29:15.546975: Cycle: 4, Best model loss: [0.9954246282577515, 0.5512508153915405, 0.40315356850624084, 0.3054001033306122, 0.2146904170513153]
NAUTILUS=>2021-06-10 15:29:15.546975: Cycle: 4, Best model accuracy: [0.6607085466384888, 0.8087973594665527, 0.8626412749290466, 0.9007800221443176, 0.9326201677322388]
NAUTILUS=>2021-06-10 15:29:15.546975: Cycle: 4, Best model val_loss: [0.33241569995880127, 0.2548426389694214, 0.2528800368309021, 0.23583447933197021, 0.23320509493350983]
NAUTILUS=>2021-06-10 15:29:15.546975: Cycle: 4, Best model val_accuracy: [0.8836964964866638, 0.9098818302154541, 0.9095988273620605, 0.9224218726158142, 0.9229169487953186]
NAUTILUS=>2021-06-10 15:29:15.831180: Completed active learning cycle. Elapsed time: 0:01:50.152655
NAUTILUS=>2021-06-10 15:29:15.831197: ========> Active learning cycle: 5
NAUTILUS=>2021-06-10 15:29:15.831201: Starting data loading
NAUTILUS=>2021-06-10 15:29:52.085884: Completed data loading. Elapsed time: 0:00:36.254683
NAUTILUS=>2021-06-10 15:29:52.085901: Starting model selection
NAUTILUS=>2021-06-10 15:29:52.085916: Materializing training data
NAUTILUS=>2021-06-10 15:29:52.316843: Completed materializing training data. Elapsed time: 0:00:00.230927
NAUTILUS=>2021-06-10 15:29:52.316857: Starting model training
NAUTILUS=>2021-06-10 15:31:56.459921: Completed model training. Elapsed time: 0:02:04.143064
NAUTILUS=>2021-06-10 15:31:56.459921: Cycle: 5, Model: 0, loss: [0.9022670388221741, 0.5050792694091797, 0.3815656006336212, 0.2729029059410095, 0.19634509086608887]
NAUTILUS=>2021-06-10 15:31:56.459921: Cycle: 5, Model: 0, accuracy: [0.6925522089004517, 0.826988160610199, 0.8700663447380066, 0.9107909202575684, 0.9348146915435791]
NAUTILUS=>2021-06-10 15:31:56.459921: Cycle: 5, Model: 0, val_loss: [0.30096524953842163, 0.26462092995643616, 0.2451697289943695, 0.22527183592319489, 0.2334238737821579]
NAUTILUS=>2021-06-10 15:31:56.459921: Cycle: 5, Model: 0, val_accuracy: [0.8974725008010864, 0.9105351567268372, 0.9208871722221375, 0.9234322309494019, 0.9251870512962341]
NAUTILUS=>2021-06-10 15:31:56.459921: Cycle: 5, Model: 1, loss: [0.9213544726371765, 0.5376372933387756, 0.4103565514087677, 0.3255116045475006, 0.2670183777809143]
NAUTILUS=>2021-06-10 15:31:56.459921: Cycle: 5, Model: 1, accuracy: [0.6782892346382141, 0.8096230626106262, 0.8562931418418884, 0.8908949494361877, 0.9131166934967041]
NAUTILUS=>2021-06-10 15:31:56.459921: Cycle: 5, Model: 1, val_loss: [0.3290412127971649, 0.25786447525024414, 0.2446940392255783, 0.22352682054042816, 0.22379054129123688]
NAUTILUS=>2021-06-10 15:31:56.459921: Cycle: 5, Model: 1, val_accuracy: [0.8866268396377563, 0.9144852161407471, 0.9187637567520142, 0.9172080755233765, 0.9217469692230225]
NAUTILUS=>2021-06-10 15:31:56.459980: Starting to generating the best model
NAUTILUS=>2021-06-10 15:32:03.573659: Completed generating the best model. Elapsed time: 0:00:07.113679
NAUTILUS=>2021-06-10 15:32:03.573659: Cycle: 5, Best Model: 0
NAUTILUS=>2021-06-10 15:32:03.573659: Cycle: 5, Best model loss: [0.9022670388221741, 0.5050792694091797, 0.3815656006336212, 0.2729029059410095, 0.19634509086608887]
NAUTILUS=>2021-06-10 15:32:03.573659: Cycle: 5, Best model accuracy: [0.6925522089004517, 0.826988160610199, 0.8700663447380066, 0.9107909202575684, 0.9348146915435791]
NAUTILUS=>2021-06-10 15:32:03.573659: Cycle: 5, Best model val_loss: [0.30096524953842163, 0.26462092995643616, 0.2451697289943695, 0.22527183592319489, 0.2334238737821579]
NAUTILUS=>2021-06-10 15:32:03.573659: Cycle: 5, Best model val_accuracy: [0.8974725008010864, 0.9105351567268372, 0.9208871722221375, 0.9234322309494019, 0.9251870512962341]
NAUTILUS=>2021-06-10 15:32:03.858030: Completed active learning cycle. Elapsed time: 0:02:11.772129
NAUTILUS=>2021-06-10 15:32:03.858047: ========> Active learning cycle: 6
NAUTILUS=>2021-06-10 15:32:03.858051: Starting data loading
NAUTILUS=>2021-06-10 15:32:44.148928: Completed data loading. Elapsed time: 0:00:40.290877
NAUTILUS=>2021-06-10 15:32:44.148945: Starting model selection
NAUTILUS=>2021-06-10 15:32:44.148960: Materializing training data
NAUTILUS=>2021-06-10 15:32:44.374898: Completed materializing training data. Elapsed time: 0:00:00.225938
NAUTILUS=>2021-06-10 15:32:44.374907: Starting model training
NAUTILUS=>2021-06-10 15:35:09.897556: Completed model training. Elapsed time: 0:02:25.522649
NAUTILUS=>2021-06-10 15:35:09.897556: Cycle: 6, Model: 0, loss: [0.7772359848022461, 0.46117323637008667, 0.34189078211784363, 0.2510417103767395, 0.174885094165802]
NAUTILUS=>2021-06-10 15:35:09.897556: Cycle: 6, Model: 0, accuracy: [0.7326858639717102, 0.8371010422706604, 0.8861643671989441, 0.9161834716796875, 0.9420039057731628]
NAUTILUS=>2021-06-10 15:35:09.897556: Cycle: 6, Model: 0, val_loss: [0.2619089186191559, 0.24766094982624054, 0.21524202823638916, 0.20529614388942719, 0.22254419326782227]
NAUTILUS=>2021-06-10 15:35:09.897556: Cycle: 6, Model: 0, val_accuracy: [0.9094517827033997, 0.9206013083457947, 0.9248495697975159, 0.9314041137695312, 0.9361238479614258]
NAUTILUS=>2021-06-10 15:35:09.897556: Cycle: 6, Model: 1, loss: [0.8191667199134827, 0.47984549403190613, 0.378837525844574, 0.30192825198173523, 0.2406831681728363]
NAUTILUS=>2021-06-10 15:35:09.897556: Cycle: 6, Model: 1, accuracy: [0.7154324054718018, 0.8281102180480957, 0.8679325580596924, 0.898054301738739, 0.9217802882194519]
NAUTILUS=>2021-06-10 15:35:09.897556: Cycle: 6, Model: 1, val_loss: [0.27892157435417175, 0.2568160891532898, 0.21447202563285828, 0.20125102996826172, 0.21289382874965668]
NAUTILUS=>2021-06-10 15:35:09.897556: Cycle: 6, Model: 1, val_accuracy: [0.9051405787467957, 0.9089849591255188, 0.923407793045044, 0.9300217628479004, 0.9304471015930176]
NAUTILUS=>2021-06-10 15:35:09.897616: Starting to generating the best model
NAUTILUS=>2021-06-10 15:35:17.040442: Completed generating the best model. Elapsed time: 0:00:07.142826
NAUTILUS=>2021-06-10 15:35:17.040442: Cycle: 6, Best Model: 0
NAUTILUS=>2021-06-10 15:35:17.040442: Cycle: 6, Best model loss: [0.7772359848022461, 0.46117323637008667, 0.34189078211784363, 0.2510417103767395, 0.174885094165802]
NAUTILUS=>2021-06-10 15:35:17.040442: Cycle: 6, Best model accuracy: [0.7326858639717102, 0.8371010422706604, 0.8861643671989441, 0.9161834716796875, 0.9420039057731628]
NAUTILUS=>2021-06-10 15:35:17.040442: Cycle: 6, Best model val_loss: [0.2619089186191559, 0.24766094982624054, 0.21524202823638916, 0.20529614388942719, 0.22254419326782227]
NAUTILUS=>2021-06-10 15:35:17.040442: Cycle: 6, Best model val_accuracy: [0.9094517827033997, 0.9206013083457947, 0.9248495697975159, 0.9314041137695312, 0.9361238479614258]
NAUTILUS=>2021-06-10 15:35:17.325247: Completed active learning cycle. Elapsed time: 0:02:33.176302
NAUTILUS=>2021-06-10 15:35:17.325264: ========> Active learning cycle: 7
NAUTILUS=>2021-06-10 15:35:17.325269: Starting data loading
NAUTILUS=>2021-06-10 15:35:50.052914: Completed data loading. Elapsed time: 0:00:32.727645
NAUTILUS=>2021-06-10 15:35:50.052931: Starting model selection
NAUTILUS=>2021-06-10 15:35:50.052946: Materializing training data
NAUTILUS=>2021-06-10 15:35:50.280687: Completed materializing training data. Elapsed time: 0:00:00.227741
NAUTILUS=>2021-06-10 15:35:50.280697: Starting model training
NAUTILUS=>2021-06-10 15:38:37.799548: Completed model training. Elapsed time: 0:02:47.518851
NAUTILUS=>2021-06-10 15:38:37.799548: Cycle: 7, Model: 0, loss: [0.7246441841125488, 0.42826956510543823, 0.31809449195861816, 0.22588254511356354, 0.1651507019996643]
NAUTILUS=>2021-06-10 15:38:37.799548: Cycle: 7, Model: 0, accuracy: [0.7500839829444885, 0.8485237956047058, 0.8878849744796753, 0.9233829379081726, 0.9459857940673828]
NAUTILUS=>2021-06-10 15:38:37.799548: Cycle: 7, Model: 0, val_loss: [0.31070730090141296, 0.215165376663208, 0.20340020954608917, 0.20134302973747253, 0.19154813885688782]
NAUTILUS=>2021-06-10 15:38:37.799548: Cycle: 7, Model: 0, val_accuracy: [0.8894246220588684, 0.9268870949745178, 0.9268734455108643, 0.9384775161743164, 0.9420437812805176]
NAUTILUS=>2021-06-10 15:38:37.799548: Cycle: 7, Model: 1, loss: [0.7516611218452454, 0.4473727345466614, 0.3493431806564331, 0.280007928609848, 0.22958698868751526]
NAUTILUS=>2021-06-10 15:38:37.799548: Cycle: 7, Model: 1, accuracy: [0.7340381145477295, 0.839835524559021, 0.8778258562088013, 0.9052722454071045, 0.9246160984039307]
NAUTILUS=>2021-06-10 15:38:37.799548: Cycle: 7, Model: 1, val_loss: [0.2899470627307892, 0.21976061165332794, 0.2078295201063156, 0.20394250750541687, 0.18986892700195312]
NAUTILUS=>2021-06-10 15:38:37.799548: Cycle: 7, Model: 1, val_accuracy: [0.8995018005371094, 0.923759937286377, 0.924714207649231, 0.9351553916931152, 0.9370599985122681]
NAUTILUS=>2021-06-10 15:38:37.799608: Starting to generating the best model
NAUTILUS=>2021-06-10 15:38:44.960783: Completed generating the best model. Elapsed time: 0:00:07.161175
NAUTILUS=>2021-06-10 15:38:44.960783: Cycle: 7, Best Model: 0
NAUTILUS=>2021-06-10 15:38:44.960783: Cycle: 7, Best model loss: [0.7246441841125488, 0.42826956510543823, 0.31809449195861816, 0.22588254511356354, 0.1651507019996643]
NAUTILUS=>2021-06-10 15:38:44.960783: Cycle: 7, Best model accuracy: [0.7500839829444885, 0.8485237956047058, 0.8878849744796753, 0.9233829379081726, 0.9459857940673828]
NAUTILUS=>2021-06-10 15:38:44.960783: Cycle: 7, Best model val_loss: [0.31070730090141296, 0.215165376663208, 0.20340020954608917, 0.20134302973747253, 0.19154813885688782]
NAUTILUS=>2021-06-10 15:38:44.960783: Cycle: 7, Best model val_accuracy: [0.8894246220588684, 0.9268870949745178, 0.9268734455108643, 0.9384775161743164, 0.9420437812805176]
NAUTILUS=>2021-06-10 15:38:45.257296: Completed active learning cycle. Elapsed time: 0:02:55.204365
NAUTILUS=>2021-06-10 15:38:45.257313: ========> Active learning cycle: 8
NAUTILUS=>2021-06-10 15:38:45.257317: Starting data loading
NAUTILUS=>2021-06-10 15:39:21.390431: Completed data loading. Elapsed time: 0:00:36.133114
NAUTILUS=>2021-06-10 15:39:21.390448: Starting model selection
NAUTILUS=>2021-06-10 15:39:21.390463: Materializing training data
NAUTILUS=>2021-06-10 15:39:21.619707: Completed materializing training data. Elapsed time: 0:00:00.229244
NAUTILUS=>2021-06-10 15:39:21.619719: Starting model training
NAUTILUS=>2021-06-10 15:42:31.142121: Completed model training. Elapsed time: 0:03:09.522402
NAUTILUS=>2021-06-10 15:42:31.142121: Cycle: 8, Model: 0, loss: [0.6613696217536926, 0.38173094391822815, 0.2943154275417328, 0.2077510803937912, 0.1525905430316925]
NAUTILUS=>2021-06-10 15:42:31.142121: Cycle: 8, Model: 0, accuracy: [0.7641004323959351, 0.8629973530769348, 0.8943129181861877, 0.9306310415267944, 0.9475318193435669]
NAUTILUS=>2021-06-10 15:42:31.142121: Cycle: 8, Model: 0, val_loss: [0.30009379982948303, 0.21281485259532928, 0.1882755160331726, 0.19019176065921783, 0.1873742640018463]
NAUTILUS=>2021-06-10 15:42:31.142121: Cycle: 8, Model: 0, val_accuracy: [0.8921392560005188, 0.920867383480072, 0.9310674071311951, 0.9363886117935181, 0.942392885684967]
NAUTILUS=>2021-06-10 15:42:31.142121: Cycle: 8, Model: 1, loss: [0.6855139136314392, 0.40236198902130127, 0.31910258531570435, 0.25575125217437744, 0.2056828886270523]
NAUTILUS=>2021-06-10 15:42:31.142121: Cycle: 8, Model: 1, accuracy: [0.7540463209152222, 0.8537322282791138, 0.8865036964416504, 0.9159224629402161, 0.9301028251647949]
NAUTILUS=>2021-06-10 15:42:31.142121: Cycle: 8, Model: 1, val_loss: [0.29464277625083923, 0.22398683428764343, 0.19340969622135162, 0.1868259310722351, 0.18292999267578125]
NAUTILUS=>2021-06-10 15:42:31.142121: Cycle: 8, Model: 1, val_accuracy: [0.893787145614624, 0.9187412261962891, 0.9295024275779724, 0.9357739090919495, 0.9366198778152466]
NAUTILUS=>2021-06-10 15:42:31.142181: Starting to generating the best model
NAUTILUS=>2021-06-10 15:42:38.309059: Completed generating the best model. Elapsed time: 0:00:07.166878
NAUTILUS=>2021-06-10 15:42:38.309059: Cycle: 8, Best Model: 0
NAUTILUS=>2021-06-10 15:42:38.309059: Cycle: 8, Best model loss: [0.6613696217536926, 0.38173094391822815, 0.2943154275417328, 0.2077510803937912, 0.1525905430316925]
NAUTILUS=>2021-06-10 15:42:38.309059: Cycle: 8, Best model accuracy: [0.7641004323959351, 0.8629973530769348, 0.8943129181861877, 0.9306310415267944, 0.9475318193435669]
NAUTILUS=>2021-06-10 15:42:38.309059: Cycle: 8, Best model val_loss: [0.30009379982948303, 0.21281485259532928, 0.1882755160331726, 0.19019176065921783, 0.1873742640018463]
NAUTILUS=>2021-06-10 15:42:38.309059: Cycle: 8, Best model val_accuracy: [0.8921392560005188, 0.920867383480072, 0.9310674071311951, 0.9363886117935181, 0.942392885684967]
NAUTILUS=>2021-06-10 15:42:38.594327: Completed active learning cycle. Elapsed time: 0:03:17.203879
NAUTILUS=>2021-06-10 15:42:38.594345: ========> Active learning cycle: 9
NAUTILUS=>2021-06-10 15:42:38.594349: Starting data loading
NAUTILUS=>2021-06-10 15:43:07.771634: Completed data loading. Elapsed time: 0:00:29.177285
NAUTILUS=>2021-06-10 15:43:07.771673: Starting model selection
NAUTILUS=>2021-06-10 15:43:07.771701: Materializing training data
NAUTILUS=>2021-06-10 15:43:07.998285: Completed materializing training data. Elapsed time: 0:00:00.226584
NAUTILUS=>2021-06-10 15:43:07.998295: Starting model training
NAUTILUS=>2021-06-10 15:46:38.796857: Completed model training. Elapsed time: 0:03:30.798562
NAUTILUS=>2021-06-10 15:46:38.796857: Cycle: 9, Model: 0, loss: [0.5891876220703125, 0.35010355710983276, 0.263089656829834, 0.19373126327991486, 0.128718763589859]
NAUTILUS=>2021-06-10 15:46:38.796857: Cycle: 9, Model: 0, accuracy: [0.7920834422111511, 0.8755455613136292, 0.9067505598068237, 0.9331355690956116, 0.9550378918647766]
NAUTILUS=>2021-06-10 15:46:38.796857: Cycle: 9, Model: 0, val_loss: [0.23351408541202545, 0.21635441482067108, 0.2039899230003357, 0.18695317208766937, 0.18311607837677002]
NAUTILUS=>2021-06-10 15:46:38.796857: Cycle: 9, Model: 0, val_accuracy: [0.9142825603485107, 0.9229653477668762, 0.9279215931892395, 0.9390749335289001, 0.9429144859313965]
NAUTILUS=>2021-06-10 15:46:38.796857: Cycle: 9, Model: 1, loss: [0.6258044838905334, 0.3668191134929657, 0.29265302419662476, 0.23392322659492493, 0.18652287125587463]
NAUTILUS=>2021-06-10 15:46:38.796857: Cycle: 9, Model: 1, accuracy: [0.7785175442695618, 0.8695222735404968, 0.8965908288955688, 0.9190775156021118, 0.9360812306404114]
NAUTILUS=>2021-06-10 15:46:38.796857: Cycle: 9, Model: 1, val_loss: [0.237893208861351, 0.21142199635505676, 0.19747664034366608, 0.18325337767601013, 0.1727941781282425]
NAUTILUS=>2021-06-10 15:46:38.796857: Cycle: 9, Model: 1, val_accuracy: [0.9122366905212402, 0.9263814687728882, 0.9310650825500488, 0.9358396530151367, 0.9425045251846313]
NAUTILUS=>2021-06-10 15:46:38.796919: Starting to generating the best model
NAUTILUS=>2021-06-10 15:46:46.015982: Completed generating the best model. Elapsed time: 0:00:07.219063
NAUTILUS=>2021-06-10 15:46:46.015982: Cycle: 9, Best Model: 0
NAUTILUS=>2021-06-10 15:46:46.015982: Cycle: 9, Best model loss: [0.5891876220703125, 0.35010355710983276, 0.263089656829834, 0.19373126327991486, 0.128718763589859]
NAUTILUS=>2021-06-10 15:46:46.015982: Cycle: 9, Best model accuracy: [0.7920834422111511, 0.8755455613136292, 0.9067505598068237, 0.9331355690956116, 0.9550378918647766]
NAUTILUS=>2021-06-10 15:46:46.015982: Cycle: 9, Best model val_loss: [0.23351408541202545, 0.21635441482067108, 0.2039899230003357, 0.18695317208766937, 0.18311607837677002]
NAUTILUS=>2021-06-10 15:46:46.015982: Cycle: 9, Best model val_accuracy: [0.9142825603485107, 0.9229653477668762, 0.9279215931892395, 0.9390749335289001, 0.9429144859313965]
NAUTILUS=>2021-06-10 15:46:46.300618: Completed active learning cycle. Elapsed time: 0:03:38.528945
NAUTILUS=>2021-06-10 15:46:46.300635: ========> Active learning cycle: 10
NAUTILUS=>2021-06-10 15:46:46.300639: Starting data loading
NAUTILUS=>2021-06-10 15:47:18.277073: Completed data loading. Elapsed time: 0:00:31.976434
NAUTILUS=>2021-06-10 15:47:18.277091: Starting model selection
NAUTILUS=>2021-06-10 15:47:18.277105: Materializing training data
NAUTILUS=>2021-06-10 15:47:18.509333: Completed materializing training data. Elapsed time: 0:00:00.232228
NAUTILUS=>2021-06-10 15:47:18.509343: Starting model training
NAUTILUS=>2021-06-10 15:51:10.363726: Completed model training. Elapsed time: 0:03:51.854383
NAUTILUS=>2021-06-10 15:51:10.363726: Cycle: 10, Model: 0, loss: [0.5556557178497314, 0.32797372341156006, 0.2423727661371231, 0.1762564480304718, 0.11212102323770523]
NAUTILUS=>2021-06-10 15:51:10.363726: Cycle: 10, Model: 0, accuracy: [0.8031183481216431, 0.8801777362823486, 0.9160688519477844, 0.9404976963996887, 0.9611852765083313]
NAUTILUS=>2021-06-10 15:51:10.363726: Cycle: 10, Model: 0, val_loss: [0.22682785987854004, 0.22067227959632874, 0.19367578625679016, 0.16511277854442596, 0.1710963398218155]
NAUTILUS=>2021-06-10 15:51:10.363726: Cycle: 10, Model: 0, val_accuracy: [0.9212881326675415, 0.9197500348091125, 0.9337924122810364, 0.9504273533821106, 0.9485598802566528]
NAUTILUS=>2021-06-10 15:51:10.363726: Cycle: 10, Model: 1, loss: [0.5827612280845642, 0.3444710671901703, 0.2696906626224518, 0.22190362215042114, 0.16695049405097961]
NAUTILUS=>2021-06-10 15:51:10.363726: Cycle: 10, Model: 1, accuracy: [0.7933720350265503, 0.8741418123245239, 0.9041061401367188, 0.9250553250312805, 0.9438035488128662]
NAUTILUS=>2021-06-10 15:51:10.363726: Cycle: 10, Model: 1, val_loss: [0.22688975930213928, 0.21835890412330627, 0.2041664570569992, 0.1776302307844162, 0.16666948795318604]
NAUTILUS=>2021-06-10 15:51:10.363726: Cycle: 10, Model: 1, val_accuracy: [0.919441282749176, 0.9222579002380371, 0.9284718036651611, 0.9421285390853882, 0.9475880265235901]
NAUTILUS=>2021-06-10 15:51:10.363787: Starting to generating the best model
NAUTILUS=>2021-06-10 15:51:17.536205: Completed generating the best model. Elapsed time: 0:00:07.172418
NAUTILUS=>2021-06-10 15:51:17.536205: Cycle: 10, Best Model: 0
NAUTILUS=>2021-06-10 15:51:17.536205: Cycle: 10, Best model loss: [0.5556557178497314, 0.32797372341156006, 0.2423727661371231, 0.1762564480304718, 0.11212102323770523]
NAUTILUS=>2021-06-10 15:51:17.536205: Cycle: 10, Best model accuracy: [0.8031183481216431, 0.8801777362823486, 0.9160688519477844, 0.9404976963996887, 0.9611852765083313]
NAUTILUS=>2021-06-10 15:51:17.536205: Cycle: 10, Best model val_loss: [0.22682785987854004, 0.22067227959632874, 0.19367578625679016, 0.16511277854442596, 0.1710963398218155]
NAUTILUS=>2021-06-10 15:51:17.536205: Cycle: 10, Best model val_accuracy: [0.9212881326675415, 0.9197500348091125, 0.9337924122810364, 0.9504273533821106, 0.9485598802566528]
NAUTILUS=>2021-06-10 15:51:17.834715: Completed active learning cycle. Elapsed time: 0:03:59.557624
NAUTILUS=>2021-06-10 15:51:17.834732: Workload completed. Elapsed time: 0:30:14.221590
