NAUTILUS=>2021-06-10 17:51:44.145536: Starting workload
NAUTILUS=>2021-06-10 17:51:44.145536: RANDOM_SEED: 2020
NAUTILUS=>2021-06-10 17:51:44.145536: VERY_LARGE_VALUE: 1000000000000000.0
NAUTILUS=>2021-06-10 17:51:44.145536: NO_MAT_OPT: False
NAUTILUS=>2021-06-10 17:51:44.145536: MODE: ftr3-4
NAUTILUS=>2021-06-10 17:51:44.145536: STORAGE_PATH: ./storage
NAUTILUS=>2021-06-10 17:51:44.145536: NO_FUSE_OPT: False
NAUTILUS=>2021-06-10 17:51:44.145536: NUM_EPOCHS: 5
NAUTILUS=>2021-06-10 17:51:44.145536: MAX_NUM_RECORDS: 5000
NAUTILUS=>2021-06-10 17:51:44.145536: ACTIVE_LEARNING_BATCH_SIZE: 500
NAUTILUS=>2021-06-10 17:51:44.145536: VALID_FRACTION: 0.2
NAUTILUS=>2021-06-10 17:51:44.145536: SAMPLING_STRATERGY: uncertainty
NAUTILUS=>2021-06-10 17:51:44.145536: NO_PRETRAINING: False
NAUTILUS=>2021-06-10 17:51:44.145536: STORAGE_BUDGET: 25
NAUTILUS=>2021-06-10 17:51:44.145536: MEMORY_BUDGET: 10
NAUTILUS=>2021-06-10 17:51:44.145536: WORKSPACE_MEMORY: 1
NAUTILUS=>2021-06-10 17:51:44.145536: COMPUTE_THROUGHPUT: 6
NAUTILUS=>2021-06-10 17:51:44.145536: DISK_THROUGHPUT: 500
NAUTILUS=>2021-06-10 17:51:44.145536: SHUFFLE_BUFFER_SIZE: 10000
NAUTILUS=>2021-06-10 17:51:44.145587: Starting system initialization
NAUTILUS=>2021-06-10 17:51:44.864512: Starting model profiling
NAUTILUS=>2021-06-10 17:52:22.377532: Completed model profiling. Elapsed time: 0:00:37.513017
NAUTILUS=>2021-06-10 17:52:22.377532: Model parameters
NAUTILUS=>2021-06-10 17:52:22.377602: Generating optimized model selection plan
NAUTILUS=>2021-06-10 17:52:22.449957: Materialized layers candidates: tf_op_layer_strided_slice,tf_op_layer_Cast,tf_op_layer_Sub,tf_op_layer_Mul,layer_9
NAUTILUS=>2021-06-10 17:52:22.536536: Used materialized layers: layer_9
NAUTILUS=>2021-06-10 17:52:22.536536: Model training plan: {"0_1_2_3": {"models": ["0", "1", "2", "3"], "output_layers": ["0/classifier", "1/classifier", "2/classifier", "3/classifier"], "flops_consumption": 994632973975000.0, "compute_flops": 881986489600000.0, "load_flops": 112646484375000.0, "memory_consumption": 3.1480912677943707, "used_materialized_layers": ["layer_9"], "batch_size": 16, "num_epochs": [5, 5, 5, 5], "flops_reduction": 252692865175000.0, "merged_models": ["0_1", "2_3"]}}
NAUTILUS=>2021-06-10 17:52:22.536650: Completed generating optimized model selection plan. Elapsed time: 0:00:00.159047
NAUTILUS=>2021-06-10 17:52:22.536658: Generating fused models
NAUTILUS=>2021-06-10 17:52:35.142727: Completed generating fused models. Elapsed time: 0:00:12.606069
NAUTILUS=>2021-06-10 17:52:35.142727: Current Practice FLOPs: 596552158720.0
NAUTILUS=>2021-06-10 17:52:35.142727: Optimal FLOPs: 148388021760.0
NAUTILUS=>2021-06-10 17:52:35.142727: Theoretical Speedup: 4.020217748335861
NAUTILUS=>2021-06-10 17:52:35.194903: Completed system initialization. Elapsed time: 0:00:51.049316
NAUTILUS=>2021-06-10 17:52:35.194924: ========> Active learning cycle: 1
NAUTILUS=>2021-06-10 17:52:35.194929: Starting data loading
NAUTILUS=>2021-06-10 17:52:51.381494: Completed data loading. Elapsed time: 0:00:16.186565
NAUTILUS=>2021-06-10 17:52:51.381518: Starting model selection
NAUTILUS=>2021-06-10 17:52:51.381537: Materializing training data
NAUTILUS=>2021-06-10 17:52:51.617437: Completed materializing training data. Elapsed time: 0:00:00.235900
NAUTILUS=>2021-06-10 17:52:51.617448: Generating intermediate features
NAUTILUS=>2021-06-10 17:53:00.172705: Completed generating intermediate features. Elapsed time: 0:00:08.555257
NAUTILUS=>2021-06-10 17:53:00.172725: Starting model training
NAUTILUS=>2021-06-10 17:53:30.235187: Completed model training. Elapsed time: 0:00:30.062462
NAUTILUS=>2021-06-10 17:53:30.235187: Cycle: 1, Model: 0, loss: [0.828880786895752, 0.2970869541168213, 0.19052249193191528, 0.12513618171215057, 0.08048417419195175]
NAUTILUS=>2021-06-10 17:53:30.235187: Cycle: 1, Model: 0, accuracy: [0.7468414902687073, 0.8900124430656433, 0.9346765279769897, 0.9563759565353394, 0.9700300097465515]
NAUTILUS=>2021-06-10 17:53:30.235187: Cycle: 1, Model: 0, val_loss: [0.4639214277267456, 0.41468510031700134, 0.3532772362232208, 0.393357515335083, 0.37415391206741333]
NAUTILUS=>2021-06-10 17:53:30.235187: Cycle: 1, Model: 0, val_accuracy: [0.8359349966049194, 0.8561877608299255, 0.8714163899421692, 0.8704221248626709, 0.8852939605712891]
NAUTILUS=>2021-06-10 17:53:30.235187: Cycle: 1, Model: 1, loss: [1.004594087600708, 0.4065803289413452, 0.28088250756263733, 0.1944686770439148, 0.1432686597108841]
NAUTILUS=>2021-06-10 17:53:30.235187: Cycle: 1, Model: 1, accuracy: [0.7063083052635193, 0.8641493320465088, 0.9058865904808044, 0.9262921214103699, 0.9485536217689514]
NAUTILUS=>2021-06-10 17:53:30.235187: Cycle: 1, Model: 1, val_loss: [0.5762648582458496, 0.4119472801685333, 0.3756779432296753, 0.36078959703445435, 0.36561137437820435]
NAUTILUS=>2021-06-10 17:53:30.235187: Cycle: 1, Model: 1, val_accuracy: [0.8098840117454529, 0.8507524728775024, 0.8563680052757263, 0.869193971157074, 0.8720411062240601]
NAUTILUS=>2021-06-10 17:53:30.235187: Cycle: 1, Model: 2, loss: [1.10059654712677, 0.4744577705860138, 0.3396696150302887, 0.2579961121082306, 0.2015160620212555]
NAUTILUS=>2021-06-10 17:53:30.235187: Cycle: 1, Model: 2, accuracy: [0.6883387565612793, 0.8442584276199341, 0.8858430981636047, 0.9036238193511963, 0.9335419535636902]
NAUTILUS=>2021-06-10 17:53:30.235187: Cycle: 1, Model: 2, val_loss: [0.6876410841941833, 0.472998708486557, 0.41176077723503113, 0.39722809195518494, 0.3804224133491516]
NAUTILUS=>2021-06-10 17:53:30.235187: Cycle: 1, Model: 2, val_accuracy: [0.7769367694854736, 0.828457236289978, 0.848990797996521, 0.8405357599258423, 0.8534486889839172]
NAUTILUS=>2021-06-10 17:53:30.235187: Cycle: 1, Model: 3, loss: [1.230085849761963, 0.5972630381584167, 0.42791739106178284, 0.3265362083911896, 0.26702556014060974]
NAUTILUS=>2021-06-10 17:53:30.235187: Cycle: 1, Model: 3, accuracy: [0.6550421118736267, 0.8016746044158936, 0.8581827282905579, 0.8822500109672546, 0.9073532819747925]
NAUTILUS=>2021-06-10 17:53:30.235187: Cycle: 1, Model: 3, val_loss: [0.7879536151885986, 0.5699779391288757, 0.4662770926952362, 0.4216022491455078, 0.40840330719947815]
NAUTILUS=>2021-06-10 17:53:30.235187: Cycle: 1, Model: 3, val_accuracy: [0.7376022934913635, 0.8131635785102844, 0.8351553082466125, 0.8348590135574341, 0.8504737615585327]
NAUTILUS=>2021-06-10 17:53:30.235283: Starting to generating the best model
NAUTILUS=>2021-06-10 17:53:36.459362: Completed generating the best model. Elapsed time: 0:00:06.224079
NAUTILUS=>2021-06-10 17:53:36.459362: Cycle: 1, Best Model: 0
NAUTILUS=>2021-06-10 17:53:36.459362: Cycle: 1, Best model loss: [0.828880786895752, 0.2970869541168213, 0.19052249193191528, 0.12513618171215057, 0.08048417419195175]
NAUTILUS=>2021-06-10 17:53:36.459362: Cycle: 1, Best model accuracy: [0.7468414902687073, 0.8900124430656433, 0.9346765279769897, 0.9563759565353394, 0.9700300097465515]
NAUTILUS=>2021-06-10 17:53:36.459362: Cycle: 1, Best model val_loss: [0.4639214277267456, 0.41468510031700134, 0.3532772362232208, 0.393357515335083, 0.37415391206741333]
NAUTILUS=>2021-06-10 17:53:36.459362: Cycle: 1, Best model val_accuracy: [0.8359349966049194, 0.8561877608299255, 0.8714163899421692, 0.8704221248626709, 0.8852939605712891]
NAUTILUS=>2021-06-10 17:53:36.745279: Completed active learning cycle. Elapsed time: 0:00:45.363761
NAUTILUS=>2021-06-10 17:53:36.745296: ========> Active learning cycle: 2
NAUTILUS=>2021-06-10 17:53:36.745300: Starting data loading
NAUTILUS=>2021-06-10 17:54:25.416058: Completed data loading. Elapsed time: 0:00:48.670758
NAUTILUS=>2021-06-10 17:54:25.416076: Starting model selection
NAUTILUS=>2021-06-10 17:54:25.416093: Materializing training data
NAUTILUS=>2021-06-10 17:54:25.643381: Completed materializing training data. Elapsed time: 0:00:00.227288
NAUTILUS=>2021-06-10 17:54:25.643394: Generating intermediate features
NAUTILUS=>2021-06-10 17:54:34.251062: Completed generating intermediate features. Elapsed time: 0:00:08.607668
NAUTILUS=>2021-06-10 17:54:34.251081: Starting model training
NAUTILUS=>2021-06-10 17:55:20.490892: Completed model training. Elapsed time: 0:00:46.239811
NAUTILUS=>2021-06-10 17:55:20.490892: Cycle: 2, Model: 0, loss: [0.9820090532302856, 0.42822322249412537, 0.2744886875152588, 0.19114267826080322, 0.12522201240062714]
NAUTILUS=>2021-06-10 17:55:20.490892: Cycle: 2, Model: 0, accuracy: [0.6411345601081848, 0.8296785950660706, 0.8881787657737732, 0.9303540587425232, 0.9543465375900269]
NAUTILUS=>2021-06-10 17:55:20.490892: Cycle: 2, Model: 0, val_loss: [0.378217875957489, 0.34705260396003723, 0.2961651086807251, 0.28355544805526733, 0.3051360845565796]
NAUTILUS=>2021-06-10 17:55:20.490892: Cycle: 2, Model: 0, val_accuracy: [0.8639460802078247, 0.8841715455055237, 0.9048786163330078, 0.9142364263534546, 0.9139883518218994]
NAUTILUS=>2021-06-10 17:55:20.490892: Cycle: 2, Model: 1, loss: [1.031630516052246, 0.49598363041877747, 0.338368684053421, 0.2519090175628662, 0.17347872257232666]
NAUTILUS=>2021-06-10 17:55:20.490892: Cycle: 2, Model: 1, accuracy: [0.6214208006858826, 0.8046935200691223, 0.8720493316650391, 0.9077181816101074, 0.9331250190734863]
NAUTILUS=>2021-06-10 17:55:20.490892: Cycle: 2, Model: 1, val_loss: [0.4488494098186493, 0.3552568852901459, 0.2943028211593628, 0.28837546706199646, 0.27607962489128113]
NAUTILUS=>2021-06-10 17:55:20.490892: Cycle: 2, Model: 1, val_accuracy: [0.8425663709640503, 0.8833434581756592, 0.8984968066215515, 0.9134674668312073, 0.9148668646812439]
NAUTILUS=>2021-06-10 17:55:20.490892: Cycle: 2, Model: 2, loss: [1.1710573434829712, 0.594035804271698, 0.4166698455810547, 0.3269309103488922, 0.24684353172779083]
NAUTILUS=>2021-06-10 17:55:20.490892: Cycle: 2, Model: 2, accuracy: [0.5746650695800781, 0.7590763568878174, 0.8437793850898743, 0.8772196769714355, 0.906093418598175]
NAUTILUS=>2021-06-10 17:55:20.490892: Cycle: 2, Model: 2, val_loss: [0.5098970532417297, 0.384104460477829, 0.3192782700061798, 0.3005669116973877, 0.27994731068611145]
NAUTILUS=>2021-06-10 17:55:20.490892: Cycle: 2, Model: 2, val_accuracy: [0.8162043690681458, 0.8690874576568604, 0.8832870721817017, 0.9080027937889099, 0.9080075621604919]
NAUTILUS=>2021-06-10 17:55:20.490892: Cycle: 2, Model: 3, loss: [1.2702641487121582, 0.6870141625404358, 0.504310667514801, 0.41127339005470276, 0.33217594027519226]
NAUTILUS=>2021-06-10 17:55:20.490892: Cycle: 2, Model: 3, accuracy: [0.5490967035293579, 0.7168906927108765, 0.8053242564201355, 0.8456637859344482, 0.8711362481117249]
NAUTILUS=>2021-06-10 17:55:20.490892: Cycle: 2, Model: 3, val_loss: [0.5931740403175354, 0.4284387230873108, 0.36116084456443787, 0.3322778344154358, 0.3065924346446991]
NAUTILUS=>2021-06-10 17:55:20.490892: Cycle: 2, Model: 3, val_accuracy: [0.7932661175727844, 0.8485016822814941, 0.8722827434539795, 0.8984524011611938, 0.9016739726066589]
NAUTILUS=>2021-06-10 17:55:20.490989: Starting to generating the best model
NAUTILUS=>2021-06-10 17:55:26.747834: Completed generating the best model. Elapsed time: 0:00:06.256845
NAUTILUS=>2021-06-10 17:55:26.747834: Cycle: 2, Best Model: 1
NAUTILUS=>2021-06-10 17:55:26.747834: Cycle: 2, Best model loss: [1.031630516052246, 0.49598363041877747, 0.338368684053421, 0.2519090175628662, 0.17347872257232666]
NAUTILUS=>2021-06-10 17:55:26.747834: Cycle: 2, Best model accuracy: [0.6214208006858826, 0.8046935200691223, 0.8720493316650391, 0.9077181816101074, 0.9331250190734863]
NAUTILUS=>2021-06-10 17:55:26.747834: Cycle: 2, Best model val_loss: [0.4488494098186493, 0.3552568852901459, 0.2943028211593628, 0.28837546706199646, 0.27607962489128113]
NAUTILUS=>2021-06-10 17:55:26.747834: Cycle: 2, Best model val_accuracy: [0.8425663709640503, 0.8833434581756592, 0.8984968066215515, 0.9134674668312073, 0.9148668646812439]
NAUTILUS=>2021-06-10 17:55:27.036119: Completed active learning cycle. Elapsed time: 0:01:01.620043
NAUTILUS=>2021-06-10 17:55:27.036136: ========> Active learning cycle: 3
NAUTILUS=>2021-06-10 17:55:27.036140: Starting data loading
NAUTILUS=>2021-06-10 17:56:06.652807: Completed data loading. Elapsed time: 0:00:39.616667
NAUTILUS=>2021-06-10 17:56:06.652823: Starting model selection
NAUTILUS=>2021-06-10 17:56:06.652839: Materializing training data
NAUTILUS=>2021-06-10 17:56:06.879012: Completed materializing training data. Elapsed time: 0:00:00.226173
NAUTILUS=>2021-06-10 17:56:06.879022: Generating intermediate features
NAUTILUS=>2021-06-10 17:56:15.421218: Completed generating intermediate features. Elapsed time: 0:00:08.542196
NAUTILUS=>2021-06-10 17:56:15.421238: Starting model training
NAUTILUS=>2021-06-10 17:57:17.550753: Completed model training. Elapsed time: 0:01:02.129515
NAUTILUS=>2021-06-10 17:57:17.550753: Cycle: 3, Model: 0, loss: [1.0503240823745728, 0.5038192272186279, 0.34329548478126526, 0.27409422397613525, 0.18432031571865082]
NAUTILUS=>2021-06-10 17:57:17.550753: Cycle: 3, Model: 0, accuracy: [0.6394216418266296, 0.8110025525093079, 0.8757426142692566, 0.9025945067405701, 0.9401528835296631]
NAUTILUS=>2021-06-10 17:57:17.550753: Cycle: 3, Model: 0, val_loss: [0.36566832661628723, 0.2560340464115143, 0.27582308650016785, 0.31012749671936035, 0.2955993413925171]
NAUTILUS=>2021-06-10 17:57:17.550753: Cycle: 3, Model: 0, val_accuracy: [0.8686020970344543, 0.9100136160850525, 0.9169734716415405, 0.9171760082244873, 0.9122934937477112]
NAUTILUS=>2021-06-10 17:57:17.550753: Cycle: 3, Model: 1, loss: [1.0786219835281372, 0.5533127784729004, 0.41141536831855774, 0.3229483664035797, 0.24406534433364868]
NAUTILUS=>2021-06-10 17:57:17.550753: Cycle: 3, Model: 1, accuracy: [0.6122634410858154, 0.7813418507575989, 0.846768319606781, 0.8865628838539124, 0.9208267331123352]
NAUTILUS=>2021-06-10 17:57:17.550753: Cycle: 3, Model: 1, val_loss: [0.38938483595848083, 0.3041932284832001, 0.2628311812877655, 0.2745210826396942, 0.25541338324546814]
NAUTILUS=>2021-06-10 17:57:17.550753: Cycle: 3, Model: 1, val_accuracy: [0.8718843460083008, 0.8965688347816467, 0.9098889231681824, 0.9124472141265869, 0.9129377007484436]
NAUTILUS=>2021-06-10 17:57:17.550753: Cycle: 3, Model: 2, loss: [1.173411250114441, 0.6405545473098755, 0.4942150413990021, 0.40278422832489014, 0.3289356827735901]
NAUTILUS=>2021-06-10 17:57:17.550753: Cycle: 3, Model: 2, accuracy: [0.580635666847229, 0.7494320273399353, 0.8104904890060425, 0.8541501760482788, 0.8839531540870667]
NAUTILUS=>2021-06-10 17:57:17.550753: Cycle: 3, Model: 2, val_loss: [0.47131678462028503, 0.35854095220565796, 0.3004438281059265, 0.27271783351898193, 0.26489606499671936]
NAUTILUS=>2021-06-10 17:57:17.550753: Cycle: 3, Model: 2, val_accuracy: [0.8249059915542603, 0.8742010593414307, 0.8958098292350769, 0.9077868461608887, 0.9134292602539062]
NAUTILUS=>2021-06-10 17:57:17.550753: Cycle: 3, Model: 3, loss: [1.2739770412445068, 0.7285146713256836, 0.5687881708145142, 0.4734950661659241, 0.3920931816101074]
NAUTILUS=>2021-06-10 17:57:17.550753: Cycle: 3, Model: 3, accuracy: [0.5530614256858826, 0.7097641825675964, 0.7803652286529541, 0.82074373960495, 0.8602864742279053]
NAUTILUS=>2021-06-10 17:57:17.550753: Cycle: 3, Model: 3, val_loss: [0.5316216349601746, 0.38841527700424194, 0.3417527675628662, 0.3005862534046173, 0.28646865487098694]
NAUTILUS=>2021-06-10 17:57:17.550753: Cycle: 3, Model: 3, val_accuracy: [0.8050476908683777, 0.8711074590682983, 0.8834086060523987, 0.8952108025550842, 0.9024705290794373]
NAUTILUS=>2021-06-10 17:57:17.550849: Starting to generating the best model
NAUTILUS=>2021-06-10 17:57:23.757488: Completed generating the best model. Elapsed time: 0:00:06.206639
NAUTILUS=>2021-06-10 17:57:23.757488: Cycle: 3, Best Model: 2
NAUTILUS=>2021-06-10 17:57:23.757488: Cycle: 3, Best model loss: [1.173411250114441, 0.6405545473098755, 0.4942150413990021, 0.40278422832489014, 0.3289356827735901]
NAUTILUS=>2021-06-10 17:57:23.757488: Cycle: 3, Best model accuracy: [0.580635666847229, 0.7494320273399353, 0.8104904890060425, 0.8541501760482788, 0.8839531540870667]
NAUTILUS=>2021-06-10 17:57:23.757488: Cycle: 3, Best model val_loss: [0.47131678462028503, 0.35854095220565796, 0.3004438281059265, 0.27271783351898193, 0.26489606499671936]
NAUTILUS=>2021-06-10 17:57:23.757488: Cycle: 3, Best model val_accuracy: [0.8249059915542603, 0.8742010593414307, 0.8958098292350769, 0.9077868461608887, 0.9134292602539062]
NAUTILUS=>2021-06-10 17:57:24.042528: Completed active learning cycle. Elapsed time: 0:01:17.389705
NAUTILUS=>2021-06-10 17:57:24.042544: ========> Active learning cycle: 4
NAUTILUS=>2021-06-10 17:57:24.042548: Starting data loading
NAUTILUS=>2021-06-10 17:58:08.711559: Completed data loading. Elapsed time: 0:00:44.669011
NAUTILUS=>2021-06-10 17:58:08.711577: Starting model selection
NAUTILUS=>2021-06-10 17:58:08.711594: Materializing training data
NAUTILUS=>2021-06-10 17:58:08.937939: Completed materializing training data. Elapsed time: 0:00:00.226345
NAUTILUS=>2021-06-10 17:58:08.937949: Generating intermediate features
NAUTILUS=>2021-06-10 17:58:17.503678: Completed generating intermediate features. Elapsed time: 0:00:08.565729
NAUTILUS=>2021-06-10 17:58:17.503699: Starting model training
NAUTILUS=>2021-06-10 17:59:35.316202: Completed model training. Elapsed time: 0:01:17.812503
NAUTILUS=>2021-06-10 17:59:35.316202: Cycle: 4, Model: 0, loss: [1.0007450580596924, 0.5386736392974854, 0.38935211300849915, 0.28623175621032715, 0.19687123596668243]
NAUTILUS=>2021-06-10 17:59:35.316202: Cycle: 4, Model: 0, accuracy: [0.6615559458732605, 0.813633143901825, 0.8663817048072815, 0.9032334089279175, 0.9374695420265198]
NAUTILUS=>2021-06-10 17:59:35.316202: Cycle: 4, Model: 0, val_loss: [0.35358813405036926, 0.2887240946292877, 0.26977843046188354, 0.24321216344833374, 0.2455395758152008]
NAUTILUS=>2021-06-10 17:59:35.316202: Cycle: 4, Model: 0, val_accuracy: [0.8783340454101562, 0.8984920382499695, 0.906108021736145, 0.9223610758781433, 0.9265408515930176]
NAUTILUS=>2021-06-10 17:59:35.316202: Cycle: 4, Model: 1, loss: [1.0142467021942139, 0.5698196291923523, 0.43418461084365845, 0.3525908291339874, 0.2743302285671234]
NAUTILUS=>2021-06-10 17:59:35.316202: Cycle: 4, Model: 1, accuracy: [0.6520774960517883, 0.7998597025871277, 0.8527160882949829, 0.8819565773010254, 0.9148235321044922]
NAUTILUS=>2021-06-10 17:59:35.316202: Cycle: 4, Model: 1, val_loss: [0.357993483543396, 0.2813897430896759, 0.24565917253494263, 0.23920086026191711, 0.23523733019828796]
NAUTILUS=>2021-06-10 17:59:35.316202: Cycle: 4, Model: 1, val_accuracy: [0.883351743221283, 0.8983660340309143, 0.9147924184799194, 0.9203234314918518, 0.9223295450210571]
NAUTILUS=>2021-06-10 17:59:35.316202: Cycle: 4, Model: 2, loss: [1.088930368423462, 0.6305785179138184, 0.495967835187912, 0.4107176959514618, 0.34650394320487976]
NAUTILUS=>2021-06-10 17:59:35.316202: Cycle: 4, Model: 2, accuracy: [0.6281378269195557, 0.7715151309967041, 0.8276664614677429, 0.8608231544494629, 0.8871836066246033]
NAUTILUS=>2021-06-10 17:59:35.316202: Cycle: 4, Model: 2, val_loss: [0.4040851593017578, 0.29758158326148987, 0.2775493860244751, 0.24165937304496765, 0.24623627960681915]
NAUTILUS=>2021-06-10 17:59:35.316202: Cycle: 4, Model: 2, val_accuracy: [0.8620694875717163, 0.8995107412338257, 0.9048641324043274, 0.917738676071167, 0.9149627685546875]
NAUTILUS=>2021-06-10 17:59:35.316202: Cycle: 4, Model: 3, loss: [1.157570242881775, 0.7072559595108032, 0.5625317692756653, 0.4762425720691681, 0.40739184617996216]
NAUTILUS=>2021-06-10 17:59:35.316202: Cycle: 4, Model: 3, accuracy: [0.5996688008308411, 0.7423927187919617, 0.8035558462142944, 0.833922803401947, 0.8620312213897705]
NAUTILUS=>2021-06-10 17:59:35.316202: Cycle: 4, Model: 3, val_loss: [0.4594841003417969, 0.34411075711250305, 0.30147138237953186, 0.2650788128376007, 0.2584414780139923]
NAUTILUS=>2021-06-10 17:59:35.316202: Cycle: 4, Model: 3, val_accuracy: [0.8350563049316406, 0.8728525042533875, 0.8964491486549377, 0.9098873138427734, 0.9113976359367371]
NAUTILUS=>2021-06-10 17:59:35.316296: Starting to generating the best model
NAUTILUS=>2021-06-10 17:59:41.536386: Completed generating the best model. Elapsed time: 0:00:06.220090
NAUTILUS=>2021-06-10 17:59:41.536386: Cycle: 4, Best Model: 0
NAUTILUS=>2021-06-10 17:59:41.536386: Cycle: 4, Best model loss: [1.0007450580596924, 0.5386736392974854, 0.38935211300849915, 0.28623175621032715, 0.19687123596668243]
NAUTILUS=>2021-06-10 17:59:41.536386: Cycle: 4, Best model accuracy: [0.6615559458732605, 0.813633143901825, 0.8663817048072815, 0.9032334089279175, 0.9374695420265198]
NAUTILUS=>2021-06-10 17:59:41.536386: Cycle: 4, Best model val_loss: [0.35358813405036926, 0.2887240946292877, 0.26977843046188354, 0.24321216344833374, 0.2455395758152008]
NAUTILUS=>2021-06-10 17:59:41.536386: Cycle: 4, Best model val_accuracy: [0.8783340454101562, 0.8984920382499695, 0.906108021736145, 0.9223610758781433, 0.9265408515930176]
NAUTILUS=>2021-06-10 17:59:41.823587: Completed active learning cycle. Elapsed time: 0:01:33.112010
NAUTILUS=>2021-06-10 17:59:41.823605: ========> Active learning cycle: 5
NAUTILUS=>2021-06-10 17:59:41.823609: Starting data loading
NAUTILUS=>2021-06-10 18:00:18.219264: Completed data loading. Elapsed time: 0:00:36.395655
NAUTILUS=>2021-06-10 18:00:18.219280: Starting model selection
NAUTILUS=>2021-06-10 18:00:18.219296: Materializing training data
NAUTILUS=>2021-06-10 18:00:18.450846: Completed materializing training data. Elapsed time: 0:00:00.231550
NAUTILUS=>2021-06-10 18:00:18.450857: Generating intermediate features
NAUTILUS=>2021-06-10 18:00:27.039559: Completed generating intermediate features. Elapsed time: 0:00:08.588702
NAUTILUS=>2021-06-10 18:00:27.039579: Starting model training
NAUTILUS=>2021-06-10 18:02:00.666413: Completed model training. Elapsed time: 0:01:33.626834
NAUTILUS=>2021-06-10 18:02:00.666413: Cycle: 5, Model: 0, loss: [0.8848878145217896, 0.48879098892211914, 0.3627718687057495, 0.27218595147132874, 0.2061728835105896]
NAUTILUS=>2021-06-10 18:02:00.666413: Cycle: 5, Model: 0, accuracy: [0.697338879108429, 0.8288840651512146, 0.8729316592216492, 0.9055098295211792, 0.9343339800834656]
NAUTILUS=>2021-06-10 18:02:00.666413: Cycle: 5, Model: 0, val_loss: [0.31290188431739807, 0.25376370549201965, 0.23948746919631958, 0.22341026365756989, 0.2342166155576706]
NAUTILUS=>2021-06-10 18:02:00.666413: Cycle: 5, Model: 0, val_accuracy: [0.8828927874565125, 0.9140087366104126, 0.920835554599762, 0.9284613132476807, 0.9284204244613647]
NAUTILUS=>2021-06-10 18:02:00.666413: Cycle: 5, Model: 1, loss: [0.931462824344635, 0.5267236828804016, 0.405816912651062, 0.32352131605148315, 0.26926353573799133]
NAUTILUS=>2021-06-10 18:02:00.666413: Cycle: 5, Model: 1, accuracy: [0.6760247945785522, 0.812559962272644, 0.8585521578788757, 0.890867292881012, 0.913202166557312]
NAUTILUS=>2021-06-10 18:02:00.666413: Cycle: 5, Model: 1, val_loss: [0.3221791088581085, 0.256032258272171, 0.23639313876628876, 0.21526899933815002, 0.21449017524719238]
NAUTILUS=>2021-06-10 18:02:00.666413: Cycle: 5, Model: 1, val_accuracy: [0.8834271430969238, 0.9131736159324646, 0.9191558361053467, 0.9234687685966492, 0.927733838558197]
NAUTILUS=>2021-06-10 18:02:00.666413: Cycle: 5, Model: 2, loss: [0.9871426224708557, 0.5766896605491638, 0.45632660388946533, 0.37810710072517395, 0.32490047812461853]
NAUTILUS=>2021-06-10 18:02:00.666413: Cycle: 5, Model: 2, accuracy: [0.6508467197418213, 0.7911696434020996, 0.8388306498527527, 0.8714576959609985, 0.893989622592926]
NAUTILUS=>2021-06-10 18:02:00.666413: Cycle: 5, Model: 2, val_loss: [0.36145880818367004, 0.28238633275032043, 0.24801592528820038, 0.22655874490737915, 0.21870160102844238]
NAUTILUS=>2021-06-10 18:02:00.666413: Cycle: 5, Model: 2, val_accuracy: [0.8718570470809937, 0.9073320031166077, 0.9183659553527832, 0.9207580089569092, 0.9231885671615601]
NAUTILUS=>2021-06-10 18:02:00.666413: Cycle: 5, Model: 3, loss: [1.0761611461639404, 0.6479772925376892, 0.5219250917434692, 0.4377794861793518, 0.38239797949790955]
NAUTILUS=>2021-06-10 18:02:00.666413: Cycle: 5, Model: 3, accuracy: [0.6204816102981567, 0.7633841037750244, 0.8116997480392456, 0.8473471403121948, 0.8717269897460938]
NAUTILUS=>2021-06-10 18:02:00.666413: Cycle: 5, Model: 3, val_loss: [0.4186553359031677, 0.3157375752925873, 0.27084529399871826, 0.2447422742843628, 0.23244576156139374]
NAUTILUS=>2021-06-10 18:02:00.666413: Cycle: 5, Model: 3, val_accuracy: [0.8494088649749756, 0.8946815729141235, 0.9061723351478577, 0.917978823184967, 0.9197957515716553]
NAUTILUS=>2021-06-10 18:02:00.666508: Starting to generating the best model
NAUTILUS=>2021-06-10 18:02:06.874609: Completed generating the best model. Elapsed time: 0:00:06.208101
NAUTILUS=>2021-06-10 18:02:06.874609: Cycle: 5, Best Model: 0
NAUTILUS=>2021-06-10 18:02:06.874609: Cycle: 5, Best model loss: [0.8848878145217896, 0.48879098892211914, 0.3627718687057495, 0.27218595147132874, 0.2061728835105896]
NAUTILUS=>2021-06-10 18:02:06.874609: Cycle: 5, Best model accuracy: [0.697338879108429, 0.8288840651512146, 0.8729316592216492, 0.9055098295211792, 0.9343339800834656]
NAUTILUS=>2021-06-10 18:02:06.874609: Cycle: 5, Best model val_loss: [0.31290188431739807, 0.25376370549201965, 0.23948746919631958, 0.22341026365756989, 0.2342166155576706]
NAUTILUS=>2021-06-10 18:02:06.874609: Cycle: 5, Best model val_accuracy: [0.8828927874565125, 0.9140087366104126, 0.920835554599762, 0.9284613132476807, 0.9284204244613647]
NAUTILUS=>2021-06-10 18:02:07.160985: Completed active learning cycle. Elapsed time: 0:01:48.941705
NAUTILUS=>2021-06-10 18:02:07.161002: ========> Active learning cycle: 6
NAUTILUS=>2021-06-10 18:02:07.161006: Starting data loading
NAUTILUS=>2021-06-10 18:02:47.640462: Completed data loading. Elapsed time: 0:00:40.479456
NAUTILUS=>2021-06-10 18:02:47.640480: Starting model selection
NAUTILUS=>2021-06-10 18:02:47.640495: Materializing training data
NAUTILUS=>2021-06-10 18:02:47.869787: Completed materializing training data. Elapsed time: 0:00:00.229292
NAUTILUS=>2021-06-10 18:02:47.869798: Generating intermediate features
NAUTILUS=>2021-06-10 18:02:56.436375: Completed generating intermediate features. Elapsed time: 0:00:08.566577
NAUTILUS=>2021-06-10 18:02:56.436394: Starting model training
NAUTILUS=>2021-06-10 18:04:46.312887: Completed model training. Elapsed time: 0:01:49.876493
NAUTILUS=>2021-06-10 18:04:46.312887: Cycle: 6, Model: 0, loss: [0.7799059748649597, 0.4475197494029999, 0.3352033495903015, 0.2527945339679718, 0.17626158893108368]
NAUTILUS=>2021-06-10 18:04:46.312887: Cycle: 6, Model: 0, accuracy: [0.732487142086029, 0.8406215310096741, 0.8847308158874512, 0.9127742648124695, 0.9426755905151367]
NAUTILUS=>2021-06-10 18:04:46.312887: Cycle: 6, Model: 0, val_loss: [0.2617006003856659, 0.2251167595386505, 0.22748515009880066, 0.21376164257526398, 0.20616896450519562]
NAUTILUS=>2021-06-10 18:04:46.312887: Cycle: 6, Model: 0, val_accuracy: [0.9085649847984314, 0.9225978851318359, 0.9225368499755859, 0.9260216355323792, 0.9396024346351624]
NAUTILUS=>2021-06-10 18:04:46.312887: Cycle: 6, Model: 1, loss: [0.8577334880828857, 0.4769701659679413, 0.36819326877593994, 0.29865533113479614, 0.2383086383342743]
NAUTILUS=>2021-06-10 18:04:46.312887: Cycle: 6, Model: 1, accuracy: [0.7027397155761719, 0.8298553824424744, 0.8731132745742798, 0.8976854681968689, 0.9217761158943176]
NAUTILUS=>2021-06-10 18:04:46.312887: Cycle: 6, Model: 1, val_loss: [0.2994542121887207, 0.23533648252487183, 0.23076215386390686, 0.2149992436170578, 0.19967922568321228]
NAUTILUS=>2021-06-10 18:04:46.312887: Cycle: 6, Model: 1, val_accuracy: [0.8887873291969299, 0.9165675044059753, 0.9221133589744568, 0.9264320135116577, 0.932578444480896]
NAUTILUS=>2021-06-10 18:04:46.312887: Cycle: 6, Model: 2, loss: [0.9080008864402771, 0.5181938409805298, 0.416238009929657, 0.3497507870197296, 0.29401424527168274]
NAUTILUS=>2021-06-10 18:04:46.312887: Cycle: 6, Model: 2, accuracy: [0.68609219789505, 0.812924325466156, 0.8533921241760254, 0.8781057596206665, 0.9023430347442627]
NAUTILUS=>2021-06-10 18:04:46.312887: Cycle: 6, Model: 2, val_loss: [0.3255128860473633, 0.24867965281009674, 0.2447500079870224, 0.21283544600009918, 0.2095867544412613]
NAUTILUS=>2021-06-10 18:04:46.312887: Cycle: 6, Model: 2, val_accuracy: [0.8861247897148132, 0.9106525778770447, 0.9180237054824829, 0.9212964773178101, 0.9266910552978516]
NAUTILUS=>2021-06-10 18:04:46.312887: Cycle: 6, Model: 3, loss: [0.9801280498504639, 0.5705810785293579, 0.4610678553581238, 0.39663398265838623, 0.34780922532081604]
NAUTILUS=>2021-06-10 18:04:46.312887: Cycle: 6, Model: 3, accuracy: [0.6618385910987854, 0.7917631268501282, 0.8346881866455078, 0.8589101433753967, 0.8812127709388733]
NAUTILUS=>2021-06-10 18:04:46.312887: Cycle: 6, Model: 3, val_loss: [0.36156296730041504, 0.2740590572357178, 0.266250342130661, 0.22509431838989258, 0.2198164165019989]
NAUTILUS=>2021-06-10 18:04:46.312887: Cycle: 6, Model: 3, val_accuracy: [0.8762493133544922, 0.9015923142433167, 0.9119346141815186, 0.9198166131973267, 0.9219072461128235]
NAUTILUS=>2021-06-10 18:04:46.312982: Starting to generating the best model
NAUTILUS=>2021-06-10 18:04:52.555492: Completed generating the best model. Elapsed time: 0:00:06.242510
NAUTILUS=>2021-06-10 18:04:52.555492: Cycle: 6, Best Model: 0
NAUTILUS=>2021-06-10 18:04:52.555492: Cycle: 6, Best model loss: [0.7799059748649597, 0.4475197494029999, 0.3352033495903015, 0.2527945339679718, 0.17626158893108368]
NAUTILUS=>2021-06-10 18:04:52.555492: Cycle: 6, Best model accuracy: [0.732487142086029, 0.8406215310096741, 0.8847308158874512, 0.9127742648124695, 0.9426755905151367]
NAUTILUS=>2021-06-10 18:04:52.555492: Cycle: 6, Best model val_loss: [0.2617006003856659, 0.2251167595386505, 0.22748515009880066, 0.21376164257526398, 0.20616896450519562]
NAUTILUS=>2021-06-10 18:04:52.555492: Cycle: 6, Best model val_accuracy: [0.9085649847984314, 0.9225978851318359, 0.9225368499755859, 0.9260216355323792, 0.9396024346351624]
NAUTILUS=>2021-06-10 18:04:52.855087: Completed active learning cycle. Elapsed time: 0:02:05.214607
NAUTILUS=>2021-06-10 18:04:52.855104: ========> Active learning cycle: 7
NAUTILUS=>2021-06-10 18:04:52.855108: Starting data loading
NAUTILUS=>2021-06-10 18:05:25.527595: Completed data loading. Elapsed time: 0:00:32.672487
NAUTILUS=>2021-06-10 18:05:25.527612: Starting model selection
NAUTILUS=>2021-06-10 18:05:25.527629: Materializing training data
NAUTILUS=>2021-06-10 18:05:25.758531: Completed materializing training data. Elapsed time: 0:00:00.230902
NAUTILUS=>2021-06-10 18:05:25.758542: Generating intermediate features
NAUTILUS=>2021-06-10 18:05:34.288572: Completed generating intermediate features. Elapsed time: 0:00:08.530030
NAUTILUS=>2021-06-10 18:05:34.288591: Starting model training
NAUTILUS=>2021-06-10 18:07:39.600371: Completed model training. Elapsed time: 0:02:05.311780
NAUTILUS=>2021-06-10 18:07:39.600371: Cycle: 7, Model: 0, loss: [0.7210490107536316, 0.40925759077072144, 0.30445167422294617, 0.2211378663778305, 0.15454119443893433]
NAUTILUS=>2021-06-10 18:07:39.600371: Cycle: 7, Model: 0, accuracy: [0.7428813576698303, 0.8553975224494934, 0.8921898603439331, 0.9242388010025024, 0.9469484090805054]
NAUTILUS=>2021-06-10 18:07:39.600371: Cycle: 7, Model: 0, val_loss: [0.270775705575943, 0.24026012420654297, 0.21184054017066956, 0.19838587939739227, 0.2035641223192215]
NAUTILUS=>2021-06-10 18:07:39.600371: Cycle: 7, Model: 0, val_accuracy: [0.9040488004684448, 0.9125903248786926, 0.9240053296089172, 0.9326165914535522, 0.938501238822937]
NAUTILUS=>2021-06-10 18:07:39.600371: Cycle: 7, Model: 1, loss: [0.7434539198875427, 0.43372949957847595, 0.3424170911312103, 0.2751854658126831, 0.21608343720436096]
NAUTILUS=>2021-06-10 18:07:39.600371: Cycle: 7, Model: 1, accuracy: [0.7365965247154236, 0.8461467027664185, 0.8774643540382385, 0.9037654399871826, 0.9280001521110535]
NAUTILUS=>2021-06-10 18:07:39.600371: Cycle: 7, Model: 1, val_loss: [0.27121758460998535, 0.23520317673683167, 0.20953543484210968, 0.19085301458835602, 0.20605693757534027]
NAUTILUS=>2021-06-10 18:07:39.600371: Cycle: 7, Model: 1, val_accuracy: [0.8990492224693298, 0.911944568157196, 0.9277746677398682, 0.934415876865387, 0.9318259954452515]
NAUTILUS=>2021-06-10 18:07:39.600371: Cycle: 7, Model: 2, loss: [0.8064925074577332, 0.46961572766304016, 0.3784085214138031, 0.31999391317367554, 0.2689339220523834]
NAUTILUS=>2021-06-10 18:07:39.600371: Cycle: 7, Model: 2, accuracy: [0.7110469937324524, 0.825434684753418, 0.8634249567985535, 0.8862703442573547, 0.9094283580780029]
NAUTILUS=>2021-06-10 18:07:39.600371: Cycle: 7, Model: 2, val_loss: [0.2872576117515564, 0.25581058859825134, 0.21671973168849945, 0.19970209896564484, 0.19689825177192688]
NAUTILUS=>2021-06-10 18:07:39.600371: Cycle: 7, Model: 2, val_accuracy: [0.8976507782936096, 0.9059022665023804, 0.9251323342323303, 0.9306334853172302, 0.9324584007263184]
NAUTILUS=>2021-06-10 18:07:39.600371: Cycle: 7, Model: 3, loss: [0.8916301727294922, 0.5187742114067078, 0.41736677289009094, 0.3593777120113373, 0.31207922101020813]
NAUTILUS=>2021-06-10 18:07:39.600371: Cycle: 7, Model: 3, accuracy: [0.6843173503875732, 0.805760383605957, 0.8469839692115784, 0.8699266910552979, 0.8906269073486328]
NAUTILUS=>2021-06-10 18:07:39.600371: Cycle: 7, Model: 3, val_loss: [0.32793787121772766, 0.2756146788597107, 0.23478055000305176, 0.2069612741470337, 0.19912564754486084]
NAUTILUS=>2021-06-10 18:07:39.600371: Cycle: 7, Model: 3, val_accuracy: [0.8821759819984436, 0.8978015780448914, 0.9153954386711121, 0.9256220459938049, 0.9305779337882996]
NAUTILUS=>2021-06-10 18:07:39.600466: Starting to generating the best model
NAUTILUS=>2021-06-10 18:07:45.799183: Completed generating the best model. Elapsed time: 0:00:06.198717
NAUTILUS=>2021-06-10 18:07:45.799183: Cycle: 7, Best Model: 0
NAUTILUS=>2021-06-10 18:07:45.799183: Cycle: 7, Best model loss: [0.7210490107536316, 0.40925759077072144, 0.30445167422294617, 0.2211378663778305, 0.15454119443893433]
NAUTILUS=>2021-06-10 18:07:45.799183: Cycle: 7, Best model accuracy: [0.7428813576698303, 0.8553975224494934, 0.8921898603439331, 0.9242388010025024, 0.9469484090805054]
NAUTILUS=>2021-06-10 18:07:45.799183: Cycle: 7, Best model val_loss: [0.270775705575943, 0.24026012420654297, 0.21184054017066956, 0.19838587939739227, 0.2035641223192215]
NAUTILUS=>2021-06-10 18:07:45.799183: Cycle: 7, Best model val_accuracy: [0.9040488004684448, 0.9125903248786926, 0.9240053296089172, 0.9326165914535522, 0.938501238822937]
NAUTILUS=>2021-06-10 18:07:46.084070: Completed active learning cycle. Elapsed time: 0:02:20.556458
NAUTILUS=>2021-06-10 18:07:46.084087: ========> Active learning cycle: 8
NAUTILUS=>2021-06-10 18:07:46.084091: Starting data loading
NAUTILUS=>2021-06-10 18:08:22.338991: Completed data loading. Elapsed time: 0:00:36.254900
NAUTILUS=>2021-06-10 18:08:22.339008: Starting model selection
NAUTILUS=>2021-06-10 18:08:22.339025: Materializing training data
NAUTILUS=>2021-06-10 18:08:22.563071: Completed materializing training data. Elapsed time: 0:00:00.224046
NAUTILUS=>2021-06-10 18:08:22.563081: Generating intermediate features
NAUTILUS=>2021-06-10 18:08:31.161828: Completed generating intermediate features. Elapsed time: 0:00:08.598747
NAUTILUS=>2021-06-10 18:08:31.161846: Starting model training
NAUTILUS=>2021-06-10 18:10:53.059739: Completed model training. Elapsed time: 0:02:21.897893
NAUTILUS=>2021-06-10 18:10:53.059739: Cycle: 8, Model: 0, loss: [0.6718448400497437, 0.3807009160518646, 0.2823652923107147, 0.2076112926006317, 0.14397749304771423]
NAUTILUS=>2021-06-10 18:10:53.059739: Cycle: 8, Model: 0, accuracy: [0.7587196826934814, 0.8660128712654114, 0.8980731964111328, 0.9282039403915405, 0.9491518139839172]
NAUTILUS=>2021-06-10 18:10:53.059739: Cycle: 8, Model: 0, val_loss: [0.22863587737083435, 0.2030155062675476, 0.18493080139160156, 0.18176321685314178, 0.17416447401046753]
NAUTILUS=>2021-06-10 18:10:53.059739: Cycle: 8, Model: 0, val_accuracy: [0.915519118309021, 0.9282082915306091, 0.9356071352958679, 0.9361710548400879, 0.9417523145675659]
NAUTILUS=>2021-06-10 18:10:53.059739: Cycle: 8, Model: 1, loss: [0.6902695298194885, 0.39783990383148193, 0.315409779548645, 0.2507399618625641, 0.20231473445892334]
NAUTILUS=>2021-06-10 18:10:53.059739: Cycle: 8, Model: 1, accuracy: [0.753304660320282, 0.8575289845466614, 0.8884945511817932, 0.9145820736885071, 0.9287827014923096]
NAUTILUS=>2021-06-10 18:10:53.059739: Cycle: 8, Model: 1, val_loss: [0.2558402717113495, 0.21755363047122955, 0.19007211923599243, 0.2072482705116272, 0.1817731261253357]
NAUTILUS=>2021-06-10 18:10:53.059739: Cycle: 8, Model: 1, val_accuracy: [0.9043871164321899, 0.9253643751144409, 0.9292773604393005, 0.9284062385559082, 0.9338024854660034]
NAUTILUS=>2021-06-10 18:10:53.059739: Cycle: 8, Model: 2, loss: [0.7524764537811279, 0.42888665199279785, 0.348734974861145, 0.2905641496181488, 0.24767270684242249]
NAUTILUS=>2021-06-10 18:10:53.059739: Cycle: 8, Model: 2, accuracy: [0.7313785552978516, 0.8412048816680908, 0.8743583559989929, 0.8988536596298218, 0.9137240648269653]
NAUTILUS=>2021-06-10 18:10:53.059739: Cycle: 8, Model: 2, val_loss: [0.28271210193634033, 0.23825085163116455, 0.20550088584423065, 0.22930751740932465, 0.18564723432064056]
NAUTILUS=>2021-06-10 18:10:53.059739: Cycle: 8, Model: 2, val_accuracy: [0.8967980146408081, 0.9163406491279602, 0.9278138875961304, 0.9193829894065857, 0.9301071763038635]
NAUTILUS=>2021-06-10 18:10:53.059739: Cycle: 8, Model: 3, loss: [0.811948299407959, 0.472953200340271, 0.38307511806488037, 0.3278703987598419, 0.28738510608673096]
NAUTILUS=>2021-06-10 18:10:53.059739: Cycle: 8, Model: 3, accuracy: [0.7093144059181213, 0.8223863244056702, 0.8592469692230225, 0.8852560520172119, 0.8993871808052063]
NAUTILUS=>2021-06-10 18:10:53.059739: Cycle: 8, Model: 3, val_loss: [0.31324243545532227, 0.24673952162265778, 0.22166448831558228, 0.2188728153705597, 0.19268915057182312]
NAUTILUS=>2021-06-10 18:10:53.059739: Cycle: 8, Model: 3, val_accuracy: [0.8893628716468811, 0.9100815057754517, 0.9226542711257935, 0.926652729511261, 0.9273749589920044]
NAUTILUS=>2021-06-10 18:10:53.059835: Starting to generating the best model
NAUTILUS=>2021-06-10 18:10:59.260886: Completed generating the best model. Elapsed time: 0:00:06.201051
NAUTILUS=>2021-06-10 18:10:59.260886: Cycle: 8, Best Model: 0
NAUTILUS=>2021-06-10 18:10:59.260886: Cycle: 8, Best model loss: [0.6718448400497437, 0.3807009160518646, 0.2823652923107147, 0.2076112926006317, 0.14397749304771423]
NAUTILUS=>2021-06-10 18:10:59.260886: Cycle: 8, Best model accuracy: [0.7587196826934814, 0.8660128712654114, 0.8980731964111328, 0.9282039403915405, 0.9491518139839172]
NAUTILUS=>2021-06-10 18:10:59.260886: Cycle: 8, Best model val_loss: [0.22863587737083435, 0.2030155062675476, 0.18493080139160156, 0.18176321685314178, 0.17416447401046753]
NAUTILUS=>2021-06-10 18:10:59.260886: Cycle: 8, Best model val_accuracy: [0.915519118309021, 0.9282082915306091, 0.9356071352958679, 0.9361710548400879, 0.9417523145675659]
NAUTILUS=>2021-06-10 18:10:59.546013: Completed active learning cycle. Elapsed time: 0:02:37.207005
NAUTILUS=>2021-06-10 18:10:59.546030: ========> Active learning cycle: 9
NAUTILUS=>2021-06-10 18:10:59.546034: Starting data loading
NAUTILUS=>2021-06-10 18:11:28.780217: Completed data loading. Elapsed time: 0:00:29.234183
NAUTILUS=>2021-06-10 18:11:28.780235: Starting model selection
NAUTILUS=>2021-06-10 18:11:28.780251: Materializing training data
NAUTILUS=>2021-06-10 18:11:29.006845: Completed materializing training data. Elapsed time: 0:00:00.226594
NAUTILUS=>2021-06-10 18:11:29.006856: Generating intermediate features
NAUTILUS=>2021-06-10 18:11:37.602193: Completed generating intermediate features. Elapsed time: 0:00:08.595337
NAUTILUS=>2021-06-10 18:11:37.602212: Starting model training
NAUTILUS=>2021-06-10 18:14:15.139513: Completed model training. Elapsed time: 0:02:37.537301
NAUTILUS=>2021-06-10 18:14:15.139513: Cycle: 9, Model: 0, loss: [0.5994001030921936, 0.34691840410232544, 0.25637686252593994, 0.1871970295906067, 0.12991678714752197]
NAUTILUS=>2021-06-10 18:14:15.139513: Cycle: 9, Model: 0, accuracy: [0.7850269675254822, 0.8763583898544312, 0.9091951251029968, 0.9382106065750122, 0.9586482644081116]
NAUTILUS=>2021-06-10 18:14:15.139513: Cycle: 9, Model: 0, val_loss: [0.2532639801502228, 0.20106619596481323, 0.21742025017738342, 0.2034749686717987, 0.15851855278015137]
NAUTILUS=>2021-06-10 18:14:15.139513: Cycle: 9, Model: 0, val_accuracy: [0.9074808359146118, 0.9269320964813232, 0.9227011203765869, 0.9341027140617371, 0.9529892802238464]
NAUTILUS=>2021-06-10 18:14:15.139513: Cycle: 9, Model: 1, loss: [0.633196234703064, 0.36707428097724915, 0.28609606623649597, 0.2328377068042755, 0.18655724823474884]
NAUTILUS=>2021-06-10 18:14:15.139513: Cycle: 9, Model: 1, accuracy: [0.7736384868621826, 0.8667924404144287, 0.8987037539482117, 0.922006368637085, 0.9387070536613464]
NAUTILUS=>2021-06-10 18:14:15.139513: Cycle: 9, Model: 1, val_loss: [0.2631303369998932, 0.2094380408525467, 0.2199176549911499, 0.18535758554935455, 0.16279326379299164]
NAUTILUS=>2021-06-10 18:14:15.139513: Cycle: 9, Model: 1, val_accuracy: [0.9046743512153625, 0.9249738454818726, 0.9212781190872192, 0.9381538033485413, 0.9470577239990234]
NAUTILUS=>2021-06-10 18:14:15.139513: Cycle: 9, Model: 2, loss: [0.678204357624054, 0.39580824971199036, 0.3182631731033325, 0.2711067795753479, 0.2346578985452652]
NAUTILUS=>2021-06-10 18:14:15.139513: Cycle: 9, Model: 2, accuracy: [0.7603383660316467, 0.8549362421035767, 0.8845474720001221, 0.9051306247711182, 0.9221205115318298]
NAUTILUS=>2021-06-10 18:14:15.139513: Cycle: 9, Model: 2, val_loss: [0.2657715380191803, 0.21907731890678406, 0.20843039453029633, 0.18419991433620453, 0.16948215663433075]
NAUTILUS=>2021-06-10 18:14:15.139513: Cycle: 9, Model: 2, val_accuracy: [0.9059364795684814, 0.9250432848930359, 0.9280872941017151, 0.9385952353477478, 0.9416543841362]
NAUTILUS=>2021-06-10 18:14:15.139513: Cycle: 9, Model: 3, loss: [0.7369945645332336, 0.43071702122688293, 0.3511417508125305, 0.30474427342414856, 0.2712985575199127]
NAUTILUS=>2021-06-10 18:14:15.139513: Cycle: 9, Model: 3, accuracy: [0.7414450645446777, 0.8406052589416504, 0.8703121542930603, 0.8916506171226501, 0.9082132577896118]
NAUTILUS=>2021-06-10 18:14:15.139513: Cycle: 9, Model: 3, val_loss: [0.2831648886203766, 0.227157860994339, 0.20553672313690186, 0.19015474617481232, 0.17994730174541473]
NAUTILUS=>2021-06-10 18:14:15.139513: Cycle: 9, Model: 3, val_accuracy: [0.8998286724090576, 0.9197348356246948, 0.9291390776634216, 0.9357405304908752, 0.9369311332702637]
NAUTILUS=>2021-06-10 18:14:15.139606: Starting to generating the best model
NAUTILUS=>2021-06-10 18:14:21.308089: Completed generating the best model. Elapsed time: 0:00:06.168483
NAUTILUS=>2021-06-10 18:14:21.308089: Cycle: 9, Best Model: 0
NAUTILUS=>2021-06-10 18:14:21.308089: Cycle: 9, Best model loss: [0.5994001030921936, 0.34691840410232544, 0.25637686252593994, 0.1871970295906067, 0.12991678714752197]
NAUTILUS=>2021-06-10 18:14:21.308089: Cycle: 9, Best model accuracy: [0.7850269675254822, 0.8763583898544312, 0.9091951251029968, 0.9382106065750122, 0.9586482644081116]
NAUTILUS=>2021-06-10 18:14:21.308089: Cycle: 9, Best model val_loss: [0.2532639801502228, 0.20106619596481323, 0.21742025017738342, 0.2034749686717987, 0.15851855278015137]
NAUTILUS=>2021-06-10 18:14:21.308089: Cycle: 9, Best model val_accuracy: [0.9074808359146118, 0.9269320964813232, 0.9227011203765869, 0.9341027140617371, 0.9529892802238464]
NAUTILUS=>2021-06-10 18:14:21.601151: Completed active learning cycle. Elapsed time: 0:02:52.820916
NAUTILUS=>2021-06-10 18:14:21.601168: ========> Active learning cycle: 10
NAUTILUS=>2021-06-10 18:14:21.601172: Starting data loading
NAUTILUS=>2021-06-10 18:14:53.628794: Completed data loading. Elapsed time: 0:00:32.027622
NAUTILUS=>2021-06-10 18:14:53.628811: Starting model selection
NAUTILUS=>2021-06-10 18:14:53.628828: Materializing training data
NAUTILUS=>2021-06-10 18:14:53.856496: Completed materializing training data. Elapsed time: 0:00:00.227668
NAUTILUS=>2021-06-10 18:14:53.856510: Generating intermediate features
NAUTILUS=>2021-06-10 18:15:02.460028: Completed generating intermediate features. Elapsed time: 0:00:08.603518
NAUTILUS=>2021-06-10 18:15:02.460048: Starting model training
NAUTILUS=>2021-06-10 18:17:55.885797: Completed model training. Elapsed time: 0:02:53.425749
NAUTILUS=>2021-06-10 18:17:55.885797: Cycle: 10, Model: 0, loss: [0.542404055595398, 0.3179537355899811, 0.23686349391937256, 0.17325758934020996, 0.11653106659650803]
NAUTILUS=>2021-06-10 18:17:55.885797: Cycle: 10, Model: 0, accuracy: [0.8078020215034485, 0.8830544352531433, 0.9165287613868713, 0.940236508846283, 0.959884524345398]
NAUTILUS=>2021-06-10 18:17:55.885797: Cycle: 10, Model: 0, val_loss: [0.22863295674324036, 0.20842614769935608, 0.18285052478313446, 0.19213123619556427, 0.17745237052440643]
NAUTILUS=>2021-06-10 18:17:55.885797: Cycle: 10, Model: 0, val_accuracy: [0.9162759780883789, 0.9302547574043274, 0.941116452217102, 0.9473493099212646, 0.9478427767753601]
NAUTILUS=>2021-06-10 18:17:55.885797: Cycle: 10, Model: 1, loss: [0.5823196768760681, 0.3342655897140503, 0.26608580350875854, 0.21616217494010925, 0.16846142709255219]
NAUTILUS=>2021-06-10 18:17:55.885797: Cycle: 10, Model: 1, accuracy: [0.7911154627799988, 0.8763619065284729, 0.9056137800216675, 0.9244393110275269, 0.9427660703659058]
NAUTILUS=>2021-06-10 18:17:55.885797: Cycle: 10, Model: 1, val_loss: [0.24104611575603485, 0.2072170376777649, 0.18436476588249207, 0.18791773915290833, 0.17437057197093964]
NAUTILUS=>2021-06-10 18:17:55.885797: Cycle: 10, Model: 1, val_accuracy: [0.9085873961448669, 0.9282183051109314, 0.9380381107330322, 0.9416784644126892, 0.944671630859375]
NAUTILUS=>2021-06-10 18:17:55.885797: Cycle: 10, Model: 2, loss: [0.6288971304893494, 0.3620333671569824, 0.2933414578437805, 0.25143420696258545, 0.21222613751888275]
NAUTILUS=>2021-06-10 18:17:55.885797: Cycle: 10, Model: 2, accuracy: [0.7747762203216553, 0.8652350306510925, 0.8958092927932739, 0.9108414053916931, 0.9258469939231873]
NAUTILUS=>2021-06-10 18:17:55.885797: Cycle: 10, Model: 2, val_loss: [0.26232773065567017, 0.2132718563079834, 0.18863065540790558, 0.1856834590435028, 0.1788203865289688]
NAUTILUS=>2021-06-10 18:17:55.885797: Cycle: 10, Model: 2, val_accuracy: [0.9048997759819031, 0.9260978102684021, 0.9366419315338135, 0.9397688508033752, 0.9402225017547607]
NAUTILUS=>2021-06-10 18:17:55.885797: Cycle: 10, Model: 3, loss: [0.6820585131645203, 0.39051198959350586, 0.32015275955200195, 0.27895379066467285, 0.24405433237552643]
NAUTILUS=>2021-06-10 18:17:55.885797: Cycle: 10, Model: 3, accuracy: [0.7572382092475891, 0.8542375564575195, 0.8837295174598694, 0.9016124606132507, 0.9139552712440491]
NAUTILUS=>2021-06-10 18:17:55.885797: Cycle: 10, Model: 3, val_loss: [0.2832877039909363, 0.22548167407512665, 0.19819743931293488, 0.18843834102153778, 0.1839793175458908]
NAUTILUS=>2021-06-10 18:17:55.885797: Cycle: 10, Model: 3, val_accuracy: [0.8976028561592102, 0.9194267988204956, 0.9330015778541565, 0.9375421404838562, 0.9375811219215393]
NAUTILUS=>2021-06-10 18:17:55.885893: Starting to generating the best model
NAUTILUS=>2021-06-10 18:18:02.080446: Completed generating the best model. Elapsed time: 0:00:06.194553
NAUTILUS=>2021-06-10 18:18:02.080446: Cycle: 10, Best Model: 0
NAUTILUS=>2021-06-10 18:18:02.080446: Cycle: 10, Best model loss: [0.542404055595398, 0.3179537355899811, 0.23686349391937256, 0.17325758934020996, 0.11653106659650803]
NAUTILUS=>2021-06-10 18:18:02.080446: Cycle: 10, Best model accuracy: [0.8078020215034485, 0.8830544352531433, 0.9165287613868713, 0.940236508846283, 0.959884524345398]
NAUTILUS=>2021-06-10 18:18:02.080446: Cycle: 10, Best model val_loss: [0.22863295674324036, 0.20842614769935608, 0.18285052478313446, 0.19213123619556427, 0.17745237052440643]
NAUTILUS=>2021-06-10 18:18:02.080446: Cycle: 10, Best model val_accuracy: [0.9162759780883789, 0.9302547574043274, 0.941116452217102, 0.9473493099212646, 0.9478427767753601]
NAUTILUS=>2021-06-10 18:18:02.366705: Completed active learning cycle. Elapsed time: 0:03:08.737894
NAUTILUS=>2021-06-10 18:18:02.366723: Workload completed. Elapsed time: 0:26:18.221187
