NAUTILUS=>2021-06-10 14:42:11.564231: Starting workload
NAUTILUS=>2021-06-10 14:42:11.564231: RANDOM_SEED: 2020
NAUTILUS=>2021-06-10 14:42:11.564231: VERY_LARGE_VALUE: 1000000000000000.0
NAUTILUS=>2021-06-10 14:42:11.564231: NO_MAT_OPT: False
NAUTILUS=>2021-06-10 14:42:11.564231: MODE: ftr3-1
NAUTILUS=>2021-06-10 14:42:11.564231: STORAGE_PATH: ./storage
NAUTILUS=>2021-06-10 14:42:11.564231: NO_FUSE_OPT: True
NAUTILUS=>2021-06-10 14:42:11.564231: NUM_EPOCHS: 5
NAUTILUS=>2021-06-10 14:42:11.564231: MAX_NUM_RECORDS: 5000
NAUTILUS=>2021-06-10 14:42:11.564231: ACTIVE_LEARNING_BATCH_SIZE: 500
NAUTILUS=>2021-06-10 14:42:11.564231: VALID_FRACTION: 0.2
NAUTILUS=>2021-06-10 14:42:11.564231: SAMPLING_STRATERGY: uncertainty
NAUTILUS=>2021-06-10 14:42:11.564231: NO_PRETRAINING: False
NAUTILUS=>2021-06-10 14:42:11.564231: STORAGE_BUDGET: 25
NAUTILUS=>2021-06-10 14:42:11.564231: MEMORY_BUDGET: 10
NAUTILUS=>2021-06-10 14:42:11.564231: WORKSPACE_MEMORY: 1
NAUTILUS=>2021-06-10 14:42:11.564231: COMPUTE_THROUGHPUT: 6
NAUTILUS=>2021-06-10 14:42:11.564231: DISK_THROUGHPUT: 500
NAUTILUS=>2021-06-10 14:42:11.564231: SHUFFLE_BUFFER_SIZE: 10000
NAUTILUS=>2021-06-10 14:42:11.564278: Starting system initialization
NAUTILUS=>2021-06-10 14:42:12.037689: Starting model profiling
NAUTILUS=>2021-06-10 14:42:28.823513: Completed model profiling. Elapsed time: 0:00:16.785821
NAUTILUS=>2021-06-10 14:42:28.823513: Model parameters
NAUTILUS=>2021-06-10 14:42:28.823561: Generating optimized model selection plan
NAUTILUS=>2021-06-10 14:42:28.832548: Materialized layers candidates: tf_op_layer_strided_slice,tf_op_layer_Cast,tf_op_layer_Sub,tf_op_layer_Mul,layer_9
NAUTILUS=>2021-06-10 14:42:28.839519: Used materialized layers: layer_9
NAUTILUS=>2021-06-10 14:42:28.839519: Model training plan: {"0": {"models": ["0"], "output_layers": ["0/classifier"], "flops_consumption": 438177892375000.0, "compute_flops": 325531408000000.0, "load_flops": 112646484375000.0, "memory_consumption": 1.8776347935199738, "used_materialized_layers": ["layer_9"], "batch_size": 16, "num_epochs": [5]}}
NAUTILUS=>2021-06-10 14:42:28.839618: Completed generating optimized model selection plan. Elapsed time: 0:00:00.016057
NAUTILUS=>2021-06-10 14:42:28.839624: Generating fused models
NAUTILUS=>2021-06-10 14:42:35.170480: Completed generating fused models. Elapsed time: 0:00:06.330855
NAUTILUS=>2021-06-10 14:42:35.170480: Current Practice FLOPs: 149138039680.0
NAUTILUS=>2021-06-10 14:42:35.170480: Optimal FLOPs: 37097005440.0
NAUTILUS=>2021-06-10 14:42:35.170480: Theoretical Speedup: 4.020217748335861
NAUTILUS=>2021-06-10 14:42:35.220240: Completed system initialization. Elapsed time: 0:00:23.655962
NAUTILUS=>2021-06-10 14:42:35.220262: ========> Active learning cycle: 1
NAUTILUS=>2021-06-10 14:42:35.220266: Starting data loading
NAUTILUS=>2021-06-10 14:42:51.188953: Completed data loading. Elapsed time: 0:00:15.968687
NAUTILUS=>2021-06-10 14:42:51.188978: Starting model selection
NAUTILUS=>2021-06-10 14:42:51.188998: Materializing training data
NAUTILUS=>2021-06-10 14:42:51.431913: Completed materializing training data. Elapsed time: 0:00:00.242915
NAUTILUS=>2021-06-10 14:42:51.431923: Generating intermediate features
NAUTILUS=>2021-06-10 14:43:00.037655: Completed generating intermediate features. Elapsed time: 0:00:08.605732
NAUTILUS=>2021-06-10 14:43:00.037673: Starting model training
NAUTILUS=>2021-06-10 14:43:18.473208: Completed model training. Elapsed time: 0:00:18.435535
NAUTILUS=>2021-06-10 14:43:18.473208: Cycle: 1, Model: 0, loss: [0.828880786895752, 0.2970869541168213, 0.19052249193191528, 0.12513619661331177, 0.08048417419195175]
NAUTILUS=>2021-06-10 14:43:18.473208: Cycle: 1, Model: 0, accuracy: [0.7468414902687073, 0.8900124430656433, 0.9346765279769897, 0.9563759565353394, 0.9700300097465515]
NAUTILUS=>2021-06-10 14:43:18.473208: Cycle: 1, Model: 0, val_loss: [0.4639214277267456, 0.41468513011932373, 0.3532772362232208, 0.39335745573043823, 0.37415385246276855]
NAUTILUS=>2021-06-10 14:43:18.473208: Cycle: 1, Model: 0, val_accuracy: [0.8359349966049194, 0.8561877608299255, 0.8714163899421692, 0.8704221248626709, 0.8852939605712891]
NAUTILUS=>2021-06-10 14:43:18.473252: Starting to generating the best model
NAUTILUS=>2021-06-10 14:43:24.171756: Completed generating the best model. Elapsed time: 0:00:05.698504
NAUTILUS=>2021-06-10 14:43:24.171756: Cycle: 1, Best Model: 0
NAUTILUS=>2021-06-10 14:43:24.171756: Cycle: 1, Best model loss: [0.828880786895752, 0.2970869541168213, 0.19052249193191528, 0.12513619661331177, 0.08048417419195175]
NAUTILUS=>2021-06-10 14:43:24.171756: Cycle: 1, Best model accuracy: [0.7468414902687073, 0.8900124430656433, 0.9346765279769897, 0.9563759565353394, 0.9700300097465515]
NAUTILUS=>2021-06-10 14:43:24.171756: Cycle: 1, Best model val_loss: [0.4639214277267456, 0.41468513011932373, 0.3532772362232208, 0.39335745573043823, 0.37415385246276855]
NAUTILUS=>2021-06-10 14:43:24.171756: Cycle: 1, Best model val_accuracy: [0.8359349966049194, 0.8561877608299255, 0.8714163899421692, 0.8704221248626709, 0.8852939605712891]
NAUTILUS=>2021-06-10 14:43:24.461689: Completed active learning cycle. Elapsed time: 0:00:33.272711
NAUTILUS=>2021-06-10 14:43:24.461706: ========> Active learning cycle: 2
NAUTILUS=>2021-06-10 14:43:24.461710: Starting data loading
NAUTILUS=>2021-06-10 14:44:13.051460: Completed data loading. Elapsed time: 0:00:48.589750
NAUTILUS=>2021-06-10 14:44:13.051476: Starting model selection
NAUTILUS=>2021-06-10 14:44:13.051491: Materializing training data
NAUTILUS=>2021-06-10 14:44:13.285661: Completed materializing training data. Elapsed time: 0:00:00.234170
NAUTILUS=>2021-06-10 14:44:13.285672: Generating intermediate features
NAUTILUS=>2021-06-10 14:44:21.886843: Completed generating intermediate features. Elapsed time: 0:00:08.601171
NAUTILUS=>2021-06-10 14:44:21.886861: Starting model training
NAUTILUS=>2021-06-10 14:44:48.979346: Completed model training. Elapsed time: 0:00:27.092485
NAUTILUS=>2021-06-10 14:44:48.979346: Cycle: 2, Model: 0, loss: [0.9820089936256409, 0.42822322249412537, 0.274488627910614, 0.19114267826080322, 0.12522202730178833]
NAUTILUS=>2021-06-10 14:44:48.979346: Cycle: 2, Model: 0, accuracy: [0.6411345601081848, 0.8296785950660706, 0.8881787657737732, 0.9303540587425232, 0.9543465375900269]
NAUTILUS=>2021-06-10 14:44:48.979346: Cycle: 2, Model: 0, val_loss: [0.378217875957489, 0.34705257415771484, 0.2961651086807251, 0.28355544805526733, 0.305136114358902]
NAUTILUS=>2021-06-10 14:44:48.979346: Cycle: 2, Model: 0, val_accuracy: [0.8639460802078247, 0.8841715455055237, 0.9048786163330078, 0.9142364263534546, 0.9139883518218994]
NAUTILUS=>2021-06-10 14:44:48.979388: Starting to generating the best model
NAUTILUS=>2021-06-10 14:44:54.691852: Completed generating the best model. Elapsed time: 0:00:05.712464
NAUTILUS=>2021-06-10 14:44:54.691852: Cycle: 2, Best Model: 0
NAUTILUS=>2021-06-10 14:44:54.691852: Cycle: 2, Best model loss: [0.9820089936256409, 0.42822322249412537, 0.274488627910614, 0.19114267826080322, 0.12522202730178833]
NAUTILUS=>2021-06-10 14:44:54.691852: Cycle: 2, Best model accuracy: [0.6411345601081848, 0.8296785950660706, 0.8881787657737732, 0.9303540587425232, 0.9543465375900269]
NAUTILUS=>2021-06-10 14:44:54.691852: Cycle: 2, Best model val_loss: [0.378217875957489, 0.34705257415771484, 0.2961651086807251, 0.28355544805526733, 0.305136114358902]
NAUTILUS=>2021-06-10 14:44:54.691852: Cycle: 2, Best model val_accuracy: [0.8639460802078247, 0.8841715455055237, 0.9048786163330078, 0.9142364263534546, 0.9139883518218994]
NAUTILUS=>2021-06-10 14:44:54.984998: Completed active learning cycle. Elapsed time: 0:00:41.933522
NAUTILUS=>2021-06-10 14:44:54.985015: ========> Active learning cycle: 3
NAUTILUS=>2021-06-10 14:44:54.985019: Starting data loading
NAUTILUS=>2021-06-10 14:45:34.587509: Completed data loading. Elapsed time: 0:00:39.602490
NAUTILUS=>2021-06-10 14:45:34.587525: Starting model selection
NAUTILUS=>2021-06-10 14:45:34.587540: Materializing training data
NAUTILUS=>2021-06-10 14:45:34.818165: Completed materializing training data. Elapsed time: 0:00:00.230625
NAUTILUS=>2021-06-10 14:45:34.818175: Generating intermediate features
NAUTILUS=>2021-06-10 14:45:43.390653: Completed generating intermediate features. Elapsed time: 0:00:08.572478
NAUTILUS=>2021-06-10 14:45:43.390671: Starting model training
NAUTILUS=>2021-06-10 14:46:19.423174: Completed model training. Elapsed time: 0:00:36.032503
NAUTILUS=>2021-06-10 14:46:19.423174: Cycle: 3, Model: 0, loss: [1.0063163042068481, 0.4999839663505554, 0.3948511481285095, 0.2816697061061859, 0.1911241114139557]
NAUTILUS=>2021-06-10 14:46:19.423174: Cycle: 3, Model: 0, accuracy: [0.6474918723106384, 0.822386622428894, 0.8614680171012878, 0.8976647853851318, 0.9396132230758667]
NAUTILUS=>2021-06-10 14:46:19.423174: Cycle: 3, Model: 0, val_loss: [0.34778428077697754, 0.3086806535720825, 0.29269203543663025, 0.2907284200191498, 0.2851918339729309]
NAUTILUS=>2021-06-10 14:46:19.423174: Cycle: 3, Model: 0, val_accuracy: [0.8800451755523682, 0.8960058689117432, 0.8998598456382751, 0.9089407324790955, 0.9154126048088074]
NAUTILUS=>2021-06-10 14:46:19.423217: Starting to generating the best model
NAUTILUS=>2021-06-10 14:46:25.106184: Completed generating the best model. Elapsed time: 0:00:05.682967
NAUTILUS=>2021-06-10 14:46:25.106184: Cycle: 3, Best Model: 0
NAUTILUS=>2021-06-10 14:46:25.106184: Cycle: 3, Best model loss: [1.0063163042068481, 0.4999839663505554, 0.3948511481285095, 0.2816697061061859, 0.1911241114139557]
NAUTILUS=>2021-06-10 14:46:25.106184: Cycle: 3, Best model accuracy: [0.6474918723106384, 0.822386622428894, 0.8614680171012878, 0.8976647853851318, 0.9396132230758667]
NAUTILUS=>2021-06-10 14:46:25.106184: Cycle: 3, Best model val_loss: [0.34778428077697754, 0.3086806535720825, 0.29269203543663025, 0.2907284200191498, 0.2851918339729309]
NAUTILUS=>2021-06-10 14:46:25.106184: Cycle: 3, Best model val_accuracy: [0.8800451755523682, 0.8960058689117432, 0.8998598456382751, 0.9089407324790955, 0.9154126048088074]
NAUTILUS=>2021-06-10 14:46:25.399813: Completed active learning cycle. Elapsed time: 0:00:50.812288
NAUTILUS=>2021-06-10 14:46:25.399830: ========> Active learning cycle: 4
NAUTILUS=>2021-06-10 14:46:25.399834: Starting data loading
NAUTILUS=>2021-06-10 14:47:10.002842: Completed data loading. Elapsed time: 0:00:44.603008
NAUTILUS=>2021-06-10 14:47:10.002859: Starting model selection
NAUTILUS=>2021-06-10 14:47:10.002874: Materializing training data
NAUTILUS=>2021-06-10 14:47:10.231618: Completed materializing training data. Elapsed time: 0:00:00.228744
NAUTILUS=>2021-06-10 14:47:10.231633: Generating intermediate features
NAUTILUS=>2021-06-10 14:47:18.808373: Completed generating intermediate features. Elapsed time: 0:00:08.576740
NAUTILUS=>2021-06-10 14:47:18.808392: Starting model training
NAUTILUS=>2021-06-10 14:48:03.102481: Completed model training. Elapsed time: 0:00:44.294089
NAUTILUS=>2021-06-10 14:48:03.102481: Cycle: 4, Model: 0, loss: [0.9499955773353577, 0.5068971514701843, 0.3872182071208954, 0.28203490376472473, 0.21597914397716522]
NAUTILUS=>2021-06-10 14:48:03.102481: Cycle: 4, Model: 0, accuracy: [0.6788349747657776, 0.8223828077316284, 0.8686643242835999, 0.9067349433898926, 0.9322727918624878]
NAUTILUS=>2021-06-10 14:48:03.102481: Cycle: 4, Model: 0, val_loss: [0.31305474042892456, 0.26508471369743347, 0.2656037509441376, 0.25667673349380493, 0.24762040376663208]
NAUTILUS=>2021-06-10 14:48:03.102481: Cycle: 4, Model: 0, val_accuracy: [0.8938422203063965, 0.9098861813545227, 0.9134581089019775, 0.9191715121269226, 0.9263003468513489]
NAUTILUS=>2021-06-10 14:48:03.102524: Starting to generating the best model
NAUTILUS=>2021-06-10 14:48:08.751412: Completed generating the best model. Elapsed time: 0:00:05.648888
NAUTILUS=>2021-06-10 14:48:08.751412: Cycle: 4, Best Model: 0
NAUTILUS=>2021-06-10 14:48:08.751412: Cycle: 4, Best model loss: [0.9499955773353577, 0.5068971514701843, 0.3872182071208954, 0.28203490376472473, 0.21597914397716522]
NAUTILUS=>2021-06-10 14:48:08.751412: Cycle: 4, Best model accuracy: [0.6788349747657776, 0.8223828077316284, 0.8686643242835999, 0.9067349433898926, 0.9322727918624878]
NAUTILUS=>2021-06-10 14:48:08.751412: Cycle: 4, Best model val_loss: [0.31305474042892456, 0.26508471369743347, 0.2656037509441376, 0.25667673349380493, 0.24762040376663208]
NAUTILUS=>2021-06-10 14:48:08.751412: Cycle: 4, Best model val_accuracy: [0.8938422203063965, 0.9098861813545227, 0.9134581089019775, 0.9191715121269226, 0.9263003468513489]
NAUTILUS=>2021-06-10 14:48:09.035399: Completed active learning cycle. Elapsed time: 0:00:59.032540
NAUTILUS=>2021-06-10 14:48:09.035416: ========> Active learning cycle: 5
NAUTILUS=>2021-06-10 14:48:09.035420: Starting data loading
NAUTILUS=>2021-06-10 14:48:45.181174: Completed data loading. Elapsed time: 0:00:36.145754
NAUTILUS=>2021-06-10 14:48:45.181191: Starting model selection
NAUTILUS=>2021-06-10 14:48:45.181206: Materializing training data
NAUTILUS=>2021-06-10 14:48:45.412001: Completed materializing training data. Elapsed time: 0:00:00.230795
NAUTILUS=>2021-06-10 14:48:45.412011: Generating intermediate features
NAUTILUS=>2021-06-10 14:48:54.019883: Completed generating intermediate features. Elapsed time: 0:00:08.607872
NAUTILUS=>2021-06-10 14:48:54.019902: Starting model training
NAUTILUS=>2021-06-10 14:49:46.390445: Completed model training. Elapsed time: 0:00:52.370543
NAUTILUS=>2021-06-10 14:49:46.390445: Cycle: 5, Model: 0, loss: [0.8506500720977783, 0.49728474020957947, 0.3705686330795288, 0.2967703938484192, 0.21695499122142792]
NAUTILUS=>2021-06-10 14:49:46.390445: Cycle: 5, Model: 0, accuracy: [0.7022437453269958, 0.822123110294342, 0.8715841770172119, 0.9016595482826233, 0.9301923513412476]
NAUTILUS=>2021-06-10 14:49:46.390445: Cycle: 5, Model: 0, val_loss: [0.2921486794948578, 0.2476973980665207, 0.2452363818883896, 0.22789159417152405, 0.21964070200920105]
NAUTILUS=>2021-06-10 14:49:46.390445: Cycle: 5, Model: 0, val_accuracy: [0.8939239382743835, 0.914084792137146, 0.9199807047843933, 0.9187692403793335, 0.9266788363456726]
NAUTILUS=>2021-06-10 14:49:46.390488: Starting to generating the best model
NAUTILUS=>2021-06-10 14:49:52.022411: Completed generating the best model. Elapsed time: 0:00:05.631923
NAUTILUS=>2021-06-10 14:49:52.022411: Cycle: 5, Best Model: 0
NAUTILUS=>2021-06-10 14:49:52.022411: Cycle: 5, Best model loss: [0.8506500720977783, 0.49728474020957947, 0.3705686330795288, 0.2967703938484192, 0.21695499122142792]
NAUTILUS=>2021-06-10 14:49:52.022411: Cycle: 5, Best model accuracy: [0.7022437453269958, 0.822123110294342, 0.8715841770172119, 0.9016595482826233, 0.9301923513412476]
NAUTILUS=>2021-06-10 14:49:52.022411: Cycle: 5, Best model val_loss: [0.2921486794948578, 0.2476973980665207, 0.2452363818883896, 0.22789159417152405, 0.21964070200920105]
NAUTILUS=>2021-06-10 14:49:52.022411: Cycle: 5, Best model val_accuracy: [0.8939239382743835, 0.914084792137146, 0.9199807047843933, 0.9187692403793335, 0.9266788363456726]
NAUTILUS=>2021-06-10 14:49:52.308995: Completed active learning cycle. Elapsed time: 0:01:07.127804
NAUTILUS=>2021-06-10 14:49:52.309013: ========> Active learning cycle: 6
NAUTILUS=>2021-06-10 14:49:52.309016: Starting data loading
NAUTILUS=>2021-06-10 14:50:32.744728: Completed data loading. Elapsed time: 0:00:40.435712
NAUTILUS=>2021-06-10 14:50:32.744745: Starting model selection
NAUTILUS=>2021-06-10 14:50:32.744760: Materializing training data
NAUTILUS=>2021-06-10 14:50:32.971833: Completed materializing training data. Elapsed time: 0:00:00.227073
NAUTILUS=>2021-06-10 14:50:32.971842: Generating intermediate features
NAUTILUS=>2021-06-10 14:50:41.552081: Completed generating intermediate features. Elapsed time: 0:00:08.580239
NAUTILUS=>2021-06-10 14:50:41.552100: Starting model training
NAUTILUS=>2021-06-10 14:51:43.747809: Completed model training. Elapsed time: 0:01:02.195709
NAUTILUS=>2021-06-10 14:51:43.747809: Cycle: 6, Model: 0, loss: [0.799095630645752, 0.44768255949020386, 0.34946855902671814, 0.2595919072628021, 0.1752868890762329]
NAUTILUS=>2021-06-10 14:51:43.747809: Cycle: 6, Model: 0, accuracy: [0.7260147333145142, 0.8441426157951355, 0.8842698931694031, 0.9100704789161682, 0.941328763961792]
NAUTILUS=>2021-06-10 14:51:43.747809: Cycle: 6, Model: 0, val_loss: [0.27200397849082947, 0.21592946350574493, 0.2207646369934082, 0.18842560052871704, 0.2022794932126999]
NAUTILUS=>2021-06-10 14:51:43.747809: Cycle: 6, Model: 0, val_accuracy: [0.8981900215148926, 0.9234164357185364, 0.9222761988639832, 0.9348592162132263, 0.9328954815864563]
NAUTILUS=>2021-06-10 14:51:43.747852: Starting to generating the best model
NAUTILUS=>2021-06-10 14:51:49.412732: Completed generating the best model. Elapsed time: 0:00:05.664880
NAUTILUS=>2021-06-10 14:51:49.412732: Cycle: 6, Best Model: 0
NAUTILUS=>2021-06-10 14:51:49.412732: Cycle: 6, Best model loss: [0.799095630645752, 0.44768255949020386, 0.34946855902671814, 0.2595919072628021, 0.1752868890762329]
NAUTILUS=>2021-06-10 14:51:49.412732: Cycle: 6, Best model accuracy: [0.7260147333145142, 0.8441426157951355, 0.8842698931694031, 0.9100704789161682, 0.941328763961792]
NAUTILUS=>2021-06-10 14:51:49.412732: Cycle: 6, Best model val_loss: [0.27200397849082947, 0.21592946350574493, 0.2207646369934082, 0.18842560052871704, 0.2022794932126999]
NAUTILUS=>2021-06-10 14:51:49.412732: Cycle: 6, Best model val_accuracy: [0.8981900215148926, 0.9234164357185364, 0.9222761988639832, 0.9348592162132263, 0.9328954815864563]
NAUTILUS=>2021-06-10 14:51:49.696619: Completed active learning cycle. Elapsed time: 0:01:16.951874
NAUTILUS=>2021-06-10 14:51:49.696635: ========> Active learning cycle: 7
NAUTILUS=>2021-06-10 14:51:49.696639: Starting data loading
NAUTILUS=>2021-06-10 14:52:22.392420: Completed data loading. Elapsed time: 0:00:32.695781
NAUTILUS=>2021-06-10 14:52:22.392438: Starting model selection
NAUTILUS=>2021-06-10 14:52:22.392454: Materializing training data
NAUTILUS=>2021-06-10 14:52:22.621587: Completed materializing training data. Elapsed time: 0:00:00.229133
NAUTILUS=>2021-06-10 14:52:22.621597: Generating intermediate features
NAUTILUS=>2021-06-10 14:52:31.188400: Completed generating intermediate features. Elapsed time: 0:00:08.566803
NAUTILUS=>2021-06-10 14:52:31.188419: Starting model training
NAUTILUS=>2021-06-10 14:53:41.296241: Completed model training. Elapsed time: 0:01:10.107822
NAUTILUS=>2021-06-10 14:53:41.296241: Cycle: 7, Model: 0, loss: [0.7472802996635437, 0.4213979244232178, 0.30959632992744446, 0.22223691642284393, 0.1600855588912964]
NAUTILUS=>2021-06-10 14:53:41.296241: Cycle: 7, Model: 0, accuracy: [0.7424390316009521, 0.8541945219039917, 0.8927088379859924, 0.9260496497154236, 0.9468322992324829]
NAUTILUS=>2021-06-10 14:53:41.296241: Cycle: 7, Model: 0, val_loss: [0.2611986994743347, 0.21216093003749847, 0.2109682410955429, 0.20341461896896362, 0.19465301930904388]
NAUTILUS=>2021-06-10 14:53:41.296241: Cycle: 7, Model: 0, val_accuracy: [0.9017300605773926, 0.921546220779419, 0.9256336092948914, 0.9300446510314941, 0.935467541217804]
NAUTILUS=>2021-06-10 14:53:41.296285: Starting to generating the best model
NAUTILUS=>2021-06-10 14:53:46.925375: Completed generating the best model. Elapsed time: 0:00:05.629090
NAUTILUS=>2021-06-10 14:53:46.925375: Cycle: 7, Best Model: 0
NAUTILUS=>2021-06-10 14:53:46.925375: Cycle: 7, Best model loss: [0.7472802996635437, 0.4213979244232178, 0.30959632992744446, 0.22223691642284393, 0.1600855588912964]
NAUTILUS=>2021-06-10 14:53:46.925375: Cycle: 7, Best model accuracy: [0.7424390316009521, 0.8541945219039917, 0.8927088379859924, 0.9260496497154236, 0.9468322992324829]
NAUTILUS=>2021-06-10 14:53:46.925375: Cycle: 7, Best model val_loss: [0.2611986994743347, 0.21216093003749847, 0.2109682410955429, 0.20341461896896362, 0.19465301930904388]
NAUTILUS=>2021-06-10 14:53:46.925375: Cycle: 7, Best model val_accuracy: [0.9017300605773926, 0.921546220779419, 0.9256336092948914, 0.9300446510314941, 0.935467541217804]
NAUTILUS=>2021-06-10 14:53:47.215821: Completed active learning cycle. Elapsed time: 0:01:24.823383
NAUTILUS=>2021-06-10 14:53:47.215838: ========> Active learning cycle: 8
NAUTILUS=>2021-06-10 14:53:47.215842: Starting data loading
NAUTILUS=>2021-06-10 14:54:23.332756: Completed data loading. Elapsed time: 0:00:36.116914
NAUTILUS=>2021-06-10 14:54:23.332773: Starting model selection
NAUTILUS=>2021-06-10 14:54:23.332787: Materializing training data
NAUTILUS=>2021-06-10 14:54:23.563000: Completed materializing training data. Elapsed time: 0:00:00.230213
NAUTILUS=>2021-06-10 14:54:23.563011: Generating intermediate features
NAUTILUS=>2021-06-10 14:54:32.112419: Completed generating intermediate features. Elapsed time: 0:00:08.549408
NAUTILUS=>2021-06-10 14:54:32.112439: Starting model training
NAUTILUS=>2021-06-10 14:55:51.118020: Completed model training. Elapsed time: 0:01:19.005581
NAUTILUS=>2021-06-10 14:55:51.118020: Cycle: 8, Model: 0, loss: [0.6635071635246277, 0.381239116191864, 0.2892797589302063, 0.21014995872974396, 0.15069422125816345]
NAUTILUS=>2021-06-10 14:55:51.118020: Cycle: 8, Model: 0, accuracy: [0.772128164768219, 0.8666565418243408, 0.8994821906089783, 0.9276530742645264, 0.9513928890228271]
NAUTILUS=>2021-06-10 14:55:51.118020: Cycle: 8, Model: 0, val_loss: [0.23270681500434875, 0.20647098124027252, 0.19153432548046112, 0.18183748424053192, 0.1820041537284851]
NAUTILUS=>2021-06-10 14:55:51.118020: Cycle: 8, Model: 0, val_accuracy: [0.9136480093002319, 0.9251381754875183, 0.9303717017173767, 0.9355623126029968, 0.9441816806793213]
NAUTILUS=>2021-06-10 14:55:51.118064: Starting to generating the best model
NAUTILUS=>2021-06-10 14:55:56.735869: Completed generating the best model. Elapsed time: 0:00:05.617805
NAUTILUS=>2021-06-10 14:55:56.735869: Cycle: 8, Best Model: 0
NAUTILUS=>2021-06-10 14:55:56.735869: Cycle: 8, Best model loss: [0.6635071635246277, 0.381239116191864, 0.2892797589302063, 0.21014995872974396, 0.15069422125816345]
NAUTILUS=>2021-06-10 14:55:56.735869: Cycle: 8, Best model accuracy: [0.772128164768219, 0.8666565418243408, 0.8994821906089783, 0.9276530742645264, 0.9513928890228271]
NAUTILUS=>2021-06-10 14:55:56.735869: Cycle: 8, Best model val_loss: [0.23270681500434875, 0.20647098124027252, 0.19153432548046112, 0.18183748424053192, 0.1820041537284851]
NAUTILUS=>2021-06-10 14:55:56.735869: Cycle: 8, Best model val_accuracy: [0.9136480093002319, 0.9251381754875183, 0.9303717017173767, 0.9355623126029968, 0.9441816806793213]
NAUTILUS=>2021-06-10 14:55:57.028312: Completed active learning cycle. Elapsed time: 0:01:33.695539
NAUTILUS=>2021-06-10 14:55:57.028329: ========> Active learning cycle: 9
NAUTILUS=>2021-06-10 14:55:57.028333: Starting data loading
NAUTILUS=>2021-06-10 14:56:26.141182: Completed data loading. Elapsed time: 0:00:29.112849
NAUTILUS=>2021-06-10 14:56:26.141198: Starting model selection
NAUTILUS=>2021-06-10 14:56:26.141213: Materializing training data
NAUTILUS=>2021-06-10 14:56:26.374310: Completed materializing training data. Elapsed time: 0:00:00.233097
NAUTILUS=>2021-06-10 14:56:26.374321: Generating intermediate features
NAUTILUS=>2021-06-10 14:56:35.014901: Completed generating intermediate features. Elapsed time: 0:00:08.640580
NAUTILUS=>2021-06-10 14:56:35.014920: Starting model training
NAUTILUS=>2021-06-10 14:58:01.750735: Completed model training. Elapsed time: 0:01:26.735815
NAUTILUS=>2021-06-10 14:58:01.750735: Cycle: 9, Model: 0, loss: [0.5953245162963867, 0.348762571811676, 0.2653065025806427, 0.18946784734725952, 0.13164521753787994]
NAUTILUS=>2021-06-10 14:58:01.750735: Cycle: 9, Model: 0, accuracy: [0.7949756979942322, 0.876605212688446, 0.9085288643836975, 0.9345158338546753, 0.9563647508621216]
NAUTILUS=>2021-06-10 14:58:01.750735: Cycle: 9, Model: 0, val_loss: [0.2608207166194916, 0.2163168489933014, 0.17882385849952698, 0.1738005429506302, 0.16846437752246857]
NAUTILUS=>2021-06-10 14:58:01.750735: Cycle: 9, Model: 0, val_accuracy: [0.9116185903549194, 0.9246588945388794, 0.9375171065330505, 0.9423398375511169, 0.9466266632080078]
NAUTILUS=>2021-06-10 14:58:01.750778: Starting to generating the best model
NAUTILUS=>2021-06-10 14:58:07.406253: Completed generating the best model. Elapsed time: 0:00:05.655475
NAUTILUS=>2021-06-10 14:58:07.406253: Cycle: 9, Best Model: 0
NAUTILUS=>2021-06-10 14:58:07.406253: Cycle: 9, Best model loss: [0.5953245162963867, 0.348762571811676, 0.2653065025806427, 0.18946784734725952, 0.13164521753787994]
NAUTILUS=>2021-06-10 14:58:07.406253: Cycle: 9, Best model accuracy: [0.7949756979942322, 0.876605212688446, 0.9085288643836975, 0.9345158338546753, 0.9563647508621216]
NAUTILUS=>2021-06-10 14:58:07.406253: Cycle: 9, Best model val_loss: [0.2608207166194916, 0.2163168489933014, 0.17882385849952698, 0.1738005429506302, 0.16846437752246857]
NAUTILUS=>2021-06-10 14:58:07.406253: Cycle: 9, Best model val_accuracy: [0.9116185903549194, 0.9246588945388794, 0.9375171065330505, 0.9423398375511169, 0.9466266632080078]
NAUTILUS=>2021-06-10 14:58:07.693427: Completed active learning cycle. Elapsed time: 0:01:41.552229
NAUTILUS=>2021-06-10 14:58:07.693445: ========> Active learning cycle: 10
NAUTILUS=>2021-06-10 14:58:07.693448: Starting data loading
NAUTILUS=>2021-06-10 14:58:39.744694: Completed data loading. Elapsed time: 0:00:32.051246
NAUTILUS=>2021-06-10 14:58:39.744710: Starting model selection
NAUTILUS=>2021-06-10 14:58:39.744726: Materializing training data
NAUTILUS=>2021-06-10 14:58:39.976565: Completed materializing training data. Elapsed time: 0:00:00.231839
NAUTILUS=>2021-06-10 14:58:39.976576: Generating intermediate features
NAUTILUS=>2021-06-10 14:58:48.526790: Completed generating intermediate features. Elapsed time: 0:00:08.550214
NAUTILUS=>2021-06-10 14:58:48.526809: Starting model training
NAUTILUS=>2021-06-10 15:00:24.140824: Completed model training. Elapsed time: 0:01:35.614015
NAUTILUS=>2021-06-10 15:00:24.140824: Cycle: 10, Model: 0, loss: [0.5662314295768738, 0.31537550687789917, 0.24031177163124084, 0.16998755931854248, 0.11538291722536087]
NAUTILUS=>2021-06-10 15:00:24.140824: Cycle: 10, Model: 0, accuracy: [0.804262638092041, 0.8877987861633301, 0.9142707586288452, 0.9412392377853394, 0.9616060256958008]
NAUTILUS=>2021-06-10 15:00:24.140824: Cycle: 10, Model: 0, val_loss: [0.2223224937915802, 0.1982126384973526, 0.1810794621706009, 0.1675012856721878, 0.1811702996492386]
NAUTILUS=>2021-06-10 15:00:24.140824: Cycle: 10, Model: 0, val_accuracy: [0.920548677444458, 0.9322137236595154, 0.9401352405548096, 0.9494414329528809, 0.9454253911972046]
NAUTILUS=>2021-06-10 15:00:24.140868: Starting to generating the best model
NAUTILUS=>2021-06-10 15:00:29.795192: Completed generating the best model. Elapsed time: 0:00:05.654324
NAUTILUS=>2021-06-10 15:00:29.795192: Cycle: 10, Best Model: 0
NAUTILUS=>2021-06-10 15:00:29.795192: Cycle: 10, Best model loss: [0.5662314295768738, 0.31537550687789917, 0.24031177163124084, 0.16998755931854248, 0.11538291722536087]
NAUTILUS=>2021-06-10 15:00:29.795192: Cycle: 10, Best model accuracy: [0.804262638092041, 0.8877987861633301, 0.9142707586288452, 0.9412392377853394, 0.9616060256958008]
NAUTILUS=>2021-06-10 15:00:29.795192: Cycle: 10, Best model val_loss: [0.2223224937915802, 0.1982126384973526, 0.1810794621706009, 0.1675012856721878, 0.1811702996492386]
NAUTILUS=>2021-06-10 15:00:29.795192: Cycle: 10, Best model val_accuracy: [0.920548677444458, 0.9322137236595154, 0.9401352405548096, 0.9494414329528809, 0.9454253911972046]
NAUTILUS=>2021-06-10 15:00:30.085357: Completed active learning cycle. Elapsed time: 0:01:50.340647
NAUTILUS=>2021-06-10 15:00:30.085373: Workload completed. Elapsed time: 0:18:18.521142
