NAUTILUS=>2021-06-10 20:47:31.407401: Starting workload
NAUTILUS=>2021-06-10 20:47:31.407401: RANDOM_SEED: 2020
NAUTILUS=>2021-06-10 20:47:31.407401: VERY_LARGE_VALUE: 1000000000000000.0
NAUTILUS=>2021-06-10 20:47:31.407401: NO_MAT_OPT: False
NAUTILUS=>2021-06-10 20:47:31.407401: MODE: ftr3-5
NAUTILUS=>2021-06-10 20:47:31.407401: STORAGE_PATH: ./storage
NAUTILUS=>2021-06-10 20:47:31.407401: NO_FUSE_OPT: True
NAUTILUS=>2021-06-10 20:47:31.407401: NUM_EPOCHS: 5
NAUTILUS=>2021-06-10 20:47:31.407401: MAX_NUM_RECORDS: 5000
NAUTILUS=>2021-06-10 20:47:31.407401: ACTIVE_LEARNING_BATCH_SIZE: 500
NAUTILUS=>2021-06-10 20:47:31.407401: VALID_FRACTION: 0.2
NAUTILUS=>2021-06-10 20:47:31.407401: SAMPLING_STRATERGY: uncertainty
NAUTILUS=>2021-06-10 20:47:31.407401: NO_PRETRAINING: False
NAUTILUS=>2021-06-10 20:47:31.407401: STORAGE_BUDGET: 25
NAUTILUS=>2021-06-10 20:47:31.407401: MEMORY_BUDGET: 10
NAUTILUS=>2021-06-10 20:47:31.407401: WORKSPACE_MEMORY: 1
NAUTILUS=>2021-06-10 20:47:31.407401: COMPUTE_THROUGHPUT: 6
NAUTILUS=>2021-06-10 20:47:31.407401: DISK_THROUGHPUT: 500
NAUTILUS=>2021-06-10 20:47:31.407401: SHUFFLE_BUFFER_SIZE: 10000
NAUTILUS=>2021-06-10 20:47:31.407449: Starting system initialization
NAUTILUS=>2021-06-10 20:47:32.044328: Starting model profiling
NAUTILUS=>2021-06-10 20:48:15.964519: Completed model profiling. Elapsed time: 0:00:43.920189
NAUTILUS=>2021-06-10 20:48:15.964519: Model parameters
NAUTILUS=>2021-06-10 20:48:15.964596: Generating optimized model selection plan
NAUTILUS=>2021-06-10 20:48:16.057870: Materialized layers candidates: tf_op_layer_strided_slice,tf_op_layer_Cast,tf_op_layer_Sub,tf_op_layer_Mul,layer_9
NAUTILUS=>2021-06-10 20:48:16.084908: Used materialized layers: layer_9
NAUTILUS=>2021-06-10 20:48:16.084908: Model training plan: {"0": {"models": ["0"], "output_layers": ["0/classifier"], "flops_consumption": 438177892375000.0, "compute_flops": 325531408000000.0, "load_flops": 112646484375000.0, "memory_consumption": 1.8776347935199738, "used_materialized_layers": ["layer_9"], "batch_size": 16, "num_epochs": [5]}, "1": {"models": ["1"], "output_layers": ["1/classifier"], "flops_consumption": 438177892375000.0, "compute_flops": 325531408000000.0, "load_flops": 112646484375000.0, "memory_consumption": 1.8776347935199738, "used_materialized_layers": ["layer_9"], "batch_size": 16, "num_epochs": [5]}, "2": {"models": ["2"], "output_layers": ["2/classifier"], "flops_consumption": 438177892375000.0, "compute_flops": 325531408000000.0, "load_flops": 112646484375000.0, "memory_consumption": 1.8776347935199738, "used_materialized_layers": ["layer_9"], "batch_size": 16, "num_epochs": [5]}, "3": {"models": ["3"], "output_layers": ["3/classifier"], "flops_consumption": 438177892375000.0, "compute_flops": 325531408000000.0, "load_flops": 112646484375000.0, "memory_consumption": 1.8776347935199738, "used_materialized_layers": ["layer_9"], "batch_size": 16, "num_epochs": [5]}, "4": {"models": ["4"], "output_layers": ["4/classifier"], "flops_consumption": 438177892375000.0, "compute_flops": 325531408000000.0, "load_flops": 112646484375000.0, "memory_consumption": 1.8776347935199738, "used_materialized_layers": ["layer_9"], "batch_size": 16, "num_epochs": [5]}}
NAUTILUS=>2021-06-10 20:48:16.085075: Completed generating optimized model selection plan. Elapsed time: 0:00:00.120478
NAUTILUS=>2021-06-10 20:48:16.085081: Generating fused models
NAUTILUS=>2021-06-10 20:48:32.088358: Completed generating fused models. Elapsed time: 0:00:16.003276
NAUTILUS=>2021-06-10 20:48:32.088358: Current Practice FLOPs: 745690198400.0
NAUTILUS=>2021-06-10 20:48:32.088358: Optimal FLOPs: 185485027200.0
NAUTILUS=>2021-06-10 20:48:32.088358: Theoretical Speedup: 4.020217748335861
NAUTILUS=>2021-06-10 20:48:32.144056: Completed system initialization. Elapsed time: 0:01:00.736607
NAUTILUS=>2021-06-10 20:48:32.144079: ========> Active learning cycle: 1
NAUTILUS=>2021-06-10 20:48:32.144082: Starting data loading
NAUTILUS=>2021-06-10 20:48:47.788546: Completed data loading. Elapsed time: 0:00:15.644464
NAUTILUS=>2021-06-10 20:48:47.788570: Starting model selection
NAUTILUS=>2021-06-10 20:48:47.788589: Materializing training data
NAUTILUS=>2021-06-10 20:48:48.019678: Completed materializing training data. Elapsed time: 0:00:00.231089
NAUTILUS=>2021-06-10 20:48:48.019689: Generating intermediate features
NAUTILUS=>2021-06-10 20:48:56.609907: Completed generating intermediate features. Elapsed time: 0:00:08.590218
NAUTILUS=>2021-06-10 20:48:56.609926: Starting model training
NAUTILUS=>2021-06-10 20:50:19.869847: Completed model training. Elapsed time: 0:01:23.259921
NAUTILUS=>2021-06-10 20:50:19.869847: Cycle: 1, Model: 0, loss: [0.828880786895752, 0.2970869541168213, 0.19052249193191528, 0.12513619661331177, 0.08048417419195175]
NAUTILUS=>2021-06-10 20:50:19.869847: Cycle: 1, Model: 0, accuracy: [0.7468414902687073, 0.8900124430656433, 0.9346765279769897, 0.9563759565353394, 0.9700300097465515]
NAUTILUS=>2021-06-10 20:50:19.869847: Cycle: 1, Model: 0, val_loss: [0.4639214277267456, 0.41468513011932373, 0.3532772362232208, 0.39335745573043823, 0.37415385246276855]
NAUTILUS=>2021-06-10 20:50:19.869847: Cycle: 1, Model: 0, val_accuracy: [0.8359349966049194, 0.8561877608299255, 0.8714163899421692, 0.8704221248626709, 0.8852939605712891]
NAUTILUS=>2021-06-10 20:50:19.869847: Cycle: 1, Model: 1, loss: [1.004594087600708, 0.4065803289413452, 0.28088250756263733, 0.1944686770439148, 0.1432686597108841]
NAUTILUS=>2021-06-10 20:50:19.869847: Cycle: 1, Model: 1, accuracy: [0.7063083052635193, 0.8641493320465088, 0.9058865904808044, 0.9262921214103699, 0.9485536217689514]
NAUTILUS=>2021-06-10 20:50:19.869847: Cycle: 1, Model: 1, val_loss: [0.5762648582458496, 0.4119472801685333, 0.3756779432296753, 0.36078959703445435, 0.36561137437820435]
NAUTILUS=>2021-06-10 20:50:19.869847: Cycle: 1, Model: 1, val_accuracy: [0.8098840117454529, 0.8507524728775024, 0.8563680052757263, 0.869193971157074, 0.8720411062240601]
NAUTILUS=>2021-06-10 20:50:19.869847: Cycle: 1, Model: 2, loss: [1.10059654712677, 0.4744577705860138, 0.3396696448326111, 0.2579960823059082, 0.2015160620212555]
NAUTILUS=>2021-06-10 20:50:19.869847: Cycle: 1, Model: 2, accuracy: [0.6883387565612793, 0.8442584276199341, 0.8858430981636047, 0.9036238193511963, 0.9335419535636902]
NAUTILUS=>2021-06-10 20:50:19.869847: Cycle: 1, Model: 2, val_loss: [0.6876410841941833, 0.472998708486557, 0.41176077723503113, 0.39722809195518494, 0.3804224133491516]
NAUTILUS=>2021-06-10 20:50:19.869847: Cycle: 1, Model: 2, val_accuracy: [0.7769367694854736, 0.828457236289978, 0.848990797996521, 0.8405357599258423, 0.8534486889839172]
NAUTILUS=>2021-06-10 20:50:19.869847: Cycle: 1, Model: 3, loss: [1.230085849761963, 0.5972630381584167, 0.42791736125946045, 0.3265362083911896, 0.26702556014060974]
NAUTILUS=>2021-06-10 20:50:19.869847: Cycle: 1, Model: 3, accuracy: [0.6550421118736267, 0.8016746044158936, 0.8581827282905579, 0.8822500109672546, 0.9073532819747925]
NAUTILUS=>2021-06-10 20:50:19.869847: Cycle: 1, Model: 3, val_loss: [0.7879536151885986, 0.5699779391288757, 0.4662770926952362, 0.4216022491455078, 0.40840330719947815]
NAUTILUS=>2021-06-10 20:50:19.869847: Cycle: 1, Model: 3, val_accuracy: [0.7376022934913635, 0.8131635785102844, 0.8351553082466125, 0.8348590135574341, 0.8504737615585327]
NAUTILUS=>2021-06-10 20:50:19.869847: Cycle: 1, Model: 4, loss: [1.4442538022994995, 0.7571902275085449, 0.5751312971115112, 0.4598168432712555, 0.396043598651886]
NAUTILUS=>2021-06-10 20:50:19.869847: Cycle: 1, Model: 4, accuracy: [0.5854167342185974, 0.7638876438140869, 0.815849244594574, 0.8443979620933533, 0.868113100528717]
NAUTILUS=>2021-06-10 20:50:19.869847: Cycle: 1, Model: 4, val_loss: [0.9263855218887329, 0.6977770328521729, 0.5863044857978821, 0.5179455280303955, 0.4833431541919708]
NAUTILUS=>2021-06-10 20:50:19.869847: Cycle: 1, Model: 4, val_accuracy: [0.7198834419250488, 0.7680156826972961, 0.8010299205780029, 0.8242951035499573, 0.8330217003822327]
NAUTILUS=>2021-06-10 20:50:19.869963: Starting to generating the best model
NAUTILUS=>2021-06-10 20:50:25.591708: Completed generating the best model. Elapsed time: 0:00:05.721745
NAUTILUS=>2021-06-10 20:50:25.591708: Cycle: 1, Best Model: 0
NAUTILUS=>2021-06-10 20:50:25.591708: Cycle: 1, Best model loss: [0.828880786895752, 0.2970869541168213, 0.19052249193191528, 0.12513619661331177, 0.08048417419195175]
NAUTILUS=>2021-06-10 20:50:25.591708: Cycle: 1, Best model accuracy: [0.7468414902687073, 0.8900124430656433, 0.9346765279769897, 0.9563759565353394, 0.9700300097465515]
NAUTILUS=>2021-06-10 20:50:25.591708: Cycle: 1, Best model val_loss: [0.4639214277267456, 0.41468513011932373, 0.3532772362232208, 0.39335745573043823, 0.37415385246276855]
NAUTILUS=>2021-06-10 20:50:25.591708: Cycle: 1, Best model val_accuracy: [0.8359349966049194, 0.8561877608299255, 0.8714163899421692, 0.8704221248626709, 0.8852939605712891]
NAUTILUS=>2021-06-10 20:50:25.877123: Completed active learning cycle. Elapsed time: 0:01:38.088553
NAUTILUS=>2021-06-10 20:50:25.877141: ========> Active learning cycle: 2
NAUTILUS=>2021-06-10 20:50:25.877145: Starting data loading
NAUTILUS=>2021-06-10 20:51:14.549111: Completed data loading. Elapsed time: 0:00:48.671966
NAUTILUS=>2021-06-10 20:51:14.549127: Starting model selection
NAUTILUS=>2021-06-10 20:51:14.549144: Materializing training data
NAUTILUS=>2021-06-10 20:51:14.779736: Completed materializing training data. Elapsed time: 0:00:00.230592
NAUTILUS=>2021-06-10 20:51:14.779748: Generating intermediate features
NAUTILUS=>2021-06-10 20:51:23.379140: Completed generating intermediate features. Elapsed time: 0:00:08.599392
NAUTILUS=>2021-06-10 20:51:23.379160: Starting model training
NAUTILUS=>2021-06-10 20:53:31.499329: Completed model training. Elapsed time: 0:02:08.120169
NAUTILUS=>2021-06-10 20:53:31.499329: Cycle: 2, Model: 0, loss: [0.9820089936256409, 0.42822322249412537, 0.274488627910614, 0.19114264845848083, 0.12522202730178833]
NAUTILUS=>2021-06-10 20:53:31.499329: Cycle: 2, Model: 0, accuracy: [0.6411345601081848, 0.8296785950660706, 0.8881787657737732, 0.9303540587425232, 0.9543465375900269]
NAUTILUS=>2021-06-10 20:53:31.499329: Cycle: 2, Model: 0, val_loss: [0.3782179355621338, 0.34705260396003723, 0.2961651086807251, 0.2835554778575897, 0.305136114358902]
NAUTILUS=>2021-06-10 20:53:31.499329: Cycle: 2, Model: 0, val_accuracy: [0.8639460802078247, 0.8841715455055237, 0.9048786163330078, 0.9142364263534546, 0.9139883518218994]
NAUTILUS=>2021-06-10 20:53:31.499329: Cycle: 2, Model: 1, loss: [1.031630516052246, 0.49598366022109985, 0.33836865425109863, 0.2519090175628662, 0.17347869277000427]
NAUTILUS=>2021-06-10 20:53:31.499329: Cycle: 2, Model: 1, accuracy: [0.6214208006858826, 0.8046935200691223, 0.8720493316650391, 0.9077181816101074, 0.9331250190734863]
NAUTILUS=>2021-06-10 20:53:31.499329: Cycle: 2, Model: 1, val_loss: [0.4488494098186493, 0.3552568852901459, 0.2943028509616852, 0.28837546706199646, 0.27607956528663635]
NAUTILUS=>2021-06-10 20:53:31.499329: Cycle: 2, Model: 1, val_accuracy: [0.8425663709640503, 0.8833434581756592, 0.8984968066215515, 0.9134674668312073, 0.9148668646812439]
NAUTILUS=>2021-06-10 20:53:31.499329: Cycle: 2, Model: 2, loss: [1.1710573434829712, 0.594035804271698, 0.4166698455810547, 0.3269309103488922, 0.24684353172779083]
NAUTILUS=>2021-06-10 20:53:31.499329: Cycle: 2, Model: 2, accuracy: [0.5746650695800781, 0.7590763568878174, 0.8437793850898743, 0.8772196769714355, 0.906093418598175]
NAUTILUS=>2021-06-10 20:53:31.499329: Cycle: 2, Model: 2, val_loss: [0.5098970532417297, 0.3841044306755066, 0.3192782700061798, 0.3005669116973877, 0.27994734048843384]
NAUTILUS=>2021-06-10 20:53:31.499329: Cycle: 2, Model: 2, val_accuracy: [0.8162043690681458, 0.8690874576568604, 0.8832870721817017, 0.9080027937889099, 0.9080075621604919]
NAUTILUS=>2021-06-10 20:53:31.499329: Cycle: 2, Model: 3, loss: [1.2702641487121582, 0.6870141625404358, 0.504310667514801, 0.41127339005470276, 0.33217594027519226]
NAUTILUS=>2021-06-10 20:53:31.499329: Cycle: 2, Model: 3, accuracy: [0.5490967035293579, 0.7168906927108765, 0.8053242564201355, 0.8456637859344482, 0.8711362481117249]
NAUTILUS=>2021-06-10 20:53:31.499329: Cycle: 2, Model: 3, val_loss: [0.5931740403175354, 0.4284386932849884, 0.3611607849597931, 0.3322778344154358, 0.3065924346446991]
NAUTILUS=>2021-06-10 20:53:31.499329: Cycle: 2, Model: 3, val_accuracy: [0.7932661175727844, 0.8485016822814941, 0.8722827434539795, 0.8984524011611938, 0.9016739726066589]
NAUTILUS=>2021-06-10 20:53:31.499329: Cycle: 2, Model: 4, loss: [1.4514527320861816, 0.8877493143081665, 0.7038900256156921, 0.5856075882911682, 0.49603408575057983]
NAUTILUS=>2021-06-10 20:53:31.499329: Cycle: 2, Model: 4, accuracy: [0.5097699165344238, 0.6348280906677246, 0.7065922021865845, 0.7642958164215088, 0.8128173351287842]
NAUTILUS=>2021-06-10 20:53:31.499329: Cycle: 2, Model: 4, val_loss: [0.7447060346603394, 0.557397186756134, 0.4715612530708313, 0.41560640931129456, 0.38184329867362976]
NAUTILUS=>2021-06-10 20:53:31.499329: Cycle: 2, Model: 4, val_accuracy: [0.7591143250465393, 0.8084850311279297, 0.8386863470077515, 0.8604696393013, 0.8773206472396851]
NAUTILUS=>2021-06-10 20:53:31.499446: Starting to generating the best model
NAUTILUS=>2021-06-10 20:53:37.168594: Completed generating the best model. Elapsed time: 0:00:05.669148
NAUTILUS=>2021-06-10 20:53:37.168594: Cycle: 2, Best Model: 1
NAUTILUS=>2021-06-10 20:53:37.168594: Cycle: 2, Best model loss: [1.031630516052246, 0.49598366022109985, 0.33836865425109863, 0.2519090175628662, 0.17347869277000427]
NAUTILUS=>2021-06-10 20:53:37.168594: Cycle: 2, Best model accuracy: [0.6214208006858826, 0.8046935200691223, 0.8720493316650391, 0.9077181816101074, 0.9331250190734863]
NAUTILUS=>2021-06-10 20:53:37.168594: Cycle: 2, Best model val_loss: [0.4488494098186493, 0.3552568852901459, 0.2943028509616852, 0.28837546706199646, 0.27607956528663635]
NAUTILUS=>2021-06-10 20:53:37.168594: Cycle: 2, Best model val_accuracy: [0.8425663709640503, 0.8833434581756592, 0.8984968066215515, 0.9134674668312073, 0.9148668646812439]
NAUTILUS=>2021-06-10 20:53:37.461651: Completed active learning cycle. Elapsed time: 0:02:22.912524
NAUTILUS=>2021-06-10 20:53:37.461668: ========> Active learning cycle: 3
NAUTILUS=>2021-06-10 20:53:37.461672: Starting data loading
NAUTILUS=>2021-06-10 20:54:17.185261: Completed data loading. Elapsed time: 0:00:39.723589
NAUTILUS=>2021-06-10 20:54:17.185279: Starting model selection
NAUTILUS=>2021-06-10 20:54:17.185297: Materializing training data
NAUTILUS=>2021-06-10 20:54:17.413018: Completed materializing training data. Elapsed time: 0:00:00.227721
NAUTILUS=>2021-06-10 20:54:17.413029: Generating intermediate features
NAUTILUS=>2021-06-10 20:54:25.944492: Completed generating intermediate features. Elapsed time: 0:00:08.531463
NAUTILUS=>2021-06-10 20:54:25.944510: Starting model training
NAUTILUS=>2021-06-10 20:57:15.715293: Completed model training. Elapsed time: 0:02:49.770783
NAUTILUS=>2021-06-10 20:57:15.715293: Cycle: 3, Model: 0, loss: [1.0503240823745728, 0.5038192272186279, 0.34329548478126526, 0.27409422397613525, 0.18432030081748962]
NAUTILUS=>2021-06-10 20:57:15.715293: Cycle: 3, Model: 0, accuracy: [0.6394216418266296, 0.8110025525093079, 0.8757426142692566, 0.9025945067405701, 0.9401528835296631]
NAUTILUS=>2021-06-10 20:57:15.715293: Cycle: 3, Model: 0, val_loss: [0.36566832661628723, 0.2560340464115143, 0.27582311630249023, 0.31012749671936035, 0.2955993115901947]
NAUTILUS=>2021-06-10 20:57:15.715293: Cycle: 3, Model: 0, val_accuracy: [0.8686020970344543, 0.9100136160850525, 0.9169734716415405, 0.9171760082244873, 0.9122934937477112]
NAUTILUS=>2021-06-10 20:57:15.715293: Cycle: 3, Model: 1, loss: [1.0786219835281372, 0.5533127784729004, 0.41141536831855774, 0.3229483962059021, 0.24406534433364868]
NAUTILUS=>2021-06-10 20:57:15.715293: Cycle: 3, Model: 1, accuracy: [0.6122634410858154, 0.7813418507575989, 0.846768319606781, 0.8865628838539124, 0.9208267331123352]
NAUTILUS=>2021-06-10 20:57:15.715293: Cycle: 3, Model: 1, val_loss: [0.38938483595848083, 0.3041932284832001, 0.2628311812877655, 0.2745210826396942, 0.25541338324546814]
NAUTILUS=>2021-06-10 20:57:15.715293: Cycle: 3, Model: 1, val_accuracy: [0.8718843460083008, 0.8965688347816467, 0.9098889231681824, 0.9124472141265869, 0.9129377007484436]
NAUTILUS=>2021-06-10 20:57:15.715293: Cycle: 3, Model: 2, loss: [1.1734111309051514, 0.6405545473098755, 0.4942150413990021, 0.40278419852256775, 0.3289356529712677]
NAUTILUS=>2021-06-10 20:57:15.715293: Cycle: 3, Model: 2, accuracy: [0.580635666847229, 0.7494320273399353, 0.8104904890060425, 0.8541501760482788, 0.8839531540870667]
NAUTILUS=>2021-06-10 20:57:15.715293: Cycle: 3, Model: 2, val_loss: [0.47131678462028503, 0.35854095220565796, 0.3004438579082489, 0.27271783351898193, 0.26489606499671936]
NAUTILUS=>2021-06-10 20:57:15.715293: Cycle: 3, Model: 2, val_accuracy: [0.8249059915542603, 0.8742010593414307, 0.8958098292350769, 0.9077868461608887, 0.9134292602539062]
NAUTILUS=>2021-06-10 20:57:15.715293: Cycle: 3, Model: 3, loss: [1.2739770412445068, 0.7285146713256836, 0.5687881708145142, 0.47349512577056885, 0.3920932114124298]
NAUTILUS=>2021-06-10 20:57:15.715293: Cycle: 3, Model: 3, accuracy: [0.5530614256858826, 0.7097641825675964, 0.7803652286529541, 0.82074373960495, 0.8602864742279053]
NAUTILUS=>2021-06-10 20:57:15.715293: Cycle: 3, Model: 3, val_loss: [0.5316216349601746, 0.38841527700424194, 0.3417527675628662, 0.3005862534046173, 0.28646865487098694]
NAUTILUS=>2021-06-10 20:57:15.715293: Cycle: 3, Model: 3, val_accuracy: [0.8050476908683777, 0.8711074590682983, 0.8834086060523987, 0.8952108025550842, 0.9024705290794373]
NAUTILUS=>2021-06-10 20:57:15.715293: Cycle: 3, Model: 4, loss: [1.472325086593628, 0.9112445116043091, 0.7331180572509766, 0.6215204000473022, 0.5372510552406311]
NAUTILUS=>2021-06-10 20:57:15.715293: Cycle: 3, Model: 4, accuracy: [0.5054358243942261, 0.6356805562973022, 0.7062159776687622, 0.7632047533988953, 0.7958250641822815]
NAUTILUS=>2021-06-10 20:57:15.715293: Cycle: 3, Model: 4, val_loss: [0.6747691035270691, 0.5067815184593201, 0.4184145927429199, 0.37616926431655884, 0.34029093384742737]
NAUTILUS=>2021-06-10 20:57:15.715293: Cycle: 3, Model: 4, val_accuracy: [0.7709658145904541, 0.8268039226531982, 0.8575853705406189, 0.8713998198509216, 0.8867407441139221]
NAUTILUS=>2021-06-10 20:57:15.715422: Starting to generating the best model
NAUTILUS=>2021-06-10 20:57:21.422217: Completed generating the best model. Elapsed time: 0:00:05.706795
NAUTILUS=>2021-06-10 20:57:21.422217: Cycle: 3, Best Model: 2
NAUTILUS=>2021-06-10 20:57:21.422217: Cycle: 3, Best model loss: [1.1734111309051514, 0.6405545473098755, 0.4942150413990021, 0.40278419852256775, 0.3289356529712677]
NAUTILUS=>2021-06-10 20:57:21.422217: Cycle: 3, Best model accuracy: [0.580635666847229, 0.7494320273399353, 0.8104904890060425, 0.8541501760482788, 0.8839531540870667]
NAUTILUS=>2021-06-10 20:57:21.422217: Cycle: 3, Best model val_loss: [0.47131678462028503, 0.35854095220565796, 0.3004438579082489, 0.27271783351898193, 0.26489606499671936]
NAUTILUS=>2021-06-10 20:57:21.422217: Cycle: 3, Best model val_accuracy: [0.8249059915542603, 0.8742010593414307, 0.8958098292350769, 0.9077868461608887, 0.9134292602539062]
NAUTILUS=>2021-06-10 20:57:21.709251: Completed active learning cycle. Elapsed time: 0:03:04.523972
NAUTILUS=>2021-06-10 20:57:21.709269: ========> Active learning cycle: 4
NAUTILUS=>2021-06-10 20:57:21.709272: Starting data loading
NAUTILUS=>2021-06-10 20:58:06.457830: Completed data loading. Elapsed time: 0:00:44.748558
NAUTILUS=>2021-06-10 20:58:06.457847: Starting model selection
NAUTILUS=>2021-06-10 20:58:06.457864: Materializing training data
NAUTILUS=>2021-06-10 20:58:06.683545: Completed materializing training data. Elapsed time: 0:00:00.225681
NAUTILUS=>2021-06-10 20:58:06.683554: Generating intermediate features
NAUTILUS=>2021-06-10 20:58:15.281811: Completed generating intermediate features. Elapsed time: 0:00:08.598257
NAUTILUS=>2021-06-10 20:58:15.281830: Starting model training
NAUTILUS=>2021-06-10 21:01:48.127122: Completed model training. Elapsed time: 0:03:32.845292
NAUTILUS=>2021-06-10 21:01:48.127122: Cycle: 4, Model: 0, loss: [1.0007450580596924, 0.5386736392974854, 0.38935211300849915, 0.28623175621032715, 0.19687123596668243]
NAUTILUS=>2021-06-10 21:01:48.127122: Cycle: 4, Model: 0, accuracy: [0.6615559458732605, 0.813633143901825, 0.8663817048072815, 0.9032334089279175, 0.9374695420265198]
NAUTILUS=>2021-06-10 21:01:48.127122: Cycle: 4, Model: 0, val_loss: [0.35358813405036926, 0.2887240946292877, 0.26977843046188354, 0.24321216344833374, 0.2455395758152008]
NAUTILUS=>2021-06-10 21:01:48.127122: Cycle: 4, Model: 0, val_accuracy: [0.8783340454101562, 0.8984920382499695, 0.906108021736145, 0.9223610758781433, 0.9265408515930176]
NAUTILUS=>2021-06-10 21:01:48.127122: Cycle: 4, Model: 1, loss: [1.0142467021942139, 0.5698196291923523, 0.43418461084365845, 0.3525908291339874, 0.2743302285671234]
NAUTILUS=>2021-06-10 21:01:48.127122: Cycle: 4, Model: 1, accuracy: [0.6520774960517883, 0.7998597025871277, 0.8527160882949829, 0.8819565773010254, 0.9148235321044922]
NAUTILUS=>2021-06-10 21:01:48.127122: Cycle: 4, Model: 1, val_loss: [0.357993483543396, 0.2813897430896759, 0.24565917253494263, 0.23920086026191711, 0.23523733019828796]
NAUTILUS=>2021-06-10 21:01:48.127122: Cycle: 4, Model: 1, val_accuracy: [0.883351743221283, 0.8983660340309143, 0.9147924184799194, 0.9203234314918518, 0.9223295450210571]
NAUTILUS=>2021-06-10 21:01:48.127122: Cycle: 4, Model: 2, loss: [1.088930368423462, 0.6305785179138184, 0.495967835187912, 0.4107176959514618, 0.34650394320487976]
NAUTILUS=>2021-06-10 21:01:48.127122: Cycle: 4, Model: 2, accuracy: [0.6281378269195557, 0.7715151309967041, 0.8276664614677429, 0.8608231544494629, 0.8871836066246033]
NAUTILUS=>2021-06-10 21:01:48.127122: Cycle: 4, Model: 2, val_loss: [0.4040851593017578, 0.29758158326148987, 0.2775493860244751, 0.24165937304496765, 0.24623627960681915]
NAUTILUS=>2021-06-10 21:01:48.127122: Cycle: 4, Model: 2, val_accuracy: [0.8620694875717163, 0.8995107412338257, 0.9048641324043274, 0.917738676071167, 0.9149627685546875]
NAUTILUS=>2021-06-10 21:01:48.127122: Cycle: 4, Model: 3, loss: [1.157570242881775, 0.7072559595108032, 0.5625317692756653, 0.4762425720691681, 0.40739190578460693]
NAUTILUS=>2021-06-10 21:01:48.127122: Cycle: 4, Model: 3, accuracy: [0.5996688008308411, 0.7423927187919617, 0.8035558462142944, 0.833922803401947, 0.8620312213897705]
NAUTILUS=>2021-06-10 21:01:48.127122: Cycle: 4, Model: 3, val_loss: [0.4594841003417969, 0.34411075711250305, 0.30147141218185425, 0.2650787830352783, 0.2584414780139923]
NAUTILUS=>2021-06-10 21:01:48.127122: Cycle: 4, Model: 3, val_accuracy: [0.8350563049316406, 0.8728525042533875, 0.8964491486549377, 0.9098873138427734, 0.9113976359367371]
NAUTILUS=>2021-06-10 21:01:48.127122: Cycle: 4, Model: 4, loss: [1.3454225063323975, 0.8739070892333984, 0.7182663083076477, 0.6176023483276367, 0.5488802194595337]
NAUTILUS=>2021-06-10 21:01:48.127122: Cycle: 4, Model: 4, accuracy: [0.5440038442611694, 0.6713788509368896, 0.7311091423034668, 0.7757835388183594, 0.8040665984153748]
NAUTILUS=>2021-06-10 21:01:48.127122: Cycle: 4, Model: 4, val_loss: [0.5900522470474243, 0.44375625252723694, 0.37626031041145325, 0.34677886962890625, 0.3064459264278412]
NAUTILUS=>2021-06-10 21:01:48.127122: Cycle: 4, Model: 4, val_accuracy: [0.7976731061935425, 0.8407654762268066, 0.8682580590248108, 0.8782362937927246, 0.8947235345840454]
NAUTILUS=>2021-06-10 21:01:48.127238: Starting to generating the best model
NAUTILUS=>2021-06-10 21:01:53.790843: Completed generating the best model. Elapsed time: 0:00:05.663605
NAUTILUS=>2021-06-10 21:01:53.790843: Cycle: 4, Best Model: 0
NAUTILUS=>2021-06-10 21:01:53.790843: Cycle: 4, Best model loss: [1.0007450580596924, 0.5386736392974854, 0.38935211300849915, 0.28623175621032715, 0.19687123596668243]
NAUTILUS=>2021-06-10 21:01:53.790843: Cycle: 4, Best model accuracy: [0.6615559458732605, 0.813633143901825, 0.8663817048072815, 0.9032334089279175, 0.9374695420265198]
NAUTILUS=>2021-06-10 21:01:53.790843: Cycle: 4, Best model val_loss: [0.35358813405036926, 0.2887240946292877, 0.26977843046188354, 0.24321216344833374, 0.2455395758152008]
NAUTILUS=>2021-06-10 21:01:53.790843: Cycle: 4, Best model val_accuracy: [0.8783340454101562, 0.8984920382499695, 0.906108021736145, 0.9223610758781433, 0.9265408515930176]
NAUTILUS=>2021-06-10 21:01:54.076959: Completed active learning cycle. Elapsed time: 0:03:47.619112
NAUTILUS=>2021-06-10 21:01:54.076976: ========> Active learning cycle: 5
NAUTILUS=>2021-06-10 21:01:54.076980: Starting data loading
NAUTILUS=>2021-06-10 21:02:30.404354: Completed data loading. Elapsed time: 0:00:36.327374
NAUTILUS=>2021-06-10 21:02:30.404371: Starting model selection
NAUTILUS=>2021-06-10 21:02:30.404388: Materializing training data
NAUTILUS=>2021-06-10 21:02:30.629959: Completed materializing training data. Elapsed time: 0:00:00.225571
NAUTILUS=>2021-06-10 21:02:30.629969: Generating intermediate features
NAUTILUS=>2021-06-10 21:02:39.190017: Completed generating intermediate features. Elapsed time: 0:00:08.560048
NAUTILUS=>2021-06-10 21:02:39.190036: Starting model training
NAUTILUS=>2021-06-10 21:06:57.907559: Completed model training. Elapsed time: 0:04:18.717523
NAUTILUS=>2021-06-10 21:06:57.907559: Cycle: 5, Model: 0, loss: [0.8848877549171448, 0.48879098892211914, 0.3627718389034271, 0.27218595147132874, 0.2061728686094284]
NAUTILUS=>2021-06-10 21:06:57.907559: Cycle: 5, Model: 0, accuracy: [0.697338879108429, 0.8288840651512146, 0.8729316592216492, 0.9055098295211792, 0.9343339800834656]
NAUTILUS=>2021-06-10 21:06:57.907559: Cycle: 5, Model: 0, val_loss: [0.3129018545150757, 0.25376373529434204, 0.23948748409748077, 0.22341026365756989, 0.2342166006565094]
NAUTILUS=>2021-06-10 21:06:57.907559: Cycle: 5, Model: 0, val_accuracy: [0.8828927874565125, 0.9140087366104126, 0.920835554599762, 0.9284613132476807, 0.9284204244613647]
NAUTILUS=>2021-06-10 21:06:57.907559: Cycle: 5, Model: 1, loss: [0.931462824344635, 0.5267236828804016, 0.405816912651062, 0.32352134585380554, 0.26926350593566895]
NAUTILUS=>2021-06-10 21:06:57.907559: Cycle: 5, Model: 1, accuracy: [0.6760247945785522, 0.812559962272644, 0.8585521578788757, 0.890867292881012, 0.913202166557312]
NAUTILUS=>2021-06-10 21:06:57.907559: Cycle: 5, Model: 1, val_loss: [0.3221791088581085, 0.256032258272171, 0.23639313876628876, 0.21526898443698883, 0.21449017524719238]
NAUTILUS=>2021-06-10 21:06:57.907559: Cycle: 5, Model: 1, val_accuracy: [0.8834271430969238, 0.9131736159324646, 0.9191558361053467, 0.9234687685966492, 0.927733838558197]
NAUTILUS=>2021-06-10 21:06:57.907559: Cycle: 5, Model: 2, loss: [0.9871426224708557, 0.5766896605491638, 0.45632657408714294, 0.3781070411205292, 0.32490047812461853]
NAUTILUS=>2021-06-10 21:06:57.907559: Cycle: 5, Model: 2, accuracy: [0.6508467197418213, 0.7911696434020996, 0.8388306498527527, 0.8714576959609985, 0.893989622592926]
NAUTILUS=>2021-06-10 21:06:57.907559: Cycle: 5, Model: 2, val_loss: [0.36145877838134766, 0.28238633275032043, 0.248015895485878, 0.22655874490737915, 0.21870160102844238]
NAUTILUS=>2021-06-10 21:06:57.907559: Cycle: 5, Model: 2, val_accuracy: [0.8718570470809937, 0.9073320031166077, 0.9183659553527832, 0.9207580089569092, 0.9231885671615601]
NAUTILUS=>2021-06-10 21:06:57.907559: Cycle: 5, Model: 3, loss: [1.0761611461639404, 0.6479772925376892, 0.5219250917434692, 0.4377794861793518, 0.38239797949790955]
NAUTILUS=>2021-06-10 21:06:57.907559: Cycle: 5, Model: 3, accuracy: [0.6204816102981567, 0.7633841037750244, 0.8116997480392456, 0.8473471403121948, 0.8717269897460938]
NAUTILUS=>2021-06-10 21:06:57.907559: Cycle: 5, Model: 3, val_loss: [0.4186553359031677, 0.3157375752925873, 0.27084529399871826, 0.24474231898784637, 0.23244576156139374]
NAUTILUS=>2021-06-10 21:06:57.907559: Cycle: 5, Model: 3, val_accuracy: [0.8494088649749756, 0.8946815729141235, 0.9061723351478577, 0.917978823184967, 0.9197957515716553]
NAUTILUS=>2021-06-10 21:06:57.907559: Cycle: 5, Model: 4, loss: [1.2357624769210815, 0.7958910465240479, 0.6439173817634583, 0.5554220080375671, 0.49414271116256714]
NAUTILUS=>2021-06-10 21:06:57.907559: Cycle: 5, Model: 4, accuracy: [0.5745130181312561, 0.7015500068664551, 0.7596748471260071, 0.7991726398468018, 0.8284165859222412]
NAUTILUS=>2021-06-10 21:06:57.907559: Cycle: 5, Model: 4, val_loss: [0.5611566305160522, 0.4009929895401001, 0.33768612146377563, 0.29787594079971313, 0.27466508746147156]
NAUTILUS=>2021-06-10 21:06:57.907559: Cycle: 5, Model: 4, val_accuracy: [0.8082491159439087, 0.858737587928772, 0.8851794004440308, 0.8972901701927185, 0.9067664742469788]
NAUTILUS=>2021-06-10 21:06:57.907680: Starting to generating the best model
NAUTILUS=>2021-06-10 21:07:03.583834: Completed generating the best model. Elapsed time: 0:00:05.676154
NAUTILUS=>2021-06-10 21:07:03.583834: Cycle: 5, Best Model: 0
NAUTILUS=>2021-06-10 21:07:03.583834: Cycle: 5, Best model loss: [0.8848877549171448, 0.48879098892211914, 0.3627718389034271, 0.27218595147132874, 0.2061728686094284]
NAUTILUS=>2021-06-10 21:07:03.583834: Cycle: 5, Best model accuracy: [0.697338879108429, 0.8288840651512146, 0.8729316592216492, 0.9055098295211792, 0.9343339800834656]
NAUTILUS=>2021-06-10 21:07:03.583834: Cycle: 5, Best model val_loss: [0.3129018545150757, 0.25376373529434204, 0.23948748409748077, 0.22341026365756989, 0.2342166006565094]
NAUTILUS=>2021-06-10 21:07:03.583834: Cycle: 5, Best model val_accuracy: [0.8828927874565125, 0.9140087366104126, 0.920835554599762, 0.9284613132476807, 0.9284204244613647]
NAUTILUS=>2021-06-10 21:07:03.870922: Completed active learning cycle. Elapsed time: 0:04:33.466551
NAUTILUS=>2021-06-10 21:07:03.870938: ========> Active learning cycle: 6
NAUTILUS=>2021-06-10 21:07:03.870942: Starting data loading
NAUTILUS=>2021-06-10 21:07:44.548692: Completed data loading. Elapsed time: 0:00:40.677750
NAUTILUS=>2021-06-10 21:07:44.548708: Starting model selection
NAUTILUS=>2021-06-10 21:07:44.548725: Materializing training data
NAUTILUS=>2021-06-10 21:07:44.780044: Completed materializing training data. Elapsed time: 0:00:00.231319
NAUTILUS=>2021-06-10 21:07:44.780055: Generating intermediate features
NAUTILUS=>2021-06-10 21:07:53.392469: Completed generating intermediate features. Elapsed time: 0:00:08.612414
NAUTILUS=>2021-06-10 21:07:53.392488: Starting model training
NAUTILUS=>2021-06-10 21:12:52.175379: Completed model training. Elapsed time: 0:04:58.782891
NAUTILUS=>2021-06-10 21:12:52.175379: Cycle: 6, Model: 0, loss: [0.7799672484397888, 0.44660690426826477, 0.3338445723056793, 0.25252801179885864, 0.17619304358959198]
NAUTILUS=>2021-06-10 21:12:52.175379: Cycle: 6, Model: 0, accuracy: [0.731383204460144, 0.8403475284576416, 0.8846457004547119, 0.913008451461792, 0.9420837163925171]
NAUTILUS=>2021-06-10 21:12:52.175379: Cycle: 6, Model: 0, val_loss: [0.2626066207885742, 0.22274690866470337, 0.22555580735206604, 0.21269740164279938, 0.20551294088363647]
NAUTILUS=>2021-06-10 21:12:52.175379: Cycle: 6, Model: 0, val_accuracy: [0.9080990552902222, 0.9237484931945801, 0.9229283928871155, 0.9287424683570862, 0.9391658306121826]
NAUTILUS=>2021-06-10 21:12:52.175379: Cycle: 6, Model: 1, loss: [0.8581397533416748, 0.4753199815750122, 0.367048442363739, 0.29810860753059387, 0.23778419196605682]
NAUTILUS=>2021-06-10 21:12:52.175379: Cycle: 6, Model: 1, accuracy: [0.7032250165939331, 0.831017255783081, 0.8730658888816833, 0.8979975581169128, 0.9215250611305237]
NAUTILUS=>2021-06-10 21:12:52.175379: Cycle: 6, Model: 1, val_loss: [0.2996942698955536, 0.23559750616550446, 0.23065303266048431, 0.21521662175655365, 0.19957663118839264]
NAUTILUS=>2021-06-10 21:12:52.175379: Cycle: 6, Model: 1, val_accuracy: [0.8900206685066223, 0.9162307977676392, 0.9214035272598267, 0.9261847734451294, 0.9329729080200195]
NAUTILUS=>2021-06-10 21:12:52.175379: Cycle: 6, Model: 2, loss: [0.9098142385482788, 0.5191351175308228, 0.41630348563194275, 0.3501938581466675, 0.2938484847545624]
NAUTILUS=>2021-06-10 21:12:52.175379: Cycle: 6, Model: 2, accuracy: [0.6849844455718994, 0.8124200105667114, 0.8526950478553772, 0.8777907490730286, 0.9018515944480896]
NAUTILUS=>2021-06-10 21:12:52.175379: Cycle: 6, Model: 2, val_loss: [0.3283713161945343, 0.24877558648586273, 0.24537846446037292, 0.21291780471801758, 0.20896629989147186]
NAUTILUS=>2021-06-10 21:12:52.175379: Cycle: 6, Model: 2, val_accuracy: [0.8854753375053406, 0.9102099537849426, 0.9186162352561951, 0.9225842356681824, 0.9274060130119324]
NAUTILUS=>2021-06-10 21:12:52.175379: Cycle: 6, Model: 3, loss: [0.9806895852088928, 0.5712223052978516, 0.4612850844860077, 0.3971766233444214, 0.34779900312423706]
NAUTILUS=>2021-06-10 21:12:52.175379: Cycle: 6, Model: 3, accuracy: [0.6613543033599854, 0.7908597588539124, 0.8349010944366455, 0.8593341112136841, 0.8809056878089905]
NAUTILUS=>2021-06-10 21:12:52.175379: Cycle: 6, Model: 3, val_loss: [0.36292847990989685, 0.27431514859199524, 0.2669964134693146, 0.22481697797775269, 0.22000351548194885]
NAUTILUS=>2021-06-10 21:12:52.175379: Cycle: 6, Model: 3, val_accuracy: [0.8769689202308655, 0.9005081057548523, 0.9096952080726624, 0.9197098016738892, 0.9217705130577087]
NAUTILUS=>2021-06-10 21:12:52.175379: Cycle: 6, Model: 4, loss: [1.1338587999343872, 0.7043327689170837, 0.5731474757194519, 0.49590587615966797, 0.44557687640190125]
NAUTILUS=>2021-06-10 21:12:52.175379: Cycle: 6, Model: 4, accuracy: [0.6139985918998718, 0.7374523878097534, 0.791863739490509, 0.8211240768432617, 0.8419517278671265]
NAUTILUS=>2021-06-10 21:12:52.175379: Cycle: 6, Model: 4, val_loss: [0.46792593598365784, 0.3470251262187958, 0.30187565088272095, 0.2667747139930725, 0.25262650847435]
NAUTILUS=>2021-06-10 21:12:52.175379: Cycle: 6, Model: 4, val_accuracy: [0.8401323556900024, 0.8765769600868225, 0.8970165252685547, 0.9114247560501099, 0.9142956733703613]
NAUTILUS=>2021-06-10 21:12:52.175496: Starting to generating the best model
NAUTILUS=>2021-06-10 21:12:57.792093: Completed generating the best model. Elapsed time: 0:00:05.616597
NAUTILUS=>2021-06-10 21:12:57.792093: Cycle: 6, Best Model: 0
NAUTILUS=>2021-06-10 21:12:57.792093: Cycle: 6, Best model loss: [0.7799672484397888, 0.44660690426826477, 0.3338445723056793, 0.25252801179885864, 0.17619304358959198]
NAUTILUS=>2021-06-10 21:12:57.792093: Cycle: 6, Best model accuracy: [0.731383204460144, 0.8403475284576416, 0.8846457004547119, 0.913008451461792, 0.9420837163925171]
NAUTILUS=>2021-06-10 21:12:57.792093: Cycle: 6, Best model val_loss: [0.2626066207885742, 0.22274690866470337, 0.22555580735206604, 0.21269740164279938, 0.20551294088363647]
NAUTILUS=>2021-06-10 21:12:57.792093: Cycle: 6, Best model val_accuracy: [0.9080990552902222, 0.9237484931945801, 0.9229283928871155, 0.9287424683570862, 0.9391658306121826]
NAUTILUS=>2021-06-10 21:12:58.079188: Completed active learning cycle. Elapsed time: 0:05:13.530480
NAUTILUS=>2021-06-10 21:12:58.079204: ========> Active learning cycle: 7
NAUTILUS=>2021-06-10 21:12:58.079208: Starting data loading
NAUTILUS=>2021-06-10 21:13:30.889363: Completed data loading. Elapsed time: 0:00:32.810155
NAUTILUS=>2021-06-10 21:13:30.889380: Starting model selection
NAUTILUS=>2021-06-10 21:13:30.889397: Materializing training data
NAUTILUS=>2021-06-10 21:13:31.120550: Completed materializing training data. Elapsed time: 0:00:00.231153
NAUTILUS=>2021-06-10 21:13:31.120564: Generating intermediate features
NAUTILUS=>2021-06-10 21:13:39.665031: Completed generating intermediate features. Elapsed time: 0:00:08.544467
NAUTILUS=>2021-06-10 21:13:39.665050: Starting model training
NAUTILUS=>2021-06-10 21:19:22.962707: Completed model training. Elapsed time: 0:05:43.297657
NAUTILUS=>2021-06-10 21:19:22.962707: Cycle: 7, Model: 0, loss: [0.7141919136047363, 0.4197644591331482, 0.29885420203208923, 0.22680462896823883, 0.15158581733703613]
NAUTILUS=>2021-06-10 21:19:22.962707: Cycle: 7, Model: 0, accuracy: [0.7476896643638611, 0.8520718216896057, 0.8957385420799255, 0.9220045804977417, 0.9465411305427551]
NAUTILUS=>2021-06-10 21:19:22.962707: Cycle: 7, Model: 0, val_loss: [0.27678847312927246, 0.23117424547672272, 0.22586175799369812, 0.19351738691329956, 0.1916634440422058]
NAUTILUS=>2021-06-10 21:19:22.962707: Cycle: 7, Model: 0, val_accuracy: [0.9071118235588074, 0.9215483069419861, 0.9206670522689819, 0.9355860352516174, 0.9440969228744507]
NAUTILUS=>2021-06-10 21:19:22.962707: Cycle: 7, Model: 1, loss: [0.7423845529556274, 0.43447279930114746, 0.3382682204246521, 0.27658721804618835, 0.21293960511684418]
NAUTILUS=>2021-06-10 21:19:22.962707: Cycle: 7, Model: 1, accuracy: [0.7348429560661316, 0.8446593284606934, 0.8806770443916321, 0.903697669506073, 0.9277063012123108]
NAUTILUS=>2021-06-10 21:19:22.962707: Cycle: 7, Model: 1, val_loss: [0.25973403453826904, 0.23179957270622253, 0.21798460185527802, 0.1917075514793396, 0.19586974382400513]
NAUTILUS=>2021-06-10 21:19:22.962707: Cycle: 7, Model: 1, val_accuracy: [0.9079566597938538, 0.9167662858963013, 0.9259543418884277, 0.9338977336883545, 0.9338206052780151]
NAUTILUS=>2021-06-10 21:19:22.962707: Cycle: 7, Model: 2, loss: [0.8025190830230713, 0.47154468297958374, 0.37708330154418945, 0.32224565744400024, 0.26443812251091003]
NAUTILUS=>2021-06-10 21:19:22.962707: Cycle: 7, Model: 2, accuracy: [0.7115219831466675, 0.8267384767532349, 0.8642494678497314, 0.8844788670539856, 0.9091392159461975]
NAUTILUS=>2021-06-10 21:19:22.962707: Cycle: 7, Model: 2, val_loss: [0.2850461006164551, 0.25467589497566223, 0.22212596237659454, 0.1975395679473877, 0.1967480182647705]
NAUTILUS=>2021-06-10 21:19:22.962707: Cycle: 7, Model: 2, val_accuracy: [0.8967004418373108, 0.9093232154846191, 0.9235003590583801, 0.9325689077377319, 0.9333333969116211]
NAUTILUS=>2021-06-10 21:19:22.962707: Cycle: 7, Model: 3, loss: [0.8863363862037659, 0.5211077928543091, 0.4181367754936218, 0.3622870147228241, 0.3097233474254608]
NAUTILUS=>2021-06-10 21:19:22.962707: Cycle: 7, Model: 3, accuracy: [0.6853455305099487, 0.8059935569763184, 0.8465524911880493, 0.8691449165344238, 0.8902751803398132]
NAUTILUS=>2021-06-10 21:19:22.962707: Cycle: 7, Model: 3, val_loss: [0.3304221034049988, 0.2762657701969147, 0.23427972197532654, 0.20634549856185913, 0.19914966821670532]
NAUTILUS=>2021-06-10 21:19:22.962707: Cycle: 7, Model: 3, val_accuracy: [0.8778524994850159, 0.8985719680786133, 0.917523980140686, 0.929358959197998, 0.9313344955444336]
NAUTILUS=>2021-06-10 21:19:22.962707: Cycle: 7, Model: 4, loss: [1.0465847253799438, 0.6368498206138611, 0.518840491771698, 0.4513567388057709, 0.3975052237510681]
NAUTILUS=>2021-06-10 21:19:22.962707: Cycle: 7, Model: 4, accuracy: [0.6393547654151917, 0.758770227432251, 0.8054442405700684, 0.833607017993927, 0.8547285795211792]
NAUTILUS=>2021-06-10 21:19:22.962707: Cycle: 7, Model: 4, val_loss: [0.43953120708465576, 0.3249198794364929, 0.2986510694026947, 0.2445904165506363, 0.23032431304454803]
NAUTILUS=>2021-06-10 21:19:22.962707: Cycle: 7, Model: 4, val_accuracy: [0.8374829292297363, 0.8847850561141968, 0.8997259736061096, 0.9141770601272583, 0.9171674251556396]
NAUTILUS=>2021-06-10 21:19:22.962823: Starting to generating the best model
NAUTILUS=>2021-06-10 21:19:28.640475: Completed generating the best model. Elapsed time: 0:00:05.677652
NAUTILUS=>2021-06-10 21:19:28.640475: Cycle: 7, Best Model: 0
NAUTILUS=>2021-06-10 21:19:28.640475: Cycle: 7, Best model loss: [0.7141919136047363, 0.4197644591331482, 0.29885420203208923, 0.22680462896823883, 0.15158581733703613]
NAUTILUS=>2021-06-10 21:19:28.640475: Cycle: 7, Best model accuracy: [0.7476896643638611, 0.8520718216896057, 0.8957385420799255, 0.9220045804977417, 0.9465411305427551]
NAUTILUS=>2021-06-10 21:19:28.640475: Cycle: 7, Best model val_loss: [0.27678847312927246, 0.23117424547672272, 0.22586175799369812, 0.19351738691329956, 0.1916634440422058]
NAUTILUS=>2021-06-10 21:19:28.640475: Cycle: 7, Best model val_accuracy: [0.9071118235588074, 0.9215483069419861, 0.9206670522689819, 0.9355860352516174, 0.9440969228744507]
NAUTILUS=>2021-06-10 21:19:28.934259: Completed active learning cycle. Elapsed time: 0:05:58.044879
NAUTILUS=>2021-06-10 21:19:28.934275: ========> Active learning cycle: 8
NAUTILUS=>2021-06-10 21:19:28.934279: Starting data loading
NAUTILUS=>2021-06-10 21:20:05.305161: Completed data loading. Elapsed time: 0:00:36.370882
NAUTILUS=>2021-06-10 21:20:05.305178: Starting model selection
NAUTILUS=>2021-06-10 21:20:05.305194: Materializing training data
NAUTILUS=>2021-06-10 21:20:05.531344: Completed materializing training data. Elapsed time: 0:00:00.226150
NAUTILUS=>2021-06-10 21:20:05.531355: Generating intermediate features
NAUTILUS=>2021-06-10 21:20:14.210419: Completed generating intermediate features. Elapsed time: 0:00:08.679064
NAUTILUS=>2021-06-10 21:20:14.210438: Starting model training
NAUTILUS=>2021-06-10 21:26:39.491278: Completed model training. Elapsed time: 0:06:25.280840
NAUTILUS=>2021-06-10 21:26:39.491278: Cycle: 8, Model: 0, loss: [0.6462854146957397, 0.3811362385749817, 0.28861740231513977, 0.2074565887451172, 0.14144223928451538]
NAUTILUS=>2021-06-10 21:26:39.491278: Cycle: 8, Model: 0, accuracy: [0.7648276686668396, 0.8624294996261597, 0.8984484672546387, 0.9291367530822754, 0.9511449337005615]
NAUTILUS=>2021-06-10 21:26:39.491278: Cycle: 8, Model: 0, val_loss: [0.24057890474796295, 0.21077823638916016, 0.21745724976062775, 0.18167448043823242, 0.19799485802650452]
NAUTILUS=>2021-06-10 21:26:39.491278: Cycle: 8, Model: 0, val_accuracy: [0.913286566734314, 0.923703134059906, 0.923503041267395, 0.9368624687194824, 0.9375535845756531]
NAUTILUS=>2021-06-10 21:26:39.491278: Cycle: 8, Model: 1, loss: [0.6861206293106079, 0.40148040652275085, 0.3240763545036316, 0.2560013234615326, 0.20422732830047607]
NAUTILUS=>2021-06-10 21:26:39.491278: Cycle: 8, Model: 1, accuracy: [0.7544214129447937, 0.8515031933784485, 0.8859738111495972, 0.9110137820243835, 0.9304700493812561]
NAUTILUS=>2021-06-10 21:26:39.491278: Cycle: 8, Model: 1, val_loss: [0.2576546370983124, 0.23126022517681122, 0.2437811642885208, 0.18745020031929016, 0.19401249289512634]
NAUTILUS=>2021-06-10 21:26:39.491278: Cycle: 8, Model: 1, val_accuracy: [0.9061537981033325, 0.9163336753845215, 0.9140099883079529, 0.9339281320571899, 0.9341509342193604]
NAUTILUS=>2021-06-10 21:26:39.491278: Cycle: 8, Model: 2, loss: [0.7595019340515137, 0.4339686334133148, 0.35745441913604736, 0.2974763810634613, 0.2522880434989929]
NAUTILUS=>2021-06-10 21:26:39.491278: Cycle: 8, Model: 2, accuracy: [0.7293134927749634, 0.8402746319770813, 0.8715024590492249, 0.8972829580307007, 0.9139047265052795]
NAUTILUS=>2021-06-10 21:26:39.491278: Cycle: 8, Model: 2, val_loss: [0.28293344378471375, 0.25209638476371765, 0.23502936959266663, 0.21178288757801056, 0.19514960050582886]
NAUTILUS=>2021-06-10 21:26:39.491278: Cycle: 8, Model: 2, val_accuracy: [0.896564245223999, 0.9063584804534912, 0.9161711931228638, 0.9244779348373413, 0.9281970262527466]
NAUTILUS=>2021-06-10 21:26:39.491278: Cycle: 8, Model: 3, loss: [0.8118411302566528, 0.477920264005661, 0.3912113606929779, 0.3356734812259674, 0.292837917804718]
NAUTILUS=>2021-06-10 21:26:39.491278: Cycle: 8, Model: 3, accuracy: [0.7108562588691711, 0.8227778077125549, 0.8571701645851135, 0.8817236423492432, 0.898924708366394]
NAUTILUS=>2021-06-10 21:26:39.491278: Cycle: 8, Model: 3, val_loss: [0.3127152919769287, 0.2579899728298187, 0.2187696099281311, 0.21852491796016693, 0.1978650689125061]
NAUTILUS=>2021-06-10 21:26:39.491278: Cycle: 8, Model: 3, val_accuracy: [0.8882283568382263, 0.9021358489990234, 0.9217343330383301, 0.9220630526542664, 0.9286043643951416]
NAUTILUS=>2021-06-10 21:26:39.491278: Cycle: 8, Model: 4, loss: [0.9592781066894531, 0.5785472989082336, 0.4732341766357422, 0.41175901889801025, 0.37278756499290466]
NAUTILUS=>2021-06-10 21:26:39.491278: Cycle: 8, Model: 4, accuracy: [0.6653230786323547, 0.783255398273468, 0.8229247331619263, 0.8489603400230408, 0.8643491864204407]
NAUTILUS=>2021-06-10 21:26:39.491278: Cycle: 8, Model: 4, val_loss: [0.3985591232776642, 0.3005877733230591, 0.255130797624588, 0.2325507402420044, 0.22444069385528564]
NAUTILUS=>2021-06-10 21:26:39.491278: Cycle: 8, Model: 4, val_accuracy: [0.8510181307792664, 0.8874920010566711, 0.9073716998100281, 0.9184061288833618, 0.9194831252098083]
NAUTILUS=>2021-06-10 21:26:39.491393: Starting to generating the best model
NAUTILUS=>2021-06-10 21:26:45.158337: Completed generating the best model. Elapsed time: 0:00:05.666944
NAUTILUS=>2021-06-10 21:26:45.158337: Cycle: 8, Best Model: 0
NAUTILUS=>2021-06-10 21:26:45.158337: Cycle: 8, Best model loss: [0.6462854146957397, 0.3811362385749817, 0.28861740231513977, 0.2074565887451172, 0.14144223928451538]
NAUTILUS=>2021-06-10 21:26:45.158337: Cycle: 8, Best model accuracy: [0.7648276686668396, 0.8624294996261597, 0.8984484672546387, 0.9291367530822754, 0.9511449337005615]
NAUTILUS=>2021-06-10 21:26:45.158337: Cycle: 8, Best model val_loss: [0.24057890474796295, 0.21077823638916016, 0.21745724976062775, 0.18167448043823242, 0.19799485802650452]
NAUTILUS=>2021-06-10 21:26:45.158337: Cycle: 8, Best model val_accuracy: [0.913286566734314, 0.923703134059906, 0.923503041267395, 0.9368624687194824, 0.9375535845756531]
NAUTILUS=>2021-06-10 21:26:45.445681: Completed active learning cycle. Elapsed time: 0:06:40.140503
NAUTILUS=>2021-06-10 21:26:45.445698: ========> Active learning cycle: 9
NAUTILUS=>2021-06-10 21:26:45.445702: Starting data loading
NAUTILUS=>2021-06-10 21:27:14.680203: Completed data loading. Elapsed time: 0:00:29.234501
NAUTILUS=>2021-06-10 21:27:14.680220: Starting model selection
NAUTILUS=>2021-06-10 21:27:14.680235: Materializing training data
NAUTILUS=>2021-06-10 21:27:14.909078: Completed materializing training data. Elapsed time: 0:00:00.228843
NAUTILUS=>2021-06-10 21:27:14.909089: Generating intermediate features
NAUTILUS=>2021-06-10 21:27:23.513562: Completed generating intermediate features. Elapsed time: 0:00:08.604473
NAUTILUS=>2021-06-10 21:27:23.513582: Starting model training
NAUTILUS=>2021-06-10 21:34:33.349172: Completed model training. Elapsed time: 0:07:09.835590
NAUTILUS=>2021-06-10 21:34:33.349172: Cycle: 9, Model: 0, loss: [0.6101494431495667, 0.3436063528060913, 0.2601487636566162, 0.19211427867412567, 0.13049662113189697]
NAUTILUS=>2021-06-10 21:34:33.349172: Cycle: 9, Model: 0, accuracy: [0.7821892499923706, 0.8788742423057556, 0.9102776646614075, 0.9344367384910583, 0.9566594362258911]
NAUTILUS=>2021-06-10 21:34:33.349172: Cycle: 9, Model: 0, val_loss: [0.22932305932044983, 0.19832168519496918, 0.2133380025625229, 0.17839519679546356, 0.16431324183940887]
NAUTILUS=>2021-06-10 21:34:33.349172: Cycle: 9, Model: 0, val_accuracy: [0.9170317649841309, 0.9259041547775269, 0.9239615201950073, 0.9423326253890991, 0.9498728513717651]
NAUTILUS=>2021-06-10 21:34:33.349172: Cycle: 9, Model: 1, loss: [0.6263502240180969, 0.36540934443473816, 0.2912226617336273, 0.23537896573543549, 0.18503959476947784]
NAUTILUS=>2021-06-10 21:34:33.349172: Cycle: 9, Model: 1, accuracy: [0.7757157683372498, 0.8683468103408813, 0.8967680931091309, 0.9193758368492126, 0.9383494853973389]
NAUTILUS=>2021-06-10 21:34:33.349172: Cycle: 9, Model: 1, val_loss: [0.26583561301231384, 0.20592351257801056, 0.21643760800361633, 0.18845845758914948, 0.168173149228096]
NAUTILUS=>2021-06-10 21:34:33.349172: Cycle: 9, Model: 1, val_accuracy: [0.9050878286361694, 0.9263930916786194, 0.9218016266822815, 0.9342937469482422, 0.9448469281196594]
NAUTILUS=>2021-06-10 21:34:33.349172: Cycle: 9, Model: 2, loss: [0.6752530932426453, 0.3988521099090576, 0.32307615876197815, 0.2713421881198883, 0.2314712256193161]
NAUTILUS=>2021-06-10 21:34:33.349172: Cycle: 9, Model: 2, accuracy: [0.7581544518470764, 0.8524529337882996, 0.8840740919113159, 0.9053442478179932, 0.9216110706329346]
NAUTILUS=>2021-06-10 21:34:33.349172: Cycle: 9, Model: 2, val_loss: [0.26032307744026184, 0.21560370922088623, 0.2066260725259781, 0.19031494855880737, 0.17379038035869598]
NAUTILUS=>2021-06-10 21:34:33.349172: Cycle: 9, Model: 2, val_accuracy: [0.9093295335769653, 0.9257147908210754, 0.9288658499717712, 0.9338159561157227, 0.9401796460151672]
NAUTILUS=>2021-06-10 21:34:33.349172: Cycle: 9, Model: 3, loss: [0.7396025061607361, 0.43543586134910583, 0.3545207381248474, 0.3026432693004608, 0.2695256173610687]
NAUTILUS=>2021-06-10 21:34:33.349172: Cycle: 9, Model: 3, accuracy: [0.7380647659301758, 0.8389145731925964, 0.8687508702278137, 0.8926888704299927, 0.9076347351074219]
NAUTILUS=>2021-06-10 21:34:33.349172: Cycle: 9, Model: 3, val_loss: [0.2867913544178009, 0.22947566211223602, 0.21026836335659027, 0.1942855268716812, 0.1812620311975479]
NAUTILUS=>2021-06-10 21:34:33.349172: Cycle: 9, Model: 3, val_accuracy: [0.8960559368133545, 0.9172958135604858, 0.9287610054016113, 0.933800995349884, 0.9375744462013245]
NAUTILUS=>2021-06-10 21:34:33.349172: Cycle: 9, Model: 4, loss: [0.8886593580245972, 0.5236596465110779, 0.4286285638809204, 0.37313613295555115, 0.33967646956443787]
NAUTILUS=>2021-06-10 21:34:33.349172: Cycle: 9, Model: 4, accuracy: [0.6931679844856262, 0.8035741448402405, 0.8395745754241943, 0.8641012907028198, 0.8778727650642395]
NAUTILUS=>2021-06-10 21:34:33.349172: Cycle: 9, Model: 4, val_loss: [0.35975182056427, 0.2716689705848694, 0.24375852942466736, 0.21694104373455048, 0.20396967232227325]
NAUTILUS=>2021-06-10 21:34:33.349172: Cycle: 9, Model: 4, val_accuracy: [0.8730130195617676, 0.9018844962120056, 0.9141204953193665, 0.9250820875167847, 0.9280228614807129]
NAUTILUS=>2021-06-10 21:34:33.349301: Starting to generating the best model
NAUTILUS=>2021-06-10 21:34:39.015534: Completed generating the best model. Elapsed time: 0:00:05.666233
NAUTILUS=>2021-06-10 21:34:39.015534: Cycle: 9, Best Model: 0
NAUTILUS=>2021-06-10 21:34:39.015534: Cycle: 9, Best model loss: [0.6101494431495667, 0.3436063528060913, 0.2601487636566162, 0.19211427867412567, 0.13049662113189697]
NAUTILUS=>2021-06-10 21:34:39.015534: Cycle: 9, Best model accuracy: [0.7821892499923706, 0.8788742423057556, 0.9102776646614075, 0.9344367384910583, 0.9566594362258911]
NAUTILUS=>2021-06-10 21:34:39.015534: Cycle: 9, Best model val_loss: [0.22932305932044983, 0.19832168519496918, 0.2133380025625229, 0.17839519679546356, 0.16431324183940887]
NAUTILUS=>2021-06-10 21:34:39.015534: Cycle: 9, Best model val_accuracy: [0.9170317649841309, 0.9259041547775269, 0.9239615201950073, 0.9423326253890991, 0.9498728513717651]
NAUTILUS=>2021-06-10 21:34:39.307825: Completed active learning cycle. Elapsed time: 0:07:24.627605
NAUTILUS=>2021-06-10 21:34:39.307842: ========> Active learning cycle: 10
NAUTILUS=>2021-06-10 21:34:39.307846: Starting data loading
NAUTILUS=>2021-06-10 21:35:11.400258: Completed data loading. Elapsed time: 0:00:32.092412
NAUTILUS=>2021-06-10 21:35:11.400274: Starting model selection
NAUTILUS=>2021-06-10 21:35:11.400290: Materializing training data
NAUTILUS=>2021-06-10 21:35:11.635050: Completed materializing training data. Elapsed time: 0:00:00.234760
NAUTILUS=>2021-06-10 21:35:11.635061: Generating intermediate features
NAUTILUS=>2021-06-10 21:35:20.314736: Completed generating intermediate features. Elapsed time: 0:00:08.679675
NAUTILUS=>2021-06-10 21:35:20.314756: Starting model training
NAUTILUS=>2021-06-10 21:43:11.762968: Completed model training. Elapsed time: 0:07:51.448212
NAUTILUS=>2021-06-10 21:43:11.762968: Cycle: 10, Model: 0, loss: [0.5504101514816284, 0.3158428966999054, 0.23822882771492004, 0.1786428689956665, 0.11617832630872726]
NAUTILUS=>2021-06-10 21:43:11.762968: Cycle: 10, Model: 0, accuracy: [0.8047014474868774, 0.8851940631866455, 0.9181928038597107, 0.9365103244781494, 0.9594428539276123]
NAUTILUS=>2021-06-10 21:43:11.762968: Cycle: 10, Model: 0, val_loss: [0.23919428884983063, 0.19396738708019257, 0.17544609308242798, 0.17443768680095673, 0.17643411457538605]
NAUTILUS=>2021-06-10 21:43:11.762968: Cycle: 10, Model: 0, val_accuracy: [0.9142479300498962, 0.9327427744865417, 0.9435212016105652, 0.9472640156745911, 0.9508093595504761]
NAUTILUS=>2021-06-10 21:43:11.762968: Cycle: 10, Model: 1, loss: [0.5821034908294678, 0.33379265666007996, 0.2692815363407135, 0.21842116117477417, 0.17119348049163818]
NAUTILUS=>2021-06-10 21:43:11.762968: Cycle: 10, Model: 1, accuracy: [0.791060745716095, 0.8785128593444824, 0.9056817293167114, 0.9243961572647095, 0.9410048127174377]
NAUTILUS=>2021-06-10 21:43:11.762968: Cycle: 10, Model: 1, val_loss: [0.22594156861305237, 0.2080438882112503, 0.19054633378982544, 0.17622672021389008, 0.1716976910829544]
NAUTILUS=>2021-06-10 21:43:11.762968: Cycle: 10, Model: 1, val_accuracy: [0.9161451458930969, 0.9277924299240112, 0.9359868168830872, 0.9432625770568848, 0.9444035887718201]
NAUTILUS=>2021-06-10 21:43:11.762968: Cycle: 10, Model: 2, loss: [0.6239944696426392, 0.36354565620422363, 0.29488837718963623, 0.25291678309440613, 0.21487243473529816]
NAUTILUS=>2021-06-10 21:43:11.762968: Cycle: 10, Model: 2, accuracy: [0.7767453193664551, 0.8647704720497131, 0.895008385181427, 0.9100983142852783, 0.9265666604042053]
NAUTILUS=>2021-06-10 21:43:11.762968: Cycle: 10, Model: 2, val_loss: [0.2437766045331955, 0.21762940287590027, 0.19682776927947998, 0.1795680820941925, 0.1815427839756012]
NAUTILUS=>2021-06-10 21:43:11.762968: Cycle: 10, Model: 2, val_accuracy: [0.9124874472618103, 0.92225581407547, 0.9338931441307068, 0.9405111074447632, 0.9392210245132446]
NAUTILUS=>2021-06-10 21:43:11.762968: Cycle: 10, Model: 3, loss: [0.6770934462547302, 0.39347508549690247, 0.3214420676231384, 0.28005439043045044, 0.24635688960552216]
NAUTILUS=>2021-06-10 21:43:11.762968: Cycle: 10, Model: 3, accuracy: [0.7573214173316956, 0.8532629013061523, 0.8819988965988159, 0.9006511569023132, 0.9135335683822632]
NAUTILUS=>2021-06-10 21:43:11.762968: Cycle: 10, Model: 3, val_loss: [0.271820992231369, 0.23291169106960297, 0.20360590517520905, 0.18756802380084991, 0.1881715953350067]
NAUTILUS=>2021-06-10 21:43:11.762968: Cycle: 10, Model: 3, val_accuracy: [0.9037477970123291, 0.9165124297142029, 0.9312624931335449, 0.9369827508926392, 0.937404215335846]
NAUTILUS=>2021-06-10 21:43:11.762968: Cycle: 10, Model: 4, loss: [0.8095544576644897, 0.475158154964447, 0.38928109407424927, 0.34229767322540283, 0.30783718824386597]
NAUTILUS=>2021-06-10 21:43:11.762968: Cycle: 10, Model: 4, accuracy: [0.7168557643890381, 0.82020503282547, 0.8539548516273499, 0.8744436502456665, 0.8878406882286072]
NAUTILUS=>2021-06-10 21:43:11.762968: Cycle: 10, Model: 4, val_loss: [0.34865084290504456, 0.28310737013816833, 0.23684105277061462, 0.2114463597536087, 0.2020254284143448]
NAUTILUS=>2021-06-10 21:43:11.762968: Cycle: 10, Model: 4, val_accuracy: [0.8791676759719849, 0.9001671075820923, 0.9169077277183533, 0.927143394947052, 0.9318032264709473]
NAUTILUS=>2021-06-10 21:43:11.763085: Starting to generating the best model
NAUTILUS=>2021-06-10 21:43:17.435869: Completed generating the best model. Elapsed time: 0:00:05.672784
NAUTILUS=>2021-06-10 21:43:17.435869: Cycle: 10, Best Model: 0
NAUTILUS=>2021-06-10 21:43:17.435869: Cycle: 10, Best model loss: [0.5504101514816284, 0.3158428966999054, 0.23822882771492004, 0.1786428689956665, 0.11617832630872726]
NAUTILUS=>2021-06-10 21:43:17.435869: Cycle: 10, Best model accuracy: [0.8047014474868774, 0.8851940631866455, 0.9181928038597107, 0.9365103244781494, 0.9594428539276123]
NAUTILUS=>2021-06-10 21:43:17.435869: Cycle: 10, Best model val_loss: [0.23919428884983063, 0.19396738708019257, 0.17544609308242798, 0.17443768680095673, 0.17643411457538605]
NAUTILUS=>2021-06-10 21:43:17.435869: Cycle: 10, Best model val_accuracy: [0.9142479300498962, 0.9327427744865417, 0.9435212016105652, 0.9472640156745911, 0.9508093595504761]
NAUTILUS=>2021-06-10 21:43:17.728421: Completed active learning cycle. Elapsed time: 0:08:06.328147
NAUTILUS=>2021-06-10 21:43:17.728439: Workload completed. Elapsed time: 0:55:46.321038
