NAUTILUS=>2021-06-10 17:14:44.439494: Starting workload
NAUTILUS=>2021-06-10 17:14:44.439494: RANDOM_SEED: 2020
NAUTILUS=>2021-06-10 17:14:44.439494: VERY_LARGE_VALUE: 1000000000000000.0
NAUTILUS=>2021-06-10 17:14:44.439494: NO_MAT_OPT: False
NAUTILUS=>2021-06-10 17:14:44.439494: MODE: ftr3-3
NAUTILUS=>2021-06-10 17:14:44.439494: STORAGE_PATH: ./storage
NAUTILUS=>2021-06-10 17:14:44.439494: NO_FUSE_OPT: True
NAUTILUS=>2021-06-10 17:14:44.439494: NUM_EPOCHS: 5
NAUTILUS=>2021-06-10 17:14:44.439494: MAX_NUM_RECORDS: 5000
NAUTILUS=>2021-06-10 17:14:44.439494: ACTIVE_LEARNING_BATCH_SIZE: 500
NAUTILUS=>2021-06-10 17:14:44.439494: VALID_FRACTION: 0.2
NAUTILUS=>2021-06-10 17:14:44.439494: SAMPLING_STRATERGY: uncertainty
NAUTILUS=>2021-06-10 17:14:44.439494: NO_PRETRAINING: False
NAUTILUS=>2021-06-10 17:14:44.439494: STORAGE_BUDGET: 25
NAUTILUS=>2021-06-10 17:14:44.439494: MEMORY_BUDGET: 10
NAUTILUS=>2021-06-10 17:14:44.439494: WORKSPACE_MEMORY: 1
NAUTILUS=>2021-06-10 17:14:44.439494: COMPUTE_THROUGHPUT: 6
NAUTILUS=>2021-06-10 17:14:44.439494: DISK_THROUGHPUT: 500
NAUTILUS=>2021-06-10 17:14:44.439494: SHUFFLE_BUFFER_SIZE: 10000
NAUTILUS=>2021-06-10 17:14:44.439543: Starting system initialization
NAUTILUS=>2021-06-10 17:14:44.981990: Starting model profiling
NAUTILUS=>2021-06-10 17:15:15.210997: Completed model profiling. Elapsed time: 0:00:30.229004
NAUTILUS=>2021-06-10 17:15:15.210997: Model parameters
NAUTILUS=>2021-06-10 17:15:15.211061: Generating optimized model selection plan
NAUTILUS=>2021-06-10 17:15:15.262672: Materialized layers candidates: tf_op_layer_strided_slice,tf_op_layer_Cast,tf_op_layer_Sub,tf_op_layer_Mul,layer_9
NAUTILUS=>2021-06-10 17:15:15.279147: Used materialized layers: layer_9
NAUTILUS=>2021-06-10 17:15:15.279147: Model training plan: {"0": {"models": ["0"], "output_layers": ["0/classifier"], "flops_consumption": 438177892375000.0, "compute_flops": 325531408000000.0, "load_flops": 112646484375000.0, "memory_consumption": 1.8776347935199738, "used_materialized_layers": ["layer_9"], "batch_size": 16, "num_epochs": [5]}, "1": {"models": ["1"], "output_layers": ["1/classifier"], "flops_consumption": 438177892375000.0, "compute_flops": 325531408000000.0, "load_flops": 112646484375000.0, "memory_consumption": 1.8776347935199738, "used_materialized_layers": ["layer_9"], "batch_size": 16, "num_epochs": [5]}, "2": {"models": ["2"], "output_layers": ["2/classifier"], "flops_consumption": 438177892375000.0, "compute_flops": 325531408000000.0, "load_flops": 112646484375000.0, "memory_consumption": 1.8776347935199738, "used_materialized_layers": ["layer_9"], "batch_size": 16, "num_epochs": [5]}}
NAUTILUS=>2021-06-10 17:15:15.279274: Completed generating optimized model selection plan. Elapsed time: 0:00:00.068212
NAUTILUS=>2021-06-10 17:15:15.279281: Generating fused models
NAUTILUS=>2021-06-10 17:15:26.378493: Completed generating fused models. Elapsed time: 0:00:11.099212
NAUTILUS=>2021-06-10 17:15:26.378493: Current Practice FLOPs: 447414119040.0
NAUTILUS=>2021-06-10 17:15:26.378493: Optimal FLOPs: 111291016320.0
NAUTILUS=>2021-06-10 17:15:26.378493: Theoretical Speedup: 4.020217748335861
NAUTILUS=>2021-06-10 17:15:26.429713: Completed system initialization. Elapsed time: 0:00:41.990170
NAUTILUS=>2021-06-10 17:15:26.429737: ========> Active learning cycle: 1
NAUTILUS=>2021-06-10 17:15:26.429741: Starting data loading
NAUTILUS=>2021-06-10 17:15:42.406982: Completed data loading. Elapsed time: 0:00:15.977241
NAUTILUS=>2021-06-10 17:15:42.407007: Starting model selection
NAUTILUS=>2021-06-10 17:15:42.407025: Materializing training data
NAUTILUS=>2021-06-10 17:15:42.642936: Completed materializing training data. Elapsed time: 0:00:00.235911
NAUTILUS=>2021-06-10 17:15:42.642948: Generating intermediate features
NAUTILUS=>2021-06-10 17:15:51.189034: Completed generating intermediate features. Elapsed time: 0:00:08.546086
NAUTILUS=>2021-06-10 17:15:51.189052: Starting model training
NAUTILUS=>2021-06-10 17:16:42.063479: Completed model training. Elapsed time: 0:00:50.874427
NAUTILUS=>2021-06-10 17:16:42.063479: Cycle: 1, Model: 0, loss: [0.828880786895752, 0.2970869243144989, 0.19052249193191528, 0.12513619661331177, 0.08048417419195175]
NAUTILUS=>2021-06-10 17:16:42.063479: Cycle: 1, Model: 0, accuracy: [0.7468414902687073, 0.8900124430656433, 0.9346765279769897, 0.9563759565353394, 0.9700300097465515]
NAUTILUS=>2021-06-10 17:16:42.063479: Cycle: 1, Model: 0, val_loss: [0.4639214277267456, 0.41468510031700134, 0.35327720642089844, 0.39335745573043823, 0.37415391206741333]
NAUTILUS=>2021-06-10 17:16:42.063479: Cycle: 1, Model: 0, val_accuracy: [0.8359349966049194, 0.8561877608299255, 0.8714163899421692, 0.8704221248626709, 0.8852939605712891]
NAUTILUS=>2021-06-10 17:16:42.063479: Cycle: 1, Model: 1, loss: [1.004594087600708, 0.4065803289413452, 0.28088250756263733, 0.1944686770439148, 0.1432686597108841]
NAUTILUS=>2021-06-10 17:16:42.063479: Cycle: 1, Model: 1, accuracy: [0.7063083052635193, 0.8641493320465088, 0.9058865904808044, 0.9262921214103699, 0.9485536217689514]
NAUTILUS=>2021-06-10 17:16:42.063479: Cycle: 1, Model: 1, val_loss: [0.5762648582458496, 0.4119472801685333, 0.3756779432296753, 0.36078959703445435, 0.36561137437820435]
NAUTILUS=>2021-06-10 17:16:42.063479: Cycle: 1, Model: 1, val_accuracy: [0.8098840117454529, 0.8507524728775024, 0.8563680052757263, 0.869193971157074, 0.8720411062240601]
NAUTILUS=>2021-06-10 17:16:42.063479: Cycle: 1, Model: 2, loss: [1.10059654712677, 0.4744577705860138, 0.3396696448326111, 0.2579960823059082, 0.2015160620212555]
NAUTILUS=>2021-06-10 17:16:42.063479: Cycle: 1, Model: 2, accuracy: [0.6883387565612793, 0.8442584276199341, 0.8858430981636047, 0.9036238193511963, 0.9335419535636902]
NAUTILUS=>2021-06-10 17:16:42.063479: Cycle: 1, Model: 2, val_loss: [0.6876410841941833, 0.472998708486557, 0.41176077723503113, 0.39722809195518494, 0.3804224133491516]
NAUTILUS=>2021-06-10 17:16:42.063479: Cycle: 1, Model: 2, val_accuracy: [0.7769367694854736, 0.828457236289978, 0.848990797996521, 0.8405357599258423, 0.8534486889839172]
NAUTILUS=>2021-06-10 17:16:42.063561: Starting to generating the best model
NAUTILUS=>2021-06-10 17:16:47.727445: Completed generating the best model. Elapsed time: 0:00:05.663884
NAUTILUS=>2021-06-10 17:16:47.727445: Cycle: 1, Best Model: 0
NAUTILUS=>2021-06-10 17:16:47.727445: Cycle: 1, Best model loss: [0.828880786895752, 0.2970869243144989, 0.19052249193191528, 0.12513619661331177, 0.08048417419195175]
NAUTILUS=>2021-06-10 17:16:47.727445: Cycle: 1, Best model accuracy: [0.7468414902687073, 0.8900124430656433, 0.9346765279769897, 0.9563759565353394, 0.9700300097465515]
NAUTILUS=>2021-06-10 17:16:47.727445: Cycle: 1, Best model val_loss: [0.4639214277267456, 0.41468510031700134, 0.35327720642089844, 0.39335745573043823, 0.37415391206741333]
NAUTILUS=>2021-06-10 17:16:47.727445: Cycle: 1, Best model val_accuracy: [0.8359349966049194, 0.8561877608299255, 0.8714163899421692, 0.8704221248626709, 0.8852939605712891]
NAUTILUS=>2021-06-10 17:16:48.019110: Completed active learning cycle. Elapsed time: 0:01:05.612103
NAUTILUS=>2021-06-10 17:16:48.019127: ========> Active learning cycle: 2
NAUTILUS=>2021-06-10 17:16:48.019131: Starting data loading
NAUTILUS=>2021-06-10 17:17:36.688502: Completed data loading. Elapsed time: 0:00:48.669371
NAUTILUS=>2021-06-10 17:17:36.688519: Starting model selection
NAUTILUS=>2021-06-10 17:17:36.688535: Materializing training data
NAUTILUS=>2021-06-10 17:17:36.913797: Completed materializing training data. Elapsed time: 0:00:00.225262
NAUTILUS=>2021-06-10 17:17:36.913808: Generating intermediate features
NAUTILUS=>2021-06-10 17:17:45.488034: Completed generating intermediate features. Elapsed time: 0:00:08.574226
NAUTILUS=>2021-06-10 17:17:45.488052: Starting model training
NAUTILUS=>2021-06-10 17:19:02.382398: Completed model training. Elapsed time: 0:01:16.894346
NAUTILUS=>2021-06-10 17:19:02.382398: Cycle: 2, Model: 0, loss: [0.9820089936256409, 0.42822322249412537, 0.274488627910614, 0.19114264845848083, 0.12522202730178833]
NAUTILUS=>2021-06-10 17:19:02.382398: Cycle: 2, Model: 0, accuracy: [0.6411345601081848, 0.8296785950660706, 0.8881787657737732, 0.9303540587425232, 0.9543465375900269]
NAUTILUS=>2021-06-10 17:19:02.382398: Cycle: 2, Model: 0, val_loss: [0.3782179355621338, 0.34705260396003723, 0.2961651086807251, 0.2835554778575897, 0.305136114358902]
NAUTILUS=>2021-06-10 17:19:02.382398: Cycle: 2, Model: 0, val_accuracy: [0.8639460802078247, 0.8841715455055237, 0.9048786163330078, 0.9142364263534546, 0.9139883518218994]
NAUTILUS=>2021-06-10 17:19:02.382398: Cycle: 2, Model: 1, loss: [1.031630516052246, 0.49598366022109985, 0.33836865425109863, 0.2519090175628662, 0.17347869277000427]
NAUTILUS=>2021-06-10 17:19:02.382398: Cycle: 2, Model: 1, accuracy: [0.6214208006858826, 0.8046935200691223, 0.8720493316650391, 0.9077181816101074, 0.9331250190734863]
NAUTILUS=>2021-06-10 17:19:02.382398: Cycle: 2, Model: 1, val_loss: [0.4488494098186493, 0.3552568852901459, 0.2943028509616852, 0.28837546706199646, 0.27607956528663635]
NAUTILUS=>2021-06-10 17:19:02.382398: Cycle: 2, Model: 1, val_accuracy: [0.8425663709640503, 0.8833434581756592, 0.8984968066215515, 0.9134674668312073, 0.9148668646812439]
NAUTILUS=>2021-06-10 17:19:02.382398: Cycle: 2, Model: 2, loss: [1.1710573434829712, 0.594035804271698, 0.4166698455810547, 0.3269309103488922, 0.24684353172779083]
NAUTILUS=>2021-06-10 17:19:02.382398: Cycle: 2, Model: 2, accuracy: [0.5746650695800781, 0.7590763568878174, 0.8437793850898743, 0.8772196769714355, 0.906093418598175]
NAUTILUS=>2021-06-10 17:19:02.382398: Cycle: 2, Model: 2, val_loss: [0.5098970532417297, 0.3841044306755066, 0.3192782700061798, 0.3005669116973877, 0.27994734048843384]
NAUTILUS=>2021-06-10 17:19:02.382398: Cycle: 2, Model: 2, val_accuracy: [0.8162043690681458, 0.8690874576568604, 0.8832870721817017, 0.9080027937889099, 0.9080075621604919]
NAUTILUS=>2021-06-10 17:19:02.382482: Starting to generating the best model
NAUTILUS=>2021-06-10 17:19:08.065967: Completed generating the best model. Elapsed time: 0:00:05.683485
NAUTILUS=>2021-06-10 17:19:08.065967: Cycle: 2, Best Model: 1
NAUTILUS=>2021-06-10 17:19:08.065967: Cycle: 2, Best model loss: [1.031630516052246, 0.49598366022109985, 0.33836865425109863, 0.2519090175628662, 0.17347869277000427]
NAUTILUS=>2021-06-10 17:19:08.065967: Cycle: 2, Best model accuracy: [0.6214208006858826, 0.8046935200691223, 0.8720493316650391, 0.9077181816101074, 0.9331250190734863]
NAUTILUS=>2021-06-10 17:19:08.065967: Cycle: 2, Best model val_loss: [0.4488494098186493, 0.3552568852901459, 0.2943028509616852, 0.28837546706199646, 0.27607956528663635]
NAUTILUS=>2021-06-10 17:19:08.065967: Cycle: 2, Best model val_accuracy: [0.8425663709640503, 0.8833434581756592, 0.8984968066215515, 0.9134674668312073, 0.9148668646812439]
NAUTILUS=>2021-06-10 17:19:08.357926: Completed active learning cycle. Elapsed time: 0:01:31.669407
NAUTILUS=>2021-06-10 17:19:08.357942: ========> Active learning cycle: 3
NAUTILUS=>2021-06-10 17:19:08.357946: Starting data loading
NAUTILUS=>2021-06-10 17:19:47.840251: Completed data loading. Elapsed time: 0:00:39.482305
NAUTILUS=>2021-06-10 17:19:47.840268: Starting model selection
NAUTILUS=>2021-06-10 17:19:47.840284: Materializing training data
NAUTILUS=>2021-06-10 17:19:48.067198: Completed materializing training data. Elapsed time: 0:00:00.226914
NAUTILUS=>2021-06-10 17:19:48.067209: Generating intermediate features
NAUTILUS=>2021-06-10 17:19:56.647087: Completed generating intermediate features. Elapsed time: 0:00:08.579878
NAUTILUS=>2021-06-10 17:19:56.647106: Starting model training
NAUTILUS=>2021-06-10 17:21:39.349561: Completed model training. Elapsed time: 0:01:42.702455
NAUTILUS=>2021-06-10 17:21:39.349561: Cycle: 3, Model: 0, loss: [1.0503240823745728, 0.5038192272186279, 0.34329548478126526, 0.27409422397613525, 0.18432030081748962]
NAUTILUS=>2021-06-10 17:21:39.349561: Cycle: 3, Model: 0, accuracy: [0.6394216418266296, 0.8110025525093079, 0.8757426142692566, 0.9025945067405701, 0.9401528835296631]
NAUTILUS=>2021-06-10 17:21:39.349561: Cycle: 3, Model: 0, val_loss: [0.36566832661628723, 0.2560340464115143, 0.27582311630249023, 0.31012749671936035, 0.2955993115901947]
NAUTILUS=>2021-06-10 17:21:39.349561: Cycle: 3, Model: 0, val_accuracy: [0.8686020970344543, 0.9100136160850525, 0.9169734716415405, 0.9171760082244873, 0.9122934937477112]
NAUTILUS=>2021-06-10 17:21:39.349561: Cycle: 3, Model: 1, loss: [1.0786219835281372, 0.5533128380775452, 0.41141536831855774, 0.3229483664035797, 0.24406537413597107]
NAUTILUS=>2021-06-10 17:21:39.349561: Cycle: 3, Model: 1, accuracy: [0.6122634410858154, 0.7813418507575989, 0.846768319606781, 0.8865628838539124, 0.9208267331123352]
NAUTILUS=>2021-06-10 17:21:39.349561: Cycle: 3, Model: 1, val_loss: [0.38938483595848083, 0.3041931986808777, 0.2628311812877655, 0.27452102303504944, 0.25541338324546814]
NAUTILUS=>2021-06-10 17:21:39.349561: Cycle: 3, Model: 1, val_accuracy: [0.8718843460083008, 0.8965688347816467, 0.9098889231681824, 0.9124472141265869, 0.9129377007484436]
NAUTILUS=>2021-06-10 17:21:39.349561: Cycle: 3, Model: 2, loss: [1.1734111309051514, 0.6405544877052307, 0.4942150413990021, 0.40278419852256775, 0.3289356529712677]
NAUTILUS=>2021-06-10 17:21:39.349561: Cycle: 3, Model: 2, accuracy: [0.580635666847229, 0.7494320273399353, 0.8104904890060425, 0.8541501760482788, 0.8839531540870667]
NAUTILUS=>2021-06-10 17:21:39.349561: Cycle: 3, Model: 2, val_loss: [0.4713168442249298, 0.35854092240333557, 0.3004438579082489, 0.27271783351898193, 0.26489606499671936]
NAUTILUS=>2021-06-10 17:21:39.349561: Cycle: 3, Model: 2, val_accuracy: [0.8249059915542603, 0.8742010593414307, 0.8958098292350769, 0.9077868461608887, 0.9134292602539062]
NAUTILUS=>2021-06-10 17:21:39.349651: Starting to generating the best model
NAUTILUS=>2021-06-10 17:21:45.049998: Completed generating the best model. Elapsed time: 0:00:05.700347
NAUTILUS=>2021-06-10 17:21:45.049998: Cycle: 3, Best Model: 2
NAUTILUS=>2021-06-10 17:21:45.049998: Cycle: 3, Best model loss: [1.1734111309051514, 0.6405544877052307, 0.4942150413990021, 0.40278419852256775, 0.3289356529712677]
NAUTILUS=>2021-06-10 17:21:45.049998: Cycle: 3, Best model accuracy: [0.580635666847229, 0.7494320273399353, 0.8104904890060425, 0.8541501760482788, 0.8839531540870667]
NAUTILUS=>2021-06-10 17:21:45.049998: Cycle: 3, Best model val_loss: [0.4713168442249298, 0.35854092240333557, 0.3004438579082489, 0.27271783351898193, 0.26489606499671936]
NAUTILUS=>2021-06-10 17:21:45.049998: Cycle: 3, Best model val_accuracy: [0.8249059915542603, 0.8742010593414307, 0.8958098292350769, 0.9077868461608887, 0.9134292602539062]
NAUTILUS=>2021-06-10 17:21:45.336588: Completed active learning cycle. Elapsed time: 0:01:57.496320
NAUTILUS=>2021-06-10 17:21:45.336605: ========> Active learning cycle: 4
NAUTILUS=>2021-06-10 17:21:45.336609: Starting data loading
NAUTILUS=>2021-06-10 17:22:30.011585: Completed data loading. Elapsed time: 0:00:44.674976
NAUTILUS=>2021-06-10 17:22:30.011602: Starting model selection
NAUTILUS=>2021-06-10 17:22:30.011617: Materializing training data
NAUTILUS=>2021-06-10 17:22:30.238366: Completed materializing training data. Elapsed time: 0:00:00.226749
NAUTILUS=>2021-06-10 17:22:30.238377: Generating intermediate features
NAUTILUS=>2021-06-10 17:22:38.833588: Completed generating intermediate features. Elapsed time: 0:00:08.595211
NAUTILUS=>2021-06-10 17:22:38.833608: Starting model training
NAUTILUS=>2021-06-10 17:24:47.014306: Completed model training. Elapsed time: 0:02:08.180698
NAUTILUS=>2021-06-10 17:24:47.014306: Cycle: 4, Model: 0, loss: [1.0007450580596924, 0.5386736392974854, 0.38935211300849915, 0.2862316966056824, 0.19687122106552124]
NAUTILUS=>2021-06-10 17:24:47.014306: Cycle: 4, Model: 0, accuracy: [0.6615559458732605, 0.813633143901825, 0.8663817048072815, 0.9032334089279175, 0.9374695420265198]
NAUTILUS=>2021-06-10 17:24:47.014306: Cycle: 4, Model: 0, val_loss: [0.35358813405036926, 0.28872406482696533, 0.26977843046188354, 0.24321214854717255, 0.24553953111171722]
NAUTILUS=>2021-06-10 17:24:47.014306: Cycle: 4, Model: 0, val_accuracy: [0.8783340454101562, 0.8984920382499695, 0.906108021736145, 0.9223610758781433, 0.9265408515930176]
NAUTILUS=>2021-06-10 17:24:47.014306: Cycle: 4, Model: 1, loss: [1.0142467021942139, 0.5698196887969971, 0.4341845214366913, 0.3525908291339874, 0.2743302285671234]
NAUTILUS=>2021-06-10 17:24:47.014306: Cycle: 4, Model: 1, accuracy: [0.6520774960517883, 0.7998597025871277, 0.8527160882949829, 0.8819565773010254, 0.9148235321044922]
NAUTILUS=>2021-06-10 17:24:47.014306: Cycle: 4, Model: 1, val_loss: [0.35799354314804077, 0.2813897430896759, 0.24565917253494263, 0.23920086026191711, 0.23523734509944916]
NAUTILUS=>2021-06-10 17:24:47.014306: Cycle: 4, Model: 1, val_accuracy: [0.883351743221283, 0.8983660340309143, 0.9147924184799194, 0.9203234314918518, 0.9223295450210571]
NAUTILUS=>2021-06-10 17:24:47.014306: Cycle: 4, Model: 2, loss: [1.088930368423462, 0.6305785179138184, 0.4959678649902344, 0.4107177257537842, 0.34650394320487976]
NAUTILUS=>2021-06-10 17:24:47.014306: Cycle: 4, Model: 2, accuracy: [0.6281378269195557, 0.7715151309967041, 0.8276664614677429, 0.8608231544494629, 0.8871836066246033]
NAUTILUS=>2021-06-10 17:24:47.014306: Cycle: 4, Model: 2, val_loss: [0.4040851593017578, 0.29758158326148987, 0.2775493860244751, 0.24165937304496765, 0.24623626470565796]
NAUTILUS=>2021-06-10 17:24:47.014306: Cycle: 4, Model: 2, val_accuracy: [0.8620694875717163, 0.8995107412338257, 0.9048641324043274, 0.917738676071167, 0.9149627685546875]
NAUTILUS=>2021-06-10 17:24:47.014388: Starting to generating the best model
NAUTILUS=>2021-06-10 17:24:52.658550: Completed generating the best model. Elapsed time: 0:00:05.644162
NAUTILUS=>2021-06-10 17:24:52.658550: Cycle: 4, Best Model: 0
NAUTILUS=>2021-06-10 17:24:52.658550: Cycle: 4, Best model loss: [1.0007450580596924, 0.5386736392974854, 0.38935211300849915, 0.2862316966056824, 0.19687122106552124]
NAUTILUS=>2021-06-10 17:24:52.658550: Cycle: 4, Best model accuracy: [0.6615559458732605, 0.813633143901825, 0.8663817048072815, 0.9032334089279175, 0.9374695420265198]
NAUTILUS=>2021-06-10 17:24:52.658550: Cycle: 4, Best model val_loss: [0.35358813405036926, 0.28872406482696533, 0.26977843046188354, 0.24321214854717255, 0.24553953111171722]
NAUTILUS=>2021-06-10 17:24:52.658550: Cycle: 4, Best model val_accuracy: [0.8783340454101562, 0.8984920382499695, 0.906108021736145, 0.9223610758781433, 0.9265408515930176]
NAUTILUS=>2021-06-10 17:24:52.950373: Completed active learning cycle. Elapsed time: 0:02:22.938771
NAUTILUS=>2021-06-10 17:24:52.950390: ========> Active learning cycle: 5
NAUTILUS=>2021-06-10 17:24:52.950394: Starting data loading
NAUTILUS=>2021-06-10 17:25:29.049543: Completed data loading. Elapsed time: 0:00:36.099149
NAUTILUS=>2021-06-10 17:25:29.049561: Starting model selection
NAUTILUS=>2021-06-10 17:25:29.049576: Materializing training data
NAUTILUS=>2021-06-10 17:25:29.278107: Completed materializing training data. Elapsed time: 0:00:00.228531
NAUTILUS=>2021-06-10 17:25:29.278120: Generating intermediate features
NAUTILUS=>2021-06-10 17:25:37.858760: Completed generating intermediate features. Elapsed time: 0:00:08.580640
NAUTILUS=>2021-06-10 17:25:37.858779: Starting model training
NAUTILUS=>2021-06-10 17:28:11.931047: Completed model training. Elapsed time: 0:02:34.072268
NAUTILUS=>2021-06-10 17:28:11.931047: Cycle: 5, Model: 0, loss: [0.8848877549171448, 0.48879098892211914, 0.3627718389034271, 0.27218595147132874, 0.2061728686094284]
NAUTILUS=>2021-06-10 17:28:11.931047: Cycle: 5, Model: 0, accuracy: [0.697338879108429, 0.8288840651512146, 0.8729316592216492, 0.9055098295211792, 0.9343339800834656]
NAUTILUS=>2021-06-10 17:28:11.931047: Cycle: 5, Model: 0, val_loss: [0.3129018545150757, 0.25376373529434204, 0.23948748409748077, 0.22341026365756989, 0.2342166006565094]
NAUTILUS=>2021-06-10 17:28:11.931047: Cycle: 5, Model: 0, val_accuracy: [0.8828927874565125, 0.9140087366104126, 0.920835554599762, 0.9284613132476807, 0.9284204244613647]
NAUTILUS=>2021-06-10 17:28:11.931047: Cycle: 5, Model: 1, loss: [0.931462824344635, 0.5267236828804016, 0.405816912651062, 0.3235212564468384, 0.26926350593566895]
NAUTILUS=>2021-06-10 17:28:11.931047: Cycle: 5, Model: 1, accuracy: [0.6760247945785522, 0.812559962272644, 0.8585521578788757, 0.890867292881012, 0.913202166557312]
NAUTILUS=>2021-06-10 17:28:11.931047: Cycle: 5, Model: 1, val_loss: [0.3221791386604309, 0.256032258272171, 0.23639312386512756, 0.21526898443698883, 0.21449017524719238]
NAUTILUS=>2021-06-10 17:28:11.931047: Cycle: 5, Model: 1, val_accuracy: [0.8834271430969238, 0.9131736159324646, 0.9191558361053467, 0.9234687685966492, 0.927733838558197]
NAUTILUS=>2021-06-10 17:28:11.931047: Cycle: 5, Model: 2, loss: [0.9871426224708557, 0.576689600944519, 0.45632660388946533, 0.3781070411205292, 0.32490047812461853]
NAUTILUS=>2021-06-10 17:28:11.931047: Cycle: 5, Model: 2, accuracy: [0.6508467197418213, 0.7911696434020996, 0.8388306498527527, 0.8714576959609985, 0.893989622592926]
NAUTILUS=>2021-06-10 17:28:11.931047: Cycle: 5, Model: 2, val_loss: [0.36145877838134766, 0.28238633275032043, 0.248015895485878, 0.22655874490737915, 0.21870160102844238]
NAUTILUS=>2021-06-10 17:28:11.931047: Cycle: 5, Model: 2, val_accuracy: [0.8718570470809937, 0.9073320031166077, 0.9183659553527832, 0.9207580089569092, 0.9231885671615601]
NAUTILUS=>2021-06-10 17:28:11.931130: Starting to generating the best model
NAUTILUS=>2021-06-10 17:28:17.633278: Completed generating the best model. Elapsed time: 0:00:05.702148
NAUTILUS=>2021-06-10 17:28:17.633278: Cycle: 5, Best Model: 0
NAUTILUS=>2021-06-10 17:28:17.633278: Cycle: 5, Best model loss: [0.8848877549171448, 0.48879098892211914, 0.3627718389034271, 0.27218595147132874, 0.2061728686094284]
NAUTILUS=>2021-06-10 17:28:17.633278: Cycle: 5, Best model accuracy: [0.697338879108429, 0.8288840651512146, 0.8729316592216492, 0.9055098295211792, 0.9343339800834656]
NAUTILUS=>2021-06-10 17:28:17.633278: Cycle: 5, Best model val_loss: [0.3129018545150757, 0.25376373529434204, 0.23948748409748077, 0.22341026365756989, 0.2342166006565094]
NAUTILUS=>2021-06-10 17:28:17.633278: Cycle: 5, Best model val_accuracy: [0.8828927874565125, 0.9140087366104126, 0.920835554599762, 0.9284613132476807, 0.9284204244613647]
NAUTILUS=>2021-06-10 17:28:17.919305: Completed active learning cycle. Elapsed time: 0:02:48.869744
NAUTILUS=>2021-06-10 17:28:17.919322: ========> Active learning cycle: 6
NAUTILUS=>2021-06-10 17:28:17.919326: Starting data loading
NAUTILUS=>2021-06-10 17:28:58.432276: Completed data loading. Elapsed time: 0:00:40.512950
NAUTILUS=>2021-06-10 17:28:58.432294: Starting model selection
NAUTILUS=>2021-06-10 17:28:58.432309: Materializing training data
NAUTILUS=>2021-06-10 17:28:58.658569: Completed materializing training data. Elapsed time: 0:00:00.226260
NAUTILUS=>2021-06-10 17:28:58.658579: Generating intermediate features
NAUTILUS=>2021-06-10 17:29:07.207751: Completed generating intermediate features. Elapsed time: 0:00:08.549172
NAUTILUS=>2021-06-10 17:29:07.207770: Starting model training
NAUTILUS=>2021-06-10 17:32:07.380421: Completed model training. Elapsed time: 0:03:00.172651
NAUTILUS=>2021-06-10 17:32:07.380421: Cycle: 6, Model: 0, loss: [0.7799672484397888, 0.44660690426826477, 0.3338445723056793, 0.25252801179885864, 0.17619304358959198]
NAUTILUS=>2021-06-10 17:32:07.380421: Cycle: 6, Model: 0, accuracy: [0.731383204460144, 0.8403475284576416, 0.8846457004547119, 0.913008451461792, 0.9420837163925171]
NAUTILUS=>2021-06-10 17:32:07.380421: Cycle: 6, Model: 0, val_loss: [0.2626066207885742, 0.22274690866470337, 0.22555580735206604, 0.21269740164279938, 0.20551294088363647]
NAUTILUS=>2021-06-10 17:32:07.380421: Cycle: 6, Model: 0, val_accuracy: [0.9080990552902222, 0.9237484931945801, 0.9229283928871155, 0.9287424683570862, 0.9391658306121826]
NAUTILUS=>2021-06-10 17:32:07.380421: Cycle: 6, Model: 1, loss: [0.8581397533416748, 0.4753199815750122, 0.367048442363739, 0.29810860753059387, 0.23778419196605682]
NAUTILUS=>2021-06-10 17:32:07.380421: Cycle: 6, Model: 1, accuracy: [0.7032250165939331, 0.831017255783081, 0.8730658888816833, 0.8979975581169128, 0.9215250611305237]
NAUTILUS=>2021-06-10 17:32:07.380421: Cycle: 6, Model: 1, val_loss: [0.2996942698955536, 0.23559747636318207, 0.23065300285816193, 0.21521662175655365, 0.19957663118839264]
NAUTILUS=>2021-06-10 17:32:07.380421: Cycle: 6, Model: 1, val_accuracy: [0.8900206685066223, 0.9162307977676392, 0.9214035272598267, 0.9261847734451294, 0.9329729080200195]
NAUTILUS=>2021-06-10 17:32:07.380421: Cycle: 6, Model: 2, loss: [0.9098143577575684, 0.5191351771354675, 0.41630348563194275, 0.3501938581466675, 0.2938484847545624]
NAUTILUS=>2021-06-10 17:32:07.380421: Cycle: 6, Model: 2, accuracy: [0.6849844455718994, 0.8124200105667114, 0.8526950478553772, 0.8777907490730286, 0.9018515944480896]
NAUTILUS=>2021-06-10 17:32:07.380421: Cycle: 6, Model: 2, val_loss: [0.3283713161945343, 0.24877555668354034, 0.2453784942626953, 0.21291778981685638, 0.20896629989147186]
NAUTILUS=>2021-06-10 17:32:07.380421: Cycle: 6, Model: 2, val_accuracy: [0.8854753375053406, 0.9102099537849426, 0.9186162352561951, 0.9225842356681824, 0.9274060130119324]
NAUTILUS=>2021-06-10 17:32:07.380504: Starting to generating the best model
NAUTILUS=>2021-06-10 17:32:13.026322: Completed generating the best model. Elapsed time: 0:00:05.645818
NAUTILUS=>2021-06-10 17:32:13.026322: Cycle: 6, Best Model: 0
NAUTILUS=>2021-06-10 17:32:13.026322: Cycle: 6, Best model loss: [0.7799672484397888, 0.44660690426826477, 0.3338445723056793, 0.25252801179885864, 0.17619304358959198]
NAUTILUS=>2021-06-10 17:32:13.026322: Cycle: 6, Best model accuracy: [0.731383204460144, 0.8403475284576416, 0.8846457004547119, 0.913008451461792, 0.9420837163925171]
NAUTILUS=>2021-06-10 17:32:13.026322: Cycle: 6, Best model val_loss: [0.2626066207885742, 0.22274690866470337, 0.22555580735206604, 0.21269740164279938, 0.20551294088363647]
NAUTILUS=>2021-06-10 17:32:13.026322: Cycle: 6, Best model val_accuracy: [0.9080990552902222, 0.9237484931945801, 0.9229283928871155, 0.9287424683570862, 0.9391658306121826]
NAUTILUS=>2021-06-10 17:32:13.317097: Completed active learning cycle. Elapsed time: 0:03:14.884803
NAUTILUS=>2021-06-10 17:32:13.317114: ========> Active learning cycle: 7
NAUTILUS=>2021-06-10 17:32:13.317117: Starting data loading
NAUTILUS=>2021-06-10 17:32:45.894125: Completed data loading. Elapsed time: 0:00:32.577008
NAUTILUS=>2021-06-10 17:32:45.894143: Starting model selection
NAUTILUS=>2021-06-10 17:32:45.894158: Materializing training data
NAUTILUS=>2021-06-10 17:32:46.130249: Completed materializing training data. Elapsed time: 0:00:00.236091
NAUTILUS=>2021-06-10 17:32:46.130262: Generating intermediate features
NAUTILUS=>2021-06-10 17:32:54.676964: Completed generating intermediate features. Elapsed time: 0:00:08.546702
NAUTILUS=>2021-06-10 17:32:54.676983: Starting model training
NAUTILUS=>2021-06-10 17:36:21.113300: Completed model training. Elapsed time: 0:03:26.436317
NAUTILUS=>2021-06-10 17:36:21.113300: Cycle: 7, Model: 0, loss: [0.7141919136047363, 0.4197644591331482, 0.29885420203208923, 0.22680462896823883, 0.15158581733703613]
NAUTILUS=>2021-06-10 17:36:21.113300: Cycle: 7, Model: 0, accuracy: [0.7476896643638611, 0.8520718216896057, 0.8957385420799255, 0.9220045804977417, 0.9465411305427551]
NAUTILUS=>2021-06-10 17:36:21.113300: Cycle: 7, Model: 0, val_loss: [0.27678847312927246, 0.23117424547672272, 0.22586175799369812, 0.19351738691329956, 0.1916634440422058]
NAUTILUS=>2021-06-10 17:36:21.113300: Cycle: 7, Model: 0, val_accuracy: [0.9071118235588074, 0.9215483069419861, 0.9206670522689819, 0.9355860352516174, 0.9440969228744507]
NAUTILUS=>2021-06-10 17:36:21.113300: Cycle: 7, Model: 1, loss: [0.7423845529556274, 0.43447279930114746, 0.3382682204246521, 0.27658718824386597, 0.21293960511684418]
NAUTILUS=>2021-06-10 17:36:21.113300: Cycle: 7, Model: 1, accuracy: [0.7348429560661316, 0.8446593284606934, 0.8806770443916321, 0.903697669506073, 0.9277063012123108]
NAUTILUS=>2021-06-10 17:36:21.113300: Cycle: 7, Model: 1, val_loss: [0.25973400473594666, 0.23179957270622253, 0.21798460185527802, 0.1917075514793396, 0.19586974382400513]
NAUTILUS=>2021-06-10 17:36:21.113300: Cycle: 7, Model: 1, val_accuracy: [0.9079566597938538, 0.9167662858963013, 0.9259543418884277, 0.9338977336883545, 0.9338206052780151]
NAUTILUS=>2021-06-10 17:36:21.113300: Cycle: 7, Model: 2, loss: [0.8025190830230713, 0.47154468297958374, 0.37708330154418945, 0.32224565744400024, 0.26443812251091003]
NAUTILUS=>2021-06-10 17:36:21.113300: Cycle: 7, Model: 2, accuracy: [0.7115219831466675, 0.8267384767532349, 0.8642494678497314, 0.8844788670539856, 0.9091392159461975]
NAUTILUS=>2021-06-10 17:36:21.113300: Cycle: 7, Model: 2, val_loss: [0.2850461006164551, 0.25467589497566223, 0.22212596237659454, 0.1975395679473877, 0.1967480182647705]
NAUTILUS=>2021-06-10 17:36:21.113300: Cycle: 7, Model: 2, val_accuracy: [0.8967004418373108, 0.9093232154846191, 0.9235003590583801, 0.9325689077377319, 0.9333333969116211]
NAUTILUS=>2021-06-10 17:36:21.113383: Starting to generating the best model
NAUTILUS=>2021-06-10 17:36:26.737108: Completed generating the best model. Elapsed time: 0:00:05.623725
NAUTILUS=>2021-06-10 17:36:26.737108: Cycle: 7, Best Model: 0
NAUTILUS=>2021-06-10 17:36:26.737108: Cycle: 7, Best model loss: [0.7141919136047363, 0.4197644591331482, 0.29885420203208923, 0.22680462896823883, 0.15158581733703613]
NAUTILUS=>2021-06-10 17:36:26.737108: Cycle: 7, Best model accuracy: [0.7476896643638611, 0.8520718216896057, 0.8957385420799255, 0.9220045804977417, 0.9465411305427551]
NAUTILUS=>2021-06-10 17:36:26.737108: Cycle: 7, Best model val_loss: [0.27678847312927246, 0.23117424547672272, 0.22586175799369812, 0.19351738691329956, 0.1916634440422058]
NAUTILUS=>2021-06-10 17:36:26.737108: Cycle: 7, Best model val_accuracy: [0.9071118235588074, 0.9215483069419861, 0.9206670522689819, 0.9355860352516174, 0.9440969228744507]
NAUTILUS=>2021-06-10 17:36:27.021989: Completed active learning cycle. Elapsed time: 0:03:41.127846
NAUTILUS=>2021-06-10 17:36:27.022007: ========> Active learning cycle: 8
NAUTILUS=>2021-06-10 17:36:27.022010: Starting data loading
NAUTILUS=>2021-06-10 17:37:03.199614: Completed data loading. Elapsed time: 0:00:36.177604
NAUTILUS=>2021-06-10 17:37:03.199632: Starting model selection
NAUTILUS=>2021-06-10 17:37:03.199673: Materializing training data
NAUTILUS=>2021-06-10 17:37:03.424425: Completed materializing training data. Elapsed time: 0:00:00.224752
NAUTILUS=>2021-06-10 17:37:03.424435: Generating intermediate features
NAUTILUS=>2021-06-10 17:37:11.956290: Completed generating intermediate features. Elapsed time: 0:00:08.531855
NAUTILUS=>2021-06-10 17:37:11.956309: Starting model training
NAUTILUS=>2021-06-10 17:41:05.186855: Completed model training. Elapsed time: 0:03:53.230546
NAUTILUS=>2021-06-10 17:41:05.186855: Cycle: 8, Model: 0, loss: [0.6462854146957397, 0.3811362385749817, 0.28861740231513977, 0.2074565887451172, 0.14144223928451538]
NAUTILUS=>2021-06-10 17:41:05.186855: Cycle: 8, Model: 0, accuracy: [0.7648276686668396, 0.8624294996261597, 0.8984484672546387, 0.9291367530822754, 0.9511449337005615]
NAUTILUS=>2021-06-10 17:41:05.186855: Cycle: 8, Model: 0, val_loss: [0.24057890474796295, 0.21077823638916016, 0.21745724976062775, 0.18167448043823242, 0.19799485802650452]
NAUTILUS=>2021-06-10 17:41:05.186855: Cycle: 8, Model: 0, val_accuracy: [0.913286566734314, 0.923703134059906, 0.923503041267395, 0.9368624687194824, 0.9375535845756531]
NAUTILUS=>2021-06-10 17:41:05.186855: Cycle: 8, Model: 1, loss: [0.6861206293106079, 0.40148040652275085, 0.3240763545036316, 0.2560013234615326, 0.20422732830047607]
NAUTILUS=>2021-06-10 17:41:05.186855: Cycle: 8, Model: 1, accuracy: [0.7544214129447937, 0.8515031933784485, 0.8859738111495972, 0.9110137820243835, 0.9304700493812561]
NAUTILUS=>2021-06-10 17:41:05.186855: Cycle: 8, Model: 1, val_loss: [0.2576546370983124, 0.23126022517681122, 0.2437811642885208, 0.18745020031929016, 0.19401249289512634]
NAUTILUS=>2021-06-10 17:41:05.186855: Cycle: 8, Model: 1, val_accuracy: [0.9061537981033325, 0.9163336753845215, 0.9140099883079529, 0.9339281320571899, 0.9341509342193604]
NAUTILUS=>2021-06-10 17:41:05.186855: Cycle: 8, Model: 2, loss: [0.7595019340515137, 0.4339686632156372, 0.35745441913604736, 0.29747632145881653, 0.2522880434989929]
NAUTILUS=>2021-06-10 17:41:05.186855: Cycle: 8, Model: 2, accuracy: [0.7293134927749634, 0.8402746319770813, 0.8715024590492249, 0.8972829580307007, 0.9139047265052795]
NAUTILUS=>2021-06-10 17:41:05.186855: Cycle: 8, Model: 2, val_loss: [0.28293344378471375, 0.25209638476371765, 0.23502936959266663, 0.21178285777568817, 0.19514957070350647]
NAUTILUS=>2021-06-10 17:41:05.186855: Cycle: 8, Model: 2, val_accuracy: [0.896564245223999, 0.9063584804534912, 0.9161711931228638, 0.9244779348373413, 0.9281970262527466]
NAUTILUS=>2021-06-10 17:41:05.186939: Starting to generating the best model
NAUTILUS=>2021-06-10 17:41:10.809761: Completed generating the best model. Elapsed time: 0:00:05.622822
NAUTILUS=>2021-06-10 17:41:10.809761: Cycle: 8, Best Model: 0
NAUTILUS=>2021-06-10 17:41:10.809761: Cycle: 8, Best model loss: [0.6462854146957397, 0.3811362385749817, 0.28861740231513977, 0.2074565887451172, 0.14144223928451538]
NAUTILUS=>2021-06-10 17:41:10.809761: Cycle: 8, Best model accuracy: [0.7648276686668396, 0.8624294996261597, 0.8984484672546387, 0.9291367530822754, 0.9511449337005615]
NAUTILUS=>2021-06-10 17:41:10.809761: Cycle: 8, Best model val_loss: [0.24057890474796295, 0.21077823638916016, 0.21745724976062775, 0.18167448043823242, 0.19799485802650452]
NAUTILUS=>2021-06-10 17:41:10.809761: Cycle: 8, Best model val_accuracy: [0.913286566734314, 0.923703134059906, 0.923503041267395, 0.9368624687194824, 0.9375535845756531]
NAUTILUS=>2021-06-10 17:41:11.101972: Completed active learning cycle. Elapsed time: 0:04:07.902340
NAUTILUS=>2021-06-10 17:41:11.101989: ========> Active learning cycle: 9
NAUTILUS=>2021-06-10 17:41:11.101993: Starting data loading
NAUTILUS=>2021-06-10 17:41:40.372644: Completed data loading. Elapsed time: 0:00:29.270651
NAUTILUS=>2021-06-10 17:41:40.372661: Starting model selection
NAUTILUS=>2021-06-10 17:41:40.372678: Materializing training data
NAUTILUS=>2021-06-10 17:41:40.599120: Completed materializing training data. Elapsed time: 0:00:00.226442
NAUTILUS=>2021-06-10 17:41:40.599130: Generating intermediate features
NAUTILUS=>2021-06-10 17:41:49.171935: Completed generating intermediate features. Elapsed time: 0:00:08.572805
NAUTILUS=>2021-06-10 17:41:49.171954: Starting model training
NAUTILUS=>2021-06-10 17:46:06.194265: Completed model training. Elapsed time: 0:04:17.022311
NAUTILUS=>2021-06-10 17:46:06.194265: Cycle: 9, Model: 0, loss: [0.6101494431495667, 0.34360629320144653, 0.2601487636566162, 0.19211426377296448, 0.13049662113189697]
NAUTILUS=>2021-06-10 17:46:06.194265: Cycle: 9, Model: 0, accuracy: [0.7821892499923706, 0.8788742423057556, 0.9102776646614075, 0.9344367384910583, 0.9566594362258911]
NAUTILUS=>2021-06-10 17:46:06.194265: Cycle: 9, Model: 0, val_loss: [0.22932305932044983, 0.19832168519496918, 0.2133379727602005, 0.17839518189430237, 0.16431324183940887]
NAUTILUS=>2021-06-10 17:46:06.194265: Cycle: 9, Model: 0, val_accuracy: [0.9170317649841309, 0.9259041547775269, 0.9239615201950073, 0.9423326253890991, 0.9498728513717651]
NAUTILUS=>2021-06-10 17:46:06.194265: Cycle: 9, Model: 1, loss: [0.6263502240180969, 0.36540937423706055, 0.2912226617336273, 0.23537899553775787, 0.18503959476947784]
NAUTILUS=>2021-06-10 17:46:06.194265: Cycle: 9, Model: 1, accuracy: [0.7757157683372498, 0.8683468103408813, 0.8967680931091309, 0.9193758368492126, 0.9383494853973389]
NAUTILUS=>2021-06-10 17:46:06.194265: Cycle: 9, Model: 1, val_loss: [0.26583561301231384, 0.20592351257801056, 0.21643760800361633, 0.18845845758914948, 0.16817313432693481]
NAUTILUS=>2021-06-10 17:46:06.194265: Cycle: 9, Model: 1, val_accuracy: [0.9050878286361694, 0.9263930916786194, 0.9218016266822815, 0.9342937469482422, 0.9448469281196594]
NAUTILUS=>2021-06-10 17:46:06.194265: Cycle: 9, Model: 2, loss: [0.6752530932426453, 0.3988521099090576, 0.32307615876197815, 0.2713421881198883, 0.2314712256193161]
NAUTILUS=>2021-06-10 17:46:06.194265: Cycle: 9, Model: 2, accuracy: [0.7581544518470764, 0.8524529337882996, 0.8840740919113159, 0.9053442478179932, 0.9216110706329346]
NAUTILUS=>2021-06-10 17:46:06.194265: Cycle: 9, Model: 2, val_loss: [0.26032307744026184, 0.21560372412204742, 0.2066260725259781, 0.19031494855880737, 0.17379039525985718]
NAUTILUS=>2021-06-10 17:46:06.194265: Cycle: 9, Model: 2, val_accuracy: [0.9093295335769653, 0.9257147908210754, 0.9288658499717712, 0.9338159561157227, 0.9401796460151672]
NAUTILUS=>2021-06-10 17:46:06.194347: Starting to generating the best model
NAUTILUS=>2021-06-10 17:46:11.839526: Completed generating the best model. Elapsed time: 0:00:05.645179
NAUTILUS=>2021-06-10 17:46:11.839526: Cycle: 9, Best Model: 0
NAUTILUS=>2021-06-10 17:46:11.839526: Cycle: 9, Best model loss: [0.6101494431495667, 0.34360629320144653, 0.2601487636566162, 0.19211426377296448, 0.13049662113189697]
NAUTILUS=>2021-06-10 17:46:11.839526: Cycle: 9, Best model accuracy: [0.7821892499923706, 0.8788742423057556, 0.9102776646614075, 0.9344367384910583, 0.9566594362258911]
NAUTILUS=>2021-06-10 17:46:11.839526: Cycle: 9, Best model val_loss: [0.22932305932044983, 0.19832168519496918, 0.2133379727602005, 0.17839518189430237, 0.16431324183940887]
NAUTILUS=>2021-06-10 17:46:11.839526: Cycle: 9, Best model val_accuracy: [0.9170317649841309, 0.9259041547775269, 0.9239615201950073, 0.9423326253890991, 0.9498728513717651]
NAUTILUS=>2021-06-10 17:46:12.124387: Completed active learning cycle. Elapsed time: 0:04:31.751726
NAUTILUS=>2021-06-10 17:46:12.124405: ========> Active learning cycle: 10
NAUTILUS=>2021-06-10 17:46:12.124409: Starting data loading
NAUTILUS=>2021-06-10 17:46:44.153455: Completed data loading. Elapsed time: 0:00:32.029046
NAUTILUS=>2021-06-10 17:46:44.153473: Starting model selection
NAUTILUS=>2021-06-10 17:46:44.153489: Materializing training data
NAUTILUS=>2021-06-10 17:46:44.383766: Completed materializing training data. Elapsed time: 0:00:00.230277
NAUTILUS=>2021-06-10 17:46:44.383777: Generating intermediate features
NAUTILUS=>2021-06-10 17:46:52.969961: Completed generating intermediate features. Elapsed time: 0:00:08.586184
NAUTILUS=>2021-06-10 17:46:52.969980: Starting model training
NAUTILUS=>2021-06-10 17:51:35.402753: Completed model training. Elapsed time: 0:04:42.432773
NAUTILUS=>2021-06-10 17:51:35.402753: Cycle: 10, Model: 0, loss: [0.5504102110862732, 0.3158428966999054, 0.23822885751724243, 0.1786428838968277, 0.11617831885814667]
NAUTILUS=>2021-06-10 17:51:35.402753: Cycle: 10, Model: 0, accuracy: [0.8047014474868774, 0.8851940631866455, 0.9181928038597107, 0.9365103244781494, 0.9594428539276123]
NAUTILUS=>2021-06-10 17:51:35.402753: Cycle: 10, Model: 0, val_loss: [0.23919428884983063, 0.19396738708019257, 0.17544609308242798, 0.17443767189979553, 0.17643411457538605]
NAUTILUS=>2021-06-10 17:51:35.402753: Cycle: 10, Model: 0, val_accuracy: [0.9142479300498962, 0.9327427744865417, 0.9435212016105652, 0.9472640156745911, 0.9508093595504761]
NAUTILUS=>2021-06-10 17:51:35.402753: Cycle: 10, Model: 1, loss: [0.5821034908294678, 0.33379265666007996, 0.2692815363407135, 0.21842116117477417, 0.17119348049163818]
NAUTILUS=>2021-06-10 17:51:35.402753: Cycle: 10, Model: 1, accuracy: [0.791060745716095, 0.8785128593444824, 0.9056817293167114, 0.9243961572647095, 0.9410048127174377]
NAUTILUS=>2021-06-10 17:51:35.402753: Cycle: 10, Model: 1, val_loss: [0.22594156861305237, 0.2080438882112503, 0.19054633378982544, 0.17622672021389008, 0.1716976910829544]
NAUTILUS=>2021-06-10 17:51:35.402753: Cycle: 10, Model: 1, val_accuracy: [0.9161451458930969, 0.9277924299240112, 0.9359868168830872, 0.9432625770568848, 0.9444035887718201]
NAUTILUS=>2021-06-10 17:51:35.402753: Cycle: 10, Model: 2, loss: [0.6239944696426392, 0.36354565620422363, 0.29488837718963623, 0.25291678309440613, 0.21487243473529816]
NAUTILUS=>2021-06-10 17:51:35.402753: Cycle: 10, Model: 2, accuracy: [0.7767453193664551, 0.8647704720497131, 0.895008385181427, 0.9100983142852783, 0.9265666604042053]
NAUTILUS=>2021-06-10 17:51:35.402753: Cycle: 10, Model: 2, val_loss: [0.2437766045331955, 0.21762940287590027, 0.19682776927947998, 0.1795680820941925, 0.1815427839756012]
NAUTILUS=>2021-06-10 17:51:35.402753: Cycle: 10, Model: 2, val_accuracy: [0.9124874472618103, 0.92225581407547, 0.9338931441307068, 0.9405111074447632, 0.9392210245132446]
NAUTILUS=>2021-06-10 17:51:35.402835: Starting to generating the best model
NAUTILUS=>2021-06-10 17:51:41.090460: Completed generating the best model. Elapsed time: 0:00:05.687625
NAUTILUS=>2021-06-10 17:51:41.090460: Cycle: 10, Best Model: 0
NAUTILUS=>2021-06-10 17:51:41.090460: Cycle: 10, Best model loss: [0.5504102110862732, 0.3158428966999054, 0.23822885751724243, 0.1786428838968277, 0.11617831885814667]
NAUTILUS=>2021-06-10 17:51:41.090460: Cycle: 10, Best model accuracy: [0.8047014474868774, 0.8851940631866455, 0.9181928038597107, 0.9365103244781494, 0.9594428539276123]
NAUTILUS=>2021-06-10 17:51:41.090460: Cycle: 10, Best model val_loss: [0.23919428884983063, 0.19396738708019257, 0.17544609308242798, 0.17443767189979553, 0.17643411457538605]
NAUTILUS=>2021-06-10 17:51:41.090460: Cycle: 10, Best model val_accuracy: [0.9142479300498962, 0.9327427744865417, 0.9435212016105652, 0.9472640156745911, 0.9508093595504761]
NAUTILUS=>2021-06-10 17:51:41.375082: Completed active learning cycle. Elapsed time: 0:04:57.221609
NAUTILUS=>2021-06-10 17:51:41.375098: Workload completed. Elapsed time: 0:36:56.935604
