NAUTILUS=>2021-06-10 18:18:05.149351: Starting workload
NAUTILUS=>2021-06-10 18:18:05.149351: RANDOM_SEED: 2020
NAUTILUS=>2021-06-10 18:18:05.149351: VERY_LARGE_VALUE: 1000000000000000.0
NAUTILUS=>2021-06-10 18:18:05.149351: NO_MAT_OPT: True
NAUTILUS=>2021-06-10 18:18:05.149351: MODE: ftr3-4
NAUTILUS=>2021-06-10 18:18:05.149351: STORAGE_PATH: ./storage
NAUTILUS=>2021-06-10 18:18:05.149351: NO_FUSE_OPT: False
NAUTILUS=>2021-06-10 18:18:05.149351: NUM_EPOCHS: 5
NAUTILUS=>2021-06-10 18:18:05.149351: MAX_NUM_RECORDS: 5000
NAUTILUS=>2021-06-10 18:18:05.149351: ACTIVE_LEARNING_BATCH_SIZE: 500
NAUTILUS=>2021-06-10 18:18:05.149351: VALID_FRACTION: 0.2
NAUTILUS=>2021-06-10 18:18:05.149351: SAMPLING_STRATERGY: uncertainty
NAUTILUS=>2021-06-10 18:18:05.149351: NO_PRETRAINING: False
NAUTILUS=>2021-06-10 18:18:05.149351: STORAGE_BUDGET: 25
NAUTILUS=>2021-06-10 18:18:05.149351: MEMORY_BUDGET: 10
NAUTILUS=>2021-06-10 18:18:05.149351: WORKSPACE_MEMORY: 1
NAUTILUS=>2021-06-10 18:18:05.149351: COMPUTE_THROUGHPUT: 6
NAUTILUS=>2021-06-10 18:18:05.149351: DISK_THROUGHPUT: 500
NAUTILUS=>2021-06-10 18:18:05.149351: SHUFFLE_BUFFER_SIZE: 10000
NAUTILUS=>2021-06-10 18:18:05.149402: Starting system initialization
NAUTILUS=>2021-06-10 18:18:05.873399: Starting model profiling
NAUTILUS=>2021-06-10 18:18:42.928500: Completed model profiling. Elapsed time: 0:00:37.055098
NAUTILUS=>2021-06-10 18:18:42.928500: Model parameters
NAUTILUS=>2021-06-10 18:18:42.928574: Generating optimized model selection plan
NAUTILUS=>2021-06-10 18:18:43.087261: Used materialized layers: 
NAUTILUS=>2021-06-10 18:18:43.087261: Model training plan: {"0_1_2_3": {"models": ["0", "1", "2", "3"], "output_layers": ["0/classifier", "1/classifier", "2/classifier", "3/classifier"], "flops_consumption": 1302584733125000.0, "compute_flops": 1302145280000000.0, "load_flops": 439453125000.0, "memory_consumption": 3.3600724153220654, "used_materialized_layers": [], "batch_size": 16, "num_epochs": [5, 5, 5, 5], "flops_reduction": 560644624325000.0, "merged_models": ["0_1", "2_3"]}}
NAUTILUS=>2021-06-10 18:18:43.087369: Completed generating optimized model selection plan. Elapsed time: 0:00:00.158795
NAUTILUS=>2021-06-10 18:18:43.087376: Generating fused models
NAUTILUS=>2021-06-10 18:18:55.717272: Completed generating fused models. Elapsed time: 0:00:12.629896
NAUTILUS=>2021-06-10 18:18:55.717272: Current Practice FLOPs: 596552158720.0
NAUTILUS=>2021-06-10 18:18:55.717272: Optimal FLOPs: 148388021760.0
NAUTILUS=>2021-06-10 18:18:55.717272: Theoretical Speedup: 4.020217748335861
NAUTILUS=>2021-06-10 18:18:55.769951: Completed system initialization. Elapsed time: 0:00:50.620549
NAUTILUS=>2021-06-10 18:18:55.769975: ========> Active learning cycle: 1
NAUTILUS=>2021-06-10 18:18:55.769979: Starting data loading
NAUTILUS=>2021-06-10 18:19:11.856733: Completed data loading. Elapsed time: 0:00:16.086754
NAUTILUS=>2021-06-10 18:19:11.856758: Starting model selection
NAUTILUS=>2021-06-10 18:19:11.856778: Materializing training data
NAUTILUS=>2021-06-10 18:19:12.091802: Completed materializing training data. Elapsed time: 0:00:00.235024
NAUTILUS=>2021-06-10 18:19:12.091817: Starting model training
NAUTILUS=>2021-06-10 18:19:57.071095: Completed model training. Elapsed time: 0:00:44.979278
NAUTILUS=>2021-06-10 18:19:57.071095: Cycle: 1, Model: 0, loss: [0.828880786895752, 0.2970868945121765, 0.1905224621295929, 0.12513619661331177, 0.08048418164253235]
NAUTILUS=>2021-06-10 18:19:57.071095: Cycle: 1, Model: 0, accuracy: [0.7468414902687073, 0.8900124430656433, 0.9346765279769897, 0.9563759565353394, 0.9700300097465515]
NAUTILUS=>2021-06-10 18:19:57.071095: Cycle: 1, Model: 0, val_loss: [0.4639212489128113, 0.41468507051467896, 0.35327720642089844, 0.393357515335083, 0.37415364384651184]
NAUTILUS=>2021-06-10 18:19:57.071095: Cycle: 1, Model: 0, val_accuracy: [0.8359349966049194, 0.8561877608299255, 0.8714163899421692, 0.8704221248626709, 0.8852939605712891]
NAUTILUS=>2021-06-10 18:19:57.071095: Cycle: 1, Model: 1, loss: [1.004594087600708, 0.4065803587436676, 0.28088250756263733, 0.1944686472415924, 0.1432686448097229]
NAUTILUS=>2021-06-10 18:19:57.071095: Cycle: 1, Model: 1, accuracy: [0.7063083052635193, 0.8641493320465088, 0.9058865904808044, 0.9262921214103699, 0.9485536217689514]
NAUTILUS=>2021-06-10 18:19:57.071095: Cycle: 1, Model: 1, val_loss: [0.5762647986412048, 0.4119471609592438, 0.3756779134273529, 0.36078953742980957, 0.36561131477355957]
NAUTILUS=>2021-06-10 18:19:57.071095: Cycle: 1, Model: 1, val_accuracy: [0.8098840117454529, 0.8507524728775024, 0.8563680052757263, 0.869193971157074, 0.8720411062240601]
NAUTILUS=>2021-06-10 18:19:57.071095: Cycle: 1, Model: 2, loss: [1.10059654712677, 0.47445783019065857, 0.3396696150302887, 0.2579960823059082, 0.2015160620212555]
NAUTILUS=>2021-06-10 18:19:57.071095: Cycle: 1, Model: 2, accuracy: [0.6883387565612793, 0.8442584276199341, 0.8858430981636047, 0.9036238193511963, 0.9335419535636902]
NAUTILUS=>2021-06-10 18:19:57.071095: Cycle: 1, Model: 2, val_loss: [0.6876410841941833, 0.47299858927726746, 0.41176074743270874, 0.39722806215286255, 0.38042229413986206]
NAUTILUS=>2021-06-10 18:19:57.071095: Cycle: 1, Model: 2, val_accuracy: [0.7769367694854736, 0.828457236289978, 0.848990797996521, 0.8405357599258423, 0.8534486889839172]
NAUTILUS=>2021-06-10 18:19:57.071095: Cycle: 1, Model: 3, loss: [1.2300859689712524, 0.5972630381584167, 0.42791736125946045, 0.32653626799583435, 0.26702556014060974]
NAUTILUS=>2021-06-10 18:19:57.071095: Cycle: 1, Model: 3, accuracy: [0.6550421118736267, 0.8016746044158936, 0.8581827282905579, 0.8822500109672546, 0.9073532819747925]
NAUTILUS=>2021-06-10 18:19:57.071095: Cycle: 1, Model: 3, val_loss: [0.7879536151885986, 0.5699779987335205, 0.46627697348594666, 0.42160212993621826, 0.40840327739715576]
NAUTILUS=>2021-06-10 18:19:57.071095: Cycle: 1, Model: 3, val_accuracy: [0.7376022934913635, 0.8131635785102844, 0.8351553082466125, 0.8348590135574341, 0.8504737615585327]
NAUTILUS=>2021-06-10 18:19:57.071193: Starting to generating the best model
NAUTILUS=>2021-06-10 18:20:04.621046: Completed generating the best model. Elapsed time: 0:00:07.549853
NAUTILUS=>2021-06-10 18:20:04.621046: Cycle: 1, Best Model: 0
NAUTILUS=>2021-06-10 18:20:04.621046: Cycle: 1, Best model loss: [0.828880786895752, 0.2970868945121765, 0.1905224621295929, 0.12513619661331177, 0.08048418164253235]
NAUTILUS=>2021-06-10 18:20:04.621046: Cycle: 1, Best model accuracy: [0.7468414902687073, 0.8900124430656433, 0.9346765279769897, 0.9563759565353394, 0.9700300097465515]
NAUTILUS=>2021-06-10 18:20:04.621046: Cycle: 1, Best model val_loss: [0.4639212489128113, 0.41468507051467896, 0.35327720642089844, 0.393357515335083, 0.37415364384651184]
NAUTILUS=>2021-06-10 18:20:04.621046: Cycle: 1, Best model val_accuracy: [0.8359349966049194, 0.8561877608299255, 0.8714163899421692, 0.8704221248626709, 0.8852939605712891]
NAUTILUS=>2021-06-10 18:20:04.908016: Completed active learning cycle. Elapsed time: 0:00:53.051258
NAUTILUS=>2021-06-10 18:20:04.908033: ========> Active learning cycle: 2
NAUTILUS=>2021-06-10 18:20:04.908037: Starting data loading
NAUTILUS=>2021-06-10 18:20:53.544556: Completed data loading. Elapsed time: 0:00:48.636519
NAUTILUS=>2021-06-10 18:20:53.544574: Starting model selection
NAUTILUS=>2021-06-10 18:20:53.544591: Materializing training data
NAUTILUS=>2021-06-10 18:20:53.769623: Completed materializing training data. Elapsed time: 0:00:00.225032
NAUTILUS=>2021-06-10 18:20:53.769631: Starting model training
NAUTILUS=>2021-06-10 18:22:05.360669: Completed model training. Elapsed time: 0:01:11.591038
NAUTILUS=>2021-06-10 18:22:05.360669: Cycle: 2, Model: 0, loss: [0.9820088744163513, 0.42822325229644775, 0.27448880672454834, 0.19114278256893158, 0.12522214651107788]
NAUTILUS=>2021-06-10 18:22:05.360669: Cycle: 2, Model: 0, accuracy: [0.6411345601081848, 0.8296785950660706, 0.8881787657737732, 0.9303540587425232, 0.9543465375900269]
NAUTILUS=>2021-06-10 18:22:05.360669: Cycle: 2, Model: 0, val_loss: [0.378217875957489, 0.3470526933670044, 0.2961651682853699, 0.28355538845062256, 0.30513596534729004]
NAUTILUS=>2021-06-10 18:22:05.360669: Cycle: 2, Model: 0, val_accuracy: [0.8639460802078247, 0.8841715455055237, 0.9048786163330078, 0.9142364263534546, 0.9139883518218994]
NAUTILUS=>2021-06-10 18:22:05.360669: Cycle: 2, Model: 1, loss: [1.0316306352615356, 0.49598369002342224, 0.33836859464645386, 0.2519089877605438, 0.17347855865955353]
NAUTILUS=>2021-06-10 18:22:05.360669: Cycle: 2, Model: 1, accuracy: [0.6214208006858826, 0.8046935200691223, 0.8720493316650391, 0.9077181816101074, 0.9331250190734863]
NAUTILUS=>2021-06-10 18:22:05.360669: Cycle: 2, Model: 1, val_loss: [0.4488494098186493, 0.3552570044994354, 0.2943028509616852, 0.2883753776550293, 0.2760796844959259]
NAUTILUS=>2021-06-10 18:22:05.360669: Cycle: 2, Model: 1, val_accuracy: [0.8425663709640503, 0.8833434581756592, 0.8984968066215515, 0.9134674668312073, 0.9148668646812439]
NAUTILUS=>2021-06-10 18:22:05.360669: Cycle: 2, Model: 2, loss: [1.1710573434829712, 0.594035804271698, 0.4166698455810547, 0.3269309103488922, 0.24684351682662964]
NAUTILUS=>2021-06-10 18:22:05.360669: Cycle: 2, Model: 2, accuracy: [0.5746650695800781, 0.7590763568878174, 0.8437793850898743, 0.8772196769714355, 0.906093418598175]
NAUTILUS=>2021-06-10 18:22:05.360669: Cycle: 2, Model: 2, val_loss: [0.5098970532417297, 0.384104460477829, 0.31927821040153503, 0.3005669116973877, 0.27994731068611145]
NAUTILUS=>2021-06-10 18:22:05.360669: Cycle: 2, Model: 2, val_accuracy: [0.8162043690681458, 0.8690874576568604, 0.8832870721817017, 0.9080027937889099, 0.9080075621604919]
NAUTILUS=>2021-06-10 18:22:05.360669: Cycle: 2, Model: 3, loss: [1.2702641487121582, 0.687014102935791, 0.504310667514801, 0.41127341985702515, 0.33217594027519226]
NAUTILUS=>2021-06-10 18:22:05.360669: Cycle: 2, Model: 3, accuracy: [0.5490967035293579, 0.7168906927108765, 0.8053242564201355, 0.8456637859344482, 0.8711362481117249]
NAUTILUS=>2021-06-10 18:22:05.360669: Cycle: 2, Model: 3, val_loss: [0.5931740403175354, 0.4284386932849884, 0.36116084456443787, 0.3322778642177582, 0.3065923750400543]
NAUTILUS=>2021-06-10 18:22:05.360669: Cycle: 2, Model: 3, val_accuracy: [0.7932661175727844, 0.8485016822814941, 0.8722827434539795, 0.8984524011611938, 0.9016739726066589]
NAUTILUS=>2021-06-10 18:22:05.360767: Starting to generating the best model
NAUTILUS=>2021-06-10 18:22:12.914133: Completed generating the best model. Elapsed time: 0:00:07.553366
NAUTILUS=>2021-06-10 18:22:12.914133: Cycle: 2, Best Model: 1
NAUTILUS=>2021-06-10 18:22:12.914133: Cycle: 2, Best model loss: [1.0316306352615356, 0.49598369002342224, 0.33836859464645386, 0.2519089877605438, 0.17347855865955353]
NAUTILUS=>2021-06-10 18:22:12.914133: Cycle: 2, Best model accuracy: [0.6214208006858826, 0.8046935200691223, 0.8720493316650391, 0.9077181816101074, 0.9331250190734863]
NAUTILUS=>2021-06-10 18:22:12.914133: Cycle: 2, Best model val_loss: [0.4488494098186493, 0.3552570044994354, 0.2943028509616852, 0.2883753776550293, 0.2760796844959259]
NAUTILUS=>2021-06-10 18:22:12.914133: Cycle: 2, Best model val_accuracy: [0.8425663709640503, 0.8833434581756592, 0.8984968066215515, 0.9134674668312073, 0.9148668646812439]
NAUTILUS=>2021-06-10 18:22:13.200966: Completed active learning cycle. Elapsed time: 0:01:19.656392
NAUTILUS=>2021-06-10 18:22:13.200983: ========> Active learning cycle: 3
NAUTILUS=>2021-06-10 18:22:13.200986: Starting data loading
NAUTILUS=>2021-06-10 18:22:53.024051: Completed data loading. Elapsed time: 0:00:39.823065
NAUTILUS=>2021-06-10 18:22:53.024068: Starting model selection
NAUTILUS=>2021-06-10 18:22:53.024085: Materializing training data
NAUTILUS=>2021-06-10 18:22:53.255945: Completed materializing training data. Elapsed time: 0:00:00.231860
NAUTILUS=>2021-06-10 18:22:53.255956: Starting model training
NAUTILUS=>2021-06-10 18:24:30.711079: Completed model training. Elapsed time: 0:01:37.455123
NAUTILUS=>2021-06-10 18:24:30.711079: Cycle: 3, Model: 0, loss: [1.050710916519165, 0.5033090114593506, 0.3407381772994995, 0.2735863924026489, 0.1836094856262207]
NAUTILUS=>2021-06-10 18:24:30.711079: Cycle: 3, Model: 0, accuracy: [0.6389156579971313, 0.8102914094924927, 0.8764285445213318, 0.9025121331214905, 0.9408676028251648]
NAUTILUS=>2021-06-10 18:24:30.711079: Cycle: 3, Model: 0, val_loss: [0.364307165145874, 0.25770995020866394, 0.28084877133369446, 0.3071657717227936, 0.29371631145477295]
NAUTILUS=>2021-06-10 18:24:30.711079: Cycle: 3, Model: 0, val_accuracy: [0.866638720035553, 0.9088951349258423, 0.9155575633049011, 0.9189569354057312, 0.9139968752861023]
NAUTILUS=>2021-06-10 18:24:30.711079: Cycle: 3, Model: 1, loss: [1.0783882141113281, 0.5539801120758057, 0.41034072637557983, 0.3224407434463501, 0.24361225962638855]
NAUTILUS=>2021-06-10 18:24:30.711079: Cycle: 3, Model: 1, accuracy: [0.6114398241043091, 0.7815563082695007, 0.8466833233833313, 0.8862652778625488, 0.9209495186805725]
NAUTILUS=>2021-06-10 18:24:30.711079: Cycle: 3, Model: 1, val_loss: [0.3908446729183197, 0.3065914809703827, 0.26249486207962036, 0.2744654715061188, 0.25558269023895264]
NAUTILUS=>2021-06-10 18:24:30.711079: Cycle: 3, Model: 1, val_accuracy: [0.8673787713050842, 0.8960530757904053, 0.910903811454773, 0.9131661057472229, 0.9138773679733276]
NAUTILUS=>2021-06-10 18:24:30.711079: Cycle: 3, Model: 2, loss: [1.1735774278640747, 0.641319215297699, 0.4948524534702301, 0.40294119715690613, 0.32845836877822876]
NAUTILUS=>2021-06-10 18:24:30.711079: Cycle: 3, Model: 2, accuracy: [0.5799587965011597, 0.7489868998527527, 0.8102654814720154, 0.8545003533363342, 0.8838516473770142]
NAUTILUS=>2021-06-10 18:24:30.711079: Cycle: 3, Model: 2, val_loss: [0.4711654782295227, 0.3578032851219177, 0.30111512541770935, 0.27222421765327454, 0.2651253640651703]
NAUTILUS=>2021-06-10 18:24:30.711079: Cycle: 3, Model: 2, val_accuracy: [0.8245394229888916, 0.8735413551330566, 0.8958663940429688, 0.908065915107727, 0.9127779006958008]
NAUTILUS=>2021-06-10 18:24:30.711079: Cycle: 3, Model: 3, loss: [1.2740962505340576, 0.7290970683097839, 0.5688762068748474, 0.4731394052505493, 0.39152491092681885]
NAUTILUS=>2021-06-10 18:24:30.711079: Cycle: 3, Model: 3, accuracy: [0.552980363368988, 0.709290087223053, 0.7811144590377808, 0.8209673762321472, 0.8599015474319458]
NAUTILUS=>2021-06-10 18:24:30.711079: Cycle: 3, Model: 3, val_loss: [0.5326259136199951, 0.38871273398399353, 0.3408457636833191, 0.299369215965271, 0.2865809500217438]
NAUTILUS=>2021-06-10 18:24:30.711079: Cycle: 3, Model: 3, val_accuracy: [0.8026888966560364, 0.8707200288772583, 0.8839210271835327, 0.8947696089744568, 0.9023990035057068]
NAUTILUS=>2021-06-10 18:24:30.711175: Starting to generating the best model
NAUTILUS=>2021-06-10 18:24:38.230186: Completed generating the best model. Elapsed time: 0:00:07.519011
NAUTILUS=>2021-06-10 18:24:38.230186: Cycle: 3, Best Model: 0
NAUTILUS=>2021-06-10 18:24:38.230186: Cycle: 3, Best model loss: [1.050710916519165, 0.5033090114593506, 0.3407381772994995, 0.2735863924026489, 0.1836094856262207]
NAUTILUS=>2021-06-10 18:24:38.230186: Cycle: 3, Best model accuracy: [0.6389156579971313, 0.8102914094924927, 0.8764285445213318, 0.9025121331214905, 0.9408676028251648]
NAUTILUS=>2021-06-10 18:24:38.230186: Cycle: 3, Best model val_loss: [0.364307165145874, 0.25770995020866394, 0.28084877133369446, 0.3071657717227936, 0.29371631145477295]
NAUTILUS=>2021-06-10 18:24:38.230186: Cycle: 3, Best model val_accuracy: [0.866638720035553, 0.9088951349258423, 0.9155575633049011, 0.9189569354057312, 0.9139968752861023]
NAUTILUS=>2021-06-10 18:24:38.516438: Completed active learning cycle. Elapsed time: 0:01:45.492370
NAUTILUS=>2021-06-10 18:24:38.516455: ========> Active learning cycle: 4
NAUTILUS=>2021-06-10 18:24:38.516459: Starting data loading
NAUTILUS=>2021-06-10 18:25:23.040845: Completed data loading. Elapsed time: 0:00:44.524386
NAUTILUS=>2021-06-10 18:25:23.040863: Starting model selection
NAUTILUS=>2021-06-10 18:25:23.040879: Materializing training data
NAUTILUS=>2021-06-10 18:25:23.266192: Completed materializing training data. Elapsed time: 0:00:00.225313
NAUTILUS=>2021-06-10 18:25:23.266202: Starting model training
NAUTILUS=>2021-06-10 18:27:26.432934: Completed model training. Elapsed time: 0:02:03.166732
NAUTILUS=>2021-06-10 18:27:26.432934: Cycle: 4, Model: 0, loss: [0.9954246282577515, 0.5512508749961853, 0.40315356850624084, 0.30540019273757935, 0.2146904319524765]
NAUTILUS=>2021-06-10 18:27:26.432934: Cycle: 4, Model: 0, accuracy: [0.6607085466384888, 0.8087973594665527, 0.8626412749290466, 0.9007800221443176, 0.9326201677322388]
NAUTILUS=>2021-06-10 18:27:26.432934: Cycle: 4, Model: 0, val_loss: [0.3324156701564789, 0.2548426687717438, 0.2528800666332245, 0.23583447933197021, 0.23320506513118744]
NAUTILUS=>2021-06-10 18:27:26.432934: Cycle: 4, Model: 0, val_accuracy: [0.8836964964866638, 0.9098818302154541, 0.9095988273620605, 0.9224218726158142, 0.9229169487953186]
NAUTILUS=>2021-06-10 18:27:26.432934: Cycle: 4, Model: 1, loss: [1.001509428024292, 0.5832325220108032, 0.43986427783966064, 0.3569352626800537, 0.2737649083137512]
NAUTILUS=>2021-06-10 18:27:26.432934: Cycle: 4, Model: 1, accuracy: [0.6574764251708984, 0.7933529019355774, 0.8438103199005127, 0.8796484470367432, 0.9128134846687317]
NAUTILUS=>2021-06-10 18:27:26.432934: Cycle: 4, Model: 1, val_loss: [0.34195423126220703, 0.26726189255714417, 0.25359398126602173, 0.2350953221321106, 0.23659701645374298]
NAUTILUS=>2021-06-10 18:27:26.432934: Cycle: 4, Model: 1, val_accuracy: [0.8801698088645935, 0.9056617617607117, 0.912513256072998, 0.9193992614746094, 0.9166221618652344]
NAUTILUS=>2021-06-10 18:27:26.432934: Cycle: 4, Model: 2, loss: [1.0899462699890137, 0.6413844227790833, 0.4948538839817047, 0.41406792402267456, 0.344333291053772]
NAUTILUS=>2021-06-10 18:27:26.432934: Cycle: 4, Model: 2, accuracy: [0.6264644265174866, 0.765727162361145, 0.8239339590072632, 0.8567831516265869, 0.8847637176513672]
NAUTILUS=>2021-06-10 18:27:26.432934: Cycle: 4, Model: 2, val_loss: [0.3959845304489136, 0.31839993596076965, 0.2684658169746399, 0.25137320160865784, 0.2544252872467041]
NAUTILUS=>2021-06-10 18:27:26.432934: Cycle: 4, Model: 2, val_accuracy: [0.8549231886863708, 0.8806942701339722, 0.9059680104255676, 0.9148151278495789, 0.9107865691184998]
NAUTILUS=>2021-06-10 18:27:26.432934: Cycle: 4, Model: 3, loss: [1.1456615924835205, 0.7037776708602905, 0.556575357913971, 0.47423991560935974, 0.40669649839401245]
NAUTILUS=>2021-06-10 18:27:26.432934: Cycle: 4, Model: 3, accuracy: [0.6061057448387146, 0.7352779507637024, 0.7998547554016113, 0.833020031452179, 0.8596632480621338]
NAUTILUS=>2021-06-10 18:27:26.432934: Cycle: 4, Model: 3, val_loss: [0.4496743679046631, 0.34159064292907715, 0.2922946810722351, 0.2736440598964691, 0.2565176486968994]
NAUTILUS=>2021-06-10 18:27:26.432934: Cycle: 4, Model: 3, val_accuracy: [0.8345645070075989, 0.8748964071273804, 0.8965871334075928, 0.9031957387924194, 0.9095373749732971]
NAUTILUS=>2021-06-10 18:27:26.433030: Starting to generating the best model
NAUTILUS=>2021-06-10 18:27:33.957830: Completed generating the best model. Elapsed time: 0:00:07.524800
NAUTILUS=>2021-06-10 18:27:33.957830: Cycle: 4, Best Model: 0
NAUTILUS=>2021-06-10 18:27:33.957830: Cycle: 4, Best model loss: [0.9954246282577515, 0.5512508749961853, 0.40315356850624084, 0.30540019273757935, 0.2146904319524765]
NAUTILUS=>2021-06-10 18:27:33.957830: Cycle: 4, Best model accuracy: [0.6607085466384888, 0.8087973594665527, 0.8626412749290466, 0.9007800221443176, 0.9326201677322388]
NAUTILUS=>2021-06-10 18:27:33.957830: Cycle: 4, Best model val_loss: [0.3324156701564789, 0.2548426687717438, 0.2528800666332245, 0.23583447933197021, 0.23320506513118744]
NAUTILUS=>2021-06-10 18:27:33.957830: Cycle: 4, Best model val_accuracy: [0.8836964964866638, 0.9098818302154541, 0.9095988273620605, 0.9224218726158142, 0.9229169487953186]
NAUTILUS=>2021-06-10 18:27:34.244110: Completed active learning cycle. Elapsed time: 0:02:11.203247
NAUTILUS=>2021-06-10 18:27:34.244127: ========> Active learning cycle: 5
NAUTILUS=>2021-06-10 18:27:34.244130: Starting data loading
NAUTILUS=>2021-06-10 18:28:10.499437: Completed data loading. Elapsed time: 0:00:36.255307
NAUTILUS=>2021-06-10 18:28:10.499456: Starting model selection
NAUTILUS=>2021-06-10 18:28:10.499473: Materializing training data
NAUTILUS=>2021-06-10 18:28:10.730380: Completed materializing training data. Elapsed time: 0:00:00.230907
NAUTILUS=>2021-06-10 18:28:10.730393: Starting model training
NAUTILUS=>2021-06-10 18:30:40.442083: Completed model training. Elapsed time: 0:02:29.711690
NAUTILUS=>2021-06-10 18:30:40.442083: Cycle: 5, Model: 0, loss: [0.9033860564231873, 0.5043670535087585, 0.38360655307769775, 0.27434512972831726, 0.1943770945072174]
NAUTILUS=>2021-06-10 18:30:40.442083: Cycle: 5, Model: 0, accuracy: [0.6927563548088074, 0.8259657025337219, 0.8692654371261597, 0.9110081195831299, 0.9352459907531738]
NAUTILUS=>2021-06-10 18:30:40.442083: Cycle: 5, Model: 0, val_loss: [0.300924688577652, 0.2647363543510437, 0.23699235916137695, 0.22263078391551971, 0.23131650686264038]
NAUTILUS=>2021-06-10 18:30:40.442083: Cycle: 5, Model: 0, val_accuracy: [0.8980159163475037, 0.9111360311508179, 0.9237185716629028, 0.9249404072761536, 0.9260689616203308]
NAUTILUS=>2021-06-10 18:30:40.442083: Cycle: 5, Model: 1, loss: [0.9211716651916504, 0.5381056666374207, 0.4107442796230316, 0.3261446952819824, 0.2675137221813202]
NAUTILUS=>2021-06-10 18:30:40.442083: Cycle: 5, Model: 1, accuracy: [0.6784908175468445, 0.8089242577552795, 0.8562394976615906, 0.8919859528541565, 0.9122416377067566]
NAUTILUS=>2021-06-10 18:30:40.442083: Cycle: 5, Model: 1, val_loss: [0.3291557729244232, 0.25752511620521545, 0.24162417650222778, 0.22309193015098572, 0.22324807941913605]
NAUTILUS=>2021-06-10 18:30:40.442083: Cycle: 5, Model: 1, val_accuracy: [0.8855885863304138, 0.9134153127670288, 0.9188892245292664, 0.9169825911521912, 0.9228240847587585]
NAUTILUS=>2021-06-10 18:30:40.442083: Cycle: 5, Model: 2, loss: [0.9833840727806091, 0.5925784707069397, 0.4618987739086151, 0.3831622302532196, 0.3332880735397339]
NAUTILUS=>2021-06-10 18:30:40.442083: Cycle: 5, Model: 2, accuracy: [0.652134895324707, 0.7834232449531555, 0.8364546298980713, 0.8678326606750488, 0.8877838850021362]
NAUTILUS=>2021-06-10 18:30:40.442083: Cycle: 5, Model: 2, val_loss: [0.38164499402046204, 0.3030356764793396, 0.25301849842071533, 0.2314450889825821, 0.22577905654907227]
NAUTILUS=>2021-06-10 18:30:40.442083: Cycle: 5, Model: 2, val_accuracy: [0.8673407435417175, 0.8914064168930054, 0.9153053164482117, 0.918752133846283, 0.9211666584014893]
NAUTILUS=>2021-06-10 18:30:40.442083: Cycle: 5, Model: 3, loss: [1.0707335472106934, 0.6540769338607788, 0.5169556140899658, 0.44784408807754517, 0.3889617323875427]
NAUTILUS=>2021-06-10 18:30:40.442083: Cycle: 5, Model: 3, accuracy: [0.627604067325592, 0.7594226002693176, 0.8124284148216248, 0.8422470092773438, 0.8664472103118896]
NAUTILUS=>2021-06-10 18:30:40.442083: Cycle: 5, Model: 3, val_loss: [0.43630704283714294, 0.3389934003353119, 0.2762078642845154, 0.2516782879829407, 0.2330653965473175]
NAUTILUS=>2021-06-10 18:30:40.442083: Cycle: 5, Model: 3, val_accuracy: [0.8462052345275879, 0.8740621209144592, 0.9076266288757324, 0.9125056266784668, 0.9203553795814514]
NAUTILUS=>2021-06-10 18:30:40.442180: Starting to generating the best model
NAUTILUS=>2021-06-10 18:30:47.964596: Completed generating the best model. Elapsed time: 0:00:07.522416
NAUTILUS=>2021-06-10 18:30:47.964596: Cycle: 5, Best Model: 0
NAUTILUS=>2021-06-10 18:30:47.964596: Cycle: 5, Best model loss: [0.9033860564231873, 0.5043670535087585, 0.38360655307769775, 0.27434512972831726, 0.1943770945072174]
NAUTILUS=>2021-06-10 18:30:47.964596: Cycle: 5, Best model accuracy: [0.6927563548088074, 0.8259657025337219, 0.8692654371261597, 0.9110081195831299, 0.9352459907531738]
NAUTILUS=>2021-06-10 18:30:47.964596: Cycle: 5, Best model val_loss: [0.300924688577652, 0.2647363543510437, 0.23699235916137695, 0.22263078391551971, 0.23131650686264038]
NAUTILUS=>2021-06-10 18:30:47.964596: Cycle: 5, Best model val_accuracy: [0.8980159163475037, 0.9111360311508179, 0.9237185716629028, 0.9249404072761536, 0.9260689616203308]
NAUTILUS=>2021-06-10 18:30:48.249884: Completed active learning cycle. Elapsed time: 0:02:37.750428
NAUTILUS=>2021-06-10 18:30:48.249901: ========> Active learning cycle: 6
NAUTILUS=>2021-06-10 18:30:48.249905: Starting data loading
NAUTILUS=>2021-06-10 18:31:28.760544: Completed data loading. Elapsed time: 0:00:40.510639
NAUTILUS=>2021-06-10 18:31:28.760561: Starting model selection
NAUTILUS=>2021-06-10 18:31:28.760578: Materializing training data
NAUTILUS=>2021-06-10 18:31:28.989497: Completed materializing training data. Elapsed time: 0:00:00.228919
NAUTILUS=>2021-06-10 18:31:28.989507: Starting model training
NAUTILUS=>2021-06-10 18:34:24.429836: Completed model training. Elapsed time: 0:02:55.440329
NAUTILUS=>2021-06-10 18:34:24.429836: Cycle: 6, Model: 0, loss: [0.7699995636940002, 0.46729740500450134, 0.34611988067626953, 0.253625750541687, 0.17886079847812653]
NAUTILUS=>2021-06-10 18:34:24.429836: Cycle: 6, Model: 0, accuracy: [0.7332609295845032, 0.836654782295227, 0.882404088973999, 0.9170730710029602, 0.9414291381835938]
NAUTILUS=>2021-06-10 18:34:24.429836: Cycle: 6, Model: 0, val_loss: [0.26900723576545715, 0.27336376905441284, 0.22064457833766937, 0.20462530851364136, 0.2029796987771988]
NAUTILUS=>2021-06-10 18:34:24.429836: Cycle: 6, Model: 0, val_accuracy: [0.9032022356987, 0.9055762887001038, 0.9227063059806824, 0.9282943606376648, 0.935974657535553]
NAUTILUS=>2021-06-10 18:34:24.429836: Cycle: 6, Model: 1, loss: [0.8176893591880798, 0.490815669298172, 0.3805437386035919, 0.302152544260025, 0.2410757690668106]
NAUTILUS=>2021-06-10 18:34:24.429836: Cycle: 6, Model: 1, accuracy: [0.7153238654136658, 0.8289418816566467, 0.8681558966636658, 0.8992339968681335, 0.9208688139915466]
NAUTILUS=>2021-06-10 18:34:24.429836: Cycle: 6, Model: 1, val_loss: [0.28159788250923157, 0.2713266611099243, 0.22042053937911987, 0.20118170976638794, 0.21365463733673096]
NAUTILUS=>2021-06-10 18:34:24.429836: Cycle: 6, Model: 1, val_accuracy: [0.8977832198143005, 0.901887834072113, 0.9211146831512451, 0.9260773658752441, 0.9293480515480042]
NAUTILUS=>2021-06-10 18:34:24.429836: Cycle: 6, Model: 2, loss: [0.9023546576499939, 0.5282231569290161, 0.415885329246521, 0.3495444357395172, 0.2946324050426483]
NAUTILUS=>2021-06-10 18:34:24.429836: Cycle: 6, Model: 2, accuracy: [0.6871551275253296, 0.8111495971679688, 0.8528859615325928, 0.8815575242042542, 0.9036868214607239]
NAUTILUS=>2021-06-10 18:34:24.429836: Cycle: 6, Model: 2, val_loss: [0.3203258514404297, 0.27231115102767944, 0.23278813064098358, 0.21696479618549347, 0.21167412400245667]
NAUTILUS=>2021-06-10 18:34:24.429836: Cycle: 6, Model: 2, val_accuracy: [0.8924423456192017, 0.9010679125785828, 0.9180662035942078, 0.9227285981178284, 0.927399218082428]
NAUTILUS=>2021-06-10 18:34:24.429836: Cycle: 6, Model: 3, loss: [0.9761747121810913, 0.5806595683097839, 0.4610274136066437, 0.3930024206638336, 0.34333881735801697]
NAUTILUS=>2021-06-10 18:34:24.429836: Cycle: 6, Model: 3, accuracy: [0.6634566783905029, 0.7886014580726624, 0.8335997462272644, 0.8626193404197693, 0.8848243355751038]
NAUTILUS=>2021-06-10 18:34:24.429836: Cycle: 6, Model: 3, val_loss: [0.36181822419166565, 0.2889702320098877, 0.25638413429260254, 0.22830617427825928, 0.22625477612018585]
NAUTILUS=>2021-06-10 18:34:24.429836: Cycle: 6, Model: 3, val_accuracy: [0.877102255821228, 0.8959393501281738, 0.9149629473686218, 0.9202209711074829, 0.9192693829536438]
NAUTILUS=>2021-06-10 18:34:24.429930: Starting to generating the best model
NAUTILUS=>2021-06-10 18:34:31.839955: Completed generating the best model. Elapsed time: 0:00:07.410025
NAUTILUS=>2021-06-10 18:34:31.839955: Cycle: 6, Best Model: 0
NAUTILUS=>2021-06-10 18:34:31.839955: Cycle: 6, Best model loss: [0.7699995636940002, 0.46729740500450134, 0.34611988067626953, 0.253625750541687, 0.17886079847812653]
NAUTILUS=>2021-06-10 18:34:31.839955: Cycle: 6, Best model accuracy: [0.7332609295845032, 0.836654782295227, 0.882404088973999, 0.9170730710029602, 0.9414291381835938]
NAUTILUS=>2021-06-10 18:34:31.839955: Cycle: 6, Best model val_loss: [0.26900723576545715, 0.27336376905441284, 0.22064457833766937, 0.20462530851364136, 0.2029796987771988]
NAUTILUS=>2021-06-10 18:34:31.839955: Cycle: 6, Best model val_accuracy: [0.9032022356987, 0.9055762887001038, 0.9227063059806824, 0.9282943606376648, 0.935974657535553]
NAUTILUS=>2021-06-10 18:34:32.125154: Completed active learning cycle. Elapsed time: 0:03:03.364593
NAUTILUS=>2021-06-10 18:34:32.125172: ========> Active learning cycle: 7
NAUTILUS=>2021-06-10 18:34:32.125176: Starting data loading
NAUTILUS=>2021-06-10 18:35:04.775146: Completed data loading. Elapsed time: 0:00:32.649970
NAUTILUS=>2021-06-10 18:35:04.775164: Starting model selection
NAUTILUS=>2021-06-10 18:35:04.775181: Materializing training data
NAUTILUS=>2021-06-10 18:35:05.003992: Completed materializing training data. Elapsed time: 0:00:00.228811
NAUTILUS=>2021-06-10 18:35:05.004002: Starting model training
NAUTILUS=>2021-06-10 18:38:26.930218: Completed model training. Elapsed time: 0:03:21.926216
NAUTILUS=>2021-06-10 18:38:26.930218: Cycle: 7, Model: 0, loss: [0.7370707392692566, 0.42231959104537964, 0.32775843143463135, 0.22916780412197113, 0.16840390861034393]
NAUTILUS=>2021-06-10 18:38:26.930218: Cycle: 7, Model: 0, accuracy: [0.7466896176338196, 0.8490498661994934, 0.8854277729988098, 0.9190074801445007, 0.9444797039031982]
NAUTILUS=>2021-06-10 18:38:26.930218: Cycle: 7, Model: 0, val_loss: [0.2544853687286377, 0.21208927035331726, 0.195005401968956, 0.196747288107872, 0.1925678551197052]
NAUTILUS=>2021-06-10 18:38:26.930218: Cycle: 7, Model: 0, val_accuracy: [0.9091011881828308, 0.9305291771888733, 0.931287407875061, 0.9388120770454407, 0.9452528357505798]
NAUTILUS=>2021-06-10 18:38:26.930218: Cycle: 7, Model: 1, loss: [0.7598838806152344, 0.4532560408115387, 0.3597561717033386, 0.28110942244529724, 0.23223227262496948]
NAUTILUS=>2021-06-10 18:38:26.930218: Cycle: 7, Model: 1, accuracy: [0.7323122620582581, 0.8369438052177429, 0.8752140402793884, 0.902571439743042, 0.9245619177818298]
NAUTILUS=>2021-06-10 18:38:26.930218: Cycle: 7, Model: 1, val_loss: [0.27992406487464905, 0.21900272369384766, 0.20050379633903503, 0.20053520798683167, 0.1845807284116745]
NAUTILUS=>2021-06-10 18:38:26.930218: Cycle: 7, Model: 1, val_accuracy: [0.9013920426368713, 0.9248883128166199, 0.9288307428359985, 0.9355098009109497, 0.9389490485191345]
NAUTILUS=>2021-06-10 18:38:26.930218: Cycle: 7, Model: 2, loss: [0.8246559500694275, 0.48750248551368713, 0.39464256167411804, 0.3254963159561157, 0.28465065360069275]
NAUTILUS=>2021-06-10 18:38:26.930218: Cycle: 7, Model: 2, accuracy: [0.7092657685279846, 0.8201881051063538, 0.8626803755760193, 0.886992871761322, 0.9046337008476257]
NAUTILUS=>2021-06-10 18:38:26.930218: Cycle: 7, Model: 2, val_loss: [0.2941969633102417, 0.23788726329803467, 0.21091248095035553, 0.20928272604942322, 0.19218534231185913]
NAUTILUS=>2021-06-10 18:38:26.930218: Cycle: 7, Model: 2, val_accuracy: [0.896246075630188, 0.9186718463897705, 0.924561619758606, 0.9319866895675659, 0.9346780776977539]
NAUTILUS=>2021-06-10 18:38:26.930218: Cycle: 7, Model: 3, loss: [0.9083778858184814, 0.5288093090057373, 0.4337654411792755, 0.36657458543777466, 0.3271160125732422]
NAUTILUS=>2021-06-10 18:38:26.930218: Cycle: 7, Model: 3, accuracy: [0.6833412051200867, 0.8062090873718262, 0.8444611430168152, 0.871008038520813, 0.8867707252502441]
NAUTILUS=>2021-06-10 18:38:26.930218: Cycle: 7, Model: 3, val_loss: [0.32966697216033936, 0.25727298855781555, 0.2242831438779831, 0.22124089300632477, 0.20816947519779205]
NAUTILUS=>2021-06-10 18:38:26.930218: Cycle: 7, Model: 3, val_accuracy: [0.8809782266616821, 0.9119188785552979, 0.9224667549133301, 0.9246944785118103, 0.9287422299385071]
NAUTILUS=>2021-06-10 18:38:26.930314: Starting to generating the best model
NAUTILUS=>2021-06-10 18:38:34.360318: Completed generating the best model. Elapsed time: 0:00:07.430004
NAUTILUS=>2021-06-10 18:38:34.360318: Cycle: 7, Best Model: 0
NAUTILUS=>2021-06-10 18:38:34.360318: Cycle: 7, Best model loss: [0.7370707392692566, 0.42231959104537964, 0.32775843143463135, 0.22916780412197113, 0.16840390861034393]
NAUTILUS=>2021-06-10 18:38:34.360318: Cycle: 7, Best model accuracy: [0.7466896176338196, 0.8490498661994934, 0.8854277729988098, 0.9190074801445007, 0.9444797039031982]
NAUTILUS=>2021-06-10 18:38:34.360318: Cycle: 7, Best model val_loss: [0.2544853687286377, 0.21208927035331726, 0.195005401968956, 0.196747288107872, 0.1925678551197052]
NAUTILUS=>2021-06-10 18:38:34.360318: Cycle: 7, Best model val_accuracy: [0.9091011881828308, 0.9305291771888733, 0.931287407875061, 0.9388120770454407, 0.9452528357505798]
NAUTILUS=>2021-06-10 18:38:34.649928: Completed active learning cycle. Elapsed time: 0:03:29.874764
NAUTILUS=>2021-06-10 18:38:34.649946: ========> Active learning cycle: 8
NAUTILUS=>2021-06-10 18:38:34.649949: Starting data loading
NAUTILUS=>2021-06-10 18:39:10.732633: Completed data loading. Elapsed time: 0:00:36.082684
NAUTILUS=>2021-06-10 18:39:10.732651: Starting model selection
NAUTILUS=>2021-06-10 18:39:10.732668: Materializing training data
NAUTILUS=>2021-06-10 18:39:10.960105: Completed materializing training data. Elapsed time: 0:00:00.227437
NAUTILUS=>2021-06-10 18:39:10.960116: Starting model training
NAUTILUS=>2021-06-10 18:42:59.272279: Completed model training. Elapsed time: 0:03:48.312163
NAUTILUS=>2021-06-10 18:42:59.272279: Cycle: 8, Model: 0, loss: [0.6678990721702576, 0.38652390241622925, 0.2915939390659332, 0.21193188428878784, 0.150083526968956]
NAUTILUS=>2021-06-10 18:42:59.272279: Cycle: 8, Model: 0, accuracy: [0.7636813521385193, 0.8645720481872559, 0.8977277874946594, 0.9266030192375183, 0.9482572674751282]
NAUTILUS=>2021-06-10 18:42:59.272279: Cycle: 8, Model: 0, val_loss: [0.2693864107131958, 0.2173694372177124, 0.18730144202709198, 0.18069462478160858, 0.17865224182605743]
NAUTILUS=>2021-06-10 18:42:59.272279: Cycle: 8, Model: 0, val_accuracy: [0.9063661098480225, 0.9214296936988831, 0.9354215860366821, 0.9394879341125488, 0.9453608989715576]
NAUTILUS=>2021-06-10 18:42:59.272279: Cycle: 8, Model: 1, loss: [0.6895992159843445, 0.41051173210144043, 0.32137516140937805, 0.26004692912101746, 0.20821285247802734]
NAUTILUS=>2021-06-10 18:42:59.272279: Cycle: 8, Model: 1, accuracy: [0.7516728043556213, 0.853442907333374, 0.8869762420654297, 0.9115102291107178, 0.9285542368888855]
NAUTILUS=>2021-06-10 18:42:59.272279: Cycle: 8, Model: 1, val_loss: [0.32430094480514526, 0.22417250275611877, 0.21169108152389526, 0.18286378681659698, 0.18281012773513794]
NAUTILUS=>2021-06-10 18:42:59.272279: Cycle: 8, Model: 1, val_accuracy: [0.8857877850532532, 0.9198960661888123, 0.9283640384674072, 0.9351925849914551, 0.9379875063896179]
NAUTILUS=>2021-06-10 18:42:59.272279: Cycle: 8, Model: 2, loss: [0.7545928359031677, 0.439383864402771, 0.3525882959365845, 0.2995912432670593, 0.2578946053981781]
NAUTILUS=>2021-06-10 18:42:59.272279: Cycle: 8, Model: 2, accuracy: [0.7338537573814392, 0.8407292366027832, 0.8740987181663513, 0.8977404236793518, 0.9122887253761292]
NAUTILUS=>2021-06-10 18:42:59.272279: Cycle: 8, Model: 2, val_loss: [0.3282806873321533, 0.23581962287425995, 0.2115461230278015, 0.189939484000206, 0.1847783625125885]
NAUTILUS=>2021-06-10 18:42:59.272279: Cycle: 8, Model: 2, val_accuracy: [0.8857195377349854, 0.9150488972663879, 0.9279107451438904, 0.9337542057037354, 0.9374262094497681]
NAUTILUS=>2021-06-10 18:42:59.272279: Cycle: 8, Model: 3, loss: [0.8144351840019226, 0.47933077812194824, 0.3878368139266968, 0.33420345187187195, 0.2964339852333069]
NAUTILUS=>2021-06-10 18:42:59.272279: Cycle: 8, Model: 3, accuracy: [0.7118148803710938, 0.8258437514305115, 0.858896791934967, 0.8822746872901917, 0.8987592458724976]
NAUTILUS=>2021-06-10 18:42:59.272279: Cycle: 8, Model: 3, val_loss: [0.33742663264274597, 0.2543799877166748, 0.21839673817157745, 0.20050927996635437, 0.1897905021905899]
NAUTILUS=>2021-06-10 18:42:59.272279: Cycle: 8, Model: 3, val_accuracy: [0.8812341094017029, 0.908923327922821, 0.9236943125724792, 0.9281596541404724, 0.9316286444664001]
NAUTILUS=>2021-06-10 18:42:59.272374: Starting to generating the best model
NAUTILUS=>2021-06-10 18:43:06.767318: Completed generating the best model. Elapsed time: 0:00:07.494944
NAUTILUS=>2021-06-10 18:43:06.767318: Cycle: 8, Best Model: 0
NAUTILUS=>2021-06-10 18:43:06.767318: Cycle: 8, Best model loss: [0.6678990721702576, 0.38652390241622925, 0.2915939390659332, 0.21193188428878784, 0.150083526968956]
NAUTILUS=>2021-06-10 18:43:06.767318: Cycle: 8, Best model accuracy: [0.7636813521385193, 0.8645720481872559, 0.8977277874946594, 0.9266030192375183, 0.9482572674751282]
NAUTILUS=>2021-06-10 18:43:06.767318: Cycle: 8, Best model val_loss: [0.2693864107131958, 0.2173694372177124, 0.18730144202709198, 0.18069462478160858, 0.17865224182605743]
NAUTILUS=>2021-06-10 18:43:06.767318: Cycle: 8, Best model val_accuracy: [0.9063661098480225, 0.9214296936988831, 0.9354215860366821, 0.9394879341125488, 0.9453608989715576]
NAUTILUS=>2021-06-10 18:43:07.056814: Completed active learning cycle. Elapsed time: 0:03:56.324163
NAUTILUS=>2021-06-10 18:43:07.056832: ========> Active learning cycle: 9
NAUTILUS=>2021-06-10 18:43:07.056836: Starting data loading
NAUTILUS=>2021-06-10 18:43:36.288321: Completed data loading. Elapsed time: 0:00:29.231485
NAUTILUS=>2021-06-10 18:43:36.288338: Starting model selection
NAUTILUS=>2021-06-10 18:43:36.288354: Materializing training data
NAUTILUS=>2021-06-10 18:43:36.516737: Completed materializing training data. Elapsed time: 0:00:00.228383
NAUTILUS=>2021-06-10 18:43:36.516750: Starting model training
NAUTILUS=>2021-06-10 18:47:50.850714: Completed model training. Elapsed time: 0:04:14.333964
NAUTILUS=>2021-06-10 18:47:50.850714: Cycle: 9, Model: 0, loss: [0.5965631604194641, 0.34311631321907043, 0.25974664092063904, 0.19353973865509033, 0.1311616152524948]
NAUTILUS=>2021-06-10 18:47:50.850714: Cycle: 9, Model: 0, accuracy: [0.7864130139350891, 0.8758082985877991, 0.9069222211837769, 0.9315833449363708, 0.9550852179527283]
NAUTILUS=>2021-06-10 18:47:50.850714: Cycle: 9, Model: 0, val_loss: [0.2187180370092392, 0.1971423327922821, 0.20661596953868866, 0.17755569517612457, 0.19488587975502014]
NAUTILUS=>2021-06-10 18:47:50.850714: Cycle: 9, Model: 0, val_accuracy: [0.919552206993103, 0.9296431541442871, 0.9282956719398499, 0.9452120065689087, 0.9438122510910034]
NAUTILUS=>2021-06-10 18:47:50.850714: Cycle: 9, Model: 1, loss: [0.6292599439620972, 0.3622440695762634, 0.2877441644668579, 0.23007047176361084, 0.1838318258523941]
NAUTILUS=>2021-06-10 18:47:50.850714: Cycle: 9, Model: 1, accuracy: [0.7720015048980713, 0.8682175874710083, 0.8969971537590027, 0.9187784194946289, 0.9369431138038635]
NAUTILUS=>2021-06-10 18:47:50.850714: Cycle: 9, Model: 1, val_loss: [0.23063921928405762, 0.20289303362369537, 0.21602658927440643, 0.17998681962490082, 0.18666957318782806]
NAUTILUS=>2021-06-10 18:47:50.850714: Cycle: 9, Model: 1, val_accuracy: [0.9148180484771729, 0.9303091764450073, 0.9254733324050903, 0.9402907490730286, 0.9405120015144348]
NAUTILUS=>2021-06-10 18:47:50.850714: Cycle: 9, Model: 2, loss: [0.6773062348365784, 0.389021635055542, 0.31819948554039, 0.2658747136592865, 0.22934624552726746]
NAUTILUS=>2021-06-10 18:47:50.850714: Cycle: 9, Model: 2, accuracy: [0.7555162310600281, 0.8552801609039307, 0.8839164972305298, 0.9030031561851501, 0.9200792908668518]
NAUTILUS=>2021-06-10 18:47:50.850714: Cycle: 9, Model: 2, val_loss: [0.251897931098938, 0.2138516902923584, 0.2126491665840149, 0.18526214361190796, 0.1786421239376068]
NAUTILUS=>2021-06-10 18:47:50.850714: Cycle: 9, Model: 2, val_accuracy: [0.9076189398765564, 0.9255735874176025, 0.9280211329460144, 0.9365789890289307, 0.9385725259780884]
NAUTILUS=>2021-06-10 18:47:50.850714: Cycle: 9, Model: 3, loss: [0.7338938117027283, 0.42440998554229736, 0.3481179475784302, 0.29828450083732605, 0.265615850687027]
NAUTILUS=>2021-06-10 18:47:50.850714: Cycle: 9, Model: 3, accuracy: [0.7364994287490845, 0.8394104242324829, 0.8704695701599121, 0.8897991180419922, 0.906238317489624]
NAUTILUS=>2021-06-10 18:47:50.850714: Cycle: 9, Model: 3, val_loss: [0.28892892599105835, 0.22772565484046936, 0.2153932750225067, 0.19063898921012878, 0.17900876700878143]
NAUTILUS=>2021-06-10 18:47:50.850714: Cycle: 9, Model: 3, val_accuracy: [0.8943546414375305, 0.9202077984809875, 0.923606812953949, 0.9337654113769531, 0.938019871711731]
NAUTILUS=>2021-06-10 18:47:50.850812: Starting to generating the best model
NAUTILUS=>2021-06-10 18:47:58.377813: Completed generating the best model. Elapsed time: 0:00:07.527001
NAUTILUS=>2021-06-10 18:47:58.377813: Cycle: 9, Best Model: 0
NAUTILUS=>2021-06-10 18:47:58.377813: Cycle: 9, Best model loss: [0.5965631604194641, 0.34311631321907043, 0.25974664092063904, 0.19353973865509033, 0.1311616152524948]
NAUTILUS=>2021-06-10 18:47:58.377813: Cycle: 9, Best model accuracy: [0.7864130139350891, 0.8758082985877991, 0.9069222211837769, 0.9315833449363708, 0.9550852179527283]
NAUTILUS=>2021-06-10 18:47:58.377813: Cycle: 9, Best model val_loss: [0.2187180370092392, 0.1971423327922821, 0.20661596953868866, 0.17755569517612457, 0.19488587975502014]
NAUTILUS=>2021-06-10 18:47:58.377813: Cycle: 9, Best model val_accuracy: [0.919552206993103, 0.9296431541442871, 0.9282956719398499, 0.9452120065689087, 0.9438122510910034]
NAUTILUS=>2021-06-10 18:47:58.662771: Completed active learning cycle. Elapsed time: 0:04:22.374433
NAUTILUS=>2021-06-10 18:47:58.662788: ========> Active learning cycle: 10
NAUTILUS=>2021-06-10 18:47:58.662792: Starting data loading
NAUTILUS=>2021-06-10 18:48:30.622289: Completed data loading. Elapsed time: 0:00:31.959497
NAUTILUS=>2021-06-10 18:48:30.622307: Starting model selection
NAUTILUS=>2021-06-10 18:48:30.622324: Materializing training data
NAUTILUS=>2021-06-10 18:48:30.848099: Completed materializing training data. Elapsed time: 0:00:00.225775
NAUTILUS=>2021-06-10 18:48:30.848108: Starting model training
NAUTILUS=>2021-06-10 18:53:10.644071: Completed model training. Elapsed time: 0:04:39.795963
NAUTILUS=>2021-06-10 18:53:10.644071: Cycle: 10, Model: 0, loss: [0.5516305565834045, 0.3229411244392395, 0.24556393921375275, 0.18063044548034668, 0.11922112852334976]
NAUTILUS=>2021-06-10 18:53:10.644071: Cycle: 10, Model: 0, accuracy: [0.8054293990135193, 0.8853685855865479, 0.9153256416320801, 0.9392089247703552, 0.9606240391731262]
NAUTILUS=>2021-06-10 18:53:10.644071: Cycle: 10, Model: 0, val_loss: [0.22516731917858124, 0.21478016674518585, 0.19111278653144836, 0.1782432496547699, 0.16778779029846191]
NAUTILUS=>2021-06-10 18:53:10.644071: Cycle: 10, Model: 0, val_accuracy: [0.923602283000946, 0.9251149892807007, 0.9350199103355408, 0.9443570375442505, 0.9517031908035278]
NAUTILUS=>2021-06-10 18:53:10.644071: Cycle: 10, Model: 1, loss: [0.5829896330833435, 0.34131312370300293, 0.2699067294597626, 0.22211015224456787, 0.17130476236343384]
NAUTILUS=>2021-06-10 18:53:10.644071: Cycle: 10, Model: 1, accuracy: [0.7935066819190979, 0.8765940070152283, 0.906589686870575, 0.9255697727203369, 0.9444898962974548]
NAUTILUS=>2021-06-10 18:53:10.644071: Cycle: 10, Model: 1, val_loss: [0.24059532582759857, 0.2216854989528656, 0.19438999891281128, 0.18075335025787354, 0.17095167934894562]
NAUTILUS=>2021-06-10 18:53:10.644071: Cycle: 10, Model: 1, val_accuracy: [0.913118302822113, 0.9192175269126892, 0.9337361454963684, 0.9401423335075378, 0.9458169341087341]
NAUTILUS=>2021-06-10 18:53:10.644071: Cycle: 10, Model: 2, loss: [0.6325876116752625, 0.3668871521949768, 0.2953733205795288, 0.25401291251182556, 0.21246640384197235]
NAUTILUS=>2021-06-10 18:53:10.644071: Cycle: 10, Model: 2, accuracy: [0.776672899723053, 0.8655316233634949, 0.8949171900749207, 0.912764310836792, 0.9297736287117004]
NAUTILUS=>2021-06-10 18:53:10.644071: Cycle: 10, Model: 2, val_loss: [0.2693588435649872, 0.22517479956150055, 0.19996099174022675, 0.18545874953269958, 0.17363286018371582]
NAUTILUS=>2021-06-10 18:53:10.644071: Cycle: 10, Model: 2, val_accuracy: [0.9060768485069275, 0.9164666533470154, 0.9312052726745605, 0.9379875659942627, 0.9407423734664917]
NAUTILUS=>2021-06-10 18:53:10.644071: Cycle: 10, Model: 3, loss: [0.6801661849021912, 0.39795568585395813, 0.32313352823257446, 0.28250038623809814, 0.24478192627429962]
NAUTILUS=>2021-06-10 18:53:10.644071: Cycle: 10, Model: 3, accuracy: [0.7585189938545227, 0.8533287644386292, 0.8828141093254089, 0.900319516658783, 0.9174931049346924]
NAUTILUS=>2021-06-10 18:53:10.644071: Cycle: 10, Model: 3, val_loss: [0.29138922691345215, 0.2366255223751068, 0.2071593999862671, 0.190482959151268, 0.18011526763439178]
NAUTILUS=>2021-06-10 18:53:10.644071: Cycle: 10, Model: 3, val_accuracy: [0.8990826606750488, 0.9141928553581238, 0.9266679883003235, 0.9340673089027405, 0.9388512969017029]
NAUTILUS=>2021-06-10 18:53:10.644167: Starting to generating the best model
NAUTILUS=>2021-06-10 18:53:18.104953: Completed generating the best model. Elapsed time: 0:00:07.460786
NAUTILUS=>2021-06-10 18:53:18.104953: Cycle: 10, Best Model: 0
NAUTILUS=>2021-06-10 18:53:18.104953: Cycle: 10, Best model loss: [0.5516305565834045, 0.3229411244392395, 0.24556393921375275, 0.18063044548034668, 0.11922112852334976]
NAUTILUS=>2021-06-10 18:53:18.104953: Cycle: 10, Best model accuracy: [0.8054293990135193, 0.8853685855865479, 0.9153256416320801, 0.9392089247703552, 0.9606240391731262]
NAUTILUS=>2021-06-10 18:53:18.104953: Cycle: 10, Best model val_loss: [0.22516731917858124, 0.21478016674518585, 0.19111278653144836, 0.1782432496547699, 0.16778779029846191]
NAUTILUS=>2021-06-10 18:53:18.104953: Cycle: 10, Best model val_accuracy: [0.923602283000946, 0.9251149892807007, 0.9350199103355408, 0.9443570375442505, 0.9517031908035278]
NAUTILUS=>2021-06-10 18:53:18.392912: Completed active learning cycle. Elapsed time: 0:04:47.770605
NAUTILUS=>2021-06-10 18:53:18.392929: Workload completed. Elapsed time: 0:35:13.243578
