NAUTILUS=>2021-06-10 20:09:06.380045: Starting workload
NAUTILUS=>2021-06-10 20:09:06.380045: RANDOM_SEED: 2020
NAUTILUS=>2021-06-10 20:09:06.380045: VERY_LARGE_VALUE: 1000000000000000.0
NAUTILUS=>2021-06-10 20:09:06.380045: NO_MAT_OPT: True
NAUTILUS=>2021-06-10 20:09:06.380045: MODE: ftr3-5
NAUTILUS=>2021-06-10 20:09:06.380045: STORAGE_PATH: ./storage
NAUTILUS=>2021-06-10 20:09:06.380045: NO_FUSE_OPT: False
NAUTILUS=>2021-06-10 20:09:06.380045: NUM_EPOCHS: 5
NAUTILUS=>2021-06-10 20:09:06.380045: MAX_NUM_RECORDS: 5000
NAUTILUS=>2021-06-10 20:09:06.380045: ACTIVE_LEARNING_BATCH_SIZE: 500
NAUTILUS=>2021-06-10 20:09:06.380045: VALID_FRACTION: 0.2
NAUTILUS=>2021-06-10 20:09:06.380045: SAMPLING_STRATERGY: uncertainty
NAUTILUS=>2021-06-10 20:09:06.380045: NO_PRETRAINING: False
NAUTILUS=>2021-06-10 20:09:06.380045: STORAGE_BUDGET: 25
NAUTILUS=>2021-06-10 20:09:06.380045: MEMORY_BUDGET: 10
NAUTILUS=>2021-06-10 20:09:06.380045: WORKSPACE_MEMORY: 1
NAUTILUS=>2021-06-10 20:09:06.380045: COMPUTE_THROUGHPUT: 6
NAUTILUS=>2021-06-10 20:09:06.380045: DISK_THROUGHPUT: 500
NAUTILUS=>2021-06-10 20:09:06.380045: SHUFFLE_BUFFER_SIZE: 10000
NAUTILUS=>2021-06-10 20:09:06.380095: Starting system initialization
NAUTILUS=>2021-06-10 20:09:07.144613: Starting model profiling
NAUTILUS=>2021-06-10 20:09:51.381212: Completed model profiling. Elapsed time: 0:00:44.236596
NAUTILUS=>2021-06-10 20:09:51.381212: Model parameters
NAUTILUS=>2021-06-10 20:09:51.381290: Generating optimized model selection plan
NAUTILUS=>2021-06-10 20:09:51.638107: Used materialized layers: 
NAUTILUS=>2021-06-10 20:09:51.638107: Model training plan: {"2_3_4_0_1": {"models": ["2", "3", "4", "0", "1"], "output_layers": ["2/classifier", "3/classifier", "4/classifier", "0/classifier", "1/classifier"], "flops_consumption": 1488069760325000.0, "compute_flops": 1487630307200000.0, "load_flops": 439453125000.0, "memory_consumption": 3.7835579067468643, "used_materialized_layers": [], "batch_size": 16, "num_epochs": [5, 5, 5, 5, 5], "flops_reduction": 560644624325000.0, "merged_models": ["2_3", "4_0_1"]}}
NAUTILUS=>2021-06-10 20:09:51.638219: Completed generating optimized model selection plan. Elapsed time: 0:00:00.256928
NAUTILUS=>2021-06-10 20:09:51.638225: Generating fused models
NAUTILUS=>2021-06-10 20:10:06.560732: Completed generating fused models. Elapsed time: 0:00:14.922506
NAUTILUS=>2021-06-10 20:10:06.560732: Current Practice FLOPs: 745690198400.0
NAUTILUS=>2021-06-10 20:10:06.560732: Optimal FLOPs: 185485027200.0
NAUTILUS=>2021-06-10 20:10:06.560732: Theoretical Speedup: 4.020217748335861
NAUTILUS=>2021-06-10 20:10:06.615448: Completed system initialization. Elapsed time: 0:01:00.235353
NAUTILUS=>2021-06-10 20:10:06.615472: ========> Active learning cycle: 1
NAUTILUS=>2021-06-10 20:10:06.615476: Starting data loading
NAUTILUS=>2021-06-10 20:10:22.576004: Completed data loading. Elapsed time: 0:00:15.960528
NAUTILUS=>2021-06-10 20:10:22.576030: Starting model selection
NAUTILUS=>2021-06-10 20:10:22.576049: Materializing training data
NAUTILUS=>2021-06-10 20:10:22.818959: Completed materializing training data. Elapsed time: 0:00:00.242910
NAUTILUS=>2021-06-10 20:10:22.818973: Starting model training
NAUTILUS=>2021-06-10 20:11:12.646061: Completed model training. Elapsed time: 0:00:49.827088
NAUTILUS=>2021-06-10 20:11:12.646061: Cycle: 1, Model: 2, loss: [1.10059654712677, 0.47445783019065857, 0.3396696448326111, 0.2579960525035858, 0.2015160620212555]
NAUTILUS=>2021-06-10 20:11:12.646061: Cycle: 1, Model: 2, accuracy: [0.6883387565612793, 0.8442584276199341, 0.8858430981636047, 0.9036238193511963, 0.9335419535636902]
NAUTILUS=>2021-06-10 20:11:12.646061: Cycle: 1, Model: 2, val_loss: [0.6876409649848938, 0.47299858927726746, 0.41176071763038635, 0.3972280025482178, 0.38042232394218445]
NAUTILUS=>2021-06-10 20:11:12.646061: Cycle: 1, Model: 2, val_accuracy: [0.7769367694854736, 0.828457236289978, 0.848990797996521, 0.8405357599258423, 0.8534486889839172]
NAUTILUS=>2021-06-10 20:11:12.646061: Cycle: 1, Model: 3, loss: [1.230085849761963, 0.5972630977630615, 0.42791736125946045, 0.32653626799583435, 0.26702556014060974]
NAUTILUS=>2021-06-10 20:11:12.646061: Cycle: 1, Model: 3, accuracy: [0.6550421118736267, 0.8016746044158936, 0.8581827282905579, 0.8822500109672546, 0.9073532819747925]
NAUTILUS=>2021-06-10 20:11:12.646061: Cycle: 1, Model: 3, val_loss: [0.7879536151885986, 0.5699779391288757, 0.46627694368362427, 0.42160212993621826, 0.40840327739715576]
NAUTILUS=>2021-06-10 20:11:12.646061: Cycle: 1, Model: 3, val_accuracy: [0.7376022934913635, 0.8131635785102844, 0.8351553082466125, 0.8348590135574341, 0.8504737615585327]
NAUTILUS=>2021-06-10 20:11:12.646061: Cycle: 1, Model: 4, loss: [1.4442538022994995, 0.7571901679039001, 0.575131356716156, 0.4598168134689331, 0.396043598651886]
NAUTILUS=>2021-06-10 20:11:12.646061: Cycle: 1, Model: 4, accuracy: [0.5854167342185974, 0.7638876438140869, 0.815849244594574, 0.8443979620933533, 0.868113100528717]
NAUTILUS=>2021-06-10 20:11:12.646061: Cycle: 1, Model: 4, val_loss: [0.9263855218887329, 0.6977769732475281, 0.5863044857978821, 0.5179455280303955, 0.48334312438964844]
NAUTILUS=>2021-06-10 20:11:12.646061: Cycle: 1, Model: 4, val_accuracy: [0.7198834419250488, 0.7680156826972961, 0.8010299205780029, 0.8242951035499573, 0.8330217003822327]
NAUTILUS=>2021-06-10 20:11:12.646061: Cycle: 1, Model: 0, loss: [0.828880786895752, 0.2970868945121765, 0.1905224621295929, 0.12513619661331177, 0.08048417419195175]
NAUTILUS=>2021-06-10 20:11:12.646061: Cycle: 1, Model: 0, accuracy: [0.7468414902687073, 0.8900124430656433, 0.9346765279769897, 0.9563759565353394, 0.9700300097465515]
NAUTILUS=>2021-06-10 20:11:12.646061: Cycle: 1, Model: 0, val_loss: [0.46392127871513367, 0.41468507051467896, 0.35327720642089844, 0.3933575451374054, 0.37415358424186707]
NAUTILUS=>2021-06-10 20:11:12.646061: Cycle: 1, Model: 0, val_accuracy: [0.8359349966049194, 0.8561877608299255, 0.8714163899421692, 0.8704221248626709, 0.8852939605712891]
NAUTILUS=>2021-06-10 20:11:12.646061: Cycle: 1, Model: 1, loss: [1.004594087600708, 0.4065803587436676, 0.28088250756263733, 0.1944686323404312, 0.1432686448097229]
NAUTILUS=>2021-06-10 20:11:12.646061: Cycle: 1, Model: 1, accuracy: [0.7063083052635193, 0.8641493320465088, 0.9058865904808044, 0.9262921214103699, 0.9485536217689514]
NAUTILUS=>2021-06-10 20:11:12.646061: Cycle: 1, Model: 1, val_loss: [0.5762648582458496, 0.4119471609592438, 0.3756779134273529, 0.36078953742980957, 0.36561131477355957]
NAUTILUS=>2021-06-10 20:11:12.646061: Cycle: 1, Model: 1, val_accuracy: [0.8098840117454529, 0.8507524728775024, 0.8563680052757263, 0.869193971157074, 0.8720411062240601]
NAUTILUS=>2021-06-10 20:11:12.646175: Starting to generating the best model
NAUTILUS=>2021-06-10 20:11:20.337060: Completed generating the best model. Elapsed time: 0:00:07.690885
NAUTILUS=>2021-06-10 20:11:20.337060: Cycle: 1, Best Model: 0
NAUTILUS=>2021-06-10 20:11:20.337060: Cycle: 1, Best model loss: [0.828880786895752, 0.2970868945121765, 0.1905224621295929, 0.12513619661331177, 0.08048417419195175]
NAUTILUS=>2021-06-10 20:11:20.337060: Cycle: 1, Best model accuracy: [0.7468414902687073, 0.8900124430656433, 0.9346765279769897, 0.9563759565353394, 0.9700300097465515]
NAUTILUS=>2021-06-10 20:11:20.337060: Cycle: 1, Best model val_loss: [0.46392127871513367, 0.41468507051467896, 0.35327720642089844, 0.3933575451374054, 0.37415358424186707]
NAUTILUS=>2021-06-10 20:11:20.337060: Cycle: 1, Best model val_accuracy: [0.8359349966049194, 0.8561877608299255, 0.8714163899421692, 0.8704221248626709, 0.8852939605712891]
NAUTILUS=>2021-06-10 20:11:20.624096: Completed active learning cycle. Elapsed time: 0:00:58.048066
NAUTILUS=>2021-06-10 20:11:20.624114: ========> Active learning cycle: 2
NAUTILUS=>2021-06-10 20:11:20.624117: Starting data loading
NAUTILUS=>2021-06-10 20:12:09.346030: Completed data loading. Elapsed time: 0:00:48.721913
NAUTILUS=>2021-06-10 20:12:09.346047: Starting model selection
NAUTILUS=>2021-06-10 20:12:09.346064: Materializing training data
NAUTILUS=>2021-06-10 20:12:09.571292: Completed materializing training data. Elapsed time: 0:00:00.225228
NAUTILUS=>2021-06-10 20:12:09.571303: Starting model training
NAUTILUS=>2021-06-10 20:13:28.677760: Completed model training. Elapsed time: 0:01:19.106457
NAUTILUS=>2021-06-10 20:13:28.677760: Cycle: 2, Model: 2, loss: [1.1710573434829712, 0.594035804271698, 0.4166698455810547, 0.3269308805465698, 0.24684351682662964]
NAUTILUS=>2021-06-10 20:13:28.677760: Cycle: 2, Model: 2, accuracy: [0.5746650695800781, 0.7590763568878174, 0.8437793850898743, 0.8772196769714355, 0.906093418598175]
NAUTILUS=>2021-06-10 20:13:28.677760: Cycle: 2, Model: 2, val_loss: [0.5098970532417297, 0.384104460477829, 0.3192782402038574, 0.3005669116973877, 0.27994731068611145]
NAUTILUS=>2021-06-10 20:13:28.677760: Cycle: 2, Model: 2, val_accuracy: [0.8162043690681458, 0.8690874576568604, 0.8832870721817017, 0.9080027937889099, 0.9080075621604919]
NAUTILUS=>2021-06-10 20:13:28.677760: Cycle: 2, Model: 3, loss: [1.2702641487121582, 0.687014102935791, 0.504310667514801, 0.41127341985702515, 0.33217594027519226]
NAUTILUS=>2021-06-10 20:13:28.677760: Cycle: 2, Model: 3, accuracy: [0.5490967035293579, 0.7168906927108765, 0.8053242564201355, 0.8456637859344482, 0.8711362481117249]
NAUTILUS=>2021-06-10 20:13:28.677760: Cycle: 2, Model: 3, val_loss: [0.5931739807128906, 0.4284386932849884, 0.36116084456443787, 0.3322778642177582, 0.3065923750400543]
NAUTILUS=>2021-06-10 20:13:28.677760: Cycle: 2, Model: 3, val_accuracy: [0.7932661175727844, 0.8485016822814941, 0.8722827434539795, 0.8984524011611938, 0.9016739726066589]
NAUTILUS=>2021-06-10 20:13:28.677760: Cycle: 2, Model: 4, loss: [1.4514529705047607, 0.8877493143081665, 0.7038898468017578, 0.5856075286865234, 0.49603405594825745]
NAUTILUS=>2021-06-10 20:13:28.677760: Cycle: 2, Model: 4, accuracy: [0.5097699165344238, 0.6348280906677246, 0.7065922021865845, 0.7642958164215088, 0.8128173351287842]
NAUTILUS=>2021-06-10 20:13:28.677760: Cycle: 2, Model: 4, val_loss: [0.7447060942649841, 0.557397186756134, 0.4715611934661865, 0.41560637950897217, 0.3818432688713074]
NAUTILUS=>2021-06-10 20:13:28.677760: Cycle: 2, Model: 4, val_accuracy: [0.7591143250465393, 0.8084850311279297, 0.8386863470077515, 0.8604696393013, 0.8773206472396851]
NAUTILUS=>2021-06-10 20:13:28.677760: Cycle: 2, Model: 0, loss: [0.9820088148117065, 0.42822331190109253, 0.27448880672454834, 0.1911427527666092, 0.1252221316099167]
NAUTILUS=>2021-06-10 20:13:28.677760: Cycle: 2, Model: 0, accuracy: [0.6411345601081848, 0.8296785950660706, 0.8881787657737732, 0.9303540587425232, 0.9543465375900269]
NAUTILUS=>2021-06-10 20:13:28.677760: Cycle: 2, Model: 0, val_loss: [0.378217875957489, 0.3470527231693268, 0.29616519808769226, 0.28355541825294495, 0.3051360249519348]
NAUTILUS=>2021-06-10 20:13:28.677760: Cycle: 2, Model: 0, val_accuracy: [0.8639460802078247, 0.8841715455055237, 0.9048786163330078, 0.9142364263534546, 0.9139883518218994]
NAUTILUS=>2021-06-10 20:13:28.677760: Cycle: 2, Model: 1, loss: [1.0316306352615356, 0.49598369002342224, 0.33836865425109863, 0.2519089877605438, 0.17347855865955353]
NAUTILUS=>2021-06-10 20:13:28.677760: Cycle: 2, Model: 1, accuracy: [0.6214208006858826, 0.8046935200691223, 0.8720493316650391, 0.9077181816101074, 0.9331250190734863]
NAUTILUS=>2021-06-10 20:13:28.677760: Cycle: 2, Model: 1, val_loss: [0.4488494396209717, 0.3552570044994354, 0.29430288076400757, 0.2883753776550293, 0.2760796844959259]
NAUTILUS=>2021-06-10 20:13:28.677760: Cycle: 2, Model: 1, val_accuracy: [0.8425663709640503, 0.8833434581756592, 0.8984968066215515, 0.9134674668312073, 0.9148668646812439]
NAUTILUS=>2021-06-10 20:13:28.677873: Starting to generating the best model
NAUTILUS=>2021-06-10 20:13:36.349377: Completed generating the best model. Elapsed time: 0:00:07.671504
NAUTILUS=>2021-06-10 20:13:36.349377: Cycle: 2, Best Model: 1
NAUTILUS=>2021-06-10 20:13:36.349377: Cycle: 2, Best model loss: [1.0316306352615356, 0.49598369002342224, 0.33836865425109863, 0.2519089877605438, 0.17347855865955353]
NAUTILUS=>2021-06-10 20:13:36.349377: Cycle: 2, Best model accuracy: [0.6214208006858826, 0.8046935200691223, 0.8720493316650391, 0.9077181816101074, 0.9331250190734863]
NAUTILUS=>2021-06-10 20:13:36.349377: Cycle: 2, Best model val_loss: [0.4488494396209717, 0.3552570044994354, 0.29430288076400757, 0.2883753776550293, 0.2760796844959259]
NAUTILUS=>2021-06-10 20:13:36.349377: Cycle: 2, Best model val_accuracy: [0.8425663709640503, 0.8833434581756592, 0.8984968066215515, 0.9134674668312073, 0.9148668646812439]
NAUTILUS=>2021-06-10 20:13:36.634858: Completed active learning cycle. Elapsed time: 0:01:27.288811
NAUTILUS=>2021-06-10 20:13:36.634875: ========> Active learning cycle: 3
NAUTILUS=>2021-06-10 20:13:36.634879: Starting data loading
NAUTILUS=>2021-06-10 20:14:16.415411: Completed data loading. Elapsed time: 0:00:39.780532
NAUTILUS=>2021-06-10 20:14:16.415427: Starting model selection
NAUTILUS=>2021-06-10 20:14:16.415445: Materializing training data
NAUTILUS=>2021-06-10 20:14:16.646275: Completed materializing training data. Elapsed time: 0:00:00.230830
NAUTILUS=>2021-06-10 20:14:16.646286: Starting model training
NAUTILUS=>2021-06-10 20:16:04.568315: Completed model training. Elapsed time: 0:01:47.922029
NAUTILUS=>2021-06-10 20:16:04.568315: Cycle: 3, Model: 2, loss: [1.1735774278640747, 0.641319215297699, 0.4948524534702301, 0.40294119715690613, 0.32845836877822876]
NAUTILUS=>2021-06-10 20:16:04.568315: Cycle: 3, Model: 2, accuracy: [0.5799587965011597, 0.7489868998527527, 0.8102654814720154, 0.8545003533363342, 0.8838516473770142]
NAUTILUS=>2021-06-10 20:16:04.568315: Cycle: 3, Model: 2, val_loss: [0.4711654782295227, 0.3578032851219177, 0.30111512541770935, 0.2722242474555969, 0.2651253640651703]
NAUTILUS=>2021-06-10 20:16:04.568315: Cycle: 3, Model: 2, val_accuracy: [0.8245394229888916, 0.8735413551330566, 0.8958663940429688, 0.908065915107727, 0.9127779006958008]
NAUTILUS=>2021-06-10 20:16:04.568315: Cycle: 3, Model: 3, loss: [1.2740963697433472, 0.7290970087051392, 0.5688762664794922, 0.4731394052505493, 0.39152491092681885]
NAUTILUS=>2021-06-10 20:16:04.568315: Cycle: 3, Model: 3, accuracy: [0.552980363368988, 0.709290087223053, 0.7811144590377808, 0.8209673762321472, 0.8599015474319458]
NAUTILUS=>2021-06-10 20:16:04.568315: Cycle: 3, Model: 3, val_loss: [0.5326259136199951, 0.38871270418167114, 0.3408457934856415, 0.2993692457675934, 0.2865809500217438]
NAUTILUS=>2021-06-10 20:16:04.568315: Cycle: 3, Model: 3, val_accuracy: [0.8026888966560364, 0.8707200288772583, 0.8839210271835327, 0.8947696089744568, 0.9023990035057068]
NAUTILUS=>2021-06-10 20:16:04.568315: Cycle: 3, Model: 4, loss: [1.4720408916473389, 0.9114351272583008, 0.7335008382797241, 0.621576726436615, 0.5369024276733398]
NAUTILUS=>2021-06-10 20:16:04.568315: Cycle: 3, Model: 4, accuracy: [0.5054181218147278, 0.6358165740966797, 0.7071478962898254, 0.7623903155326843, 0.7964763641357422]
NAUTILUS=>2021-06-10 20:16:04.568315: Cycle: 3, Model: 4, val_loss: [0.6755903363227844, 0.5074070692062378, 0.4186757504940033, 0.37534114718437195, 0.34021955728530884]
NAUTILUS=>2021-06-10 20:16:04.568315: Cycle: 3, Model: 4, val_accuracy: [0.772091805934906, 0.8268014788627625, 0.857086181640625, 0.8703606128692627, 0.8861374855041504]
NAUTILUS=>2021-06-10 20:16:04.568315: Cycle: 3, Model: 0, loss: [1.050710916519165, 0.5033090710639954, 0.3407381772994995, 0.2735863924026489, 0.1836094856262207]
NAUTILUS=>2021-06-10 20:16:04.568315: Cycle: 3, Model: 0, accuracy: [0.6389156579971313, 0.8102914094924927, 0.8764285445213318, 0.9025121331214905, 0.9408676028251648]
NAUTILUS=>2021-06-10 20:16:04.568315: Cycle: 3, Model: 0, val_loss: [0.36430713534355164, 0.25770995020866394, 0.28084877133369446, 0.3071657717227936, 0.29371631145477295]
NAUTILUS=>2021-06-10 20:16:04.568315: Cycle: 3, Model: 0, val_accuracy: [0.866638720035553, 0.9088951349258423, 0.9155575633049011, 0.9189569354057312, 0.9139968752861023]
NAUTILUS=>2021-06-10 20:16:04.568315: Cycle: 3, Model: 1, loss: [1.0783882141113281, 0.5539801120758057, 0.41034072637557983, 0.3224407732486725, 0.24361225962638855]
NAUTILUS=>2021-06-10 20:16:04.568315: Cycle: 3, Model: 1, accuracy: [0.6114398241043091, 0.7815563082695007, 0.8466833233833313, 0.8862652778625488, 0.9209495186805725]
NAUTILUS=>2021-06-10 20:16:04.568315: Cycle: 3, Model: 1, val_loss: [0.3908446729183197, 0.3065914809703827, 0.262494832277298, 0.2744654715061188, 0.25558269023895264]
NAUTILUS=>2021-06-10 20:16:04.568315: Cycle: 3, Model: 1, val_accuracy: [0.8673787713050842, 0.8960530757904053, 0.910903811454773, 0.9131661057472229, 0.9138773679733276]
NAUTILUS=>2021-06-10 20:16:04.568429: Starting to generating the best model
NAUTILUS=>2021-06-10 20:16:12.224173: Completed generating the best model. Elapsed time: 0:00:07.655744
NAUTILUS=>2021-06-10 20:16:12.224173: Cycle: 3, Best Model: 0
NAUTILUS=>2021-06-10 20:16:12.224173: Cycle: 3, Best model loss: [1.050710916519165, 0.5033090710639954, 0.3407381772994995, 0.2735863924026489, 0.1836094856262207]
NAUTILUS=>2021-06-10 20:16:12.224173: Cycle: 3, Best model accuracy: [0.6389156579971313, 0.8102914094924927, 0.8764285445213318, 0.9025121331214905, 0.9408676028251648]
NAUTILUS=>2021-06-10 20:16:12.224173: Cycle: 3, Best model val_loss: [0.36430713534355164, 0.25770995020866394, 0.28084877133369446, 0.3071657717227936, 0.29371631145477295]
NAUTILUS=>2021-06-10 20:16:12.224173: Cycle: 3, Best model val_accuracy: [0.866638720035553, 0.9088951349258423, 0.9155575633049011, 0.9189569354057312, 0.9139968752861023]
NAUTILUS=>2021-06-10 20:16:12.516708: Completed active learning cycle. Elapsed time: 0:01:56.101281
NAUTILUS=>2021-06-10 20:16:12.516726: ========> Active learning cycle: 4
NAUTILUS=>2021-06-10 20:16:12.516729: Starting data loading
NAUTILUS=>2021-06-10 20:16:57.277091: Completed data loading. Elapsed time: 0:00:44.760362
NAUTILUS=>2021-06-10 20:16:57.277121: Starting model selection
NAUTILUS=>2021-06-10 20:16:57.277138: Materializing training data
NAUTILUS=>2021-06-10 20:16:57.501723: Completed materializing training data. Elapsed time: 0:00:00.224585
NAUTILUS=>2021-06-10 20:16:57.501734: Starting model training
NAUTILUS=>2021-06-10 20:19:14.547627: Completed model training. Elapsed time: 0:02:17.045893
NAUTILUS=>2021-06-10 20:19:14.547627: Cycle: 4, Model: 2, loss: [1.0899462699890137, 0.6413844227790833, 0.4948538839817047, 0.41406792402267456, 0.344333291053772]
NAUTILUS=>2021-06-10 20:19:14.547627: Cycle: 4, Model: 2, accuracy: [0.6264644265174866, 0.765727162361145, 0.8239339590072632, 0.8567831516265869, 0.8847637176513672]
NAUTILUS=>2021-06-10 20:19:14.547627: Cycle: 4, Model: 2, val_loss: [0.3959845304489136, 0.31839993596076965, 0.2684658169746399, 0.25137320160865784, 0.2544252872467041]
NAUTILUS=>2021-06-10 20:19:14.547627: Cycle: 4, Model: 2, val_accuracy: [0.8549231886863708, 0.8806942701339722, 0.9059680104255676, 0.9148151278495789, 0.9107865691184998]
NAUTILUS=>2021-06-10 20:19:14.547627: Cycle: 4, Model: 3, loss: [1.14566171169281, 0.7037776708602905, 0.556575357913971, 0.47423991560935974, 0.40669649839401245]
NAUTILUS=>2021-06-10 20:19:14.547627: Cycle: 4, Model: 3, accuracy: [0.6061057448387146, 0.7352779507637024, 0.7998547554016113, 0.833020031452179, 0.8596632480621338]
NAUTILUS=>2021-06-10 20:19:14.547627: Cycle: 4, Model: 3, val_loss: [0.4496743679046631, 0.34159064292907715, 0.2922947108745575, 0.2736440598964691, 0.2565176486968994]
NAUTILUS=>2021-06-10 20:19:14.547627: Cycle: 4, Model: 3, val_accuracy: [0.8345645070075989, 0.8748964071273804, 0.8965871334075928, 0.9031957387924194, 0.9095373749732971]
NAUTILUS=>2021-06-10 20:19:14.547627: Cycle: 4, Model: 4, loss: [1.3192907571792603, 0.8500627875328064, 0.7018402814865112, 0.6061093807220459, 0.5384342670440674]
NAUTILUS=>2021-06-10 20:19:14.547627: Cycle: 4, Model: 4, accuracy: [0.5574961304664612, 0.675538957118988, 0.7367743849754333, 0.7800968885421753, 0.807913601398468]
NAUTILUS=>2021-06-10 20:19:14.547627: Cycle: 4, Model: 4, val_loss: [0.5742363929748535, 0.44743990898132324, 0.37383270263671875, 0.3209677040576935, 0.30229777097702026]
NAUTILUS=>2021-06-10 20:19:14.547627: Cycle: 4, Model: 4, val_accuracy: [0.7966245412826538, 0.8349269032478333, 0.8700713515281677, 0.8905038237571716, 0.8967824578285217]
NAUTILUS=>2021-06-10 20:19:14.547627: Cycle: 4, Model: 0, loss: [0.9954246282577515, 0.5512508153915405, 0.40315356850624084, 0.3054001033306122, 0.2146904319524765]
NAUTILUS=>2021-06-10 20:19:14.547627: Cycle: 4, Model: 0, accuracy: [0.6607085466384888, 0.8087973594665527, 0.8626412749290466, 0.9007800221443176, 0.9326201677322388]
NAUTILUS=>2021-06-10 20:19:14.547627: Cycle: 4, Model: 0, val_loss: [0.33241569995880127, 0.2548426687717438, 0.2528800666332245, 0.23583446443080902, 0.23320512473583221]
NAUTILUS=>2021-06-10 20:19:14.547627: Cycle: 4, Model: 0, val_accuracy: [0.8836964964866638, 0.9098818302154541, 0.9095988273620605, 0.9224218726158142, 0.9229169487953186]
NAUTILUS=>2021-06-10 20:19:14.547627: Cycle: 4, Model: 1, loss: [1.001509428024292, 0.5832325220108032, 0.43986427783966064, 0.3569352626800537, 0.2737649381160736]
NAUTILUS=>2021-06-10 20:19:14.547627: Cycle: 4, Model: 1, accuracy: [0.6574764251708984, 0.7933529019355774, 0.8438103199005127, 0.8796484470367432, 0.9128134846687317]
NAUTILUS=>2021-06-10 20:19:14.547627: Cycle: 4, Model: 1, val_loss: [0.34195423126220703, 0.26726189255714417, 0.25359395146369934, 0.23509535193443298, 0.23659701645374298]
NAUTILUS=>2021-06-10 20:19:14.547627: Cycle: 4, Model: 1, val_accuracy: [0.8801698088645935, 0.9056617617607117, 0.912513256072998, 0.9193992614746094, 0.9166221618652344]
NAUTILUS=>2021-06-10 20:19:14.547772: Starting to generating the best model
NAUTILUS=>2021-06-10 20:19:22.171899: Completed generating the best model. Elapsed time: 0:00:07.624127
NAUTILUS=>2021-06-10 20:19:22.171899: Cycle: 4, Best Model: 0
NAUTILUS=>2021-06-10 20:19:22.171899: Cycle: 4, Best model loss: [0.9954246282577515, 0.5512508153915405, 0.40315356850624084, 0.3054001033306122, 0.2146904319524765]
NAUTILUS=>2021-06-10 20:19:22.171899: Cycle: 4, Best model accuracy: [0.6607085466384888, 0.8087973594665527, 0.8626412749290466, 0.9007800221443176, 0.9326201677322388]
NAUTILUS=>2021-06-10 20:19:22.171899: Cycle: 4, Best model val_loss: [0.33241569995880127, 0.2548426687717438, 0.2528800666332245, 0.23583446443080902, 0.23320512473583221]
NAUTILUS=>2021-06-10 20:19:22.171899: Cycle: 4, Best model val_accuracy: [0.8836964964866638, 0.9098818302154541, 0.9095988273620605, 0.9224218726158142, 0.9229169487953186]
NAUTILUS=>2021-06-10 20:19:22.458925: Completed active learning cycle. Elapsed time: 0:02:25.181804
NAUTILUS=>2021-06-10 20:19:22.458942: ========> Active learning cycle: 5
NAUTILUS=>2021-06-10 20:19:22.458946: Starting data loading
NAUTILUS=>2021-06-10 20:19:58.721409: Completed data loading. Elapsed time: 0:00:36.262463
NAUTILUS=>2021-06-10 20:19:58.721425: Starting model selection
NAUTILUS=>2021-06-10 20:19:58.721442: Materializing training data
NAUTILUS=>2021-06-10 20:19:58.947870: Completed materializing training data. Elapsed time: 0:00:00.226428
NAUTILUS=>2021-06-10 20:19:58.947881: Starting model training
NAUTILUS=>2021-06-10 20:22:44.404786: Completed model training. Elapsed time: 0:02:45.456905
NAUTILUS=>2021-06-10 20:22:44.404786: Cycle: 5, Model: 2, loss: [0.9837369322776794, 0.5928076505661011, 0.46222618222236633, 0.38326600193977356, 0.3335665762424469]
NAUTILUS=>2021-06-10 20:22:44.404786: Cycle: 5, Model: 2, accuracy: [0.6523900628089905, 0.7841020226478577, 0.8357023000717163, 0.8674660325050354, 0.8877460956573486]
NAUTILUS=>2021-06-10 20:22:44.404786: Cycle: 5, Model: 2, val_loss: [0.38178545236587524, 0.30296090245246887, 0.25303134322166443, 0.23128250241279602, 0.22552983462810516]
NAUTILUS=>2021-06-10 20:22:44.404786: Cycle: 5, Model: 2, val_accuracy: [0.8667240738868713, 0.8918328285217285, 0.9155842661857605, 0.9192699193954468, 0.9214889407157898]
NAUTILUS=>2021-06-10 20:22:44.404786: Cycle: 5, Model: 3, loss: [1.0712227821350098, 0.6541072130203247, 0.5170496106147766, 0.4478157162666321, 0.38911890983581543]
NAUTILUS=>2021-06-10 20:22:44.404786: Cycle: 5, Model: 3, accuracy: [0.6276302337646484, 0.7591726779937744, 0.8125787973403931, 0.842388391494751, 0.8668190836906433]
NAUTILUS=>2021-06-10 20:22:44.404786: Cycle: 5, Model: 3, val_loss: [0.43671664595603943, 0.3390602171421051, 0.27620643377304077, 0.25125154852867126, 0.2330128699541092]
NAUTILUS=>2021-06-10 20:22:44.404786: Cycle: 5, Model: 3, val_accuracy: [0.8460209369659424, 0.8739712238311768, 0.9075294137001038, 0.912107527256012, 0.9200887680053711]
NAUTILUS=>2021-06-10 20:22:44.404786: Cycle: 5, Model: 4, loss: [1.2355167865753174, 0.800183117389679, 0.650202751159668, 0.5628163814544678, 0.5006589889526367]
NAUTILUS=>2021-06-10 20:22:44.404786: Cycle: 5, Model: 4, accuracy: [0.581358015537262, 0.7010179758071899, 0.7608394622802734, 0.7992652058601379, 0.8219591379165649]
NAUTILUS=>2021-06-10 20:22:44.404786: Cycle: 5, Model: 4, val_loss: [0.5457780957221985, 0.41079121828079224, 0.34005868434906006, 0.3006584346294403, 0.2787155508995056]
NAUTILUS=>2021-06-10 20:22:44.404786: Cycle: 5, Model: 4, val_accuracy: [0.8061497807502747, 0.8474625945091248, 0.8839150071144104, 0.8975804448127747, 0.9055451154708862]
NAUTILUS=>2021-06-10 20:22:44.404786: Cycle: 5, Model: 0, loss: [0.904207170009613, 0.5050365328788757, 0.3840261697769165, 0.2748444080352783, 0.19488276541233063]
NAUTILUS=>2021-06-10 20:22:44.404786: Cycle: 5, Model: 0, accuracy: [0.6921955347061157, 0.8266817331314087, 0.8685885667800903, 0.9107164740562439, 0.9354862570762634]
NAUTILUS=>2021-06-10 20:22:44.404786: Cycle: 5, Model: 0, val_loss: [0.3013412356376648, 0.2644602358341217, 0.23622344434261322, 0.2224932610988617, 0.23127955198287964]
NAUTILUS=>2021-06-10 20:22:44.404786: Cycle: 5, Model: 0, val_accuracy: [0.8966397643089294, 0.9116717576980591, 0.9236247539520264, 0.9244238138198853, 0.9264432191848755]
NAUTILUS=>2021-06-10 20:22:44.404786: Cycle: 5, Model: 1, loss: [0.9218186736106873, 0.5378509163856506, 0.41086679697036743, 0.32589367032051086, 0.267581045627594]
NAUTILUS=>2021-06-10 20:22:44.404786: Cycle: 5, Model: 1, accuracy: [0.6786155104637146, 0.808452308177948, 0.8559844493865967, 0.8916692137718201, 0.9123297333717346]
NAUTILUS=>2021-06-10 20:22:44.404786: Cycle: 5, Model: 1, val_loss: [0.32943615317344666, 0.25770819187164307, 0.24129055440425873, 0.22307893633842468, 0.22264157235622406]
NAUTILUS=>2021-06-10 20:22:44.404786: Cycle: 5, Model: 1, val_accuracy: [0.884997546672821, 0.9141061902046204, 0.9190099239349365, 0.9170877933502197, 0.9235996603965759]
NAUTILUS=>2021-06-10 20:22:44.404913: Starting to generating the best model
NAUTILUS=>2021-06-10 20:22:52.119858: Completed generating the best model. Elapsed time: 0:00:07.714945
NAUTILUS=>2021-06-10 20:22:52.119858: Cycle: 5, Best Model: 0
NAUTILUS=>2021-06-10 20:22:52.119858: Cycle: 5, Best model loss: [0.904207170009613, 0.5050365328788757, 0.3840261697769165, 0.2748444080352783, 0.19488276541233063]
NAUTILUS=>2021-06-10 20:22:52.119858: Cycle: 5, Best model accuracy: [0.6921955347061157, 0.8266817331314087, 0.8685885667800903, 0.9107164740562439, 0.9354862570762634]
NAUTILUS=>2021-06-10 20:22:52.119858: Cycle: 5, Best model val_loss: [0.3013412356376648, 0.2644602358341217, 0.23622344434261322, 0.2224932610988617, 0.23127955198287964]
NAUTILUS=>2021-06-10 20:22:52.119858: Cycle: 5, Best model val_accuracy: [0.8966397643089294, 0.9116717576980591, 0.9236247539520264, 0.9244238138198853, 0.9264432191848755]
NAUTILUS=>2021-06-10 20:22:52.406970: Completed active learning cycle. Elapsed time: 0:02:53.685545
NAUTILUS=>2021-06-10 20:22:52.406987: ========> Active learning cycle: 6
NAUTILUS=>2021-06-10 20:22:52.406991: Starting data loading
NAUTILUS=>2021-06-10 20:23:32.985538: Completed data loading. Elapsed time: 0:00:40.578547
NAUTILUS=>2021-06-10 20:23:32.985555: Starting model selection
NAUTILUS=>2021-06-10 20:23:32.985572: Materializing training data
NAUTILUS=>2021-06-10 20:23:33.211311: Completed materializing training data. Elapsed time: 0:00:00.225739
NAUTILUS=>2021-06-10 20:23:33.211326: Starting model training
NAUTILUS=>2021-06-10 20:26:47.505177: Completed model training. Elapsed time: 0:03:14.293851
NAUTILUS=>2021-06-10 20:26:47.505177: Cycle: 6, Model: 2, loss: [0.9069139361381531, 0.5295905470848083, 0.41797056794166565, 0.34575796127319336, 0.2937031686306]
NAUTILUS=>2021-06-10 20:26:47.505177: Cycle: 6, Model: 2, accuracy: [0.6872712969779968, 0.8096516728401184, 0.8515231609344482, 0.8826602101325989, 0.9040920734405518]
NAUTILUS=>2021-06-10 20:26:47.505177: Cycle: 6, Model: 2, val_loss: [0.3230386972427368, 0.2646660804748535, 0.24340207874774933, 0.20541411638259888, 0.2014097422361374]
NAUTILUS=>2021-06-10 20:26:47.505177: Cycle: 6, Model: 2, val_accuracy: [0.8918176293373108, 0.9014596343040466, 0.9184983372688293, 0.9287207126617432, 0.9271856546401978]
NAUTILUS=>2021-06-10 20:26:47.505177: Cycle: 6, Model: 3, loss: [0.9746235013008118, 0.5816904306411743, 0.461357057094574, 0.3900720477104187, 0.342780202627182]
NAUTILUS=>2021-06-10 20:26:47.505177: Cycle: 6, Model: 3, accuracy: [0.6650444865226746, 0.7877378463745117, 0.8346338272094727, 0.862797737121582, 0.884772539138794]
NAUTILUS=>2021-06-10 20:26:47.505177: Cycle: 6, Model: 3, val_loss: [0.3634951710700989, 0.28283312916755676, 0.2594214677810669, 0.21939238905906677, 0.21604174375534058]
NAUTILUS=>2021-06-10 20:26:47.505177: Cycle: 6, Model: 3, val_accuracy: [0.8754007816314697, 0.8972364068031311, 0.9142760038375854, 0.9221784472465515, 0.9235415458679199]
NAUTILUS=>2021-06-10 20:26:47.505177: Cycle: 6, Model: 4, loss: [1.1344783306121826, 0.7080541849136353, 0.5711424350738525, 0.49222469329833984, 0.44190502166748047]
NAUTILUS=>2021-06-10 20:26:47.505177: Cycle: 6, Model: 4, accuracy: [0.6199968457221985, 0.736996591091156, 0.7901851534843445, 0.8202909827232361, 0.8435865044593811]
NAUTILUS=>2021-06-10 20:26:47.505177: Cycle: 6, Model: 4, val_loss: [0.4757152795791626, 0.352750688791275, 0.3023275136947632, 0.2628771662712097, 0.2439253181219101]
NAUTILUS=>2021-06-10 20:26:47.505177: Cycle: 6, Model: 4, val_accuracy: [0.8385550379753113, 0.872273862361908, 0.9022378325462341, 0.9111712574958801, 0.9166907668113708]
NAUTILUS=>2021-06-10 20:26:47.505177: Cycle: 6, Model: 0, loss: [0.7858965396881104, 0.46928679943084717, 0.3396730422973633, 0.25560060143470764, 0.18200819194316864]
NAUTILUS=>2021-06-10 20:26:47.505177: Cycle: 6, Model: 0, accuracy: [0.7292013764381409, 0.8368784785270691, 0.8828925490379333, 0.9143738746643066, 0.9425364136695862]
NAUTILUS=>2021-06-10 20:26:47.505177: Cycle: 6, Model: 0, val_loss: [0.2636232078075409, 0.2664879560470581, 0.22213777899742126, 0.19965173304080963, 0.20571690797805786]
NAUTILUS=>2021-06-10 20:26:47.505177: Cycle: 6, Model: 0, val_accuracy: [0.9048028588294983, 0.9146237373352051, 0.9229474663734436, 0.9323388934135437, 0.9358837604522705]
NAUTILUS=>2021-06-10 20:26:47.505177: Cycle: 6, Model: 1, loss: [0.8295163512229919, 0.4864271581172943, 0.3765504062175751, 0.2994183599948883, 0.23733264207839966]
NAUTILUS=>2021-06-10 20:26:47.505177: Cycle: 6, Model: 1, accuracy: [0.7132124304771423, 0.8294124603271484, 0.8680835962295532, 0.8998165726661682, 0.9244931936264038]
NAUTILUS=>2021-06-10 20:26:47.505177: Cycle: 6, Model: 1, val_loss: [0.2901887893676758, 0.27006256580352783, 0.22178149223327637, 0.19706855714321136, 0.19839927554130554]
NAUTILUS=>2021-06-10 20:26:47.505177: Cycle: 6, Model: 1, val_accuracy: [0.9004414081573486, 0.9022248387336731, 0.9253427982330322, 0.9335129857063293, 0.9337576031684875]
NAUTILUS=>2021-06-10 20:26:47.505296: Starting to generating the best model
NAUTILUS=>2021-06-10 20:26:55.158789: Completed generating the best model. Elapsed time: 0:00:07.653493
NAUTILUS=>2021-06-10 20:26:55.158789: Cycle: 6, Best Model: 0
NAUTILUS=>2021-06-10 20:26:55.158789: Cycle: 6, Best model loss: [0.7858965396881104, 0.46928679943084717, 0.3396730422973633, 0.25560060143470764, 0.18200819194316864]
NAUTILUS=>2021-06-10 20:26:55.158789: Cycle: 6, Best model accuracy: [0.7292013764381409, 0.8368784785270691, 0.8828925490379333, 0.9143738746643066, 0.9425364136695862]
NAUTILUS=>2021-06-10 20:26:55.158789: Cycle: 6, Best model val_loss: [0.2636232078075409, 0.2664879560470581, 0.22213777899742126, 0.19965173304080963, 0.20571690797805786]
NAUTILUS=>2021-06-10 20:26:55.158789: Cycle: 6, Best model val_accuracy: [0.9048028588294983, 0.9146237373352051, 0.9229474663734436, 0.9323388934135437, 0.9358837604522705]
NAUTILUS=>2021-06-10 20:26:55.450868: Completed active learning cycle. Elapsed time: 0:03:22.465313
NAUTILUS=>2021-06-10 20:26:55.450886: ========> Active learning cycle: 7
NAUTILUS=>2021-06-10 20:26:55.450891: Starting data loading
NAUTILUS=>2021-06-10 20:27:28.222225: Completed data loading. Elapsed time: 0:00:32.771334
NAUTILUS=>2021-06-10 20:27:28.222241: Starting model selection
NAUTILUS=>2021-06-10 20:27:28.222258: Materializing training data
NAUTILUS=>2021-06-10 20:27:28.448159: Completed materializing training data. Elapsed time: 0:00:00.225901
NAUTILUS=>2021-06-10 20:27:28.448170: Starting model training
NAUTILUS=>2021-06-10 20:31:12.313039: Completed model training. Elapsed time: 0:03:43.864869
NAUTILUS=>2021-06-10 20:31:12.313039: Cycle: 7, Model: 2, loss: [0.8325601816177368, 0.47871774435043335, 0.3846295475959778, 0.3226659595966339, 0.2804390490055084]
NAUTILUS=>2021-06-10 20:31:12.313039: Cycle: 7, Model: 2, accuracy: [0.7080413103103638, 0.8272832632064819, 0.8645277619361877, 0.8886824250221252, 0.9047516584396362]
NAUTILUS=>2021-06-10 20:31:12.313039: Cycle: 7, Model: 2, val_loss: [0.2913864254951477, 0.23453214764595032, 0.20736035704612732, 0.20999424159526825, 0.19480518996715546]
NAUTILUS=>2021-06-10 20:31:12.313039: Cycle: 7, Model: 2, val_accuracy: [0.8981311321258545, 0.9190640449523926, 0.9285213947296143, 0.9301580786705017, 0.9333776235580444]
NAUTILUS=>2021-06-10 20:31:12.313039: Cycle: 7, Model: 3, loss: [0.9086735248565674, 0.5216856002807617, 0.421791672706604, 0.36348310112953186, 0.3207046687602997]
NAUTILUS=>2021-06-10 20:31:12.313039: Cycle: 7, Model: 3, accuracy: [0.6829165816307068, 0.8094322085380554, 0.8489758372306824, 0.8727807402610779, 0.8886706829071045]
NAUTILUS=>2021-06-10 20:31:12.313039: Cycle: 7, Model: 3, val_loss: [0.32745999097824097, 0.25713542103767395, 0.22287416458129883, 0.22091317176818848, 0.20566633343696594]
NAUTILUS=>2021-06-10 20:31:12.313039: Cycle: 7, Model: 3, val_accuracy: [0.8824018836021423, 0.9122280478477478, 0.9213663935661316, 0.9228399395942688, 0.9296783208847046]
NAUTILUS=>2021-06-10 20:31:12.313039: Cycle: 7, Model: 4, loss: [1.0623806715011597, 0.6371365189552307, 0.5187289714813232, 0.4513591229915619, 0.40562111139297485]
NAUTILUS=>2021-06-10 20:31:12.313039: Cycle: 7, Model: 4, accuracy: [0.63761967420578, 0.7618973851203918, 0.810309886932373, 0.8363279700279236, 0.8545130491256714]
NAUTILUS=>2021-06-10 20:31:12.313039: Cycle: 7, Model: 4, val_loss: [0.4350920021533966, 0.3171904981136322, 0.2713037431240082, 0.25099340081214905, 0.23402395844459534]
NAUTILUS=>2021-06-10 20:31:12.313039: Cycle: 7, Model: 4, val_accuracy: [0.8415501117706299, 0.8848893642425537, 0.9066560864448547, 0.9114525318145752, 0.9207021594047546]
NAUTILUS=>2021-06-10 20:31:12.313039: Cycle: 7, Model: 0, loss: [0.727860689163208, 0.4164999723434448, 0.32319027185440063, 0.23259273171424866, 0.167185977101326]
NAUTILUS=>2021-06-10 20:31:12.313039: Cycle: 7, Model: 0, accuracy: [0.7474967837333679, 0.8550359010696411, 0.8872821927070618, 0.9195929765701294, 0.9432539343833923]
NAUTILUS=>2021-06-10 20:31:12.313039: Cycle: 7, Model: 0, val_loss: [0.2582946717739105, 0.20768670737743378, 0.19539199769496918, 0.203131303191185, 0.2002348154783249]
NAUTILUS=>2021-06-10 20:31:12.313039: Cycle: 7, Model: 0, val_accuracy: [0.9086786508560181, 0.9296627640724182, 0.932969868183136, 0.9357430338859558, 0.939337968826294]
NAUTILUS=>2021-06-10 20:31:12.313039: Cycle: 7, Model: 1, loss: [0.7676295042037964, 0.4417216181755066, 0.349344938993454, 0.27965351939201355, 0.22965286672115326]
NAUTILUS=>2021-06-10 20:31:12.313039: Cycle: 7, Model: 1, accuracy: [0.7321515679359436, 0.8417808413505554, 0.8786600828170776, 0.903868556022644, 0.9232533574104309]
NAUTILUS=>2021-06-10 20:31:12.313039: Cycle: 7, Model: 1, val_loss: [0.26819223165512085, 0.2150886505842209, 0.19895952939987183, 0.2035835236310959, 0.19255846738815308]
NAUTILUS=>2021-06-10 20:31:12.313039: Cycle: 7, Model: 1, val_accuracy: [0.9045039415359497, 0.9246193766593933, 0.9316587448120117, 0.9346312880516052, 0.9357239007949829]
NAUTILUS=>2021-06-10 20:31:12.313165: Starting to generating the best model
NAUTILUS=>2021-06-10 20:31:19.983499: Completed generating the best model. Elapsed time: 0:00:07.670334
NAUTILUS=>2021-06-10 20:31:19.983499: Cycle: 7, Best Model: 0
NAUTILUS=>2021-06-10 20:31:19.983499: Cycle: 7, Best model loss: [0.727860689163208, 0.4164999723434448, 0.32319027185440063, 0.23259273171424866, 0.167185977101326]
NAUTILUS=>2021-06-10 20:31:19.983499: Cycle: 7, Best model accuracy: [0.7474967837333679, 0.8550359010696411, 0.8872821927070618, 0.9195929765701294, 0.9432539343833923]
NAUTILUS=>2021-06-10 20:31:19.983499: Cycle: 7, Best model val_loss: [0.2582946717739105, 0.20768670737743378, 0.19539199769496918, 0.203131303191185, 0.2002348154783249]
NAUTILUS=>2021-06-10 20:31:19.983499: Cycle: 7, Best model val_accuracy: [0.9086786508560181, 0.9296627640724182, 0.932969868183136, 0.9357430338859558, 0.939337968826294]
NAUTILUS=>2021-06-10 20:31:20.271912: Completed active learning cycle. Elapsed time: 0:03:52.049671
NAUTILUS=>2021-06-10 20:31:20.271928: ========> Active learning cycle: 8
NAUTILUS=>2021-06-10 20:31:20.271932: Starting data loading
NAUTILUS=>2021-06-10 20:31:56.457772: Completed data loading. Elapsed time: 0:00:36.185840
NAUTILUS=>2021-06-10 20:31:56.457790: Starting model selection
NAUTILUS=>2021-06-10 20:31:56.457807: Materializing training data
NAUTILUS=>2021-06-10 20:31:56.682331: Completed materializing training data. Elapsed time: 0:00:00.224524
NAUTILUS=>2021-06-10 20:31:56.682340: Starting model training
NAUTILUS=>2021-06-10 20:36:08.785463: Completed model training. Elapsed time: 0:04:12.103123
NAUTILUS=>2021-06-10 20:36:08.785463: Cycle: 8, Model: 2, loss: [0.7569906115531921, 0.43128645420074463, 0.35076355934143066, 0.29553356766700745, 0.25245344638824463]
NAUTILUS=>2021-06-10 20:36:08.785463: Cycle: 8, Model: 2, accuracy: [0.7344667315483093, 0.8427128791809082, 0.8715739250183105, 0.8999063372612, 0.912773072719574]
NAUTILUS=>2021-06-10 20:36:08.785463: Cycle: 8, Model: 2, val_loss: [0.30495238304138184, 0.25893619656562805, 0.1957562267780304, 0.21617473661899567, 0.18983392417430878]
NAUTILUS=>2021-06-10 20:36:08.785463: Cycle: 8, Model: 2, val_accuracy: [0.8926448822021484, 0.9075044393539429, 0.9312471151351929, 0.919981837272644, 0.9349198341369629]
NAUTILUS=>2021-06-10 20:36:08.785463: Cycle: 8, Model: 3, loss: [0.8137193918228149, 0.4715503752231598, 0.38656726479530334, 0.330725759267807, 0.29096999764442444]
NAUTILUS=>2021-06-10 20:36:08.785463: Cycle: 8, Model: 3, accuracy: [0.7164832949638367, 0.8263036608695984, 0.8560003638267517, 0.8846299648284912, 0.8977198004722595]
NAUTILUS=>2021-06-10 20:36:08.785463: Cycle: 8, Model: 3, val_loss: [0.3315774202346802, 0.27006781101226807, 0.20891712605953217, 0.21366138756275177, 0.19449307024478912]
NAUTILUS=>2021-06-10 20:36:08.785463: Cycle: 8, Model: 3, val_accuracy: [0.8799187541007996, 0.9040453433990479, 0.925015389919281, 0.9233924746513367, 0.9324395656585693]
NAUTILUS=>2021-06-10 20:36:08.785463: Cycle: 8, Model: 4, loss: [0.9692134261131287, 0.5733166933059692, 0.469348669052124, 0.4097885489463806, 0.36703023314476013]
NAUTILUS=>2021-06-10 20:36:08.785463: Cycle: 8, Model: 4, accuracy: [0.664064884185791, 0.7858291864395142, 0.8245106339454651, 0.8492982983589172, 0.866808295249939]
NAUTILUS=>2021-06-10 20:36:08.785463: Cycle: 8, Model: 4, val_loss: [0.4023316204547882, 0.29584598541259766, 0.2519682049751282, 0.23054905235767365, 0.2137063592672348]
NAUTILUS=>2021-06-10 20:36:08.785463: Cycle: 8, Model: 4, val_accuracy: [0.855247974395752, 0.8943440914154053, 0.9098212718963623, 0.9185172319412231, 0.9243372082710266]
NAUTILUS=>2021-06-10 20:36:08.785463: Cycle: 8, Model: 0, loss: [0.6416021585464478, 0.38767874240875244, 0.28530871868133545, 0.21495990455150604, 0.14892233908176422]
NAUTILUS=>2021-06-10 20:36:08.785463: Cycle: 8, Model: 0, accuracy: [0.7725809216499329, 0.8639745116233826, 0.8996830582618713, 0.9269807934761047, 0.9489004611968994]
NAUTILUS=>2021-06-10 20:36:08.785463: Cycle: 8, Model: 0, val_loss: [0.3664376437664032, 0.21620510518550873, 0.1763685643672943, 0.2041420340538025, 0.19153256714344025]
NAUTILUS=>2021-06-10 20:36:08.785463: Cycle: 8, Model: 0, val_accuracy: [0.8691384792327881, 0.9229686260223389, 0.9376024603843689, 0.9336561560630798, 0.9430793523788452]
NAUTILUS=>2021-06-10 20:36:08.785463: Cycle: 8, Model: 1, loss: [0.6897653937339783, 0.4040166139602661, 0.3182539641857147, 0.25805264711380005, 0.2078639268875122]
NAUTILUS=>2021-06-10 20:36:08.785463: Cycle: 8, Model: 1, accuracy: [0.7564001679420471, 0.8544498682022095, 0.8864397406578064, 0.9145702123641968, 0.9294607043266296]
NAUTILUS=>2021-06-10 20:36:08.785463: Cycle: 8, Model: 1, val_loss: [0.36923348903656006, 0.23548902571201324, 0.18663090467453003, 0.21259157359600067, 0.19473566114902496]
NAUTILUS=>2021-06-10 20:36:08.785463: Cycle: 8, Model: 1, val_accuracy: [0.8639354109764099, 0.918850302696228, 0.9334433078765869, 0.9232632517814636, 0.9336201548576355]
NAUTILUS=>2021-06-10 20:36:08.785576: Starting to generating the best model
NAUTILUS=>2021-06-10 20:36:16.469470: Completed generating the best model. Elapsed time: 0:00:07.683894
NAUTILUS=>2021-06-10 20:36:16.469470: Cycle: 8, Best Model: 0
NAUTILUS=>2021-06-10 20:36:16.469470: Cycle: 8, Best model loss: [0.6416021585464478, 0.38767874240875244, 0.28530871868133545, 0.21495990455150604, 0.14892233908176422]
NAUTILUS=>2021-06-10 20:36:16.469470: Cycle: 8, Best model accuracy: [0.7725809216499329, 0.8639745116233826, 0.8996830582618713, 0.9269807934761047, 0.9489004611968994]
NAUTILUS=>2021-06-10 20:36:16.469470: Cycle: 8, Best model val_loss: [0.3664376437664032, 0.21620510518550873, 0.1763685643672943, 0.2041420340538025, 0.19153256714344025]
NAUTILUS=>2021-06-10 20:36:16.469470: Cycle: 8, Best model val_accuracy: [0.8691384792327881, 0.9229686260223389, 0.9376024603843689, 0.9336561560630798, 0.9430793523788452]
NAUTILUS=>2021-06-10 20:36:16.758519: Completed active learning cycle. Elapsed time: 0:04:20.300729
NAUTILUS=>2021-06-10 20:36:16.758535: ========> Active learning cycle: 9
NAUTILUS=>2021-06-10 20:36:16.758539: Starting data loading
NAUTILUS=>2021-06-10 20:36:45.968952: Completed data loading. Elapsed time: 0:00:29.210413
NAUTILUS=>2021-06-10 20:36:45.968969: Starting model selection
NAUTILUS=>2021-06-10 20:36:45.968986: Materializing training data
NAUTILUS=>2021-06-10 20:36:46.194084: Completed materializing training data. Elapsed time: 0:00:00.225098
NAUTILUS=>2021-06-10 20:36:46.194095: Starting model training
NAUTILUS=>2021-06-10 20:41:31.017142: Completed model training. Elapsed time: 0:04:44.823047
NAUTILUS=>2021-06-10 20:41:31.017142: Cycle: 9, Model: 2, loss: [0.6989765763282776, 0.39592432975769043, 0.3223850727081299, 0.266518235206604, 0.229834645986557]
NAUTILUS=>2021-06-10 20:41:31.017142: Cycle: 9, Model: 2, accuracy: [0.7562737464904785, 0.8548861742019653, 0.8848767876625061, 0.9066048264503479, 0.9218853712081909]
NAUTILUS=>2021-06-10 20:41:31.017142: Cycle: 9, Model: 2, val_loss: [0.25024062395095825, 0.21525484323501587, 0.19368068873882294, 0.18550986051559448, 0.176408052444458]
NAUTILUS=>2021-06-10 20:41:31.017142: Cycle: 9, Model: 2, val_accuracy: [0.9099962115287781, 0.9257113933563232, 0.9355753064155579, 0.93514484167099, 0.9425966143608093]
NAUTILUS=>2021-06-10 20:41:31.017142: Cycle: 9, Model: 3, loss: [0.7575328350067139, 0.430542528629303, 0.3532928228378296, 0.29943206906318665, 0.26708441972732544]
NAUTILUS=>2021-06-10 20:41:31.017142: Cycle: 9, Model: 3, accuracy: [0.7366341352462769, 0.841495156288147, 0.8715524077415466, 0.8939006924629211, 0.9069911241531372]
NAUTILUS=>2021-06-10 20:41:31.017142: Cycle: 9, Model: 3, val_loss: [0.27924442291259766, 0.22838729619979858, 0.20183107256889343, 0.19376331567764282, 0.1830986738204956]
NAUTILUS=>2021-06-10 20:41:31.017142: Cycle: 9, Model: 3, val_accuracy: [0.8983132839202881, 0.9207973480224609, 0.9305912852287292, 0.9330521821975708, 0.9388985633850098]
NAUTILUS=>2021-06-10 20:41:31.017142: Cycle: 9, Model: 4, loss: [0.9033060073852539, 0.5225796699523926, 0.42734864354133606, 0.37091338634490967, 0.3376733362674713]
NAUTILUS=>2021-06-10 20:41:31.017142: Cycle: 9, Model: 4, accuracy: [0.6897175908088684, 0.8031074404716492, 0.8424775004386902, 0.8639854788780212, 0.8794823288917542]
NAUTILUS=>2021-06-10 20:41:31.017142: Cycle: 9, Model: 4, val_loss: [0.35982683300971985, 0.2739544212818146, 0.23927640914916992, 0.2185591757297516, 0.19893328845500946]
NAUTILUS=>2021-06-10 20:41:31.017142: Cycle: 9, Model: 4, val_accuracy: [0.8747356534004211, 0.9001981616020203, 0.9167800545692444, 0.9232223629951477, 0.9314024448394775]
NAUTILUS=>2021-06-10 20:41:31.017142: Cycle: 9, Model: 0, loss: [0.6061850190162659, 0.34650689363479614, 0.26067447662353516, 0.18415135145187378, 0.12161293625831604]
NAUTILUS=>2021-06-10 20:41:31.017142: Cycle: 9, Model: 0, accuracy: [0.7868390679359436, 0.8792059421539307, 0.9093183279037476, 0.9353203177452087, 0.9586443305015564]
NAUTILUS=>2021-06-10 20:41:31.017142: Cycle: 9, Model: 0, val_loss: [0.21944209933280945, 0.1929270327091217, 0.18486420810222626, 0.1769891232252121, 0.18173103034496307]
NAUTILUS=>2021-06-10 20:41:31.017142: Cycle: 9, Model: 0, val_accuracy: [0.9173336029052734, 0.9336378574371338, 0.9390407800674438, 0.94572514295578, 0.9459174275398254]
NAUTILUS=>2021-06-10 20:41:31.017142: Cycle: 9, Model: 1, loss: [0.646568238735199, 0.3674543797969818, 0.2911299765110016, 0.23001629114151, 0.18281719088554382]
NAUTILUS=>2021-06-10 20:41:31.017142: Cycle: 9, Model: 1, accuracy: [0.7741162776947021, 0.8668545484542847, 0.8983044028282166, 0.9209556579589844, 0.9392507076263428]
NAUTILUS=>2021-06-10 20:41:31.017142: Cycle: 9, Model: 1, val_loss: [0.2294655293226242, 0.2097168117761612, 0.1877196729183197, 0.18205438554286957, 0.1764553040266037]
NAUTILUS=>2021-06-10 20:41:31.017142: Cycle: 9, Model: 1, val_accuracy: [0.9144431352615356, 0.928695023059845, 0.9369106888771057, 0.9363304376602173, 0.9424831867218018]
NAUTILUS=>2021-06-10 20:41:31.017256: Starting to generating the best model
NAUTILUS=>2021-06-10 20:41:38.668995: Completed generating the best model. Elapsed time: 0:00:07.651739
NAUTILUS=>2021-06-10 20:41:38.668995: Cycle: 9, Best Model: 0
NAUTILUS=>2021-06-10 20:41:38.668995: Cycle: 9, Best model loss: [0.6061850190162659, 0.34650689363479614, 0.26067447662353516, 0.18415135145187378, 0.12161293625831604]
NAUTILUS=>2021-06-10 20:41:38.668995: Cycle: 9, Best model accuracy: [0.7868390679359436, 0.8792059421539307, 0.9093183279037476, 0.9353203177452087, 0.9586443305015564]
NAUTILUS=>2021-06-10 20:41:38.668995: Cycle: 9, Best model val_loss: [0.21944209933280945, 0.1929270327091217, 0.18486420810222626, 0.1769891232252121, 0.18173103034496307]
NAUTILUS=>2021-06-10 20:41:38.668995: Cycle: 9, Best model val_accuracy: [0.9173336029052734, 0.9336378574371338, 0.9390407800674438, 0.94572514295578, 0.9459174275398254]
NAUTILUS=>2021-06-10 20:41:38.961232: Completed active learning cycle. Elapsed time: 0:04:52.992263
NAUTILUS=>2021-06-10 20:41:38.961250: ========> Active learning cycle: 10
NAUTILUS=>2021-06-10 20:41:38.961253: Starting data loading
NAUTILUS=>2021-06-10 20:42:10.934972: Completed data loading. Elapsed time: 0:00:31.973719
NAUTILUS=>2021-06-10 20:42:10.934989: Starting model selection
NAUTILUS=>2021-06-10 20:42:10.935007: Materializing training data
NAUTILUS=>2021-06-10 20:42:11.163907: Completed materializing training data. Elapsed time: 0:00:00.228900
NAUTILUS=>2021-06-10 20:42:11.163918: Starting model training
NAUTILUS=>2021-06-10 20:47:20.701132: Completed model training. Elapsed time: 0:05:09.537214
NAUTILUS=>2021-06-10 20:47:20.701132: Cycle: 10, Model: 2, loss: [0.6307854056358337, 0.3606480062007904, 0.29120293259620667, 0.2497153878211975, 0.2100275158882141]
NAUTILUS=>2021-06-10 20:47:20.701132: Cycle: 10, Model: 2, accuracy: [0.7736611366271973, 0.8628943562507629, 0.8938039541244507, 0.9127709269523621, 0.9279148578643799]
NAUTILUS=>2021-06-10 20:47:20.701132: Cycle: 10, Model: 2, val_loss: [0.2597455680370331, 0.22266742587089539, 0.19371815025806427, 0.18170228600502014, 0.1718117743730545]
NAUTILUS=>2021-06-10 20:47:20.701132: Cycle: 10, Model: 2, val_accuracy: [0.9080506563186646, 0.9201542735099792, 0.9350417256355286, 0.9392967820167542, 0.94163978099823]
NAUTILUS=>2021-06-10 20:47:20.701132: Cycle: 10, Model: 3, loss: [0.6807640790939331, 0.3943959176540375, 0.32027697563171387, 0.27835792303085327, 0.24331261217594147]
NAUTILUS=>2021-06-10 20:47:20.701132: Cycle: 10, Model: 3, accuracy: [0.756763756275177, 0.8515780568122864, 0.8809332847595215, 0.900123119354248, 0.914495050907135]
NAUTILUS=>2021-06-10 20:47:20.701132: Cycle: 10, Model: 3, val_loss: [0.2836092710494995, 0.2323015034198761, 0.20212410390377045, 0.18914297223091125, 0.18027105927467346]
NAUTILUS=>2021-06-10 20:47:20.701132: Cycle: 10, Model: 3, val_accuracy: [0.9016897678375244, 0.9154525995254517, 0.9308805465698242, 0.9361787438392639, 0.9391636252403259]
NAUTILUS=>2021-06-10 20:47:20.701132: Cycle: 10, Model: 4, loss: [0.8182186484336853, 0.4737827479839325, 0.3847822844982147, 0.3378572165966034, 0.30326157808303833]
NAUTILUS=>2021-06-10 20:47:20.701132: Cycle: 10, Model: 4, accuracy: [0.7133055329322815, 0.8190416097640991, 0.8548229932785034, 0.8753123879432678, 0.8890390396118164]
NAUTILUS=>2021-06-10 20:47:20.701132: Cycle: 10, Model: 4, val_loss: [0.34141048789024353, 0.27536338567733765, 0.22743621468544006, 0.21480245888233185, 0.20195814967155457]
NAUTILUS=>2021-06-10 20:47:20.701132: Cycle: 10, Model: 4, val_accuracy: [0.8833060264587402, 0.9025218486785889, 0.921340823173523, 0.927269458770752, 0.9312792420387268]
NAUTILUS=>2021-06-10 20:47:20.701132: Cycle: 10, Model: 0, loss: [0.5470329523086548, 0.32062554359436035, 0.24280546605587006, 0.17647495865821838, 0.11210525780916214]
NAUTILUS=>2021-06-10 20:47:20.701132: Cycle: 10, Model: 0, accuracy: [0.8036273717880249, 0.883213996887207, 0.9148218631744385, 0.9382187128067017, 0.9618856906890869]
NAUTILUS=>2021-06-10 20:47:20.701132: Cycle: 10, Model: 0, val_loss: [0.2055002599954605, 0.2214675396680832, 0.20576421916484833, 0.178461953997612, 0.17629830539226532]
NAUTILUS=>2021-06-10 20:47:20.701132: Cycle: 10, Model: 0, val_accuracy: [0.9283852577209473, 0.9179961681365967, 0.9317036271095276, 0.9491046071052551, 0.9527917504310608]
NAUTILUS=>2021-06-10 20:47:20.701132: Cycle: 10, Model: 1, loss: [0.5713331699371338, 0.33551692962646484, 0.2650308609008789, 0.2162732183933258, 0.1667155772447586]
NAUTILUS=>2021-06-10 20:47:20.701132: Cycle: 10, Model: 1, accuracy: [0.7920353412628174, 0.8760107159614563, 0.9055325388908386, 0.9261027574539185, 0.9434581995010376]
NAUTILUS=>2021-06-10 20:47:20.701132: Cycle: 10, Model: 1, val_loss: [0.22654159367084503, 0.22026431560516357, 0.19145771861076355, 0.17842376232147217, 0.1675945520401001]
NAUTILUS=>2021-06-10 20:47:20.701132: Cycle: 10, Model: 1, val_accuracy: [0.9203822612762451, 0.9192319512367249, 0.9356856346130371, 0.9427816271781921, 0.9467678666114807]
NAUTILUS=>2021-06-10 20:47:20.701246: Starting to generating the best model
NAUTILUS=>2021-06-10 20:47:28.342904: Completed generating the best model. Elapsed time: 0:00:07.641658
NAUTILUS=>2021-06-10 20:47:28.342904: Cycle: 10, Best Model: 0
NAUTILUS=>2021-06-10 20:47:28.342904: Cycle: 10, Best model loss: [0.5470329523086548, 0.32062554359436035, 0.24280546605587006, 0.17647495865821838, 0.11210525780916214]
NAUTILUS=>2021-06-10 20:47:28.342904: Cycle: 10, Best model accuracy: [0.8036273717880249, 0.883213996887207, 0.9148218631744385, 0.9382187128067017, 0.9618856906890869]
NAUTILUS=>2021-06-10 20:47:28.342904: Cycle: 10, Best model val_loss: [0.2055002599954605, 0.2214675396680832, 0.20576421916484833, 0.178461953997612, 0.17629830539226532]
NAUTILUS=>2021-06-10 20:47:28.342904: Cycle: 10, Best model val_accuracy: [0.9283852577209473, 0.9179961681365967, 0.9317036271095276, 0.9491046071052551, 0.9527917504310608]
NAUTILUS=>2021-06-10 20:47:28.630290: Completed active learning cycle. Elapsed time: 0:05:17.695301
NAUTILUS=>2021-06-10 20:47:28.630307: Workload completed. Elapsed time: 0:38:22.250262
