NAUTILUS=>2021-06-10 15:51:20.595715: Starting workload
NAUTILUS=>2021-06-10 15:51:20.595715: RANDOM_SEED: 2020
NAUTILUS=>2021-06-10 15:51:20.595715: VERY_LARGE_VALUE: 1000000000000000.0
NAUTILUS=>2021-06-10 15:51:20.595715: NO_MAT_OPT: False
NAUTILUS=>2021-06-10 15:51:20.595715: MODE: ftr3-2
NAUTILUS=>2021-06-10 15:51:20.595715: STORAGE_PATH: ./storage
NAUTILUS=>2021-06-10 15:51:20.595715: NO_FUSE_OPT: True
NAUTILUS=>2021-06-10 15:51:20.595715: NUM_EPOCHS: 5
NAUTILUS=>2021-06-10 15:51:20.595715: MAX_NUM_RECORDS: 5000
NAUTILUS=>2021-06-10 15:51:20.595715: ACTIVE_LEARNING_BATCH_SIZE: 500
NAUTILUS=>2021-06-10 15:51:20.595715: VALID_FRACTION: 0.2
NAUTILUS=>2021-06-10 15:51:20.595715: SAMPLING_STRATERGY: uncertainty
NAUTILUS=>2021-06-10 15:51:20.595715: NO_PRETRAINING: False
NAUTILUS=>2021-06-10 15:51:20.595715: STORAGE_BUDGET: 25
NAUTILUS=>2021-06-10 15:51:20.595715: MEMORY_BUDGET: 10
NAUTILUS=>2021-06-10 15:51:20.595715: WORKSPACE_MEMORY: 1
NAUTILUS=>2021-06-10 15:51:20.595715: COMPUTE_THROUGHPUT: 6
NAUTILUS=>2021-06-10 15:51:20.595715: DISK_THROUGHPUT: 500
NAUTILUS=>2021-06-10 15:51:20.595715: SHUFFLE_BUFFER_SIZE: 10000
NAUTILUS=>2021-06-10 15:51:20.595763: Starting system initialization
NAUTILUS=>2021-06-10 15:51:21.107437: Starting model profiling
NAUTILUS=>2021-06-10 15:51:44.329861: Completed model profiling. Elapsed time: 0:00:23.222421
NAUTILUS=>2021-06-10 15:51:44.329861: Model parameters
NAUTILUS=>2021-06-10 15:51:44.329915: Generating optimized model selection plan
NAUTILUS=>2021-06-10 15:51:44.361258: Materialized layers candidates: tf_op_layer_strided_slice,tf_op_layer_Cast,tf_op_layer_Sub,tf_op_layer_Mul,layer_9
NAUTILUS=>2021-06-10 15:51:44.372474: Used materialized layers: layer_9
NAUTILUS=>2021-06-10 15:51:44.372474: Model training plan: {"0": {"models": ["0"], "output_layers": ["0/classifier"], "flops_consumption": 438177892375000.0, "compute_flops": 325531408000000.0, "load_flops": 112646484375000.0, "memory_consumption": 1.8776347935199738, "used_materialized_layers": ["layer_9"], "batch_size": 16, "num_epochs": [5]}, "1": {"models": ["1"], "output_layers": ["1/classifier"], "flops_consumption": 438177892375000.0, "compute_flops": 325531408000000.0, "load_flops": 112646484375000.0, "memory_consumption": 1.8776347935199738, "used_materialized_layers": ["layer_9"], "batch_size": 16, "num_epochs": [5]}}
NAUTILUS=>2021-06-10 15:51:44.372590: Completed generating optimized model selection plan. Elapsed time: 0:00:00.042674
NAUTILUS=>2021-06-10 15:51:44.372596: Generating fused models
NAUTILUS=>2021-06-10 15:51:53.050476: Completed generating fused models. Elapsed time: 0:00:08.677880
NAUTILUS=>2021-06-10 15:51:53.050476: Current Practice FLOPs: 298276079360.0
NAUTILUS=>2021-06-10 15:51:53.050476: Optimal FLOPs: 74194010880.0
NAUTILUS=>2021-06-10 15:51:53.050476: Theoretical Speedup: 4.020217748335861
NAUTILUS=>2021-06-10 15:51:53.101323: Completed system initialization. Elapsed time: 0:00:32.505560
NAUTILUS=>2021-06-10 15:51:53.101345: ========> Active learning cycle: 1
NAUTILUS=>2021-06-10 15:51:53.101349: Starting data loading
NAUTILUS=>2021-06-10 15:52:08.743173: Completed data loading. Elapsed time: 0:00:15.641824
NAUTILUS=>2021-06-10 15:52:08.743198: Starting model selection
NAUTILUS=>2021-06-10 15:52:08.743218: Materializing training data
NAUTILUS=>2021-06-10 15:52:08.981550: Completed materializing training data. Elapsed time: 0:00:00.238332
NAUTILUS=>2021-06-10 15:52:08.981562: Generating intermediate features
NAUTILUS=>2021-06-10 15:52:17.572932: Completed generating intermediate features. Elapsed time: 0:00:08.591370
NAUTILUS=>2021-06-10 15:52:17.572952: Starting model training
NAUTILUS=>2021-06-10 15:52:52.229643: Completed model training. Elapsed time: 0:00:34.656691
NAUTILUS=>2021-06-10 15:52:52.229643: Cycle: 1, Model: 0, loss: [0.828880786895752, 0.2970869541168213, 0.19052249193191528, 0.12513618171215057, 0.08048417419195175]
NAUTILUS=>2021-06-10 15:52:52.229643: Cycle: 1, Model: 0, accuracy: [0.7468414902687073, 0.8900124430656433, 0.9346765279769897, 0.9563759565353394, 0.9700300097465515]
NAUTILUS=>2021-06-10 15:52:52.229643: Cycle: 1, Model: 0, val_loss: [0.4639214277267456, 0.41468513011932373, 0.3532772362232208, 0.3933575451374054, 0.37415382266044617]
NAUTILUS=>2021-06-10 15:52:52.229643: Cycle: 1, Model: 0, val_accuracy: [0.8359349966049194, 0.8561877608299255, 0.8714163899421692, 0.8704221248626709, 0.8852939605712891]
NAUTILUS=>2021-06-10 15:52:52.229643: Cycle: 1, Model: 1, loss: [1.004594087600708, 0.4065803289413452, 0.28088250756263733, 0.1944686770439148, 0.1432686597108841]
NAUTILUS=>2021-06-10 15:52:52.229643: Cycle: 1, Model: 1, accuracy: [0.7063083052635193, 0.8641493320465088, 0.9058865904808044, 0.9262921214103699, 0.9485536217689514]
NAUTILUS=>2021-06-10 15:52:52.229643: Cycle: 1, Model: 1, val_loss: [0.5762648582458496, 0.4119472801685333, 0.3756779432296753, 0.36078959703445435, 0.36561137437820435]
NAUTILUS=>2021-06-10 15:52:52.229643: Cycle: 1, Model: 1, val_accuracy: [0.8098840117454529, 0.8507524728775024, 0.8563680052757263, 0.869193971157074, 0.8720411062240601]
NAUTILUS=>2021-06-10 15:52:52.229707: Starting to generating the best model
NAUTILUS=>2021-06-10 15:52:57.895930: Completed generating the best model. Elapsed time: 0:00:05.666223
NAUTILUS=>2021-06-10 15:52:57.895930: Cycle: 1, Best Model: 0
NAUTILUS=>2021-06-10 15:52:57.895930: Cycle: 1, Best model loss: [0.828880786895752, 0.2970869541168213, 0.19052249193191528, 0.12513618171215057, 0.08048417419195175]
NAUTILUS=>2021-06-10 15:52:57.895930: Cycle: 1, Best model accuracy: [0.7468414902687073, 0.8900124430656433, 0.9346765279769897, 0.9563759565353394, 0.9700300097465515]
NAUTILUS=>2021-06-10 15:52:57.895930: Cycle: 1, Best model val_loss: [0.4639214277267456, 0.41468513011932373, 0.3532772362232208, 0.3933575451374054, 0.37415382266044617]
NAUTILUS=>2021-06-10 15:52:57.895930: Cycle: 1, Best model val_accuracy: [0.8359349966049194, 0.8561877608299255, 0.8714163899421692, 0.8704221248626709, 0.8852939605712891]
NAUTILUS=>2021-06-10 15:52:58.181014: Completed active learning cycle. Elapsed time: 0:00:49.437816
NAUTILUS=>2021-06-10 15:52:58.181032: ========> Active learning cycle: 2
NAUTILUS=>2021-06-10 15:52:58.181036: Starting data loading
NAUTILUS=>2021-06-10 15:53:46.782175: Completed data loading. Elapsed time: 0:00:48.601139
NAUTILUS=>2021-06-10 15:53:46.782191: Starting model selection
NAUTILUS=>2021-06-10 15:53:46.782207: Materializing training data
NAUTILUS=>2021-06-10 15:53:47.013550: Completed materializing training data. Elapsed time: 0:00:00.231343
NAUTILUS=>2021-06-10 15:53:47.013560: Generating intermediate features
NAUTILUS=>2021-06-10 15:53:55.569936: Completed generating intermediate features. Elapsed time: 0:00:08.556376
NAUTILUS=>2021-06-10 15:53:55.569956: Starting model training
NAUTILUS=>2021-06-10 15:54:47.976961: Completed model training. Elapsed time: 0:00:52.407005
NAUTILUS=>2021-06-10 15:54:47.976961: Cycle: 2, Model: 0, loss: [0.9820089936256409, 0.42822322249412537, 0.274488627910614, 0.19114264845848083, 0.12522202730178833]
NAUTILUS=>2021-06-10 15:54:47.976961: Cycle: 2, Model: 0, accuracy: [0.6411345601081848, 0.8296785950660706, 0.8881787657737732, 0.9303540587425232, 0.9543465375900269]
NAUTILUS=>2021-06-10 15:54:47.976961: Cycle: 2, Model: 0, val_loss: [0.3782179355621338, 0.34705260396003723, 0.2961651086807251, 0.2835554778575897, 0.305136114358902]
NAUTILUS=>2021-06-10 15:54:47.976961: Cycle: 2, Model: 0, val_accuracy: [0.8639460802078247, 0.8841715455055237, 0.9048786163330078, 0.9142364263534546, 0.9139883518218994]
NAUTILUS=>2021-06-10 15:54:47.976961: Cycle: 2, Model: 1, loss: [1.031630516052246, 0.49598366022109985, 0.33836865425109863, 0.2519090175628662, 0.17347869277000427]
NAUTILUS=>2021-06-10 15:54:47.976961: Cycle: 2, Model: 1, accuracy: [0.6214208006858826, 0.8046935200691223, 0.8720493316650391, 0.9077181816101074, 0.9331250190734863]
NAUTILUS=>2021-06-10 15:54:47.976961: Cycle: 2, Model: 1, val_loss: [0.4488494098186493, 0.3552568852901459, 0.2943028509616852, 0.28837546706199646, 0.27607956528663635]
NAUTILUS=>2021-06-10 15:54:47.976961: Cycle: 2, Model: 1, val_accuracy: [0.8425663709640503, 0.8833434581756592, 0.8984968066215515, 0.9134674668312073, 0.9148668646812439]
NAUTILUS=>2021-06-10 15:54:47.977023: Starting to generating the best model
NAUTILUS=>2021-06-10 15:54:53.643638: Completed generating the best model. Elapsed time: 0:00:05.666615
NAUTILUS=>2021-06-10 15:54:53.643638: Cycle: 2, Best Model: 1
NAUTILUS=>2021-06-10 15:54:53.643638: Cycle: 2, Best model loss: [1.031630516052246, 0.49598366022109985, 0.33836865425109863, 0.2519090175628662, 0.17347869277000427]
NAUTILUS=>2021-06-10 15:54:53.643638: Cycle: 2, Best model accuracy: [0.6214208006858826, 0.8046935200691223, 0.8720493316650391, 0.9077181816101074, 0.9331250190734863]
NAUTILUS=>2021-06-10 15:54:53.643638: Cycle: 2, Best model val_loss: [0.4488494098186493, 0.3552568852901459, 0.2943028509616852, 0.28837546706199646, 0.27607956528663635]
NAUTILUS=>2021-06-10 15:54:53.643638: Cycle: 2, Best model val_accuracy: [0.8425663709640503, 0.8833434581756592, 0.8984968066215515, 0.9134674668312073, 0.9148668646812439]
NAUTILUS=>2021-06-10 15:54:53.931358: Completed active learning cycle. Elapsed time: 0:01:07.149167
NAUTILUS=>2021-06-10 15:54:53.931376: ========> Active learning cycle: 3
NAUTILUS=>2021-06-10 15:54:53.931379: Starting data loading
NAUTILUS=>2021-06-10 15:55:33.400532: Completed data loading. Elapsed time: 0:00:39.469153
NAUTILUS=>2021-06-10 15:55:33.400550: Starting model selection
NAUTILUS=>2021-06-10 15:55:33.400565: Materializing training data
NAUTILUS=>2021-06-10 15:55:33.630946: Completed materializing training data. Elapsed time: 0:00:00.230381
NAUTILUS=>2021-06-10 15:55:33.630956: Generating intermediate features
NAUTILUS=>2021-06-10 15:55:42.192735: Completed generating intermediate features. Elapsed time: 0:00:08.561779
NAUTILUS=>2021-06-10 15:55:42.192753: Starting model training
NAUTILUS=>2021-06-10 15:56:51.526749: Completed model training. Elapsed time: 0:01:09.333996
NAUTILUS=>2021-06-10 15:56:51.526749: Cycle: 3, Model: 0, loss: [1.0503240823745728, 0.5038192272186279, 0.34329548478126526, 0.27409422397613525, 0.18432030081748962]
NAUTILUS=>2021-06-10 15:56:51.526749: Cycle: 3, Model: 0, accuracy: [0.6394216418266296, 0.8110025525093079, 0.8757426142692566, 0.9025945067405701, 0.9401528835296631]
NAUTILUS=>2021-06-10 15:56:51.526749: Cycle: 3, Model: 0, val_loss: [0.36566832661628723, 0.2560340464115143, 0.27582311630249023, 0.31012749671936035, 0.2955993115901947]
NAUTILUS=>2021-06-10 15:56:51.526749: Cycle: 3, Model: 0, val_accuracy: [0.8686020970344543, 0.9100136160850525, 0.9169734716415405, 0.9171760082244873, 0.9122934937477112]
NAUTILUS=>2021-06-10 15:56:51.526749: Cycle: 3, Model: 1, loss: [1.0786219835281372, 0.5533128380775452, 0.41141536831855774, 0.3229483664035797, 0.24406537413597107]
NAUTILUS=>2021-06-10 15:56:51.526749: Cycle: 3, Model: 1, accuracy: [0.6122634410858154, 0.7813418507575989, 0.846768319606781, 0.8865628838539124, 0.9208267331123352]
NAUTILUS=>2021-06-10 15:56:51.526749: Cycle: 3, Model: 1, val_loss: [0.38938483595848083, 0.3041931986808777, 0.2628311812877655, 0.27452102303504944, 0.25541338324546814]
NAUTILUS=>2021-06-10 15:56:51.526749: Cycle: 3, Model: 1, val_accuracy: [0.8718843460083008, 0.8965688347816467, 0.9098889231681824, 0.9124472141265869, 0.9129377007484436]
NAUTILUS=>2021-06-10 15:56:51.526812: Starting to generating the best model
NAUTILUS=>2021-06-10 15:56:57.165060: Completed generating the best model. Elapsed time: 0:00:05.638248
NAUTILUS=>2021-06-10 15:56:57.165060: Cycle: 3, Best Model: 1
NAUTILUS=>2021-06-10 15:56:57.165060: Cycle: 3, Best model loss: [1.0786219835281372, 0.5533128380775452, 0.41141536831855774, 0.3229483664035797, 0.24406537413597107]
NAUTILUS=>2021-06-10 15:56:57.165060: Cycle: 3, Best model accuracy: [0.6122634410858154, 0.7813418507575989, 0.846768319606781, 0.8865628838539124, 0.9208267331123352]
NAUTILUS=>2021-06-10 15:56:57.165060: Cycle: 3, Best model val_loss: [0.38938483595848083, 0.3041931986808777, 0.2628311812877655, 0.27452102303504944, 0.25541338324546814]
NAUTILUS=>2021-06-10 15:56:57.165060: Cycle: 3, Best model val_accuracy: [0.8718843460083008, 0.8965688347816467, 0.9098889231681824, 0.9124472141265869, 0.9129377007484436]
NAUTILUS=>2021-06-10 15:56:57.458501: Completed active learning cycle. Elapsed time: 0:01:24.057951
NAUTILUS=>2021-06-10 15:56:57.458519: ========> Active learning cycle: 4
NAUTILUS=>2021-06-10 15:56:57.458523: Starting data loading
NAUTILUS=>2021-06-10 15:57:42.137900: Completed data loading. Elapsed time: 0:00:44.679377
NAUTILUS=>2021-06-10 15:57:42.137917: Starting model selection
NAUTILUS=>2021-06-10 15:57:42.137932: Materializing training data
NAUTILUS=>2021-06-10 15:57:42.367319: Completed materializing training data. Elapsed time: 0:00:00.229387
NAUTILUS=>2021-06-10 15:57:42.367333: Generating intermediate features
NAUTILUS=>2021-06-10 15:57:50.936353: Completed generating intermediate features. Elapsed time: 0:00:08.569020
NAUTILUS=>2021-06-10 15:57:50.936372: Starting model training
NAUTILUS=>2021-06-10 15:59:17.648322: Completed model training. Elapsed time: 0:01:26.711950
NAUTILUS=>2021-06-10 15:59:17.648322: Cycle: 4, Model: 0, loss: [0.9596703052520752, 0.5426236391067505, 0.3906387388706207, 0.297364205121994, 0.2247869372367859]
NAUTILUS=>2021-06-10 15:59:17.648322: Cycle: 4, Model: 0, accuracy: [0.6750210523605347, 0.8064690232276917, 0.8671517968177795, 0.9003514647483826, 0.9240975379943848]
NAUTILUS=>2021-06-10 15:59:17.648322: Cycle: 4, Model: 0, val_loss: [0.2978786528110504, 0.24785315990447998, 0.2531643211841583, 0.23843097686767578, 0.2697615325450897]
NAUTILUS=>2021-06-10 15:59:17.648322: Cycle: 4, Model: 0, val_accuracy: [0.8886531591415405, 0.9110644459724426, 0.9120538234710693, 0.9211224317550659, 0.916496992111206]
NAUTILUS=>2021-06-10 15:59:17.648322: Cycle: 4, Model: 1, loss: [0.9946258068084717, 0.5856354236602783, 0.43250057101249695, 0.349101185798645, 0.28593164682388306]
NAUTILUS=>2021-06-10 15:59:17.648322: Cycle: 4, Model: 1, accuracy: [0.6595574021339417, 0.7876559495925903, 0.8466192483901978, 0.882932722568512, 0.9077975749969482]
NAUTILUS=>2021-06-10 15:59:17.648322: Cycle: 4, Model: 1, val_loss: [0.3343241512775421, 0.26386570930480957, 0.23571373522281647, 0.23574811220169067, 0.2593853771686554]
NAUTILUS=>2021-06-10 15:59:17.648322: Cycle: 4, Model: 1, val_accuracy: [0.8835048675537109, 0.9073882102966309, 0.9193393588066101, 0.9188845157623291, 0.9140254259109497]
NAUTILUS=>2021-06-10 15:59:17.648386: Starting to generating the best model
NAUTILUS=>2021-06-10 15:59:23.298949: Completed generating the best model. Elapsed time: 0:00:05.650563
NAUTILUS=>2021-06-10 15:59:23.298949: Cycle: 4, Best Model: 0
NAUTILUS=>2021-06-10 15:59:23.298949: Cycle: 4, Best model loss: [0.9596703052520752, 0.5426236391067505, 0.3906387388706207, 0.297364205121994, 0.2247869372367859]
NAUTILUS=>2021-06-10 15:59:23.298949: Cycle: 4, Best model accuracy: [0.6750210523605347, 0.8064690232276917, 0.8671517968177795, 0.9003514647483826, 0.9240975379943848]
NAUTILUS=>2021-06-10 15:59:23.298949: Cycle: 4, Best model val_loss: [0.2978786528110504, 0.24785315990447998, 0.2531643211841583, 0.23843097686767578, 0.2697615325450897]
NAUTILUS=>2021-06-10 15:59:23.298949: Cycle: 4, Best model val_accuracy: [0.8886531591415405, 0.9110644459724426, 0.9120538234710693, 0.9211224317550659, 0.916496992111206]
NAUTILUS=>2021-06-10 15:59:23.582986: Completed active learning cycle. Elapsed time: 0:01:41.445069
NAUTILUS=>2021-06-10 15:59:23.583004: ========> Active learning cycle: 5
NAUTILUS=>2021-06-10 15:59:23.583008: Starting data loading
NAUTILUS=>2021-06-10 15:59:59.665858: Completed data loading. Elapsed time: 0:00:36.082850
NAUTILUS=>2021-06-10 15:59:59.665875: Starting model selection
NAUTILUS=>2021-06-10 15:59:59.665890: Materializing training data
NAUTILUS=>2021-06-10 15:59:59.894550: Completed materializing training data. Elapsed time: 0:00:00.228660
NAUTILUS=>2021-06-10 15:59:59.894561: Generating intermediate features
NAUTILUS=>2021-06-10 16:00:08.517770: Completed generating intermediate features. Elapsed time: 0:00:08.623209
NAUTILUS=>2021-06-10 16:00:08.517789: Starting model training
NAUTILUS=>2021-06-10 16:01:52.284362: Completed model training. Elapsed time: 0:01:43.766573
NAUTILUS=>2021-06-10 16:01:52.284362: Cycle: 5, Model: 0, loss: [0.8853709101676941, 0.4929724633693695, 0.3741864264011383, 0.2910918891429901, 0.20187334716320038]
NAUTILUS=>2021-06-10 16:01:52.284362: Cycle: 5, Model: 0, accuracy: [0.6910943984985352, 0.8278357982635498, 0.8678032159805298, 0.8984032273292542, 0.9364449977874756]
NAUTILUS=>2021-06-10 16:01:52.284362: Cycle: 5, Model: 0, val_loss: [0.29666340351104736, 0.2761925458908081, 0.23641595244407654, 0.22268258035182953, 0.22447094321250916]
NAUTILUS=>2021-06-10 16:01:52.284362: Cycle: 5, Model: 0, val_accuracy: [0.9021756649017334, 0.9035031199455261, 0.9187992215156555, 0.9251033067703247, 0.9289624094963074]
NAUTILUS=>2021-06-10 16:01:52.284362: Cycle: 5, Model: 1, loss: [0.9172696471214294, 0.5236733555793762, 0.40861284732818604, 0.3335857689380646, 0.26243314146995544]
NAUTILUS=>2021-06-10 16:01:52.284362: Cycle: 5, Model: 1, accuracy: [0.6801789999008179, 0.8120443820953369, 0.8575568199157715, 0.8861221671104431, 0.9159056544303894]
NAUTILUS=>2021-06-10 16:01:52.284362: Cycle: 5, Model: 1, val_loss: [0.32242444157600403, 0.2658641040325165, 0.24590930342674255, 0.22186532616615295, 0.22074246406555176]
NAUTILUS=>2021-06-10 16:01:52.284362: Cycle: 5, Model: 1, val_accuracy: [0.8974747061729431, 0.9082103967666626, 0.9177258014678955, 0.9220165014266968, 0.924018383026123]
NAUTILUS=>2021-06-10 16:01:52.284424: Starting to generating the best model
NAUTILUS=>2021-06-10 16:01:57.972994: Completed generating the best model. Elapsed time: 0:00:05.688570
NAUTILUS=>2021-06-10 16:01:57.972994: Cycle: 5, Best Model: 0
NAUTILUS=>2021-06-10 16:01:57.972994: Cycle: 5, Best model loss: [0.8853709101676941, 0.4929724633693695, 0.3741864264011383, 0.2910918891429901, 0.20187334716320038]
NAUTILUS=>2021-06-10 16:01:57.972994: Cycle: 5, Best model accuracy: [0.6910943984985352, 0.8278357982635498, 0.8678032159805298, 0.8984032273292542, 0.9364449977874756]
NAUTILUS=>2021-06-10 16:01:57.972994: Cycle: 5, Best model val_loss: [0.29666340351104736, 0.2761925458908081, 0.23641595244407654, 0.22268258035182953, 0.22447094321250916]
NAUTILUS=>2021-06-10 16:01:57.972994: Cycle: 5, Best model val_accuracy: [0.9021756649017334, 0.9035031199455261, 0.9187992215156555, 0.9251033067703247, 0.9289624094963074]
NAUTILUS=>2021-06-10 16:01:58.258586: Completed active learning cycle. Elapsed time: 0:01:58.592711
NAUTILUS=>2021-06-10 16:01:58.258603: ========> Active learning cycle: 6
NAUTILUS=>2021-06-10 16:01:58.258607: Starting data loading
NAUTILUS=>2021-06-10 16:02:38.569146: Completed data loading. Elapsed time: 0:00:40.310539
NAUTILUS=>2021-06-10 16:02:38.569164: Starting model selection
NAUTILUS=>2021-06-10 16:02:38.569179: Materializing training data
NAUTILUS=>2021-06-10 16:02:38.798788: Completed materializing training data. Elapsed time: 0:00:00.229609
NAUTILUS=>2021-06-10 16:02:38.798799: Generating intermediate features
NAUTILUS=>2021-06-10 16:02:47.386759: Completed generating intermediate features. Elapsed time: 0:00:08.587960
NAUTILUS=>2021-06-10 16:02:47.386779: Starting model training
NAUTILUS=>2021-06-10 16:04:48.153740: Completed model training. Elapsed time: 0:02:00.766961
NAUTILUS=>2021-06-10 16:04:48.153740: Cycle: 6, Model: 0, loss: [0.7816019654273987, 0.45842599868774414, 0.34616202116012573, 0.2614232897758484, 0.17335258424282074]
NAUTILUS=>2021-06-10 16:04:48.153740: Cycle: 6, Model: 0, accuracy: [0.731797993183136, 0.8392515182495117, 0.8807676434516907, 0.909263014793396, 0.9427666068077087]
NAUTILUS=>2021-06-10 16:04:48.153740: Cycle: 6, Model: 0, val_loss: [0.2611139714717865, 0.23148374259471893, 0.21995753049850464, 0.19530965387821198, 0.20256081223487854]
NAUTILUS=>2021-06-10 16:04:48.153740: Cycle: 6, Model: 0, val_accuracy: [0.9069599509239197, 0.9146952033042908, 0.9238062500953674, 0.932925820350647, 0.932982861995697]
NAUTILUS=>2021-06-10 16:04:48.153740: Cycle: 6, Model: 1, loss: [0.8246988654136658, 0.48053959012031555, 0.38363537192344666, 0.3041907548904419, 0.23908819258213043]
NAUTILUS=>2021-06-10 16:04:48.153740: Cycle: 6, Model: 1, accuracy: [0.7125089764595032, 0.8310571908950806, 0.864337682723999, 0.8957840204238892, 0.922522783279419]
NAUTILUS=>2021-06-10 16:04:48.153740: Cycle: 6, Model: 1, val_loss: [0.2823687195777893, 0.23432788252830505, 0.21511845290660858, 0.19315537810325623, 0.2013426274061203]
NAUTILUS=>2021-06-10 16:04:48.153740: Cycle: 6, Model: 1, val_accuracy: [0.8986539840698242, 0.9157578349113464, 0.9267829656600952, 0.9322687983512878, 0.930157482624054]
NAUTILUS=>2021-06-10 16:04:48.153803: Starting to generating the best model
NAUTILUS=>2021-06-10 16:04:53.797864: Completed generating the best model. Elapsed time: 0:00:05.644061
NAUTILUS=>2021-06-10 16:04:53.797864: Cycle: 6, Best Model: 0
NAUTILUS=>2021-06-10 16:04:53.797864: Cycle: 6, Best model loss: [0.7816019654273987, 0.45842599868774414, 0.34616202116012573, 0.2614232897758484, 0.17335258424282074]
NAUTILUS=>2021-06-10 16:04:53.797864: Cycle: 6, Best model accuracy: [0.731797993183136, 0.8392515182495117, 0.8807676434516907, 0.909263014793396, 0.9427666068077087]
NAUTILUS=>2021-06-10 16:04:53.797864: Cycle: 6, Best model val_loss: [0.2611139714717865, 0.23148374259471893, 0.21995753049850464, 0.19530965387821198, 0.20256081223487854]
NAUTILUS=>2021-06-10 16:04:53.797864: Cycle: 6, Best model val_accuracy: [0.9069599509239197, 0.9146952033042908, 0.9238062500953674, 0.932925820350647, 0.932982861995697]
NAUTILUS=>2021-06-10 16:04:54.081928: Completed active learning cycle. Elapsed time: 0:02:15.512764
NAUTILUS=>2021-06-10 16:04:54.081945: ========> Active learning cycle: 7
NAUTILUS=>2021-06-10 16:04:54.081948: Starting data loading
NAUTILUS=>2021-06-10 16:05:26.746182: Completed data loading. Elapsed time: 0:00:32.664234
NAUTILUS=>2021-06-10 16:05:26.746199: Starting model selection
NAUTILUS=>2021-06-10 16:05:26.746215: Materializing training data
NAUTILUS=>2021-06-10 16:05:26.977302: Completed materializing training data. Elapsed time: 0:00:00.231087
NAUTILUS=>2021-06-10 16:05:26.977314: Generating intermediate features
NAUTILUS=>2021-06-10 16:05:35.562155: Completed generating intermediate features. Elapsed time: 0:00:08.584841
NAUTILUS=>2021-06-10 16:05:35.562175: Starting model training
NAUTILUS=>2021-06-10 16:07:52.226071: Completed model training. Elapsed time: 0:02:16.663896
NAUTILUS=>2021-06-10 16:07:52.226071: Cycle: 7, Model: 0, loss: [0.7429406046867371, 0.41617387533187866, 0.3141155242919922, 0.2321396768093109, 0.16836190223693848]
NAUTILUS=>2021-06-10 16:07:52.226071: Cycle: 7, Model: 0, accuracy: [0.7450994849205017, 0.854579746723175, 0.8920932412147522, 0.919238269329071, 0.9440600872039795]
NAUTILUS=>2021-06-10 16:07:52.226071: Cycle: 7, Model: 0, val_loss: [0.2779669761657715, 0.21177010238170624, 0.20690412819385529, 0.19436658918857574, 0.19783905148506165]
NAUTILUS=>2021-06-10 16:07:52.226071: Cycle: 7, Model: 0, val_accuracy: [0.8999613523483276, 0.9270884394645691, 0.9292905926704407, 0.9360984563827515, 0.9413207173347473]
NAUTILUS=>2021-06-10 16:07:52.226071: Cycle: 7, Model: 1, loss: [0.7837805151939392, 0.44469311833381653, 0.348510205745697, 0.28804630041122437, 0.2342430055141449]
NAUTILUS=>2021-06-10 16:07:52.226071: Cycle: 7, Model: 1, accuracy: [0.7288990020751953, 0.8413757085800171, 0.8789231777191162, 0.9021744132041931, 0.9223880171775818]
NAUTILUS=>2021-06-10 16:07:52.226071: Cycle: 7, Model: 1, val_loss: [0.27567121386528015, 0.22593429684638977, 0.20767202973365784, 0.19219334423542023, 0.1974244862794876]
NAUTILUS=>2021-06-10 16:07:52.226071: Cycle: 7, Model: 1, val_accuracy: [0.8999620079994202, 0.9196134805679321, 0.9283897876739502, 0.9324830770492554, 0.9366925954818726]
NAUTILUS=>2021-06-10 16:07:52.226134: Starting to generating the best model
NAUTILUS=>2021-06-10 16:07:57.865429: Completed generating the best model. Elapsed time: 0:00:05.639295
NAUTILUS=>2021-06-10 16:07:57.865429: Cycle: 7, Best Model: 0
NAUTILUS=>2021-06-10 16:07:57.865429: Cycle: 7, Best model loss: [0.7429406046867371, 0.41617387533187866, 0.3141155242919922, 0.2321396768093109, 0.16836190223693848]
NAUTILUS=>2021-06-10 16:07:57.865429: Cycle: 7, Best model accuracy: [0.7450994849205017, 0.854579746723175, 0.8920932412147522, 0.919238269329071, 0.9440600872039795]
NAUTILUS=>2021-06-10 16:07:57.865429: Cycle: 7, Best model val_loss: [0.2779669761657715, 0.21177010238170624, 0.20690412819385529, 0.19436658918857574, 0.19783905148506165]
NAUTILUS=>2021-06-10 16:07:57.865429: Cycle: 7, Best model val_accuracy: [0.8999613523483276, 0.9270884394645691, 0.9292905926704407, 0.9360984563827515, 0.9413207173347473]
NAUTILUS=>2021-06-10 16:07:58.153414: Completed active learning cycle. Elapsed time: 0:02:31.407215
NAUTILUS=>2021-06-10 16:07:58.153431: ========> Active learning cycle: 8
NAUTILUS=>2021-06-10 16:07:58.153435: Starting data loading
NAUTILUS=>2021-06-10 16:08:34.267741: Completed data loading. Elapsed time: 0:00:36.114306
NAUTILUS=>2021-06-10 16:08:34.267758: Starting model selection
NAUTILUS=>2021-06-10 16:08:34.267774: Materializing training data
NAUTILUS=>2021-06-10 16:08:34.494138: Completed materializing training data. Elapsed time: 0:00:00.226364
NAUTILUS=>2021-06-10 16:08:34.494148: Generating intermediate features
NAUTILUS=>2021-06-10 16:08:43.055147: Completed generating intermediate features. Elapsed time: 0:00:08.560999
NAUTILUS=>2021-06-10 16:08:43.055167: Starting model training
NAUTILUS=>2021-06-10 16:11:17.658016: Completed model training. Elapsed time: 0:02:34.602849
NAUTILUS=>2021-06-10 16:11:17.658016: Cycle: 8, Model: 0, loss: [0.6422089338302612, 0.3844492733478546, 0.28908032178878784, 0.21263442933559418, 0.14633886516094208]
NAUTILUS=>2021-06-10 16:11:17.658016: Cycle: 8, Model: 0, accuracy: [0.7734244465827942, 0.8666433691978455, 0.8974207043647766, 0.9283207058906555, 0.9494595527648926]
NAUTILUS=>2021-06-10 16:11:17.658016: Cycle: 8, Model: 0, val_loss: [0.2406042218208313, 0.21425504982471466, 0.21277858316898346, 0.19411876797676086, 0.19193202257156372]
NAUTILUS=>2021-06-10 16:11:17.658016: Cycle: 8, Model: 0, val_accuracy: [0.9107753038406372, 0.9231066107749939, 0.9251222014427185, 0.9313637018203735, 0.9408921599388123]
NAUTILUS=>2021-06-10 16:11:17.658016: Cycle: 8, Model: 1, loss: [0.6691060662269592, 0.40268272161483765, 0.31815558671951294, 0.25770482420921326, 0.204195037484169]
NAUTILUS=>2021-06-10 16:11:17.658016: Cycle: 8, Model: 1, accuracy: [0.7611463069915771, 0.8572436571121216, 0.8874400854110718, 0.9109997749328613, 0.931080162525177]
NAUTILUS=>2021-06-10 16:11:17.658016: Cycle: 8, Model: 1, val_loss: [0.25698330998420715, 0.22478343546390533, 0.2072562575340271, 0.19976705312728882, 0.18766990303993225]
NAUTILUS=>2021-06-10 16:11:17.658016: Cycle: 8, Model: 1, val_accuracy: [0.9075404405593872, 0.9188306331634521, 0.9288438558578491, 0.9297025799751282, 0.9390575885772705]
NAUTILUS=>2021-06-10 16:11:17.658080: Starting to generating the best model
NAUTILUS=>2021-06-10 16:11:23.281935: Completed generating the best model. Elapsed time: 0:00:05.623855
NAUTILUS=>2021-06-10 16:11:23.281935: Cycle: 8, Best Model: 0
NAUTILUS=>2021-06-10 16:11:23.281935: Cycle: 8, Best model loss: [0.6422089338302612, 0.3844492733478546, 0.28908032178878784, 0.21263442933559418, 0.14633886516094208]
NAUTILUS=>2021-06-10 16:11:23.281935: Cycle: 8, Best model accuracy: [0.7734244465827942, 0.8666433691978455, 0.8974207043647766, 0.9283207058906555, 0.9494595527648926]
NAUTILUS=>2021-06-10 16:11:23.281935: Cycle: 8, Best model val_loss: [0.2406042218208313, 0.21425504982471466, 0.21277858316898346, 0.19411876797676086, 0.19193202257156372]
NAUTILUS=>2021-06-10 16:11:23.281935: Cycle: 8, Best model val_accuracy: [0.9107753038406372, 0.9231066107749939, 0.9251222014427185, 0.9313637018203735, 0.9408921599388123]
NAUTILUS=>2021-06-10 16:11:23.573725: Completed active learning cycle. Elapsed time: 0:02:49.305967
NAUTILUS=>2021-06-10 16:11:23.573742: ========> Active learning cycle: 9
NAUTILUS=>2021-06-10 16:11:23.573746: Starting data loading
NAUTILUS=>2021-06-10 16:11:52.734906: Completed data loading. Elapsed time: 0:00:29.161160
NAUTILUS=>2021-06-10 16:11:52.734923: Starting model selection
NAUTILUS=>2021-06-10 16:11:52.734939: Materializing training data
NAUTILUS=>2021-06-10 16:11:52.964112: Completed materializing training data. Elapsed time: 0:00:00.229173
NAUTILUS=>2021-06-10 16:11:52.964123: Generating intermediate features
NAUTILUS=>2021-06-10 16:12:01.563221: Completed generating intermediate features. Elapsed time: 0:00:08.599098
NAUTILUS=>2021-06-10 16:12:01.563241: Starting model training
NAUTILUS=>2021-06-10 16:14:52.938605: Completed model training. Elapsed time: 0:02:51.375364
NAUTILUS=>2021-06-10 16:14:52.938605: Cycle: 9, Model: 0, loss: [0.6126916408538818, 0.35159045457839966, 0.2652553915977478, 0.1846533715724945, 0.129594624042511]
NAUTILUS=>2021-06-10 16:14:52.938605: Cycle: 9, Model: 0, accuracy: [0.782750129699707, 0.8743789196014404, 0.9060102105140686, 0.9351722002029419, 0.9566089510917664]
NAUTILUS=>2021-06-10 16:14:52.938605: Cycle: 9, Model: 0, val_loss: [0.22727499902248383, 0.22034218907356262, 0.1905757486820221, 0.18377065658569336, 0.1633635312318802]
NAUTILUS=>2021-06-10 16:14:52.938605: Cycle: 9, Model: 0, val_accuracy: [0.9151834845542908, 0.9244863986968994, 0.9283486008644104, 0.9416084289550781, 0.9477421641349792]
NAUTILUS=>2021-06-10 16:14:52.938605: Cycle: 9, Model: 1, loss: [0.6249964833259583, 0.3707815110683441, 0.29248443245887756, 0.23183183372020721, 0.18654267489910126]
NAUTILUS=>2021-06-10 16:14:52.938605: Cycle: 9, Model: 1, accuracy: [0.7771260142326355, 0.8655697703361511, 0.8967788815498352, 0.9194930195808411, 0.9382427334785461]
NAUTILUS=>2021-06-10 16:14:52.938605: Cycle: 9, Model: 1, val_loss: [0.244395911693573, 0.2182716727256775, 0.18948379158973694, 0.18671999871730804, 0.1788182556629181]
NAUTILUS=>2021-06-10 16:14:52.938605: Cycle: 9, Model: 1, val_accuracy: [0.9077920913696289, 0.9242942333221436, 0.930309534072876, 0.9360260963439941, 0.9390482306480408]
NAUTILUS=>2021-06-10 16:14:52.938668: Starting to generating the best model
NAUTILUS=>2021-06-10 16:14:58.605753: Completed generating the best model. Elapsed time: 0:00:05.667085
NAUTILUS=>2021-06-10 16:14:58.605753: Cycle: 9, Best Model: 0
NAUTILUS=>2021-06-10 16:14:58.605753: Cycle: 9, Best model loss: [0.6126916408538818, 0.35159045457839966, 0.2652553915977478, 0.1846533715724945, 0.129594624042511]
NAUTILUS=>2021-06-10 16:14:58.605753: Cycle: 9, Best model accuracy: [0.782750129699707, 0.8743789196014404, 0.9060102105140686, 0.9351722002029419, 0.9566089510917664]
NAUTILUS=>2021-06-10 16:14:58.605753: Cycle: 9, Best model val_loss: [0.22727499902248383, 0.22034218907356262, 0.1905757486820221, 0.18377065658569336, 0.1633635312318802]
NAUTILUS=>2021-06-10 16:14:58.605753: Cycle: 9, Best model val_accuracy: [0.9151834845542908, 0.9244863986968994, 0.9283486008644104, 0.9416084289550781, 0.9477421641349792]
NAUTILUS=>2021-06-10 16:14:58.896439: Completed active learning cycle. Elapsed time: 0:03:06.161516
NAUTILUS=>2021-06-10 16:14:58.896457: ========> Active learning cycle: 10
NAUTILUS=>2021-06-10 16:14:58.896461: Starting data loading
NAUTILUS=>2021-06-10 16:15:30.974682: Completed data loading. Elapsed time: 0:00:32.078221
NAUTILUS=>2021-06-10 16:15:30.974700: Starting model selection
NAUTILUS=>2021-06-10 16:15:30.974715: Materializing training data
NAUTILUS=>2021-06-10 16:15:31.202710: Completed materializing training data. Elapsed time: 0:00:00.227995
NAUTILUS=>2021-06-10 16:15:31.202721: Generating intermediate features
NAUTILUS=>2021-06-10 16:15:39.798181: Completed generating intermediate features. Elapsed time: 0:00:08.595460
NAUTILUS=>2021-06-10 16:15:39.798201: Starting model training
NAUTILUS=>2021-06-10 16:18:48.486322: Completed model training. Elapsed time: 0:03:08.688121
NAUTILUS=>2021-06-10 16:18:48.486322: Cycle: 10, Model: 0, loss: [0.5474427342414856, 0.32159724831581116, 0.24021634459495544, 0.17613749206066132, 0.11363210529088974]
NAUTILUS=>2021-06-10 16:18:48.486322: Cycle: 10, Model: 0, accuracy: [0.8071882128715515, 0.8842640519142151, 0.9174933433532715, 0.9397501349449158, 0.962329089641571]
NAUTILUS=>2021-06-10 16:18:48.486322: Cycle: 10, Model: 0, val_loss: [0.22773052752017975, 0.19319269061088562, 0.16940858960151672, 0.17923419177532196, 0.1688823699951172]
NAUTILUS=>2021-06-10 16:18:48.486322: Cycle: 10, Model: 0, val_accuracy: [0.9203367233276367, 0.9337536096572876, 0.945194661617279, 0.9456009864807129, 0.9495337605476379]
NAUTILUS=>2021-06-10 16:18:48.486322: Cycle: 10, Model: 1, loss: [0.579147458076477, 0.33859261870384216, 0.2670433223247528, 0.2187303602695465, 0.17119431495666504]
NAUTILUS=>2021-06-10 16:18:48.486322: Cycle: 10, Model: 1, accuracy: [0.7935951948165894, 0.876946210861206, 0.9057857990264893, 0.9245325922966003, 0.9432145953178406]
NAUTILUS=>2021-06-10 16:18:48.486322: Cycle: 10, Model: 1, val_loss: [0.23370946943759918, 0.19887806475162506, 0.17897149920463562, 0.18271762132644653, 0.16796046495437622]
NAUTILUS=>2021-06-10 16:18:48.486322: Cycle: 10, Model: 1, val_accuracy: [0.9150077700614929, 0.9290444850921631, 0.9395113587379456, 0.9390177130699158, 0.9473192691802979]
NAUTILUS=>2021-06-10 16:18:48.486386: Starting to generating the best model
NAUTILUS=>2021-06-10 16:18:54.141993: Completed generating the best model. Elapsed time: 0:00:05.655607
NAUTILUS=>2021-06-10 16:18:54.141993: Cycle: 10, Best Model: 0
NAUTILUS=>2021-06-10 16:18:54.141993: Cycle: 10, Best model loss: [0.5474427342414856, 0.32159724831581116, 0.24021634459495544, 0.17613749206066132, 0.11363210529088974]
NAUTILUS=>2021-06-10 16:18:54.141993: Cycle: 10, Best model accuracy: [0.8071882128715515, 0.8842640519142151, 0.9174933433532715, 0.9397501349449158, 0.962329089641571]
NAUTILUS=>2021-06-10 16:18:54.141993: Cycle: 10, Best model val_loss: [0.22773052752017975, 0.19319269061088562, 0.16940858960151672, 0.17923419177532196, 0.1688823699951172]
NAUTILUS=>2021-06-10 16:18:54.141993: Cycle: 10, Best model val_accuracy: [0.9203367233276367, 0.9337536096572876, 0.945194661617279, 0.9456009864807129, 0.9495337605476379]
NAUTILUS=>2021-06-10 16:18:54.432657: Completed active learning cycle. Elapsed time: 0:03:23.457957
NAUTILUS=>2021-06-10 16:18:54.432675: Workload completed. Elapsed time: 0:27:33.836960
