NAUTILUS=>2021-06-10 14:13:55.849047: Starting workload
NAUTILUS=>2021-06-10 14:13:55.849047: RANDOM_SEED: 2020
NAUTILUS=>2021-06-10 14:13:55.849047: VERY_LARGE_VALUE: 1000000000000000.0
NAUTILUS=>2021-06-10 14:13:55.849047: NO_MAT_OPT: True
NAUTILUS=>2021-06-10 14:13:55.849047: MODE: ftr3-1
NAUTILUS=>2021-06-10 14:13:55.849047: STORAGE_PATH: ./storage
NAUTILUS=>2021-06-10 14:13:55.849047: NO_FUSE_OPT: False
NAUTILUS=>2021-06-10 14:13:55.849047: NUM_EPOCHS: 5
NAUTILUS=>2021-06-10 14:13:55.849047: MAX_NUM_RECORDS: 5000
NAUTILUS=>2021-06-10 14:13:55.849047: ACTIVE_LEARNING_BATCH_SIZE: 500
NAUTILUS=>2021-06-10 14:13:55.849047: VALID_FRACTION: 0.2
NAUTILUS=>2021-06-10 14:13:55.849047: SAMPLING_STRATERGY: uncertainty
NAUTILUS=>2021-06-10 14:13:55.849047: NO_PRETRAINING: False
NAUTILUS=>2021-06-10 14:13:55.849047: STORAGE_BUDGET: 25
NAUTILUS=>2021-06-10 14:13:55.849047: MEMORY_BUDGET: 10
NAUTILUS=>2021-06-10 14:13:55.849047: WORKSPACE_MEMORY: 1
NAUTILUS=>2021-06-10 14:13:55.849047: COMPUTE_THROUGHPUT: 6
NAUTILUS=>2021-06-10 14:13:55.849047: DISK_THROUGHPUT: 500
NAUTILUS=>2021-06-10 14:13:55.849047: SHUFFLE_BUFFER_SIZE: 10000
NAUTILUS=>2021-06-10 14:13:55.849095: Starting system initialization
NAUTILUS=>2021-06-10 14:13:56.448465: Starting model profiling
NAUTILUS=>2021-06-10 14:14:13.226929: Completed model profiling. Elapsed time: 0:00:16.778461
NAUTILUS=>2021-06-10 14:14:13.226929: Model parameters
NAUTILUS=>2021-06-10 14:14:13.226976: Generating optimized model selection plan
NAUTILUS=>2021-06-10 14:14:13.239329: Used materialized layers: 
NAUTILUS=>2021-06-10 14:14:13.239329: Model training plan: {"0": {"models": ["0"], "output_layers": ["0/classifier"], "flops_consumption": 746129651525000.0, "compute_flops": 745690198400000.0, "load_flops": 439453125000.0, "memory_consumption": 2.0896159410476685, "used_materialized_layers": [], "batch_size": 16, "num_epochs": [5]}}
NAUTILUS=>2021-06-10 14:14:13.239425: Completed generating optimized model selection plan. Elapsed time: 0:00:00.012448
NAUTILUS=>2021-06-10 14:14:13.239432: Generating fused models
NAUTILUS=>2021-06-10 14:14:19.556347: Completed generating fused models. Elapsed time: 0:00:06.316915
NAUTILUS=>2021-06-10 14:14:19.556347: Current Practice FLOPs: 149138039680.0
NAUTILUS=>2021-06-10 14:14:19.556347: Optimal FLOPs: 37097005440.0
NAUTILUS=>2021-06-10 14:14:19.556347: Theoretical Speedup: 4.020217748335861
NAUTILUS=>2021-06-10 14:14:19.605262: Completed system initialization. Elapsed time: 0:00:23.756167
NAUTILUS=>2021-06-10 14:14:19.605283: ========> Active learning cycle: 1
NAUTILUS=>2021-06-10 14:14:19.605286: Starting data loading
NAUTILUS=>2021-06-10 14:14:35.679463: Completed data loading. Elapsed time: 0:00:16.074177
NAUTILUS=>2021-06-10 14:14:35.679487: Starting model selection
NAUTILUS=>2021-06-10 14:14:35.679505: Materializing training data
NAUTILUS=>2021-06-10 14:14:35.913651: Completed materializing training data. Elapsed time: 0:00:00.234146
NAUTILUS=>2021-06-10 14:14:35.913663: Starting model training
NAUTILUS=>2021-06-10 14:15:12.383214: Completed model training. Elapsed time: 0:00:36.469551
NAUTILUS=>2021-06-10 14:15:12.383214: Cycle: 1, Model: 0, loss: [0.828880786895752, 0.2970868945121765, 0.1905224472284317, 0.12513619661331177, 0.08048418164253235]
NAUTILUS=>2021-06-10 14:15:12.383214: Cycle: 1, Model: 0, accuracy: [0.7468414902687073, 0.8900124430656433, 0.9346765279769897, 0.9563759565353394, 0.9700300097465515]
NAUTILUS=>2021-06-10 14:15:12.383214: Cycle: 1, Model: 0, val_loss: [0.46392127871513367, 0.41468507051467896, 0.3532772362232208, 0.3933575749397278, 0.37415364384651184]
NAUTILUS=>2021-06-10 14:15:12.383214: Cycle: 1, Model: 0, val_accuracy: [0.8359349966049194, 0.8561877608299255, 0.8714163899421692, 0.8704221248626709, 0.8852939605712891]
NAUTILUS=>2021-06-10 14:15:12.383256: Starting to generating the best model
NAUTILUS=>2021-06-10 14:15:19.412292: Completed generating the best model. Elapsed time: 0:00:07.029036
NAUTILUS=>2021-06-10 14:15:19.412292: Cycle: 1, Best Model: 0
NAUTILUS=>2021-06-10 14:15:19.412292: Cycle: 1, Best model loss: [0.828880786895752, 0.2970868945121765, 0.1905224472284317, 0.12513619661331177, 0.08048418164253235]
NAUTILUS=>2021-06-10 14:15:19.412292: Cycle: 1, Best model accuracy: [0.7468414902687073, 0.8900124430656433, 0.9346765279769897, 0.9563759565353394, 0.9700300097465515]
NAUTILUS=>2021-06-10 14:15:19.412292: Cycle: 1, Best model val_loss: [0.46392127871513367, 0.41468507051467896, 0.3532772362232208, 0.3933575749397278, 0.37415364384651184]
NAUTILUS=>2021-06-10 14:15:19.412292: Cycle: 1, Best model val_accuracy: [0.8359349966049194, 0.8561877608299255, 0.8714163899421692, 0.8704221248626709, 0.8852939605712891]
NAUTILUS=>2021-06-10 14:15:19.698943: Completed active learning cycle. Elapsed time: 0:00:44.019456
NAUTILUS=>2021-06-10 14:15:19.698960: ========> Active learning cycle: 2
NAUTILUS=>2021-06-10 14:15:19.698964: Starting data loading
NAUTILUS=>2021-06-10 14:16:08.297946: Completed data loading. Elapsed time: 0:00:48.598982
NAUTILUS=>2021-06-10 14:16:08.297963: Starting model selection
NAUTILUS=>2021-06-10 14:16:08.297978: Materializing training data
NAUTILUS=>2021-06-10 14:16:08.526766: Completed materializing training data. Elapsed time: 0:00:00.228788
NAUTILUS=>2021-06-10 14:16:08.526777: Starting model training
NAUTILUS=>2021-06-10 14:17:04.972512: Completed model training. Elapsed time: 0:00:56.445735
NAUTILUS=>2021-06-10 14:17:04.972512: Cycle: 2, Model: 0, loss: [0.9820088148117065, 0.42822325229644775, 0.27448880672454834, 0.19114276766777039, 0.1252221316099167]
NAUTILUS=>2021-06-10 14:17:04.972512: Cycle: 2, Model: 0, accuracy: [0.6411345601081848, 0.8296785950660706, 0.8881787657737732, 0.9303540587425232, 0.9543465375900269]
NAUTILUS=>2021-06-10 14:17:04.972512: Cycle: 2, Model: 0, val_loss: [0.378217875957489, 0.3470526933670044, 0.2961651682853699, 0.28355538845062256, 0.3051360249519348]
NAUTILUS=>2021-06-10 14:17:04.972512: Cycle: 2, Model: 0, val_accuracy: [0.8639460802078247, 0.8841715455055237, 0.9048786163330078, 0.9142364263534546, 0.9139883518218994]
NAUTILUS=>2021-06-10 14:17:04.972556: Starting to generating the best model
NAUTILUS=>2021-06-10 14:17:12.030022: Completed generating the best model. Elapsed time: 0:00:07.057466
NAUTILUS=>2021-06-10 14:17:12.030022: Cycle: 2, Best Model: 0
NAUTILUS=>2021-06-10 14:17:12.030022: Cycle: 2, Best model loss: [0.9820088148117065, 0.42822325229644775, 0.27448880672454834, 0.19114276766777039, 0.1252221316099167]
NAUTILUS=>2021-06-10 14:17:12.030022: Cycle: 2, Best model accuracy: [0.6411345601081848, 0.8296785950660706, 0.8881787657737732, 0.9303540587425232, 0.9543465375900269]
NAUTILUS=>2021-06-10 14:17:12.030022: Cycle: 2, Best model val_loss: [0.378217875957489, 0.3470526933670044, 0.2961651682853699, 0.28355538845062256, 0.3051360249519348]
NAUTILUS=>2021-06-10 14:17:12.030022: Cycle: 2, Best model val_accuracy: [0.8639460802078247, 0.8841715455055237, 0.9048786163330078, 0.9142364263534546, 0.9139883518218994]
NAUTILUS=>2021-06-10 14:17:12.316317: Completed active learning cycle. Elapsed time: 0:01:04.018354
NAUTILUS=>2021-06-10 14:17:12.316334: ========> Active learning cycle: 3
NAUTILUS=>2021-06-10 14:17:12.316338: Starting data loading
NAUTILUS=>2021-06-10 14:17:52.029543: Completed data loading. Elapsed time: 0:00:39.713205
NAUTILUS=>2021-06-10 14:17:52.029560: Starting model selection
NAUTILUS=>2021-06-10 14:17:52.029574: Materializing training data
NAUTILUS=>2021-06-10 14:17:52.260473: Completed materializing training data. Elapsed time: 0:00:00.230899
NAUTILUS=>2021-06-10 14:17:52.260487: Starting model training
NAUTILUS=>2021-06-10 14:19:07.567381: Completed model training. Elapsed time: 0:01:15.306894
NAUTILUS=>2021-06-10 14:19:07.567381: Cycle: 3, Model: 0, loss: [1.0116958618164062, 0.5012407898902893, 0.3956834673881531, 0.28128015995025635, 0.19000855088233948]
NAUTILUS=>2021-06-10 14:19:07.567381: Cycle: 3, Model: 0, accuracy: [0.6445509195327759, 0.8220116496086121, 0.8616120219230652, 0.8997690677642822, 0.9390742182731628]
NAUTILUS=>2021-06-10 14:19:07.567381: Cycle: 3, Model: 0, val_loss: [0.34767022728919983, 0.30817028880119324, 0.29628774523735046, 0.29296040534973145, 0.28563958406448364]
NAUTILUS=>2021-06-10 14:19:07.567381: Cycle: 3, Model: 0, val_accuracy: [0.8828522562980652, 0.8950701951980591, 0.8995355367660522, 0.9069330096244812, 0.9136077761650085]
NAUTILUS=>2021-06-10 14:19:07.567425: Starting to generating the best model
NAUTILUS=>2021-06-10 14:19:14.621538: Completed generating the best model. Elapsed time: 0:00:07.054113
NAUTILUS=>2021-06-10 14:19:14.621538: Cycle: 3, Best Model: 0
NAUTILUS=>2021-06-10 14:19:14.621538: Cycle: 3, Best model loss: [1.0116958618164062, 0.5012407898902893, 0.3956834673881531, 0.28128015995025635, 0.19000855088233948]
NAUTILUS=>2021-06-10 14:19:14.621538: Cycle: 3, Best model accuracy: [0.6445509195327759, 0.8220116496086121, 0.8616120219230652, 0.8997690677642822, 0.9390742182731628]
NAUTILUS=>2021-06-10 14:19:14.621538: Cycle: 3, Best model val_loss: [0.34767022728919983, 0.30817028880119324, 0.29628774523735046, 0.29296040534973145, 0.28563958406448364]
NAUTILUS=>2021-06-10 14:19:14.621538: Cycle: 3, Best model val_accuracy: [0.8828522562980652, 0.8950701951980591, 0.8995355367660522, 0.9069330096244812, 0.9136077761650085]
NAUTILUS=>2021-06-10 14:19:14.908077: Completed active learning cycle. Elapsed time: 0:01:22.878517
NAUTILUS=>2021-06-10 14:19:14.908095: ========> Active learning cycle: 4
NAUTILUS=>2021-06-10 14:19:14.908098: Starting data loading
NAUTILUS=>2021-06-10 14:19:59.547293: Completed data loading. Elapsed time: 0:00:44.639195
NAUTILUS=>2021-06-10 14:19:59.547311: Starting model selection
NAUTILUS=>2021-06-10 14:19:59.547325: Materializing training data
NAUTILUS=>2021-06-10 14:19:59.775733: Completed materializing training data. Elapsed time: 0:00:00.228408
NAUTILUS=>2021-06-10 14:19:59.775743: Starting model training
NAUTILUS=>2021-06-10 14:21:34.714924: Completed model training. Elapsed time: 0:01:34.939181
NAUTILUS=>2021-06-10 14:21:34.714924: Cycle: 4, Model: 0, loss: [0.9310351014137268, 0.527435302734375, 0.37478718161582947, 0.2821058928966522, 0.22204247117042542]
NAUTILUS=>2021-06-10 14:21:34.714924: Cycle: 4, Model: 0, accuracy: [0.6820001006126404, 0.8084259629249573, 0.8710758686065674, 0.9058571457862854, 0.9274370670318604]
NAUTILUS=>2021-06-10 14:21:34.714924: Cycle: 4, Model: 0, val_loss: [0.3199591338634491, 0.252529501914978, 0.2687457799911499, 0.2459704726934433, 0.24149513244628906]
NAUTILUS=>2021-06-10 14:21:34.714924: Cycle: 4, Model: 0, val_accuracy: [0.881357729434967, 0.9091299176216125, 0.9156813025474548, 0.9164987206459045, 0.9243326783180237]
NAUTILUS=>2021-06-10 14:21:34.714968: Starting to generating the best model
NAUTILUS=>2021-06-10 14:21:41.737358: Completed generating the best model. Elapsed time: 0:00:07.022390
NAUTILUS=>2021-06-10 14:21:41.737358: Cycle: 4, Best Model: 0
NAUTILUS=>2021-06-10 14:21:41.737358: Cycle: 4, Best model loss: [0.9310351014137268, 0.527435302734375, 0.37478718161582947, 0.2821058928966522, 0.22204247117042542]
NAUTILUS=>2021-06-10 14:21:41.737358: Cycle: 4, Best model accuracy: [0.6820001006126404, 0.8084259629249573, 0.8710758686065674, 0.9058571457862854, 0.9274370670318604]
NAUTILUS=>2021-06-10 14:21:41.737358: Cycle: 4, Best model val_loss: [0.3199591338634491, 0.252529501914978, 0.2687457799911499, 0.2459704726934433, 0.24149513244628906]
NAUTILUS=>2021-06-10 14:21:41.737358: Cycle: 4, Best model val_accuracy: [0.881357729434967, 0.9091299176216125, 0.9156813025474548, 0.9164987206459045, 0.9243326783180237]
NAUTILUS=>2021-06-10 14:21:42.024412: Completed active learning cycle. Elapsed time: 0:01:42.477101
NAUTILUS=>2021-06-10 14:21:42.024429: ========> Active learning cycle: 5
NAUTILUS=>2021-06-10 14:21:42.024433: Starting data loading
NAUTILUS=>2021-06-10 14:22:18.253796: Completed data loading. Elapsed time: 0:00:36.229363
NAUTILUS=>2021-06-10 14:22:18.253814: Starting model selection
NAUTILUS=>2021-06-10 14:22:18.253828: Materializing training data
NAUTILUS=>2021-06-10 14:22:18.480770: Completed materializing training data. Elapsed time: 0:00:00.226942
NAUTILUS=>2021-06-10 14:22:18.480779: Starting model training
NAUTILUS=>2021-06-10 14:24:12.085339: Completed model training. Elapsed time: 0:01:53.604560
NAUTILUS=>2021-06-10 14:24:12.085339: Cycle: 5, Model: 0, loss: [0.8705782890319824, 0.4843384325504303, 0.3648371696472168, 0.26306506991386414, 0.1942427009344101]
NAUTILUS=>2021-06-10 14:24:12.085339: Cycle: 5, Model: 0, accuracy: [0.6950788497924805, 0.832629382610321, 0.8735767602920532, 0.9103432297706604, 0.9395706653594971]
NAUTILUS=>2021-06-10 14:24:12.085339: Cycle: 5, Model: 0, val_loss: [0.2951664924621582, 0.2522805333137512, 0.23962317407131195, 0.23564542829990387, 0.25555774569511414]
NAUTILUS=>2021-06-10 14:24:12.085339: Cycle: 5, Model: 0, val_accuracy: [0.8916879296302795, 0.9133204817771912, 0.9215137362480164, 0.9173468351364136, 0.9187820553779602]
NAUTILUS=>2021-06-10 14:24:12.085381: Starting to generating the best model
NAUTILUS=>2021-06-10 14:24:19.092336: Completed generating the best model. Elapsed time: 0:00:07.006955
NAUTILUS=>2021-06-10 14:24:19.092336: Cycle: 5, Best Model: 0
NAUTILUS=>2021-06-10 14:24:19.092336: Cycle: 5, Best model loss: [0.8705782890319824, 0.4843384325504303, 0.3648371696472168, 0.26306506991386414, 0.1942427009344101]
NAUTILUS=>2021-06-10 14:24:19.092336: Cycle: 5, Best model accuracy: [0.6950788497924805, 0.832629382610321, 0.8735767602920532, 0.9103432297706604, 0.9395706653594971]
NAUTILUS=>2021-06-10 14:24:19.092336: Cycle: 5, Best model val_loss: [0.2951664924621582, 0.2522805333137512, 0.23962317407131195, 0.23564542829990387, 0.25555774569511414]
NAUTILUS=>2021-06-10 14:24:19.092336: Cycle: 5, Best model val_accuracy: [0.8916879296302795, 0.9133204817771912, 0.9215137362480164, 0.9173468351364136, 0.9187820553779602]
NAUTILUS=>2021-06-10 14:24:19.379060: Completed active learning cycle. Elapsed time: 0:02:01.125246
NAUTILUS=>2021-06-10 14:24:19.379078: ========> Active learning cycle: 6
NAUTILUS=>2021-06-10 14:24:19.379081: Starting data loading
NAUTILUS=>2021-06-10 14:24:59.871300: Completed data loading. Elapsed time: 0:00:40.492219
NAUTILUS=>2021-06-10 14:24:59.871316: Starting model selection
NAUTILUS=>2021-06-10 14:24:59.871330: Materializing training data
NAUTILUS=>2021-06-10 14:25:00.099377: Completed materializing training data. Elapsed time: 0:00:00.228047
NAUTILUS=>2021-06-10 14:25:00.099392: Starting model training
NAUTILUS=>2021-06-10 14:27:13.331257: Completed model training. Elapsed time: 0:02:13.231865
NAUTILUS=>2021-06-10 14:27:13.331257: Cycle: 6, Model: 0, loss: [0.7821237444877625, 0.4560748338699341, 0.34146201610565186, 0.24054598808288574, 0.17656312882900238]
NAUTILUS=>2021-06-10 14:27:13.331257: Cycle: 6, Model: 0, accuracy: [0.7363547086715698, 0.8426153063774109, 0.8838358521461487, 0.9188840985298157, 0.9418019652366638]
NAUTILUS=>2021-06-10 14:27:13.331257: Cycle: 6, Model: 0, val_loss: [0.30053067207336426, 0.22791053354740143, 0.2053675651550293, 0.2417241632938385, 0.21723772585391998]
NAUTILUS=>2021-06-10 14:27:13.331257: Cycle: 6, Model: 0, val_accuracy: [0.8945505619049072, 0.9243260622024536, 0.9291353225708008, 0.9271458983421326, 0.9356260299682617]
NAUTILUS=>2021-06-10 14:27:13.331299: Starting to generating the best model
NAUTILUS=>2021-06-10 14:27:20.404613: Completed generating the best model. Elapsed time: 0:00:07.073314
NAUTILUS=>2021-06-10 14:27:20.404613: Cycle: 6, Best Model: 0
NAUTILUS=>2021-06-10 14:27:20.404613: Cycle: 6, Best model loss: [0.7821237444877625, 0.4560748338699341, 0.34146201610565186, 0.24054598808288574, 0.17656312882900238]
NAUTILUS=>2021-06-10 14:27:20.404613: Cycle: 6, Best model accuracy: [0.7363547086715698, 0.8426153063774109, 0.8838358521461487, 0.9188840985298157, 0.9418019652366638]
NAUTILUS=>2021-06-10 14:27:20.404613: Cycle: 6, Best model val_loss: [0.30053067207336426, 0.22791053354740143, 0.2053675651550293, 0.2417241632938385, 0.21723772585391998]
NAUTILUS=>2021-06-10 14:27:20.404613: Cycle: 6, Best model val_accuracy: [0.8945505619049072, 0.9243260622024536, 0.9291353225708008, 0.9271458983421326, 0.9356260299682617]
NAUTILUS=>2021-06-10 14:27:20.691468: Completed active learning cycle. Elapsed time: 0:02:20.820152
NAUTILUS=>2021-06-10 14:27:20.691486: ========> Active learning cycle: 7
NAUTILUS=>2021-06-10 14:27:20.691489: Starting data loading
NAUTILUS=>2021-06-10 14:27:53.401346: Completed data loading. Elapsed time: 0:00:32.709857
NAUTILUS=>2021-06-10 14:27:53.401362: Starting model selection
NAUTILUS=>2021-06-10 14:27:53.401376: Materializing training data
NAUTILUS=>2021-06-10 14:27:53.629918: Completed materializing training data. Elapsed time: 0:00:00.228542
NAUTILUS=>2021-06-10 14:27:53.629929: Starting model training
NAUTILUS=>2021-06-10 14:30:25.800103: Completed model training. Elapsed time: 0:02:32.170174
NAUTILUS=>2021-06-10 14:30:25.800103: Cycle: 7, Model: 0, loss: [0.7158113121986389, 0.41452857851982117, 0.30184072256088257, 0.2144135981798172, 0.15639635920524597]
NAUTILUS=>2021-06-10 14:30:25.800103: Cycle: 7, Model: 0, accuracy: [0.7478106617927551, 0.8519712686538696, 0.8949820399284363, 0.9273908138275146, 0.9487240314483643]
NAUTILUS=>2021-06-10 14:30:25.800103: Cycle: 7, Model: 0, val_loss: [0.24255409836769104, 0.2063114494085312, 0.204238623380661, 0.20280663669109344, 0.20455889403820038]
NAUTILUS=>2021-06-10 14:30:25.800103: Cycle: 7, Model: 0, val_accuracy: [0.9124501943588257, 0.9288287162780762, 0.9348369240760803, 0.9387280941009521, 0.935883104801178]
NAUTILUS=>2021-06-10 14:30:25.800146: Starting to generating the best model
NAUTILUS=>2021-06-10 14:30:32.833699: Completed generating the best model. Elapsed time: 0:00:07.033553
NAUTILUS=>2021-06-10 14:30:32.833699: Cycle: 7, Best Model: 0
NAUTILUS=>2021-06-10 14:30:32.833699: Cycle: 7, Best model loss: [0.7158113121986389, 0.41452857851982117, 0.30184072256088257, 0.2144135981798172, 0.15639635920524597]
NAUTILUS=>2021-06-10 14:30:32.833699: Cycle: 7, Best model accuracy: [0.7478106617927551, 0.8519712686538696, 0.8949820399284363, 0.9273908138275146, 0.9487240314483643]
NAUTILUS=>2021-06-10 14:30:32.833699: Cycle: 7, Best model val_loss: [0.24255409836769104, 0.2063114494085312, 0.204238623380661, 0.20280663669109344, 0.20455889403820038]
NAUTILUS=>2021-06-10 14:30:32.833699: Cycle: 7, Best model val_accuracy: [0.9124501943588257, 0.9288287162780762, 0.9348369240760803, 0.9387280941009521, 0.935883104801178]
NAUTILUS=>2021-06-10 14:30:33.120999: Completed active learning cycle. Elapsed time: 0:02:39.719637
NAUTILUS=>2021-06-10 14:30:33.121017: ========> Active learning cycle: 8
NAUTILUS=>2021-06-10 14:30:33.121021: Starting data loading
NAUTILUS=>2021-06-10 14:31:09.291336: Completed data loading. Elapsed time: 0:00:36.170315
NAUTILUS=>2021-06-10 14:31:09.291353: Starting model selection
NAUTILUS=>2021-06-10 14:31:09.291368: Materializing training data
NAUTILUS=>2021-06-10 14:31:09.526242: Completed materializing training data. Elapsed time: 0:00:00.234874
NAUTILUS=>2021-06-10 14:31:09.526253: Starting model training
NAUTILUS=>2021-06-10 14:34:00.984224: Completed model training. Elapsed time: 0:02:51.457971
NAUTILUS=>2021-06-10 14:34:00.984224: Cycle: 8, Model: 0, loss: [0.6679090857505798, 0.38327479362487793, 0.28893086314201355, 0.21026381850242615, 0.14816033840179443]
NAUTILUS=>2021-06-10 14:34:00.984224: Cycle: 8, Model: 0, accuracy: [0.7660524249076843, 0.8662323951721191, 0.898578941822052, 0.9302430748939514, 0.9494640827178955]
NAUTILUS=>2021-06-10 14:34:00.984224: Cycle: 8, Model: 0, val_loss: [0.24139820039272308, 0.20534473657608032, 0.1801099181175232, 0.1987348198890686, 0.18595322966575623]
NAUTILUS=>2021-06-10 14:34:00.984224: Cycle: 8, Model: 0, val_accuracy: [0.9110164046287537, 0.9237481951713562, 0.9376458525657654, 0.9307477474212646, 0.9432650208473206]
NAUTILUS=>2021-06-10 14:34:00.984267: Starting to generating the best model
NAUTILUS=>2021-06-10 14:34:07.987826: Completed generating the best model. Elapsed time: 0:00:07.003559
NAUTILUS=>2021-06-10 14:34:07.987826: Cycle: 8, Best Model: 0
NAUTILUS=>2021-06-10 14:34:07.987826: Cycle: 8, Best model loss: [0.6679090857505798, 0.38327479362487793, 0.28893086314201355, 0.21026381850242615, 0.14816033840179443]
NAUTILUS=>2021-06-10 14:34:07.987826: Cycle: 8, Best model accuracy: [0.7660524249076843, 0.8662323951721191, 0.898578941822052, 0.9302430748939514, 0.9494640827178955]
NAUTILUS=>2021-06-10 14:34:07.987826: Cycle: 8, Best model val_loss: [0.24139820039272308, 0.20534473657608032, 0.1801099181175232, 0.1987348198890686, 0.18595322966575623]
NAUTILUS=>2021-06-10 14:34:07.987826: Cycle: 8, Best model val_accuracy: [0.9110164046287537, 0.9237481951713562, 0.9376458525657654, 0.9307477474212646, 0.9432650208473206]
NAUTILUS=>2021-06-10 14:34:08.281356: Completed active learning cycle. Elapsed time: 0:02:58.990003
NAUTILUS=>2021-06-10 14:34:08.281374: ========> Active learning cycle: 9
NAUTILUS=>2021-06-10 14:34:08.281379: Starting data loading
NAUTILUS=>2021-06-10 14:34:37.565815: Completed data loading. Elapsed time: 0:00:29.284436
NAUTILUS=>2021-06-10 14:34:37.565832: Starting model selection
NAUTILUS=>2021-06-10 14:34:37.565846: Materializing training data
NAUTILUS=>2021-06-10 14:34:37.798239: Completed materializing training data. Elapsed time: 0:00:00.232393
NAUTILUS=>2021-06-10 14:34:37.798253: Starting model training
NAUTILUS=>2021-06-10 14:37:52.085769: Completed model training. Elapsed time: 0:03:14.287516
NAUTILUS=>2021-06-10 14:37:52.085769: Cycle: 9, Model: 0, loss: [0.6053896546363831, 0.3618090748786926, 0.2659575045108795, 0.1937825232744217, 0.13469375669956207]
NAUTILUS=>2021-06-10 14:37:52.085769: Cycle: 9, Model: 0, accuracy: [0.7888922691345215, 0.8713904023170471, 0.9110022783279419, 0.9364010691642761, 0.9580638408660889]
NAUTILUS=>2021-06-10 14:37:52.085769: Cycle: 9, Model: 0, val_loss: [0.23552915453910828, 0.2317892611026764, 0.1818627566099167, 0.18885192275047302, 0.17970135807991028]
NAUTILUS=>2021-06-10 14:37:52.085769: Cycle: 9, Model: 0, val_accuracy: [0.9129404425621033, 0.9194937944412231, 0.9407678842544556, 0.9434987306594849, 0.9458932280540466]
NAUTILUS=>2021-06-10 14:37:52.085811: Starting to generating the best model
NAUTILUS=>2021-06-10 14:37:59.155733: Completed generating the best model. Elapsed time: 0:00:07.069922
NAUTILUS=>2021-06-10 14:37:59.155733: Cycle: 9, Best Model: 0
NAUTILUS=>2021-06-10 14:37:59.155733: Cycle: 9, Best model loss: [0.6053896546363831, 0.3618090748786926, 0.2659575045108795, 0.1937825232744217, 0.13469375669956207]
NAUTILUS=>2021-06-10 14:37:59.155733: Cycle: 9, Best model accuracy: [0.7888922691345215, 0.8713904023170471, 0.9110022783279419, 0.9364010691642761, 0.9580638408660889]
NAUTILUS=>2021-06-10 14:37:59.155733: Cycle: 9, Best model val_loss: [0.23552915453910828, 0.2317892611026764, 0.1818627566099167, 0.18885192275047302, 0.17970135807991028]
NAUTILUS=>2021-06-10 14:37:59.155733: Cycle: 9, Best model val_accuracy: [0.9129404425621033, 0.9194937944412231, 0.9407678842544556, 0.9434987306594849, 0.9458932280540466]
NAUTILUS=>2021-06-10 14:37:59.448406: Completed active learning cycle. Elapsed time: 0:03:21.882574
NAUTILUS=>2021-06-10 14:37:59.448424: ========> Active learning cycle: 10
NAUTILUS=>2021-06-10 14:37:59.448428: Starting data loading
NAUTILUS=>2021-06-10 14:38:31.430403: Completed data loading. Elapsed time: 0:00:31.981975
NAUTILUS=>2021-06-10 14:38:31.430420: Starting model selection
NAUTILUS=>2021-06-10 14:38:31.430435: Materializing training data
NAUTILUS=>2021-06-10 14:38:31.659442: Completed materializing training data. Elapsed time: 0:00:00.229007
NAUTILUS=>2021-06-10 14:38:31.659452: Starting model training
NAUTILUS=>2021-06-10 14:42:01.463760: Completed model training. Elapsed time: 0:03:29.804308
NAUTILUS=>2021-06-10 14:42:01.463760: Cycle: 10, Model: 0, loss: [0.5360718965530396, 0.3214600086212158, 0.24142220616340637, 0.16793838143348694, 0.11436989903450012]
NAUTILUS=>2021-06-10 14:42:01.463760: Cycle: 10, Model: 0, accuracy: [0.8081332445144653, 0.884425699710846, 0.9162052273750305, 0.9426882863044739, 0.9626874923706055]
NAUTILUS=>2021-06-10 14:42:01.463760: Cycle: 10, Model: 0, val_loss: [0.25097551941871643, 0.20189793407917023, 0.17043417692184448, 0.18130981922149658, 0.18043729662895203]
NAUTILUS=>2021-06-10 14:42:01.463760: Cycle: 10, Model: 0, val_accuracy: [0.9107271432876587, 0.9260706901550293, 0.9440357089042664, 0.9410940408706665, 0.9450522661209106]
NAUTILUS=>2021-06-10 14:42:01.463804: Starting to generating the best model
NAUTILUS=>2021-06-10 14:42:08.479489: Completed generating the best model. Elapsed time: 0:00:07.015685
NAUTILUS=>2021-06-10 14:42:08.479489: Cycle: 10, Best Model: 0
NAUTILUS=>2021-06-10 14:42:08.479489: Cycle: 10, Best model loss: [0.5360718965530396, 0.3214600086212158, 0.24142220616340637, 0.16793838143348694, 0.11436989903450012]
NAUTILUS=>2021-06-10 14:42:08.479489: Cycle: 10, Best model accuracy: [0.8081332445144653, 0.884425699710846, 0.9162052273750305, 0.9426882863044739, 0.9626874923706055]
NAUTILUS=>2021-06-10 14:42:08.479489: Cycle: 10, Best model val_loss: [0.25097551941871643, 0.20189793407917023, 0.17043417692184448, 0.18130981922149658, 0.18043729662895203]
NAUTILUS=>2021-06-10 14:42:08.479489: Cycle: 10, Best model val_accuracy: [0.9107271432876587, 0.9260706901550293, 0.9440357089042664, 0.9410940408706665, 0.9450522661209106]
NAUTILUS=>2021-06-10 14:42:08.765071: Completed active learning cycle. Elapsed time: 0:03:37.334651
NAUTILUS=>2021-06-10 14:42:08.765090: Workload completed. Elapsed time: 0:28:12.916043
