NAUTILUS=>2021-06-10 13:55:37.565235: Starting workload
NAUTILUS=>2021-06-10 13:55:37.565235: RANDOM_SEED: 2020
NAUTILUS=>2021-06-10 13:55:37.565235: VERY_LARGE_VALUE: 1000000000000000.0
NAUTILUS=>2021-06-10 13:55:37.565235: NO_MAT_OPT: False
NAUTILUS=>2021-06-10 13:55:37.565235: MODE: ftr3-1
NAUTILUS=>2021-06-10 13:55:37.565235: STORAGE_PATH: ./storage
NAUTILUS=>2021-06-10 13:55:37.565235: NO_FUSE_OPT: False
NAUTILUS=>2021-06-10 13:55:37.565235: NUM_EPOCHS: 5
NAUTILUS=>2021-06-10 13:55:37.565235: MAX_NUM_RECORDS: 5000
NAUTILUS=>2021-06-10 13:55:37.565235: ACTIVE_LEARNING_BATCH_SIZE: 500
NAUTILUS=>2021-06-10 13:55:37.565235: VALID_FRACTION: 0.2
NAUTILUS=>2021-06-10 13:55:37.565235: SAMPLING_STRATERGY: uncertainty
NAUTILUS=>2021-06-10 13:55:37.565235: NO_PRETRAINING: False
NAUTILUS=>2021-06-10 13:55:37.565235: STORAGE_BUDGET: 25
NAUTILUS=>2021-06-10 13:55:37.565235: MEMORY_BUDGET: 10
NAUTILUS=>2021-06-10 13:55:37.565235: WORKSPACE_MEMORY: 1
NAUTILUS=>2021-06-10 13:55:37.565235: COMPUTE_THROUGHPUT: 6
NAUTILUS=>2021-06-10 13:55:37.565235: DISK_THROUGHPUT: 500
NAUTILUS=>2021-06-10 13:55:37.565235: SHUFFLE_BUFFER_SIZE: 10000
NAUTILUS=>2021-06-10 13:55:37.565283: Starting system initialization
NAUTILUS=>2021-06-10 13:55:37.566555: Starting model profiling
NAUTILUS=>2021-06-10 13:55:53.363177: Completed model profiling. Elapsed time: 0:00:15.796621
NAUTILUS=>2021-06-10 13:55:53.363177: Model parameters
NAUTILUS=>2021-06-10 13:55:53.363224: Generating optimized model selection plan
NAUTILUS=>2021-06-10 13:55:53.372489: Materialized layers candidates: tf_op_layer_strided_slice,tf_op_layer_Cast,tf_op_layer_Sub,tf_op_layer_Mul,layer_9
NAUTILUS=>2021-06-10 13:55:53.380353: Used materialized layers: layer_9
NAUTILUS=>2021-06-10 13:55:53.380353: Model training plan: {"0": {"models": ["0"], "output_layers": ["0/classifier"], "flops_consumption": 438177892375000.0, "compute_flops": 325531408000000.0, "load_flops": 112646484375000.0, "memory_consumption": 1.8776347935199738, "used_materialized_layers": ["layer_9"], "batch_size": 16, "num_epochs": [5]}}
NAUTILUS=>2021-06-10 13:55:53.380458: Completed generating optimized model selection plan. Elapsed time: 0:00:00.017234
NAUTILUS=>2021-06-10 13:55:53.380465: Generating fused models
NAUTILUS=>2021-06-10 13:55:59.664134: Completed generating fused models. Elapsed time: 0:00:06.283668
NAUTILUS=>2021-06-10 13:55:59.664134: Current Practice FLOPs: 149138039680.0
NAUTILUS=>2021-06-10 13:55:59.664134: Optimal FLOPs: 37097005440.0
NAUTILUS=>2021-06-10 13:55:59.664134: Theoretical Speedup: 4.020217748335861
NAUTILUS=>2021-06-10 13:55:59.712905: Completed system initialization. Elapsed time: 0:00:22.147622
NAUTILUS=>2021-06-10 13:55:59.712926: ========> Active learning cycle: 1
NAUTILUS=>2021-06-10 13:55:59.712930: Starting data loading
NAUTILUS=>2021-06-10 13:56:15.448936: Completed data loading. Elapsed time: 0:00:15.736006
NAUTILUS=>2021-06-10 13:56:15.448960: Starting model selection
NAUTILUS=>2021-06-10 13:56:15.448979: Materializing training data
NAUTILUS=>2021-06-10 13:56:15.682362: Completed materializing training data. Elapsed time: 0:00:00.233383
NAUTILUS=>2021-06-10 13:56:15.682376: Generating intermediate features
NAUTILUS=>2021-06-10 13:56:24.304614: Completed generating intermediate features. Elapsed time: 0:00:08.622238
NAUTILUS=>2021-06-10 13:56:24.304634: Starting model training
NAUTILUS=>2021-06-10 13:56:42.520677: Completed model training. Elapsed time: 0:00:18.216043
NAUTILUS=>2021-06-10 13:56:42.520677: Cycle: 1, Model: 0, loss: [0.828880786895752, 0.2970869541168213, 0.19052249193191528, 0.12513619661331177, 0.08048417419195175]
NAUTILUS=>2021-06-10 13:56:42.520677: Cycle: 1, Model: 0, accuracy: [0.7468414902687073, 0.8900124430656433, 0.9346765279769897, 0.9563759565353394, 0.9700300097465515]
NAUTILUS=>2021-06-10 13:56:42.520677: Cycle: 1, Model: 0, val_loss: [0.4639214277267456, 0.41468513011932373, 0.3532772362232208, 0.39335745573043823, 0.37415385246276855]
NAUTILUS=>2021-06-10 13:56:42.520677: Cycle: 1, Model: 0, val_accuracy: [0.8359349966049194, 0.8561877608299255, 0.8714163899421692, 0.8704221248626709, 0.8852939605712891]
NAUTILUS=>2021-06-10 13:56:42.520720: Starting to generating the best model
NAUTILUS=>2021-06-10 13:56:48.168313: Completed generating the best model. Elapsed time: 0:00:05.647593
NAUTILUS=>2021-06-10 13:56:48.168313: Cycle: 1, Best Model: 0
NAUTILUS=>2021-06-10 13:56:48.168313: Cycle: 1, Best model loss: [0.828880786895752, 0.2970869541168213, 0.19052249193191528, 0.12513619661331177, 0.08048417419195175]
NAUTILUS=>2021-06-10 13:56:48.168313: Cycle: 1, Best model accuracy: [0.7468414902687073, 0.8900124430656433, 0.9346765279769897, 0.9563759565353394, 0.9700300097465515]
NAUTILUS=>2021-06-10 13:56:48.168313: Cycle: 1, Best model val_loss: [0.4639214277267456, 0.41468513011932373, 0.3532772362232208, 0.39335745573043823, 0.37415385246276855]
NAUTILUS=>2021-06-10 13:56:48.168313: Cycle: 1, Best model val_accuracy: [0.8359349966049194, 0.8561877608299255, 0.8714163899421692, 0.8704221248626709, 0.8852939605712891]
NAUTILUS=>2021-06-10 13:56:48.455836: Completed active learning cycle. Elapsed time: 0:00:33.006876
NAUTILUS=>2021-06-10 13:56:48.455853: ========> Active learning cycle: 2
NAUTILUS=>2021-06-10 13:56:48.455857: Starting data loading
NAUTILUS=>2021-06-10 13:57:36.567547: Completed data loading. Elapsed time: 0:00:48.111690
NAUTILUS=>2021-06-10 13:57:36.567565: Starting model selection
NAUTILUS=>2021-06-10 13:57:36.567581: Materializing training data
NAUTILUS=>2021-06-10 13:57:36.795142: Completed materializing training data. Elapsed time: 0:00:00.227561
NAUTILUS=>2021-06-10 13:57:36.795156: Generating intermediate features
NAUTILUS=>2021-06-10 13:57:45.382693: Completed generating intermediate features. Elapsed time: 0:00:08.587537
NAUTILUS=>2021-06-10 13:57:45.382713: Starting model training
NAUTILUS=>2021-06-10 13:58:12.045100: Completed model training. Elapsed time: 0:00:26.662387
NAUTILUS=>2021-06-10 13:58:12.045100: Cycle: 2, Model: 0, loss: [0.9820089936256409, 0.42822322249412537, 0.274488627910614, 0.19114264845848083, 0.12522202730178833]
NAUTILUS=>2021-06-10 13:58:12.045100: Cycle: 2, Model: 0, accuracy: [0.6411345601081848, 0.8296785950660706, 0.8881787657737732, 0.9303540587425232, 0.9543465375900269]
NAUTILUS=>2021-06-10 13:58:12.045100: Cycle: 2, Model: 0, val_loss: [0.3782179355621338, 0.34705260396003723, 0.2961651086807251, 0.2835554778575897, 0.305136114358902]
NAUTILUS=>2021-06-10 13:58:12.045100: Cycle: 2, Model: 0, val_accuracy: [0.8639460802078247, 0.8841715455055237, 0.9048786163330078, 0.9142364263534546, 0.9139883518218994]
NAUTILUS=>2021-06-10 13:58:12.045143: Starting to generating the best model
NAUTILUS=>2021-06-10 13:58:17.696465: Completed generating the best model. Elapsed time: 0:00:05.651322
NAUTILUS=>2021-06-10 13:58:17.696465: Cycle: 2, Best Model: 0
NAUTILUS=>2021-06-10 13:58:17.696465: Cycle: 2, Best model loss: [0.9820089936256409, 0.42822322249412537, 0.274488627910614, 0.19114264845848083, 0.12522202730178833]
NAUTILUS=>2021-06-10 13:58:17.696465: Cycle: 2, Best model accuracy: [0.6411345601081848, 0.8296785950660706, 0.8881787657737732, 0.9303540587425232, 0.9543465375900269]
NAUTILUS=>2021-06-10 13:58:17.696465: Cycle: 2, Best model val_loss: [0.3782179355621338, 0.34705260396003723, 0.2961651086807251, 0.2835554778575897, 0.305136114358902]
NAUTILUS=>2021-06-10 13:58:17.696465: Cycle: 2, Best model val_accuracy: [0.8639460802078247, 0.8841715455055237, 0.9048786163330078, 0.9142364263534546, 0.9139883518218994]
NAUTILUS=>2021-06-10 13:58:17.986810: Completed active learning cycle. Elapsed time: 0:00:41.419245
NAUTILUS=>2021-06-10 13:58:17.986827: ========> Active learning cycle: 3
NAUTILUS=>2021-06-10 13:58:17.986831: Starting data loading
NAUTILUS=>2021-06-10 13:58:57.395456: Completed data loading. Elapsed time: 0:00:39.408625
NAUTILUS=>2021-06-10 13:58:57.395472: Starting model selection
NAUTILUS=>2021-06-10 13:58:57.395488: Materializing training data
NAUTILUS=>2021-06-10 13:58:57.624621: Completed materializing training data. Elapsed time: 0:00:00.229133
NAUTILUS=>2021-06-10 13:58:57.624636: Generating intermediate features
NAUTILUS=>2021-06-10 13:59:06.157279: Completed generating intermediate features. Elapsed time: 0:00:08.532643
NAUTILUS=>2021-06-10 13:59:06.157299: Starting model training
NAUTILUS=>2021-06-10 13:59:41.486453: Completed model training. Elapsed time: 0:00:35.329154
NAUTILUS=>2021-06-10 13:59:41.486453: Cycle: 3, Model: 0, loss: [1.0063163042068481, 0.4999839663505554, 0.39485108852386475, 0.2816697955131531, 0.1911240965127945]
NAUTILUS=>2021-06-10 13:59:41.486453: Cycle: 3, Model: 0, accuracy: [0.6474918723106384, 0.822386622428894, 0.8614680171012878, 0.8976647853851318, 0.9396132230758667]
NAUTILUS=>2021-06-10 13:59:41.486453: Cycle: 3, Model: 0, val_loss: [0.34778422117233276, 0.3086806535720825, 0.29269200563430786, 0.2907284200191498, 0.2851918339729309]
NAUTILUS=>2021-06-10 13:59:41.486453: Cycle: 3, Model: 0, val_accuracy: [0.8800451755523682, 0.8960058689117432, 0.8998598456382751, 0.9089407324790955, 0.9154126048088074]
NAUTILUS=>2021-06-10 13:59:41.486496: Starting to generating the best model
NAUTILUS=>2021-06-10 13:59:47.135527: Completed generating the best model. Elapsed time: 0:00:05.649031
NAUTILUS=>2021-06-10 13:59:47.135527: Cycle: 3, Best Model: 0
NAUTILUS=>2021-06-10 13:59:47.135527: Cycle: 3, Best model loss: [1.0063163042068481, 0.4999839663505554, 0.39485108852386475, 0.2816697955131531, 0.1911240965127945]
NAUTILUS=>2021-06-10 13:59:47.135527: Cycle: 3, Best model accuracy: [0.6474918723106384, 0.822386622428894, 0.8614680171012878, 0.8976647853851318, 0.9396132230758667]
NAUTILUS=>2021-06-10 13:59:47.135527: Cycle: 3, Best model val_loss: [0.34778422117233276, 0.3086806535720825, 0.29269200563430786, 0.2907284200191498, 0.2851918339729309]
NAUTILUS=>2021-06-10 13:59:47.135527: Cycle: 3, Best model val_accuracy: [0.8800451755523682, 0.8960058689117432, 0.8998598456382751, 0.9089407324790955, 0.9154126048088074]
NAUTILUS=>2021-06-10 13:59:47.419608: Completed active learning cycle. Elapsed time: 0:00:50.024136
NAUTILUS=>2021-06-10 13:59:47.419627: ========> Active learning cycle: 4
NAUTILUS=>2021-06-10 13:59:47.419631: Starting data loading
NAUTILUS=>2021-06-10 14:00:31.929158: Completed data loading. Elapsed time: 0:00:44.509527
NAUTILUS=>2021-06-10 14:00:31.929175: Starting model selection
NAUTILUS=>2021-06-10 14:00:31.929190: Materializing training data
NAUTILUS=>2021-06-10 14:00:32.155743: Completed materializing training data. Elapsed time: 0:00:00.226553
NAUTILUS=>2021-06-10 14:00:32.155754: Generating intermediate features
NAUTILUS=>2021-06-10 14:00:40.736683: Completed generating intermediate features. Elapsed time: 0:00:08.580929
NAUTILUS=>2021-06-10 14:00:40.736703: Starting model training
NAUTILUS=>2021-06-10 14:01:25.265144: Completed model training. Elapsed time: 0:00:44.528441
NAUTILUS=>2021-06-10 14:01:25.265144: Cycle: 4, Model: 0, loss: [0.9499955773353577, 0.5068971514701843, 0.387218177318573, 0.28203490376472473, 0.21597915887832642]
NAUTILUS=>2021-06-10 14:01:25.265144: Cycle: 4, Model: 0, accuracy: [0.6788349747657776, 0.8223828077316284, 0.8686643242835999, 0.9067349433898926, 0.9322727918624878]
NAUTILUS=>2021-06-10 14:01:25.265144: Cycle: 4, Model: 0, val_loss: [0.31305474042892456, 0.26508474349975586, 0.26560378074645996, 0.25667670369148254, 0.24762043356895447]
NAUTILUS=>2021-06-10 14:01:25.265144: Cycle: 4, Model: 0, val_accuracy: [0.8938422203063965, 0.9098861813545227, 0.9134581089019775, 0.9191715121269226, 0.9263003468513489]
NAUTILUS=>2021-06-10 14:01:25.265186: Starting to generating the best model
NAUTILUS=>2021-06-10 14:01:30.899817: Completed generating the best model. Elapsed time: 0:00:05.634631
NAUTILUS=>2021-06-10 14:01:30.899817: Cycle: 4, Best Model: 0
NAUTILUS=>2021-06-10 14:01:30.899817: Cycle: 4, Best model loss: [0.9499955773353577, 0.5068971514701843, 0.387218177318573, 0.28203490376472473, 0.21597915887832642]
NAUTILUS=>2021-06-10 14:01:30.899817: Cycle: 4, Best model accuracy: [0.6788349747657776, 0.8223828077316284, 0.8686643242835999, 0.9067349433898926, 0.9322727918624878]
NAUTILUS=>2021-06-10 14:01:30.899817: Cycle: 4, Best model val_loss: [0.31305474042892456, 0.26508474349975586, 0.26560378074645996, 0.25667670369148254, 0.24762043356895447]
NAUTILUS=>2021-06-10 14:01:30.899817: Cycle: 4, Best model val_accuracy: [0.8938422203063965, 0.9098861813545227, 0.9134581089019775, 0.9191715121269226, 0.9263003468513489]
NAUTILUS=>2021-06-10 14:01:31.184005: Completed active learning cycle. Elapsed time: 0:00:59.254830
NAUTILUS=>2021-06-10 14:01:31.184021: ========> Active learning cycle: 5
NAUTILUS=>2021-06-10 14:01:31.184025: Starting data loading
NAUTILUS=>2021-06-10 14:02:07.343828: Completed data loading. Elapsed time: 0:00:36.159803
NAUTILUS=>2021-06-10 14:02:07.343845: Starting model selection
NAUTILUS=>2021-06-10 14:02:07.343861: Materializing training data
NAUTILUS=>2021-06-10 14:02:07.570002: Completed materializing training data. Elapsed time: 0:00:00.226141
NAUTILUS=>2021-06-10 14:02:07.570012: Generating intermediate features
NAUTILUS=>2021-06-10 14:02:16.134341: Completed generating intermediate features. Elapsed time: 0:00:08.564329
NAUTILUS=>2021-06-10 14:02:16.134361: Starting model training
NAUTILUS=>2021-06-10 14:03:08.726156: Completed model training. Elapsed time: 0:00:52.591795
NAUTILUS=>2021-06-10 14:03:08.726156: Cycle: 5, Model: 0, loss: [0.8506500720977783, 0.4972846806049347, 0.3705686628818512, 0.2967703938484192, 0.21695499122142792]
NAUTILUS=>2021-06-10 14:03:08.726156: Cycle: 5, Model: 0, accuracy: [0.7022437453269958, 0.822123110294342, 0.8715841770172119, 0.9016595482826233, 0.9301923513412476]
NAUTILUS=>2021-06-10 14:03:08.726156: Cycle: 5, Model: 0, val_loss: [0.2921486496925354, 0.2476973980665207, 0.2452363669872284, 0.22789159417152405, 0.21964070200920105]
NAUTILUS=>2021-06-10 14:03:08.726156: Cycle: 5, Model: 0, val_accuracy: [0.8939239382743835, 0.914084792137146, 0.9199807047843933, 0.9187692403793335, 0.9266788363456726]
NAUTILUS=>2021-06-10 14:03:08.726198: Starting to generating the best model
NAUTILUS=>2021-06-10 14:03:14.371619: Completed generating the best model. Elapsed time: 0:00:05.645421
NAUTILUS=>2021-06-10 14:03:14.371619: Cycle: 5, Best Model: 0
NAUTILUS=>2021-06-10 14:03:14.371619: Cycle: 5, Best model loss: [0.8506500720977783, 0.4972846806049347, 0.3705686628818512, 0.2967703938484192, 0.21695499122142792]
NAUTILUS=>2021-06-10 14:03:14.371619: Cycle: 5, Best model accuracy: [0.7022437453269958, 0.822123110294342, 0.8715841770172119, 0.9016595482826233, 0.9301923513412476]
NAUTILUS=>2021-06-10 14:03:14.371619: Cycle: 5, Best model val_loss: [0.2921486496925354, 0.2476973980665207, 0.2452363669872284, 0.22789159417152405, 0.21964070200920105]
NAUTILUS=>2021-06-10 14:03:14.371619: Cycle: 5, Best model val_accuracy: [0.8939239382743835, 0.914084792137146, 0.9199807047843933, 0.9187692403793335, 0.9266788363456726]
NAUTILUS=>2021-06-10 14:03:14.655416: Completed active learning cycle. Elapsed time: 0:01:07.311571
NAUTILUS=>2021-06-10 14:03:14.655434: ========> Active learning cycle: 6
NAUTILUS=>2021-06-10 14:03:14.655438: Starting data loading
NAUTILUS=>2021-06-10 14:03:54.991382: Completed data loading. Elapsed time: 0:00:40.335944
NAUTILUS=>2021-06-10 14:03:54.991399: Starting model selection
NAUTILUS=>2021-06-10 14:03:54.991414: Materializing training data
NAUTILUS=>2021-06-10 14:03:55.217867: Completed materializing training data. Elapsed time: 0:00:00.226453
NAUTILUS=>2021-06-10 14:03:55.217877: Generating intermediate features
NAUTILUS=>2021-06-10 14:04:03.832465: Completed generating intermediate features. Elapsed time: 0:00:08.614588
NAUTILUS=>2021-06-10 14:04:03.832485: Starting model training
NAUTILUS=>2021-06-10 14:05:05.266718: Completed model training. Elapsed time: 0:01:01.434233
NAUTILUS=>2021-06-10 14:05:05.266718: Cycle: 6, Model: 0, loss: [0.799095630645752, 0.44768255949020386, 0.3494685888290405, 0.2595919072628021, 0.1752868890762329]
NAUTILUS=>2021-06-10 14:05:05.266718: Cycle: 6, Model: 0, accuracy: [0.7260147333145142, 0.8441426157951355, 0.8842698931694031, 0.9100704789161682, 0.941328763961792]
NAUTILUS=>2021-06-10 14:05:05.266718: Cycle: 6, Model: 0, val_loss: [0.27200403809547424, 0.21592946350574493, 0.2207646369934082, 0.18842561542987823, 0.2022794783115387]
NAUTILUS=>2021-06-10 14:05:05.266718: Cycle: 6, Model: 0, val_accuracy: [0.8981900215148926, 0.9234164357185364, 0.9222761988639832, 0.9348592162132263, 0.9328954815864563]
NAUTILUS=>2021-06-10 14:05:05.266761: Starting to generating the best model
NAUTILUS=>2021-06-10 14:05:10.928924: Completed generating the best model. Elapsed time: 0:00:05.662163
NAUTILUS=>2021-06-10 14:05:10.928924: Cycle: 6, Best Model: 0
NAUTILUS=>2021-06-10 14:05:10.928924: Cycle: 6, Best model loss: [0.799095630645752, 0.44768255949020386, 0.3494685888290405, 0.2595919072628021, 0.1752868890762329]
NAUTILUS=>2021-06-10 14:05:10.928924: Cycle: 6, Best model accuracy: [0.7260147333145142, 0.8441426157951355, 0.8842698931694031, 0.9100704789161682, 0.941328763961792]
NAUTILUS=>2021-06-10 14:05:10.928924: Cycle: 6, Best model val_loss: [0.27200403809547424, 0.21592946350574493, 0.2207646369934082, 0.18842561542987823, 0.2022794783115387]
NAUTILUS=>2021-06-10 14:05:10.928924: Cycle: 6, Best model val_accuracy: [0.8981900215148926, 0.9234164357185364, 0.9222761988639832, 0.9348592162132263, 0.9328954815864563]
NAUTILUS=>2021-06-10 14:05:11.212886: Completed active learning cycle. Elapsed time: 0:01:16.221487
NAUTILUS=>2021-06-10 14:05:11.212903: ========> Active learning cycle: 7
NAUTILUS=>2021-06-10 14:05:11.212907: Starting data loading
NAUTILUS=>2021-06-10 14:05:43.866575: Completed data loading. Elapsed time: 0:00:32.653668
NAUTILUS=>2021-06-10 14:05:43.866593: Starting model selection
NAUTILUS=>2021-06-10 14:05:43.866608: Materializing training data
NAUTILUS=>2021-06-10 14:05:44.093229: Completed materializing training data. Elapsed time: 0:00:00.226621
NAUTILUS=>2021-06-10 14:05:44.093240: Generating intermediate features
NAUTILUS=>2021-06-10 14:05:52.651849: Completed generating intermediate features. Elapsed time: 0:00:08.558609
NAUTILUS=>2021-06-10 14:05:52.651870: Starting model training
NAUTILUS=>2021-06-10 14:07:02.711801: Completed model training. Elapsed time: 0:01:10.059931
NAUTILUS=>2021-06-10 14:07:02.711801: Cycle: 7, Model: 0, loss: [0.7481085062026978, 0.42182090878486633, 0.309864342212677, 0.22248294949531555, 0.1598997563123703]
NAUTILUS=>2021-06-10 14:07:02.711801: Cycle: 7, Model: 0, accuracy: [0.7428677082061768, 0.8537191152572632, 0.892896831035614, 0.9256904721260071, 0.9470704793930054]
NAUTILUS=>2021-06-10 14:07:02.711801: Cycle: 7, Model: 0, val_loss: [0.26151031255722046, 0.21143421530723572, 0.21046842634677887, 0.2037501037120819, 0.19459989666938782]
NAUTILUS=>2021-06-10 14:07:02.711801: Cycle: 7, Model: 0, val_accuracy: [0.9015042781829834, 0.9218367338180542, 0.9258263111114502, 0.9293392300605774, 0.9355767965316772]
NAUTILUS=>2021-06-10 14:07:02.711844: Starting to generating the best model
NAUTILUS=>2021-06-10 14:07:08.408065: Completed generating the best model. Elapsed time: 0:00:05.696221
NAUTILUS=>2021-06-10 14:07:08.408065: Cycle: 7, Best Model: 0
NAUTILUS=>2021-06-10 14:07:08.408065: Cycle: 7, Best model loss: [0.7481085062026978, 0.42182090878486633, 0.309864342212677, 0.22248294949531555, 0.1598997563123703]
NAUTILUS=>2021-06-10 14:07:08.408065: Cycle: 7, Best model accuracy: [0.7428677082061768, 0.8537191152572632, 0.892896831035614, 0.9256904721260071, 0.9470704793930054]
NAUTILUS=>2021-06-10 14:07:08.408065: Cycle: 7, Best model val_loss: [0.26151031255722046, 0.21143421530723572, 0.21046842634677887, 0.2037501037120819, 0.19459989666938782]
NAUTILUS=>2021-06-10 14:07:08.408065: Cycle: 7, Best model val_accuracy: [0.9015042781829834, 0.9218367338180542, 0.9258263111114502, 0.9293392300605774, 0.9355767965316772]
NAUTILUS=>2021-06-10 14:07:08.692087: Completed active learning cycle. Elapsed time: 0:01:24.825494
NAUTILUS=>2021-06-10 14:07:08.692105: ========> Active learning cycle: 8
NAUTILUS=>2021-06-10 14:07:08.692109: Starting data loading
NAUTILUS=>2021-06-10 14:07:44.765585: Completed data loading. Elapsed time: 0:00:36.073476
NAUTILUS=>2021-06-10 14:07:44.765602: Starting model selection
NAUTILUS=>2021-06-10 14:07:44.765617: Materializing training data
NAUTILUS=>2021-06-10 14:07:44.997793: Completed materializing training data. Elapsed time: 0:00:00.232176
NAUTILUS=>2021-06-10 14:07:44.997804: Generating intermediate features
NAUTILUS=>2021-06-10 14:07:53.592626: Completed generating intermediate features. Elapsed time: 0:00:08.594822
NAUTILUS=>2021-06-10 14:07:53.592646: Starting model training
NAUTILUS=>2021-06-10 14:09:12.422750: Completed model training. Elapsed time: 0:01:18.830104
NAUTILUS=>2021-06-10 14:09:12.422750: Cycle: 8, Model: 0, loss: [0.6535820960998535, 0.3810775876045227, 0.28666090965270996, 0.208492711186409, 0.1490236073732376]
NAUTILUS=>2021-06-10 14:09:12.422750: Cycle: 8, Model: 0, accuracy: [0.7765576243400574, 0.8676365613937378, 0.9002391695976257, 0.9279411435127258, 0.9505918622016907]
NAUTILUS=>2021-06-10 14:09:12.422750: Cycle: 8, Model: 0, val_loss: [0.24377426505088806, 0.20813800394535065, 0.18465778231620789, 0.18304625153541565, 0.17468281090259552]
NAUTILUS=>2021-06-10 14:09:12.422750: Cycle: 8, Model: 0, val_accuracy: [0.9118196368217468, 0.9233891367912292, 0.9335801601409912, 0.9373338222503662, 0.943854570388794]
NAUTILUS=>2021-06-10 14:09:12.422793: Starting to generating the best model
NAUTILUS=>2021-06-10 14:09:18.069065: Completed generating the best model. Elapsed time: 0:00:05.646272
NAUTILUS=>2021-06-10 14:09:18.069065: Cycle: 8, Best Model: 0
NAUTILUS=>2021-06-10 14:09:18.069065: Cycle: 8, Best model loss: [0.6535820960998535, 0.3810775876045227, 0.28666090965270996, 0.208492711186409, 0.1490236073732376]
NAUTILUS=>2021-06-10 14:09:18.069065: Cycle: 8, Best model accuracy: [0.7765576243400574, 0.8676365613937378, 0.9002391695976257, 0.9279411435127258, 0.9505918622016907]
NAUTILUS=>2021-06-10 14:09:18.069065: Cycle: 8, Best model val_loss: [0.24377426505088806, 0.20813800394535065, 0.18465778231620789, 0.18304625153541565, 0.17468281090259552]
NAUTILUS=>2021-06-10 14:09:18.069065: Cycle: 8, Best model val_accuracy: [0.9118196368217468, 0.9233891367912292, 0.9335801601409912, 0.9373338222503662, 0.943854570388794]
NAUTILUS=>2021-06-10 14:09:18.358953: Completed active learning cycle. Elapsed time: 0:01:33.593351
NAUTILUS=>2021-06-10 14:09:18.358970: ========> Active learning cycle: 9
NAUTILUS=>2021-06-10 14:09:18.358974: Starting data loading
NAUTILUS=>2021-06-10 14:09:47.560161: Completed data loading. Elapsed time: 0:00:29.201187
NAUTILUS=>2021-06-10 14:09:47.560179: Starting model selection
NAUTILUS=>2021-06-10 14:09:47.560194: Materializing training data
NAUTILUS=>2021-06-10 14:09:47.785407: Completed materializing training data. Elapsed time: 0:00:00.225213
NAUTILUS=>2021-06-10 14:09:47.785417: Generating intermediate features
NAUTILUS=>2021-06-10 14:09:56.368594: Completed generating intermediate features. Elapsed time: 0:00:08.583177
NAUTILUS=>2021-06-10 14:09:56.368613: Starting model training
NAUTILUS=>2021-06-10 14:11:24.045629: Completed model training. Elapsed time: 0:01:27.677016
NAUTILUS=>2021-06-10 14:11:24.045629: Cycle: 9, Model: 0, loss: [0.5909554958343506, 0.3518974781036377, 0.26720380783081055, 0.19064782559871674, 0.13617388904094696]
NAUTILUS=>2021-06-10 14:11:24.045629: Cycle: 9, Model: 0, accuracy: [0.7940404415130615, 0.8734995126724243, 0.9067447781562805, 0.933533787727356, 0.9552224278450012]
NAUTILUS=>2021-06-10 14:11:24.045629: Cycle: 9, Model: 0, val_loss: [0.26100778579711914, 0.21437886357307434, 0.17542116343975067, 0.1734769642353058, 0.16712789237499237]
NAUTILUS=>2021-06-10 14:11:24.045629: Cycle: 9, Model: 0, val_accuracy: [0.9083591103553772, 0.9275339841842651, 0.9394904375076294, 0.9416313171386719, 0.9474615454673767]
NAUTILUS=>2021-06-10 14:11:24.045672: Starting to generating the best model
NAUTILUS=>2021-06-10 14:11:29.683323: Completed generating the best model. Elapsed time: 0:00:05.637651
NAUTILUS=>2021-06-10 14:11:29.683323: Cycle: 9, Best Model: 0
NAUTILUS=>2021-06-10 14:11:29.683323: Cycle: 9, Best model loss: [0.5909554958343506, 0.3518974781036377, 0.26720380783081055, 0.19064782559871674, 0.13617388904094696]
NAUTILUS=>2021-06-10 14:11:29.683323: Cycle: 9, Best model accuracy: [0.7940404415130615, 0.8734995126724243, 0.9067447781562805, 0.933533787727356, 0.9552224278450012]
NAUTILUS=>2021-06-10 14:11:29.683323: Cycle: 9, Best model val_loss: [0.26100778579711914, 0.21437886357307434, 0.17542116343975067, 0.1734769642353058, 0.16712789237499237]
NAUTILUS=>2021-06-10 14:11:29.683323: Cycle: 9, Best model val_accuracy: [0.9083591103553772, 0.9275339841842651, 0.9394904375076294, 0.9416313171386719, 0.9474615454673767]
NAUTILUS=>2021-06-10 14:11:29.966811: Completed active learning cycle. Elapsed time: 0:01:42.406632
NAUTILUS=>2021-06-10 14:11:29.966828: ========> Active learning cycle: 10
NAUTILUS=>2021-06-10 14:11:29.966832: Starting data loading
NAUTILUS=>2021-06-10 14:12:01.962551: Completed data loading. Elapsed time: 0:00:31.995719
NAUTILUS=>2021-06-10 14:12:01.962568: Starting model selection
NAUTILUS=>2021-06-10 14:12:01.962583: Materializing training data
NAUTILUS=>2021-06-10 14:12:02.190230: Completed materializing training data. Elapsed time: 0:00:00.227647
NAUTILUS=>2021-06-10 14:12:02.190242: Generating intermediate features
NAUTILUS=>2021-06-10 14:12:10.777381: Completed generating intermediate features. Elapsed time: 0:00:08.587139
NAUTILUS=>2021-06-10 14:12:10.777400: Starting model training
NAUTILUS=>2021-06-10 14:13:47.113114: Completed model training. Elapsed time: 0:01:36.335714
NAUTILUS=>2021-06-10 14:13:47.113114: Cycle: 10, Model: 0, loss: [0.5610118508338928, 0.31679484248161316, 0.24163010716438293, 0.16957180202007294, 0.11318788677453995]
NAUTILUS=>2021-06-10 14:13:47.113114: Cycle: 10, Model: 0, accuracy: [0.8009749054908752, 0.8845130801200867, 0.9131182432174683, 0.9407399296760559, 0.9617505073547363]
NAUTILUS=>2021-06-10 14:13:47.113114: Cycle: 10, Model: 0, val_loss: [0.22298529744148254, 0.19189216196537018, 0.17356561124324799, 0.16823360323905945, 0.176495760679245]
NAUTILUS=>2021-06-10 14:13:47.113114: Cycle: 10, Model: 0, val_accuracy: [0.9235497117042542, 0.933794379234314, 0.9424549341201782, 0.9496152400970459, 0.9504993557929993]
NAUTILUS=>2021-06-10 14:13:47.113156: Starting to generating the best model
NAUTILUS=>2021-06-10 14:13:52.788104: Completed generating the best model. Elapsed time: 0:00:05.674948
NAUTILUS=>2021-06-10 14:13:52.788104: Cycle: 10, Best Model: 0
NAUTILUS=>2021-06-10 14:13:52.788104: Cycle: 10, Best model loss: [0.5610118508338928, 0.31679484248161316, 0.24163010716438293, 0.16957180202007294, 0.11318788677453995]
NAUTILUS=>2021-06-10 14:13:52.788104: Cycle: 10, Best model accuracy: [0.8009749054908752, 0.8845130801200867, 0.9131182432174683, 0.9407399296760559, 0.9617505073547363]
NAUTILUS=>2021-06-10 14:13:52.788104: Cycle: 10, Best model val_loss: [0.22298529744148254, 0.19189216196537018, 0.17356561124324799, 0.16823360323905945, 0.176495760679245]
NAUTILUS=>2021-06-10 14:13:52.788104: Cycle: 10, Best model val_accuracy: [0.9235497117042542, 0.933794379234314, 0.9424549341201782, 0.9496152400970459, 0.9504993557929993]
NAUTILUS=>2021-06-10 14:13:53.078531: Completed active learning cycle. Elapsed time: 0:01:51.115963
NAUTILUS=>2021-06-10 14:13:53.078548: Workload completed. Elapsed time: 0:18:15.513313
