NAUTILUS=>2021-06-10 19:39:43.294318: Starting workload
NAUTILUS=>2021-06-10 19:39:43.294318: RANDOM_SEED: 2020
NAUTILUS=>2021-06-10 19:39:43.294318: VERY_LARGE_VALUE: 1000000000000000.0
NAUTILUS=>2021-06-10 19:39:43.294318: NO_MAT_OPT: False
NAUTILUS=>2021-06-10 19:39:43.294318: MODE: ftr3-5
NAUTILUS=>2021-06-10 19:39:43.294318: STORAGE_PATH: ./storage
NAUTILUS=>2021-06-10 19:39:43.294318: NO_FUSE_OPT: False
NAUTILUS=>2021-06-10 19:39:43.294318: NUM_EPOCHS: 5
NAUTILUS=>2021-06-10 19:39:43.294318: MAX_NUM_RECORDS: 5000
NAUTILUS=>2021-06-10 19:39:43.294318: ACTIVE_LEARNING_BATCH_SIZE: 500
NAUTILUS=>2021-06-10 19:39:43.294318: VALID_FRACTION: 0.2
NAUTILUS=>2021-06-10 19:39:43.294318: SAMPLING_STRATERGY: uncertainty
NAUTILUS=>2021-06-10 19:39:43.294318: NO_PRETRAINING: False
NAUTILUS=>2021-06-10 19:39:43.294318: STORAGE_BUDGET: 25
NAUTILUS=>2021-06-10 19:39:43.294318: MEMORY_BUDGET: 10
NAUTILUS=>2021-06-10 19:39:43.294318: WORKSPACE_MEMORY: 1
NAUTILUS=>2021-06-10 19:39:43.294318: COMPUTE_THROUGHPUT: 6
NAUTILUS=>2021-06-10 19:39:43.294318: DISK_THROUGHPUT: 500
NAUTILUS=>2021-06-10 19:39:43.294318: SHUFFLE_BUFFER_SIZE: 10000
NAUTILUS=>2021-06-10 19:39:43.294368: Starting system initialization
NAUTILUS=>2021-06-10 19:39:44.050410: Starting model profiling
NAUTILUS=>2021-06-10 19:40:27.287111: Completed model profiling. Elapsed time: 0:00:43.236698
NAUTILUS=>2021-06-10 19:40:27.287111: Model parameters
NAUTILUS=>2021-06-10 19:40:27.287187: Generating optimized model selection plan
NAUTILUS=>2021-06-10 19:40:27.380375: Materialized layers candidates: tf_op_layer_strided_slice,tf_op_layer_Cast,tf_op_layer_Sub,tf_op_layer_Mul,layer_9
NAUTILUS=>2021-06-10 19:40:27.545652: Used materialized layers: layer_9
NAUTILUS=>2021-06-10 19:40:27.545652: Model training plan: {"2_3_4_0_1": {"models": ["2", "3", "4", "0", "1"], "output_layers": ["2/classifier", "3/classifier", "4/classifier", "0/classifier", "1/classifier"], "flops_consumption": 1180118001175000.0, "compute_flops": 1067471516800000.0, "load_flops": 112646484375000.0, "memory_consumption": 3.5715767592191696, "used_materialized_layers": ["layer_9"], "batch_size": 16, "num_epochs": [5, 5, 5, 5, 5], "flops_reduction": 252692865175000.0, "merged_models": ["2_3", "4_0_1"]}}
NAUTILUS=>2021-06-10 19:40:27.545771: Completed generating optimized model selection plan. Elapsed time: 0:00:00.258583
NAUTILUS=>2021-06-10 19:40:27.545777: Generating fused models
NAUTILUS=>2021-06-10 19:40:42.464744: Completed generating fused models. Elapsed time: 0:00:14.918966
NAUTILUS=>2021-06-10 19:40:42.464744: Current Practice FLOPs: 745690198400.0
NAUTILUS=>2021-06-10 19:40:42.464744: Optimal FLOPs: 185485027200.0
NAUTILUS=>2021-06-10 19:40:42.464744: Theoretical Speedup: 4.020217748335861
NAUTILUS=>2021-06-10 19:40:42.518879: Completed system initialization. Elapsed time: 0:00:59.224511
NAUTILUS=>2021-06-10 19:40:42.518903: ========> Active learning cycle: 1
NAUTILUS=>2021-06-10 19:40:42.518907: Starting data loading
NAUTILUS=>2021-06-10 19:40:58.185422: Completed data loading. Elapsed time: 0:00:15.666515
NAUTILUS=>2021-06-10 19:40:58.185448: Starting model selection
NAUTILUS=>2021-06-10 19:40:58.185467: Materializing training data
NAUTILUS=>2021-06-10 19:40:58.417344: Completed materializing training data. Elapsed time: 0:00:00.231877
NAUTILUS=>2021-06-10 19:40:58.417357: Generating intermediate features
NAUTILUS=>2021-06-10 19:41:06.976427: Completed generating intermediate features. Elapsed time: 0:00:08.559070
NAUTILUS=>2021-06-10 19:41:06.976446: Starting model training
NAUTILUS=>2021-06-10 19:41:41.710161: Completed model training. Elapsed time: 0:00:34.733715
NAUTILUS=>2021-06-10 19:41:41.710161: Cycle: 1, Model: 2, loss: [1.10059654712677, 0.4744577705860138, 0.3396696150302887, 0.2579960823059082, 0.2015160620212555]
NAUTILUS=>2021-06-10 19:41:41.710161: Cycle: 1, Model: 2, accuracy: [0.6883387565612793, 0.8442584276199341, 0.8858430981636047, 0.9036238193511963, 0.9335419535636902]
NAUTILUS=>2021-06-10 19:41:41.710161: Cycle: 1, Model: 2, val_loss: [0.6876410841941833, 0.472998708486557, 0.41176077723503113, 0.39722809195518494, 0.3804224133491516]
NAUTILUS=>2021-06-10 19:41:41.710161: Cycle: 1, Model: 2, val_accuracy: [0.7769367694854736, 0.828457236289978, 0.848990797996521, 0.8405357599258423, 0.8534486889839172]
NAUTILUS=>2021-06-10 19:41:41.710161: Cycle: 1, Model: 3, loss: [1.230085849761963, 0.5972630381584167, 0.42791739106178284, 0.3265362083911896, 0.26702556014060974]
NAUTILUS=>2021-06-10 19:41:41.710161: Cycle: 1, Model: 3, accuracy: [0.6550421118736267, 0.8016746044158936, 0.8581827282905579, 0.8822500109672546, 0.9073532819747925]
NAUTILUS=>2021-06-10 19:41:41.710161: Cycle: 1, Model: 3, val_loss: [0.7879537343978882, 0.5699779391288757, 0.4662770926952362, 0.4216022193431854, 0.40840330719947815]
NAUTILUS=>2021-06-10 19:41:41.710161: Cycle: 1, Model: 3, val_accuracy: [0.7376022934913635, 0.8131635785102844, 0.8351553082466125, 0.8348590135574341, 0.8504737615585327]
NAUTILUS=>2021-06-10 19:41:41.710161: Cycle: 1, Model: 4, loss: [1.4442538022994995, 0.7571901679039001, 0.5751312971115112, 0.4598168432712555, 0.396043598651886]
NAUTILUS=>2021-06-10 19:41:41.710161: Cycle: 1, Model: 4, accuracy: [0.5854167342185974, 0.7638876438140869, 0.815849244594574, 0.8443979620933533, 0.868113100528717]
NAUTILUS=>2021-06-10 19:41:41.710161: Cycle: 1, Model: 4, val_loss: [0.9263855218887329, 0.6977770328521729, 0.5863044857978821, 0.5179455280303955, 0.4833431541919708]
NAUTILUS=>2021-06-10 19:41:41.710161: Cycle: 1, Model: 4, val_accuracy: [0.7198834419250488, 0.7680156826972961, 0.8010299205780029, 0.8242951035499573, 0.8330217003822327]
NAUTILUS=>2021-06-10 19:41:41.710161: Cycle: 1, Model: 0, loss: [0.828880786895752, 0.2970869541168213, 0.19052249193191528, 0.12513619661331177, 0.08048418164253235]
NAUTILUS=>2021-06-10 19:41:41.710161: Cycle: 1, Model: 0, accuracy: [0.7468414902687073, 0.8900124430656433, 0.9346765279769897, 0.9563759565353394, 0.9700300097465515]
NAUTILUS=>2021-06-10 19:41:41.710161: Cycle: 1, Model: 0, val_loss: [0.4639214277267456, 0.41468510031700134, 0.3532772362232208, 0.3933575451374054, 0.37415382266044617]
NAUTILUS=>2021-06-10 19:41:41.710161: Cycle: 1, Model: 0, val_accuracy: [0.8359349966049194, 0.8561877608299255, 0.8714163899421692, 0.8704221248626709, 0.8852939605712891]
NAUTILUS=>2021-06-10 19:41:41.710161: Cycle: 1, Model: 1, loss: [1.004594087600708, 0.4065803289413452, 0.28088250756263733, 0.1944686472415924, 0.1432686597108841]
NAUTILUS=>2021-06-10 19:41:41.710161: Cycle: 1, Model: 1, accuracy: [0.7063083052635193, 0.8641493320465088, 0.9058865904808044, 0.9262921214103699, 0.9485536217689514]
NAUTILUS=>2021-06-10 19:41:41.710161: Cycle: 1, Model: 1, val_loss: [0.5762648582458496, 0.4119472801685333, 0.3756779432296753, 0.36078959703445435, 0.36561137437820435]
NAUTILUS=>2021-06-10 19:41:41.710161: Cycle: 1, Model: 1, val_accuracy: [0.8098840117454529, 0.8507524728775024, 0.8563680052757263, 0.869193971157074, 0.8720411062240601]
NAUTILUS=>2021-06-10 19:41:41.710276: Starting to generating the best model
NAUTILUS=>2021-06-10 19:41:48.116612: Completed generating the best model. Elapsed time: 0:00:06.406336
NAUTILUS=>2021-06-10 19:41:48.116612: Cycle: 1, Best Model: 0
NAUTILUS=>2021-06-10 19:41:48.116612: Cycle: 1, Best model loss: [0.828880786895752, 0.2970869541168213, 0.19052249193191528, 0.12513619661331177, 0.08048418164253235]
NAUTILUS=>2021-06-10 19:41:48.116612: Cycle: 1, Best model accuracy: [0.7468414902687073, 0.8900124430656433, 0.9346765279769897, 0.9563759565353394, 0.9700300097465515]
NAUTILUS=>2021-06-10 19:41:48.116612: Cycle: 1, Best model val_loss: [0.4639214277267456, 0.41468510031700134, 0.3532772362232208, 0.3933575451374054, 0.37415382266044617]
NAUTILUS=>2021-06-10 19:41:48.116612: Cycle: 1, Best model val_accuracy: [0.8359349966049194, 0.8561877608299255, 0.8714163899421692, 0.8704221248626709, 0.8852939605712891]
NAUTILUS=>2021-06-10 19:41:48.405293: Completed active learning cycle. Elapsed time: 0:00:50.219845
NAUTILUS=>2021-06-10 19:41:48.405310: ========> Active learning cycle: 2
NAUTILUS=>2021-06-10 19:41:48.405313: Starting data loading
NAUTILUS=>2021-06-10 19:42:37.010250: Completed data loading. Elapsed time: 0:00:48.604937
NAUTILUS=>2021-06-10 19:42:37.010268: Starting model selection
NAUTILUS=>2021-06-10 19:42:37.010284: Materializing training data
NAUTILUS=>2021-06-10 19:42:37.240736: Completed materializing training data. Elapsed time: 0:00:00.230452
NAUTILUS=>2021-06-10 19:42:37.240750: Generating intermediate features
NAUTILUS=>2021-06-10 19:42:45.877000: Completed generating intermediate features. Elapsed time: 0:00:08.636250
NAUTILUS=>2021-06-10 19:42:45.877019: Starting model training
NAUTILUS=>2021-06-10 19:43:39.333904: Completed model training. Elapsed time: 0:00:53.456885
NAUTILUS=>2021-06-10 19:43:39.333904: Cycle: 2, Model: 2, loss: [1.1710573434829712, 0.5940358638763428, 0.4166698455810547, 0.3269309103488922, 0.24684353172779083]
NAUTILUS=>2021-06-10 19:43:39.333904: Cycle: 2, Model: 2, accuracy: [0.5746650695800781, 0.7590763568878174, 0.8437793850898743, 0.8772196769714355, 0.906093418598175]
NAUTILUS=>2021-06-10 19:43:39.333904: Cycle: 2, Model: 2, val_loss: [0.5098970532417297, 0.384104460477829, 0.3192782402038574, 0.3005669116973877, 0.27994734048843384]
NAUTILUS=>2021-06-10 19:43:39.333904: Cycle: 2, Model: 2, val_accuracy: [0.8162043690681458, 0.8690874576568604, 0.8832870721817017, 0.9080027937889099, 0.9080075621604919]
NAUTILUS=>2021-06-10 19:43:39.333904: Cycle: 2, Model: 3, loss: [1.2702641487121582, 0.6870141625404358, 0.504310667514801, 0.41127341985702515, 0.33217594027519226]
NAUTILUS=>2021-06-10 19:43:39.333904: Cycle: 2, Model: 3, accuracy: [0.5490967035293579, 0.7168906927108765, 0.8053242564201355, 0.8456637859344482, 0.8711362481117249]
NAUTILUS=>2021-06-10 19:43:39.333904: Cycle: 2, Model: 3, val_loss: [0.5931740403175354, 0.4284387230873108, 0.36116084456443787, 0.3322778642177582, 0.3065924346446991]
NAUTILUS=>2021-06-10 19:43:39.333904: Cycle: 2, Model: 3, val_accuracy: [0.7932661175727844, 0.8485016822814941, 0.8722827434539795, 0.8984524011611938, 0.9016739726066589]
NAUTILUS=>2021-06-10 19:43:39.333904: Cycle: 2, Model: 4, loss: [1.4514527320861816, 0.8877493143081665, 0.7038900256156921, 0.5856075882911682, 0.4960341155529022]
NAUTILUS=>2021-06-10 19:43:39.333904: Cycle: 2, Model: 4, accuracy: [0.5097699165344238, 0.6348280906677246, 0.7065922021865845, 0.7642958164215088, 0.8128173351287842]
NAUTILUS=>2021-06-10 19:43:39.333904: Cycle: 2, Model: 4, val_loss: [0.7447060942649841, 0.557397186756134, 0.4715612530708313, 0.41560640931129456, 0.38184329867362976]
NAUTILUS=>2021-06-10 19:43:39.333904: Cycle: 2, Model: 4, val_accuracy: [0.7591143250465393, 0.8084850311279297, 0.8386863470077515, 0.8604696393013, 0.8773206472396851]
NAUTILUS=>2021-06-10 19:43:39.333904: Cycle: 2, Model: 0, loss: [0.9820090532302856, 0.42822322249412537, 0.2744886875152588, 0.19114269316196442, 0.12522201240062714]
NAUTILUS=>2021-06-10 19:43:39.333904: Cycle: 2, Model: 0, accuracy: [0.6411345601081848, 0.8296785950660706, 0.8881787657737732, 0.9303540587425232, 0.9543465375900269]
NAUTILUS=>2021-06-10 19:43:39.333904: Cycle: 2, Model: 0, val_loss: [0.378217875957489, 0.34705260396003723, 0.2961651086807251, 0.28355541825294495, 0.305136114358902]
NAUTILUS=>2021-06-10 19:43:39.333904: Cycle: 2, Model: 0, val_accuracy: [0.8639460802078247, 0.8841715455055237, 0.9048786163330078, 0.9142364263534546, 0.9139883518218994]
NAUTILUS=>2021-06-10 19:43:39.333904: Cycle: 2, Model: 1, loss: [1.031630516052246, 0.49598366022109985, 0.338368684053421, 0.2519090175628662, 0.17347869277000427]
NAUTILUS=>2021-06-10 19:43:39.333904: Cycle: 2, Model: 1, accuracy: [0.6214208006858826, 0.8046935200691223, 0.8720493316650391, 0.9077181816101074, 0.9331250190734863]
NAUTILUS=>2021-06-10 19:43:39.333904: Cycle: 2, Model: 1, val_loss: [0.4488494098186493, 0.3552568852901459, 0.2943028211593628, 0.28837546706199646, 0.27607962489128113]
NAUTILUS=>2021-06-10 19:43:39.333904: Cycle: 2, Model: 1, val_accuracy: [0.8425663709640503, 0.8833434581756592, 0.8984968066215515, 0.9134674668312073, 0.9148668646812439]
NAUTILUS=>2021-06-10 19:43:39.334014: Starting to generating the best model
NAUTILUS=>2021-06-10 19:43:45.711852: Completed generating the best model. Elapsed time: 0:00:06.377838
NAUTILUS=>2021-06-10 19:43:45.711852: Cycle: 2, Best Model: 1
NAUTILUS=>2021-06-10 19:43:45.711852: Cycle: 2, Best model loss: [1.031630516052246, 0.49598366022109985, 0.338368684053421, 0.2519090175628662, 0.17347869277000427]
NAUTILUS=>2021-06-10 19:43:45.711852: Cycle: 2, Best model accuracy: [0.6214208006858826, 0.8046935200691223, 0.8720493316650391, 0.9077181816101074, 0.9331250190734863]
NAUTILUS=>2021-06-10 19:43:45.711852: Cycle: 2, Best model val_loss: [0.4488494098186493, 0.3552568852901459, 0.2943028211593628, 0.28837546706199646, 0.27607962489128113]
NAUTILUS=>2021-06-10 19:43:45.711852: Cycle: 2, Best model val_accuracy: [0.8425663709640503, 0.8833434581756592, 0.8984968066215515, 0.9134674668312073, 0.9148668646812439]
NAUTILUS=>2021-06-10 19:43:46.000425: Completed active learning cycle. Elapsed time: 0:01:08.990157
NAUTILUS=>2021-06-10 19:43:46.000442: ========> Active learning cycle: 3
NAUTILUS=>2021-06-10 19:43:46.000446: Starting data loading
NAUTILUS=>2021-06-10 19:44:25.830873: Completed data loading. Elapsed time: 0:00:39.830427
NAUTILUS=>2021-06-10 19:44:25.830890: Starting model selection
NAUTILUS=>2021-06-10 19:44:25.830907: Materializing training data
NAUTILUS=>2021-06-10 19:44:26.058312: Completed materializing training data. Elapsed time: 0:00:00.227405
NAUTILUS=>2021-06-10 19:44:26.058322: Generating intermediate features
NAUTILUS=>2021-06-10 19:44:34.600095: Completed generating intermediate features. Elapsed time: 0:00:08.541773
NAUTILUS=>2021-06-10 19:44:34.600114: Starting model training
NAUTILUS=>2021-06-10 19:45:46.864206: Completed model training. Elapsed time: 0:01:12.264092
NAUTILUS=>2021-06-10 19:45:46.864206: Cycle: 3, Model: 2, loss: [1.1734110116958618, 0.6405545473098755, 0.4942150413990021, 0.40278419852256775, 0.3289356529712677]
NAUTILUS=>2021-06-10 19:45:46.864206: Cycle: 3, Model: 2, accuracy: [0.580635666847229, 0.7494320273399353, 0.8104904890060425, 0.8541501760482788, 0.8839531540870667]
NAUTILUS=>2021-06-10 19:45:46.864206: Cycle: 3, Model: 2, val_loss: [0.47131678462028503, 0.35854092240333557, 0.3004438579082489, 0.2727178633213043, 0.26489609479904175]
NAUTILUS=>2021-06-10 19:45:46.864206: Cycle: 3, Model: 2, val_accuracy: [0.8249059915542603, 0.8742010593414307, 0.8958098292350769, 0.9077868461608887, 0.9134292602539062]
NAUTILUS=>2021-06-10 19:45:46.864206: Cycle: 3, Model: 3, loss: [1.2739770412445068, 0.7285147309303284, 0.5687882304191589, 0.4734950661659241, 0.3920932114124298]
NAUTILUS=>2021-06-10 19:45:46.864206: Cycle: 3, Model: 3, accuracy: [0.5530614256858826, 0.7097641825675964, 0.7803652286529541, 0.82074373960495, 0.8602864742279053]
NAUTILUS=>2021-06-10 19:45:46.864206: Cycle: 3, Model: 3, val_loss: [0.5316216349601746, 0.38841527700424194, 0.3417527675628662, 0.3005862534046173, 0.28646862506866455]
NAUTILUS=>2021-06-10 19:45:46.864206: Cycle: 3, Model: 3, val_accuracy: [0.8050476908683777, 0.8711074590682983, 0.8834086060523987, 0.8952108025550842, 0.9024705290794373]
NAUTILUS=>2021-06-10 19:45:46.864206: Cycle: 3, Model: 4, loss: [1.472325086593628, 0.9112445116043091, 0.7331181764602661, 0.6215204000473022, 0.5372510552406311]
NAUTILUS=>2021-06-10 19:45:46.864206: Cycle: 3, Model: 4, accuracy: [0.5054358243942261, 0.6356805562973022, 0.7062159776687622, 0.7632047533988953, 0.7958250641822815]
NAUTILUS=>2021-06-10 19:45:46.864206: Cycle: 3, Model: 4, val_loss: [0.6747691035270691, 0.5067815184593201, 0.4184146225452423, 0.37616926431655884, 0.34029093384742737]
NAUTILUS=>2021-06-10 19:45:46.864206: Cycle: 3, Model: 4, val_accuracy: [0.7709658145904541, 0.8268039226531982, 0.8575853705406189, 0.8713998198509216, 0.8867407441139221]
NAUTILUS=>2021-06-10 19:45:46.864206: Cycle: 3, Model: 0, loss: [1.0503240823745728, 0.5038192272186279, 0.34329548478126526, 0.27409422397613525, 0.18432031571865082]
NAUTILUS=>2021-06-10 19:45:46.864206: Cycle: 3, Model: 0, accuracy: [0.6394216418266296, 0.8110025525093079, 0.8757426142692566, 0.9025945067405701, 0.9401528835296631]
NAUTILUS=>2021-06-10 19:45:46.864206: Cycle: 3, Model: 0, val_loss: [0.36566832661628723, 0.2560340464115143, 0.27582311630249023, 0.31012746691703796, 0.2955993413925171]
NAUTILUS=>2021-06-10 19:45:46.864206: Cycle: 3, Model: 0, val_accuracy: [0.8686020970344543, 0.9100136160850525, 0.9169734716415405, 0.9171760082244873, 0.9122934937477112]
NAUTILUS=>2021-06-10 19:45:46.864206: Cycle: 3, Model: 1, loss: [1.0786219835281372, 0.5533127784729004, 0.41141536831855774, 0.3229483664035797, 0.24406537413597107]
NAUTILUS=>2021-06-10 19:45:46.864206: Cycle: 3, Model: 1, accuracy: [0.6122634410858154, 0.7813418507575989, 0.846768319606781, 0.8865628838539124, 0.9208267331123352]
NAUTILUS=>2021-06-10 19:45:46.864206: Cycle: 3, Model: 1, val_loss: [0.38938483595848083, 0.3041931986808777, 0.2628311812877655, 0.2745210826396942, 0.25541335344314575]
NAUTILUS=>2021-06-10 19:45:46.864206: Cycle: 3, Model: 1, val_accuracy: [0.8718843460083008, 0.8965688347816467, 0.9098889231681824, 0.9124472141265869, 0.9129377007484436]
NAUTILUS=>2021-06-10 19:45:46.864401: Starting to generating the best model
NAUTILUS=>2021-06-10 19:45:53.247991: Completed generating the best model. Elapsed time: 0:00:06.383590
NAUTILUS=>2021-06-10 19:45:53.247991: Cycle: 3, Best Model: 2
NAUTILUS=>2021-06-10 19:45:53.247991: Cycle: 3, Best model loss: [1.1734110116958618, 0.6405545473098755, 0.4942150413990021, 0.40278419852256775, 0.3289356529712677]
NAUTILUS=>2021-06-10 19:45:53.247991: Cycle: 3, Best model accuracy: [0.580635666847229, 0.7494320273399353, 0.8104904890060425, 0.8541501760482788, 0.8839531540870667]
NAUTILUS=>2021-06-10 19:45:53.247991: Cycle: 3, Best model val_loss: [0.47131678462028503, 0.35854092240333557, 0.3004438579082489, 0.2727178633213043, 0.26489609479904175]
NAUTILUS=>2021-06-10 19:45:53.247991: Cycle: 3, Best model val_accuracy: [0.8249059915542603, 0.8742010593414307, 0.8958098292350769, 0.9077868461608887, 0.9134292602539062]
NAUTILUS=>2021-06-10 19:45:53.539812: Completed active learning cycle. Elapsed time: 0:01:27.708922
NAUTILUS=>2021-06-10 19:45:53.539830: ========> Active learning cycle: 4
NAUTILUS=>2021-06-10 19:45:53.539834: Starting data loading
NAUTILUS=>2021-06-10 19:46:38.423155: Completed data loading. Elapsed time: 0:00:44.883321
NAUTILUS=>2021-06-10 19:46:38.423172: Starting model selection
NAUTILUS=>2021-06-10 19:46:38.423189: Materializing training data
NAUTILUS=>2021-06-10 19:46:38.650180: Completed materializing training data. Elapsed time: 0:00:00.226991
NAUTILUS=>2021-06-10 19:46:38.650189: Generating intermediate features
NAUTILUS=>2021-06-10 19:46:47.224080: Completed generating intermediate features. Elapsed time: 0:00:08.573891
NAUTILUS=>2021-06-10 19:46:47.224099: Starting model training
NAUTILUS=>2021-06-10 19:48:17.985578: Completed model training. Elapsed time: 0:01:30.761479
NAUTILUS=>2021-06-10 19:48:17.985578: Cycle: 4, Model: 2, loss: [1.088930368423462, 0.6305785179138184, 0.495967835187912, 0.4107177257537842, 0.34650397300720215]
NAUTILUS=>2021-06-10 19:48:17.985578: Cycle: 4, Model: 2, accuracy: [0.6281378269195557, 0.7715151309967041, 0.8276664614677429, 0.8608231544494629, 0.8871836066246033]
NAUTILUS=>2021-06-10 19:48:17.985578: Cycle: 4, Model: 2, val_loss: [0.4040851593017578, 0.2975815534591675, 0.2775493860244751, 0.24165938794612885, 0.24623626470565796]
NAUTILUS=>2021-06-10 19:48:17.985578: Cycle: 4, Model: 2, val_accuracy: [0.8620694875717163, 0.8995107412338257, 0.9048641324043274, 0.917738676071167, 0.9149627685546875]
NAUTILUS=>2021-06-10 19:48:17.985578: Cycle: 4, Model: 3, loss: [1.157570242881775, 0.7072559595108032, 0.5625317692756653, 0.4762425720691681, 0.40739184617996216]
NAUTILUS=>2021-06-10 19:48:17.985578: Cycle: 4, Model: 3, accuracy: [0.5996688008308411, 0.7423927187919617, 0.8035558462142944, 0.833922803401947, 0.8620312213897705]
NAUTILUS=>2021-06-10 19:48:17.985578: Cycle: 4, Model: 3, val_loss: [0.45948413014411926, 0.34411075711250305, 0.3014713525772095, 0.2650788128376007, 0.2584414482116699]
NAUTILUS=>2021-06-10 19:48:17.985578: Cycle: 4, Model: 3, val_accuracy: [0.8350563049316406, 0.8728525042533875, 0.8964491486549377, 0.9098873138427734, 0.9113976359367371]
NAUTILUS=>2021-06-10 19:48:17.985578: Cycle: 4, Model: 4, loss: [1.3454225063323975, 0.8739070892333984, 0.7182663083076477, 0.6176023483276367, 0.5488802194595337]
NAUTILUS=>2021-06-10 19:48:17.985578: Cycle: 4, Model: 4, accuracy: [0.5440038442611694, 0.6713788509368896, 0.7311091423034668, 0.7757835388183594, 0.8040665984153748]
NAUTILUS=>2021-06-10 19:48:17.985578: Cycle: 4, Model: 4, val_loss: [0.5900522470474243, 0.44375625252723694, 0.37626034021377563, 0.34677886962890625, 0.3064459264278412]
NAUTILUS=>2021-06-10 19:48:17.985578: Cycle: 4, Model: 4, val_accuracy: [0.7976731061935425, 0.8407654762268066, 0.8682580590248108, 0.8782362937927246, 0.8947235345840454]
NAUTILUS=>2021-06-10 19:48:17.985578: Cycle: 4, Model: 0, loss: [1.0007450580596924, 0.5386736392974854, 0.38935211300849915, 0.28623175621032715, 0.19687122106552124]
NAUTILUS=>2021-06-10 19:48:17.985578: Cycle: 4, Model: 0, accuracy: [0.6615559458732605, 0.813633143901825, 0.8663817048072815, 0.9032334089279175, 0.9374695420265198]
NAUTILUS=>2021-06-10 19:48:17.985578: Cycle: 4, Model: 0, val_loss: [0.35358813405036926, 0.2887240946292877, 0.26977843046188354, 0.24321216344833374, 0.24553953111171722]
NAUTILUS=>2021-06-10 19:48:17.985578: Cycle: 4, Model: 0, val_accuracy: [0.8783340454101562, 0.8984920382499695, 0.906108021736145, 0.9223610758781433, 0.9265408515930176]
NAUTILUS=>2021-06-10 19:48:17.985578: Cycle: 4, Model: 1, loss: [1.0142467021942139, 0.5698196291923523, 0.43418458104133606, 0.3525908291339874, 0.274330198764801]
NAUTILUS=>2021-06-10 19:48:17.985578: Cycle: 4, Model: 1, accuracy: [0.6520774960517883, 0.7998597025871277, 0.8527160882949829, 0.8819565773010254, 0.9148235321044922]
NAUTILUS=>2021-06-10 19:48:17.985578: Cycle: 4, Model: 1, val_loss: [0.35799354314804077, 0.2813897430896759, 0.24565920233726501, 0.23920086026191711, 0.23523731529712677]
NAUTILUS=>2021-06-10 19:48:17.985578: Cycle: 4, Model: 1, val_accuracy: [0.883351743221283, 0.8983660340309143, 0.9147924184799194, 0.9203234314918518, 0.9223295450210571]
NAUTILUS=>2021-06-10 19:48:17.985691: Starting to generating the best model
NAUTILUS=>2021-06-10 19:48:24.345473: Completed generating the best model. Elapsed time: 0:00:06.359782
NAUTILUS=>2021-06-10 19:48:24.345473: Cycle: 4, Best Model: 0
NAUTILUS=>2021-06-10 19:48:24.345473: Cycle: 4, Best model loss: [1.0007450580596924, 0.5386736392974854, 0.38935211300849915, 0.28623175621032715, 0.19687122106552124]
NAUTILUS=>2021-06-10 19:48:24.345473: Cycle: 4, Best model accuracy: [0.6615559458732605, 0.813633143901825, 0.8663817048072815, 0.9032334089279175, 0.9374695420265198]
NAUTILUS=>2021-06-10 19:48:24.345473: Cycle: 4, Best model val_loss: [0.35358813405036926, 0.2887240946292877, 0.26977843046188354, 0.24321216344833374, 0.24553953111171722]
NAUTILUS=>2021-06-10 19:48:24.345473: Cycle: 4, Best model val_accuracy: [0.8783340454101562, 0.8984920382499695, 0.906108021736145, 0.9223610758781433, 0.9265408515930176]
NAUTILUS=>2021-06-10 19:48:24.631151: Completed active learning cycle. Elapsed time: 0:01:46.207979
NAUTILUS=>2021-06-10 19:48:24.631167: ========> Active learning cycle: 5
NAUTILUS=>2021-06-10 19:48:24.631171: Starting data loading
NAUTILUS=>2021-06-10 19:49:00.970801: Completed data loading. Elapsed time: 0:00:36.339630
NAUTILUS=>2021-06-10 19:49:00.970819: Starting model selection
NAUTILUS=>2021-06-10 19:49:00.970836: Materializing training data
NAUTILUS=>2021-06-10 19:49:01.199146: Completed materializing training data. Elapsed time: 0:00:00.228310
NAUTILUS=>2021-06-10 19:49:01.199160: Generating intermediate features
NAUTILUS=>2021-06-10 19:49:09.732974: Completed generating intermediate features. Elapsed time: 0:00:08.533814
NAUTILUS=>2021-06-10 19:49:09.732993: Starting model training
NAUTILUS=>2021-06-10 19:50:59.255193: Completed model training. Elapsed time: 0:01:49.522200
NAUTILUS=>2021-06-10 19:50:59.255193: Cycle: 5, Model: 2, loss: [0.9871426224708557, 0.5766896605491638, 0.45632660388946533, 0.37810710072517395, 0.3249005079269409]
NAUTILUS=>2021-06-10 19:50:59.255193: Cycle: 5, Model: 2, accuracy: [0.6508467197418213, 0.7911696434020996, 0.8388306498527527, 0.8714576959609985, 0.893989622592926]
NAUTILUS=>2021-06-10 19:50:59.255193: Cycle: 5, Model: 2, val_loss: [0.36145874857902527, 0.2823863625526428, 0.2480158805847168, 0.22655877470970154, 0.21870160102844238]
NAUTILUS=>2021-06-10 19:50:59.255193: Cycle: 5, Model: 2, val_accuracy: [0.8718570470809937, 0.9073320031166077, 0.9183659553527832, 0.9207580089569092, 0.9231885671615601]
NAUTILUS=>2021-06-10 19:50:59.255193: Cycle: 5, Model: 3, loss: [1.0761611461639404, 0.6479772925376892, 0.521925151348114, 0.4377794861793518, 0.38239800930023193]
NAUTILUS=>2021-06-10 19:50:59.255193: Cycle: 5, Model: 3, accuracy: [0.6204816102981567, 0.7633841037750244, 0.8116997480392456, 0.8473471403121948, 0.8717269897460938]
NAUTILUS=>2021-06-10 19:50:59.255193: Cycle: 5, Model: 3, val_loss: [0.4186553359031677, 0.3157375752925873, 0.27084529399871826, 0.24474230408668518, 0.23244576156139374]
NAUTILUS=>2021-06-10 19:50:59.255193: Cycle: 5, Model: 3, val_accuracy: [0.8494088649749756, 0.8946815729141235, 0.9061723351478577, 0.917978823184967, 0.9197957515716553]
NAUTILUS=>2021-06-10 19:50:59.255193: Cycle: 5, Model: 4, loss: [1.2357624769210815, 0.7958910465240479, 0.6439173817634583, 0.5554219484329224, 0.49414265155792236]
NAUTILUS=>2021-06-10 19:50:59.255193: Cycle: 5, Model: 4, accuracy: [0.5745130181312561, 0.7015500068664551, 0.7596748471260071, 0.7991726398468018, 0.8284165859222412]
NAUTILUS=>2021-06-10 19:50:59.255193: Cycle: 5, Model: 4, val_loss: [0.5611565709114075, 0.4009929895401001, 0.33768612146377563, 0.29787594079971313, 0.27466508746147156]
NAUTILUS=>2021-06-10 19:50:59.255193: Cycle: 5, Model: 4, val_accuracy: [0.8082491159439087, 0.858737587928772, 0.8851794004440308, 0.8972901701927185, 0.9067664742469788]
NAUTILUS=>2021-06-10 19:50:59.255193: Cycle: 5, Model: 0, loss: [0.8848878741264343, 0.48879098892211914, 0.3627718389034271, 0.27218595147132874, 0.2061728835105896]
NAUTILUS=>2021-06-10 19:50:59.255193: Cycle: 5, Model: 0, accuracy: [0.697338879108429, 0.8288840651512146, 0.8729316592216492, 0.9055098295211792, 0.9343339800834656]
NAUTILUS=>2021-06-10 19:50:59.255193: Cycle: 5, Model: 0, val_loss: [0.31290188431739807, 0.25376373529434204, 0.23948748409748077, 0.22341026365756989, 0.2342166155576706]
NAUTILUS=>2021-06-10 19:50:59.255193: Cycle: 5, Model: 0, val_accuracy: [0.8828927874565125, 0.9140087366104126, 0.920835554599762, 0.9284613132476807, 0.9284204244613647]
NAUTILUS=>2021-06-10 19:50:59.255193: Cycle: 5, Model: 1, loss: [0.931462824344635, 0.5267236828804016, 0.405816912651062, 0.32352131605148315, 0.26926353573799133]
NAUTILUS=>2021-06-10 19:50:59.255193: Cycle: 5, Model: 1, accuracy: [0.6760247945785522, 0.812559962272644, 0.8585521578788757, 0.890867292881012, 0.913202166557312]
NAUTILUS=>2021-06-10 19:50:59.255193: Cycle: 5, Model: 1, val_loss: [0.3221791386604309, 0.256032258272171, 0.23639312386512756, 0.21526898443698883, 0.21449017524719238]
NAUTILUS=>2021-06-10 19:50:59.255193: Cycle: 5, Model: 1, val_accuracy: [0.8834271430969238, 0.9131736159324646, 0.9191558361053467, 0.9234687685966492, 0.927733838558197]
NAUTILUS=>2021-06-10 19:50:59.255304: Starting to generating the best model
NAUTILUS=>2021-06-10 19:51:05.613438: Completed generating the best model. Elapsed time: 0:00:06.358134
NAUTILUS=>2021-06-10 19:51:05.613438: Cycle: 5, Best Model: 0
NAUTILUS=>2021-06-10 19:51:05.613438: Cycle: 5, Best model loss: [0.8848878741264343, 0.48879098892211914, 0.3627718389034271, 0.27218595147132874, 0.2061728835105896]
NAUTILUS=>2021-06-10 19:51:05.613438: Cycle: 5, Best model accuracy: [0.697338879108429, 0.8288840651512146, 0.8729316592216492, 0.9055098295211792, 0.9343339800834656]
NAUTILUS=>2021-06-10 19:51:05.613438: Cycle: 5, Best model val_loss: [0.31290188431739807, 0.25376373529434204, 0.23948748409748077, 0.22341026365756989, 0.2342166155576706]
NAUTILUS=>2021-06-10 19:51:05.613438: Cycle: 5, Best model val_accuracy: [0.8828927874565125, 0.9140087366104126, 0.920835554599762, 0.9284613132476807, 0.9284204244613647]
NAUTILUS=>2021-06-10 19:51:05.901885: Completed active learning cycle. Elapsed time: 0:02:04.931066
NAUTILUS=>2021-06-10 19:51:05.901903: ========> Active learning cycle: 6
NAUTILUS=>2021-06-10 19:51:05.901907: Starting data loading
NAUTILUS=>2021-06-10 19:51:46.377438: Completed data loading. Elapsed time: 0:00:40.475531
NAUTILUS=>2021-06-10 19:51:46.377455: Starting model selection
NAUTILUS=>2021-06-10 19:51:46.377471: Materializing training data
NAUTILUS=>2021-06-10 19:51:46.604428: Completed materializing training data. Elapsed time: 0:00:00.226957
NAUTILUS=>2021-06-10 19:51:46.604438: Generating intermediate features
NAUTILUS=>2021-06-10 19:51:55.261805: Completed generating intermediate features. Elapsed time: 0:00:08.657367
NAUTILUS=>2021-06-10 19:51:55.261824: Starting model training
NAUTILUS=>2021-06-10 19:54:03.484075: Completed model training. Elapsed time: 0:02:08.222251
NAUTILUS=>2021-06-10 19:54:03.484075: Cycle: 6, Model: 2, loss: [0.9080008864402771, 0.5181938409805298, 0.416238009929657, 0.3497507870197296, 0.29401424527168274]
NAUTILUS=>2021-06-10 19:54:03.484075: Cycle: 6, Model: 2, accuracy: [0.68609219789505, 0.812924325466156, 0.8533921241760254, 0.8781057596206665, 0.9023430347442627]
NAUTILUS=>2021-06-10 19:54:03.484075: Cycle: 6, Model: 2, val_loss: [0.3255128860473633, 0.24867965281009674, 0.2447500079870224, 0.21283544600009918, 0.2095867544412613]
NAUTILUS=>2021-06-10 19:54:03.484075: Cycle: 6, Model: 2, val_accuracy: [0.8861247897148132, 0.9106525778770447, 0.9180237054824829, 0.9212964773178101, 0.9266910552978516]
NAUTILUS=>2021-06-10 19:54:03.484075: Cycle: 6, Model: 3, loss: [0.9801280498504639, 0.5705810785293579, 0.4610678553581238, 0.39663398265838623, 0.34780922532081604]
NAUTILUS=>2021-06-10 19:54:03.484075: Cycle: 6, Model: 3, accuracy: [0.6618385910987854, 0.7917631268501282, 0.8346881866455078, 0.8589101433753967, 0.8812127709388733]
NAUTILUS=>2021-06-10 19:54:03.484075: Cycle: 6, Model: 3, val_loss: [0.36156296730041504, 0.2740590572357178, 0.266250342130661, 0.22509431838989258, 0.2198164165019989]
NAUTILUS=>2021-06-10 19:54:03.484075: Cycle: 6, Model: 3, val_accuracy: [0.8762493133544922, 0.9015923142433167, 0.9119346141815186, 0.9198166131973267, 0.9219072461128235]
NAUTILUS=>2021-06-10 19:54:03.484075: Cycle: 6, Model: 4, loss: [1.1333469152450562, 0.7038822174072266, 0.5728996396064758, 0.49553313851356506, 0.4456993639469147]
NAUTILUS=>2021-06-10 19:54:03.484075: Cycle: 6, Model: 4, accuracy: [0.614450216293335, 0.73756343126297, 0.7919691205024719, 0.8212749361991882, 0.8419767022132874]
NAUTILUS=>2021-06-10 19:54:03.484075: Cycle: 6, Model: 4, val_loss: [0.46708375215530396, 0.34691810607910156, 0.3017117977142334, 0.26680445671081543, 0.2525767385959625]
NAUTILUS=>2021-06-10 19:54:03.484075: Cycle: 6, Model: 4, val_accuracy: [0.8400861024856567, 0.8770944476127625, 0.8971181511878967, 0.9115228056907654, 0.914396345615387]
NAUTILUS=>2021-06-10 19:54:03.484075: Cycle: 6, Model: 0, loss: [0.7799059748649597, 0.4475197494029999, 0.3352033495903015, 0.2527945339679718, 0.17626158893108368]
NAUTILUS=>2021-06-10 19:54:03.484075: Cycle: 6, Model: 0, accuracy: [0.732487142086029, 0.8406215310096741, 0.8847308158874512, 0.9127742648124695, 0.9426755905151367]
NAUTILUS=>2021-06-10 19:54:03.484075: Cycle: 6, Model: 0, val_loss: [0.2617006003856659, 0.2251167595386505, 0.22748515009880066, 0.21376164257526398, 0.20616896450519562]
NAUTILUS=>2021-06-10 19:54:03.484075: Cycle: 6, Model: 0, val_accuracy: [0.9085649847984314, 0.9225978851318359, 0.9225368499755859, 0.9260216355323792, 0.9396024346351624]
NAUTILUS=>2021-06-10 19:54:03.484075: Cycle: 6, Model: 1, loss: [0.8577334880828857, 0.4769701659679413, 0.36819326877593994, 0.29865533113479614, 0.2383086383342743]
NAUTILUS=>2021-06-10 19:54:03.484075: Cycle: 6, Model: 1, accuracy: [0.7027397155761719, 0.8298553824424744, 0.8731132745742798, 0.8976854681968689, 0.9217761158943176]
NAUTILUS=>2021-06-10 19:54:03.484075: Cycle: 6, Model: 1, val_loss: [0.2994542121887207, 0.23533648252487183, 0.23076215386390686, 0.2149992436170578, 0.19967922568321228]
NAUTILUS=>2021-06-10 19:54:03.484075: Cycle: 6, Model: 1, val_accuracy: [0.8887873291969299, 0.9165675044059753, 0.9221133589744568, 0.9264320135116577, 0.932578444480896]
NAUTILUS=>2021-06-10 19:54:03.484186: Starting to generating the best model
NAUTILUS=>2021-06-10 19:54:09.838040: Completed generating the best model. Elapsed time: 0:00:06.353854
NAUTILUS=>2021-06-10 19:54:09.838040: Cycle: 6, Best Model: 0
NAUTILUS=>2021-06-10 19:54:09.838040: Cycle: 6, Best model loss: [0.7799059748649597, 0.4475197494029999, 0.3352033495903015, 0.2527945339679718, 0.17626158893108368]
NAUTILUS=>2021-06-10 19:54:09.838040: Cycle: 6, Best model accuracy: [0.732487142086029, 0.8406215310096741, 0.8847308158874512, 0.9127742648124695, 0.9426755905151367]
NAUTILUS=>2021-06-10 19:54:09.838040: Cycle: 6, Best model val_loss: [0.2617006003856659, 0.2251167595386505, 0.22748515009880066, 0.21376164257526398, 0.20616896450519562]
NAUTILUS=>2021-06-10 19:54:09.838040: Cycle: 6, Best model val_accuracy: [0.9085649847984314, 0.9225978851318359, 0.9225368499755859, 0.9260216355323792, 0.9396024346351624]
NAUTILUS=>2021-06-10 19:54:10.125260: Completed active learning cycle. Elapsed time: 0:02:23.747805
NAUTILUS=>2021-06-10 19:54:10.125277: ========> Active learning cycle: 7
NAUTILUS=>2021-06-10 19:54:10.125281: Starting data loading
NAUTILUS=>2021-06-10 19:54:42.906854: Completed data loading. Elapsed time: 0:00:32.781573
NAUTILUS=>2021-06-10 19:54:42.906872: Starting model selection
NAUTILUS=>2021-06-10 19:54:42.906889: Materializing training data
NAUTILUS=>2021-06-10 19:54:43.134060: Completed materializing training data. Elapsed time: 0:00:00.227171
NAUTILUS=>2021-06-10 19:54:43.134071: Generating intermediate features
NAUTILUS=>2021-06-10 19:54:51.740132: Completed generating intermediate features. Elapsed time: 0:00:08.606061
NAUTILUS=>2021-06-10 19:54:51.740151: Starting model training
NAUTILUS=>2021-06-10 19:57:18.640142: Completed model training. Elapsed time: 0:02:26.899991
NAUTILUS=>2021-06-10 19:57:18.640142: Cycle: 7, Model: 2, loss: [0.8064925074577332, 0.46961572766304016, 0.3784085214138031, 0.31999391317367554, 0.26893389225006104]
NAUTILUS=>2021-06-10 19:57:18.640142: Cycle: 7, Model: 2, accuracy: [0.7110469937324524, 0.825434684753418, 0.8634249567985535, 0.8862703442573547, 0.9094283580780029]
NAUTILUS=>2021-06-10 19:57:18.640142: Cycle: 7, Model: 2, val_loss: [0.2872575521469116, 0.25581058859825134, 0.21671973168849945, 0.19970209896564484, 0.19689825177192688]
NAUTILUS=>2021-06-10 19:57:18.640142: Cycle: 7, Model: 2, val_accuracy: [0.8976507782936096, 0.9059022665023804, 0.9251323342323303, 0.9306334853172302, 0.9324584007263184]
NAUTILUS=>2021-06-10 19:57:18.640142: Cycle: 7, Model: 3, loss: [0.8916301727294922, 0.5187742114067078, 0.41736677289009094, 0.3593777120113373, 0.31207922101020813]
NAUTILUS=>2021-06-10 19:57:18.640142: Cycle: 7, Model: 3, accuracy: [0.6843173503875732, 0.805760383605957, 0.8469839692115784, 0.8699266910552979, 0.8906269073486328]
NAUTILUS=>2021-06-10 19:57:18.640142: Cycle: 7, Model: 3, val_loss: [0.32793787121772766, 0.2756146788597107, 0.23478055000305176, 0.2069612741470337, 0.19912563264369965]
NAUTILUS=>2021-06-10 19:57:18.640142: Cycle: 7, Model: 3, val_accuracy: [0.8821759819984436, 0.8978015780448914, 0.9153954386711121, 0.9256220459938049, 0.9305779337882996]
NAUTILUS=>2021-06-10 19:57:18.640142: Cycle: 7, Model: 4, loss: [1.0455613136291504, 0.6339061856269836, 0.5196515321731567, 0.45144861936569214, 0.400484561920166]
NAUTILUS=>2021-06-10 19:57:18.640142: Cycle: 7, Model: 4, accuracy: [0.6390662789344788, 0.7591221332550049, 0.8074918985366821, 0.8335452079772949, 0.853007972240448]
NAUTILUS=>2021-06-10 19:57:18.640142: Cycle: 7, Model: 4, val_loss: [0.4361328184604645, 0.32830122113227844, 0.2913833558559418, 0.24543625116348267, 0.22993244230747223]
NAUTILUS=>2021-06-10 19:57:18.640142: Cycle: 7, Model: 4, val_accuracy: [0.8418149352073669, 0.8831007480621338, 0.9000846743583679, 0.9128425717353821, 0.9180158972740173]
NAUTILUS=>2021-06-10 19:57:18.640142: Cycle: 7, Model: 0, loss: [0.7210490703582764, 0.40925759077072144, 0.30445170402526855, 0.2211378663778305, 0.15454119443893433]
NAUTILUS=>2021-06-10 19:57:18.640142: Cycle: 7, Model: 0, accuracy: [0.7428813576698303, 0.8553975224494934, 0.8921898603439331, 0.9242388010025024, 0.9469484090805054]
NAUTILUS=>2021-06-10 19:57:18.640142: Cycle: 7, Model: 0, val_loss: [0.270775705575943, 0.24026012420654297, 0.21184054017066956, 0.19838587939739227, 0.2035641223192215]
NAUTILUS=>2021-06-10 19:57:18.640142: Cycle: 7, Model: 0, val_accuracy: [0.9040488004684448, 0.9125903248786926, 0.9240053296089172, 0.9326165914535522, 0.938501238822937]
NAUTILUS=>2021-06-10 19:57:18.640142: Cycle: 7, Model: 1, loss: [0.7434539198875427, 0.43372949957847595, 0.3424171507358551, 0.2751854658126831, 0.21608343720436096]
NAUTILUS=>2021-06-10 19:57:18.640142: Cycle: 7, Model: 1, accuracy: [0.7365965247154236, 0.8461467027664185, 0.8774643540382385, 0.9037654399871826, 0.9280001521110535]
NAUTILUS=>2021-06-10 19:57:18.640142: Cycle: 7, Model: 1, val_loss: [0.27121761441230774, 0.23520317673683167, 0.20953543484210968, 0.19085301458835602, 0.20605695247650146]
NAUTILUS=>2021-06-10 19:57:18.640142: Cycle: 7, Model: 1, val_accuracy: [0.8990492224693298, 0.911944568157196, 0.9277746677398682, 0.934415876865387, 0.9318259954452515]
NAUTILUS=>2021-06-10 19:57:18.640254: Starting to generating the best model
NAUTILUS=>2021-06-10 19:57:24.995297: Completed generating the best model. Elapsed time: 0:00:06.355043
NAUTILUS=>2021-06-10 19:57:24.995297: Cycle: 7, Best Model: 0
NAUTILUS=>2021-06-10 19:57:24.995297: Cycle: 7, Best model loss: [0.7210490703582764, 0.40925759077072144, 0.30445170402526855, 0.2211378663778305, 0.15454119443893433]
NAUTILUS=>2021-06-10 19:57:24.995297: Cycle: 7, Best model accuracy: [0.7428813576698303, 0.8553975224494934, 0.8921898603439331, 0.9242388010025024, 0.9469484090805054]
NAUTILUS=>2021-06-10 19:57:24.995297: Cycle: 7, Best model val_loss: [0.270775705575943, 0.24026012420654297, 0.21184054017066956, 0.19838587939739227, 0.2035641223192215]
NAUTILUS=>2021-06-10 19:57:24.995297: Cycle: 7, Best model val_accuracy: [0.9040488004684448, 0.9125903248786926, 0.9240053296089172, 0.9326165914535522, 0.938501238822937]
NAUTILUS=>2021-06-10 19:57:25.283273: Completed active learning cycle. Elapsed time: 0:02:42.376401
NAUTILUS=>2021-06-10 19:57:25.283290: ========> Active learning cycle: 8
NAUTILUS=>2021-06-10 19:57:25.283294: Starting data loading
NAUTILUS=>2021-06-10 19:58:01.416908: Completed data loading. Elapsed time: 0:00:36.133614
NAUTILUS=>2021-06-10 19:58:01.416925: Starting model selection
NAUTILUS=>2021-06-10 19:58:01.416942: Materializing training data
NAUTILUS=>2021-06-10 19:58:01.648600: Completed materializing training data. Elapsed time: 0:00:00.231658
NAUTILUS=>2021-06-10 19:58:01.648610: Generating intermediate features
NAUTILUS=>2021-06-10 19:58:10.235073: Completed generating intermediate features. Elapsed time: 0:00:08.586463
NAUTILUS=>2021-06-10 19:58:10.235092: Starting model training
NAUTILUS=>2021-06-10 20:00:56.323839: Completed model training. Elapsed time: 0:02:46.088747
NAUTILUS=>2021-06-10 20:00:56.323839: Cycle: 8, Model: 2, loss: [0.7524765133857727, 0.4288865923881531, 0.348734974861145, 0.2905641496181488, 0.24767273664474487]
NAUTILUS=>2021-06-10 20:00:56.323839: Cycle: 8, Model: 2, accuracy: [0.7313785552978516, 0.8412048816680908, 0.8743583559989929, 0.8988536596298218, 0.9137240648269653]
NAUTILUS=>2021-06-10 20:00:56.323839: Cycle: 8, Model: 2, val_loss: [0.2827121317386627, 0.23825082182884216, 0.20550088584423065, 0.22930751740932465, 0.18564723432064056]
NAUTILUS=>2021-06-10 20:00:56.323839: Cycle: 8, Model: 2, val_accuracy: [0.8967980146408081, 0.9163406491279602, 0.9278138875961304, 0.9193829894065857, 0.9301071763038635]
NAUTILUS=>2021-06-10 20:00:56.323839: Cycle: 8, Model: 3, loss: [0.8119484186172485, 0.472953200340271, 0.38307517766952515, 0.3278703987598419, 0.28738510608673096]
NAUTILUS=>2021-06-10 20:00:56.323839: Cycle: 8, Model: 3, accuracy: [0.7093144059181213, 0.8223863244056702, 0.8592469692230225, 0.8852560520172119, 0.8993871808052063]
NAUTILUS=>2021-06-10 20:00:56.323839: Cycle: 8, Model: 3, val_loss: [0.31324246525764465, 0.24673953652381897, 0.22166448831558228, 0.2188728302717209, 0.19268916547298431]
NAUTILUS=>2021-06-10 20:00:56.323839: Cycle: 8, Model: 3, val_accuracy: [0.8893628716468811, 0.9100815057754517, 0.9226542711257935, 0.926652729511261, 0.9273749589920044]
NAUTILUS=>2021-06-10 20:00:56.323839: Cycle: 8, Model: 4, loss: [0.9570659399032593, 0.5745843648910522, 0.4681316614151001, 0.4082569479942322, 0.36788561940193176]
NAUTILUS=>2021-06-10 20:00:56.323839: Cycle: 8, Model: 4, accuracy: [0.6653990149497986, 0.7835665941238403, 0.8239825367927551, 0.8506190776824951, 0.8649597764015198]
NAUTILUS=>2021-06-10 20:00:56.323839: Cycle: 8, Model: 4, val_loss: [0.39757683873176575, 0.2962852716445923, 0.2523559629917145, 0.23184624314308167, 0.21819229423999786]
NAUTILUS=>2021-06-10 20:00:56.323839: Cycle: 8, Model: 4, val_accuracy: [0.852338433265686, 0.8883213996887207, 0.9105157256126404, 0.9199154376983643, 0.9212221503257751]
NAUTILUS=>2021-06-10 20:00:56.323839: Cycle: 8, Model: 0, loss: [0.6718449592590332, 0.3807009160518646, 0.2823652923107147, 0.20761127769947052, 0.14397746324539185]
NAUTILUS=>2021-06-10 20:00:56.323839: Cycle: 8, Model: 0, accuracy: [0.7587196826934814, 0.8660128712654114, 0.8980731964111328, 0.9282039403915405, 0.9491518139839172]
NAUTILUS=>2021-06-10 20:00:56.323839: Cycle: 8, Model: 0, val_loss: [0.22863587737083435, 0.2030155062675476, 0.18493080139160156, 0.1817631870508194, 0.17416447401046753]
NAUTILUS=>2021-06-10 20:00:56.323839: Cycle: 8, Model: 0, val_accuracy: [0.915519118309021, 0.9282082915306091, 0.9356071352958679, 0.9361710548400879, 0.9417523145675659]
NAUTILUS=>2021-06-10 20:00:56.323839: Cycle: 8, Model: 1, loss: [0.6902696490287781, 0.3978399336338043, 0.315409779548645, 0.2507399618625641, 0.20231473445892334]
NAUTILUS=>2021-06-10 20:00:56.323839: Cycle: 8, Model: 1, accuracy: [0.753304660320282, 0.8575289845466614, 0.8884945511817932, 0.9145820736885071, 0.9287827014923096]
NAUTILUS=>2021-06-10 20:00:56.323839: Cycle: 8, Model: 1, val_loss: [0.2558402717113495, 0.21755363047122955, 0.19007211923599243, 0.20724822580814362, 0.1817731261253357]
NAUTILUS=>2021-06-10 20:00:56.323839: Cycle: 8, Model: 1, val_accuracy: [0.9043871164321899, 0.9253643751144409, 0.9292773604393005, 0.9284062385559082, 0.9338024854660034]
NAUTILUS=>2021-06-10 20:00:56.323951: Starting to generating the best model
NAUTILUS=>2021-06-10 20:01:02.725993: Completed generating the best model. Elapsed time: 0:00:06.402042
NAUTILUS=>2021-06-10 20:01:02.725993: Cycle: 8, Best Model: 0
NAUTILUS=>2021-06-10 20:01:02.725993: Cycle: 8, Best model loss: [0.6718449592590332, 0.3807009160518646, 0.2823652923107147, 0.20761127769947052, 0.14397746324539185]
NAUTILUS=>2021-06-10 20:01:02.725993: Cycle: 8, Best model accuracy: [0.7587196826934814, 0.8660128712654114, 0.8980731964111328, 0.9282039403915405, 0.9491518139839172]
NAUTILUS=>2021-06-10 20:01:02.725993: Cycle: 8, Best model val_loss: [0.22863587737083435, 0.2030155062675476, 0.18493080139160156, 0.1817631870508194, 0.17416447401046753]
NAUTILUS=>2021-06-10 20:01:02.725993: Cycle: 8, Best model val_accuracy: [0.915519118309021, 0.9282082915306091, 0.9356071352958679, 0.9361710548400879, 0.9417523145675659]
NAUTILUS=>2021-06-10 20:01:03.014296: Completed active learning cycle. Elapsed time: 0:03:01.597371
NAUTILUS=>2021-06-10 20:01:03.014312: ========> Active learning cycle: 9
NAUTILUS=>2021-06-10 20:01:03.014316: Starting data loading
NAUTILUS=>2021-06-10 20:01:32.250859: Completed data loading. Elapsed time: 0:00:29.236543
NAUTILUS=>2021-06-10 20:01:32.250876: Starting model selection
NAUTILUS=>2021-06-10 20:01:32.250893: Materializing training data
NAUTILUS=>2021-06-10 20:01:32.477450: Completed materializing training data. Elapsed time: 0:00:00.226557
NAUTILUS=>2021-06-10 20:01:32.477459: Generating intermediate features
NAUTILUS=>2021-06-10 20:01:41.060439: Completed generating intermediate features. Elapsed time: 0:00:08.582980
NAUTILUS=>2021-06-10 20:01:41.060459: Starting model training
NAUTILUS=>2021-06-10 20:04:45.458896: Completed model training. Elapsed time: 0:03:04.398437
NAUTILUS=>2021-06-10 20:04:45.458896: Cycle: 9, Model: 2, loss: [0.678204357624054, 0.39580821990966797, 0.3182631731033325, 0.2711067795753479, 0.2346579134464264]
NAUTILUS=>2021-06-10 20:04:45.458896: Cycle: 9, Model: 2, accuracy: [0.7603383660316467, 0.8549362421035767, 0.8845474720001221, 0.9051306247711182, 0.9221205115318298]
NAUTILUS=>2021-06-10 20:04:45.458896: Cycle: 9, Model: 2, val_loss: [0.2657715380191803, 0.21907731890678406, 0.20843040943145752, 0.18419989943504333, 0.16948215663433075]
NAUTILUS=>2021-06-10 20:04:45.458896: Cycle: 9, Model: 2, val_accuracy: [0.9059364795684814, 0.9250432848930359, 0.9280872941017151, 0.9385952353477478, 0.9416543841362]
NAUTILUS=>2021-06-10 20:04:45.458896: Cycle: 9, Model: 3, loss: [0.7369946241378784, 0.43071702122688293, 0.3511418104171753, 0.30474427342414856, 0.27129852771759033]
NAUTILUS=>2021-06-10 20:04:45.458896: Cycle: 9, Model: 3, accuracy: [0.7414450645446777, 0.8406052589416504, 0.8703121542930603, 0.8916506171226501, 0.9082132577896118]
NAUTILUS=>2021-06-10 20:04:45.458896: Cycle: 9, Model: 3, val_loss: [0.2831648588180542, 0.227157860994339, 0.20553672313690186, 0.19015474617481232, 0.17994731664657593]
NAUTILUS=>2021-06-10 20:04:45.458896: Cycle: 9, Model: 3, val_accuracy: [0.8998286724090576, 0.9197348356246948, 0.9291390776634216, 0.9357405304908752, 0.9369311332702637]
NAUTILUS=>2021-06-10 20:04:45.458896: Cycle: 9, Model: 4, loss: [0.9020325541496277, 0.5202540159225464, 0.42447951436042786, 0.37464872002601624, 0.33795690536499023]
NAUTILUS=>2021-06-10 20:04:45.458896: Cycle: 9, Model: 4, accuracy: [0.6899119019508362, 0.8037784099578857, 0.8415626287460327, 0.8646345734596252, 0.8782660365104675]
NAUTILUS=>2021-06-10 20:04:45.458896: Cycle: 9, Model: 4, val_loss: [0.35661113262176514, 0.27216774225234985, 0.24215959012508392, 0.21787729859352112, 0.20320560038089752]
NAUTILUS=>2021-06-10 20:04:45.458896: Cycle: 9, Model: 4, val_accuracy: [0.8767644762992859, 0.9019283056259155, 0.9154798984527588, 0.9240860342979431, 0.9276463985443115]
NAUTILUS=>2021-06-10 20:04:45.458896: Cycle: 9, Model: 0, loss: [0.5994001030921936, 0.34691837430000305, 0.25637686252593994, 0.1871970295906067, 0.12991680204868317]
NAUTILUS=>2021-06-10 20:04:45.458896: Cycle: 9, Model: 0, accuracy: [0.7850269675254822, 0.8763583898544312, 0.9091951251029968, 0.9382106065750122, 0.9586482644081116]
NAUTILUS=>2021-06-10 20:04:45.458896: Cycle: 9, Model: 0, val_loss: [0.2532639801502228, 0.20106619596481323, 0.2174202799797058, 0.2034749686717987, 0.15851855278015137]
NAUTILUS=>2021-06-10 20:04:45.458896: Cycle: 9, Model: 0, val_accuracy: [0.9074808359146118, 0.9269320964813232, 0.9227011203765869, 0.9341027140617371, 0.9529892802238464]
NAUTILUS=>2021-06-10 20:04:45.458896: Cycle: 9, Model: 1, loss: [0.633196234703064, 0.36707428097724915, 0.28609606623649597, 0.2328377217054367, 0.18655726313591003]
NAUTILUS=>2021-06-10 20:04:45.458896: Cycle: 9, Model: 1, accuracy: [0.7736384868621826, 0.8667924404144287, 0.8987037539482117, 0.922006368637085, 0.9387070536613464]
NAUTILUS=>2021-06-10 20:04:45.458896: Cycle: 9, Model: 1, val_loss: [0.2631303668022156, 0.2094380259513855, 0.2199176549911499, 0.18535757064819336, 0.16279327869415283]
NAUTILUS=>2021-06-10 20:04:45.458896: Cycle: 9, Model: 1, val_accuracy: [0.9046743512153625, 0.9249738454818726, 0.9212781190872192, 0.9381538033485413, 0.9470577239990234]
NAUTILUS=>2021-06-10 20:04:45.459007: Starting to generating the best model
NAUTILUS=>2021-06-10 20:04:51.809636: Completed generating the best model. Elapsed time: 0:00:06.350629
NAUTILUS=>2021-06-10 20:04:51.809636: Cycle: 9, Best Model: 0
NAUTILUS=>2021-06-10 20:04:51.809636: Cycle: 9, Best model loss: [0.5994001030921936, 0.34691837430000305, 0.25637686252593994, 0.1871970295906067, 0.12991680204868317]
NAUTILUS=>2021-06-10 20:04:51.809636: Cycle: 9, Best model accuracy: [0.7850269675254822, 0.8763583898544312, 0.9091951251029968, 0.9382106065750122, 0.9586482644081116]
NAUTILUS=>2021-06-10 20:04:51.809636: Cycle: 9, Best model val_loss: [0.2532639801502228, 0.20106619596481323, 0.2174202799797058, 0.2034749686717987, 0.15851855278015137]
NAUTILUS=>2021-06-10 20:04:51.809636: Cycle: 9, Best model val_accuracy: [0.9074808359146118, 0.9269320964813232, 0.9227011203765869, 0.9341027140617371, 0.9529892802238464]
NAUTILUS=>2021-06-10 20:04:52.105163: Completed active learning cycle. Elapsed time: 0:03:19.854287
NAUTILUS=>2021-06-10 20:04:52.105181: ========> Active learning cycle: 10
NAUTILUS=>2021-06-10 20:04:52.105185: Starting data loading
NAUTILUS=>2021-06-10 20:05:24.189443: Completed data loading. Elapsed time: 0:00:32.084258
NAUTILUS=>2021-06-10 20:05:24.189461: Starting model selection
NAUTILUS=>2021-06-10 20:05:24.189477: Materializing training data
NAUTILUS=>2021-06-10 20:05:24.417111: Completed materializing training data. Elapsed time: 0:00:00.227634
NAUTILUS=>2021-06-10 20:05:24.417121: Generating intermediate features
NAUTILUS=>2021-06-10 20:05:33.635818: Completed generating intermediate features. Elapsed time: 0:00:09.218697
NAUTILUS=>2021-06-10 20:05:33.635838: Starting model training
NAUTILUS=>2021-06-10 20:08:56.975187: Completed model training. Elapsed time: 0:03:23.339349
NAUTILUS=>2021-06-10 20:08:56.975187: Cycle: 10, Model: 2, loss: [0.6288971304893494, 0.36203333735466003, 0.2933414578437805, 0.25143417716026306, 0.21222619712352753]
NAUTILUS=>2021-06-10 20:08:56.975187: Cycle: 10, Model: 2, accuracy: [0.7747762203216553, 0.8652350306510925, 0.8958092927932739, 0.9108414053916931, 0.9258469939231873]
NAUTILUS=>2021-06-10 20:08:56.975187: Cycle: 10, Model: 2, val_loss: [0.26232773065567017, 0.2132718563079834, 0.18863065540790558, 0.1856834590435028, 0.17882037162780762]
NAUTILUS=>2021-06-10 20:08:56.975187: Cycle: 10, Model: 2, val_accuracy: [0.9048997759819031, 0.9260978102684021, 0.9366419315338135, 0.9397688508033752, 0.9402225017547607]
NAUTILUS=>2021-06-10 20:08:56.975187: Cycle: 10, Model: 3, loss: [0.6820585131645203, 0.39051201939582825, 0.32015272974967957, 0.27895376086235046, 0.24405434727668762]
NAUTILUS=>2021-06-10 20:08:56.975187: Cycle: 10, Model: 3, accuracy: [0.7572382092475891, 0.8542375564575195, 0.8837295174598694, 0.9016124606132507, 0.9139552712440491]
NAUTILUS=>2021-06-10 20:08:56.975187: Cycle: 10, Model: 3, val_loss: [0.28328773379325867, 0.22548165917396545, 0.19819743931293488, 0.18843834102153778, 0.18397930264472961]
NAUTILUS=>2021-06-10 20:08:56.975187: Cycle: 10, Model: 3, val_accuracy: [0.8976028561592102, 0.9194267988204956, 0.9330015778541565, 0.9375421404838562, 0.9375811219215393]
NAUTILUS=>2021-06-10 20:08:56.975187: Cycle: 10, Model: 4, loss: [0.8121558427810669, 0.4705018699169159, 0.386140376329422, 0.3390911817550659, 0.30465880036354065]
NAUTILUS=>2021-06-10 20:08:56.975187: Cycle: 10, Model: 4, accuracy: [0.7171863317489624, 0.8213282227516174, 0.8561979532241821, 0.8752295970916748, 0.8884780406951904]
NAUTILUS=>2021-06-10 20:08:56.975187: Cycle: 10, Model: 4, val_loss: [0.35320720076560974, 0.2712461054325104, 0.23118510842323303, 0.21143801510334015, 0.20141634345054626]
NAUTILUS=>2021-06-10 20:08:56.975187: Cycle: 10, Model: 4, val_accuracy: [0.8789433836936951, 0.9049612879753113, 0.9201750755310059, 0.9248636364936829, 0.9299530982971191]
NAUTILUS=>2021-06-10 20:08:56.975187: Cycle: 10, Model: 0, loss: [0.5424039959907532, 0.3179537355899811, 0.23686347901821136, 0.17325758934020996, 0.11653107404708862]
NAUTILUS=>2021-06-10 20:08:56.975187: Cycle: 10, Model: 0, accuracy: [0.8078020215034485, 0.8830544352531433, 0.9165287613868713, 0.940236508846283, 0.959884524345398]
NAUTILUS=>2021-06-10 20:08:56.975187: Cycle: 10, Model: 0, val_loss: [0.22863294184207916, 0.20842616260051727, 0.18285053968429565, 0.19213125109672546, 0.17745237052440643]
NAUTILUS=>2021-06-10 20:08:56.975187: Cycle: 10, Model: 0, val_accuracy: [0.9162759780883789, 0.9302547574043274, 0.941116452217102, 0.9473493099212646, 0.9478427767753601]
NAUTILUS=>2021-06-10 20:08:56.975187: Cycle: 10, Model: 1, loss: [0.5823196768760681, 0.3342655599117279, 0.26608580350875854, 0.21616214513778687, 0.16846144199371338]
NAUTILUS=>2021-06-10 20:08:56.975187: Cycle: 10, Model: 1, accuracy: [0.7911154627799988, 0.8763619065284729, 0.9056137800216675, 0.9244393110275269, 0.9427660703659058]
NAUTILUS=>2021-06-10 20:08:56.975187: Cycle: 10, Model: 1, val_loss: [0.24104608595371246, 0.2072170376777649, 0.18436476588249207, 0.18791772425174713, 0.17437055706977844]
NAUTILUS=>2021-06-10 20:08:56.975187: Cycle: 10, Model: 1, val_accuracy: [0.9085873961448669, 0.9282183051109314, 0.9380381107330322, 0.9416784644126892, 0.944671630859375]
NAUTILUS=>2021-06-10 20:08:56.975299: Starting to generating the best model
NAUTILUS=>2021-06-10 20:09:03.302739: Completed generating the best model. Elapsed time: 0:00:06.327440
NAUTILUS=>2021-06-10 20:09:03.302739: Cycle: 10, Best Model: 0
NAUTILUS=>2021-06-10 20:09:03.302739: Cycle: 10, Best model loss: [0.5424039959907532, 0.3179537355899811, 0.23686347901821136, 0.17325758934020996, 0.11653107404708862]
NAUTILUS=>2021-06-10 20:09:03.302739: Cycle: 10, Best model accuracy: [0.8078020215034485, 0.8830544352531433, 0.9165287613868713, 0.940236508846283, 0.959884524345398]
NAUTILUS=>2021-06-10 20:09:03.302739: Cycle: 10, Best model val_loss: [0.22863294184207916, 0.20842616260051727, 0.18285053968429565, 0.19213125109672546, 0.17745237052440643]
NAUTILUS=>2021-06-10 20:09:03.302739: Cycle: 10, Best model val_accuracy: [0.9162759780883789, 0.9302547574043274, 0.941116452217102, 0.9473493099212646, 0.9478427767753601]
NAUTILUS=>2021-06-10 20:09:03.598090: Completed active learning cycle. Elapsed time: 0:03:39.408629
NAUTILUS=>2021-06-10 20:09:03.598107: Workload completed. Elapsed time: 0:29:20.303789
