NAUTILUS=>2021-06-10 18:53:21.186328: Starting workload
NAUTILUS=>2021-06-10 18:53:21.186328: RANDOM_SEED: 2020
NAUTILUS=>2021-06-10 18:53:21.186328: VERY_LARGE_VALUE: 1000000000000000.0
NAUTILUS=>2021-06-10 18:53:21.186328: NO_MAT_OPT: False
NAUTILUS=>2021-06-10 18:53:21.186328: MODE: ftr3-4
NAUTILUS=>2021-06-10 18:53:21.186328: STORAGE_PATH: ./storage
NAUTILUS=>2021-06-10 18:53:21.186328: NO_FUSE_OPT: True
NAUTILUS=>2021-06-10 18:53:21.186328: NUM_EPOCHS: 5
NAUTILUS=>2021-06-10 18:53:21.186328: MAX_NUM_RECORDS: 5000
NAUTILUS=>2021-06-10 18:53:21.186328: ACTIVE_LEARNING_BATCH_SIZE: 500
NAUTILUS=>2021-06-10 18:53:21.186328: VALID_FRACTION: 0.2
NAUTILUS=>2021-06-10 18:53:21.186328: SAMPLING_STRATERGY: uncertainty
NAUTILUS=>2021-06-10 18:53:21.186328: NO_PRETRAINING: False
NAUTILUS=>2021-06-10 18:53:21.186328: STORAGE_BUDGET: 25
NAUTILUS=>2021-06-10 18:53:21.186328: MEMORY_BUDGET: 10
NAUTILUS=>2021-06-10 18:53:21.186328: WORKSPACE_MEMORY: 1
NAUTILUS=>2021-06-10 18:53:21.186328: COMPUTE_THROUGHPUT: 6
NAUTILUS=>2021-06-10 18:53:21.186328: DISK_THROUGHPUT: 500
NAUTILUS=>2021-06-10 18:53:21.186328: SHUFFLE_BUFFER_SIZE: 10000
NAUTILUS=>2021-06-10 18:53:21.186377: Starting system initialization
NAUTILUS=>2021-06-10 18:53:21.778106: Starting model profiling
NAUTILUS=>2021-06-10 18:54:00.146023: Completed model profiling. Elapsed time: 0:00:38.367914
NAUTILUS=>2021-06-10 18:54:00.146023: Model parameters
NAUTILUS=>2021-06-10 18:54:00.146093: Generating optimized model selection plan
NAUTILUS=>2021-06-10 18:54:00.219667: Materialized layers candidates: tf_op_layer_strided_slice,tf_op_layer_Cast,tf_op_layer_Sub,tf_op_layer_Mul,layer_9
NAUTILUS=>2021-06-10 18:54:00.241302: Used materialized layers: layer_9
NAUTILUS=>2021-06-10 18:54:00.241302: Model training plan: {"0": {"models": ["0"], "output_layers": ["0/classifier"], "flops_consumption": 438177892375000.0, "compute_flops": 325531408000000.0, "load_flops": 112646484375000.0, "memory_consumption": 1.8776347935199738, "used_materialized_layers": ["layer_9"], "batch_size": 16, "num_epochs": [5]}, "1": {"models": ["1"], "output_layers": ["1/classifier"], "flops_consumption": 438177892375000.0, "compute_flops": 325531408000000.0, "load_flops": 112646484375000.0, "memory_consumption": 1.8776347935199738, "used_materialized_layers": ["layer_9"], "batch_size": 16, "num_epochs": [5]}, "2": {"models": ["2"], "output_layers": ["2/classifier"], "flops_consumption": 438177892375000.0, "compute_flops": 325531408000000.0, "load_flops": 112646484375000.0, "memory_consumption": 1.8776347935199738, "used_materialized_layers": ["layer_9"], "batch_size": 16, "num_epochs": [5]}, "3": {"models": ["3"], "output_layers": ["3/classifier"], "flops_consumption": 438177892375000.0, "compute_flops": 325531408000000.0, "load_flops": 112646484375000.0, "memory_consumption": 1.8776347935199738, "used_materialized_layers": ["layer_9"], "batch_size": 16, "num_epochs": [5]}}
NAUTILUS=>2021-06-10 18:54:00.241446: Completed generating optimized model selection plan. Elapsed time: 0:00:00.095352
NAUTILUS=>2021-06-10 18:54:00.241453: Generating fused models
NAUTILUS=>2021-06-10 18:54:13.779807: Completed generating fused models. Elapsed time: 0:00:13.538354
NAUTILUS=>2021-06-10 18:54:13.779807: Current Practice FLOPs: 596552158720.0
NAUTILUS=>2021-06-10 18:54:13.779807: Optimal FLOPs: 148388021760.0
NAUTILUS=>2021-06-10 18:54:13.779807: Theoretical Speedup: 4.020217748335861
NAUTILUS=>2021-06-10 18:54:13.833295: Completed system initialization. Elapsed time: 0:00:52.646918
NAUTILUS=>2021-06-10 18:54:13.833318: ========> Active learning cycle: 1
NAUTILUS=>2021-06-10 18:54:13.833322: Starting data loading
NAUTILUS=>2021-06-10 18:54:29.634226: Completed data loading. Elapsed time: 0:00:15.800904
NAUTILUS=>2021-06-10 18:54:29.634251: Starting model selection
NAUTILUS=>2021-06-10 18:54:29.634270: Materializing training data
NAUTILUS=>2021-06-10 18:54:29.866184: Completed materializing training data. Elapsed time: 0:00:00.231914
NAUTILUS=>2021-06-10 18:54:29.866196: Generating intermediate features
NAUTILUS=>2021-06-10 18:54:38.466713: Completed generating intermediate features. Elapsed time: 0:00:08.600517
NAUTILUS=>2021-06-10 18:54:38.466733: Starting model training
NAUTILUS=>2021-06-10 18:55:45.076280: Completed model training. Elapsed time: 0:01:06.609547
NAUTILUS=>2021-06-10 18:55:45.076280: Cycle: 1, Model: 0, loss: [0.828880786895752, 0.2970869541168213, 0.19052249193191528, 0.12513619661331177, 0.08048417419195175]
NAUTILUS=>2021-06-10 18:55:45.076280: Cycle: 1, Model: 0, accuracy: [0.7468414902687073, 0.8900124430656433, 0.9346765279769897, 0.9563759565353394, 0.9700300097465515]
NAUTILUS=>2021-06-10 18:55:45.076280: Cycle: 1, Model: 0, val_loss: [0.4639214277267456, 0.41468513011932373, 0.3532772362232208, 0.39335745573043823, 0.37415385246276855]
NAUTILUS=>2021-06-10 18:55:45.076280: Cycle: 1, Model: 0, val_accuracy: [0.8359349966049194, 0.8561877608299255, 0.8714163899421692, 0.8704221248626709, 0.8852939605712891]
NAUTILUS=>2021-06-10 18:55:45.076280: Cycle: 1, Model: 1, loss: [1.004594087600708, 0.4065803289413452, 0.28088250756263733, 0.1944686472415924, 0.1432686597108841]
NAUTILUS=>2021-06-10 18:55:45.076280: Cycle: 1, Model: 1, accuracy: [0.7063083052635193, 0.8641493320465088, 0.9058865904808044, 0.9262921214103699, 0.9485536217689514]
NAUTILUS=>2021-06-10 18:55:45.076280: Cycle: 1, Model: 1, val_loss: [0.5762648582458496, 0.4119472801685333, 0.3756779432296753, 0.36078959703445435, 0.3656114339828491]
NAUTILUS=>2021-06-10 18:55:45.076280: Cycle: 1, Model: 1, val_accuracy: [0.8098840117454529, 0.8507524728775024, 0.8563680052757263, 0.869193971157074, 0.8720411062240601]
NAUTILUS=>2021-06-10 18:55:45.076280: Cycle: 1, Model: 2, loss: [1.10059654712677, 0.4744577705860138, 0.3396696448326111, 0.2579960823059082, 0.2015160620212555]
NAUTILUS=>2021-06-10 18:55:45.076280: Cycle: 1, Model: 2, accuracy: [0.6883387565612793, 0.8442584276199341, 0.8858430981636047, 0.9036238193511963, 0.9335419535636902]
NAUTILUS=>2021-06-10 18:55:45.076280: Cycle: 1, Model: 2, val_loss: [0.6876410841941833, 0.472998708486557, 0.41176077723503113, 0.39722809195518494, 0.3804224133491516]
NAUTILUS=>2021-06-10 18:55:45.076280: Cycle: 1, Model: 2, val_accuracy: [0.7769367694854736, 0.828457236289978, 0.848990797996521, 0.8405357599258423, 0.8534486889839172]
NAUTILUS=>2021-06-10 18:55:45.076280: Cycle: 1, Model: 3, loss: [1.230085849761963, 0.5972630381584167, 0.42791739106178284, 0.3265362083911896, 0.26702556014060974]
NAUTILUS=>2021-06-10 18:55:45.076280: Cycle: 1, Model: 3, accuracy: [0.6550421118736267, 0.8016746044158936, 0.8581827282905579, 0.8822500109672546, 0.9073532819747925]
NAUTILUS=>2021-06-10 18:55:45.076280: Cycle: 1, Model: 3, val_loss: [0.7879536151885986, 0.5699779391288757, 0.46627703309059143, 0.4216022193431854, 0.40840330719947815]
NAUTILUS=>2021-06-10 18:55:45.076280: Cycle: 1, Model: 3, val_accuracy: [0.7376022934913635, 0.8131635785102844, 0.8351553082466125, 0.8348590135574341, 0.8504737615585327]
NAUTILUS=>2021-06-10 18:55:45.076379: Starting to generating the best model
NAUTILUS=>2021-06-10 18:55:50.747865: Completed generating the best model. Elapsed time: 0:00:05.671486
NAUTILUS=>2021-06-10 18:55:50.747865: Cycle: 1, Best Model: 0
NAUTILUS=>2021-06-10 18:55:50.747865: Cycle: 1, Best model loss: [0.828880786895752, 0.2970869541168213, 0.19052249193191528, 0.12513619661331177, 0.08048417419195175]
NAUTILUS=>2021-06-10 18:55:50.747865: Cycle: 1, Best model accuracy: [0.7468414902687073, 0.8900124430656433, 0.9346765279769897, 0.9563759565353394, 0.9700300097465515]
NAUTILUS=>2021-06-10 18:55:50.747865: Cycle: 1, Best model val_loss: [0.4639214277267456, 0.41468513011932373, 0.3532772362232208, 0.39335745573043823, 0.37415385246276855]
NAUTILUS=>2021-06-10 18:55:50.747865: Cycle: 1, Best model val_accuracy: [0.8359349966049194, 0.8561877608299255, 0.8714163899421692, 0.8704221248626709, 0.8852939605712891]
NAUTILUS=>2021-06-10 18:55:51.041303: Completed active learning cycle. Elapsed time: 0:01:21.407052
NAUTILUS=>2021-06-10 18:55:51.041321: ========> Active learning cycle: 2
NAUTILUS=>2021-06-10 18:55:51.041324: Starting data loading
NAUTILUS=>2021-06-10 18:56:39.893671: Completed data loading. Elapsed time: 0:00:48.852347
NAUTILUS=>2021-06-10 18:56:39.893688: Starting model selection
NAUTILUS=>2021-06-10 18:56:39.893718: Materializing training data
NAUTILUS=>2021-06-10 18:56:40.117670: Completed materializing training data. Elapsed time: 0:00:00.223952
NAUTILUS=>2021-06-10 18:56:40.117683: Generating intermediate features
NAUTILUS=>2021-06-10 18:56:48.779835: Completed generating intermediate features. Elapsed time: 0:00:08.662152
NAUTILUS=>2021-06-10 18:56:48.779854: Starting model training
NAUTILUS=>2021-06-10 18:58:30.708308: Completed model training. Elapsed time: 0:01:41.928454
NAUTILUS=>2021-06-10 18:58:30.708308: Cycle: 2, Model: 0, loss: [0.9820089936256409, 0.42822322249412537, 0.274488627910614, 0.19114264845848083, 0.12522202730178833]
NAUTILUS=>2021-06-10 18:58:30.708308: Cycle: 2, Model: 0, accuracy: [0.6411345601081848, 0.8296785950660706, 0.8881787657737732, 0.9303540587425232, 0.9543465375900269]
NAUTILUS=>2021-06-10 18:58:30.708308: Cycle: 2, Model: 0, val_loss: [0.3782179355621338, 0.34705260396003723, 0.2961651086807251, 0.2835554778575897, 0.305136114358902]
NAUTILUS=>2021-06-10 18:58:30.708308: Cycle: 2, Model: 0, val_accuracy: [0.8639460802078247, 0.8841715455055237, 0.9048786163330078, 0.9142364263534546, 0.9139883518218994]
NAUTILUS=>2021-06-10 18:58:30.708308: Cycle: 2, Model: 1, loss: [1.031630516052246, 0.49598366022109985, 0.33836865425109863, 0.2519090175628662, 0.17347869277000427]
NAUTILUS=>2021-06-10 18:58:30.708308: Cycle: 2, Model: 1, accuracy: [0.6214208006858826, 0.8046935200691223, 0.8720493316650391, 0.9077181816101074, 0.9331250190734863]
NAUTILUS=>2021-06-10 18:58:30.708308: Cycle: 2, Model: 1, val_loss: [0.4488494098186493, 0.3552568852901459, 0.2943028509616852, 0.28837546706199646, 0.27607956528663635]
NAUTILUS=>2021-06-10 18:58:30.708308: Cycle: 2, Model: 1, val_accuracy: [0.8425663709640503, 0.8833434581756592, 0.8984968066215515, 0.9134674668312073, 0.9148668646812439]
NAUTILUS=>2021-06-10 18:58:30.708308: Cycle: 2, Model: 2, loss: [1.1710573434829712, 0.594035804271698, 0.4166698455810547, 0.3269309103488922, 0.24684353172779083]
NAUTILUS=>2021-06-10 18:58:30.708308: Cycle: 2, Model: 2, accuracy: [0.5746650695800781, 0.7590763568878174, 0.8437793850898743, 0.8772196769714355, 0.906093418598175]
NAUTILUS=>2021-06-10 18:58:30.708308: Cycle: 2, Model: 2, val_loss: [0.5098970532417297, 0.3841044306755066, 0.3192782700061798, 0.3005669116973877, 0.27994734048843384]
NAUTILUS=>2021-06-10 18:58:30.708308: Cycle: 2, Model: 2, val_accuracy: [0.8162043690681458, 0.8690874576568604, 0.8832870721817017, 0.9080027937889099, 0.9080075621604919]
NAUTILUS=>2021-06-10 18:58:30.708308: Cycle: 2, Model: 3, loss: [1.2702641487121582, 0.6870141625404358, 0.504310667514801, 0.41127339005470276, 0.33217594027519226]
NAUTILUS=>2021-06-10 18:58:30.708308: Cycle: 2, Model: 3, accuracy: [0.5490967035293579, 0.7168906927108765, 0.8053242564201355, 0.8456637859344482, 0.8711362481117249]
NAUTILUS=>2021-06-10 18:58:30.708308: Cycle: 2, Model: 3, val_loss: [0.5931740999221802, 0.4284386932849884, 0.36116084456443787, 0.3322778344154358, 0.3065924346446991]
NAUTILUS=>2021-06-10 18:58:30.708308: Cycle: 2, Model: 3, val_accuracy: [0.7932661175727844, 0.8485016822814941, 0.8722827434539795, 0.8984524011611938, 0.9016739726066589]
NAUTILUS=>2021-06-10 18:58:30.708407: Starting to generating the best model
NAUTILUS=>2021-06-10 18:58:36.385336: Completed generating the best model. Elapsed time: 0:00:05.676929
NAUTILUS=>2021-06-10 18:58:36.385336: Cycle: 2, Best Model: 1
NAUTILUS=>2021-06-10 18:58:36.385336: Cycle: 2, Best model loss: [1.031630516052246, 0.49598366022109985, 0.33836865425109863, 0.2519090175628662, 0.17347869277000427]
NAUTILUS=>2021-06-10 18:58:36.385336: Cycle: 2, Best model accuracy: [0.6214208006858826, 0.8046935200691223, 0.8720493316650391, 0.9077181816101074, 0.9331250190734863]
NAUTILUS=>2021-06-10 18:58:36.385336: Cycle: 2, Best model val_loss: [0.4488494098186493, 0.3552568852901459, 0.2943028509616852, 0.28837546706199646, 0.27607956528663635]
NAUTILUS=>2021-06-10 18:58:36.385336: Cycle: 2, Best model val_accuracy: [0.8425663709640503, 0.8833434581756592, 0.8984968066215515, 0.9134674668312073, 0.9148668646812439]
NAUTILUS=>2021-06-10 18:58:36.674309: Completed active learning cycle. Elapsed time: 0:01:56.780621
NAUTILUS=>2021-06-10 18:58:36.674325: ========> Active learning cycle: 3
NAUTILUS=>2021-06-10 18:58:36.674329: Starting data loading
NAUTILUS=>2021-06-10 18:59:16.340466: Completed data loading. Elapsed time: 0:00:39.666137
NAUTILUS=>2021-06-10 18:59:16.340483: Starting model selection
NAUTILUS=>2021-06-10 18:59:16.340499: Materializing training data
NAUTILUS=>2021-06-10 18:59:16.568345: Completed materializing training data. Elapsed time: 0:00:00.227846
NAUTILUS=>2021-06-10 18:59:16.568355: Generating intermediate features
NAUTILUS=>2021-06-10 18:59:25.201770: Completed generating intermediate features. Elapsed time: 0:00:08.633415
NAUTILUS=>2021-06-10 18:59:25.201789: Starting model training
NAUTILUS=>2021-06-10 19:01:42.332566: Completed model training. Elapsed time: 0:02:17.130777
NAUTILUS=>2021-06-10 19:01:42.332566: Cycle: 3, Model: 0, loss: [1.0503240823745728, 0.5038192272186279, 0.34329548478126526, 0.27409422397613525, 0.18432030081748962]
NAUTILUS=>2021-06-10 19:01:42.332566: Cycle: 3, Model: 0, accuracy: [0.6394216418266296, 0.8110025525093079, 0.8757426142692566, 0.9025945067405701, 0.9401528835296631]
NAUTILUS=>2021-06-10 19:01:42.332566: Cycle: 3, Model: 0, val_loss: [0.36566832661628723, 0.2560340464115143, 0.27582311630249023, 0.31012749671936035, 0.2955993115901947]
NAUTILUS=>2021-06-10 19:01:42.332566: Cycle: 3, Model: 0, val_accuracy: [0.8686020970344543, 0.9100136160850525, 0.9169734716415405, 0.9171760082244873, 0.9122934937477112]
NAUTILUS=>2021-06-10 19:01:42.332566: Cycle: 3, Model: 1, loss: [1.0786219835281372, 0.5533128380775452, 0.41141536831855774, 0.3229483664035797, 0.24406537413597107]
NAUTILUS=>2021-06-10 19:01:42.332566: Cycle: 3, Model: 1, accuracy: [0.6122634410858154, 0.7813418507575989, 0.846768319606781, 0.8865628838539124, 0.9208267331123352]
NAUTILUS=>2021-06-10 19:01:42.332566: Cycle: 3, Model: 1, val_loss: [0.38938483595848083, 0.3041931986808777, 0.2628311812877655, 0.27452102303504944, 0.25541338324546814]
NAUTILUS=>2021-06-10 19:01:42.332566: Cycle: 3, Model: 1, val_accuracy: [0.8718843460083008, 0.8965688347816467, 0.9098889231681824, 0.9124472141265869, 0.9129377007484436]
NAUTILUS=>2021-06-10 19:01:42.332566: Cycle: 3, Model: 2, loss: [1.1734111309051514, 0.6405545473098755, 0.4942150413990021, 0.40278419852256775, 0.3289356529712677]
NAUTILUS=>2021-06-10 19:01:42.332566: Cycle: 3, Model: 2, accuracy: [0.580635666847229, 0.7494320273399353, 0.8104904890060425, 0.8541501760482788, 0.8839531540870667]
NAUTILUS=>2021-06-10 19:01:42.332566: Cycle: 3, Model: 2, val_loss: [0.47131678462028503, 0.35854095220565796, 0.3004438579082489, 0.27271783351898193, 0.26489606499671936]
NAUTILUS=>2021-06-10 19:01:42.332566: Cycle: 3, Model: 2, val_accuracy: [0.8249059915542603, 0.8742010593414307, 0.8958098292350769, 0.9077868461608887, 0.9134292602539062]
NAUTILUS=>2021-06-10 19:01:42.332566: Cycle: 3, Model: 3, loss: [1.2739770412445068, 0.7285146713256836, 0.5687881708145142, 0.47349512577056885, 0.3920932114124298]
NAUTILUS=>2021-06-10 19:01:42.332566: Cycle: 3, Model: 3, accuracy: [0.5530614256858826, 0.7097641825675964, 0.7803652286529541, 0.82074373960495, 0.8602864742279053]
NAUTILUS=>2021-06-10 19:01:42.332566: Cycle: 3, Model: 3, val_loss: [0.5316216349601746, 0.38841527700424194, 0.3417527675628662, 0.3005862534046173, 0.28646865487098694]
NAUTILUS=>2021-06-10 19:01:42.332566: Cycle: 3, Model: 3, val_accuracy: [0.8050476908683777, 0.8711074590682983, 0.8834086060523987, 0.8952108025550842, 0.9024705290794373]
NAUTILUS=>2021-06-10 19:01:42.332666: Starting to generating the best model
NAUTILUS=>2021-06-10 19:01:48.013523: Completed generating the best model. Elapsed time: 0:00:05.680857
NAUTILUS=>2021-06-10 19:01:48.013523: Cycle: 3, Best Model: 2
NAUTILUS=>2021-06-10 19:01:48.013523: Cycle: 3, Best model loss: [1.1734111309051514, 0.6405545473098755, 0.4942150413990021, 0.40278419852256775, 0.3289356529712677]
NAUTILUS=>2021-06-10 19:01:48.013523: Cycle: 3, Best model accuracy: [0.580635666847229, 0.7494320273399353, 0.8104904890060425, 0.8541501760482788, 0.8839531540870667]
NAUTILUS=>2021-06-10 19:01:48.013523: Cycle: 3, Best model val_loss: [0.47131678462028503, 0.35854095220565796, 0.3004438579082489, 0.27271783351898193, 0.26489606499671936]
NAUTILUS=>2021-06-10 19:01:48.013523: Cycle: 3, Best model val_accuracy: [0.8249059915542603, 0.8742010593414307, 0.8958098292350769, 0.9077868461608887, 0.9134292602539062]
NAUTILUS=>2021-06-10 19:01:48.307296: Completed active learning cycle. Elapsed time: 0:02:31.966813
NAUTILUS=>2021-06-10 19:01:48.307313: ========> Active learning cycle: 4
NAUTILUS=>2021-06-10 19:01:48.307317: Starting data loading
NAUTILUS=>2021-06-10 19:02:33.071640: Completed data loading. Elapsed time: 0:00:44.764323
NAUTILUS=>2021-06-10 19:02:33.071707: Starting model selection
NAUTILUS=>2021-06-10 19:02:33.071725: Materializing training data
NAUTILUS=>2021-06-10 19:02:33.300398: Completed materializing training data. Elapsed time: 0:00:00.228673
NAUTILUS=>2021-06-10 19:02:33.300409: Generating intermediate features
NAUTILUS=>2021-06-10 19:02:41.901512: Completed generating intermediate features. Elapsed time: 0:00:08.601103
NAUTILUS=>2021-06-10 19:02:41.901530: Starting model training
NAUTILUS=>2021-06-10 19:05:32.614699: Completed model training. Elapsed time: 0:02:50.713169
NAUTILUS=>2021-06-10 19:05:32.614699: Cycle: 4, Model: 0, loss: [1.0007450580596924, 0.5386736392974854, 0.38935211300849915, 0.28623175621032715, 0.19687123596668243]
NAUTILUS=>2021-06-10 19:05:32.614699: Cycle: 4, Model: 0, accuracy: [0.6615559458732605, 0.813633143901825, 0.8663817048072815, 0.9032334089279175, 0.9374695420265198]
NAUTILUS=>2021-06-10 19:05:32.614699: Cycle: 4, Model: 0, val_loss: [0.35358813405036926, 0.2887240946292877, 0.26977843046188354, 0.24321216344833374, 0.2455395758152008]
NAUTILUS=>2021-06-10 19:05:32.614699: Cycle: 4, Model: 0, val_accuracy: [0.8783340454101562, 0.8984920382499695, 0.906108021736145, 0.9223610758781433, 0.9265408515930176]
NAUTILUS=>2021-06-10 19:05:32.614699: Cycle: 4, Model: 1, loss: [1.0142467021942139, 0.5698196291923523, 0.43418461084365845, 0.3525908291339874, 0.2743302285671234]
NAUTILUS=>2021-06-10 19:05:32.614699: Cycle: 4, Model: 1, accuracy: [0.6520774960517883, 0.7998597025871277, 0.8527160882949829, 0.8819565773010254, 0.9148235321044922]
NAUTILUS=>2021-06-10 19:05:32.614699: Cycle: 4, Model: 1, val_loss: [0.357993483543396, 0.2813897430896759, 0.24565917253494263, 0.23920086026191711, 0.23523733019828796]
NAUTILUS=>2021-06-10 19:05:32.614699: Cycle: 4, Model: 1, val_accuracy: [0.883351743221283, 0.8983660340309143, 0.9147924184799194, 0.9203234314918518, 0.9223295450210571]
NAUTILUS=>2021-06-10 19:05:32.614699: Cycle: 4, Model: 2, loss: [1.088930368423462, 0.6305785179138184, 0.495967835187912, 0.4107176959514618, 0.34650394320487976]
NAUTILUS=>2021-06-10 19:05:32.614699: Cycle: 4, Model: 2, accuracy: [0.6281378269195557, 0.7715151309967041, 0.8276664614677429, 0.8608231544494629, 0.8871836066246033]
NAUTILUS=>2021-06-10 19:05:32.614699: Cycle: 4, Model: 2, val_loss: [0.4040851294994354, 0.29758158326148987, 0.2775494158267975, 0.24165937304496765, 0.24623627960681915]
NAUTILUS=>2021-06-10 19:05:32.614699: Cycle: 4, Model: 2, val_accuracy: [0.8620694875717163, 0.8995107412338257, 0.9048641324043274, 0.917738676071167, 0.9149627685546875]
NAUTILUS=>2021-06-10 19:05:32.614699: Cycle: 4, Model: 3, loss: [1.157570242881775, 0.7072559595108032, 0.5625317692756653, 0.4762425720691681, 0.40739184617996216]
NAUTILUS=>2021-06-10 19:05:32.614699: Cycle: 4, Model: 3, accuracy: [0.5996688008308411, 0.7423927187919617, 0.8035558462142944, 0.833922803401947, 0.8620312213897705]
NAUTILUS=>2021-06-10 19:05:32.614699: Cycle: 4, Model: 3, val_loss: [0.4594841003417969, 0.34411075711250305, 0.30147138237953186, 0.2650788128376007, 0.2584414780139923]
NAUTILUS=>2021-06-10 19:05:32.614699: Cycle: 4, Model: 3, val_accuracy: [0.8350563049316406, 0.8728525042533875, 0.8964491486549377, 0.9098873138427734, 0.9113976359367371]
NAUTILUS=>2021-06-10 19:05:32.614797: Starting to generating the best model
NAUTILUS=>2021-06-10 19:05:38.304077: Completed generating the best model. Elapsed time: 0:00:05.689280
NAUTILUS=>2021-06-10 19:05:38.304077: Cycle: 4, Best Model: 0
NAUTILUS=>2021-06-10 19:05:38.304077: Cycle: 4, Best model loss: [1.0007450580596924, 0.5386736392974854, 0.38935211300849915, 0.28623175621032715, 0.19687123596668243]
NAUTILUS=>2021-06-10 19:05:38.304077: Cycle: 4, Best model accuracy: [0.6615559458732605, 0.813633143901825, 0.8663817048072815, 0.9032334089279175, 0.9374695420265198]
NAUTILUS=>2021-06-10 19:05:38.304077: Cycle: 4, Best model val_loss: [0.35358813405036926, 0.2887240946292877, 0.26977843046188354, 0.24321216344833374, 0.2455395758152008]
NAUTILUS=>2021-06-10 19:05:38.304077: Cycle: 4, Best model val_accuracy: [0.8783340454101562, 0.8984920382499695, 0.906108021736145, 0.9223610758781433, 0.9265408515930176]
NAUTILUS=>2021-06-10 19:05:38.593363: Completed active learning cycle. Elapsed time: 0:03:05.521656
NAUTILUS=>2021-06-10 19:05:38.593380: ========> Active learning cycle: 5
NAUTILUS=>2021-06-10 19:05:38.593383: Starting data loading
NAUTILUS=>2021-06-10 19:06:14.899473: Completed data loading. Elapsed time: 0:00:36.306090
NAUTILUS=>2021-06-10 19:06:14.899490: Starting model selection
NAUTILUS=>2021-06-10 19:06:14.899506: Materializing training data
NAUTILUS=>2021-06-10 19:06:15.128411: Completed materializing training data. Elapsed time: 0:00:00.228905
NAUTILUS=>2021-06-10 19:06:15.128425: Generating intermediate features
NAUTILUS=>2021-06-10 19:06:23.687310: Completed generating intermediate features. Elapsed time: 0:00:08.558885
NAUTILUS=>2021-06-10 19:06:23.687330: Starting model training
NAUTILUS=>2021-06-10 19:09:49.507379: Completed model training. Elapsed time: 0:03:25.820049
NAUTILUS=>2021-06-10 19:09:49.507379: Cycle: 5, Model: 0, loss: [0.8848877549171448, 0.48879098892211914, 0.3627718389034271, 0.27218595147132874, 0.2061728686094284]
NAUTILUS=>2021-06-10 19:09:49.507379: Cycle: 5, Model: 0, accuracy: [0.697338879108429, 0.8288840651512146, 0.8729316592216492, 0.9055098295211792, 0.9343339800834656]
NAUTILUS=>2021-06-10 19:09:49.507379: Cycle: 5, Model: 0, val_loss: [0.3129018545150757, 0.25376373529434204, 0.23948748409748077, 0.22341026365756989, 0.2342166006565094]
NAUTILUS=>2021-06-10 19:09:49.507379: Cycle: 5, Model: 0, val_accuracy: [0.8828927874565125, 0.9140087366104126, 0.920835554599762, 0.9284613132476807, 0.9284204244613647]
NAUTILUS=>2021-06-10 19:09:49.507379: Cycle: 5, Model: 1, loss: [0.931462824344635, 0.5267236828804016, 0.405816912651062, 0.32352134585380554, 0.26926350593566895]
NAUTILUS=>2021-06-10 19:09:49.507379: Cycle: 5, Model: 1, accuracy: [0.6760247945785522, 0.812559962272644, 0.8585521578788757, 0.890867292881012, 0.913202166557312]
NAUTILUS=>2021-06-10 19:09:49.507379: Cycle: 5, Model: 1, val_loss: [0.3221791088581085, 0.256032258272171, 0.23639313876628876, 0.21526898443698883, 0.21449017524719238]
NAUTILUS=>2021-06-10 19:09:49.507379: Cycle: 5, Model: 1, val_accuracy: [0.8834271430969238, 0.9131736159324646, 0.9191558361053467, 0.9234687685966492, 0.927733838558197]
NAUTILUS=>2021-06-10 19:09:49.507379: Cycle: 5, Model: 2, loss: [0.9871426224708557, 0.576689600944519, 0.45632660388946533, 0.3781070411205292, 0.32490047812461853]
NAUTILUS=>2021-06-10 19:09:49.507379: Cycle: 5, Model: 2, accuracy: [0.6508467197418213, 0.7911696434020996, 0.8388306498527527, 0.8714576959609985, 0.893989622592926]
NAUTILUS=>2021-06-10 19:09:49.507379: Cycle: 5, Model: 2, val_loss: [0.36145877838134766, 0.28238633275032043, 0.248015895485878, 0.22655874490737915, 0.21870160102844238]
NAUTILUS=>2021-06-10 19:09:49.507379: Cycle: 5, Model: 2, val_accuracy: [0.8718570470809937, 0.9073320031166077, 0.9183659553527832, 0.9207580089569092, 0.9231885671615601]
NAUTILUS=>2021-06-10 19:09:49.507379: Cycle: 5, Model: 3, loss: [1.0761611461639404, 0.6479772925376892, 0.5219250917434692, 0.4377794861793518, 0.38239797949790955]
NAUTILUS=>2021-06-10 19:09:49.507379: Cycle: 5, Model: 3, accuracy: [0.6204816102981567, 0.7633841037750244, 0.8116997480392456, 0.8473471403121948, 0.8717269897460938]
NAUTILUS=>2021-06-10 19:09:49.507379: Cycle: 5, Model: 3, val_loss: [0.4186553359031677, 0.3157375752925873, 0.27084529399871826, 0.24474231898784637, 0.23244576156139374]
NAUTILUS=>2021-06-10 19:09:49.507379: Cycle: 5, Model: 3, val_accuracy: [0.8494088649749756, 0.8946815729141235, 0.9061723351478577, 0.917978823184967, 0.9197957515716553]
NAUTILUS=>2021-06-10 19:09:49.507480: Starting to generating the best model
NAUTILUS=>2021-06-10 19:09:55.237436: Completed generating the best model. Elapsed time: 0:00:05.729956
NAUTILUS=>2021-06-10 19:09:55.237436: Cycle: 5, Best Model: 0
NAUTILUS=>2021-06-10 19:09:55.237436: Cycle: 5, Best model loss: [0.8848877549171448, 0.48879098892211914, 0.3627718389034271, 0.27218595147132874, 0.2061728686094284]
NAUTILUS=>2021-06-10 19:09:55.237436: Cycle: 5, Best model accuracy: [0.697338879108429, 0.8288840651512146, 0.8729316592216492, 0.9055098295211792, 0.9343339800834656]
NAUTILUS=>2021-06-10 19:09:55.237436: Cycle: 5, Best model val_loss: [0.3129018545150757, 0.25376373529434204, 0.23948748409748077, 0.22341026365756989, 0.2342166006565094]
NAUTILUS=>2021-06-10 19:09:55.237436: Cycle: 5, Best model val_accuracy: [0.8828927874565125, 0.9140087366104126, 0.920835554599762, 0.9284613132476807, 0.9284204244613647]
NAUTILUS=>2021-06-10 19:09:55.526294: Completed active learning cycle. Elapsed time: 0:03:40.626804
NAUTILUS=>2021-06-10 19:09:55.526311: ========> Active learning cycle: 6
NAUTILUS=>2021-06-10 19:09:55.526314: Starting data loading
NAUTILUS=>2021-06-10 19:10:36.080463: Completed data loading. Elapsed time: 0:00:40.554149
NAUTILUS=>2021-06-10 19:10:36.080480: Starting model selection
NAUTILUS=>2021-06-10 19:10:36.080497: Materializing training data
NAUTILUS=>2021-06-10 19:10:36.306782: Completed materializing training data. Elapsed time: 0:00:00.226285
NAUTILUS=>2021-06-10 19:10:36.306792: Generating intermediate features
NAUTILUS=>2021-06-10 19:10:44.942685: Completed generating intermediate features. Elapsed time: 0:00:08.635893
NAUTILUS=>2021-06-10 19:10:44.942702: Starting model training
NAUTILUS=>2021-06-10 19:14:44.430490: Completed model training. Elapsed time: 0:03:59.487788
NAUTILUS=>2021-06-10 19:14:44.430490: Cycle: 6, Model: 0, loss: [0.7799672484397888, 0.44660696387290955, 0.3338445723056793, 0.25252801179885864, 0.17619304358959198]
NAUTILUS=>2021-06-10 19:14:44.430490: Cycle: 6, Model: 0, accuracy: [0.731383204460144, 0.8403475284576416, 0.8846457004547119, 0.913008451461792, 0.9420837163925171]
NAUTILUS=>2021-06-10 19:14:44.430490: Cycle: 6, Model: 0, val_loss: [0.2626066207885742, 0.22274690866470337, 0.22555580735206604, 0.21269741654396057, 0.2055129110813141]
NAUTILUS=>2021-06-10 19:14:44.430490: Cycle: 6, Model: 0, val_accuracy: [0.9080990552902222, 0.9237484931945801, 0.9229283928871155, 0.9287424683570862, 0.9391658306121826]
NAUTILUS=>2021-06-10 19:14:44.430490: Cycle: 6, Model: 1, loss: [0.8581397533416748, 0.4753199815750122, 0.367048442363739, 0.29810860753059387, 0.23778419196605682]
NAUTILUS=>2021-06-10 19:14:44.430490: Cycle: 6, Model: 1, accuracy: [0.7032250165939331, 0.831017255783081, 0.8730658888816833, 0.8979975581169128, 0.9215250611305237]
NAUTILUS=>2021-06-10 19:14:44.430490: Cycle: 6, Model: 1, val_loss: [0.2996942698955536, 0.23559747636318207, 0.23065300285816193, 0.21521662175655365, 0.19957663118839264]
NAUTILUS=>2021-06-10 19:14:44.430490: Cycle: 6, Model: 1, val_accuracy: [0.8900206685066223, 0.9162307977676392, 0.9214035272598267, 0.9261847734451294, 0.9329729080200195]
NAUTILUS=>2021-06-10 19:14:44.430490: Cycle: 6, Model: 2, loss: [0.9098143577575684, 0.5191351771354675, 0.41630348563194275, 0.3501938581466675, 0.2938484847545624]
NAUTILUS=>2021-06-10 19:14:44.430490: Cycle: 6, Model: 2, accuracy: [0.6849844455718994, 0.8124200105667114, 0.8526950478553772, 0.8777907490730286, 0.9018515944480896]
NAUTILUS=>2021-06-10 19:14:44.430490: Cycle: 6, Model: 2, val_loss: [0.3283713161945343, 0.24877555668354034, 0.2453784942626953, 0.21291778981685638, 0.20896629989147186]
NAUTILUS=>2021-06-10 19:14:44.430490: Cycle: 6, Model: 2, val_accuracy: [0.8854753375053406, 0.9102099537849426, 0.9186162352561951, 0.9225842356681824, 0.9274060130119324]
NAUTILUS=>2021-06-10 19:14:44.430490: Cycle: 6, Model: 3, loss: [0.9806895852088928, 0.5712223052978516, 0.4612850844860077, 0.3971766233444214, 0.34779903292655945]
NAUTILUS=>2021-06-10 19:14:44.430490: Cycle: 6, Model: 3, accuracy: [0.6613543033599854, 0.7908597588539124, 0.8349010944366455, 0.8593341112136841, 0.8809056878089905]
NAUTILUS=>2021-06-10 19:14:44.430490: Cycle: 6, Model: 3, val_loss: [0.36292850971221924, 0.27431514859199524, 0.2669964134693146, 0.22481697797775269, 0.22000351548194885]
NAUTILUS=>2021-06-10 19:14:44.430490: Cycle: 6, Model: 3, val_accuracy: [0.8769689202308655, 0.9005081057548523, 0.9096952080726624, 0.9197098016738892, 0.9217705130577087]
NAUTILUS=>2021-06-10 19:14:44.430590: Starting to generating the best model
NAUTILUS=>2021-06-10 19:14:50.097833: Completed generating the best model. Elapsed time: 0:00:05.667243
NAUTILUS=>2021-06-10 19:14:50.097833: Cycle: 6, Best Model: 0
NAUTILUS=>2021-06-10 19:14:50.097833: Cycle: 6, Best model loss: [0.7799672484397888, 0.44660696387290955, 0.3338445723056793, 0.25252801179885864, 0.17619304358959198]
NAUTILUS=>2021-06-10 19:14:50.097833: Cycle: 6, Best model accuracy: [0.731383204460144, 0.8403475284576416, 0.8846457004547119, 0.913008451461792, 0.9420837163925171]
NAUTILUS=>2021-06-10 19:14:50.097833: Cycle: 6, Best model val_loss: [0.2626066207885742, 0.22274690866470337, 0.22555580735206604, 0.21269741654396057, 0.2055129110813141]
NAUTILUS=>2021-06-10 19:14:50.097833: Cycle: 6, Best model val_accuracy: [0.9080990552902222, 0.9237484931945801, 0.9229283928871155, 0.9287424683570862, 0.9391658306121826]
NAUTILUS=>2021-06-10 19:14:50.390739: Completed active learning cycle. Elapsed time: 0:04:14.310259
NAUTILUS=>2021-06-10 19:14:50.390756: ========> Active learning cycle: 7
NAUTILUS=>2021-06-10 19:14:50.390759: Starting data loading
NAUTILUS=>2021-06-10 19:15:23.131478: Completed data loading. Elapsed time: 0:00:32.740719
NAUTILUS=>2021-06-10 19:15:23.131494: Starting model selection
NAUTILUS=>2021-06-10 19:15:23.131511: Materializing training data
NAUTILUS=>2021-06-10 19:15:23.354828: Completed materializing training data. Elapsed time: 0:00:00.223317
NAUTILUS=>2021-06-10 19:15:23.354840: Generating intermediate features
NAUTILUS=>2021-06-10 19:15:31.954718: Completed generating intermediate features. Elapsed time: 0:00:08.599878
NAUTILUS=>2021-06-10 19:15:31.954737: Starting model training
NAUTILUS=>2021-06-10 19:20:04.745328: Completed model training. Elapsed time: 0:04:32.790591
NAUTILUS=>2021-06-10 19:20:04.745328: Cycle: 7, Model: 0, loss: [0.7141919136047363, 0.4197644591331482, 0.29885420203208923, 0.22680462896823883, 0.15158581733703613]
NAUTILUS=>2021-06-10 19:20:04.745328: Cycle: 7, Model: 0, accuracy: [0.7476896643638611, 0.8520718216896057, 0.8957385420799255, 0.9220045804977417, 0.9465411305427551]
NAUTILUS=>2021-06-10 19:20:04.745328: Cycle: 7, Model: 0, val_loss: [0.27678847312927246, 0.23117424547672272, 0.22586175799369812, 0.19351738691329956, 0.1916634440422058]
NAUTILUS=>2021-06-10 19:20:04.745328: Cycle: 7, Model: 0, val_accuracy: [0.9071118235588074, 0.9215483069419861, 0.9206670522689819, 0.9355860352516174, 0.9440969228744507]
NAUTILUS=>2021-06-10 19:20:04.745328: Cycle: 7, Model: 1, loss: [0.7423845529556274, 0.43447279930114746, 0.3382682204246521, 0.27658718824386597, 0.21293960511684418]
NAUTILUS=>2021-06-10 19:20:04.745328: Cycle: 7, Model: 1, accuracy: [0.7348429560661316, 0.8446593284606934, 0.8806770443916321, 0.903697669506073, 0.9277063012123108]
NAUTILUS=>2021-06-10 19:20:04.745328: Cycle: 7, Model: 1, val_loss: [0.25973400473594666, 0.23179957270622253, 0.21798460185527802, 0.1917075514793396, 0.19586974382400513]
NAUTILUS=>2021-06-10 19:20:04.745328: Cycle: 7, Model: 1, val_accuracy: [0.9079566597938538, 0.9167662858963013, 0.9259543418884277, 0.9338977336883545, 0.9338206052780151]
NAUTILUS=>2021-06-10 19:20:04.745328: Cycle: 7, Model: 2, loss: [0.8025190234184265, 0.47154468297958374, 0.37708330154418945, 0.32224559783935547, 0.2644381523132324]
NAUTILUS=>2021-06-10 19:20:04.745328: Cycle: 7, Model: 2, accuracy: [0.7115219831466675, 0.8267384767532349, 0.8642494678497314, 0.8844788670539856, 0.9091392159461975]
NAUTILUS=>2021-06-10 19:20:04.745328: Cycle: 7, Model: 2, val_loss: [0.2850461006164551, 0.254675954580307, 0.22212596237659454, 0.1975395679473877, 0.1967480182647705]
NAUTILUS=>2021-06-10 19:20:04.745328: Cycle: 7, Model: 2, val_accuracy: [0.8967004418373108, 0.9093232154846191, 0.9235003590583801, 0.9325689077377319, 0.9333333969116211]
NAUTILUS=>2021-06-10 19:20:04.745328: Cycle: 7, Model: 3, loss: [0.8863365054130554, 0.5211077928543091, 0.4181367754936218, 0.3622870445251465, 0.3097233474254608]
NAUTILUS=>2021-06-10 19:20:04.745328: Cycle: 7, Model: 3, accuracy: [0.6853455305099487, 0.8059935569763184, 0.8465524911880493, 0.8691449165344238, 0.8902751803398132]
NAUTILUS=>2021-06-10 19:20:04.745328: Cycle: 7, Model: 3, val_loss: [0.33042213320732117, 0.2762657701969147, 0.23427969217300415, 0.20634549856185913, 0.19914966821670532]
NAUTILUS=>2021-06-10 19:20:04.745328: Cycle: 7, Model: 3, val_accuracy: [0.8778524994850159, 0.8985719680786133, 0.917523980140686, 0.929358959197998, 0.9313344955444336]
NAUTILUS=>2021-06-10 19:20:04.745425: Starting to generating the best model
NAUTILUS=>2021-06-10 19:20:10.387257: Completed generating the best model. Elapsed time: 0:00:05.641832
NAUTILUS=>2021-06-10 19:20:10.387257: Cycle: 7, Best Model: 0
NAUTILUS=>2021-06-10 19:20:10.387257: Cycle: 7, Best model loss: [0.7141919136047363, 0.4197644591331482, 0.29885420203208923, 0.22680462896823883, 0.15158581733703613]
NAUTILUS=>2021-06-10 19:20:10.387257: Cycle: 7, Best model accuracy: [0.7476896643638611, 0.8520718216896057, 0.8957385420799255, 0.9220045804977417, 0.9465411305427551]
NAUTILUS=>2021-06-10 19:20:10.387257: Cycle: 7, Best model val_loss: [0.27678847312927246, 0.23117424547672272, 0.22586175799369812, 0.19351738691329956, 0.1916634440422058]
NAUTILUS=>2021-06-10 19:20:10.387257: Cycle: 7, Best model val_accuracy: [0.9071118235588074, 0.9215483069419861, 0.9206670522689819, 0.9355860352516174, 0.9440969228744507]
NAUTILUS=>2021-06-10 19:20:10.676489: Completed active learning cycle. Elapsed time: 0:04:47.544995
NAUTILUS=>2021-06-10 19:20:10.676507: ========> Active learning cycle: 8
NAUTILUS=>2021-06-10 19:20:10.676510: Starting data loading
NAUTILUS=>2021-06-10 19:20:46.967186: Completed data loading. Elapsed time: 0:00:36.290676
NAUTILUS=>2021-06-10 19:20:46.967203: Starting model selection
NAUTILUS=>2021-06-10 19:20:46.967220: Materializing training data
NAUTILUS=>2021-06-10 19:20:47.188850: Completed materializing training data. Elapsed time: 0:00:00.221630
NAUTILUS=>2021-06-10 19:20:47.188860: Generating intermediate features
NAUTILUS=>2021-06-10 19:20:55.765514: Completed generating intermediate features. Elapsed time: 0:00:08.576654
NAUTILUS=>2021-06-10 19:20:55.765534: Starting model training
NAUTILUS=>2021-06-10 19:26:03.941951: Completed model training. Elapsed time: 0:05:08.176417
NAUTILUS=>2021-06-10 19:26:03.941951: Cycle: 8, Model: 0, loss: [0.6462854146957397, 0.3811362385749817, 0.28861740231513977, 0.2074565887451172, 0.14144223928451538]
NAUTILUS=>2021-06-10 19:26:03.941951: Cycle: 8, Model: 0, accuracy: [0.7648276686668396, 0.8624294996261597, 0.8984484672546387, 0.9291367530822754, 0.9511449337005615]
NAUTILUS=>2021-06-10 19:26:03.941951: Cycle: 8, Model: 0, val_loss: [0.24057890474796295, 0.21077823638916016, 0.21745724976062775, 0.18167448043823242, 0.19799485802650452]
NAUTILUS=>2021-06-10 19:26:03.941951: Cycle: 8, Model: 0, val_accuracy: [0.913286566734314, 0.923703134059906, 0.923503041267395, 0.9368624687194824, 0.9375535845756531]
NAUTILUS=>2021-06-10 19:26:03.941951: Cycle: 8, Model: 1, loss: [0.6861206293106079, 0.40148040652275085, 0.3240763545036316, 0.2560013234615326, 0.20422732830047607]
NAUTILUS=>2021-06-10 19:26:03.941951: Cycle: 8, Model: 1, accuracy: [0.7544214129447937, 0.8515031933784485, 0.8859738111495972, 0.9110137820243835, 0.9304700493812561]
NAUTILUS=>2021-06-10 19:26:03.941951: Cycle: 8, Model: 1, val_loss: [0.2576546370983124, 0.23126022517681122, 0.2437811642885208, 0.18745020031929016, 0.19401249289512634]
NAUTILUS=>2021-06-10 19:26:03.941951: Cycle: 8, Model: 1, val_accuracy: [0.9061537981033325, 0.9163336753845215, 0.9140099883079529, 0.9339281320571899, 0.9341509342193604]
NAUTILUS=>2021-06-10 19:26:03.941951: Cycle: 8, Model: 2, loss: [0.7595019340515137, 0.4339686632156372, 0.35745441913604736, 0.29747632145881653, 0.2522880434989929]
NAUTILUS=>2021-06-10 19:26:03.941951: Cycle: 8, Model: 2, accuracy: [0.7293134927749634, 0.8402746319770813, 0.8715024590492249, 0.8972829580307007, 0.9139047265052795]
NAUTILUS=>2021-06-10 19:26:03.941951: Cycle: 8, Model: 2, val_loss: [0.28293344378471375, 0.25209638476371765, 0.23502936959266663, 0.21178285777568817, 0.19514957070350647]
NAUTILUS=>2021-06-10 19:26:03.941951: Cycle: 8, Model: 2, val_accuracy: [0.896564245223999, 0.9063584804534912, 0.9161711931228638, 0.9244779348373413, 0.9281970262527466]
NAUTILUS=>2021-06-10 19:26:03.941951: Cycle: 8, Model: 3, loss: [0.8118411302566528, 0.477920264005661, 0.3912113606929779, 0.3356734812259674, 0.292837917804718]
NAUTILUS=>2021-06-10 19:26:03.941951: Cycle: 8, Model: 3, accuracy: [0.7108562588691711, 0.8227778077125549, 0.8571701645851135, 0.8817236423492432, 0.898924708366394]
NAUTILUS=>2021-06-10 19:26:03.941951: Cycle: 8, Model: 3, val_loss: [0.3127152919769287, 0.2579899728298187, 0.2187696099281311, 0.21852491796016693, 0.1978650689125061]
NAUTILUS=>2021-06-10 19:26:03.941951: Cycle: 8, Model: 3, val_accuracy: [0.8882283568382263, 0.9021358489990234, 0.9217343330383301, 0.9220630526542664, 0.9286043643951416]
NAUTILUS=>2021-06-10 19:26:03.942048: Starting to generating the best model
NAUTILUS=>2021-06-10 19:26:09.620225: Completed generating the best model. Elapsed time: 0:00:05.678177
NAUTILUS=>2021-06-10 19:26:09.620225: Cycle: 8, Best Model: 0
NAUTILUS=>2021-06-10 19:26:09.620225: Cycle: 8, Best model loss: [0.6462854146957397, 0.3811362385749817, 0.28861740231513977, 0.2074565887451172, 0.14144223928451538]
NAUTILUS=>2021-06-10 19:26:09.620225: Cycle: 8, Best model accuracy: [0.7648276686668396, 0.8624294996261597, 0.8984484672546387, 0.9291367530822754, 0.9511449337005615]
NAUTILUS=>2021-06-10 19:26:09.620225: Cycle: 8, Best model val_loss: [0.24057890474796295, 0.21077823638916016, 0.21745724976062775, 0.18167448043823242, 0.19799485802650452]
NAUTILUS=>2021-06-10 19:26:09.620225: Cycle: 8, Best model val_accuracy: [0.913286566734314, 0.923703134059906, 0.923503041267395, 0.9368624687194824, 0.9375535845756531]
NAUTILUS=>2021-06-10 19:26:09.911561: Completed active learning cycle. Elapsed time: 0:05:22.944358
NAUTILUS=>2021-06-10 19:26:09.911579: ========> Active learning cycle: 9
NAUTILUS=>2021-06-10 19:26:09.911583: Starting data loading
NAUTILUS=>2021-06-10 19:26:39.129121: Completed data loading. Elapsed time: 0:00:29.217538
NAUTILUS=>2021-06-10 19:26:39.129138: Starting model selection
NAUTILUS=>2021-06-10 19:26:39.129154: Materializing training data
NAUTILUS=>2021-06-10 19:26:39.351952: Completed materializing training data. Elapsed time: 0:00:00.222798
NAUTILUS=>2021-06-10 19:26:39.351962: Generating intermediate features
NAUTILUS=>2021-06-10 19:26:47.934422: Completed generating intermediate features. Elapsed time: 0:00:08.582460
NAUTILUS=>2021-06-10 19:26:47.934440: Starting model training
NAUTILUS=>2021-06-10 19:32:29.313829: Completed model training. Elapsed time: 0:05:41.379389
NAUTILUS=>2021-06-10 19:32:29.313829: Cycle: 9, Model: 0, loss: [0.6101494431495667, 0.3436063230037689, 0.2601487338542938, 0.19211426377296448, 0.13049662113189697]
NAUTILUS=>2021-06-10 19:32:29.313829: Cycle: 9, Model: 0, accuracy: [0.7821892499923706, 0.8788742423057556, 0.9102776646614075, 0.9344367384910583, 0.9566594362258911]
NAUTILUS=>2021-06-10 19:32:29.313829: Cycle: 9, Model: 0, val_loss: [0.22932305932044983, 0.19832170009613037, 0.2133379727602005, 0.17839518189430237, 0.16431324183940887]
NAUTILUS=>2021-06-10 19:32:29.313829: Cycle: 9, Model: 0, val_accuracy: [0.9170317649841309, 0.9259041547775269, 0.9239615201950073, 0.9423326253890991, 0.9498728513717651]
NAUTILUS=>2021-06-10 19:32:29.313829: Cycle: 9, Model: 1, loss: [0.6263502240180969, 0.36540937423706055, 0.2912226617336273, 0.23537899553775787, 0.18503959476947784]
NAUTILUS=>2021-06-10 19:32:29.313829: Cycle: 9, Model: 1, accuracy: [0.7757157683372498, 0.8683468103408813, 0.8967680931091309, 0.9193758368492126, 0.9383494853973389]
NAUTILUS=>2021-06-10 19:32:29.313829: Cycle: 9, Model: 1, val_loss: [0.26583561301231384, 0.20592351257801056, 0.21643760800361633, 0.18845845758914948, 0.16817313432693481]
NAUTILUS=>2021-06-10 19:32:29.313829: Cycle: 9, Model: 1, val_accuracy: [0.9050878286361694, 0.9263930916786194, 0.9218016266822815, 0.9342937469482422, 0.9448469281196594]
NAUTILUS=>2021-06-10 19:32:29.313829: Cycle: 9, Model: 2, loss: [0.6752530932426453, 0.3988521099090576, 0.32307615876197815, 0.2713421881198883, 0.2314712256193161]
NAUTILUS=>2021-06-10 19:32:29.313829: Cycle: 9, Model: 2, accuracy: [0.7581544518470764, 0.8524529337882996, 0.8840740919113159, 0.9053442478179932, 0.9216110706329346]
NAUTILUS=>2021-06-10 19:32:29.313829: Cycle: 9, Model: 2, val_loss: [0.26032307744026184, 0.21560370922088623, 0.2066260725259781, 0.19031494855880737, 0.17379038035869598]
NAUTILUS=>2021-06-10 19:32:29.313829: Cycle: 9, Model: 2, val_accuracy: [0.9093295335769653, 0.9257147908210754, 0.9288658499717712, 0.9338159561157227, 0.9401796460151672]
NAUTILUS=>2021-06-10 19:32:29.313829: Cycle: 9, Model: 3, loss: [0.7396025061607361, 0.43543583154678345, 0.3545207381248474, 0.3026432693004608, 0.26952558755874634]
NAUTILUS=>2021-06-10 19:32:29.313829: Cycle: 9, Model: 3, accuracy: [0.7380647659301758, 0.8389145731925964, 0.8687508702278137, 0.8926888704299927, 0.9076347351074219]
NAUTILUS=>2021-06-10 19:32:29.313829: Cycle: 9, Model: 3, val_loss: [0.2867913842201233, 0.22947566211223602, 0.21026837825775146, 0.19428549706935883, 0.1812620311975479]
NAUTILUS=>2021-06-10 19:32:29.313829: Cycle: 9, Model: 3, val_accuracy: [0.8960559368133545, 0.9172958135604858, 0.9287610054016113, 0.933800995349884, 0.9375744462013245]
NAUTILUS=>2021-06-10 19:32:29.313929: Starting to generating the best model
NAUTILUS=>2021-06-10 19:32:34.996212: Completed generating the best model. Elapsed time: 0:00:05.682283
NAUTILUS=>2021-06-10 19:32:34.996212: Cycle: 9, Best Model: 0
NAUTILUS=>2021-06-10 19:32:34.996212: Cycle: 9, Best model loss: [0.6101494431495667, 0.3436063230037689, 0.2601487338542938, 0.19211426377296448, 0.13049662113189697]
NAUTILUS=>2021-06-10 19:32:34.996212: Cycle: 9, Best model accuracy: [0.7821892499923706, 0.8788742423057556, 0.9102776646614075, 0.9344367384910583, 0.9566594362258911]
NAUTILUS=>2021-06-10 19:32:34.996212: Cycle: 9, Best model val_loss: [0.22932305932044983, 0.19832170009613037, 0.2133379727602005, 0.17839518189430237, 0.16431324183940887]
NAUTILUS=>2021-06-10 19:32:34.996212: Cycle: 9, Best model val_accuracy: [0.9170317649841309, 0.9259041547775269, 0.9239615201950073, 0.9423326253890991, 0.9498728513717651]
NAUTILUS=>2021-06-10 19:32:35.292431: Completed active learning cycle. Elapsed time: 0:05:56.163293
NAUTILUS=>2021-06-10 19:32:35.292448: ========> Active learning cycle: 10
NAUTILUS=>2021-06-10 19:32:35.292452: Starting data loading
NAUTILUS=>2021-06-10 19:33:07.327492: Completed data loading. Elapsed time: 0:00:32.035040
NAUTILUS=>2021-06-10 19:33:07.327510: Starting model selection
NAUTILUS=>2021-06-10 19:33:07.327527: Materializing training data
NAUTILUS=>2021-06-10 19:33:07.556112: Completed materializing training data. Elapsed time: 0:00:00.228585
NAUTILUS=>2021-06-10 19:33:07.556126: Generating intermediate features
NAUTILUS=>2021-06-10 19:33:16.194315: Completed generating intermediate features. Elapsed time: 0:00:08.638189
NAUTILUS=>2021-06-10 19:33:16.194334: Starting model training
NAUTILUS=>2021-06-10 19:39:34.602582: Completed model training. Elapsed time: 0:06:18.408248
NAUTILUS=>2021-06-10 19:39:34.602582: Cycle: 10, Model: 0, loss: [0.5504102110862732, 0.3158428966999054, 0.23822885751724243, 0.1786428838968277, 0.11617831885814667]
NAUTILUS=>2021-06-10 19:39:34.602582: Cycle: 10, Model: 0, accuracy: [0.8047014474868774, 0.8851940631866455, 0.9181928038597107, 0.9365103244781494, 0.9594428539276123]
NAUTILUS=>2021-06-10 19:39:34.602582: Cycle: 10, Model: 0, val_loss: [0.23919428884983063, 0.19396738708019257, 0.17544609308242798, 0.17443767189979553, 0.17643411457538605]
NAUTILUS=>2021-06-10 19:39:34.602582: Cycle: 10, Model: 0, val_accuracy: [0.9142479300498962, 0.9327427744865417, 0.9435212016105652, 0.9472640156745911, 0.9508093595504761]
NAUTILUS=>2021-06-10 19:39:34.602582: Cycle: 10, Model: 1, loss: [0.5821034908294678, 0.33379265666007996, 0.2692815363407135, 0.21842116117477417, 0.17119348049163818]
NAUTILUS=>2021-06-10 19:39:34.602582: Cycle: 10, Model: 1, accuracy: [0.791060745716095, 0.8785128593444824, 0.9056817293167114, 0.9243961572647095, 0.9410048127174377]
NAUTILUS=>2021-06-10 19:39:34.602582: Cycle: 10, Model: 1, val_loss: [0.22594156861305237, 0.2080438882112503, 0.19054633378982544, 0.17622672021389008, 0.1716976910829544]
NAUTILUS=>2021-06-10 19:39:34.602582: Cycle: 10, Model: 1, val_accuracy: [0.9161451458930969, 0.9277924299240112, 0.9359868168830872, 0.9432625770568848, 0.9444035887718201]
NAUTILUS=>2021-06-10 19:39:34.602582: Cycle: 10, Model: 2, loss: [0.6239944696426392, 0.36354565620422363, 0.29488837718963623, 0.25291678309440613, 0.21487243473529816]
NAUTILUS=>2021-06-10 19:39:34.602582: Cycle: 10, Model: 2, accuracy: [0.7767453193664551, 0.8647704720497131, 0.895008385181427, 0.9100983142852783, 0.9265666604042053]
NAUTILUS=>2021-06-10 19:39:34.602582: Cycle: 10, Model: 2, val_loss: [0.2437766045331955, 0.21762940287590027, 0.19682776927947998, 0.1795680820941925, 0.1815427839756012]
NAUTILUS=>2021-06-10 19:39:34.602582: Cycle: 10, Model: 2, val_accuracy: [0.9124874472618103, 0.92225581407547, 0.9338931441307068, 0.9405111074447632, 0.9392210245132446]
NAUTILUS=>2021-06-10 19:39:34.602582: Cycle: 10, Model: 3, loss: [0.6770934462547302, 0.39347508549690247, 0.3214420676231384, 0.28005439043045044, 0.24635688960552216]
NAUTILUS=>2021-06-10 19:39:34.602582: Cycle: 10, Model: 3, accuracy: [0.7573214173316956, 0.8532629013061523, 0.8819988965988159, 0.9006511569023132, 0.9135335683822632]
NAUTILUS=>2021-06-10 19:39:34.602582: Cycle: 10, Model: 3, val_loss: [0.271820992231369, 0.23291169106960297, 0.20360590517520905, 0.18756802380084991, 0.1881715953350067]
NAUTILUS=>2021-06-10 19:39:34.602582: Cycle: 10, Model: 3, val_accuracy: [0.9037477970123291, 0.9165124297142029, 0.9312624931335449, 0.9369827508926392, 0.937404215335846]
NAUTILUS=>2021-06-10 19:39:34.602681: Starting to generating the best model
NAUTILUS=>2021-06-10 19:39:40.233662: Completed generating the best model. Elapsed time: 0:00:05.630981
NAUTILUS=>2021-06-10 19:39:40.233662: Cycle: 10, Best Model: 0
NAUTILUS=>2021-06-10 19:39:40.233662: Cycle: 10, Best model loss: [0.5504102110862732, 0.3158428966999054, 0.23822885751724243, 0.1786428838968277, 0.11617831885814667]
NAUTILUS=>2021-06-10 19:39:40.233662: Cycle: 10, Best model accuracy: [0.8047014474868774, 0.8851940631866455, 0.9181928038597107, 0.9365103244781494, 0.9594428539276123]
NAUTILUS=>2021-06-10 19:39:40.233662: Cycle: 10, Best model val_loss: [0.23919428884983063, 0.19396738708019257, 0.17544609308242798, 0.17443767189979553, 0.17643411457538605]
NAUTILUS=>2021-06-10 19:39:40.233662: Cycle: 10, Best model val_accuracy: [0.9142479300498962, 0.9327427744865417, 0.9435212016105652, 0.9472640156745911, 0.9508093595504761]
NAUTILUS=>2021-06-10 19:39:40.522510: Completed active learning cycle. Elapsed time: 0:06:33.195000
NAUTILUS=>2021-06-10 19:39:40.522528: Workload completed. Elapsed time: 0:46:19.336200
