NAUTILUS=>2021-06-10 16:18:57.230277: Starting workload
NAUTILUS=>2021-06-10 16:18:57.230277: RANDOM_SEED: 2020
NAUTILUS=>2021-06-10 16:18:57.230277: VERY_LARGE_VALUE: 1000000000000000.0
NAUTILUS=>2021-06-10 16:18:57.230277: NO_MAT_OPT: False
NAUTILUS=>2021-06-10 16:18:57.230277: MODE: ftr3-3
NAUTILUS=>2021-06-10 16:18:57.230277: STORAGE_PATH: ./storage
NAUTILUS=>2021-06-10 16:18:57.230277: NO_FUSE_OPT: False
NAUTILUS=>2021-06-10 16:18:57.230277: NUM_EPOCHS: 5
NAUTILUS=>2021-06-10 16:18:57.230277: MAX_NUM_RECORDS: 5000
NAUTILUS=>2021-06-10 16:18:57.230277: ACTIVE_LEARNING_BATCH_SIZE: 500
NAUTILUS=>2021-06-10 16:18:57.230277: VALID_FRACTION: 0.2
NAUTILUS=>2021-06-10 16:18:57.230277: SAMPLING_STRATERGY: uncertainty
NAUTILUS=>2021-06-10 16:18:57.230277: NO_PRETRAINING: False
NAUTILUS=>2021-06-10 16:18:57.230277: STORAGE_BUDGET: 25
NAUTILUS=>2021-06-10 16:18:57.230277: MEMORY_BUDGET: 10
NAUTILUS=>2021-06-10 16:18:57.230277: WORKSPACE_MEMORY: 1
NAUTILUS=>2021-06-10 16:18:57.230277: COMPUTE_THROUGHPUT: 6
NAUTILUS=>2021-06-10 16:18:57.230277: DISK_THROUGHPUT: 500
NAUTILUS=>2021-06-10 16:18:57.230277: SHUFFLE_BUFFER_SIZE: 10000
NAUTILUS=>2021-06-10 16:18:57.230324: Starting system initialization
NAUTILUS=>2021-06-10 16:18:57.882233: Starting model profiling
NAUTILUS=>2021-06-10 16:19:28.075163: Completed model profiling. Elapsed time: 0:00:30.192927
NAUTILUS=>2021-06-10 16:19:28.075163: Model parameters
NAUTILUS=>2021-06-10 16:19:28.075228: Generating optimized model selection plan
NAUTILUS=>2021-06-10 16:19:28.124933: Materialized layers candidates: tf_op_layer_strided_slice,tf_op_layer_Cast,tf_op_layer_Sub,tf_op_layer_Mul,layer_9
NAUTILUS=>2021-06-10 16:19:28.166229: Used materialized layers: layer_9
NAUTILUS=>2021-06-10 16:19:28.166229: Model training plan: {"2_0_1": {"models": ["2", "0", "1"], "output_layers": ["2/classifier", "0/classifier", "1/classifier"], "flops_consumption": 809147946775000.0, "compute_flops": 696501462400000.0, "load_flops": 112646484375000.0, "memory_consumption": 2.7246057763695717, "used_materialized_layers": ["layer_9"], "batch_size": 16, "num_epochs": [5, 5, 5], "flops_reduction": 252692865175000.0, "merged_models": ["2", "0_1"]}}
NAUTILUS=>2021-06-10 16:19:28.166333: Completed generating optimized model selection plan. Elapsed time: 0:00:00.091104
NAUTILUS=>2021-06-10 16:19:28.166339: Generating fused models
NAUTILUS=>2021-06-10 16:19:38.747898: Completed generating fused models. Elapsed time: 0:00:10.581559
NAUTILUS=>2021-06-10 16:19:38.747898: Current Practice FLOPs: 447414119040.0
NAUTILUS=>2021-06-10 16:19:38.747898: Optimal FLOPs: 111291016320.0
NAUTILUS=>2021-06-10 16:19:38.747898: Theoretical Speedup: 4.020217748335861
NAUTILUS=>2021-06-10 16:19:38.799704: Completed system initialization. Elapsed time: 0:00:41.569380
NAUTILUS=>2021-06-10 16:19:38.799728: ========> Active learning cycle: 1
NAUTILUS=>2021-06-10 16:19:38.799732: Starting data loading
NAUTILUS=>2021-06-10 16:19:54.391525: Completed data loading. Elapsed time: 0:00:15.591793
NAUTILUS=>2021-06-10 16:19:54.391549: Starting model selection
NAUTILUS=>2021-06-10 16:19:54.391569: Materializing training data
NAUTILUS=>2021-06-10 16:19:54.636236: Completed materializing training data. Elapsed time: 0:00:00.244667
NAUTILUS=>2021-06-10 16:19:54.636250: Generating intermediate features
NAUTILUS=>2021-06-10 16:20:03.252933: Completed generating intermediate features. Elapsed time: 0:00:08.616683
NAUTILUS=>2021-06-10 16:20:03.252951: Starting model training
NAUTILUS=>2021-06-10 16:20:28.728537: Completed model training. Elapsed time: 0:00:25.475586
NAUTILUS=>2021-06-10 16:20:28.728537: Cycle: 1, Model: 2, loss: [1.10059654712677, 0.4744577705860138, 0.3396696150302887, 0.2579960823059082, 0.2015160322189331]
NAUTILUS=>2021-06-10 16:20:28.728537: Cycle: 1, Model: 2, accuracy: [0.6883387565612793, 0.8442584276199341, 0.8858430981636047, 0.9036238193511963, 0.9335419535636902]
NAUTILUS=>2021-06-10 16:20:28.728537: Cycle: 1, Model: 2, val_loss: [0.6876410841941833, 0.472998708486557, 0.41176077723503113, 0.39722809195518494, 0.3804224133491516]
NAUTILUS=>2021-06-10 16:20:28.728537: Cycle: 1, Model: 2, val_accuracy: [0.7769367694854736, 0.828457236289978, 0.848990797996521, 0.8405357599258423, 0.8534486889839172]
NAUTILUS=>2021-06-10 16:20:28.728537: Cycle: 1, Model: 0, loss: [0.828880786895752, 0.2970869839191437, 0.19052249193191528, 0.12513619661331177, 0.08048417419195175]
NAUTILUS=>2021-06-10 16:20:28.728537: Cycle: 1, Model: 0, accuracy: [0.7468414902687073, 0.8900124430656433, 0.9346765279769897, 0.9563759565353394, 0.9700300097465515]
NAUTILUS=>2021-06-10 16:20:28.728537: Cycle: 1, Model: 0, val_loss: [0.4639214277267456, 0.41468510031700134, 0.35327720642089844, 0.3933575451374054, 0.37415382266044617]
NAUTILUS=>2021-06-10 16:20:28.728537: Cycle: 1, Model: 0, val_accuracy: [0.8359349966049194, 0.8561877608299255, 0.8714163899421692, 0.8704221248626709, 0.8852939605712891]
NAUTILUS=>2021-06-10 16:20:28.728537: Cycle: 1, Model: 1, loss: [1.004594087600708, 0.4065803289413452, 0.28088250756263733, 0.1944686770439148, 0.1432686746120453]
NAUTILUS=>2021-06-10 16:20:28.728537: Cycle: 1, Model: 1, accuracy: [0.7063083052635193, 0.8641493320465088, 0.9058865904808044, 0.9262921214103699, 0.9485536217689514]
NAUTILUS=>2021-06-10 16:20:28.728537: Cycle: 1, Model: 1, val_loss: [0.5762648582458496, 0.4119472801685333, 0.3756779432296753, 0.36078959703445435, 0.36561137437820435]
NAUTILUS=>2021-06-10 16:20:28.728537: Cycle: 1, Model: 1, val_accuracy: [0.8098840117454529, 0.8507524728775024, 0.8563680052757263, 0.869193971157074, 0.8720411062240601]
NAUTILUS=>2021-06-10 16:20:28.728613: Starting to generating the best model
NAUTILUS=>2021-06-10 16:20:34.788607: Completed generating the best model. Elapsed time: 0:00:06.059994
NAUTILUS=>2021-06-10 16:20:34.788607: Cycle: 1, Best Model: 0
NAUTILUS=>2021-06-10 16:20:34.788607: Cycle: 1, Best model loss: [0.828880786895752, 0.2970869839191437, 0.19052249193191528, 0.12513619661331177, 0.08048417419195175]
NAUTILUS=>2021-06-10 16:20:34.788607: Cycle: 1, Best model accuracy: [0.7468414902687073, 0.8900124430656433, 0.9346765279769897, 0.9563759565353394, 0.9700300097465515]
NAUTILUS=>2021-06-10 16:20:34.788607: Cycle: 1, Best model val_loss: [0.4639214277267456, 0.41468510031700134, 0.35327720642089844, 0.3933575451374054, 0.37415382266044617]
NAUTILUS=>2021-06-10 16:20:34.788607: Cycle: 1, Best model val_accuracy: [0.8359349966049194, 0.8561877608299255, 0.8714163899421692, 0.8704221248626709, 0.8852939605712891]
NAUTILUS=>2021-06-10 16:20:35.075432: Completed active learning cycle. Elapsed time: 0:00:40.683883
NAUTILUS=>2021-06-10 16:20:35.075449: ========> Active learning cycle: 2
NAUTILUS=>2021-06-10 16:20:35.075452: Starting data loading
NAUTILUS=>2021-06-10 16:21:23.556551: Completed data loading. Elapsed time: 0:00:48.481099
NAUTILUS=>2021-06-10 16:21:23.556569: Starting model selection
NAUTILUS=>2021-06-10 16:21:23.556584: Materializing training data
NAUTILUS=>2021-06-10 16:21:23.787706: Completed materializing training data. Elapsed time: 0:00:00.231122
NAUTILUS=>2021-06-10 16:21:23.787717: Generating intermediate features
NAUTILUS=>2021-06-10 16:21:32.399850: Completed generating intermediate features. Elapsed time: 0:00:08.612133
NAUTILUS=>2021-06-10 16:21:32.399868: Starting model training
NAUTILUS=>2021-06-10 16:22:10.981779: Completed model training. Elapsed time: 0:00:38.581911
NAUTILUS=>2021-06-10 16:22:10.981779: Cycle: 2, Model: 2, loss: [1.1710573434829712, 0.594035804271698, 0.4166698455810547, 0.3269309103488922, 0.24684353172779083]
NAUTILUS=>2021-06-10 16:22:10.981779: Cycle: 2, Model: 2, accuracy: [0.5746650695800781, 0.7590763568878174, 0.8437793850898743, 0.8772196769714355, 0.906093418598175]
NAUTILUS=>2021-06-10 16:22:10.981779: Cycle: 2, Model: 2, val_loss: [0.5098970532417297, 0.3841044306755066, 0.3192782700061798, 0.3005669116973877, 0.27994734048843384]
NAUTILUS=>2021-06-10 16:22:10.981779: Cycle: 2, Model: 2, val_accuracy: [0.8162043690681458, 0.8690874576568604, 0.8832870721817017, 0.9080027937889099, 0.9080075621604919]
NAUTILUS=>2021-06-10 16:22:10.981779: Cycle: 2, Model: 0, loss: [0.9820089936256409, 0.42822322249412537, 0.274488627910614, 0.19114264845848083, 0.12522202730178833]
NAUTILUS=>2021-06-10 16:22:10.981779: Cycle: 2, Model: 0, accuracy: [0.6411345601081848, 0.8296785950660706, 0.8881787657737732, 0.9303540587425232, 0.9543465375900269]
NAUTILUS=>2021-06-10 16:22:10.981779: Cycle: 2, Model: 0, val_loss: [0.3782179355621338, 0.34705260396003723, 0.2961651086807251, 0.2835554778575897, 0.305136114358902]
NAUTILUS=>2021-06-10 16:22:10.981779: Cycle: 2, Model: 0, val_accuracy: [0.8639460802078247, 0.8841715455055237, 0.9048786163330078, 0.9142364263534546, 0.9139883518218994]
NAUTILUS=>2021-06-10 16:22:10.981779: Cycle: 2, Model: 1, loss: [1.031630516052246, 0.49598366022109985, 0.33836865425109863, 0.2519090175628662, 0.17347869277000427]
NAUTILUS=>2021-06-10 16:22:10.981779: Cycle: 2, Model: 1, accuracy: [0.6214208006858826, 0.8046935200691223, 0.8720493316650391, 0.9077181816101074, 0.9331250190734863]
NAUTILUS=>2021-06-10 16:22:10.981779: Cycle: 2, Model: 1, val_loss: [0.4488494098186493, 0.3552568852901459, 0.2943028509616852, 0.28837546706199646, 0.27607956528663635]
NAUTILUS=>2021-06-10 16:22:10.981779: Cycle: 2, Model: 1, val_accuracy: [0.8425663709640503, 0.8833434581756592, 0.8984968066215515, 0.9134674668312073, 0.9148668646812439]
NAUTILUS=>2021-06-10 16:22:10.981856: Starting to generating the best model
NAUTILUS=>2021-06-10 16:22:17.083314: Completed generating the best model. Elapsed time: 0:00:06.101458
NAUTILUS=>2021-06-10 16:22:17.083314: Cycle: 2, Best Model: 1
NAUTILUS=>2021-06-10 16:22:17.083314: Cycle: 2, Best model loss: [1.031630516052246, 0.49598366022109985, 0.33836865425109863, 0.2519090175628662, 0.17347869277000427]
NAUTILUS=>2021-06-10 16:22:17.083314: Cycle: 2, Best model accuracy: [0.6214208006858826, 0.8046935200691223, 0.8720493316650391, 0.9077181816101074, 0.9331250190734863]
NAUTILUS=>2021-06-10 16:22:17.083314: Cycle: 2, Best model val_loss: [0.4488494098186493, 0.3552568852901459, 0.2943028509616852, 0.28837546706199646, 0.27607956528663635]
NAUTILUS=>2021-06-10 16:22:17.083314: Cycle: 2, Best model val_accuracy: [0.8425663709640503, 0.8833434581756592, 0.8984968066215515, 0.9134674668312073, 0.9148668646812439]
NAUTILUS=>2021-06-10 16:22:17.369438: Completed active learning cycle. Elapsed time: 0:00:53.812869
NAUTILUS=>2021-06-10 16:22:17.369455: ========> Active learning cycle: 3
NAUTILUS=>2021-06-10 16:22:17.369459: Starting data loading
NAUTILUS=>2021-06-10 16:22:57.006508: Completed data loading. Elapsed time: 0:00:39.637049
NAUTILUS=>2021-06-10 16:22:57.006525: Starting model selection
NAUTILUS=>2021-06-10 16:22:57.006541: Materializing training data
NAUTILUS=>2021-06-10 16:22:57.234718: Completed materializing training data. Elapsed time: 0:00:00.228177
NAUTILUS=>2021-06-10 16:22:57.234727: Generating intermediate features
NAUTILUS=>2021-06-10 16:23:05.852945: Completed generating intermediate features. Elapsed time: 0:00:08.618218
NAUTILUS=>2021-06-10 16:23:05.852963: Starting model training
NAUTILUS=>2021-06-10 16:23:57.267283: Completed model training. Elapsed time: 0:00:51.414320
NAUTILUS=>2021-06-10 16:23:57.267283: Cycle: 3, Model: 2, loss: [1.1734111309051514, 0.6405544877052307, 0.4942150413990021, 0.40278419852256775, 0.3289356529712677]
NAUTILUS=>2021-06-10 16:23:57.267283: Cycle: 3, Model: 2, accuracy: [0.580635666847229, 0.7494320273399353, 0.8104904890060425, 0.8541501760482788, 0.8839531540870667]
NAUTILUS=>2021-06-10 16:23:57.267283: Cycle: 3, Model: 2, val_loss: [0.4713168442249298, 0.35854095220565796, 0.3004438579082489, 0.27271783351898193, 0.26489606499671936]
NAUTILUS=>2021-06-10 16:23:57.267283: Cycle: 3, Model: 2, val_accuracy: [0.8249059915542603, 0.8742010593414307, 0.8958098292350769, 0.9077868461608887, 0.9134292602539062]
NAUTILUS=>2021-06-10 16:23:57.267283: Cycle: 3, Model: 0, loss: [1.0503242015838623, 0.5038192272186279, 0.34329545497894287, 0.27409422397613525, 0.184320330619812]
NAUTILUS=>2021-06-10 16:23:57.267283: Cycle: 3, Model: 0, accuracy: [0.6394216418266296, 0.8110025525093079, 0.8757426142692566, 0.9025945067405701, 0.9401528835296631]
NAUTILUS=>2021-06-10 16:23:57.267283: Cycle: 3, Model: 0, val_loss: [0.3656683564186096, 0.2560340464115143, 0.27582311630249023, 0.31012749671936035, 0.2955993115901947]
NAUTILUS=>2021-06-10 16:23:57.267283: Cycle: 3, Model: 0, val_accuracy: [0.8686020970344543, 0.9100136160850525, 0.9169734716415405, 0.9171760082244873, 0.9122934937477112]
NAUTILUS=>2021-06-10 16:23:57.267283: Cycle: 3, Model: 1, loss: [1.0786219835281372, 0.5533127784729004, 0.41141536831855774, 0.3229483664035797, 0.24406534433364868]
NAUTILUS=>2021-06-10 16:23:57.267283: Cycle: 3, Model: 1, accuracy: [0.6122634410858154, 0.7813418507575989, 0.846768319606781, 0.8865628838539124, 0.9208267331123352]
NAUTILUS=>2021-06-10 16:23:57.267283: Cycle: 3, Model: 1, val_loss: [0.38938483595848083, 0.3041931986808777, 0.2628311812877655, 0.2745210826396942, 0.25541332364082336]
NAUTILUS=>2021-06-10 16:23:57.267283: Cycle: 3, Model: 1, val_accuracy: [0.8718843460083008, 0.8965688347816467, 0.9098889231681824, 0.9124472141265869, 0.9129377007484436]
NAUTILUS=>2021-06-10 16:23:57.267371: Starting to generating the best model
NAUTILUS=>2021-06-10 16:24:03.302178: Completed generating the best model. Elapsed time: 0:00:06.034807
NAUTILUS=>2021-06-10 16:24:03.302178: Cycle: 3, Best Model: 2
NAUTILUS=>2021-06-10 16:24:03.302178: Cycle: 3, Best model loss: [1.1734111309051514, 0.6405544877052307, 0.4942150413990021, 0.40278419852256775, 0.3289356529712677]
NAUTILUS=>2021-06-10 16:24:03.302178: Cycle: 3, Best model accuracy: [0.580635666847229, 0.7494320273399353, 0.8104904890060425, 0.8541501760482788, 0.8839531540870667]
NAUTILUS=>2021-06-10 16:24:03.302178: Cycle: 3, Best model val_loss: [0.4713168442249298, 0.35854095220565796, 0.3004438579082489, 0.27271783351898193, 0.26489606499671936]
NAUTILUS=>2021-06-10 16:24:03.302178: Cycle: 3, Best model val_accuracy: [0.8249059915542603, 0.8742010593414307, 0.8958098292350769, 0.9077868461608887, 0.9134292602539062]
NAUTILUS=>2021-06-10 16:24:03.588435: Completed active learning cycle. Elapsed time: 0:01:06.581910
NAUTILUS=>2021-06-10 16:24:03.588452: ========> Active learning cycle: 4
NAUTILUS=>2021-06-10 16:24:03.588456: Starting data loading
NAUTILUS=>2021-06-10 16:24:48.350332: Completed data loading. Elapsed time: 0:00:44.761876
NAUTILUS=>2021-06-10 16:24:48.350349: Starting model selection
NAUTILUS=>2021-06-10 16:24:48.350366: Materializing training data
NAUTILUS=>2021-06-10 16:24:48.586706: Completed materializing training data. Elapsed time: 0:00:00.236340
NAUTILUS=>2021-06-10 16:24:48.586721: Generating intermediate features
NAUTILUS=>2021-06-10 16:24:57.197915: Completed generating intermediate features. Elapsed time: 0:00:08.611194
NAUTILUS=>2021-06-10 16:24:57.197933: Starting model training
NAUTILUS=>2021-06-10 16:26:01.331095: Completed model training. Elapsed time: 0:01:04.133162
NAUTILUS=>2021-06-10 16:26:01.331095: Cycle: 4, Model: 2, loss: [1.088930368423462, 0.6305785179138184, 0.4959678649902344, 0.4107176959514618, 0.34650394320487976]
NAUTILUS=>2021-06-10 16:26:01.331095: Cycle: 4, Model: 2, accuracy: [0.6281378269195557, 0.7715151309967041, 0.8276664614677429, 0.8608231544494629, 0.8871836066246033]
NAUTILUS=>2021-06-10 16:26:01.331095: Cycle: 4, Model: 2, val_loss: [0.4040851294994354, 0.29758158326148987, 0.2775494456291199, 0.24165937304496765, 0.24623627960681915]
NAUTILUS=>2021-06-10 16:26:01.331095: Cycle: 4, Model: 2, val_accuracy: [0.8620694875717163, 0.8995107412338257, 0.9048641324043274, 0.917738676071167, 0.9149627685546875]
NAUTILUS=>2021-06-10 16:26:01.331095: Cycle: 4, Model: 0, loss: [1.0007450580596924, 0.5386736392974854, 0.38935208320617676, 0.28623178601264954, 0.19687123596668243]
NAUTILUS=>2021-06-10 16:26:01.331095: Cycle: 4, Model: 0, accuracy: [0.6615559458732605, 0.813633143901825, 0.8663817048072815, 0.9032334089279175, 0.9374695420265198]
NAUTILUS=>2021-06-10 16:26:01.331095: Cycle: 4, Model: 0, val_loss: [0.35358813405036926, 0.28872406482696533, 0.26977840065956116, 0.24321216344833374, 0.2455395758152008]
NAUTILUS=>2021-06-10 16:26:01.331095: Cycle: 4, Model: 0, val_accuracy: [0.8783340454101562, 0.8984920382499695, 0.906108021736145, 0.9223610758781433, 0.9265408515930176]
NAUTILUS=>2021-06-10 16:26:01.331095: Cycle: 4, Model: 1, loss: [1.0142468214035034, 0.5698196291923523, 0.43418458104133606, 0.3525908291339874, 0.2743302285671234]
NAUTILUS=>2021-06-10 16:26:01.331095: Cycle: 4, Model: 1, accuracy: [0.6520774960517883, 0.7998597025871277, 0.8527160882949829, 0.8819565773010254, 0.9148235321044922]
NAUTILUS=>2021-06-10 16:26:01.331095: Cycle: 4, Model: 1, val_loss: [0.35799354314804077, 0.2813897430896759, 0.24565917253494263, 0.23920084536075592, 0.23523731529712677]
NAUTILUS=>2021-06-10 16:26:01.331095: Cycle: 4, Model: 1, val_accuracy: [0.883351743221283, 0.8983660340309143, 0.9147924184799194, 0.9203234314918518, 0.9223295450210571]
NAUTILUS=>2021-06-10 16:26:01.331173: Starting to generating the best model
NAUTILUS=>2021-06-10 16:26:07.408535: Completed generating the best model. Elapsed time: 0:00:06.077362
NAUTILUS=>2021-06-10 16:26:07.408535: Cycle: 4, Best Model: 0
NAUTILUS=>2021-06-10 16:26:07.408535: Cycle: 4, Best model loss: [1.0007450580596924, 0.5386736392974854, 0.38935208320617676, 0.28623178601264954, 0.19687123596668243]
NAUTILUS=>2021-06-10 16:26:07.408535: Cycle: 4, Best model accuracy: [0.6615559458732605, 0.813633143901825, 0.8663817048072815, 0.9032334089279175, 0.9374695420265198]
NAUTILUS=>2021-06-10 16:26:07.408535: Cycle: 4, Best model val_loss: [0.35358813405036926, 0.28872406482696533, 0.26977840065956116, 0.24321216344833374, 0.2455395758152008]
NAUTILUS=>2021-06-10 16:26:07.408535: Cycle: 4, Best model val_accuracy: [0.8783340454101562, 0.8984920382499695, 0.906108021736145, 0.9223610758781433, 0.9265408515930176]
NAUTILUS=>2021-06-10 16:26:07.695004: Completed active learning cycle. Elapsed time: 0:01:19.344655
NAUTILUS=>2021-06-10 16:26:07.695021: ========> Active learning cycle: 5
NAUTILUS=>2021-06-10 16:26:07.695026: Starting data loading
NAUTILUS=>2021-06-10 16:26:44.057798: Completed data loading. Elapsed time: 0:00:36.362772
NAUTILUS=>2021-06-10 16:26:44.057816: Starting model selection
NAUTILUS=>2021-06-10 16:26:44.057832: Materializing training data
NAUTILUS=>2021-06-10 16:26:44.291259: Completed materializing training data. Elapsed time: 0:00:00.233427
NAUTILUS=>2021-06-10 16:26:44.291270: Generating intermediate features
NAUTILUS=>2021-06-10 16:26:52.865174: Completed generating intermediate features. Elapsed time: 0:00:08.573904
NAUTILUS=>2021-06-10 16:26:52.865192: Starting model training
NAUTILUS=>2021-06-10 16:28:10.277821: Completed model training. Elapsed time: 0:01:17.412629
NAUTILUS=>2021-06-10 16:28:10.277821: Cycle: 5, Model: 2, loss: [0.9871426224708557, 0.5766896605491638, 0.45632657408714294, 0.3781070411205292, 0.3249005079269409]
NAUTILUS=>2021-06-10 16:28:10.277821: Cycle: 5, Model: 2, accuracy: [0.6508467197418213, 0.7911696434020996, 0.8388306498527527, 0.8714576959609985, 0.893989622592926]
NAUTILUS=>2021-06-10 16:28:10.277821: Cycle: 5, Model: 2, val_loss: [0.36145877838134766, 0.28238633275032043, 0.248015895485878, 0.22655874490737915, 0.21870160102844238]
NAUTILUS=>2021-06-10 16:28:10.277821: Cycle: 5, Model: 2, val_accuracy: [0.8718570470809937, 0.9073320031166077, 0.9183659553527832, 0.9207580089569092, 0.9231885671615601]
NAUTILUS=>2021-06-10 16:28:10.277821: Cycle: 5, Model: 0, loss: [0.8848878145217896, 0.48879092931747437, 0.3627718389034271, 0.27218595147132874, 0.2061728835105896]
NAUTILUS=>2021-06-10 16:28:10.277821: Cycle: 5, Model: 0, accuracy: [0.697338879108429, 0.8288840651512146, 0.8729316592216492, 0.9055098295211792, 0.9343339800834656]
NAUTILUS=>2021-06-10 16:28:10.277821: Cycle: 5, Model: 0, val_loss: [0.3129018545150757, 0.25376373529434204, 0.23948748409748077, 0.2234102338552475, 0.2342166304588318]
NAUTILUS=>2021-06-10 16:28:10.277821: Cycle: 5, Model: 0, val_accuracy: [0.8828927874565125, 0.9140087366104126, 0.920835554599762, 0.9284613132476807, 0.9284204244613647]
NAUTILUS=>2021-06-10 16:28:10.277821: Cycle: 5, Model: 1, loss: [0.931462824344635, 0.5267236828804016, 0.405816912651062, 0.32352131605148315, 0.26926350593566895]
NAUTILUS=>2021-06-10 16:28:10.277821: Cycle: 5, Model: 1, accuracy: [0.6760247945785522, 0.812559962272644, 0.8585521578788757, 0.890867292881012, 0.913202166557312]
NAUTILUS=>2021-06-10 16:28:10.277821: Cycle: 5, Model: 1, val_loss: [0.3221791088581085, 0.25603222846984863, 0.23639313876628876, 0.21526898443698883, 0.21449017524719238]
NAUTILUS=>2021-06-10 16:28:10.277821: Cycle: 5, Model: 1, val_accuracy: [0.8834271430969238, 0.9131736159324646, 0.9191558361053467, 0.9234687685966492, 0.927733838558197]
NAUTILUS=>2021-06-10 16:28:10.277898: Starting to generating the best model
NAUTILUS=>2021-06-10 16:28:16.345603: Completed generating the best model. Elapsed time: 0:00:06.067705
NAUTILUS=>2021-06-10 16:28:16.345603: Cycle: 5, Best Model: 0
NAUTILUS=>2021-06-10 16:28:16.345603: Cycle: 5, Best model loss: [0.8848878145217896, 0.48879092931747437, 0.3627718389034271, 0.27218595147132874, 0.2061728835105896]
NAUTILUS=>2021-06-10 16:28:16.345603: Cycle: 5, Best model accuracy: [0.697338879108429, 0.8288840651512146, 0.8729316592216492, 0.9055098295211792, 0.9343339800834656]
NAUTILUS=>2021-06-10 16:28:16.345603: Cycle: 5, Best model val_loss: [0.3129018545150757, 0.25376373529434204, 0.23948748409748077, 0.2234102338552475, 0.2342166304588318]
NAUTILUS=>2021-06-10 16:28:16.345603: Cycle: 5, Best model val_accuracy: [0.8828927874565125, 0.9140087366104126, 0.920835554599762, 0.9284613132476807, 0.9284204244613647]
NAUTILUS=>2021-06-10 16:28:16.630268: Completed active learning cycle. Elapsed time: 0:01:32.572452
NAUTILUS=>2021-06-10 16:28:16.630285: ========> Active learning cycle: 6
NAUTILUS=>2021-06-10 16:28:16.630288: Starting data loading
NAUTILUS=>2021-06-10 16:28:57.095681: Completed data loading. Elapsed time: 0:00:40.465393
NAUTILUS=>2021-06-10 16:28:57.095726: Starting model selection
NAUTILUS=>2021-06-10 16:28:57.095754: Materializing training data
NAUTILUS=>2021-06-10 16:28:57.332038: Completed materializing training data. Elapsed time: 0:00:00.236284
NAUTILUS=>2021-06-10 16:28:57.332052: Generating intermediate features
NAUTILUS=>2021-06-10 16:29:05.964835: Completed generating intermediate features. Elapsed time: 0:00:08.632783
NAUTILUS=>2021-06-10 16:29:05.964853: Starting model training
NAUTILUS=>2021-06-10 16:30:36.176182: Completed model training. Elapsed time: 0:01:30.211329
NAUTILUS=>2021-06-10 16:30:36.176182: Cycle: 6, Model: 2, loss: [0.9085469841957092, 0.5183769464492798, 0.41646313667297363, 0.35025131702423096, 0.2940710484981537]
NAUTILUS=>2021-06-10 16:30:36.176182: Cycle: 6, Model: 2, accuracy: [0.6856892108917236, 0.8134711980819702, 0.8531138896942139, 0.8780829906463623, 0.9019412398338318]
NAUTILUS=>2021-06-10 16:30:36.176182: Cycle: 6, Model: 2, val_loss: [0.3254000246524811, 0.24859827756881714, 0.24532659351825714, 0.2130824476480484, 0.2091844528913498]
NAUTILUS=>2021-06-10 16:30:36.176182: Cycle: 6, Model: 2, val_accuracy: [0.8859245777130127, 0.9109338521957397, 0.9178964495658875, 0.9223533868789673, 0.9267240166664124]
NAUTILUS=>2021-06-10 16:30:36.176182: Cycle: 6, Model: 0, loss: [0.7797222137451172, 0.44748643040657043, 0.33474966883659363, 0.25199103355407715, 0.1761731505393982]
NAUTILUS=>2021-06-10 16:30:36.176182: Cycle: 6, Model: 0, accuracy: [0.7316976189613342, 0.8410143852233887, 0.8846953511238098, 0.9130313992500305, 0.9417982697486877]
NAUTILUS=>2021-06-10 16:30:36.176182: Cycle: 6, Model: 0, val_loss: [0.26252037286758423, 0.22259017825126648, 0.2255323976278305, 0.21208308637142181, 0.2049766331911087]
NAUTILUS=>2021-06-10 16:30:36.176182: Cycle: 6, Model: 0, val_accuracy: [0.9081600904464722, 0.923750638961792, 0.9228168725967407, 0.9283265471458435, 0.939351499080658]
NAUTILUS=>2021-06-10 16:30:36.176182: Cycle: 6, Model: 1, loss: [0.8572153449058533, 0.47669240832328796, 0.36792993545532227, 0.2986728250980377, 0.23822744190692902]
NAUTILUS=>2021-06-10 16:30:36.176182: Cycle: 6, Model: 1, accuracy: [0.7028313875198364, 0.829873263835907, 0.8731008768081665, 0.8973852396011353, 0.921951413154602]
NAUTILUS=>2021-06-10 16:30:36.176182: Cycle: 6, Model: 1, val_loss: [0.29861530661582947, 0.2357422411441803, 0.230386883020401, 0.21575403213500977, 0.19946666061878204]
NAUTILUS=>2021-06-10 16:30:36.176182: Cycle: 6, Model: 1, val_accuracy: [0.8894453048706055, 0.9156832695007324, 0.9219138622283936, 0.926279604434967, 0.9324283003807068]
NAUTILUS=>2021-06-10 16:30:36.176259: Starting to generating the best model
NAUTILUS=>2021-06-10 16:30:42.267086: Completed generating the best model. Elapsed time: 0:00:06.090827
NAUTILUS=>2021-06-10 16:30:42.267086: Cycle: 6, Best Model: 0
NAUTILUS=>2021-06-10 16:30:42.267086: Cycle: 6, Best model loss: [0.7797222137451172, 0.44748643040657043, 0.33474966883659363, 0.25199103355407715, 0.1761731505393982]
NAUTILUS=>2021-06-10 16:30:42.267086: Cycle: 6, Best model accuracy: [0.7316976189613342, 0.8410143852233887, 0.8846953511238098, 0.9130313992500305, 0.9417982697486877]
NAUTILUS=>2021-06-10 16:30:42.267086: Cycle: 6, Best model val_loss: [0.26252037286758423, 0.22259017825126648, 0.2255323976278305, 0.21208308637142181, 0.2049766331911087]
NAUTILUS=>2021-06-10 16:30:42.267086: Cycle: 6, Best model val_accuracy: [0.9081600904464722, 0.923750638961792, 0.9228168725967407, 0.9283265471458435, 0.939351499080658]
NAUTILUS=>2021-06-10 16:30:42.553573: Completed active learning cycle. Elapsed time: 0:01:45.457847
NAUTILUS=>2021-06-10 16:30:42.553590: ========> Active learning cycle: 7
NAUTILUS=>2021-06-10 16:30:42.553594: Starting data loading
NAUTILUS=>2021-06-10 16:31:15.297362: Completed data loading. Elapsed time: 0:00:32.743768
NAUTILUS=>2021-06-10 16:31:15.297380: Starting model selection
NAUTILUS=>2021-06-10 16:31:15.297395: Materializing training data
NAUTILUS=>2021-06-10 16:31:15.527139: Completed materializing training data. Elapsed time: 0:00:00.229744
NAUTILUS=>2021-06-10 16:31:15.527148: Generating intermediate features
NAUTILUS=>2021-06-10 16:31:24.065416: Completed generating intermediate features. Elapsed time: 0:00:08.538268
NAUTILUS=>2021-06-10 16:31:24.065434: Starting model training
NAUTILUS=>2021-06-10 16:33:07.602009: Completed model training. Elapsed time: 0:01:43.536575
NAUTILUS=>2021-06-10 16:33:07.602009: Cycle: 7, Model: 2, loss: [0.8045341968536377, 0.47163233160972595, 0.37808775901794434, 0.3206634223461151, 0.26609429717063904]
NAUTILUS=>2021-06-10 16:33:07.602009: Cycle: 7, Model: 2, accuracy: [0.7129489779472351, 0.8280625939369202, 0.864201545715332, 0.886496901512146, 0.9100775122642517]
NAUTILUS=>2021-06-10 16:33:07.602009: Cycle: 7, Model: 2, val_loss: [0.2870806157588959, 0.25214698910713196, 0.22417262196540833, 0.19705906510353088, 0.19356688857078552]
NAUTILUS=>2021-06-10 16:33:07.602009: Cycle: 7, Model: 2, val_accuracy: [0.894190788269043, 0.9043206572532654, 0.922905445098877, 0.9345359802246094, 0.9327884316444397]
NAUTILUS=>2021-06-10 16:33:07.602009: Cycle: 7, Model: 0, loss: [0.7221354246139526, 0.40360918641090393, 0.30329594016075134, 0.21994371712207794, 0.15366248786449432]
NAUTILUS=>2021-06-10 16:33:07.602009: Cycle: 7, Model: 0, accuracy: [0.7453664541244507, 0.8558929562568665, 0.8913864493370056, 0.9235274195671082, 0.9470362067222595]
NAUTILUS=>2021-06-10 16:33:07.602009: Cycle: 7, Model: 0, val_loss: [0.25216177105903625, 0.2203816920518875, 0.2183390110731125, 0.20365162193775177, 0.20105904340744019]
NAUTILUS=>2021-06-10 16:33:07.602009: Cycle: 7, Model: 0, val_accuracy: [0.9075965285301208, 0.9228470921516418, 0.9234884977340698, 0.9350373148918152, 0.9404253363609314]
NAUTILUS=>2021-06-10 16:33:07.602009: Cycle: 7, Model: 1, loss: [0.7430679798126221, 0.4322947561740875, 0.33855140209198, 0.2723850905895233, 0.21312639117240906]
NAUTILUS=>2021-06-10 16:33:07.602009: Cycle: 7, Model: 1, accuracy: [0.7380832433700562, 0.845782458782196, 0.8772993087768555, 0.9053120017051697, 0.9289613366127014]
NAUTILUS=>2021-06-10 16:33:07.602009: Cycle: 7, Model: 1, val_loss: [0.2582646608352661, 0.23160208761692047, 0.22102440893650055, 0.19324421882629395, 0.1956494152545929]
NAUTILUS=>2021-06-10 16:33:07.602009: Cycle: 7, Model: 1, val_accuracy: [0.9050285220146179, 0.914777934551239, 0.926152765750885, 0.93519127368927, 0.9377055168151855]
NAUTILUS=>2021-06-10 16:33:07.602085: Starting to generating the best model
NAUTILUS=>2021-06-10 16:33:13.683502: Completed generating the best model. Elapsed time: 0:00:06.081417
NAUTILUS=>2021-06-10 16:33:13.683502: Cycle: 7, Best Model: 0
NAUTILUS=>2021-06-10 16:33:13.683502: Cycle: 7, Best model loss: [0.7221354246139526, 0.40360918641090393, 0.30329594016075134, 0.21994371712207794, 0.15366248786449432]
NAUTILUS=>2021-06-10 16:33:13.683502: Cycle: 7, Best model accuracy: [0.7453664541244507, 0.8558929562568665, 0.8913864493370056, 0.9235274195671082, 0.9470362067222595]
NAUTILUS=>2021-06-10 16:33:13.683502: Cycle: 7, Best model val_loss: [0.25216177105903625, 0.2203816920518875, 0.2183390110731125, 0.20365162193775177, 0.20105904340744019]
NAUTILUS=>2021-06-10 16:33:13.683502: Cycle: 7, Best model val_accuracy: [0.9075965285301208, 0.9228470921516418, 0.9234884977340698, 0.9350373148918152, 0.9404253363609314]
NAUTILUS=>2021-06-10 16:33:13.967945: Completed active learning cycle. Elapsed time: 0:01:58.670565
NAUTILUS=>2021-06-10 16:33:13.967962: ========> Active learning cycle: 8
NAUTILUS=>2021-06-10 16:33:13.967965: Starting data loading
NAUTILUS=>2021-06-10 16:33:50.190380: Completed data loading. Elapsed time: 0:00:36.222415
NAUTILUS=>2021-06-10 16:33:50.190396: Starting model selection
NAUTILUS=>2021-06-10 16:33:50.190412: Materializing training data
NAUTILUS=>2021-06-10 16:33:50.422461: Completed materializing training data. Elapsed time: 0:00:00.232049
NAUTILUS=>2021-06-10 16:33:50.422471: Generating intermediate features
NAUTILUS=>2021-06-10 16:33:58.991778: Completed generating intermediate features. Elapsed time: 0:00:08.569307
NAUTILUS=>2021-06-10 16:33:58.991798: Starting model training
NAUTILUS=>2021-06-10 16:35:56.011709: Completed model training. Elapsed time: 0:01:57.019911
NAUTILUS=>2021-06-10 16:35:56.011709: Cycle: 8, Model: 2, loss: [0.7507331967353821, 0.4261893928050995, 0.34724682569503784, 0.29377052187919617, 0.2486281543970108]
NAUTILUS=>2021-06-10 16:35:56.011709: Cycle: 8, Model: 2, accuracy: [0.7320047616958618, 0.8420989513397217, 0.8772318959236145, 0.8983307480812073, 0.9136553406715393]
NAUTILUS=>2021-06-10 16:35:56.011709: Cycle: 8, Model: 2, val_loss: [0.2816239595413208, 0.24014438688755035, 0.24968257546424866, 0.22315822541713715, 0.18484844267368317]
NAUTILUS=>2021-06-10 16:35:56.011709: Cycle: 8, Model: 2, val_accuracy: [0.8984627723693848, 0.9111425280570984, 0.9099758267402649, 0.9220588803291321, 0.9332965016365051]
NAUTILUS=>2021-06-10 16:35:56.011709: Cycle: 8, Model: 0, loss: [0.654043972492218, 0.37931105494499207, 0.28054389357566833, 0.20257416367530823, 0.14012426137924194]
NAUTILUS=>2021-06-10 16:35:56.011709: Cycle: 8, Model: 0, accuracy: [0.7630330920219421, 0.864060640335083, 0.9023942351341248, 0.9298197031021118, 0.9519089460372925]
NAUTILUS=>2021-06-10 16:35:56.011709: Cycle: 8, Model: 0, val_loss: [0.2445775270462036, 0.21062928438186646, 0.21765495836734772, 0.18015141785144806, 0.1797095090150833]
NAUTILUS=>2021-06-10 16:35:56.011709: Cycle: 8, Model: 0, val_accuracy: [0.9088101387023926, 0.9225565195083618, 0.9199885725975037, 0.9370297789573669, 0.9432660937309265]
NAUTILUS=>2021-06-10 16:35:56.011709: Cycle: 8, Model: 1, loss: [0.6823531985282898, 0.39513489603996277, 0.3151552677154541, 0.2508992552757263, 0.20107625424861908]
NAUTILUS=>2021-06-10 16:35:56.011709: Cycle: 8, Model: 1, accuracy: [0.7510250806808472, 0.8559231758117676, 0.8889309763908386, 0.9139156937599182, 0.930520236492157]
NAUTILUS=>2021-06-10 16:35:56.011709: Cycle: 8, Model: 1, val_loss: [0.2556892931461334, 0.22496330738067627, 0.24024569988250732, 0.19305385649204254, 0.18223892152309418]
NAUTILUS=>2021-06-10 16:35:56.011709: Cycle: 8, Model: 1, val_accuracy: [0.9056287407875061, 0.9209277629852295, 0.9110763072967529, 0.9339109659194946, 0.9377528429031372]
NAUTILUS=>2021-06-10 16:35:56.011788: Starting to generating the best model
NAUTILUS=>2021-06-10 16:36:02.077758: Completed generating the best model. Elapsed time: 0:00:06.065970
NAUTILUS=>2021-06-10 16:36:02.077758: Cycle: 8, Best Model: 0
NAUTILUS=>2021-06-10 16:36:02.077758: Cycle: 8, Best model loss: [0.654043972492218, 0.37931105494499207, 0.28054389357566833, 0.20257416367530823, 0.14012426137924194]
NAUTILUS=>2021-06-10 16:36:02.077758: Cycle: 8, Best model accuracy: [0.7630330920219421, 0.864060640335083, 0.9023942351341248, 0.9298197031021118, 0.9519089460372925]
NAUTILUS=>2021-06-10 16:36:02.077758: Cycle: 8, Best model val_loss: [0.2445775270462036, 0.21062928438186646, 0.21765495836734772, 0.18015141785144806, 0.1797095090150833]
NAUTILUS=>2021-06-10 16:36:02.077758: Cycle: 8, Best model val_accuracy: [0.9088101387023926, 0.9225565195083618, 0.9199885725975037, 0.9370297789573669, 0.9432660937309265]
NAUTILUS=>2021-06-10 16:36:02.364185: Completed active learning cycle. Elapsed time: 0:02:12.173789
NAUTILUS=>2021-06-10 16:36:02.364202: ========> Active learning cycle: 9
NAUTILUS=>2021-06-10 16:36:02.364206: Starting data loading
NAUTILUS=>2021-06-10 16:36:31.613036: Completed data loading. Elapsed time: 0:00:29.248830
NAUTILUS=>2021-06-10 16:36:31.613054: Starting model selection
NAUTILUS=>2021-06-10 16:36:31.613070: Materializing training data
NAUTILUS=>2021-06-10 16:36:31.852282: Completed materializing training data. Elapsed time: 0:00:00.239212
NAUTILUS=>2021-06-10 16:36:31.852293: Generating intermediate features
NAUTILUS=>2021-06-10 16:36:40.454530: Completed generating intermediate features. Elapsed time: 0:00:08.602237
NAUTILUS=>2021-06-10 16:36:40.454549: Starting model training
NAUTILUS=>2021-06-10 16:38:50.611199: Completed model training. Elapsed time: 0:02:10.156650
NAUTILUS=>2021-06-10 16:38:50.611199: Cycle: 9, Model: 2, loss: [0.6743163466453552, 0.3931838870048523, 0.32056325674057007, 0.2694723606109619, 0.22806274890899658]
NAUTILUS=>2021-06-10 16:38:50.611199: Cycle: 9, Model: 2, accuracy: [0.7596201300621033, 0.8550928831100464, 0.8829255700111389, 0.905372679233551, 0.9221050143241882]
NAUTILUS=>2021-06-10 16:38:50.611199: Cycle: 9, Model: 2, val_loss: [0.2558806240558624, 0.20687782764434814, 0.20603102445602417, 0.18995775282382965, 0.17590771615505219]
NAUTILUS=>2021-06-10 16:38:50.611199: Cycle: 9, Model: 2, val_accuracy: [0.9093089699745178, 0.9257839918136597, 0.9262223243713379, 0.932966947555542, 0.9386937618255615]
NAUTILUS=>2021-06-10 16:38:50.611199: Cycle: 9, Model: 0, loss: [0.5951758623123169, 0.3451383113861084, 0.25947222113609314, 0.1897347867488861, 0.1292971670627594]
NAUTILUS=>2021-06-10 16:38:50.611199: Cycle: 9, Model: 0, accuracy: [0.7861077189445496, 0.8746044635772705, 0.9068388938903809, 0.9349791407585144, 0.9565369486808777]
NAUTILUS=>2021-06-10 16:38:50.611199: Cycle: 9, Model: 0, val_loss: [0.23761406540870667, 0.19240787625312805, 0.19850797951221466, 0.2005975991487503, 0.1770361214876175]
NAUTILUS=>2021-06-10 16:38:50.611199: Cycle: 9, Model: 0, val_accuracy: [0.913547933101654, 0.9303815364837646, 0.9236578345298767, 0.9337816834449768, 0.9442968368530273]
NAUTILUS=>2021-06-10 16:38:50.611199: Cycle: 9, Model: 1, loss: [0.623479962348938, 0.36327028274536133, 0.29056283831596375, 0.23415735363960266, 0.1828882396221161]
NAUTILUS=>2021-06-10 16:38:50.611199: Cycle: 9, Model: 1, accuracy: [0.7749956846237183, 0.8671345114707947, 0.8956854343414307, 0.9204205274581909, 0.9387878179550171]
NAUTILUS=>2021-06-10 16:38:50.611199: Cycle: 9, Model: 1, val_loss: [0.24451692402362823, 0.19648981094360352, 0.20620004832744598, 0.19921568036079407, 0.17028763890266418]
NAUTILUS=>2021-06-10 16:38:50.611199: Cycle: 9, Model: 1, val_accuracy: [0.9116186499595642, 0.9288692474365234, 0.9244014620780945, 0.9320302605628967, 0.9420937299728394]
NAUTILUS=>2021-06-10 16:38:50.611275: Starting to generating the best model
NAUTILUS=>2021-06-10 16:38:56.639562: Completed generating the best model. Elapsed time: 0:00:06.028287
NAUTILUS=>2021-06-10 16:38:56.639562: Cycle: 9, Best Model: 0
NAUTILUS=>2021-06-10 16:38:56.639562: Cycle: 9, Best model loss: [0.5951758623123169, 0.3451383113861084, 0.25947222113609314, 0.1897347867488861, 0.1292971670627594]
NAUTILUS=>2021-06-10 16:38:56.639562: Cycle: 9, Best model accuracy: [0.7861077189445496, 0.8746044635772705, 0.9068388938903809, 0.9349791407585144, 0.9565369486808777]
NAUTILUS=>2021-06-10 16:38:56.639562: Cycle: 9, Best model val_loss: [0.23761406540870667, 0.19240787625312805, 0.19850797951221466, 0.2005975991487503, 0.1770361214876175]
NAUTILUS=>2021-06-10 16:38:56.639562: Cycle: 9, Best model val_accuracy: [0.913547933101654, 0.9303815364837646, 0.9236578345298767, 0.9337816834449768, 0.9442968368530273]
NAUTILUS=>2021-06-10 16:38:56.932998: Completed active learning cycle. Elapsed time: 0:02:25.319944
NAUTILUS=>2021-06-10 16:38:56.933016: ========> Active learning cycle: 10
NAUTILUS=>2021-06-10 16:38:56.933019: Starting data loading
NAUTILUS=>2021-06-10 16:39:28.922444: Completed data loading. Elapsed time: 0:00:31.989425
NAUTILUS=>2021-06-10 16:39:28.922461: Starting model selection
NAUTILUS=>2021-06-10 16:39:28.922476: Materializing training data
NAUTILUS=>2021-06-10 16:39:29.151820: Completed materializing training data. Elapsed time: 0:00:00.229344
NAUTILUS=>2021-06-10 16:39:29.151831: Generating intermediate features
NAUTILUS=>2021-06-10 16:39:37.707837: Completed generating intermediate features. Elapsed time: 0:00:08.556006
NAUTILUS=>2021-06-10 16:39:37.707857: Starting model training
NAUTILUS=>2021-06-10 16:42:01.115406: Completed model training. Elapsed time: 0:02:23.407549
NAUTILUS=>2021-06-10 16:42:01.115406: Cycle: 10, Model: 2, loss: [0.6397338509559631, 0.3665023744106293, 0.3032926023006439, 0.2576110363006592, 0.21730366349220276]
NAUTILUS=>2021-06-10 16:42:01.115406: Cycle: 10, Model: 2, accuracy: [0.7773087620735168, 0.8680513501167297, 0.8954305648803711, 0.9138599634170532, 0.9274657964706421]
NAUTILUS=>2021-06-10 16:42:01.115406: Cycle: 10, Model: 2, val_loss: [0.26106134057044983, 0.22283951938152313, 0.19284653663635254, 0.1833268105983734, 0.17810793220996857]
NAUTILUS=>2021-06-10 16:42:01.115406: Cycle: 10, Model: 2, val_accuracy: [0.9068366289138794, 0.919502317905426, 0.9333155751228333, 0.9389310479164124, 0.9407603144645691]
NAUTILUS=>2021-06-10 16:42:01.115406: Cycle: 10, Model: 0, loss: [0.5601049661636353, 0.3222842216491699, 0.2484470158815384, 0.1753338873386383, 0.11559897661209106]
NAUTILUS=>2021-06-10 16:42:01.115406: Cycle: 10, Model: 0, accuracy: [0.8045268654823303, 0.8858466744422913, 0.9154539108276367, 0.9408453106880188, 0.9619157314300537]
NAUTILUS=>2021-06-10 16:42:01.115406: Cycle: 10, Model: 0, val_loss: [0.22003774344921112, 0.19051501154899597, 0.18270428478717804, 0.18296489119529724, 0.19777889549732208]
NAUTILUS=>2021-06-10 16:42:01.115406: Cycle: 10, Model: 0, val_accuracy: [0.9227659702301025, 0.935250461101532, 0.9404498934745789, 0.9460309743881226, 0.9402665495872498]
NAUTILUS=>2021-06-10 16:42:01.115406: Cycle: 10, Model: 1, loss: [0.5981229543685913, 0.3396078944206238, 0.2776705324649811, 0.2225923091173172, 0.1752101629972458]
NAUTILUS=>2021-06-10 16:42:01.115406: Cycle: 10, Model: 1, accuracy: [0.7914243340492249, 0.8794789910316467, 0.9053553342819214, 0.9256927967071533, 0.9424638748168945]
NAUTILUS=>2021-06-10 16:42:01.115406: Cycle: 10, Model: 1, val_loss: [0.2383403182029724, 0.20588696002960205, 0.18590597808361053, 0.1838112324476242, 0.1785835474729538]
NAUTILUS=>2021-06-10 16:42:01.115406: Cycle: 10, Model: 1, val_accuracy: [0.9142225384712219, 0.927834689617157, 0.9366399049758911, 0.9400425553321838, 0.9426876902580261]
NAUTILUS=>2021-06-10 16:42:01.115485: Starting to generating the best model
NAUTILUS=>2021-06-10 16:42:07.182895: Completed generating the best model. Elapsed time: 0:00:06.067410
NAUTILUS=>2021-06-10 16:42:07.182895: Cycle: 10, Best Model: 1
NAUTILUS=>2021-06-10 16:42:07.182895: Cycle: 10, Best model loss: [0.5981229543685913, 0.3396078944206238, 0.2776705324649811, 0.2225923091173172, 0.1752101629972458]
NAUTILUS=>2021-06-10 16:42:07.182895: Cycle: 10, Best model accuracy: [0.7914243340492249, 0.8794789910316467, 0.9053553342819214, 0.9256927967071533, 0.9424638748168945]
NAUTILUS=>2021-06-10 16:42:07.182895: Cycle: 10, Best model val_loss: [0.2383403182029724, 0.20588696002960205, 0.18590597808361053, 0.1838112324476242, 0.1785835474729538]
NAUTILUS=>2021-06-10 16:42:07.182895: Cycle: 10, Best model val_accuracy: [0.9142225384712219, 0.927834689617157, 0.9366399049758911, 0.9400425553321838, 0.9426876902580261]
NAUTILUS=>2021-06-10 16:42:07.470892: Completed active learning cycle. Elapsed time: 0:02:38.548431
NAUTILUS=>2021-06-10 16:42:07.470911: Workload completed. Elapsed time: 0:23:10.240634
